<?xml version="1.0" encoding="UTF-8"?>
<testsuites name="Run all test cases" time="5487.306" tests="50" failures="13" errors="0">
   <testsuite name="Run all test cases" tests="50" failures="13" errors="0" time="5487.306" skipped="0" timestamp="2022-01-15 23:48:26" hostname="LENOVO - host.docker.internal" id="Test Suites/Run all test cases">
      <properties>
         <property name="deviceName" value=""/>
         <property name="devicePlatform" value=""/>
         <property name="logFolder" value="D:\\Test-Automation-SE-Bonus\\Test-Automation-SE-Bonus\\Reports\\20220115_234816\\Run all test cases\\20220115_234816"/>
         <property name="logFiles" value="D:\\Test-Automation-SE-Bonus\\Test-Automation-SE-Bonus\\Reports\\20220115_234816\\Run all test cases\\20220115_234816\\execution0.log"/>
         <property name="attachments" value="D:\\Test-Automation-SE-Bonus\\Test-Automation-SE-Bonus\\Reports\\20220115_234816\\Run all test cases\\20220115_234816\\1642266099056.png, D:\\Test-Automation-SE-Bonus\\Test-Automation-SE-Bonus\\Reports\\20220115_234816\\Run all test cases\\20220115_234816\\1642266215243.png, D:\\Test-Automation-SE-Bonus\\Test-Automation-SE-Bonus\\Reports\\20220115_234816\\Run all test cases\\20220115_234816\\1642266354550.png, D:\\Test-Automation-SE-Bonus\\Test-Automation-SE-Bonus\\Reports\\20220115_234816\\Run all test cases\\20220115_234816\\1642266354694.png, D:\\Test-Automation-SE-Bonus\\Test-Automation-SE-Bonus\\Reports\\20220115_234816\\Run all test cases\\20220115_234816\\1642266517243.png, D:\\Test-Automation-SE-Bonus\\Test-Automation-SE-Bonus\\Reports\\20220115_234816\\Run all test cases\\20220115_234816\\1642266517387.png, D:\\Test-Automation-SE-Bonus\\Test-Automation-SE-Bonus\\Reports\\20220115_234816\\Run all test cases\\20220115_234816\\1642266525549.png, D:\\Test-Automation-SE-Bonus\\Test-Automation-SE-Bonus\\Reports\\20220115_234816\\Run all test cases\\20220115_234816\\1642266525703.png, D:\\Test-Automation-SE-Bonus\\Test-Automation-SE-Bonus\\Reports\\20220115_234816\\Run all test cases\\20220115_234816\\1642266534725.png, D:\\Test-Automation-SE-Bonus\\Test-Automation-SE-Bonus\\Reports\\20220115_234816\\Run all test cases\\20220115_234816\\1642266534883.png, D:\\Test-Automation-SE-Bonus\\Test-Automation-SE-Bonus\\Reports\\20220115_234816\\Run all test cases\\20220115_234816\\1642267066694.png, D:\\Test-Automation-SE-Bonus\\Test-Automation-SE-Bonus\\Reports\\20220115_234816\\Run all test cases\\20220115_234816\\1642267066867.png, D:\\Test-Automation-SE-Bonus\\Test-Automation-SE-Bonus\\Reports\\20220115_234816\\Run all test cases\\20220115_234816\\1642267077122.png, D:\\Test-Automation-SE-Bonus\\Test-Automation-SE-Bonus\\Reports\\20220115_234816\\Run all test cases\\20220115_234816\\1642267077293.png, D:\\Test-Automation-SE-Bonus\\Test-Automation-SE-Bonus\\Reports\\20220115_234816\\Run all test cases\\20220115_234816\\1642268801720.png, D:\\Test-Automation-SE-Bonus\\Test-Automation-SE-Bonus\\Reports\\20220115_234816\\Run all test cases\\20220115_234816\\1642268843104.png, D:\\Test-Automation-SE-Bonus\\Test-Automation-SE-Bonus\\Reports\\20220115_234816\\Run all test cases\\20220115_234816\\1642268903891.png, D:\\Test-Automation-SE-Bonus\\Test-Automation-SE-Bonus\\Reports\\20220115_234816\\Run all test cases\\20220115_234816\\1642268904213.png, D:\\Test-Automation-SE-Bonus\\Test-Automation-SE-Bonus\\Reports\\20220115_234816\\Run all test cases\\20220115_234816\\1642269434896.png, D:\\Test-Automation-SE-Bonus\\Test-Automation-SE-Bonus\\Reports\\20220115_234816\\Run all test cases\\20220115_234816\\1642269435058.png, D:\\Test-Automation-SE-Bonus\\Test-Automation-SE-Bonus\\Reports\\20220115_234816\\Run all test cases\\20220115_234816\\1642270273885.png"/>
         <property name="hostName" value="LENOVO - host.docker.internal"/>
         <property name="os" value="Windows 10 64bit"/>
         <property name="katalonVersion" value="8.2.0.208"/>
         <property name="browser" value="Chrome 97.0.4692.71"/>
         <property name="hostAddress" value="192.168.1.8"/>
         <property name="sessionId" value="b284d9726ea686519b82f5d0eac02cd9"/>
         <property name="seleniumVersion" value="3.141.59"/>
         <property name="proxyInformation" value="ProxyInformation { proxyOption=NO_PROXY, proxyServerType=HTTP, username=, password=********, proxyServerAddress=, proxyServerPort=0, executionList=&quot;&quot;, isApplyToDesiredCapabilities=true }"/>
         <property name="platform" value="Windows 10"/>
      </properties>
      <testcase name="Test Cases/test case 01" time="9.744" classname="Test Cases/test case 01" status="PASSED">
         <system-out><![CDATA[2022-01-15 23:48:26 - [TEST_CASE][PASSED] - Test Cases/test case 01: Test Cases/test case 01

2022-01-15 23:48:27 - [TEST_STEP][PASSED] - openBrowser(""): Browser is opened with url: ''

2022-01-15 23:48:27 - [MESSAGE][INFO] - Starting 'Chrome' driver

2022-01-15 23:48:27 - [MESSAGE][INFO] - Action delay is set to 0 milliseconds

2022-01-15 23:48:31 - [MESSAGE][PASSED] - Browser is opened with url: ''

2022-01-15 23:48:31 - [TEST_STEP][PASSED] - navigateToUrl("http://localhost/"): Navigate to 'http://localhost/' successfully

2022-01-15 23:48:32 - [MESSAGE][PASSED] - Navigate to 'http://localhost/' successfully

2022-01-15 23:48:32 - [TEST_STEP][PASSED] - click(findTestObject("Object Repository/Page_Moodle/a_Log in")): Object: 'Object Repository/Page_Moodle/a_Log in' is clicked on

2022-01-15 23:48:33 - [MESSAGE][PASSED] - Object: 'Object Repository/Page_Moodle/a_Log in' is clicked on

2022-01-15 23:48:33 - [TEST_STEP][PASSED] - setText(findTestObject("Object Repository/Page_Moodle Log in to the site/input_Username_username"), "admin"): Text 'admin' is set on object 'Object Repository/Page_Moodle Log in to the site/input_Username_username'

2022-01-15 23:48:34 - [MESSAGE][PASSED] - Text 'admin' is set on object 'Object Repository/Page_Moodle Log in to the site/input_Username_username'

2022-01-15 23:48:34 - [TEST_STEP][PASSED] - setEncryptedText(findTestObject("Object Repository/Page_Moodle Log in to the site/input_Password_password"), "r6H/uPCyCbQX7sAf5E1f3g=="): Text ****** has been set on object 'Object Repository/Page_Moodle Log in to the site/input_Password_password'

2022-01-15 23:48:34 - [MESSAGE][PASSED] - Text ****** has been set on object 'Object Repository/Page_Moodle Log in to the site/input_Password_password'

2022-01-15 23:48:34 - [TEST_STEP][PASSED] - click(findTestObject("Object Repository/Page_Moodle Log in to the site/button_Log in")): Object: 'Object Repository/Page_Moodle Log in to the site/button_Log in' is clicked on

2022-01-15 23:48:35 - [MESSAGE][PASSED] - Object: 'Object Repository/Page_Moodle Log in to the site/button_Log in' is clicked on

2022-01-15 23:48:35 - [TEST_STEP][PASSED] - closeBrowser(): Browser is closed

2022-01-15 23:48:36 - [MESSAGE][PASSED] - Browser is closed]]></system-out>
         <system-err><![CDATA[]]></system-err>
      </testcase>
      <testcase name="Test Cases/test case 02" time="6.423" classname="Test Cases/test case 02" status="PASSED">
         <system-out><![CDATA[2022-01-15 23:48:36 - [TEST_CASE][PASSED] - Test Cases/test case 02: Test Cases/test case 02

2022-01-15 23:48:36 - [TEST_STEP][PASSED] - openBrowser(""): Browser is opened with url: ''

2022-01-15 23:48:36 - [MESSAGE][INFO] - Starting 'Chrome' driver

2022-01-15 23:48:36 - [MESSAGE][INFO] - Action delay is set to 0 milliseconds

2022-01-15 23:48:38 - [MESSAGE][PASSED] - Browser is opened with url: ''

2022-01-15 23:48:38 - [TEST_STEP][PASSED] - navigateToUrl("http://localhost/"): Navigate to 'http://localhost/' successfully

2022-01-15 23:48:39 - [MESSAGE][PASSED] - Navigate to 'http://localhost/' successfully

2022-01-15 23:48:39 - [TEST_STEP][PASSED] - click(findTestObject("Object Repository/Page_Moodle/a_Log in")): Object: 'Object Repository/Page_Moodle/a_Log in' is clicked on

2022-01-15 23:48:40 - [MESSAGE][PASSED] - Object: 'Object Repository/Page_Moodle/a_Log in' is clicked on

2022-01-15 23:48:40 - [TEST_STEP][PASSED] - setText(findTestObject("Object Repository/Page_Moodle Log in to the site/input_Username_username"), "qmkhoi19"): Text 'qmkhoi19' is set on object 'Object Repository/Page_Moodle Log in to the site/input_Username_username'

2022-01-15 23:48:41 - [MESSAGE][PASSED] - Text 'qmkhoi19' is set on object 'Object Repository/Page_Moodle Log in to the site/input_Username_username'

2022-01-15 23:48:41 - [TEST_STEP][PASSED] - setEncryptedText(findTestObject("Object Repository/Page_Moodle Log in to the site/input_Password_password"), "eiP2h/EMT1hJlGmKEGA7sg=="): Text ****** has been set on object 'Object Repository/Page_Moodle Log in to the site/input_Password_password'

2022-01-15 23:48:41 - [MESSAGE][PASSED] - Text ****** has been set on object 'Object Repository/Page_Moodle Log in to the site/input_Password_password'

2022-01-15 23:48:41 - [TEST_STEP][PASSED] - click(findTestObject("Object Repository/Page_Moodle Log in to the site/button_Log in")): Object: 'Object Repository/Page_Moodle Log in to the site/button_Log in' is clicked on

2022-01-15 23:48:42 - [MESSAGE][PASSED] - Object: 'Object Repository/Page_Moodle Log in to the site/button_Log in' is clicked on

2022-01-15 23:48:42 - [TEST_STEP][PASSED] - closeBrowser(): Browser is closed

2022-01-15 23:48:43 - [MESSAGE][PASSED] - Browser is closed]]></system-out>
         <system-err><![CDATA[]]></system-err>
      </testcase>
      <testcase name="Test Cases/test case 03" time="6.091" classname="Test Cases/test case 03" status="PASSED">
         <system-out><![CDATA[2022-01-15 23:48:43 - [TEST_CASE][PASSED] - Test Cases/test case 03: Test Cases/test case 03

2022-01-15 23:48:43 - [TEST_STEP][PASSED] - openBrowser(""): Browser is opened with url: ''

2022-01-15 23:48:43 - [MESSAGE][INFO] - Starting 'Chrome' driver

2022-01-15 23:48:43 - [MESSAGE][INFO] - Action delay is set to 0 milliseconds

2022-01-15 23:48:44 - [MESSAGE][PASSED] - Browser is opened with url: ''

2022-01-15 23:48:44 - [TEST_STEP][PASSED] - navigateToUrl("http://localhost/"): Navigate to 'http://localhost/' successfully

2022-01-15 23:48:45 - [MESSAGE][PASSED] - Navigate to 'http://localhost/' successfully

2022-01-15 23:48:45 - [TEST_STEP][PASSED] - click(findTestObject("Object Repository/Page_Moodle/a_Log in")): Object: 'Object Repository/Page_Moodle/a_Log in' is clicked on

2022-01-15 23:48:46 - [MESSAGE][PASSED] - Object: 'Object Repository/Page_Moodle/a_Log in' is clicked on

2022-01-15 23:48:46 - [TEST_STEP][PASSED] - setText(findTestObject("Object Repository/Page_Moodle Log in to the site/input_Username_username"), "tmtriet"): Text 'tmtriet' is set on object 'Object Repository/Page_Moodle Log in to the site/input_Username_username'

2022-01-15 23:48:47 - [MESSAGE][PASSED] - Text 'tmtriet' is set on object 'Object Repository/Page_Moodle Log in to the site/input_Username_username'

2022-01-15 23:48:47 - [TEST_STEP][PASSED] - setEncryptedText(findTestObject("Object Repository/Page_Moodle Log in to the site/input_Password_password"), "7zaGmpS+cDNyF13apsNnmA=="): Text ****** has been set on object 'Object Repository/Page_Moodle Log in to the site/input_Password_password'

2022-01-15 23:48:47 - [MESSAGE][PASSED] - Text ****** has been set on object 'Object Repository/Page_Moodle Log in to the site/input_Password_password'

2022-01-15 23:48:47 - [TEST_STEP][PASSED] - click(findTestObject("Object Repository/Page_Moodle Log in to the site/button_Log in")): Object: 'Object Repository/Page_Moodle Log in to the site/button_Log in' is clicked on

2022-01-15 23:48:48 - [MESSAGE][PASSED] - Object: 'Object Repository/Page_Moodle Log in to the site/button_Log in' is clicked on

2022-01-15 23:48:48 - [TEST_STEP][PASSED] - closeBrowser(): Browser is closed

2022-01-15 23:48:49 - [MESSAGE][PASSED] - Browser is closed]]></system-out>
         <system-err><![CDATA[]]></system-err>
      </testcase>
      <testcase name="Test Cases/test case 04" time="5.12" classname="Test Cases/test case 04" status="PASSED">
         <system-out><![CDATA[2022-01-15 23:48:49 - [TEST_CASE][PASSED] - Test Cases/test case 04: Test Cases/test case 04

2022-01-15 23:48:49 - [TEST_STEP][PASSED] - openBrowser(""): Browser is opened with url: ''

2022-01-15 23:48:49 - [MESSAGE][INFO] - Starting 'Chrome' driver

2022-01-15 23:48:49 - [MESSAGE][INFO] - Action delay is set to 0 milliseconds

2022-01-15 23:48:50 - [MESSAGE][PASSED] - Browser is opened with url: ''

2022-01-15 23:48:50 - [TEST_STEP][PASSED] - navigateToUrl("http://localhost/"): Navigate to 'http://localhost/' successfully

2022-01-15 23:48:52 - [MESSAGE][PASSED] - Navigate to 'http://localhost/' successfully

2022-01-15 23:48:52 - [TEST_STEP][PASSED] - click(findTestObject("Object Repository/Page_Moodle/a_Log in")): Object: 'Object Repository/Page_Moodle/a_Log in' is clicked on

2022-01-15 23:48:52 - [MESSAGE][PASSED] - Object: 'Object Repository/Page_Moodle/a_Log in' is clicked on

2022-01-15 23:48:52 - [TEST_STEP][PASSED] - click(findTestObject("Object Repository/Page_Moodle Log in to the site/button_Log in")): Object: 'Object Repository/Page_Moodle Log in to the site/button_Log in' is clicked on

2022-01-15 23:48:53 - [MESSAGE][PASSED] - Object: 'Object Repository/Page_Moodle Log in to the site/button_Log in' is clicked on

2022-01-15 23:48:53 - [TEST_STEP][PASSED] - closeBrowser(): Browser is closed

2022-01-15 23:48:54 - [MESSAGE][PASSED] - Browser is closed]]></system-out>
         <system-err><![CDATA[]]></system-err>
      </testcase>
      <testcase name="Test Cases/test case 05" time="5.829" classname="Test Cases/test case 05" status="PASSED">
         <system-out><![CDATA[2022-01-15 23:48:54 - [TEST_CASE][PASSED] - Test Cases/test case 05: Test Cases/test case 05

2022-01-15 23:48:54 - [TEST_STEP][PASSED] - openBrowser(""): Browser is opened with url: ''

2022-01-15 23:48:54 - [MESSAGE][INFO] - Starting 'Chrome' driver

2022-01-15 23:48:54 - [MESSAGE][INFO] - Action delay is set to 0 milliseconds

2022-01-15 23:48:56 - [MESSAGE][PASSED] - Browser is opened with url: ''

2022-01-15 23:48:56 - [TEST_STEP][PASSED] - navigateToUrl("http://localhost/"): Navigate to 'http://localhost/' successfully

2022-01-15 23:48:57 - [MESSAGE][PASSED] - Navigate to 'http://localhost/' successfully

2022-01-15 23:48:57 - [TEST_STEP][PASSED] - click(findTestObject("Object Repository/Page_Moodle/a_Log in")): Object: 'Object Repository/Page_Moodle/a_Log in' is clicked on

2022-01-15 23:48:58 - [MESSAGE][PASSED] - Object: 'Object Repository/Page_Moodle/a_Log in' is clicked on

2022-01-15 23:48:58 - [TEST_STEP][PASSED] - click(findTestObject("Object Repository/Page_Moodle Log in to the site/button_Log in as a guest")): Object: 'Object Repository/Page_Moodle Log in to the site/button_Log in as a guest' is clicked on

2022-01-15 23:48:59 - [MESSAGE][PASSED] - Object: 'Object Repository/Page_Moodle Log in to the site/button_Log in as a guest' is clicked on

2022-01-15 23:48:59 - [TEST_STEP][PASSED] - closeBrowser(): Browser is closed

2022-01-15 23:49:00 - [MESSAGE][PASSED] - Browser is closed]]></system-out>
         <system-err><![CDATA[]]></system-err>
      </testcase>
      <testcase name="Test Cases/test case 06" time="354.457" classname="Test Cases/test case 06" status="PASSED">
         <system-out><![CDATA[2022-01-15 23:49:00 - [TEST_CASE][PASSED] - Test Cases/test case 06: Test Cases/test case 06

2022-01-15 23:49:00 - [TEST_STEP][PASSED] - openBrowser(""): Browser is opened with url: ''

2022-01-15 23:49:00 - [MESSAGE][INFO] - Starting 'Chrome' driver

2022-01-15 23:49:00 - [MESSAGE][INFO] - Action delay is set to 0 milliseconds

2022-01-15 23:49:01 - [MESSAGE][PASSED] - Browser is opened with url: ''

2022-01-15 23:49:01 - [TEST_STEP][PASSED] - navigateToUrl("http://localhost/"): Navigate to 'http://localhost/' successfully

2022-01-15 23:49:03 - [MESSAGE][PASSED] - Navigate to 'http://localhost/' successfully

2022-01-15 23:49:03 - [TEST_STEP][PASSED] - click(findTestObject("Object Repository/Page_Moodle/a_Log in")): Object: 'Object Repository/Page_Moodle/a_Log in' is clicked on

2022-01-15 23:49:03 - [MESSAGE][PASSED] - Object: 'Object Repository/Page_Moodle/a_Log in' is clicked on

2022-01-15 23:49:03 - [TEST_STEP][PASSED] - setText(findTestObject("Object Repository/Page_Moodle Log in to the site/input_Username_username"), "admin"): Text 'admin' is set on object 'Object Repository/Page_Moodle Log in to the site/input_Username_username'

2022-01-15 23:49:04 - [MESSAGE][PASSED] - Text 'admin' is set on object 'Object Repository/Page_Moodle Log in to the site/input_Username_username'

2022-01-15 23:49:04 - [TEST_STEP][PASSED] - setEncryptedText(findTestObject("Object Repository/Page_Moodle Log in to the site/input_Password_password"), "r6H/uPCyCbQX7sAf5E1f3g=="): Text ****** has been set on object 'Object Repository/Page_Moodle Log in to the site/input_Password_password'

2022-01-15 23:49:05 - [MESSAGE][PASSED] - Text ****** has been set on object 'Object Repository/Page_Moodle Log in to the site/input_Password_password'

2022-01-15 23:49:05 - [TEST_STEP][PASSED] - click(findTestObject("Object Repository/Page_Moodle Log in to the site/button_Log in")): Object: 'Object Repository/Page_Moodle Log in to the site/button_Log in' is clicked on

2022-01-15 23:49:06 - [MESSAGE][PASSED] - Object: 'Object Repository/Page_Moodle Log in to the site/button_Log in' is clicked on

2022-01-15 23:49:06 - [TEST_STEP][PASSED] - click(findTestObject("Object Repository/Page_Dashboard/span_Site administration")): Object: 'Object Repository/Page_Dashboard/span_Site administration' is clicked on

2022-01-15 23:49:08 - [MESSAGE][PASSED] - Object: 'Object Repository/Page_Dashboard/span_Site administration' is clicked on

2022-01-15 23:49:08 - [TEST_STEP][PASSED] - click(findTestObject("Object Repository/Page_Mood Administration Search/a_Users")): Object: 'Object Repository/Page_Mood Administration Search/a_Users' is clicked on

2022-01-15 23:49:08 - [MESSAGE][PASSED] - Object: 'Object Repository/Page_Mood Administration Search/a_Users' is clicked on

2022-01-15 23:49:08 - [TEST_STEP][PASSED] - click(findTestObject("Object Repository/Page_Mood Administration Search/a_Add a new user")): Object: 'Object Repository/Page_Mood Administration Search/a_Add a new user' is clicked on

2022-01-15 23:49:10 - [MESSAGE][PASSED] - Object: 'Object Repository/Page_Mood Administration Search/a_Add a new user' is clicked on

2022-01-15 23:49:10 - [TEST_STEP][PASSED] - waitForElementVisible(findTestObject("Object Repository/Page_Mood Administration Users Accounts Add_0e8dec/label_Username"), 0): Object 'Object Repository/Page_Mood Administration Users Accounts Add_0e8dec/label_Username' is visible

2022-01-15 23:49:10 - [MESSAGE][WARNING] - Timeout '0' is invalid. Using default page load timeout: '30'

2022-01-15 23:49:11 - [MESSAGE][PASSED] - Object 'Object Repository/Page_Mood Administration Users Accounts Add_0e8dec/label_Username' is visible

2022-01-15 23:49:11 - [TEST_STEP][PASSED] - setText(findTestObject("Object Repository/Page_Mood Administration Users Accounts Add_0e8dec/input_Username_username"), "dddinh"): Text 'dddinh' is set on object 'Object Repository/Page_Mood Administration Users Accounts Add_0e8dec/input_Username_username'

2022-01-15 23:49:12 - [MESSAGE][PASSED] - Text 'dddinh' is set on object 'Object Repository/Page_Mood Administration Users Accounts Add_0e8dec/input_Username_username'

2022-01-15 23:49:12 - [TEST_STEP][PASSED] - waitForElementVisible(findTestObject("Object Repository/Page_Mood Administration Users Accounts Add_0e8dec/label_New password"), 0): Object 'Object Repository/Page_Mood Administration Users Accounts Add_0e8dec/label_New password' is visible

2022-01-15 23:49:12 - [MESSAGE][WARNING] - Timeout '0' is invalid. Using default page load timeout: '30'

2022-01-15 23:49:12 - [MESSAGE][PASSED] - Object 'Object Repository/Page_Mood Administration Users Accounts Add_0e8dec/label_New password' is visible

2022-01-15 23:49:12 - [TEST_STEP][PASSED] - click(findTestObject("Object Repository/Page_Mood Administration Users Accounts Add_0e8dec/em_Click to enter text")): Object: 'Object Repository/Page_Mood Administration Users Accounts Add_0e8dec/em_Click to enter text' is clicked on

2022-01-15 23:49:43 - [MESSAGE][INFO] - Unable to find the element located by 'By.xpath: //a[@id='yui_3_17_2_1_1642242441890_767']/span/span/em'. Please recheck the objects properties to make sure the desired element is located. 

2022-01-15 23:49:43 - [MESSAGE][WARNING] - [SELF-HEALING] Failed to find element with id 'Object Repository/Page_Mood Administration Users Accounts Add_0e8dec/em_Click to enter text'. Try using Self-healing.

2022-01-15 23:49:43 - [MESSAGE][WARNING] - [SELF-HEALING] The current locator of test object 'Object Repository/Page_Mood Administration Users Accounts Add_0e8dec/em_Click to enter text' was broken. Propose an alternative one: '(.//*[normalize-space(text()) and normalize-space(.)='New password'])[1]/following::em[1]'.

2022-01-15 23:49:43 - [MESSAGE][PASSED] - Object: 'Object Repository/Page_Mood Administration Users Accounts Add_0e8dec/em_Click to enter text' is clicked on

2022-01-15 23:49:43 - [TEST_STEP][PASSED] - setEncryptedText(findTestObject("Object Repository/Page_Mood Administration Users Accounts Add_0e8dec/input_New password_newpassword"), "o9w1gihRZMDFxbRmKPFkOQ=="): Text ****** has been set on object 'Object Repository/Page_Mood Administration Users Accounts Add_0e8dec/input_New password_newpassword'

2022-01-15 23:49:44 - [MESSAGE][PASSED] - Text ****** has been set on object 'Object Repository/Page_Mood Administration Users Accounts Add_0e8dec/input_New password_newpassword'

2022-01-15 23:49:44 - [TEST_STEP][PASSED] - setText(findTestObject("Object Repository/Page_Mood Administration Users Accounts Add_0e8dec/input_First name_firstname"), "Dinh Dang"): Text 'Dinh Dang' is set on object 'Object Repository/Page_Mood Administration Users Accounts Add_0e8dec/input_First name_firstname'

2022-01-15 23:49:45 - [MESSAGE][PASSED] - Text 'Dinh Dang' is set on object 'Object Repository/Page_Mood Administration Users Accounts Add_0e8dec/input_First name_firstname'

2022-01-15 23:49:45 - [TEST_STEP][PASSED] - setText(findTestObject("Object Repository/Page_Mood Administration Users Accounts Add_0e8dec/input_Surname_lastname"), "Dinh"): Text 'Dinh' is set on object 'Object Repository/Page_Mood Administration Users Accounts Add_0e8dec/input_Surname_lastname'

2022-01-15 23:49:46 - [MESSAGE][PASSED] - Text 'Dinh' is set on object 'Object Repository/Page_Mood Administration Users Accounts Add_0e8dec/input_Surname_lastname'

2022-01-15 23:49:46 - [TEST_STEP][PASSED] - setText(findTestObject("Object Repository/Page_Mood Administration Users Accounts Add_0e8dec/input_Email address_email"), "dddinh19@gmail.com"): Text 'dddinh19@gmail.com' is set on object 'Object Repository/Page_Mood Administration Users Accounts Add_0e8dec/input_Email address_email'

2022-01-15 23:49:46 - [MESSAGE][PASSED] - Text 'dddinh19@gmail.com' is set on object 'Object Repository/Page_Mood Administration Users Accounts Add_0e8dec/input_Email address_email'

2022-01-15 23:49:46 - [TEST_STEP][PASSED] - waitForElementVisible(findTestObject("Object Repository/Page_Mood Administration Users Accounts Add_0e8dec/input_Address_submitbutton"), 0): Object 'Object Repository/Page_Mood Administration Users Accounts Add_0e8dec/input_Address_submitbutton' is visible

2022-01-15 23:49:47 - [MESSAGE][WARNING] - Timeout '0' is invalid. Using default page load timeout: '30'

2022-01-15 23:49:47 - [MESSAGE][PASSED] - Object 'Object Repository/Page_Mood Administration Users Accounts Add_0e8dec/input_Address_submitbutton' is visible

2022-01-15 23:49:47 - [TEST_STEP][PASSED] - click(findTestObject("Object Repository/Page_Mood Administration Users Accounts Add_0e8dec/input_Address_submitbutton")): Object: 'Object Repository/Page_Mood Administration Users Accounts Add_0e8dec/input_Address_submitbutton' is clicked on

2022-01-15 23:49:49 - [MESSAGE][PASSED] - Object: 'Object Repository/Page_Mood Administration Users Accounts Add_0e8dec/input_Address_submitbutton' is clicked on

2022-01-15 23:49:49 - [TEST_STEP][PASSED] - waitForElementVisible(findTestObject("Object Repository/Page_Mood Administration Users Accounts Bro_af2de9/td_dddinh19gmail.com"), 0): Object 'Object Repository/Page_Mood Administration Users Accounts Bro_af2de9/td_dddinh19gmail.com' is visible

2022-01-15 23:49:49 - [MESSAGE][WARNING] - Timeout '0' is invalid. Using default page load timeout: '30'

2022-01-15 23:49:49 - [MESSAGE][PASSED] - Object 'Object Repository/Page_Mood Administration Users Accounts Bro_af2de9/td_dddinh19gmail.com' is visible

2022-01-15 23:49:49 - [TEST_STEP][PASSED] - click(findTestObject("Object Repository/Page_Mood Administration Users Accounts Bro_af2de9/a_Dinh Dang Dinh")): Object: 'Object Repository/Page_Mood Administration Users Accounts Bro_af2de9/a_Dinh Dang Dinh' is clicked on

2022-01-15 23:50:21 - [MESSAGE][INFO] - Unable to find the element located by 'By.xpath: //a[@id='yui_3_17_2_1_1642174179288_555']'. Please recheck the objects properties to make sure the desired element is located. 

2022-01-15 23:50:21 - [MESSAGE][WARNING] - [SELF-HEALING] Failed to find element with id 'Object Repository/Page_Mood Administration Users Accounts Bro_af2de9/a_Dinh Dang Dinh'. Try using Self-healing.

2022-01-15 23:50:21 - [MESSAGE][WARNING] - [SELF-HEALING] The current locator of test object 'Object Repository/Page_Mood Administration Users Accounts Bro_af2de9/a_Dinh Dang Dinh' was broken. Propose an alternative one: '//a[contains(text(),'Dinh Dang Dinh')]'.

2022-01-15 23:50:21 - [MESSAGE][PASSED] - Object: 'Object Repository/Page_Mood Administration Users Accounts Bro_af2de9/a_Dinh Dang Dinh' is clicked on

2022-01-15 23:50:21 - [TEST_STEP][PASSED] - click(findTestObject("Object Repository/Page_Dinh Dang Dinh Public profile/a_Users")): Object: 'Object Repository/Page_Dinh Dang Dinh Public profile/a_Users' is clicked on

2022-01-15 23:50:22 - [MESSAGE][PASSED] - Object: 'Object Repository/Page_Dinh Dang Dinh Public profile/a_Users' is clicked on

2022-01-15 23:50:22 - [TEST_STEP][PASSED] - waitForElementVisible(findTestObject("Object Repository/Page_Mood Participants/td_No groups"), 0): Object 'Object Repository/Page_Mood Participants/td_No groups' is visible

2022-01-15 23:50:23 - [MESSAGE][WARNING] - Timeout '0' is invalid. Using default page load timeout: '30'

2022-01-15 23:50:23 - [MESSAGE][PASSED] - Object 'Object Repository/Page_Mood Participants/td_No groups' is visible

2022-01-15 23:50:23 - [TEST_STEP][PASSED] - click(findTestObject("Object Repository/Page_Mood Participants/a_No roles")): Object: 'Object Repository/Page_Mood Participants/a_No roles' is clicked on

2022-01-15 23:50:23 - [MESSAGE][PASSED] - Object: 'Object Repository/Page_Mood Participants/a_No roles' is clicked on

2022-01-15 23:50:23 - [TEST_STEP][PASSED] - click(findTestObject("Object Repository/Page_Mood Participants/span_")): Object: 'Object Repository/Page_Mood Participants/span_' is clicked on

2022-01-15 23:50:54 - [MESSAGE][INFO] - Unable to find the element located by 'By.xpath: //span[@id='form_autocomplete_downarrow-1642174222631']'. Please recheck the objects properties to make sure the desired element is located. 

2022-01-15 23:50:54 - [MESSAGE][WARNING] - [SELF-HEALING] Failed to find element with id 'Object Repository/Page_Mood Participants/span_'. Try using Self-healing.

2022-01-15 23:50:55 - [MESSAGE][WARNING] - [SELF-HEALING] The current locator of test object 'Object Repository/Page_Mood Participants/span_' was broken. Propose an alternative one: '(.//*[normalize-space(text()) and normalize-space(.)='Selected items:'])[1]/following::span[2]'.

2022-01-15 23:50:55 - [MESSAGE][PASSED] - Object: 'Object Repository/Page_Mood Participants/span_' is clicked on

2022-01-15 23:50:55 - [TEST_STEP][PASSED] - click(findTestObject("Object Repository/Page_Mood Participants/li_Student")): Object: 'Object Repository/Page_Mood Participants/li_Student' is clicked on

2022-01-15 23:50:55 - [MESSAGE][PASSED] - Object: 'Object Repository/Page_Mood Participants/li_Student' is clicked on

2022-01-15 23:50:55 - [TEST_STEP][PASSED] - selectOptionByValue(findTestObject("Object Repository/Page_Mood Participants/select_ManagerTeacherNon-editing teacherStudent"), "5", true): All options with value '5' are selected in object 'Object Repository/Page_Mood Participants/select_ManagerTeacherNon-editing teacherStudent'  using regular expression

2022-01-15 23:51:27 - [MESSAGE][INFO] - Unable to find the element located by 'By.xpath: //select[@id='id_inplacevalue_74133699509967380152']'. Please recheck the objects properties to make sure the desired element is located. 

2022-01-15 23:51:27 - [MESSAGE][WARNING] - [SELF-HEALING] Failed to find element with id 'Object Repository/Page_Mood Participants/select_ManagerTeacherNon-editing teacherStudent'. Try using Self-healing.

2022-01-15 23:51:27 - [MESSAGE][WARNING] - [SELF-HEALING] The current locator of test object 'Object Repository/Page_Mood Participants/select_ManagerTeacherNon-editing teacherStudent' was broken. Propose an alternative one: '(.//*[normalize-space(text()) and normalize-space(.)=concat('Dinh Dang Dinh', "'", 's role assignments')])[1]/following::select[1]'.

2022-01-15 23:51:27 - [MESSAGE][PASSED] - All options with value '5' are selected in object 'Object Repository/Page_Mood Participants/select_ManagerTeacherNon-editing teacherStudent'  using regular expression

2022-01-15 23:51:27 - [TEST_STEP][PASSED] - selectOptionByValue(findTestObject("Object Repository/Page_Mood Participants/select_ManagerTeacherNon-editing teacherStudent"), "5", true): All options with value '5' are selected in object 'Object Repository/Page_Mood Participants/select_ManagerTeacherNon-editing teacherStudent'  using regular expression

2022-01-15 23:51:59 - [MESSAGE][INFO] - Unable to find the element located by 'By.xpath: //select[@id='id_inplacevalue_74133699509967380152']'. Please recheck the objects properties to make sure the desired element is located. 

2022-01-15 23:51:59 - [MESSAGE][WARNING] - [SELF-HEALING] Failed to find element with id 'Object Repository/Page_Mood Participants/select_ManagerTeacherNon-editing teacherStudent'. Try using Self-healing.

2022-01-15 23:51:59 - [MESSAGE][WARNING] - [SELF-HEALING] The current locator of test object 'Object Repository/Page_Mood Participants/select_ManagerTeacherNon-editing teacherStudent' was broken. Propose an alternative one: '(.//*[normalize-space(text()) and normalize-space(.)=concat('Dinh Dang Dinh', "'", 's role assignments')])[1]/following::select[1]'.

2022-01-15 23:51:59 - [MESSAGE][PASSED] - All options with value '5' are selected in object 'Object Repository/Page_Mood Participants/select_ManagerTeacherNon-editing teacherStudent'  using regular expression

2022-01-15 23:51:59 - [TEST_STEP][PASSED] - selectOptionByValue(findTestObject("Object Repository/Page_Mood Participants/select_ManagerTeacherNon-editing teacherStudent"), "5", true): All options with value '5' are selected in object 'Object Repository/Page_Mood Participants/select_ManagerTeacherNon-editing teacherStudent'  using regular expression

2022-01-15 23:52:30 - [MESSAGE][INFO] - Unable to find the element located by 'By.xpath: //select[@id='id_inplacevalue_74133699509967380152']'. Please recheck the objects properties to make sure the desired element is located. 

2022-01-15 23:52:30 - [MESSAGE][WARNING] - [SELF-HEALING] Failed to find element with id 'Object Repository/Page_Mood Participants/select_ManagerTeacherNon-editing teacherStudent'. Try using Self-healing.

2022-01-15 23:52:31 - [MESSAGE][WARNING] - [SELF-HEALING] The current locator of test object 'Object Repository/Page_Mood Participants/select_ManagerTeacherNon-editing teacherStudent' was broken. Propose an alternative one: '(.//*[normalize-space(text()) and normalize-space(.)=concat('Dinh Dang Dinh', "'", 's role assignments')])[1]/following::select[1]'.

2022-01-15 23:52:31 - [MESSAGE][PASSED] - All options with value '5' are selected in object 'Object Repository/Page_Mood Participants/select_ManagerTeacherNon-editing teacherStudent'  using regular expression

2022-01-15 23:52:31 - [TEST_STEP][PASSED] - selectOptionByValue(findTestObject("Object Repository/Page_Mood Participants/select_ManagerTeacherNon-editing teacherStudent"), "5", true): All options with value '5' are selected in object 'Object Repository/Page_Mood Participants/select_ManagerTeacherNon-editing teacherStudent'  using regular expression

2022-01-15 23:53:02 - [MESSAGE][INFO] - Unable to find the element located by 'By.xpath: //select[@id='id_inplacevalue_74133699509967380152']'. Please recheck the objects properties to make sure the desired element is located. 

2022-01-15 23:53:02 - [MESSAGE][WARNING] - [SELF-HEALING] Failed to find element with id 'Object Repository/Page_Mood Participants/select_ManagerTeacherNon-editing teacherStudent'. Try using Self-healing.

2022-01-15 23:53:03 - [MESSAGE][WARNING] - [SELF-HEALING] The current locator of test object 'Object Repository/Page_Mood Participants/select_ManagerTeacherNon-editing teacherStudent' was broken. Propose an alternative one: '(.//*[normalize-space(text()) and normalize-space(.)=concat('Dinh Dang Dinh', "'", 's role assignments')])[1]/following::select[1]'.

2022-01-15 23:53:03 - [MESSAGE][PASSED] - All options with value '5' are selected in object 'Object Repository/Page_Mood Participants/select_ManagerTeacherNon-editing teacherStudent'  using regular expression

2022-01-15 23:53:03 - [TEST_STEP][PASSED] - click(findTestObject("Object Repository/Page_Mood Participants/i_concat(Dinh Dang Dinh, , s role assignmen_ff9324")): Object: 'Object Repository/Page_Mood Participants/i_concat(Dinh Dang Dinh, , s role assignmen_ff9324' is clicked on

2022-01-15 23:53:34 - [MESSAGE][INFO] - Unable to find the element located by 'By.xpath: //span[@id='yui_3_17_2_1_1642174222490_21']/a/i'. Please recheck the objects properties to make sure the desired element is located. 

2022-01-15 23:53:34 - [MESSAGE][WARNING] - [SELF-HEALING] Failed to find element with id 'Object Repository/Page_Mood Participants/i_concat(Dinh Dang Dinh, , s role assignmen_ff9324'. Try using Self-healing.

2022-01-15 23:53:34 - [MESSAGE][WARNING] - [SELF-HEALING] The current locator of test object 'Object Repository/Page_Mood Participants/i_concat(Dinh Dang Dinh, , s role assignmen_ff9324' was broken. Propose an alternative one: '//span/a/i'.

2022-01-15 23:53:35 - [MESSAGE][PASSED] - Object: 'Object Repository/Page_Mood Participants/i_concat(Dinh Dang Dinh, , s role assignmen_ff9324' is clicked on

2022-01-15 23:53:35 - [TEST_STEP][PASSED] - click(findTestObject("Object Repository/Page_Mood Participants/a_Admin User")): Object: 'Object Repository/Page_Mood Participants/a_Admin User' is clicked on

2022-01-15 23:53:35 - [MESSAGE][PASSED] - Object: 'Object Repository/Page_Mood Participants/a_Admin User' is clicked on

2022-01-15 23:53:35 - [TEST_STEP][PASSED] - click(findTestObject("Object Repository/Page_Mood Participants/span_Log out")): Object: 'Object Repository/Page_Mood Participants/span_Log out' is clicked on

2022-01-15 23:53:36 - [MESSAGE][PASSED] - Object: 'Object Repository/Page_Mood Participants/span_Log out' is clicked on

2022-01-15 23:53:36 - [TEST_STEP][PASSED] - click(findTestObject("Object Repository/Page_Moodle/a_Log in")): Object: 'Object Repository/Page_Moodle/a_Log in' is clicked on

2022-01-15 23:53:37 - [MESSAGE][PASSED] - Object: 'Object Repository/Page_Moodle/a_Log in' is clicked on

2022-01-15 23:53:37 - [TEST_STEP][PASSED] - setText(findTestObject("Object Repository/Page_Moodle Log in to the site/input_Username_username"), "dddinh"): Text 'dddinh' is set on object 'Object Repository/Page_Moodle Log in to the site/input_Username_username'

2022-01-15 23:53:38 - [MESSAGE][PASSED] - Text 'dddinh' is set on object 'Object Repository/Page_Moodle Log in to the site/input_Username_username'

2022-01-15 23:53:38 - [TEST_STEP][PASSED] - setEncryptedText(findTestObject("Object Repository/Page_Moodle Log in to the site/input_Password_password"), "o9w1gihRZMDFxbRmKPFkOQ=="): Text ****** has been set on object 'Object Repository/Page_Moodle Log in to the site/input_Password_password'

2022-01-15 23:53:38 - [MESSAGE][PASSED] - Text ****** has been set on object 'Object Repository/Page_Moodle Log in to the site/input_Password_password'

2022-01-15 23:53:38 - [TEST_STEP][PASSED] - click(findTestObject("Object Repository/Page_Moodle Log in to the site/button_Log in")): Object: 'Object Repository/Page_Moodle Log in to the site/button_Log in' is clicked on

2022-01-15 23:53:39 - [MESSAGE][PASSED] - Object: 'Object Repository/Page_Moodle Log in to the site/button_Log in' is clicked on

2022-01-15 23:53:39 - [TEST_STEP][PASSED] - click(findTestObject("Object Repository/Page_Dashboard/a_Dinh Dang Dinh")): Object: 'Object Repository/Page_Dashboard/a_Dinh Dang Dinh' is clicked on

2022-01-15 23:53:41 - [MESSAGE][PASSED] - Object: 'Object Repository/Page_Dashboard/a_Dinh Dang Dinh' is clicked on

2022-01-15 23:53:41 - [TEST_STEP][PASSED] - click(findTestObject("Object Repository/Page_Dashboard/span_Log out")): Object: 'Object Repository/Page_Dashboard/span_Log out' is clicked on

2022-01-15 23:53:42 - [MESSAGE][PASSED] - Object: 'Object Repository/Page_Dashboard/span_Log out' is clicked on

2022-01-15 23:53:42 - [TEST_STEP][PASSED] - click(findTestObject("Object Repository/Page_Moodle/a_Log in")): Object: 'Object Repository/Page_Moodle/a_Log in' is clicked on

2022-01-15 23:53:42 - [MESSAGE][PASSED] - Object: 'Object Repository/Page_Moodle/a_Log in' is clicked on

2022-01-15 23:53:42 - [TEST_STEP][PASSED] - setText(findTestObject("Object Repository/Page_Moodle Log in to the site/input_Username_username"), "admin"): Text 'admin' is set on object 'Object Repository/Page_Moodle Log in to the site/input_Username_username'

2022-01-15 23:53:43 - [MESSAGE][PASSED] - Text 'admin' is set on object 'Object Repository/Page_Moodle Log in to the site/input_Username_username'

2022-01-15 23:53:43 - [TEST_STEP][PASSED] - setEncryptedText(findTestObject("Object Repository/Page_Moodle Log in to the site/input_Password_password"), "r6H/uPCyCbQX7sAf5E1f3g=="): Text ****** has been set on object 'Object Repository/Page_Moodle Log in to the site/input_Password_password'

2022-01-15 23:53:43 - [MESSAGE][PASSED] - Text ****** has been set on object 'Object Repository/Page_Moodle Log in to the site/input_Password_password'

2022-01-15 23:53:43 - [TEST_STEP][PASSED] - click(findTestObject("Object Repository/Page_Moodle Log in to the site/button_Log in")): Object: 'Object Repository/Page_Moodle Log in to the site/button_Log in' is clicked on

2022-01-15 23:53:45 - [MESSAGE][PASSED] - Object: 'Object Repository/Page_Moodle Log in to the site/button_Log in' is clicked on

2022-01-15 23:53:45 - [TEST_STEP][PASSED] - click(findTestObject("Object Repository/Page_Dashboard/span_Site administration")): Object: 'Object Repository/Page_Dashboard/span_Site administration' is clicked on

2022-01-15 23:53:47 - [MESSAGE][PASSED] - Object: 'Object Repository/Page_Dashboard/span_Site administration' is clicked on

2022-01-15 23:53:47 - [TEST_STEP][PASSED] - click(findTestObject("Object Repository/Page_Mood Administration Search/a_Users")): Object: 'Object Repository/Page_Mood Administration Search/a_Users' is clicked on

2022-01-15 23:53:47 - [MESSAGE][PASSED] - Object: 'Object Repository/Page_Mood Administration Search/a_Users' is clicked on

2022-01-15 23:53:47 - [TEST_STEP][PASSED] - click(findTestObject("Object Repository/Page_Mood Administration Search/a_Browse list of users")): Object: 'Object Repository/Page_Mood Administration Search/a_Browse list of users' is clicked on

2022-01-15 23:53:48 - [MESSAGE][PASSED] - Object: 'Object Repository/Page_Mood Administration Search/a_Browse list of users' is clicked on

2022-01-15 23:53:48 - [TEST_STEP][PASSED] - waitForElementVisible(findTestObject("Object Repository/Page_Mood Administration Users Accounts Bro_af2de9/td_dddinh19gmail.com"), 0): Object 'Object Repository/Page_Mood Administration Users Accounts Bro_af2de9/td_dddinh19gmail.com' is visible

2022-01-15 23:53:48 - [MESSAGE][WARNING] - Timeout '0' is invalid. Using default page load timeout: '30'

2022-01-15 23:53:49 - [MESSAGE][PASSED] - Object 'Object Repository/Page_Mood Administration Users Accounts Bro_af2de9/td_dddinh19gmail.com' is visible

2022-01-15 23:53:49 - [TEST_STEP][PASSED] - click(findTestObject("Object Repository/Page_Mood Administration Users Accounts Bro_af2de9/i_dddinh19gmail.com_icon fa fa-trash fa-fw")): Object: 'Object Repository/Page_Mood Administration Users Accounts Bro_af2de9/i_dddinh19gmail.com_icon fa fa-trash fa-fw' is clicked on

2022-01-15 23:54:20 - [MESSAGE][INFO] - Unable to find the element located by 'By.xpath: //a[@id='yui_3_17_2_1_1642174322054_556']/i'. Please recheck the objects properties to make sure the desired element is located. 

2022-01-15 23:54:20 - [MESSAGE][WARNING] - [SELF-HEALING] Failed to find element with id 'Object Repository/Page_Mood Administration Users Accounts Bro_af2de9/i_dddinh19gmail.com_icon fa fa-trash fa-fw'. Try using Self-healing.

2022-01-15 23:54:20 - [MESSAGE][WARNING] - [SELF-HEALING] The current locator of test object 'Object Repository/Page_Mood Administration Users Accounts Bro_af2de9/i_dddinh19gmail.com_icon fa fa-trash fa-fw' was broken. Propose an alternative one: '//tr[2]/td[6]/a/i'.

2022-01-15 23:54:21 - [MESSAGE][PASSED] - Object: 'Object Repository/Page_Mood Administration Users Accounts Bro_af2de9/i_dddinh19gmail.com_icon fa fa-trash fa-fw' is clicked on

2022-01-15 23:54:21 - [TEST_STEP][PASSED] - click(findTestObject("Object Repository/Page_Mood Administration Users Accounts Bro_af2de9/button_Delete")): Object: 'Object Repository/Page_Mood Administration Users Accounts Bro_af2de9/button_Delete' is clicked on

2022-01-15 23:54:52 - [MESSAGE][INFO] - Unable to find the element located by 'By.xpath: //button[@id='single_button61e1977d503fb15']'. Please recheck the objects properties to make sure the desired element is located. 

2022-01-15 23:54:52 - [MESSAGE][WARNING] - [SELF-HEALING] Failed to find element with id 'Object Repository/Page_Mood Administration Users Accounts Bro_af2de9/button_Delete'. Try using Self-healing.

2022-01-15 23:54:52 - [MESSAGE][WARNING] - [SELF-HEALING] The current locator of test object 'Object Repository/Page_Mood Administration Users Accounts Bro_af2de9/button_Delete' was broken. Propose an alternative one: '//div[@id='modal-footer']/div/div/form/button'.

2022-01-15 23:54:53 - [MESSAGE][PASSED] - Object: 'Object Repository/Page_Mood Administration Users Accounts Bro_af2de9/button_Delete' is clicked on

2022-01-15 23:54:53 - [TEST_STEP][PASSED] - closeBrowser(): Browser is closed

2022-01-15 23:54:54 - [MESSAGE][PASSED] - Browser is closed]]></system-out>
         <system-err><![CDATA[]]></system-err>
      </testcase>
      <testcase name="Test Cases/test case 07" time="82.492" classname="Test Cases/test case 07" status="PASSED">
         <system-out><![CDATA[2022-01-15 23:54:54 - [TEST_CASE][PASSED] - Test Cases/test case 07: Test Cases/test case 07

2022-01-15 23:54:54 - [TEST_STEP][PASSED] - openBrowser(""): Browser is opened with url: ''

2022-01-15 23:54:54 - [MESSAGE][INFO] - Starting 'Chrome' driver

2022-01-15 23:54:54 - [MESSAGE][INFO] - Action delay is set to 0 milliseconds

2022-01-15 23:54:56 - [MESSAGE][PASSED] - Browser is opened with url: ''

2022-01-15 23:54:56 - [TEST_STEP][PASSED] - navigateToUrl("http://localhost/"): Navigate to 'http://localhost/' successfully

2022-01-15 23:54:57 - [MESSAGE][PASSED] - Navigate to 'http://localhost/' successfully

2022-01-15 23:54:57 - [TEST_STEP][PASSED] - click(findTestObject("Object Repository/Page_Moodle/a_Log in")): Object: 'Object Repository/Page_Moodle/a_Log in' is clicked on

2022-01-15 23:54:58 - [MESSAGE][PASSED] - Object: 'Object Repository/Page_Moodle/a_Log in' is clicked on

2022-01-15 23:54:58 - [TEST_STEP][PASSED] - setText(findTestObject("Object Repository/Page_Moodle Log in to the site/input_Username_username"), "admin"): Text 'admin' is set on object 'Object Repository/Page_Moodle Log in to the site/input_Username_username'

2022-01-15 23:54:59 - [MESSAGE][PASSED] - Text 'admin' is set on object 'Object Repository/Page_Moodle Log in to the site/input_Username_username'

2022-01-15 23:54:59 - [TEST_STEP][PASSED] - setEncryptedText(findTestObject("Object Repository/Page_Moodle Log in to the site/input_Password_password"), "r6H/uPCyCbQX7sAf5E1f3g=="): Text ****** has been set on object 'Object Repository/Page_Moodle Log in to the site/input_Password_password'

2022-01-15 23:54:59 - [MESSAGE][PASSED] - Text ****** has been set on object 'Object Repository/Page_Moodle Log in to the site/input_Password_password'

2022-01-15 23:54:59 - [TEST_STEP][PASSED] - click(findTestObject("Object Repository/Page_Moodle Log in to the site/button_Log in")): Object: 'Object Repository/Page_Moodle Log in to the site/button_Log in' is clicked on

2022-01-15 23:55:00 - [MESSAGE][PASSED] - Object: 'Object Repository/Page_Moodle Log in to the site/button_Log in' is clicked on

2022-01-15 23:55:00 - [TEST_STEP][PASSED] - verifyElementText(findTestObject("Object Repository/Page_Dashboard/span_Site administration"), "Site administration"): Actual text and expected text of test object 'Object Repository/Page_Dashboard/span_Site administration' are matched.

2022-01-15 23:55:02 - [MESSAGE][PASSED] - Actual text and expected text of test object 'Object Repository/Page_Dashboard/span_Site administration' are matched.

2022-01-15 23:55:02 - [TEST_STEP][PASSED] - click(findTestObject("Object Repository/Page_Dashboard/span_Site administration")): Object: 'Object Repository/Page_Dashboard/span_Site administration' is clicked on

2022-01-15 23:55:03 - [MESSAGE][PASSED] - Object: 'Object Repository/Page_Dashboard/span_Site administration' is clicked on

2022-01-15 23:55:03 - [TEST_STEP][PASSED] - rightClick(findTestObject("Object Repository/Page_Mood Administration Search/a_Users")): Object: 'Object Repository/Page_Mood Administration Search/a_Users' is right clicked on

2022-01-15 23:55:03 - [MESSAGE][PASSED] - Object: 'Object Repository/Page_Mood Administration Search/a_Users' is right clicked on

2022-01-15 23:55:03 - [TEST_STEP][PASSED] - click(findTestObject("Object Repository/Page_Mood Administration Search/a_Users")): Object: 'Object Repository/Page_Mood Administration Search/a_Users' is clicked on

2022-01-15 23:55:04 - [MESSAGE][PASSED] - Object: 'Object Repository/Page_Mood Administration Search/a_Users' is clicked on

2022-01-15 23:55:04 - [TEST_STEP][PASSED] - click(findTestObject("Object Repository/Page_Mood Administration Search/a_Add a new user")): Object: 'Object Repository/Page_Mood Administration Search/a_Add a new user' is clicked on

2022-01-15 23:55:05 - [MESSAGE][PASSED] - Object: 'Object Repository/Page_Mood Administration Search/a_Add a new user' is clicked on

2022-01-15 23:55:05 - [TEST_STEP][PASSED] - waitForElementVisible(findTestObject("Object Repository/Page_Mood Administration Users Accounts Add_0e8dec/label_Username"), 0): Object 'Object Repository/Page_Mood Administration Users Accounts Add_0e8dec/label_Username' is visible

2022-01-15 23:55:05 - [MESSAGE][WARNING] - Timeout '0' is invalid. Using default page load timeout: '30'

2022-01-15 23:55:06 - [MESSAGE][PASSED] - Object 'Object Repository/Page_Mood Administration Users Accounts Add_0e8dec/label_Username' is visible

2022-01-15 23:55:06 - [TEST_STEP][PASSED] - setText(findTestObject("Object Repository/Page_Mood Administration Users Accounts Add_0e8dec/input_Username_username"), "qmkhoi"): Text 'qmkhoi' is set on object 'Object Repository/Page_Mood Administration Users Accounts Add_0e8dec/input_Username_username'

2022-01-15 23:55:07 - [MESSAGE][PASSED] - Text 'qmkhoi' is set on object 'Object Repository/Page_Mood Administration Users Accounts Add_0e8dec/input_Username_username'

2022-01-15 23:55:07 - [TEST_STEP][PASSED] - click(findTestObject("Object Repository/Page_Mood Administration Users Accounts Add_0e8dec/em_Click to enter text")): Object: 'Object Repository/Page_Mood Administration Users Accounts Add_0e8dec/em_Click to enter text' is clicked on

2022-01-15 23:55:38 - [MESSAGE][INFO] - Unable to find the element located by 'By.xpath: //a[@id='yui_3_17_2_1_1642242441890_767']/span/span/em'. Please recheck the objects properties to make sure the desired element is located. 

2022-01-15 23:55:38 - [MESSAGE][WARNING] - [SELF-HEALING] Failed to find element with id 'Object Repository/Page_Mood Administration Users Accounts Add_0e8dec/em_Click to enter text'. Try using Self-healing.

2022-01-15 23:55:38 - [MESSAGE][WARNING] - [SELF-HEALING] The current locator of test object 'Object Repository/Page_Mood Administration Users Accounts Add_0e8dec/em_Click to enter text' was broken. Propose an alternative one: '(.//*[normalize-space(text()) and normalize-space(.)='New password'])[1]/following::em[1]'.

2022-01-15 23:55:38 - [MESSAGE][PASSED] - Object: 'Object Repository/Page_Mood Administration Users Accounts Add_0e8dec/em_Click to enter text' is clicked on

2022-01-15 23:55:38 - [TEST_STEP][PASSED] - setEncryptedText(findTestObject("Object Repository/Page_Mood Administration Users Accounts Add_0e8dec/input_New password_newpassword"), "eiP2h/EMT1gGbs0OIJkleA=="): Text ****** has been set on object 'Object Repository/Page_Mood Administration Users Accounts Add_0e8dec/input_New password_newpassword'

2022-01-15 23:55:39 - [MESSAGE][PASSED] - Text ****** has been set on object 'Object Repository/Page_Mood Administration Users Accounts Add_0e8dec/input_New password_newpassword'

2022-01-15 23:55:39 - [TEST_STEP][PASSED] - waitForElementVisible(findTestObject("Object Repository/Page_Mood Administration Users Accounts Add_0e8dec/input_First name_firstname"), 0): Object 'Object Repository/Page_Mood Administration Users Accounts Add_0e8dec/input_First name_firstname' is visible

2022-01-15 23:55:39 - [MESSAGE][WARNING] - Timeout '0' is invalid. Using default page load timeout: '30'

2022-01-15 23:55:39 - [MESSAGE][PASSED] - Object 'Object Repository/Page_Mood Administration Users Accounts Add_0e8dec/input_First name_firstname' is visible

2022-01-15 23:55:39 - [TEST_STEP][PASSED] - setText(findTestObject("Object Repository/Page_Mood Administration Users Accounts Add_0e8dec/input_First name_firstname"), "Quach"): Text 'Quach' is set on object 'Object Repository/Page_Mood Administration Users Accounts Add_0e8dec/input_First name_firstname'

2022-01-15 23:55:40 - [MESSAGE][PASSED] - Text 'Quach' is set on object 'Object Repository/Page_Mood Administration Users Accounts Add_0e8dec/input_First name_firstname'

2022-01-15 23:55:40 - [TEST_STEP][PASSED] - click(findTestObject("Object Repository/Page_Mood Administration Users Accounts Add_0e8dec/div_Username                               _ccea4b")): Object: 'Object Repository/Page_Mood Administration Users Accounts Add_0e8dec/div_Username                               _ccea4b' is clicked on

2022-01-15 23:56:11 - [MESSAGE][INFO] - Unable to find the element located by 'By.xpath: //div[@id='yui_3_17_2_1_1642242441890_390']'. Please recheck the objects properties to make sure the desired element is located. 

2022-01-15 23:56:11 - [MESSAGE][WARNING] - [SELF-HEALING] Failed to find element with id 'Object Repository/Page_Mood Administration Users Accounts Add_0e8dec/div_Username                               _ccea4b'. Try using Self-healing.

2022-01-15 23:56:11 - [MESSAGE][WARNING] - [SELF-HEALING] The current locator of test object 'Object Repository/Page_Mood Administration Users Accounts Add_0e8dec/div_Username                               _ccea4b' was broken. Propose an alternative one: '//fieldset[@id='id_moodle']/div'.

2022-01-15 23:56:12 - [MESSAGE][PASSED] - Object: 'Object Repository/Page_Mood Administration Users Accounts Add_0e8dec/div_Username                               _ccea4b' is clicked on

2022-01-15 23:56:12 - [TEST_STEP][PASSED] - setText(findTestObject("Object Repository/Page_Mood Administration Users Accounts Add_0e8dec/input_Surname_lastname"), "Minh Khoi"): Text 'Minh Khoi' is set on object 'Object Repository/Page_Mood Administration Users Accounts Add_0e8dec/input_Surname_lastname'

2022-01-15 23:56:12 - [MESSAGE][PASSED] - Text 'Minh Khoi' is set on object 'Object Repository/Page_Mood Administration Users Accounts Add_0e8dec/input_Surname_lastname'

2022-01-15 23:56:12 - [TEST_STEP][PASSED] - setText(findTestObject("Object Repository/Page_Mood Administration Users Accounts Add_0e8dec/input_Email address_email"), "qmkhoi19@gmail.com"): Text 'qmkhoi19@gmail.com' is set on object 'Object Repository/Page_Mood Administration Users Accounts Add_0e8dec/input_Email address_email'

2022-01-15 23:56:13 - [MESSAGE][PASSED] - Text 'qmkhoi19@gmail.com' is set on object 'Object Repository/Page_Mood Administration Users Accounts Add_0e8dec/input_Email address_email'

2022-01-15 23:56:13 - [TEST_STEP][PASSED] - waitForElementVisible(findTestObject("Object Repository/Page_Mood Administration Users Accounts Add_0e8dec/input_Address_submitbutton"), 0): Object 'Object Repository/Page_Mood Administration Users Accounts Add_0e8dec/input_Address_submitbutton' is visible

2022-01-15 23:56:13 - [MESSAGE][WARNING] - Timeout '0' is invalid. Using default page load timeout: '30'

2022-01-15 23:56:13 - [MESSAGE][PASSED] - Object 'Object Repository/Page_Mood Administration Users Accounts Add_0e8dec/input_Address_submitbutton' is visible

2022-01-15 23:56:13 - [TEST_STEP][PASSED] - click(findTestObject("Object Repository/Page_Mood Administration Users Accounts Add_0e8dec/input_Address_submitbutton")): Object: 'Object Repository/Page_Mood Administration Users Accounts Add_0e8dec/input_Address_submitbutton' is clicked on

2022-01-15 23:56:15 - [MESSAGE][PASSED] - Object: 'Object Repository/Page_Mood Administration Users Accounts Add_0e8dec/input_Address_submitbutton' is clicked on

2022-01-15 23:56:15 - [TEST_STEP][PASSED] - verifyElementText(findTestObject("Object Repository/Page_Mood Administration Users Accounts Add_0e8dec/div_This username already exists, choose another"), "This username already exists, choose another"): Actual text and expected text of test object 'Object Repository/Page_Mood Administration Users Accounts Add_0e8dec/div_This username already exists, choose another' are matched.

2022-01-15 23:56:16 - [MESSAGE][PASSED] - Actual text and expected text of test object 'Object Repository/Page_Mood Administration Users Accounts Add_0e8dec/div_This username already exists, choose another' are matched.

2022-01-15 23:56:16 - [TEST_STEP][PASSED] - closeBrowser(): Browser is closed

2022-01-15 23:56:17 - [MESSAGE][PASSED] - Browser is closed]]></system-out>
         <system-err><![CDATA[]]></system-err>
      </testcase>
      <testcase name="Test Cases/test case 08" time="79.727" classname="Test Cases/test case 08" status="PASSED">
         <system-out><![CDATA[2022-01-15 23:56:17 - [TEST_CASE][PASSED] - Test Cases/test case 08: Test Cases/test case 08

2022-01-15 23:56:17 - [TEST_STEP][PASSED] - openBrowser(""): Browser is opened with url: ''

2022-01-15 23:56:17 - [MESSAGE][INFO] - Starting 'Chrome' driver

2022-01-15 23:56:17 - [MESSAGE][INFO] - Action delay is set to 0 milliseconds

2022-01-15 23:56:18 - [MESSAGE][PASSED] - Browser is opened with url: ''

2022-01-15 23:56:18 - [TEST_STEP][PASSED] - navigateToUrl("http://localhost/"): Navigate to 'http://localhost/' successfully

2022-01-15 23:56:19 - [MESSAGE][PASSED] - Navigate to 'http://localhost/' successfully

2022-01-15 23:56:19 - [TEST_STEP][PASSED] - click(findTestObject("Object Repository/Page_Moodle/a_Log in")): Object: 'Object Repository/Page_Moodle/a_Log in' is clicked on

2022-01-15 23:56:20 - [MESSAGE][PASSED] - Object: 'Object Repository/Page_Moodle/a_Log in' is clicked on

2022-01-15 23:56:20 - [TEST_STEP][PASSED] - setText(findTestObject("Object Repository/Page_Moodle Log in to the site/input_Username_username"), "admin"): Text 'admin' is set on object 'Object Repository/Page_Moodle Log in to the site/input_Username_username'

2022-01-15 23:56:21 - [MESSAGE][PASSED] - Text 'admin' is set on object 'Object Repository/Page_Moodle Log in to the site/input_Username_username'

2022-01-15 23:56:21 - [TEST_STEP][PASSED] - setEncryptedText(findTestObject("Object Repository/Page_Moodle Log in to the site/input_Password_password"), "r6H/uPCyCbQX7sAf5E1f3g=="): Text ****** has been set on object 'Object Repository/Page_Moodle Log in to the site/input_Password_password'

2022-01-15 23:56:21 - [MESSAGE][PASSED] - Text ****** has been set on object 'Object Repository/Page_Moodle Log in to the site/input_Password_password'

2022-01-15 23:56:21 - [TEST_STEP][PASSED] - click(findTestObject("Object Repository/Page_Moodle Log in to the site/button_Log in")): Object: 'Object Repository/Page_Moodle Log in to the site/button_Log in' is clicked on

2022-01-15 23:56:23 - [MESSAGE][PASSED] - Object: 'Object Repository/Page_Moodle Log in to the site/button_Log in' is clicked on

2022-01-15 23:56:23 - [TEST_STEP][PASSED] - click(findTestObject("Object Repository/Page_Dashboard/span_Site administration")): Object: 'Object Repository/Page_Dashboard/span_Site administration' is clicked on

2022-01-15 23:56:25 - [MESSAGE][PASSED] - Object: 'Object Repository/Page_Dashboard/span_Site administration' is clicked on

2022-01-15 23:56:25 - [TEST_STEP][PASSED] - click(findTestObject("Object Repository/Page_Mood Administration Search/a_Users")): Object: 'Object Repository/Page_Mood Administration Search/a_Users' is clicked on

2022-01-15 23:56:25 - [MESSAGE][PASSED] - Object: 'Object Repository/Page_Mood Administration Search/a_Users' is clicked on

2022-01-15 23:56:25 - [TEST_STEP][PASSED] - click(findTestObject("Object Repository/Page_Mood Administration Search/a_Add a new user")): Object: 'Object Repository/Page_Mood Administration Search/a_Add a new user' is clicked on

2022-01-15 23:56:26 - [MESSAGE][PASSED] - Object: 'Object Repository/Page_Mood Administration Search/a_Add a new user' is clicked on

2022-01-15 23:56:26 - [TEST_STEP][PASSED] - setText(findTestObject("Object Repository/Page_Mood Administration Users Accounts Add_0e8dec/input_Username_username"), "dddinh"): Text 'dddinh' is set on object 'Object Repository/Page_Mood Administration Users Accounts Add_0e8dec/input_Username_username'

2022-01-15 23:56:28 - [MESSAGE][PASSED] - Text 'dddinh' is set on object 'Object Repository/Page_Mood Administration Users Accounts Add_0e8dec/input_Username_username'

2022-01-15 23:56:28 - [TEST_STEP][PASSED] - waitForElementVisible(findTestObject("Object Repository/Page_Mood Administration Users Accounts Add_0e8dec/label_New password"), 0): Object 'Object Repository/Page_Mood Administration Users Accounts Add_0e8dec/label_New password' is visible

2022-01-15 23:56:28 - [MESSAGE][WARNING] - Timeout '0' is invalid. Using default page load timeout: '30'

2022-01-15 23:56:28 - [MESSAGE][PASSED] - Object 'Object Repository/Page_Mood Administration Users Accounts Add_0e8dec/label_New password' is visible

2022-01-15 23:56:28 - [TEST_STEP][PASSED] - click(findTestObject("Object Repository/Page_Mood Administration Users Accounts Add_0e8dec/em_Click to enter text")): Object: 'Object Repository/Page_Mood Administration Users Accounts Add_0e8dec/em_Click to enter text' is clicked on

2022-01-15 23:56:59 - [MESSAGE][INFO] - Unable to find the element located by 'By.xpath: //a[@id='yui_3_17_2_1_1642242441890_767']/span/span/em'. Please recheck the objects properties to make sure the desired element is located. 

2022-01-15 23:56:59 - [MESSAGE][WARNING] - [SELF-HEALING] Failed to find element with id 'Object Repository/Page_Mood Administration Users Accounts Add_0e8dec/em_Click to enter text'. Try using Self-healing.

2022-01-15 23:56:59 - [MESSAGE][WARNING] - [SELF-HEALING] The current locator of test object 'Object Repository/Page_Mood Administration Users Accounts Add_0e8dec/em_Click to enter text' was broken. Propose an alternative one: '(.//*[normalize-space(text()) and normalize-space(.)='New password'])[1]/following::em[1]'.

2022-01-15 23:57:00 - [MESSAGE][PASSED] - Object: 'Object Repository/Page_Mood Administration Users Accounts Add_0e8dec/em_Click to enter text' is clicked on

2022-01-15 23:57:00 - [TEST_STEP][PASSED] - setEncryptedText(findTestObject("Object Repository/Page_Mood Administration Users Accounts Add_0e8dec/input_New password_newpassword"), "Poyj66BFqQY="): Text ****** has been set on object 'Object Repository/Page_Mood Administration Users Accounts Add_0e8dec/input_New password_newpassword'

2022-01-15 23:57:00 - [MESSAGE][PASSED] - Text ****** has been set on object 'Object Repository/Page_Mood Administration Users Accounts Add_0e8dec/input_New password_newpassword'

2022-01-15 23:57:00 - [TEST_STEP][PASSED] - setText(findTestObject("Object Repository/Page_Mood Administration Users Accounts Add_0e8dec/input_First name_firstname"), "Dinh"): Text 'Dinh' is set on object 'Object Repository/Page_Mood Administration Users Accounts Add_0e8dec/input_First name_firstname'

2022-01-15 23:57:01 - [MESSAGE][PASSED] - Text 'Dinh' is set on object 'Object Repository/Page_Mood Administration Users Accounts Add_0e8dec/input_First name_firstname'

2022-01-15 23:57:01 - [TEST_STEP][PASSED] - click(findTestObject("Object Repository/Page_Mood Administration Users Accounts Add_0e8dec/div_Username                               _ccea4b")): Object: 'Object Repository/Page_Mood Administration Users Accounts Add_0e8dec/div_Username                               _ccea4b' is clicked on

2022-01-15 23:57:32 - [MESSAGE][INFO] - Unable to find the element located by 'By.xpath: //div[@id='yui_3_17_2_1_1642242441890_390']'. Please recheck the objects properties to make sure the desired element is located. 

2022-01-15 23:57:32 - [MESSAGE][WARNING] - [SELF-HEALING] Failed to find element with id 'Object Repository/Page_Mood Administration Users Accounts Add_0e8dec/div_Username                               _ccea4b'. Try using Self-healing.

2022-01-15 23:57:32 - [MESSAGE][WARNING] - [SELF-HEALING] The current locator of test object 'Object Repository/Page_Mood Administration Users Accounts Add_0e8dec/div_Username                               _ccea4b' was broken. Propose an alternative one: '//fieldset[@id='id_moodle']/div'.

2022-01-15 23:57:32 - [MESSAGE][PASSED] - Object: 'Object Repository/Page_Mood Administration Users Accounts Add_0e8dec/div_Username                               _ccea4b' is clicked on

2022-01-15 23:57:32 - [TEST_STEP][PASSED] - setText(findTestObject("Object Repository/Page_Mood Administration Users Accounts Add_0e8dec/input_Surname_lastname"), "Dinh"): Text 'Dinh' is set on object 'Object Repository/Page_Mood Administration Users Accounts Add_0e8dec/input_Surname_lastname'

2022-01-15 23:57:33 - [MESSAGE][PASSED] - Text 'Dinh' is set on object 'Object Repository/Page_Mood Administration Users Accounts Add_0e8dec/input_Surname_lastname'

2022-01-15 23:57:33 - [TEST_STEP][PASSED] - setText(findTestObject("Object Repository/Page_Mood Administration Users Accounts Add_0e8dec/input_Email address_email"), "dddinh@apcs.vn"): Text 'dddinh@apcs.vn' is set on object 'Object Repository/Page_Mood Administration Users Accounts Add_0e8dec/input_Email address_email'

2022-01-15 23:57:34 - [MESSAGE][PASSED] - Text 'dddinh@apcs.vn' is set on object 'Object Repository/Page_Mood Administration Users Accounts Add_0e8dec/input_Email address_email'

2022-01-15 23:57:34 - [TEST_STEP][PASSED] - waitForElementVisible(findTestObject("Object Repository/Page_Mood Administration Users Accounts Add_0e8dec/input_Address_submitbutton"), 0): Object 'Object Repository/Page_Mood Administration Users Accounts Add_0e8dec/input_Address_submitbutton' is visible

2022-01-15 23:57:34 - [MESSAGE][WARNING] - Timeout '0' is invalid. Using default page load timeout: '30'

2022-01-15 23:57:34 - [MESSAGE][PASSED] - Object 'Object Repository/Page_Mood Administration Users Accounts Add_0e8dec/input_Address_submitbutton' is visible

2022-01-15 23:57:34 - [TEST_STEP][PASSED] - click(findTestObject("Object Repository/Page_Mood Administration Users Accounts Add_0e8dec/input_Address_submitbutton")): Object: 'Object Repository/Page_Mood Administration Users Accounts Add_0e8dec/input_Address_submitbutton' is clicked on

2022-01-15 23:57:35 - [MESSAGE][PASSED] - Object: 'Object Repository/Page_Mood Administration Users Accounts Add_0e8dec/input_Address_submitbutton' is clicked on

2022-01-15 23:57:35 - [TEST_STEP][PASSED] - closeBrowser(): Browser is closed

2022-01-15 23:57:36 - [MESSAGE][PASSED] - Browser is closed]]></system-out>
         <system-err><![CDATA[]]></system-err>
      </testcase>
      <testcase name="Test Cases/test case 09" time="49.087" classname="Test Cases/test case 09" status="PASSED">
         <system-out><![CDATA[2022-01-15 23:57:36 - [TEST_CASE][PASSED] - Test Cases/test case 09: Test Cases/test case 09

2022-01-15 23:57:37 - [TEST_STEP][PASSED] - openBrowser(""): Browser is opened with url: ''

2022-01-15 23:57:37 - [MESSAGE][INFO] - Starting 'Chrome' driver

2022-01-15 23:57:37 - [MESSAGE][INFO] - Action delay is set to 0 milliseconds

2022-01-15 23:57:38 - [MESSAGE][PASSED] - Browser is opened with url: ''

2022-01-15 23:57:38 - [TEST_STEP][PASSED] - navigateToUrl("http://localhost/"): Navigate to 'http://localhost/' successfully

2022-01-15 23:57:39 - [MESSAGE][PASSED] - Navigate to 'http://localhost/' successfully

2022-01-15 23:57:39 - [TEST_STEP][PASSED] - click(findTestObject("Object Repository/Page_Moodle/a_Log in")): Object: 'Object Repository/Page_Moodle/a_Log in' is clicked on

2022-01-15 23:57:40 - [MESSAGE][PASSED] - Object: 'Object Repository/Page_Moodle/a_Log in' is clicked on

2022-01-15 23:57:40 - [TEST_STEP][PASSED] - setText(findTestObject("Object Repository/Page_Moodle Log in to the site/input_Username_username"), "admin"): Text 'admin' is set on object 'Object Repository/Page_Moodle Log in to the site/input_Username_username'

2022-01-15 23:57:41 - [MESSAGE][PASSED] - Text 'admin' is set on object 'Object Repository/Page_Moodle Log in to the site/input_Username_username'

2022-01-15 23:57:41 - [TEST_STEP][PASSED] - setEncryptedText(findTestObject("Object Repository/Page_Moodle Log in to the site/input_Password_password"), "r6H/uPCyCbQX7sAf5E1f3g=="): Text ****** has been set on object 'Object Repository/Page_Moodle Log in to the site/input_Password_password'

2022-01-15 23:57:41 - [MESSAGE][PASSED] - Text ****** has been set on object 'Object Repository/Page_Moodle Log in to the site/input_Password_password'

2022-01-15 23:57:41 - [TEST_STEP][PASSED] - click(findTestObject("Object Repository/Page_Moodle Log in to the site/button_Log in")): Object: 'Object Repository/Page_Moodle Log in to the site/button_Log in' is clicked on

2022-01-15 23:57:43 - [MESSAGE][PASSED] - Object: 'Object Repository/Page_Moodle Log in to the site/button_Log in' is clicked on

2022-01-15 23:57:43 - [TEST_STEP][PASSED] - click(findTestObject("Object Repository/Page_Dashboard/span_Site administration")): Object: 'Object Repository/Page_Dashboard/span_Site administration' is clicked on

2022-01-15 23:57:44 - [MESSAGE][PASSED] - Object: 'Object Repository/Page_Dashboard/span_Site administration' is clicked on

2022-01-15 23:57:44 - [TEST_STEP][PASSED] - click(findTestObject("Object Repository/Page_Mood Administration Search/a_Users")): Object: 'Object Repository/Page_Mood Administration Search/a_Users' is clicked on

2022-01-15 23:57:45 - [MESSAGE][PASSED] - Object: 'Object Repository/Page_Mood Administration Search/a_Users' is clicked on

2022-01-15 23:57:45 - [TEST_STEP][PASSED] - click(findTestObject("Object Repository/Page_Mood Administration Search/a_Add a new user")): Object: 'Object Repository/Page_Mood Administration Search/a_Add a new user' is clicked on

2022-01-15 23:57:46 - [MESSAGE][PASSED] - Object: 'Object Repository/Page_Mood Administration Search/a_Add a new user' is clicked on

2022-01-15 23:57:46 - [TEST_STEP][PASSED] - waitForElementVisible(findTestObject("Object Repository/Page_Mood Administration Users Accounts Add_0e8dec/label_Username"), 0): Object 'Object Repository/Page_Mood Administration Users Accounts Add_0e8dec/label_Username' is visible

2022-01-15 23:57:46 - [MESSAGE][WARNING] - Timeout '0' is invalid. Using default page load timeout: '30'

2022-01-15 23:57:47 - [MESSAGE][PASSED] - Object 'Object Repository/Page_Mood Administration Users Accounts Add_0e8dec/label_Username' is visible

2022-01-15 23:57:47 - [TEST_STEP][PASSED] - setText(findTestObject("Object Repository/Page_Mood Administration Users Accounts Add_0e8dec/input_Username_username"), "dddinh"): Text 'dddinh' is set on object 'Object Repository/Page_Mood Administration Users Accounts Add_0e8dec/input_Username_username'

2022-01-15 23:57:48 - [MESSAGE][PASSED] - Text 'dddinh' is set on object 'Object Repository/Page_Mood Administration Users Accounts Add_0e8dec/input_Username_username'

2022-01-15 23:57:48 - [TEST_STEP][PASSED] - waitForElementVisible(findTestObject("Object Repository/Page_Mood Administration Users Accounts Add_0e8dec/label_New password"), 0): Object 'Object Repository/Page_Mood Administration Users Accounts Add_0e8dec/label_New password' is visible

2022-01-15 23:57:48 - [MESSAGE][WARNING] - Timeout '0' is invalid. Using default page load timeout: '30'

2022-01-15 23:57:48 - [MESSAGE][PASSED] - Object 'Object Repository/Page_Mood Administration Users Accounts Add_0e8dec/label_New password' is visible

2022-01-15 23:57:48 - [TEST_STEP][PASSED] - click(findTestObject("Object Repository/Page_Mood Administration Users Accounts Add_0e8dec/em_Click to enter text")): Object: 'Object Repository/Page_Mood Administration Users Accounts Add_0e8dec/em_Click to enter text' is clicked on

2022-01-15 23:58:19 - [MESSAGE][INFO] - Unable to find the element located by 'By.xpath: //a[@id='yui_3_17_2_1_1642242441890_767']/span/span/em'. Please recheck the objects properties to make sure the desired element is located. 

2022-01-15 23:58:19 - [MESSAGE][WARNING] - [SELF-HEALING] Failed to find element with id 'Object Repository/Page_Mood Administration Users Accounts Add_0e8dec/em_Click to enter text'. Try using Self-healing.

2022-01-15 23:58:20 - [MESSAGE][WARNING] - [SELF-HEALING] The current locator of test object 'Object Repository/Page_Mood Administration Users Accounts Add_0e8dec/em_Click to enter text' was broken. Propose an alternative one: '(.//*[normalize-space(text()) and normalize-space(.)='New password'])[1]/following::em[1]'.

2022-01-15 23:58:20 - [MESSAGE][PASSED] - Object: 'Object Repository/Page_Mood Administration Users Accounts Add_0e8dec/em_Click to enter text' is clicked on

2022-01-15 23:58:20 - [TEST_STEP][PASSED] - setEncryptedText(findTestObject("Object Repository/Page_Mood Administration Users Accounts Add_0e8dec/input_New password_newpassword"), "o9w1gihRZMDFxbRmKPFkOQ=="): Text ****** has been set on object 'Object Repository/Page_Mood Administration Users Accounts Add_0e8dec/input_New password_newpassword'

2022-01-15 23:58:20 - [MESSAGE][PASSED] - Text ****** has been set on object 'Object Repository/Page_Mood Administration Users Accounts Add_0e8dec/input_New password_newpassword'

2022-01-15 23:58:20 - [TEST_STEP][PASSED] - setText(findTestObject("Object Repository/Page_Mood Administration Users Accounts Add_0e8dec/input_First name_firstname"), "Dinh Dang"): Text 'Dinh Dang' is set on object 'Object Repository/Page_Mood Administration Users Accounts Add_0e8dec/input_First name_firstname'

2022-01-15 23:58:21 - [MESSAGE][PASSED] - Text 'Dinh Dang' is set on object 'Object Repository/Page_Mood Administration Users Accounts Add_0e8dec/input_First name_firstname'

2022-01-15 23:58:21 - [TEST_STEP][PASSED] - setText(findTestObject("Object Repository/Page_Mood Administration Users Accounts Add_0e8dec/input_Surname_lastname"), "Dinh"): Text 'Dinh' is set on object 'Object Repository/Page_Mood Administration Users Accounts Add_0e8dec/input_Surname_lastname'

2022-01-15 23:58:22 - [MESSAGE][PASSED] - Text 'Dinh' is set on object 'Object Repository/Page_Mood Administration Users Accounts Add_0e8dec/input_Surname_lastname'

2022-01-15 23:58:22 - [TEST_STEP][PASSED] - setText(findTestObject("Object Repository/Page_Mood Administration Users Accounts Add_0e8dec/input_Email address_email"), "dddinh"): Text 'dddinh' is set on object 'Object Repository/Page_Mood Administration Users Accounts Add_0e8dec/input_Email address_email'

2022-01-15 23:58:23 - [MESSAGE][PASSED] - Text 'dddinh' is set on object 'Object Repository/Page_Mood Administration Users Accounts Add_0e8dec/input_Email address_email'

2022-01-15 23:58:23 - [TEST_STEP][PASSED] - waitForElementVisible(findTestObject("Object Repository/Page_Mood Administration Users Accounts Add_0e8dec/input_Address_submitbutton"), 0): Object 'Object Repository/Page_Mood Administration Users Accounts Add_0e8dec/input_Address_submitbutton' is visible

2022-01-15 23:58:23 - [MESSAGE][WARNING] - Timeout '0' is invalid. Using default page load timeout: '30'

2022-01-15 23:58:23 - [MESSAGE][PASSED] - Object 'Object Repository/Page_Mood Administration Users Accounts Add_0e8dec/input_Address_submitbutton' is visible

2022-01-15 23:58:23 - [TEST_STEP][PASSED] - click(findTestObject("Object Repository/Page_Mood Administration Users Accounts Add_0e8dec/input_Address_submitbutton")): Object: 'Object Repository/Page_Mood Administration Users Accounts Add_0e8dec/input_Address_submitbutton' is clicked on

2022-01-15 23:58:25 - [MESSAGE][PASSED] - Object: 'Object Repository/Page_Mood Administration Users Accounts Add_0e8dec/input_Address_submitbutton' is clicked on

2022-01-15 23:58:25 - [TEST_STEP][PASSED] - closeBrowser(): Browser is closed

2022-01-15 23:58:25 - [MESSAGE][PASSED] - Browser is closed]]></system-out>
         <system-err><![CDATA[]]></system-err>
      </testcase>
      <testcase name="Test Cases/test case 10" time="112.005" classname="Test Cases/test case 10" status="PASSED">
         <system-out><![CDATA[2022-01-15 23:58:25 - [TEST_CASE][PASSED] - Test Cases/test case 10: Test Cases/test case 10

2022-01-15 23:58:26 - [TEST_STEP][PASSED] - openBrowser(""): Browser is opened with url: ''

2022-01-15 23:58:26 - [MESSAGE][INFO] - Starting 'Chrome' driver

2022-01-15 23:58:26 - [MESSAGE][INFO] - Action delay is set to 0 milliseconds

2022-01-15 23:58:27 - [MESSAGE][PASSED] - Browser is opened with url: ''

2022-01-15 23:58:27 - [TEST_STEP][PASSED] - navigateToUrl("http://localhost/"): Navigate to 'http://localhost/' successfully

2022-01-15 23:58:28 - [MESSAGE][PASSED] - Navigate to 'http://localhost/' successfully

2022-01-15 23:58:28 - [TEST_STEP][PASSED] - click(findTestObject("Object Repository/Page_Moodle/a_Log in")): Object: 'Object Repository/Page_Moodle/a_Log in' is clicked on

2022-01-15 23:58:28 - [MESSAGE][PASSED] - Object: 'Object Repository/Page_Moodle/a_Log in' is clicked on

2022-01-15 23:58:28 - [TEST_STEP][PASSED] - setText(findTestObject("Object Repository/Page_Moodle Log in to the site/input_Username_username"), "admin"): Text 'admin' is set on object 'Object Repository/Page_Moodle Log in to the site/input_Username_username'

2022-01-15 23:58:29 - [MESSAGE][PASSED] - Text 'admin' is set on object 'Object Repository/Page_Moodle Log in to the site/input_Username_username'

2022-01-15 23:58:29 - [TEST_STEP][PASSED] - setEncryptedText(findTestObject("Object Repository/Page_Moodle Log in to the site/input_Password_password"), "r6H/uPCyCbQX7sAf5E1f3g=="): Text ****** has been set on object 'Object Repository/Page_Moodle Log in to the site/input_Password_password'

2022-01-15 23:58:30 - [MESSAGE][PASSED] - Text ****** has been set on object 'Object Repository/Page_Moodle Log in to the site/input_Password_password'

2022-01-15 23:58:30 - [TEST_STEP][PASSED] - click(findTestObject("Object Repository/Page_Moodle Log in to the site/button_Log in")): Object: 'Object Repository/Page_Moodle Log in to the site/button_Log in' is clicked on

2022-01-15 23:58:31 - [MESSAGE][PASSED] - Object: 'Object Repository/Page_Moodle Log in to the site/button_Log in' is clicked on

2022-01-15 23:58:31 - [TEST_STEP][PASSED] - click(findTestObject("Object Repository/Page_Dashboard/span_Site administration")): Object: 'Object Repository/Page_Dashboard/span_Site administration' is clicked on

2022-01-15 23:58:33 - [MESSAGE][PASSED] - Object: 'Object Repository/Page_Dashboard/span_Site administration' is clicked on

2022-01-15 23:58:33 - [TEST_STEP][PASSED] - click(findTestObject("Object Repository/Page_Mood Administration Search/a_Users")): Object: 'Object Repository/Page_Mood Administration Search/a_Users' is clicked on

2022-01-15 23:58:34 - [MESSAGE][PASSED] - Object: 'Object Repository/Page_Mood Administration Search/a_Users' is clicked on

2022-01-15 23:58:34 - [TEST_STEP][PASSED] - click(findTestObject("Object Repository/Page_Mood Administration Search/a_Add a new user")): Object: 'Object Repository/Page_Mood Administration Search/a_Add a new user' is clicked on

2022-01-15 23:58:35 - [MESSAGE][PASSED] - Object: 'Object Repository/Page_Mood Administration Search/a_Add a new user' is clicked on

2022-01-15 23:58:35 - [TEST_STEP][PASSED] - waitForElementVisible(findTestObject("Object Repository/Page_Mood Administration Users Accounts Add_0e8dec/label_Username"), 0): Object 'Object Repository/Page_Mood Administration Users Accounts Add_0e8dec/label_Username' is visible

2022-01-15 23:58:35 - [MESSAGE][WARNING] - Timeout '0' is invalid. Using default page load timeout: '30'

2022-01-15 23:58:36 - [MESSAGE][PASSED] - Object 'Object Repository/Page_Mood Administration Users Accounts Add_0e8dec/label_Username' is visible

2022-01-15 23:58:36 - [TEST_STEP][PASSED] - setText(findTestObject("Object Repository/Page_Mood Administration Users Accounts Add_0e8dec/input_Username_username"), "dddinh"): Text 'dddinh' is set on object 'Object Repository/Page_Mood Administration Users Accounts Add_0e8dec/input_Username_username'

2022-01-15 23:58:37 - [MESSAGE][PASSED] - Text 'dddinh' is set on object 'Object Repository/Page_Mood Administration Users Accounts Add_0e8dec/input_Username_username'

2022-01-15 23:58:37 - [TEST_STEP][PASSED] - waitForElementVisible(findTestObject("Object Repository/Page_Mood Administration Users Accounts Add_0e8dec/label_New password"), 0): Object 'Object Repository/Page_Mood Administration Users Accounts Add_0e8dec/label_New password' is visible

2022-01-15 23:58:37 - [MESSAGE][WARNING] - Timeout '0' is invalid. Using default page load timeout: '30'

2022-01-15 23:58:37 - [MESSAGE][PASSED] - Object 'Object Repository/Page_Mood Administration Users Accounts Add_0e8dec/label_New password' is visible

2022-01-15 23:58:37 - [TEST_STEP][PASSED] - click(findTestObject("Object Repository/Page_Mood Administration Users Accounts Add_0e8dec/em_Click to enter text")): Object: 'Object Repository/Page_Mood Administration Users Accounts Add_0e8dec/em_Click to enter text' is clicked on

2022-01-15 23:59:08 - [MESSAGE][INFO] - Unable to find the element located by 'By.xpath: //a[@id='yui_3_17_2_1_1642242441890_767']/span/span/em'. Please recheck the objects properties to make sure the desired element is located. 

2022-01-15 23:59:08 - [MESSAGE][WARNING] - [SELF-HEALING] Failed to find element with id 'Object Repository/Page_Mood Administration Users Accounts Add_0e8dec/em_Click to enter text'. Try using Self-healing.

2022-01-15 23:59:09 - [MESSAGE][WARNING] - [SELF-HEALING] The current locator of test object 'Object Repository/Page_Mood Administration Users Accounts Add_0e8dec/em_Click to enter text' was broken. Propose an alternative one: '(.//*[normalize-space(text()) and normalize-space(.)='New password'])[1]/following::em[1]'.

2022-01-15 23:59:09 - [MESSAGE][PASSED] - Object: 'Object Repository/Page_Mood Administration Users Accounts Add_0e8dec/em_Click to enter text' is clicked on

2022-01-15 23:59:09 - [TEST_STEP][PASSED] - setEncryptedText(findTestObject("Object Repository/Page_Mood Administration Users Accounts Add_0e8dec/input_New password_newpassword"), "o9w1gihRZMDFxbRmKPFkOQ=="): Text ****** has been set on object 'Object Repository/Page_Mood Administration Users Accounts Add_0e8dec/input_New password_newpassword'

2022-01-15 23:59:09 - [MESSAGE][PASSED] - Text ****** has been set on object 'Object Repository/Page_Mood Administration Users Accounts Add_0e8dec/input_New password_newpassword'

2022-01-15 23:59:09 - [TEST_STEP][PASSED] - setText(findTestObject("Object Repository/Page_Mood Administration Users Accounts Add_0e8dec/input_First name_firstname"), "Dinh Dang"): Text 'Dinh Dang' is set on object 'Object Repository/Page_Mood Administration Users Accounts Add_0e8dec/input_First name_firstname'

2022-01-15 23:59:10 - [MESSAGE][PASSED] - Text 'Dinh Dang' is set on object 'Object Repository/Page_Mood Administration Users Accounts Add_0e8dec/input_First name_firstname'

2022-01-15 23:59:10 - [TEST_STEP][PASSED] - setText(findTestObject("Object Repository/Page_Mood Administration Users Accounts Add_0e8dec/input_Surname_lastname"), "Dinh"): Text 'Dinh' is set on object 'Object Repository/Page_Mood Administration Users Accounts Add_0e8dec/input_Surname_lastname'

2022-01-15 23:59:11 - [MESSAGE][PASSED] - Text 'Dinh' is set on object 'Object Repository/Page_Mood Administration Users Accounts Add_0e8dec/input_Surname_lastname'

2022-01-15 23:59:11 - [TEST_STEP][PASSED] - setText(findTestObject("Object Repository/Page_Mood Administration Users Accounts Add_0e8dec/input_Email address_email"), "dddinh19@gmail.com"): Text 'dddinh19@gmail.com' is set on object 'Object Repository/Page_Mood Administration Users Accounts Add_0e8dec/input_Email address_email'

2022-01-15 23:59:12 - [MESSAGE][PASSED] - Text 'dddinh19@gmail.com' is set on object 'Object Repository/Page_Mood Administration Users Accounts Add_0e8dec/input_Email address_email'

2022-01-15 23:59:12 - [TEST_STEP][PASSED] - waitForElementVisible(findTestObject("Object Repository/Page_Mood Administration Users Accounts Add_0e8dec/input_Address_cancel"), 0): Object 'Object Repository/Page_Mood Administration Users Accounts Add_0e8dec/input_Address_cancel' is visible

2022-01-15 23:59:12 - [MESSAGE][WARNING] - Timeout '0' is invalid. Using default page load timeout: '30'

2022-01-15 23:59:12 - [MESSAGE][PASSED] - Object 'Object Repository/Page_Mood Administration Users Accounts Add_0e8dec/input_Address_cancel' is visible

2022-01-15 23:59:12 - [TEST_STEP][PASSED] - click(findTestObject("Object Repository/Page_Mood Administration Users Accounts Add_0e8dec/input_Address_cancel")): Object: 'Object Repository/Page_Mood Administration Users Accounts Add_0e8dec/input_Address_cancel' is clicked on

2022-01-15 23:59:13 - [MESSAGE][PASSED] - Object: 'Object Repository/Page_Mood Administration Users Accounts Add_0e8dec/input_Address_cancel' is clicked on

2022-01-15 23:59:13 - [TEST_STEP][PASSED] - waitForElementVisible(findTestObject("Object Repository/Page_Error/button_Continue"), 0): Object 'Object Repository/Page_Error/button_Continue' is visible

2022-01-15 23:59:13 - [MESSAGE][WARNING] - Timeout '0' is invalid. Using default page load timeout: '30'

2022-01-15 23:59:44 - [MESSAGE][INFO] - Unable to find the element located by 'By.xpath: //button[@id='single_button61e18c0eb0ab214']'. Please recheck the objects properties to make sure the desired element is located. 

2022-01-15 23:59:44 - [MESSAGE][WARNING] - [SELF-HEALING] Failed to find element with id 'Object Repository/Page_Error/button_Continue'. Try using Self-healing.

2022-01-15 23:59:45 - [MESSAGE][WARNING] - [SELF-HEALING] The current locator of test object 'Object Repository/Page_Error/button_Continue' was broken. Propose an alternative one: '//section[@id='region-main']/div/div[2]/form/button'.

2022-01-15 23:59:45 - [MESSAGE][PASSED] - Object 'Object Repository/Page_Error/button_Continue' is visible

2022-01-15 23:59:45 - [TEST_STEP][PASSED] - click(findTestObject("Object Repository/Page_Error/button_Continue")): Object: 'Object Repository/Page_Error/button_Continue' is clicked on

2022-01-16 00:00:16 - [MESSAGE][INFO] - Unable to find the element located by 'By.xpath: //button[@id='single_button61e18c0eb0ab214']'. Please recheck the objects properties to make sure the desired element is located. 

2022-01-16 00:00:16 - [MESSAGE][WARNING] - [SELF-HEALING] Failed to find element with id 'Object Repository/Page_Error/button_Continue'. Try using Self-healing.

2022-01-16 00:00:16 - [MESSAGE][WARNING] - [SELF-HEALING] The current locator of test object 'Object Repository/Page_Error/button_Continue' was broken. Propose an alternative one: '//section[@id='region-main']/div/div[2]/form/button'.

2022-01-16 00:00:17 - [MESSAGE][PASSED] - Object: 'Object Repository/Page_Error/button_Continue' is clicked on

2022-01-16 00:00:17 - [TEST_STEP][PASSED] - closeBrowser(): Browser is closed

2022-01-16 00:00:17 - [MESSAGE][PASSED] - Browser is closed]]></system-out>
         <system-err><![CDATA[]]></system-err>
      </testcase>
      <testcase name="Test Cases/test case 11" time="81.345" classname="Test Cases/test case 11" status="FAILED">
         <failure type="FAILED" message="Test Cases/test case 11 FAILED.
Reason:
com.kms.katalon.core.exception.StepFailedException: Unable to select option by value '3' of object 'Object Repository/Page_Stats Participants/select_Quach Minh Khoi    qmkhoi19gmail.com_d68a25'  using regular expression
	at com.kms.katalon.core.webui.keyword.internal.WebUIKeywordMain.stepFailed(WebUIKeywordMain.groovy:64)
	at com.kms.katalon.core.webui.keyword.internal.WebUIKeywordMain.runKeyword(WebUIKeywordMain.groovy:26)
	at com.kms.katalon.core.webui.keyword.builtin.SelectOptionByValueKeyword.selectOptionByValue(SelectOptionByValueKeyword.groovy:99)
	at com.kms.katalon.core.webui.keyword.builtin.SelectOptionByValueKeyword.execute(SelectOptionByValueKeyword.groovy:71)
	at com.kms.katalon.core.keyword.internal.KeywordExecutor.executeKeywordForPlatform(KeywordExecutor.groovy:74)
	at com.kms.katalon.core.webui.keyword.WebUiBuiltInKeywords.selectOptionByValue(WebUiBuiltInKeywords.groovy:1168)
	at com.kms.katalon.core.webui.keyword.WebUiBuiltInKeywords$selectOptionByValue$6.call(Unknown Source)
	at test case 11.run(test case 11:63)
	at com.kms.katalon.core.main.ScriptEngine.run(ScriptEngine.java:194)
	at com.kms.katalon.core.main.ScriptEngine.runScriptAsRawText(ScriptEngine.java:119)
	at com.kms.katalon.core.main.TestCaseExecutor.runScript(TestCaseExecutor.java:442)
	at com.kms.katalon.core.main.TestCaseExecutor.doExecute(TestCaseExecutor.java:433)
	at com.kms.katalon.core.main.TestCaseExecutor.processExecutionPhase(TestCaseExecutor.java:412)
	at com.kms.katalon.core.main.TestCaseExecutor.accessMainPhase(TestCaseExecutor.java:404)
	at com.kms.katalon.core.main.TestCaseExecutor.execute(TestCaseExecutor.java:281)
	at com.kms.katalon.core.main.TestSuiteExecutor.accessTestCaseMainPhase(TestSuiteExecutor.java:202)
	at com.kms.katalon.core.main.TestSuiteExecutor.accessTestSuiteMainPhase(TestSuiteExecutor.java:164)
	at com.kms.katalon.core.main.TestSuiteExecutor.execute(TestSuiteExecutor.java:105)
	at com.kms.katalon.core.main.TestCaseMain.startTestSuite(TestCaseMain.java:181)
	at com.kms.katalon.core.main.TestCaseMain$startTestSuite$0.call(Unknown Source)
	at TempTestSuite1642265296699.run(TempTestSuite1642265296699.groovy:36)
Caused by: com.kms.katalon.core.exception.StepFailedException: No option matched.
	at com.kms.katalon.core.keyword.internal.KeywordMain.stepFailed(KeywordMain.groovy:50)
	at com.kms.katalon.core.keyword.internal.KeywordMain.stepFailed(KeywordMain.groovy)
	at com.kms.katalon.core.keyword.internal.KeywordMain.stepFailed(KeywordMain.groovy:23)
	at com.kms.katalon.core.webui.keyword.builtin.SelectOptionByValueKeyword$_selectOptionByValue_closure1.doCall(SelectOptionByValueKeyword.groovy:92)
	at com.kms.katalon.core.webui.keyword.builtin.SelectOptionByValueKeyword$_selectOptionByValue_closure1.call(SelectOptionByValueKeyword.groovy)
	at com.kms.katalon.core.webui.keyword.internal.WebUIKeywordMain.runKeyword(WebUIKeywordMain.groovy:20)
	... 19 more
"/>
         <system-out><![CDATA[2022-01-16 00:00:17 - [TEST_CASE][FAILED] - Test Cases/test case 11: Test Cases/test case 11 FAILED.
Reason:
com.kms.katalon.core.exception.StepFailedException: Unable to select option by value '3' of object 'Object Repository/Page_Stats Participants/select_Quach Minh Khoi    qmkhoi19gmail.com_d68a25'  using regular expression
	at com.kms.katalon.core.webui.keyword.internal.WebUIKeywordMain.stepFailed(WebUIKeywordMain.groovy:64)
	at com.kms.katalon.core.webui.keyword.internal.WebUIKeywordMain.runKeyword(WebUIKeywordMain.groovy:26)
	at com.kms.katalon.core.webui.keyword.builtin.SelectOptionByValueKeyword.selectOptionByValue(SelectOptionByValueKeyword.groovy:99)
	at com.kms.katalon.core.webui.keyword.builtin.SelectOptionByValueKeyword.execute(SelectOptionByValueKeyword.groovy:71)
	at com.kms.katalon.core.keyword.internal.KeywordExecutor.executeKeywordForPlatform(KeywordExecutor.groovy:74)
	at com.kms.katalon.core.webui.keyword.WebUiBuiltInKeywords.selectOptionByValue(WebUiBuiltInKeywords.groovy:1168)
	at com.kms.katalon.core.webui.keyword.WebUiBuiltInKeywords$selectOptionByValue$6.call(Unknown Source)
	at test case 11.run(test case 11:63)
	at com.kms.katalon.core.main.ScriptEngine.run(ScriptEngine.java:194)
	at com.kms.katalon.core.main.ScriptEngine.runScriptAsRawText(ScriptEngine.java:119)
	at com.kms.katalon.core.main.TestCaseExecutor.runScript(TestCaseExecutor.java:442)
	at com.kms.katalon.core.main.TestCaseExecutor.doExecute(TestCaseExecutor.java:433)
	at com.kms.katalon.core.main.TestCaseExecutor.processExecutionPhase(TestCaseExecutor.java:412)
	at com.kms.katalon.core.main.TestCaseExecutor.accessMainPhase(TestCaseExecutor.java:404)
	at com.kms.katalon.core.main.TestCaseExecutor.execute(TestCaseExecutor.java:281)
	at com.kms.katalon.core.main.TestSuiteExecutor.accessTestCaseMainPhase(TestSuiteExecutor.java:202)
	at com.kms.katalon.core.main.TestSuiteExecutor.accessTestSuiteMainPhase(TestSuiteExecutor.java:164)
	at com.kms.katalon.core.main.TestSuiteExecutor.execute(TestSuiteExecutor.java:105)
	at com.kms.katalon.core.main.TestCaseMain.startTestSuite(TestCaseMain.java:181)
	at com.kms.katalon.core.main.TestCaseMain$startTestSuite$0.call(Unknown Source)
	at TempTestSuite1642265296699.run(TempTestSuite1642265296699.groovy:36)
Caused by: com.kms.katalon.core.exception.StepFailedException: No option matched.
	at com.kms.katalon.core.keyword.internal.KeywordMain.stepFailed(KeywordMain.groovy:50)
	at com.kms.katalon.core.keyword.internal.KeywordMain.stepFailed(KeywordMain.groovy)
	at com.kms.katalon.core.keyword.internal.KeywordMain.stepFailed(KeywordMain.groovy:23)
	at com.kms.katalon.core.webui.keyword.builtin.SelectOptionByValueKeyword$_selectOptionByValue_closure1.doCall(SelectOptionByValueKeyword.groovy:92)
	at com.kms.katalon.core.webui.keyword.builtin.SelectOptionByValueKeyword$_selectOptionByValue_closure1.call(SelectOptionByValueKeyword.groovy)
	at com.kms.katalon.core.webui.keyword.internal.WebUIKeywordMain.runKeyword(WebUIKeywordMain.groovy:20)
	... 19 more


2022-01-16 00:00:18 - [TEST_STEP][PASSED] - openBrowser(""): Browser is opened with url: ''

2022-01-16 00:00:18 - [MESSAGE][INFO] - Starting 'Chrome' driver

2022-01-16 00:00:18 - [MESSAGE][INFO] - Action delay is set to 0 milliseconds

2022-01-16 00:00:19 - [MESSAGE][PASSED] - Browser is opened with url: ''

2022-01-16 00:00:19 - [TEST_STEP][PASSED] - navigateToUrl("http://localhost/"): Navigate to 'http://localhost/' successfully

2022-01-16 00:00:20 - [MESSAGE][PASSED] - Navigate to 'http://localhost/' successfully

2022-01-16 00:00:20 - [TEST_STEP][PASSED] - click(findTestObject("Object Repository/Page_Moodle/a_Log in")): Object: 'Object Repository/Page_Moodle/a_Log in' is clicked on

2022-01-16 00:00:21 - [MESSAGE][PASSED] - Object: 'Object Repository/Page_Moodle/a_Log in' is clicked on

2022-01-16 00:00:21 - [TEST_STEP][PASSED] - setText(findTestObject("Object Repository/Page_Moodle Log in to the site/input_Username_username"), "admin"): Text 'admin' is set on object 'Object Repository/Page_Moodle Log in to the site/input_Username_username'

2022-01-16 00:00:22 - [MESSAGE][PASSED] - Text 'admin' is set on object 'Object Repository/Page_Moodle Log in to the site/input_Username_username'

2022-01-16 00:00:22 - [TEST_STEP][PASSED] - setEncryptedText(findTestObject("Object Repository/Page_Moodle Log in to the site/input_Password_password"), "r6H/uPCyCbQX7sAf5E1f3g=="): Text ****** has been set on object 'Object Repository/Page_Moodle Log in to the site/input_Password_password'

2022-01-16 00:00:22 - [MESSAGE][PASSED] - Text ****** has been set on object 'Object Repository/Page_Moodle Log in to the site/input_Password_password'

2022-01-16 00:00:22 - [TEST_STEP][PASSED] - click(findTestObject("Object Repository/Page_Moodle Log in to the site/button_Log in")): Object: 'Object Repository/Page_Moodle Log in to the site/button_Log in' is clicked on

2022-01-16 00:00:23 - [MESSAGE][PASSED] - Object: 'Object Repository/Page_Moodle Log in to the site/button_Log in' is clicked on

2022-01-16 00:00:23 - [TEST_STEP][PASSED] - click(findTestObject("Object Repository/Page_Dashboard/span_Site administration")): Object: 'Object Repository/Page_Dashboard/span_Site administration' is clicked on

2022-01-16 00:00:25 - [MESSAGE][PASSED] - Object: 'Object Repository/Page_Dashboard/span_Site administration' is clicked on

2022-01-16 00:00:25 - [TEST_STEP][PASSED] - click(findTestObject("Object Repository/Page_Mood Administration Search/a_Courses")): Object: 'Object Repository/Page_Mood Administration Search/a_Courses' is clicked on

2022-01-16 00:00:26 - [MESSAGE][PASSED] - Object: 'Object Repository/Page_Mood Administration Search/a_Courses' is clicked on

2022-01-16 00:00:26 - [TEST_STEP][PASSED] - click(findTestObject("Object Repository/Page_Mood Administration Search/a_Add a new course")): Object: 'Object Repository/Page_Mood Administration Search/a_Add a new course' is clicked on

2022-01-16 00:00:27 - [MESSAGE][PASSED] - Object: 'Object Repository/Page_Mood Administration Search/a_Add a new course' is clicked on

2022-01-16 00:00:27 - [TEST_STEP][PASSED] - waitForElementVisible(findTestObject("Object Repository/Page_Mood Add a new course/input_Course full name_fullname"), 0): Object 'Object Repository/Page_Mood Add a new course/input_Course full name_fullname' is visible

2022-01-16 00:00:27 - [MESSAGE][WARNING] - Timeout '0' is invalid. Using default page load timeout: '30'

2022-01-16 00:00:28 - [MESSAGE][PASSED] - Object 'Object Repository/Page_Mood Add a new course/input_Course full name_fullname' is visible

2022-01-16 00:00:28 - [TEST_STEP][PASSED] - setText(findTestObject("Object Repository/Page_Mood Add a new course/input_Course full name_fullname"), "Statistics"): Text 'Statistics' is set on object 'Object Repository/Page_Mood Add a new course/input_Course full name_fullname'

2022-01-16 00:00:29 - [MESSAGE][PASSED] - Text 'Statistics' is set on object 'Object Repository/Page_Mood Add a new course/input_Course full name_fullname'

2022-01-16 00:00:29 - [TEST_STEP][PASSED] - setText(findTestObject("Object Repository/Page_Mood Add a new course/input_Course short name_shortname"), "Stats"): Text 'Stats' is set on object 'Object Repository/Page_Mood Add a new course/input_Course short name_shortname'

2022-01-16 00:00:30 - [MESSAGE][PASSED] - Text 'Stats' is set on object 'Object Repository/Page_Mood Add a new course/input_Course short name_shortname'

2022-01-16 00:00:30 - [TEST_STEP][PASSED] - waitForElementVisible(findTestObject("Object Repository/Page_Mood Add a new course/p_Course start date"), 0): Object 'Object Repository/Page_Mood Add a new course/p_Course start date' is visible

2022-01-16 00:00:30 - [MESSAGE][WARNING] - Timeout '0' is invalid. Using default page load timeout: '30'

2022-01-16 00:00:30 - [MESSAGE][PASSED] - Object 'Object Repository/Page_Mood Add a new course/p_Course start date' is visible

2022-01-16 00:00:30 - [TEST_STEP][PASSED] - selectOptionByValue(findTestObject("Object Repository/Page_Mood Add a new course/select_1        2        3        4        _45ea30"), "13", true): All options with value '13' are selected in object 'Object Repository/Page_Mood Add a new course/select_1        2        3        4        _45ea30'  using regular expression

2022-01-16 00:00:31 - [MESSAGE][PASSED] - All options with value '13' are selected in object 'Object Repository/Page_Mood Add a new course/select_1        2        3        4        _45ea30'  using regular expression

2022-01-16 00:00:31 - [TEST_STEP][PASSED] - selectOptionByValue(findTestObject("Object Repository/Page_Mood Add a new course/select_1        2        3        4        _45ea30_1"), "13", true): All options with value '13' are selected in object 'Object Repository/Page_Mood Add a new course/select_1        2        3        4        _45ea30_1'  using regular expression

2022-01-16 00:00:32 - [MESSAGE][PASSED] - All options with value '13' are selected in object 'Object Repository/Page_Mood Add a new course/select_1        2        3        4        _45ea30_1'  using regular expression

2022-01-16 00:00:32 - [TEST_STEP][PASSED] - waitForElementVisible(findTestObject("Object Repository/Page_Mood Add a new course/input__saveanddisplay"), 0): Object 'Object Repository/Page_Mood Add a new course/input__saveanddisplay' is visible

2022-01-16 00:00:33 - [MESSAGE][WARNING] - Timeout '0' is invalid. Using default page load timeout: '30'

2022-01-16 00:00:33 - [MESSAGE][PASSED] - Object 'Object Repository/Page_Mood Add a new course/input__saveanddisplay' is visible

2022-01-16 00:00:33 - [TEST_STEP][PASSED] - click(findTestObject("Object Repository/Page_Mood Add a new course/input__saveanddisplay")): Object: 'Object Repository/Page_Mood Add a new course/input__saveanddisplay' is clicked on

2022-01-16 00:00:34 - [MESSAGE][PASSED] - Object: 'Object Repository/Page_Mood Add a new course/input__saveanddisplay' is clicked on

2022-01-16 00:00:34 - [TEST_STEP][PASSED] - click(findTestObject("Object Repository/Page_Stats Participants/input_Participants_btn btn-secondary my-1")): Object: 'Object Repository/Page_Stats Participants/input_Participants_btn btn-secondary my-1' is clicked on

2022-01-16 00:00:35 - [MESSAGE][PASSED] - Object: 'Object Repository/Page_Stats Participants/input_Participants_btn btn-secondary my-1' is clicked on

2022-01-16 00:00:35 - [TEST_STEP][PASSED] - click(findTestObject("Object Repository/Page_Stats Participants/span_")): Object: 'Object Repository/Page_Stats Participants/span_' is clicked on

2022-01-16 00:01:06 - [MESSAGE][INFO] - Unable to find the element located by 'By.xpath: //span[@id='form_autocomplete_downarrow-1642173244309']'. Please recheck the objects properties to make sure the desired element is located. 

2022-01-16 00:01:06 - [MESSAGE][WARNING] - [SELF-HEALING] Failed to find element with id 'Object Repository/Page_Stats Participants/span_'. Try using Self-healing.

2022-01-16 00:01:06 - [MESSAGE][WARNING] - [SELF-HEALING] The current locator of test object 'Object Repository/Page_Stats Participants/span_' was broken. Propose an alternative one: '//div[@id='fitem_id_userlist']/div[2]/div[3]/span'.

2022-01-16 00:01:06 - [MESSAGE][PASSED] - Object: 'Object Repository/Page_Stats Participants/span_' is clicked on

2022-01-16 00:01:06 - [TEST_STEP][PASSED] - click(findTestObject("Object Repository/Page_Stats Participants/span_Quach Minh Khoi")): Object: 'Object Repository/Page_Stats Participants/span_Quach Minh Khoi' is clicked on

2022-01-16 00:01:37 - [MESSAGE][INFO] - Unable to find the element located by 'By.xpath: //li[@id='form_autocomplete_suggestions-1642173244309-0']/span/span'. Please recheck the objects properties to make sure the desired element is located. 

2022-01-16 00:01:37 - [MESSAGE][WARNING] - [SELF-HEALING] Failed to find element with id 'Object Repository/Page_Stats Participants/span_Quach Minh Khoi'. Try using Self-healing.

2022-01-16 00:01:37 - [MESSAGE][WARNING] - [SELF-HEALING] The current locator of test object 'Object Repository/Page_Stats Participants/span_Quach Minh Khoi' was broken. Propose an alternative one: '(.//*[normalize-space(text()) and normalize-space(.)='▼'])[1]/following::span[2]'.

2022-01-16 00:01:37 - [MESSAGE][PASSED] - Object: 'Object Repository/Page_Stats Participants/span_Quach Minh Khoi' is clicked on

2022-01-16 00:01:37 - [TEST_STEP][FAILED] - selectOptionByValue(findTestObject("Object Repository/Page_Stats Participants/select_Quach Minh Khoi    qmkhoi19gmail.com_d68a25"), "3", true): Unable to select option by value '3' of object 'Object Repository/Page_Stats Participants/select_Quach Minh Khoi    qmkhoi19gmail.com_d68a25'  using regular expression (Root cause: com.kms.katalon.core.exception.StepFailedException: Unable to select option by value '3' of object 'Object Repository/Page_Stats Participants/select_Quach Minh Khoi    qmkhoi19gmail.com_d68a25'  using regular expression
	at com.kms.katalon.core.webui.keyword.internal.WebUIKeywordMain.stepFailed(WebUIKeywordMain.groovy:64)
	at com.kms.katalon.core.webui.keyword.internal.WebUIKeywordMain.runKeyword(WebUIKeywordMain.groovy:26)
	at com.kms.katalon.core.webui.keyword.builtin.SelectOptionByValueKeyword.selectOptionByValue(SelectOptionByValueKeyword.groovy:99)
	at com.kms.katalon.core.webui.keyword.builtin.SelectOptionByValueKeyword.execute(SelectOptionByValueKeyword.groovy:71)
	at com.kms.katalon.core.keyword.internal.KeywordExecutor.executeKeywordForPlatform(KeywordExecutor.groovy:74)
	at com.kms.katalon.core.webui.keyword.WebUiBuiltInKeywords.selectOptionByValue(WebUiBuiltInKeywords.groovy:1168)
	at com.kms.katalon.core.webui.keyword.WebUiBuiltInKeywords$selectOptionByValue$6.call(Unknown Source)
	at test case 11.run(test case 11:63)
	at com.kms.katalon.core.main.ScriptEngine.run(ScriptEngine.java:194)
	at com.kms.katalon.core.main.ScriptEngine.runScriptAsRawText(ScriptEngine.java:119)
	at com.kms.katalon.core.main.TestCaseExecutor.runScript(TestCaseExecutor.java:442)
	at com.kms.katalon.core.main.TestCaseExecutor.doExecute(TestCaseExecutor.java:433)
	at com.kms.katalon.core.main.TestCaseExecutor.processExecutionPhase(TestCaseExecutor.java:412)
	at com.kms.katalon.core.main.TestCaseExecutor.accessMainPhase(TestCaseExecutor.java:404)
	at com.kms.katalon.core.main.TestCaseExecutor.execute(TestCaseExecutor.java:281)
	at com.kms.katalon.core.main.TestSuiteExecutor.accessTestCaseMainPhase(TestSuiteExecutor.java:202)
	at com.kms.katalon.core.main.TestSuiteExecutor.accessTestSuiteMainPhase(TestSuiteExecutor.java:164)
	at com.kms.katalon.core.main.TestSuiteExecutor.execute(TestSuiteExecutor.java:105)
	at com.kms.katalon.core.main.TestCaseMain.startTestSuite(TestCaseMain.java:181)
	at com.kms.katalon.core.main.TestCaseMain$startTestSuite$0.call(Unknown Source)
	at TempTestSuite1642265296699.run(TempTestSuite1642265296699.groovy:36)
Caused by: com.kms.katalon.core.exception.StepFailedException: No option matched.
	at com.kms.katalon.core.keyword.internal.KeywordMain.stepFailed(KeywordMain.groovy:50)
	at com.kms.katalon.core.keyword.internal.KeywordMain.stepFailed(KeywordMain.groovy)
	at com.kms.katalon.core.keyword.internal.KeywordMain.stepFailed(KeywordMain.groovy:23)
	at com.kms.katalon.core.webui.keyword.builtin.SelectOptionByValueKeyword$_selectOptionByValue_closure1.doCall(SelectOptionByValueKeyword.groovy:92)
	at com.kms.katalon.core.webui.keyword.builtin.SelectOptionByValueKeyword$_selectOptionByValue_closure1.call(SelectOptionByValueKeyword.groovy)
	at com.kms.katalon.core.webui.keyword.internal.WebUIKeywordMain.runKeyword(WebUIKeywordMain.groovy:20)
	at com.kms.katalon.core.webui.keyword.builtin.SelectOptionByValueKeyword.selectOptionByValue(SelectOptionByValueKeyword.groovy:99)
	at com.kms.katalon.core.webui.keyword.builtin.SelectOptionByValueKeyword.execute(SelectOptionByValueKeyword.groovy:71)
	at com.kms.katalon.core.keyword.internal.KeywordExecutor.executeKeywordForPlatform(KeywordExecutor.groovy:74)
	at com.kms.katalon.core.webui.keyword.WebUiBuiltInKeywords.selectOptionByValue(WebUiBuiltInKeywords.groovy:1168)
	at com.kms.katalon.core.webui.keyword.WebUiBuiltInKeywords$selectOptionByValue$6.call(Unknown Source)
	at Script1642172123224.run(Script1642172123224.groovy:63)
	... 13 more
)

2022-01-16 00:01:39 - [MESSAGE][FAILED] - No option matched.

2022-01-16 00:01:39 - [MESSAGE][FAILED] - Unable to select option by value '3' of object 'Object Repository/Page_Stats Participants/select_Quach Minh Khoi    qmkhoi19gmail.com_d68a25'  using regular expression (Root cause: com.kms.katalon.core.exception.StepFailedException: Unable to select option by value '3' of object 'Object Repository/Page_Stats Participants/select_Quach Minh Khoi    qmkhoi19gmail.com_d68a25'  using regular expression
	at com.kms.katalon.core.webui.keyword.internal.WebUIKeywordMain.stepFailed(WebUIKeywordMain.groovy:64)
	at com.kms.katalon.core.webui.keyword.internal.WebUIKeywordMain.runKeyword(WebUIKeywordMain.groovy:26)
	at com.kms.katalon.core.webui.keyword.builtin.SelectOptionByValueKeyword.selectOptionByValue(SelectOptionByValueKeyword.groovy:99)
	at com.kms.katalon.core.webui.keyword.builtin.SelectOptionByValueKeyword.execute(SelectOptionByValueKeyword.groovy:71)
	at com.kms.katalon.core.keyword.internal.KeywordExecutor.executeKeywordForPlatform(KeywordExecutor.groovy:74)
	at com.kms.katalon.core.webui.keyword.WebUiBuiltInKeywords.selectOptionByValue(WebUiBuiltInKeywords.groovy:1168)
	at com.kms.katalon.core.webui.keyword.WebUiBuiltInKeywords$selectOptionByValue$6.call(Unknown Source)
	at test case 11.run(test case 11:63)
	at com.kms.katalon.core.main.ScriptEngine.run(ScriptEngine.java:194)
	at com.kms.katalon.core.main.ScriptEngine.runScriptAsRawText(ScriptEngine.java:119)
	at com.kms.katalon.core.main.TestCaseExecutor.runScript(TestCaseExecutor.java:442)
	at com.kms.katalon.core.main.TestCaseExecutor.doExecute(TestCaseExecutor.java:433)
	at com.kms.katalon.core.main.TestCaseExecutor.processExecutionPhase(TestCaseExecutor.java:412)
	at com.kms.katalon.core.main.TestCaseExecutor.accessMainPhase(TestCaseExecutor.java:404)
	at com.kms.katalon.core.main.TestCaseExecutor.execute(TestCaseExecutor.java:281)
	at com.kms.katalon.core.main.TestSuiteExecutor.accessTestCaseMainPhase(TestSuiteExecutor.java:202)
	at com.kms.katalon.core.main.TestSuiteExecutor.accessTestSuiteMainPhase(TestSuiteExecutor.java:164)
	at com.kms.katalon.core.main.TestSuiteExecutor.execute(TestSuiteExecutor.java:105)
	at com.kms.katalon.core.main.TestCaseMain.startTestSuite(TestCaseMain.java:181)
	at com.kms.katalon.core.main.TestCaseMain$startTestSuite$0.call(Unknown Source)
	at TempTestSuite1642265296699.run(TempTestSuite1642265296699.groovy:36)
Caused by: com.kms.katalon.core.exception.StepFailedException: No option matched.
	at com.kms.katalon.core.keyword.internal.KeywordMain.stepFailed(KeywordMain.groovy:50)
	at com.kms.katalon.core.keyword.internal.KeywordMain.stepFailed(KeywordMain.groovy)
	at com.kms.katalon.core.keyword.internal.KeywordMain.stepFailed(KeywordMain.groovy:23)
	at com.kms.katalon.core.webui.keyword.builtin.SelectOptionByValueKeyword$_selectOptionByValue_closure1.doCall(SelectOptionByValueKeyword.groovy:92)
	at com.kms.katalon.core.webui.keyword.builtin.SelectOptionByValueKeyword$_selectOptionByValue_closure1.call(SelectOptionByValueKeyword.groovy)
	at com.kms.katalon.core.webui.keyword.internal.WebUIKeywordMain.runKeyword(WebUIKeywordMain.groovy:20)
	at com.kms.katalon.core.webui.keyword.builtin.SelectOptionByValueKeyword.selectOptionByValue(SelectOptionByValueKeyword.groovy:99)
	at com.kms.katalon.core.webui.keyword.builtin.SelectOptionByValueKeyword.execute(SelectOptionByValueKeyword.groovy:71)
	at com.kms.katalon.core.keyword.internal.KeywordExecutor.executeKeywordForPlatform(KeywordExecutor.groovy:74)
	at com.kms.katalon.core.webui.keyword.WebUiBuiltInKeywords.selectOptionByValue(WebUiBuiltInKeywords.groovy:1168)
	at com.kms.katalon.core.webui.keyword.WebUiBuiltInKeywords$selectOptionByValue$6.call(Unknown Source)
	at Script1642172123224.run(Script1642172123224.groovy:63)
	... 13 more
)
[[ATTACHMENT|D:\\Test-Automation-SE-Bonus\\Test-Automation-SE-Bonus\\Reports\\20220115_234816\\Run all test cases\\20220115_234816\\1642266099056.png]]]]></system-out>
         <system-err><![CDATA[2022-01-16 00:00:17 - [TEST_CASE][FAILED] - Test Cases/test case 11: Test Cases/test case 11 FAILED.
Reason:
com.kms.katalon.core.exception.StepFailedException: Unable to select option by value '3' of object 'Object Repository/Page_Stats Participants/select_Quach Minh Khoi    qmkhoi19gmail.com_d68a25'  using regular expression
	at com.kms.katalon.core.webui.keyword.internal.WebUIKeywordMain.stepFailed(WebUIKeywordMain.groovy:64)
	at com.kms.katalon.core.webui.keyword.internal.WebUIKeywordMain.runKeyword(WebUIKeywordMain.groovy:26)
	at com.kms.katalon.core.webui.keyword.builtin.SelectOptionByValueKeyword.selectOptionByValue(SelectOptionByValueKeyword.groovy:99)
	at com.kms.katalon.core.webui.keyword.builtin.SelectOptionByValueKeyword.execute(SelectOptionByValueKeyword.groovy:71)
	at com.kms.katalon.core.keyword.internal.KeywordExecutor.executeKeywordForPlatform(KeywordExecutor.groovy:74)
	at com.kms.katalon.core.webui.keyword.WebUiBuiltInKeywords.selectOptionByValue(WebUiBuiltInKeywords.groovy:1168)
	at com.kms.katalon.core.webui.keyword.WebUiBuiltInKeywords$selectOptionByValue$6.call(Unknown Source)
	at test case 11.run(test case 11:63)
	at com.kms.katalon.core.main.ScriptEngine.run(ScriptEngine.java:194)
	at com.kms.katalon.core.main.ScriptEngine.runScriptAsRawText(ScriptEngine.java:119)
	at com.kms.katalon.core.main.TestCaseExecutor.runScript(TestCaseExecutor.java:442)
	at com.kms.katalon.core.main.TestCaseExecutor.doExecute(TestCaseExecutor.java:433)
	at com.kms.katalon.core.main.TestCaseExecutor.processExecutionPhase(TestCaseExecutor.java:412)
	at com.kms.katalon.core.main.TestCaseExecutor.accessMainPhase(TestCaseExecutor.java:404)
	at com.kms.katalon.core.main.TestCaseExecutor.execute(TestCaseExecutor.java:281)
	at com.kms.katalon.core.main.TestSuiteExecutor.accessTestCaseMainPhase(TestSuiteExecutor.java:202)
	at com.kms.katalon.core.main.TestSuiteExecutor.accessTestSuiteMainPhase(TestSuiteExecutor.java:164)
	at com.kms.katalon.core.main.TestSuiteExecutor.execute(TestSuiteExecutor.java:105)
	at com.kms.katalon.core.main.TestCaseMain.startTestSuite(TestCaseMain.java:181)
	at com.kms.katalon.core.main.TestCaseMain$startTestSuite$0.call(Unknown Source)
	at TempTestSuite1642265296699.run(TempTestSuite1642265296699.groovy:36)
Caused by: com.kms.katalon.core.exception.StepFailedException: No option matched.
	at com.kms.katalon.core.keyword.internal.KeywordMain.stepFailed(KeywordMain.groovy:50)
	at com.kms.katalon.core.keyword.internal.KeywordMain.stepFailed(KeywordMain.groovy)
	at com.kms.katalon.core.keyword.internal.KeywordMain.stepFailed(KeywordMain.groovy:23)
	at com.kms.katalon.core.webui.keyword.builtin.SelectOptionByValueKeyword$_selectOptionByValue_closure1.doCall(SelectOptionByValueKeyword.groovy:92)
	at com.kms.katalon.core.webui.keyword.builtin.SelectOptionByValueKeyword$_selectOptionByValue_closure1.call(SelectOptionByValueKeyword.groovy)
	at com.kms.katalon.core.webui.keyword.internal.WebUIKeywordMain.runKeyword(WebUIKeywordMain.groovy:20)
	... 19 more]]></system-err>
      </testcase>
      <testcase name="Test Cases/test case 12" time="116.162" classname="Test Cases/test case 12" status="FAILED">
         <failure type="FAILED" message="Test Cases/test case 12 FAILED.
Reason:
com.kms.katalon.core.exception.StepFailedException: Unable to click on object 'Object Repository/Page_Stats Participants/input_Participants_btn btn-secondary my-1'
	at com.kms.katalon.core.webui.keyword.internal.WebUIKeywordMain.stepFailed(WebUIKeywordMain.groovy:64)
	at com.kms.katalon.core.webui.keyword.internal.WebUIKeywordMain.runKeyword(WebUIKeywordMain.groovy:26)
	at com.kms.katalon.core.webui.keyword.builtin.ClickKeyword.click(ClickKeyword.groovy:74)
	at com.kms.katalon.core.webui.keyword.builtin.ClickKeyword.execute(ClickKeyword.groovy:40)
	at com.kms.katalon.core.keyword.internal.KeywordExecutor.executeKeywordForPlatform(KeywordExecutor.groovy:74)
	at com.kms.katalon.core.webui.keyword.WebUiBuiltInKeywords.click(WebUiBuiltInKeywords.groovy:620)
	at com.kms.katalon.core.webui.keyword.WebUiBuiltInKeywords$click$1.call(Unknown Source)
	at test case 12.run(test case 12:61)
	at com.kms.katalon.core.main.ScriptEngine.run(ScriptEngine.java:194)
	at com.kms.katalon.core.main.ScriptEngine.runScriptAsRawText(ScriptEngine.java:119)
	at com.kms.katalon.core.main.TestCaseExecutor.runScript(TestCaseExecutor.java:442)
	at com.kms.katalon.core.main.TestCaseExecutor.doExecute(TestCaseExecutor.java:433)
	at com.kms.katalon.core.main.TestCaseExecutor.processExecutionPhase(TestCaseExecutor.java:412)
	at com.kms.katalon.core.main.TestCaseExecutor.accessMainPhase(TestCaseExecutor.java:404)
	at com.kms.katalon.core.main.TestCaseExecutor.execute(TestCaseExecutor.java:281)
	at com.kms.katalon.core.main.TestSuiteExecutor.accessTestCaseMainPhase(TestSuiteExecutor.java:202)
	at com.kms.katalon.core.main.TestSuiteExecutor.accessTestSuiteMainPhase(TestSuiteExecutor.java:164)
	at com.kms.katalon.core.main.TestSuiteExecutor.execute(TestSuiteExecutor.java:105)
	at com.kms.katalon.core.main.TestCaseMain.startTestSuite(TestCaseMain.java:181)
	at com.kms.katalon.core.main.TestCaseMain$startTestSuite$0.call(Unknown Source)
	at TempTestSuite1642265296699.run(TempTestSuite1642265296699.groovy:36)
Caused by: com.kms.katalon.core.webui.exception.WebElementNotFoundException: Web element with id: 'Object Repository/Page_Stats Participants/input_Participants_btn btn-secondary my-1' located by '//input[@value='Enrol users']' not found
	at com.kms.katalon.core.webui.common.WebUiCommonHelper.findWebElement(WebUiCommonHelper.java:1368)
	at com.kms.katalon.core.webui.keyword.internal.WebUIAbstractKeyword.findWebElement(WebUIAbstractKeyword.groovy:27)
	at com.kms.katalon.core.webui.keyword.builtin.ClickKeyword$_click_closure1.doCall(ClickKeyword.groovy:65)
	at com.kms.katalon.core.webui.keyword.builtin.ClickKeyword$_click_closure1.call(ClickKeyword.groovy)
	at com.kms.katalon.core.webui.keyword.internal.WebUIKeywordMain.runKeyword(WebUIKeywordMain.groovy:20)
	... 19 more
"/>
         <system-out><![CDATA[2022-01-16 00:01:39 - [TEST_CASE][FAILED] - Test Cases/test case 12: Test Cases/test case 12 FAILED.
Reason:
com.kms.katalon.core.exception.StepFailedException: Unable to click on object 'Object Repository/Page_Stats Participants/input_Participants_btn btn-secondary my-1'
	at com.kms.katalon.core.webui.keyword.internal.WebUIKeywordMain.stepFailed(WebUIKeywordMain.groovy:64)
	at com.kms.katalon.core.webui.keyword.internal.WebUIKeywordMain.runKeyword(WebUIKeywordMain.groovy:26)
	at com.kms.katalon.core.webui.keyword.builtin.ClickKeyword.click(ClickKeyword.groovy:74)
	at com.kms.katalon.core.webui.keyword.builtin.ClickKeyword.execute(ClickKeyword.groovy:40)
	at com.kms.katalon.core.keyword.internal.KeywordExecutor.executeKeywordForPlatform(KeywordExecutor.groovy:74)
	at com.kms.katalon.core.webui.keyword.WebUiBuiltInKeywords.click(WebUiBuiltInKeywords.groovy:620)
	at com.kms.katalon.core.webui.keyword.WebUiBuiltInKeywords$click$1.call(Unknown Source)
	at test case 12.run(test case 12:61)
	at com.kms.katalon.core.main.ScriptEngine.run(ScriptEngine.java:194)
	at com.kms.katalon.core.main.ScriptEngine.runScriptAsRawText(ScriptEngine.java:119)
	at com.kms.katalon.core.main.TestCaseExecutor.runScript(TestCaseExecutor.java:442)
	at com.kms.katalon.core.main.TestCaseExecutor.doExecute(TestCaseExecutor.java:433)
	at com.kms.katalon.core.main.TestCaseExecutor.processExecutionPhase(TestCaseExecutor.java:412)
	at com.kms.katalon.core.main.TestCaseExecutor.accessMainPhase(TestCaseExecutor.java:404)
	at com.kms.katalon.core.main.TestCaseExecutor.execute(TestCaseExecutor.java:281)
	at com.kms.katalon.core.main.TestSuiteExecutor.accessTestCaseMainPhase(TestSuiteExecutor.java:202)
	at com.kms.katalon.core.main.TestSuiteExecutor.accessTestSuiteMainPhase(TestSuiteExecutor.java:164)
	at com.kms.katalon.core.main.TestSuiteExecutor.execute(TestSuiteExecutor.java:105)
	at com.kms.katalon.core.main.TestCaseMain.startTestSuite(TestCaseMain.java:181)
	at com.kms.katalon.core.main.TestCaseMain$startTestSuite$0.call(Unknown Source)
	at TempTestSuite1642265296699.run(TempTestSuite1642265296699.groovy:36)
Caused by: com.kms.katalon.core.webui.exception.WebElementNotFoundException: Web element with id: 'Object Repository/Page_Stats Participants/input_Participants_btn btn-secondary my-1' located by '//input[@value='Enrol users']' not found
	at com.kms.katalon.core.webui.common.WebUiCommonHelper.findWebElement(WebUiCommonHelper.java:1368)
	at com.kms.katalon.core.webui.keyword.internal.WebUIAbstractKeyword.findWebElement(WebUIAbstractKeyword.groovy:27)
	at com.kms.katalon.core.webui.keyword.builtin.ClickKeyword$_click_closure1.doCall(ClickKeyword.groovy:65)
	at com.kms.katalon.core.webui.keyword.builtin.ClickKeyword$_click_closure1.call(ClickKeyword.groovy)
	at com.kms.katalon.core.webui.keyword.internal.WebUIKeywordMain.runKeyword(WebUIKeywordMain.groovy:20)
	... 19 more


2022-01-16 00:01:39 - [TEST_STEP][PASSED] - openBrowser(""): Browser is opened with url: ''

2022-01-16 00:01:39 - [MESSAGE][WARNING] - A browser is already opened. Closing browser and opening a new one

2022-01-16 00:01:40 - [MESSAGE][INFO] - Starting 'Chrome' driver

2022-01-16 00:01:40 - [MESSAGE][INFO] - Action delay is set to 0 milliseconds

2022-01-16 00:01:41 - [MESSAGE][PASSED] - Browser is opened with url: ''

2022-01-16 00:01:41 - [TEST_STEP][PASSED] - navigateToUrl("http://localhost/"): Navigate to 'http://localhost/' successfully

2022-01-16 00:01:43 - [MESSAGE][PASSED] - Navigate to 'http://localhost/' successfully

2022-01-16 00:01:43 - [TEST_STEP][PASSED] - click(findTestObject("Object Repository/Page_Moodle/a_Log in")): Object: 'Object Repository/Page_Moodle/a_Log in' is clicked on

2022-01-16 00:01:43 - [MESSAGE][PASSED] - Object: 'Object Repository/Page_Moodle/a_Log in' is clicked on

2022-01-16 00:01:43 - [TEST_STEP][PASSED] - setText(findTestObject("Object Repository/Page_Moodle Log in to the site/input_Username_username"), "admin"): Text 'admin' is set on object 'Object Repository/Page_Moodle Log in to the site/input_Username_username'

2022-01-16 00:01:44 - [MESSAGE][PASSED] - Text 'admin' is set on object 'Object Repository/Page_Moodle Log in to the site/input_Username_username'

2022-01-16 00:01:44 - [TEST_STEP][PASSED] - setEncryptedText(findTestObject("Object Repository/Page_Moodle Log in to the site/input_Password_password"), "r6H/uPCyCbQX7sAf5E1f3g=="): Text ****** has been set on object 'Object Repository/Page_Moodle Log in to the site/input_Password_password'

2022-01-16 00:01:44 - [MESSAGE][PASSED] - Text ****** has been set on object 'Object Repository/Page_Moodle Log in to the site/input_Password_password'

2022-01-16 00:01:44 - [TEST_STEP][PASSED] - click(findTestObject("Object Repository/Page_Moodle Log in to the site/button_Log in")): Object: 'Object Repository/Page_Moodle Log in to the site/button_Log in' is clicked on

2022-01-16 00:01:46 - [MESSAGE][PASSED] - Object: 'Object Repository/Page_Moodle Log in to the site/button_Log in' is clicked on

2022-01-16 00:01:46 - [TEST_STEP][PASSED] - click(findTestObject("Object Repository/Page_Dashboard/span_Site administration")): Object: 'Object Repository/Page_Dashboard/span_Site administration' is clicked on

2022-01-16 00:01:47 - [MESSAGE][PASSED] - Object: 'Object Repository/Page_Dashboard/span_Site administration' is clicked on

2022-01-16 00:01:47 - [TEST_STEP][PASSED] - click(findTestObject("Object Repository/Page_Mood Administration Search/a_Courses")): Object: 'Object Repository/Page_Mood Administration Search/a_Courses' is clicked on

2022-01-16 00:01:48 - [MESSAGE][PASSED] - Object: 'Object Repository/Page_Mood Administration Search/a_Courses' is clicked on

2022-01-16 00:01:48 - [TEST_STEP][PASSED] - click(findTestObject("Object Repository/Page_Mood Administration Search/a_Manage courses and categories")): Object: 'Object Repository/Page_Mood Administration Search/a_Manage courses and categories' is clicked on

2022-01-16 00:01:49 - [MESSAGE][PASSED] - Object: 'Object Repository/Page_Mood Administration Search/a_Manage courses and categories' is clicked on

2022-01-16 00:01:49 - [TEST_STEP][PASSED] - click(findTestObject("Object Repository/Page_Course and category management/a_Create new course")): Object: 'Object Repository/Page_Course and category management/a_Create new course' is clicked on

2022-01-16 00:02:20 - [MESSAGE][INFO] - Unable to find the element located by 'By.xpath: //div[@id='yui_3_17_2_1_1642173112741_71']/div/div/a'. Please recheck the objects properties to make sure the desired element is located. 

2022-01-16 00:02:20 - [MESSAGE][WARNING] - [SELF-HEALING] Failed to find element with id 'Object Repository/Page_Course and category management/a_Create new course'. Try using Self-healing.

2022-01-16 00:02:20 - [MESSAGE][WARNING] - [SELF-HEALING] The current locator of test object 'Object Repository/Page_Course and category management/a_Create new course' was broken. Propose an alternative one: '//a[contains(text(),'Create new course')]'.

2022-01-16 00:02:21 - [MESSAGE][PASSED] - Object: 'Object Repository/Page_Course and category management/a_Create new course' is clicked on

2022-01-16 00:02:21 - [TEST_STEP][PASSED] - waitForElementVisible(findTestObject("Object Repository/Page_Mood Add a new course/label_Course full name"), 0): Object 'Object Repository/Page_Mood Add a new course/label_Course full name' is visible

2022-01-16 00:02:21 - [MESSAGE][WARNING] - Timeout '0' is invalid. Using default page load timeout: '30'

2022-01-16 00:02:22 - [MESSAGE][PASSED] - Object 'Object Repository/Page_Mood Add a new course/label_Course full name' is visible

2022-01-16 00:02:22 - [TEST_STEP][PASSED] - setText(findTestObject("Object Repository/Page_Mood Add a new course/input_Course full name_fullname"), "Statistics"): Text 'Statistics' is set on object 'Object Repository/Page_Mood Add a new course/input_Course full name_fullname'

2022-01-16 00:02:23 - [MESSAGE][PASSED] - Text 'Statistics' is set on object 'Object Repository/Page_Mood Add a new course/input_Course full name_fullname'

2022-01-16 00:02:23 - [TEST_STEP][PASSED] - setText(findTestObject("Object Repository/Page_Mood Add a new course/input_Course short name_shortname"), "Stats"): Text 'Stats' is set on object 'Object Repository/Page_Mood Add a new course/input_Course short name_shortname'

2022-01-16 00:02:24 - [MESSAGE][PASSED] - Text 'Stats' is set on object 'Object Repository/Page_Mood Add a new course/input_Course short name_shortname'

2022-01-16 00:02:24 - [TEST_STEP][PASSED] - waitForElementVisible(findTestObject("Object Repository/Page_Mood Add a new course/p_Course start date"), 0): Object 'Object Repository/Page_Mood Add a new course/p_Course start date' is visible

2022-01-16 00:02:24 - [MESSAGE][WARNING] - Timeout '0' is invalid. Using default page load timeout: '30'

2022-01-16 00:02:24 - [MESSAGE][PASSED] - Object 'Object Repository/Page_Mood Add a new course/p_Course start date' is visible

2022-01-16 00:02:24 - [TEST_STEP][PASSED] - selectOptionByValue(findTestObject("Object Repository/Page_Mood Add a new course/select_1        2        3        4        _45ea30"), "13", true): All options with value '13' are selected in object 'Object Repository/Page_Mood Add a new course/select_1        2        3        4        _45ea30'  using regular expression

2022-01-16 00:02:25 - [MESSAGE][PASSED] - All options with value '13' are selected in object 'Object Repository/Page_Mood Add a new course/select_1        2        3        4        _45ea30'  using regular expression

2022-01-16 00:02:25 - [TEST_STEP][PASSED] - selectOptionByValue(findTestObject("Object Repository/Page_Mood Add a new course/select_1        2        3        4        _45ea30_1"), "13", true): All options with value '13' are selected in object 'Object Repository/Page_Mood Add a new course/select_1        2        3        4        _45ea30_1'  using regular expression

2022-01-16 00:02:26 - [MESSAGE][PASSED] - All options with value '13' are selected in object 'Object Repository/Page_Mood Add a new course/select_1        2        3        4        _45ea30_1'  using regular expression

2022-01-16 00:02:26 - [TEST_STEP][PASSED] - waitForElementVisible(findTestObject("Object Repository/Page_Mood Add a new course/input__saveanddisplay"), 0): Object 'Object Repository/Page_Mood Add a new course/input__saveanddisplay' is visible

2022-01-16 00:02:26 - [MESSAGE][WARNING] - Timeout '0' is invalid. Using default page load timeout: '30'

2022-01-16 00:02:27 - [MESSAGE][PASSED] - Object 'Object Repository/Page_Mood Add a new course/input__saveanddisplay' is visible

2022-01-16 00:02:27 - [TEST_STEP][PASSED] - click(findTestObject("Object Repository/Page_Mood Add a new course/input__saveanddisplay")): Object: 'Object Repository/Page_Mood Add a new course/input__saveanddisplay' is clicked on

2022-01-16 00:02:28 - [MESSAGE][PASSED] - Object: 'Object Repository/Page_Mood Add a new course/input__saveanddisplay' is clicked on

2022-01-16 00:02:28 - [TEST_STEP][ERROR] - waitForElementVisible(findTestObject("Object Repository/Page_Stats Participants/input_Participants_btn btn-secondary my-1"), 0): Web element with id: 'Object Repository/Page_Stats Participants/input_Participants_btn btn-secondary my-1' located by '//input[@value='Enrol users']' not found

2022-01-16 00:02:28 - [MESSAGE][WARNING] - Timeout '0' is invalid. Using default page load timeout: '30'

2022-01-16 00:02:59 - [MESSAGE][INFO] - Unable to find the element located by 'By.xpath: //input[@value='Enrol users']'. Please recheck the objects properties to make sure the desired element is located. 

2022-01-16 00:02:59 - [MESSAGE][WARNING] - [SELF-HEALING] Failed to find element with id 'Object Repository/Page_Stats Participants/input_Participants_btn btn-secondary my-1'. Try using Self-healing.

2022-01-16 00:03:00 - [MESSAGE][INFO] - [SELF-HEALING] Failed Locator: '//input[@value='Enrol users']'.

2022-01-16 00:03:00 - [MESSAGE][INFO] - [SELF-HEALING] Failed Locator: '//form[@id='enrolusersbutton-1']/div/input'.

2022-01-16 00:03:00 - [MESSAGE][INFO] - [SELF-HEALING] Working Locator: '//input'.

2022-01-16 00:03:00 - [MESSAGE][ERROR] - [SELF-HEALING] Cannot save screenshot to: D:\Test-Automation-SE-Bonus\Test-Automation-SE-Bonus\Reports\Self-healing, reason: unknown error: unhandled inspector error: {"code":-32000,"message":"Cannot take screenshot with 0 width."}
  (Session info: chrome=97.0.4692.71)
Build info: version: '3.141.59', revision: 'e82be7d358', time: '2018-11-14T08:25:53'
System info: host: 'DESKTOP-5AUJFCN', ip: '192.168.1.8', os.name: 'Windows 10', os.arch: 'amd64', os.version: '10.0', java.version: '1.8.0_282'
Driver info: com.kms.katalon.selenium.driver.CChromeDriver
Capabilities {acceptInsecureCerts: false, browserName: chrome, browserVersion: 97.0.4692.71, chrome: {chromedriverVersion: 97.0.4692.71 (adefa7837d02a..., userDataDir: C:\Users\LENOVO\AppData\Loc...}, goog:chromeOptions: {debuggerAddress: localhost:59474}, javascriptEnabled: true, networkConnectionEnabled: false, pageLoadStrategy: normal, platform: WINDOWS, platformName: WINDOWS, proxy: Proxy(), setWindowRect: true, strictFileInteractability: false, timeouts: {implicit: 0, pageLoad: 300000, script: 30000}, unhandledPromptBehavior: dismiss and notify, webauthn:extension:credBlob: true, webauthn:extension:largeBlob: true, webauthn:virtualAuthenticators: true}
Session ID: f7f6b800f3e782c53c54c7517ea08b2b.

2022-01-16 00:03:00 - [MESSAGE][ERROR] - [SELF-HEALING] Cannot save screenshot to: D:\Test-Automation-SE-Bonus\Test-Automation-SE-Bonus\Reports\Self-healing, reason: unknown error: unhandled inspector error: {"code":-32000,"message":"Cannot take screenshot with 0 width."}
  (Session info: chrome=97.0.4692.71)
Build info: version: '3.141.59', revision: 'e82be7d358', time: '2018-11-14T08:25:53'
System info: host: 'DESKTOP-5AUJFCN', ip: '192.168.1.8', os.name: 'Windows 10', os.arch: 'amd64', os.version: '10.0', java.version: '1.8.0_282'
Driver info: com.kms.katalon.selenium.driver.CChromeDriver
Capabilities {acceptInsecureCerts: false, browserName: chrome, browserVersion: 97.0.4692.71, chrome: {chromedriverVersion: 97.0.4692.71 (adefa7837d02a..., userDataDir: C:\Users\LENOVO\AppData\Loc...}, goog:chromeOptions: {debuggerAddress: localhost:59474}, javascriptEnabled: true, networkConnectionEnabled: false, pageLoadStrategy: normal, platform: WINDOWS, platformName: WINDOWS, proxy: Proxy(), setWindowRect: true, strictFileInteractability: false, timeouts: {implicit: 0, pageLoad: 300000, script: 30000}, unhandledPromptBehavior: dismiss and notify, webauthn:extension:credBlob: true, webauthn:extension:largeBlob: true, webauthn:virtualAuthenticators: true}
Session ID: f7f6b800f3e782c53c54c7517ea08b2b.

2022-01-16 00:03:00 - [MESSAGE][WARNING] - [SELF-HEALING] 'other' is different type of Path

2022-01-16 00:03:00 - [MESSAGE][ERROR] - [SELF-HEALING] Cannot save screenshot to: D:\Test-Automation-SE-Bonus\Test-Automation-SE-Bonus\Reports\Self-healing, reason: unknown error: unhandled inspector error: {"code":-32000,"message":"Cannot take screenshot with 0 width."}
  (Session info: chrome=97.0.4692.71)
Build info: version: '3.141.59', revision: 'e82be7d358', time: '2018-11-14T08:25:53'
System info: host: 'DESKTOP-5AUJFCN', ip: '192.168.1.8', os.name: 'Windows 10', os.arch: 'amd64', os.version: '10.0', java.version: '1.8.0_282'
Driver info: com.kms.katalon.selenium.driver.CChromeDriver
Capabilities {acceptInsecureCerts: false, browserName: chrome, browserVersion: 97.0.4692.71, chrome: {chromedriverVersion: 97.0.4692.71 (adefa7837d02a..., userDataDir: C:\Users\LENOVO\AppData\Loc...}, goog:chromeOptions: {debuggerAddress: localhost:59474}, javascriptEnabled: true, networkConnectionEnabled: false, pageLoadStrategy: normal, platform: WINDOWS, platformName: WINDOWS, proxy: Proxy(), setWindowRect: true, strictFileInteractability: false, timeouts: {implicit: 0, pageLoad: 300000, script: 30000}, unhandledPromptBehavior: dismiss and notify, webauthn:extension:credBlob: true, webauthn:extension:largeBlob: true, webauthn:virtualAuthenticators: true}
Session ID: f7f6b800f3e782c53c54c7517ea08b2b.

2022-01-16 00:03:00 - [MESSAGE][WARNING] - [SELF-HEALING] 'other' is different type of Path

2022-01-16 00:03:01 - [MESSAGE][INFO] - Unable to find the element located by 'By.cssSelector: input.btn.btn-secondary.my-1'. Please recheck the objects properties to make sure the desired element is located. 

2022-01-16 00:03:01 - [MESSAGE][WARNING] - Web element with id: 'Object Repository/Page_Stats Participants/input_Participants_btn btn-secondary my-1' located by '//input[@value='Enrol users']' not found

2022-01-16 00:03:01 - [TEST_STEP][FAILED] - click(findTestObject("Object Repository/Page_Stats Participants/input_Participants_btn btn-secondary my-1")): Unable to click on object 'Object Repository/Page_Stats Participants/input_Participants_btn btn-secondary my-1' (Root cause: com.kms.katalon.core.exception.StepFailedException: Unable to click on object 'Object Repository/Page_Stats Participants/input_Participants_btn btn-secondary my-1'
	at com.kms.katalon.core.webui.keyword.internal.WebUIKeywordMain.stepFailed(WebUIKeywordMain.groovy:64)
	at com.kms.katalon.core.webui.keyword.internal.WebUIKeywordMain.runKeyword(WebUIKeywordMain.groovy:26)
	at com.kms.katalon.core.webui.keyword.builtin.ClickKeyword.click(ClickKeyword.groovy:74)
	at com.kms.katalon.core.webui.keyword.builtin.ClickKeyword.execute(ClickKeyword.groovy:40)
	at com.kms.katalon.core.keyword.internal.KeywordExecutor.executeKeywordForPlatform(KeywordExecutor.groovy:74)
	at com.kms.katalon.core.webui.keyword.WebUiBuiltInKeywords.click(WebUiBuiltInKeywords.groovy:620)
	at com.kms.katalon.core.webui.keyword.WebUiBuiltInKeywords$click$1.call(Unknown Source)
	at test case 12.run(test case 12:61)
	at com.kms.katalon.core.main.ScriptEngine.run(ScriptEngine.java:194)
	at com.kms.katalon.core.main.ScriptEngine.runScriptAsRawText(ScriptEngine.java:119)
	at com.kms.katalon.core.main.TestCaseExecutor.runScript(TestCaseExecutor.java:442)
	at com.kms.katalon.core.main.TestCaseExecutor.doExecute(TestCaseExecutor.java:433)
	at com.kms.katalon.core.main.TestCaseExecutor.processExecutionPhase(TestCaseExecutor.java:412)
	at com.kms.katalon.core.main.TestCaseExecutor.accessMainPhase(TestCaseExecutor.java:404)
	at com.kms.katalon.core.main.TestCaseExecutor.execute(TestCaseExecutor.java:281)
	at com.kms.katalon.core.main.TestSuiteExecutor.accessTestCaseMainPhase(TestSuiteExecutor.java:202)
	at com.kms.katalon.core.main.TestSuiteExecutor.accessTestSuiteMainPhase(TestSuiteExecutor.java:164)
	at com.kms.katalon.core.main.TestSuiteExecutor.execute(TestSuiteExecutor.java:105)
	at com.kms.katalon.core.main.TestCaseMain.startTestSuite(TestCaseMain.java:181)
	at com.kms.katalon.core.main.TestCaseMain$startTestSuite$0.call(Unknown Source)
	at TempTestSuite1642265296699.run(TempTestSuite1642265296699.groovy:36)
Caused by: com.kms.katalon.core.webui.exception.WebElementNotFoundException: Web element with id: 'Object Repository/Page_Stats Participants/input_Participants_btn btn-secondary my-1' located by '//input[@value='Enrol users']' not found
	at com.kms.katalon.core.webui.common.WebUiCommonHelper.findWebElement(WebUiCommonHelper.java:1368)
	at com.kms.katalon.core.webui.keyword.internal.WebUIAbstractKeyword.findWebElement(WebUIAbstractKeyword.groovy:27)
	at com.kms.katalon.core.webui.keyword.builtin.ClickKeyword$_click_closure1.doCall(ClickKeyword.groovy:65)
	at com.kms.katalon.core.webui.keyword.builtin.ClickKeyword$_click_closure1.call(ClickKeyword.groovy)
	at com.kms.katalon.core.webui.keyword.internal.WebUIKeywordMain.runKeyword(WebUIKeywordMain.groovy:20)
	at com.kms.katalon.core.webui.keyword.builtin.ClickKeyword.click(ClickKeyword.groovy:74)
	at com.kms.katalon.core.webui.keyword.builtin.ClickKeyword.execute(ClickKeyword.groovy:40)
	at com.kms.katalon.core.keyword.internal.KeywordExecutor.executeKeywordForPlatform(KeywordExecutor.groovy:74)
	at com.kms.katalon.core.webui.keyword.WebUiBuiltInKeywords.click(WebUiBuiltInKeywords.groovy:620)
	at com.kms.katalon.core.webui.keyword.WebUiBuiltInKeywords$click$1.call(Unknown Source)
	at Script1642173057211.run(Script1642173057211.groovy:61)
	... 13 more
)

2022-01-16 00:03:33 - [MESSAGE][INFO] - Unable to find the element located by 'By.xpath: //input[@value='Enrol users']'. Please recheck the objects properties to make sure the desired element is located. 

2022-01-16 00:03:33 - [MESSAGE][WARNING] - [SELF-HEALING] Failed to find element with id 'Object Repository/Page_Stats Participants/input_Participants_btn btn-secondary my-1'. Try using Self-healing.

2022-01-16 00:03:33 - [MESSAGE][INFO] - [SELF-HEALING] Failed Locator: '//input[@value='Enrol users']'.

2022-01-16 00:03:33 - [MESSAGE][INFO] - [SELF-HEALING] Failed Locator: '//form[@id='enrolusersbutton-1']/div/input'.

2022-01-16 00:03:33 - [MESSAGE][INFO] - [SELF-HEALING] Working Locator: '//input'.

2022-01-16 00:03:33 - [MESSAGE][ERROR] - [SELF-HEALING] Cannot save screenshot to: D:\Test-Automation-SE-Bonus\Test-Automation-SE-Bonus\Reports\Self-healing, reason: unknown error: unhandled inspector error: {"code":-32000,"message":"Cannot take screenshot with 0 width."}
  (Session info: chrome=97.0.4692.71)
Build info: version: '3.141.59', revision: 'e82be7d358', time: '2018-11-14T08:25:53'
System info: host: 'DESKTOP-5AUJFCN', ip: '192.168.1.8', os.name: 'Windows 10', os.arch: 'amd64', os.version: '10.0', java.version: '1.8.0_282'
Driver info: com.kms.katalon.selenium.driver.CChromeDriver
Capabilities {acceptInsecureCerts: false, browserName: chrome, browserVersion: 97.0.4692.71, chrome: {chromedriverVersion: 97.0.4692.71 (adefa7837d02a..., userDataDir: C:\Users\LENOVO\AppData\Loc...}, goog:chromeOptions: {debuggerAddress: localhost:59474}, javascriptEnabled: true, networkConnectionEnabled: false, pageLoadStrategy: normal, platform: WINDOWS, platformName: WINDOWS, proxy: Proxy(), setWindowRect: true, strictFileInteractability: false, timeouts: {implicit: 0, pageLoad: 300000, script: 30000}, unhandledPromptBehavior: dismiss and notify, webauthn:extension:credBlob: true, webauthn:extension:largeBlob: true, webauthn:virtualAuthenticators: true}
Session ID: f7f6b800f3e782c53c54c7517ea08b2b.

2022-01-16 00:03:33 - [MESSAGE][ERROR] - [SELF-HEALING] Cannot save screenshot to: D:\Test-Automation-SE-Bonus\Test-Automation-SE-Bonus\Reports\Self-healing, reason: unknown error: unhandled inspector error: {"code":-32000,"message":"Cannot take screenshot with 0 width."}
  (Session info: chrome=97.0.4692.71)
Build info: version: '3.141.59', revision: 'e82be7d358', time: '2018-11-14T08:25:53'
System info: host: 'DESKTOP-5AUJFCN', ip: '192.168.1.8', os.name: 'Windows 10', os.arch: 'amd64', os.version: '10.0', java.version: '1.8.0_282'
Driver info: com.kms.katalon.selenium.driver.CChromeDriver
Capabilities {acceptInsecureCerts: false, browserName: chrome, browserVersion: 97.0.4692.71, chrome: {chromedriverVersion: 97.0.4692.71 (adefa7837d02a..., userDataDir: C:\Users\LENOVO\AppData\Loc...}, goog:chromeOptions: {debuggerAddress: localhost:59474}, javascriptEnabled: true, networkConnectionEnabled: false, pageLoadStrategy: normal, platform: WINDOWS, platformName: WINDOWS, proxy: Proxy(), setWindowRect: true, strictFileInteractability: false, timeouts: {implicit: 0, pageLoad: 300000, script: 30000}, unhandledPromptBehavior: dismiss and notify, webauthn:extension:credBlob: true, webauthn:extension:largeBlob: true, webauthn:virtualAuthenticators: true}
Session ID: f7f6b800f3e782c53c54c7517ea08b2b.

2022-01-16 00:03:33 - [MESSAGE][WARNING] - [SELF-HEALING] 'other' is different type of Path

2022-01-16 00:03:34 - [MESSAGE][ERROR] - [SELF-HEALING] Cannot save screenshot to: D:\Test-Automation-SE-Bonus\Test-Automation-SE-Bonus\Reports\Self-healing, reason: unknown error: unhandled inspector error: {"code":-32000,"message":"Cannot take screenshot with 0 width."}
  (Session info: chrome=97.0.4692.71)
Build info: version: '3.141.59', revision: 'e82be7d358', time: '2018-11-14T08:25:53'
System info: host: 'DESKTOP-5AUJFCN', ip: '192.168.1.8', os.name: 'Windows 10', os.arch: 'amd64', os.version: '10.0', java.version: '1.8.0_282'
Driver info: com.kms.katalon.selenium.driver.CChromeDriver
Capabilities {acceptInsecureCerts: false, browserName: chrome, browserVersion: 97.0.4692.71, chrome: {chromedriverVersion: 97.0.4692.71 (adefa7837d02a..., userDataDir: C:\Users\LENOVO\AppData\Loc...}, goog:chromeOptions: {debuggerAddress: localhost:59474}, javascriptEnabled: true, networkConnectionEnabled: false, pageLoadStrategy: normal, platform: WINDOWS, platformName: WINDOWS, proxy: Proxy(), setWindowRect: true, strictFileInteractability: false, timeouts: {implicit: 0, pageLoad: 300000, script: 30000}, unhandledPromptBehavior: dismiss and notify, webauthn:extension:credBlob: true, webauthn:extension:largeBlob: true, webauthn:virtualAuthenticators: true}
Session ID: f7f6b800f3e782c53c54c7517ea08b2b.

2022-01-16 00:03:34 - [MESSAGE][WARNING] - [SELF-HEALING] 'other' is different type of Path

2022-01-16 00:03:35 - [MESSAGE][INFO] - Unable to find the element located by 'By.cssSelector: input.btn.btn-secondary.my-1'. Please recheck the objects properties to make sure the desired element is located. 

2022-01-16 00:03:35 - [MESSAGE][FAILED] - Unable to click on object 'Object Repository/Page_Stats Participants/input_Participants_btn btn-secondary my-1' (Root cause: com.kms.katalon.core.exception.StepFailedException: Unable to click on object 'Object Repository/Page_Stats Participants/input_Participants_btn btn-secondary my-1'
	at com.kms.katalon.core.webui.keyword.internal.WebUIKeywordMain.stepFailed(WebUIKeywordMain.groovy:64)
	at com.kms.katalon.core.webui.keyword.internal.WebUIKeywordMain.runKeyword(WebUIKeywordMain.groovy:26)
	at com.kms.katalon.core.webui.keyword.builtin.ClickKeyword.click(ClickKeyword.groovy:74)
	at com.kms.katalon.core.webui.keyword.builtin.ClickKeyword.execute(ClickKeyword.groovy:40)
	at com.kms.katalon.core.keyword.internal.KeywordExecutor.executeKeywordForPlatform(KeywordExecutor.groovy:74)
	at com.kms.katalon.core.webui.keyword.WebUiBuiltInKeywords.click(WebUiBuiltInKeywords.groovy:620)
	at com.kms.katalon.core.webui.keyword.WebUiBuiltInKeywords$click$1.call(Unknown Source)
	at test case 12.run(test case 12:61)
	at com.kms.katalon.core.main.ScriptEngine.run(ScriptEngine.java:194)
	at com.kms.katalon.core.main.ScriptEngine.runScriptAsRawText(ScriptEngine.java:119)
	at com.kms.katalon.core.main.TestCaseExecutor.runScript(TestCaseExecutor.java:442)
	at com.kms.katalon.core.main.TestCaseExecutor.doExecute(TestCaseExecutor.java:433)
	at com.kms.katalon.core.main.TestCaseExecutor.processExecutionPhase(TestCaseExecutor.java:412)
	at com.kms.katalon.core.main.TestCaseExecutor.accessMainPhase(TestCaseExecutor.java:404)
	at com.kms.katalon.core.main.TestCaseExecutor.execute(TestCaseExecutor.java:281)
	at com.kms.katalon.core.main.TestSuiteExecutor.accessTestCaseMainPhase(TestSuiteExecutor.java:202)
	at com.kms.katalon.core.main.TestSuiteExecutor.accessTestSuiteMainPhase(TestSuiteExecutor.java:164)
	at com.kms.katalon.core.main.TestSuiteExecutor.execute(TestSuiteExecutor.java:105)
	at com.kms.katalon.core.main.TestCaseMain.startTestSuite(TestCaseMain.java:181)
	at com.kms.katalon.core.main.TestCaseMain$startTestSuite$0.call(Unknown Source)
	at TempTestSuite1642265296699.run(TempTestSuite1642265296699.groovy:36)
Caused by: com.kms.katalon.core.webui.exception.WebElementNotFoundException: Web element with id: 'Object Repository/Page_Stats Participants/input_Participants_btn btn-secondary my-1' located by '//input[@value='Enrol users']' not found
	at com.kms.katalon.core.webui.common.WebUiCommonHelper.findWebElement(WebUiCommonHelper.java:1368)
	at com.kms.katalon.core.webui.keyword.internal.WebUIAbstractKeyword.findWebElement(WebUIAbstractKeyword.groovy:27)
	at com.kms.katalon.core.webui.keyword.builtin.ClickKeyword$_click_closure1.doCall(ClickKeyword.groovy:65)
	at com.kms.katalon.core.webui.keyword.builtin.ClickKeyword$_click_closure1.call(ClickKeyword.groovy)
	at com.kms.katalon.core.webui.keyword.internal.WebUIKeywordMain.runKeyword(WebUIKeywordMain.groovy:20)
	at com.kms.katalon.core.webui.keyword.builtin.ClickKeyword.click(ClickKeyword.groovy:74)
	at com.kms.katalon.core.webui.keyword.builtin.ClickKeyword.execute(ClickKeyword.groovy:40)
	at com.kms.katalon.core.keyword.internal.KeywordExecutor.executeKeywordForPlatform(KeywordExecutor.groovy:74)
	at com.kms.katalon.core.webui.keyword.WebUiBuiltInKeywords.click(WebUiBuiltInKeywords.groovy:620)
	at com.kms.katalon.core.webui.keyword.WebUiBuiltInKeywords$click$1.call(Unknown Source)
	at Script1642173057211.run(Script1642173057211.groovy:61)
	... 13 more
)
[[ATTACHMENT|D:\\Test-Automation-SE-Bonus\\Test-Automation-SE-Bonus\\Reports\\20220115_234816\\Run all test cases\\20220115_234816\\1642266215243.png]]]]></system-out>
         <system-err><![CDATA[2022-01-16 00:01:39 - [TEST_CASE][FAILED] - Test Cases/test case 12: Test Cases/test case 12 FAILED.
Reason:
com.kms.katalon.core.exception.StepFailedException: Unable to click on object 'Object Repository/Page_Stats Participants/input_Participants_btn btn-secondary my-1'
	at com.kms.katalon.core.webui.keyword.internal.WebUIKeywordMain.stepFailed(WebUIKeywordMain.groovy:64)
	at com.kms.katalon.core.webui.keyword.internal.WebUIKeywordMain.runKeyword(WebUIKeywordMain.groovy:26)
	at com.kms.katalon.core.webui.keyword.builtin.ClickKeyword.click(ClickKeyword.groovy:74)
	at com.kms.katalon.core.webui.keyword.builtin.ClickKeyword.execute(ClickKeyword.groovy:40)
	at com.kms.katalon.core.keyword.internal.KeywordExecutor.executeKeywordForPlatform(KeywordExecutor.groovy:74)
	at com.kms.katalon.core.webui.keyword.WebUiBuiltInKeywords.click(WebUiBuiltInKeywords.groovy:620)
	at com.kms.katalon.core.webui.keyword.WebUiBuiltInKeywords$click$1.call(Unknown Source)
	at test case 12.run(test case 12:61)
	at com.kms.katalon.core.main.ScriptEngine.run(ScriptEngine.java:194)
	at com.kms.katalon.core.main.ScriptEngine.runScriptAsRawText(ScriptEngine.java:119)
	at com.kms.katalon.core.main.TestCaseExecutor.runScript(TestCaseExecutor.java:442)
	at com.kms.katalon.core.main.TestCaseExecutor.doExecute(TestCaseExecutor.java:433)
	at com.kms.katalon.core.main.TestCaseExecutor.processExecutionPhase(TestCaseExecutor.java:412)
	at com.kms.katalon.core.main.TestCaseExecutor.accessMainPhase(TestCaseExecutor.java:404)
	at com.kms.katalon.core.main.TestCaseExecutor.execute(TestCaseExecutor.java:281)
	at com.kms.katalon.core.main.TestSuiteExecutor.accessTestCaseMainPhase(TestSuiteExecutor.java:202)
	at com.kms.katalon.core.main.TestSuiteExecutor.accessTestSuiteMainPhase(TestSuiteExecutor.java:164)
	at com.kms.katalon.core.main.TestSuiteExecutor.execute(TestSuiteExecutor.java:105)
	at com.kms.katalon.core.main.TestCaseMain.startTestSuite(TestCaseMain.java:181)
	at com.kms.katalon.core.main.TestCaseMain$startTestSuite$0.call(Unknown Source)
	at TempTestSuite1642265296699.run(TempTestSuite1642265296699.groovy:36)
Caused by: com.kms.katalon.core.webui.exception.WebElementNotFoundException: Web element with id: 'Object Repository/Page_Stats Participants/input_Participants_btn btn-secondary my-1' located by '//input[@value='Enrol users']' not found
	at com.kms.katalon.core.webui.common.WebUiCommonHelper.findWebElement(WebUiCommonHelper.java:1368)
	at com.kms.katalon.core.webui.keyword.internal.WebUIAbstractKeyword.findWebElement(WebUIAbstractKeyword.groovy:27)
	at com.kms.katalon.core.webui.keyword.builtin.ClickKeyword$_click_closure1.doCall(ClickKeyword.groovy:65)
	at com.kms.katalon.core.webui.keyword.builtin.ClickKeyword$_click_closure1.call(ClickKeyword.groovy)
	at com.kms.katalon.core.webui.keyword.internal.WebUIKeywordMain.runKeyword(WebUIKeywordMain.groovy:20)
	... 19 more]]></system-err>
      </testcase>
      <testcase name="Test Cases/test case 13" time="44.755" classname="Test Cases/test case 13" status="PASSED">
         <system-out><![CDATA[2022-01-16 00:03:35 - [TEST_CASE][PASSED] - Test Cases/test case 13: Test Cases/test case 13

2022-01-16 00:03:35 - [TEST_STEP][PASSED] - openBrowser(""): Browser is opened with url: ''

2022-01-16 00:03:35 - [MESSAGE][WARNING] - A browser is already opened. Closing browser and opening a new one

2022-01-16 00:03:36 - [MESSAGE][INFO] - Starting 'Chrome' driver

2022-01-16 00:03:36 - [MESSAGE][INFO] - Action delay is set to 0 milliseconds

2022-01-16 00:03:37 - [MESSAGE][PASSED] - Browser is opened with url: ''

2022-01-16 00:03:37 - [TEST_STEP][PASSED] - navigateToUrl("http://localhost/"): Navigate to 'http://localhost/' successfully

2022-01-16 00:03:38 - [MESSAGE][PASSED] - Navigate to 'http://localhost/' successfully

2022-01-16 00:03:38 - [TEST_STEP][PASSED] - click(findTestObject("Object Repository/Page_Moodle/a_Log in")): Object: 'Object Repository/Page_Moodle/a_Log in' is clicked on

2022-01-16 00:03:39 - [MESSAGE][PASSED] - Object: 'Object Repository/Page_Moodle/a_Log in' is clicked on

2022-01-16 00:03:39 - [TEST_STEP][PASSED] - setText(findTestObject("Object Repository/Page_Moodle Log in to the site/input_Username_username"), "admin"): Text 'admin' is set on object 'Object Repository/Page_Moodle Log in to the site/input_Username_username'

2022-01-16 00:03:40 - [MESSAGE][PASSED] - Text 'admin' is set on object 'Object Repository/Page_Moodle Log in to the site/input_Username_username'

2022-01-16 00:03:40 - [TEST_STEP][PASSED] - setEncryptedText(findTestObject("Object Repository/Page_Moodle Log in to the site/input_Password_password"), "r6H/uPCyCbQX7sAf5E1f3g=="): Text ****** has been set on object 'Object Repository/Page_Moodle Log in to the site/input_Password_password'

2022-01-16 00:03:40 - [MESSAGE][PASSED] - Text ****** has been set on object 'Object Repository/Page_Moodle Log in to the site/input_Password_password'

2022-01-16 00:03:40 - [TEST_STEP][PASSED] - click(findTestObject("Object Repository/Page_Moodle Log in to the site/button_Log in")): Object: 'Object Repository/Page_Moodle Log in to the site/button_Log in' is clicked on

2022-01-16 00:03:41 - [MESSAGE][PASSED] - Object: 'Object Repository/Page_Moodle Log in to the site/button_Log in' is clicked on

2022-01-16 00:03:41 - [TEST_STEP][PASSED] - verifyElementText(findTestObject("Object Repository/Page_Dashboard/span_Site administration"), "Site administration"): Actual text and expected text of test object 'Object Repository/Page_Dashboard/span_Site administration' are matched.

2022-01-16 00:03:43 - [MESSAGE][PASSED] - Actual text and expected text of test object 'Object Repository/Page_Dashboard/span_Site administration' are matched.

2022-01-16 00:03:43 - [TEST_STEP][PASSED] - click(findTestObject("Object Repository/Page_Dashboard/span_Site administration")): Object: 'Object Repository/Page_Dashboard/span_Site administration' is clicked on

2022-01-16 00:03:44 - [MESSAGE][PASSED] - Object: 'Object Repository/Page_Dashboard/span_Site administration' is clicked on

2022-01-16 00:03:44 - [TEST_STEP][PASSED] - click(findTestObject("Object Repository/Page_Mood Administration Search/a_Courses")): Object: 'Object Repository/Page_Mood Administration Search/a_Courses' is clicked on

2022-01-16 00:03:44 - [MESSAGE][PASSED] - Object: 'Object Repository/Page_Mood Administration Search/a_Courses' is clicked on

2022-01-16 00:03:44 - [TEST_STEP][PASSED] - click(findTestObject("Object Repository/Page_Mood Administration Search/a_Add a new course")): Object: 'Object Repository/Page_Mood Administration Search/a_Add a new course' is clicked on

2022-01-16 00:03:46 - [MESSAGE][PASSED] - Object: 'Object Repository/Page_Mood Administration Search/a_Add a new course' is clicked on

2022-01-16 00:03:46 - [TEST_STEP][PASSED] - verifyElementText(findTestObject("Object Repository/Page_Mood Add a new course/h2_Add a new course"), "Add a new course"): Actual text and expected text of test object 'Object Repository/Page_Mood Add a new course/h2_Add a new course' are matched.

2022-01-16 00:04:17 - [MESSAGE][INFO] - Unable to find the element located by 'By.xpath: //div[@id='yui_3_17_2_1_1642243253552_65']/h2'. Please recheck the objects properties to make sure the desired element is located. 

2022-01-16 00:04:17 - [MESSAGE][WARNING] - [SELF-HEALING] Failed to find element with id 'Object Repository/Page_Mood Add a new course/h2_Add a new course'. Try using Self-healing.

2022-01-16 00:04:17 - [MESSAGE][WARNING] - [SELF-HEALING] The current locator of test object 'Object Repository/Page_Mood Add a new course/h2_Add a new course' was broken. Propose an alternative one: '(.//*[normalize-space(text()) and normalize-space(.)='Add a new course'])[1]/following::h2[1]'.

2022-01-16 00:04:18 - [MESSAGE][PASSED] - Actual text and expected text of test object 'Object Repository/Page_Mood Add a new course/h2_Add a new course' are matched.

2022-01-16 00:04:18 - [TEST_STEP][PASSED] - waitForElementVisible(findTestObject("Object Repository/Page_Mood Add a new course/input__saveanddisplay"), 0): Object 'Object Repository/Page_Mood Add a new course/input__saveanddisplay' is visible

2022-01-16 00:04:18 - [MESSAGE][WARNING] - Timeout '0' is invalid. Using default page load timeout: '30'

2022-01-16 00:04:18 - [MESSAGE][PASSED] - Object 'Object Repository/Page_Mood Add a new course/input__saveanddisplay' is visible

2022-01-16 00:04:18 - [TEST_STEP][PASSED] - click(findTestObject("Object Repository/Page_Mood Add a new course/input__saveanddisplay")): Object: 'Object Repository/Page_Mood Add a new course/input__saveanddisplay' is clicked on

2022-01-16 00:04:18 - [MESSAGE][PASSED] - Object: 'Object Repository/Page_Mood Add a new course/input__saveanddisplay' is clicked on

2022-01-16 00:04:18 - [TEST_STEP][PASSED] - verifyElementText(findTestObject("Object Repository/Page_Mood Add a new course/div_- Missing full name"), "- Missing full name"): Actual text and expected text of test object 'Object Repository/Page_Mood Add a new course/div_- Missing full name' are matched.

2022-01-16 00:04:19 - [MESSAGE][PASSED] - Actual text and expected text of test object 'Object Repository/Page_Mood Add a new course/div_- Missing full name' are matched.

2022-01-16 00:04:19 - [TEST_STEP][PASSED] - verifyElementText(findTestObject("Object Repository/Page_Mood Add a new course/div_- Missing short name"), "- Missing short name"): Actual text and expected text of test object 'Object Repository/Page_Mood Add a new course/div_- Missing short name' are matched.

2022-01-16 00:04:19 - [MESSAGE][PASSED] - Actual text and expected text of test object 'Object Repository/Page_Mood Add a new course/div_- Missing short name' are matched.

2022-01-16 00:04:19 - [TEST_STEP][PASSED] - closeBrowser(): Browser is closed

2022-01-16 00:04:20 - [MESSAGE][PASSED] - Browser is closed]]></system-out>
         <system-err><![CDATA[]]></system-err>
      </testcase>
      <testcase name="Test Cases/test case 14" time="47.218" classname="Test Cases/test case 14" status="PASSED">
         <system-out><![CDATA[2022-01-16 00:04:20 - [TEST_CASE][PASSED] - Test Cases/test case 14: Test Cases/test case 14

2022-01-16 00:04:20 - [TEST_STEP][PASSED] - openBrowser(""): Browser is opened with url: ''

2022-01-16 00:04:20 - [MESSAGE][INFO] - Starting 'Chrome' driver

2022-01-16 00:04:20 - [MESSAGE][INFO] - Action delay is set to 0 milliseconds

2022-01-16 00:04:21 - [MESSAGE][PASSED] - Browser is opened with url: ''

2022-01-16 00:04:21 - [TEST_STEP][PASSED] - navigateToUrl("http://localhost/"): Navigate to 'http://localhost/' successfully

2022-01-16 00:04:22 - [MESSAGE][PASSED] - Navigate to 'http://localhost/' successfully

2022-01-16 00:04:22 - [TEST_STEP][PASSED] - click(findTestObject("Object Repository/Page_Moodle/a_Log in")): Object: 'Object Repository/Page_Moodle/a_Log in' is clicked on

2022-01-16 00:04:23 - [MESSAGE][PASSED] - Object: 'Object Repository/Page_Moodle/a_Log in' is clicked on

2022-01-16 00:04:23 - [TEST_STEP][PASSED] - setText(findTestObject("Object Repository/Page_Moodle Log in to the site/input_Username_username"), "admin"): Text 'admin' is set on object 'Object Repository/Page_Moodle Log in to the site/input_Username_username'

2022-01-16 00:04:24 - [MESSAGE][PASSED] - Text 'admin' is set on object 'Object Repository/Page_Moodle Log in to the site/input_Username_username'

2022-01-16 00:04:24 - [TEST_STEP][PASSED] - setEncryptedText(findTestObject("Object Repository/Page_Moodle Log in to the site/input_Password_password"), "r6H/uPCyCbQX7sAf5E1f3g=="): Text ****** has been set on object 'Object Repository/Page_Moodle Log in to the site/input_Password_password'

2022-01-16 00:04:24 - [MESSAGE][PASSED] - Text ****** has been set on object 'Object Repository/Page_Moodle Log in to the site/input_Password_password'

2022-01-16 00:04:24 - [TEST_STEP][PASSED] - click(findTestObject("Object Repository/Page_Moodle Log in to the site/button_Log in")): Object: 'Object Repository/Page_Moodle Log in to the site/button_Log in' is clicked on

2022-01-16 00:04:26 - [MESSAGE][PASSED] - Object: 'Object Repository/Page_Moodle Log in to the site/button_Log in' is clicked on

2022-01-16 00:04:26 - [TEST_STEP][PASSED] - verifyElementText(findTestObject("Object Repository/Page_Dashboard/span_Site administration"), "Site administration"): Actual text and expected text of test object 'Object Repository/Page_Dashboard/span_Site administration' are matched.

2022-01-16 00:04:27 - [MESSAGE][PASSED] - Actual text and expected text of test object 'Object Repository/Page_Dashboard/span_Site administration' are matched.

2022-01-16 00:04:27 - [TEST_STEP][PASSED] - click(findTestObject("Object Repository/Page_Dashboard/span_Site administration")): Object: 'Object Repository/Page_Dashboard/span_Site administration' is clicked on

2022-01-16 00:04:28 - [MESSAGE][PASSED] - Object: 'Object Repository/Page_Dashboard/span_Site administration' is clicked on

2022-01-16 00:04:28 - [TEST_STEP][PASSED] - click(findTestObject("Object Repository/Page_Mood Administration Search/a_Courses")): Object: 'Object Repository/Page_Mood Administration Search/a_Courses' is clicked on

2022-01-16 00:04:29 - [MESSAGE][PASSED] - Object: 'Object Repository/Page_Mood Administration Search/a_Courses' is clicked on

2022-01-16 00:04:29 - [TEST_STEP][PASSED] - click(findTestObject("Object Repository/Page_Mood Administration Search/a_Add a new course")): Object: 'Object Repository/Page_Mood Administration Search/a_Add a new course' is clicked on

2022-01-16 00:04:30 - [MESSAGE][PASSED] - Object: 'Object Repository/Page_Mood Administration Search/a_Add a new course' is clicked on

2022-01-16 00:04:30 - [TEST_STEP][PASSED] - verifyElementText(findTestObject("Object Repository/Page_Mood Add a new course/h2_Add a new course"), "Add a new course"): Actual text and expected text of test object 'Object Repository/Page_Mood Add a new course/h2_Add a new course' are matched.

2022-01-16 00:05:01 - [MESSAGE][INFO] - Unable to find the element located by 'By.xpath: //div[@id='yui_3_17_2_1_1642243253552_65']/h2'. Please recheck the objects properties to make sure the desired element is located. 

2022-01-16 00:05:01 - [MESSAGE][WARNING] - [SELF-HEALING] Failed to find element with id 'Object Repository/Page_Mood Add a new course/h2_Add a new course'. Try using Self-healing.

2022-01-16 00:05:01 - [MESSAGE][WARNING] - [SELF-HEALING] The current locator of test object 'Object Repository/Page_Mood Add a new course/h2_Add a new course' was broken. Propose an alternative one: '(.//*[normalize-space(text()) and normalize-space(.)='Add a new course'])[1]/following::h2[1]'.

2022-01-16 00:05:01 - [MESSAGE][PASSED] - Actual text and expected text of test object 'Object Repository/Page_Mood Add a new course/h2_Add a new course' are matched.

2022-01-16 00:05:01 - [TEST_STEP][PASSED] - click(findTestObject("Object Repository/Page_Mood Add a new course/input_Course short name_shortname")): Object: 'Object Repository/Page_Mood Add a new course/input_Course short name_shortname' is clicked on

2022-01-16 00:05:02 - [MESSAGE][PASSED] - Object: 'Object Repository/Page_Mood Add a new course/input_Course short name_shortname' is clicked on

2022-01-16 00:05:02 - [TEST_STEP][PASSED] - setText(findTestObject("Object Repository/Page_Mood Add a new course/input_Course short name_shortname"), "Stats"): Text 'Stats' is set on object 'Object Repository/Page_Mood Add a new course/input_Course short name_shortname'

2022-01-16 00:05:03 - [MESSAGE][PASSED] - Text 'Stats' is set on object 'Object Repository/Page_Mood Add a new course/input_Course short name_shortname'

2022-01-16 00:05:03 - [TEST_STEP][PASSED] - waitForElementVisible(findTestObject("Object Repository/Page_Mood Add a new course/p_Course start date"), 0): Object 'Object Repository/Page_Mood Add a new course/p_Course start date' is visible

2022-01-16 00:05:03 - [MESSAGE][WARNING] - Timeout '0' is invalid. Using default page load timeout: '30'

2022-01-16 00:05:03 - [MESSAGE][PASSED] - Object 'Object Repository/Page_Mood Add a new course/p_Course start date' is visible

2022-01-16 00:05:03 - [TEST_STEP][PASSED] - selectOptionByValue(findTestObject("Object Repository/Page_Mood Add a new course/select_1        2        3        4        _45ea30"), "13", true): All options with value '13' are selected in object 'Object Repository/Page_Mood Add a new course/select_1        2        3        4        _45ea30'  using regular expression

2022-01-16 00:05:04 - [MESSAGE][PASSED] - All options with value '13' are selected in object 'Object Repository/Page_Mood Add a new course/select_1        2        3        4        _45ea30'  using regular expression

2022-01-16 00:05:04 - [TEST_STEP][PASSED] - selectOptionByValue(findTestObject("Object Repository/Page_Mood Add a new course/select_1        2        3        4        _45ea30_1"), "13", true): All options with value '13' are selected in object 'Object Repository/Page_Mood Add a new course/select_1        2        3        4        _45ea30_1'  using regular expression

2022-01-16 00:05:05 - [MESSAGE][PASSED] - All options with value '13' are selected in object 'Object Repository/Page_Mood Add a new course/select_1        2        3        4        _45ea30_1'  using regular expression

2022-01-16 00:05:05 - [TEST_STEP][PASSED] - waitForElementVisible(findTestObject("Object Repository/Page_Mood Add a new course/input__saveanddisplay"), 0): Object 'Object Repository/Page_Mood Add a new course/input__saveanddisplay' is visible

2022-01-16 00:05:05 - [MESSAGE][WARNING] - Timeout '0' is invalid. Using default page load timeout: '30'

2022-01-16 00:05:05 - [MESSAGE][PASSED] - Object 'Object Repository/Page_Mood Add a new course/input__saveanddisplay' is visible

2022-01-16 00:05:05 - [TEST_STEP][PASSED] - click(findTestObject("Object Repository/Page_Mood Add a new course/input__saveanddisplay")): Object: 'Object Repository/Page_Mood Add a new course/input__saveanddisplay' is clicked on

2022-01-16 00:05:06 - [MESSAGE][PASSED] - Object: 'Object Repository/Page_Mood Add a new course/input__saveanddisplay' is clicked on

2022-01-16 00:05:06 - [TEST_STEP][PASSED] - verifyElementText(findTestObject("Object Repository/Page_Mood Add a new course/div_- Missing full name"), "- Missing full name"): Actual text and expected text of test object 'Object Repository/Page_Mood Add a new course/div_- Missing full name' are matched.

2022-01-16 00:05:06 - [MESSAGE][PASSED] - Actual text and expected text of test object 'Object Repository/Page_Mood Add a new course/div_- Missing full name' are matched.

2022-01-16 00:05:06 - [TEST_STEP][PASSED] - closeBrowser(): Browser is closed

2022-01-16 00:05:07 - [MESSAGE][PASSED] - Browser is closed]]></system-out>
         <system-err><![CDATA[]]></system-err>
      </testcase>
      <testcase name="Test Cases/test case 15" time="21.92" classname="Test Cases/test case 15" status="PASSED">
         <system-out><![CDATA[2022-01-16 00:05:07 - [TEST_CASE][PASSED] - Test Cases/test case 15: Test Cases/test case 15

2022-01-16 00:05:07 - [TEST_STEP][PASSED] - openBrowser(""): Browser is opened with url: ''

2022-01-16 00:05:07 - [MESSAGE][INFO] - Starting 'Chrome' driver

2022-01-16 00:05:07 - [MESSAGE][INFO] - Action delay is set to 0 milliseconds

2022-01-16 00:05:08 - [MESSAGE][PASSED] - Browser is opened with url: ''

2022-01-16 00:05:08 - [TEST_STEP][PASSED] - navigateToUrl("http://localhost/"): Navigate to 'http://localhost/' successfully

2022-01-16 00:05:10 - [MESSAGE][PASSED] - Navigate to 'http://localhost/' successfully

2022-01-16 00:05:10 - [TEST_STEP][PASSED] - click(findTestObject("Object Repository/Page_Moodle/a_Log in")): Object: 'Object Repository/Page_Moodle/a_Log in' is clicked on

2022-01-16 00:05:10 - [MESSAGE][PASSED] - Object: 'Object Repository/Page_Moodle/a_Log in' is clicked on

2022-01-16 00:05:10 - [TEST_STEP][PASSED] - setText(findTestObject("Object Repository/Page_Moodle Log in to the site/input_Username_username"), "admin"): Text 'admin' is set on object 'Object Repository/Page_Moodle Log in to the site/input_Username_username'

2022-01-16 00:05:11 - [MESSAGE][PASSED] - Text 'admin' is set on object 'Object Repository/Page_Moodle Log in to the site/input_Username_username'

2022-01-16 00:05:11 - [TEST_STEP][PASSED] - setEncryptedText(findTestObject("Object Repository/Page_Moodle Log in to the site/input_Password_password"), "r6H/uPCyCbQX7sAf5E1f3g=="): Text ****** has been set on object 'Object Repository/Page_Moodle Log in to the site/input_Password_password'

2022-01-16 00:05:12 - [MESSAGE][PASSED] - Text ****** has been set on object 'Object Repository/Page_Moodle Log in to the site/input_Password_password'

2022-01-16 00:05:12 - [TEST_STEP][PASSED] - click(findTestObject("Object Repository/Page_Moodle Log in to the site/button_Log in")): Object: 'Object Repository/Page_Moodle Log in to the site/button_Log in' is clicked on

2022-01-16 00:05:13 - [MESSAGE][PASSED] - Object: 'Object Repository/Page_Moodle Log in to the site/button_Log in' is clicked on

2022-01-16 00:05:13 - [TEST_STEP][PASSED] - verifyElementText(findTestObject("Object Repository/Page_Dashboard/span_Site administration"), "Site administration"): Actual text and expected text of test object 'Object Repository/Page_Dashboard/span_Site administration' are matched.

2022-01-16 00:05:14 - [MESSAGE][PASSED] - Actual text and expected text of test object 'Object Repository/Page_Dashboard/span_Site administration' are matched.

2022-01-16 00:05:14 - [TEST_STEP][PASSED] - click(findTestObject("Object Repository/Page_Dashboard/span_Site administration")): Object: 'Object Repository/Page_Dashboard/span_Site administration' is clicked on

2022-01-16 00:05:15 - [MESSAGE][PASSED] - Object: 'Object Repository/Page_Dashboard/span_Site administration' is clicked on

2022-01-16 00:05:15 - [TEST_STEP][PASSED] - click(findTestObject("Object Repository/Page_Mood Administration Search/a_Courses")): Object: 'Object Repository/Page_Mood Administration Search/a_Courses' is clicked on

2022-01-16 00:05:16 - [MESSAGE][PASSED] - Object: 'Object Repository/Page_Mood Administration Search/a_Courses' is clicked on

2022-01-16 00:05:16 - [TEST_STEP][PASSED] - click(findTestObject("Object Repository/Page_Mood Administration Search/a_Add a new course")): Object: 'Object Repository/Page_Mood Administration Search/a_Add a new course' is clicked on

2022-01-16 00:05:17 - [MESSAGE][PASSED] - Object: 'Object Repository/Page_Mood Administration Search/a_Add a new course' is clicked on

2022-01-16 00:05:17 - [TEST_STEP][PASSED] - waitForElementVisible(findTestObject("Object Repository/Page_Mood Add a new course/input_Course full name_fullname"), 0): Object 'Object Repository/Page_Mood Add a new course/input_Course full name_fullname' is visible

2022-01-16 00:05:17 - [MESSAGE][WARNING] - Timeout '0' is invalid. Using default page load timeout: '30'

2022-01-16 00:05:18 - [MESSAGE][PASSED] - Object 'Object Repository/Page_Mood Add a new course/input_Course full name_fullname' is visible

2022-01-16 00:05:18 - [TEST_STEP][PASSED] - setText(findTestObject("Object Repository/Page_Mood Add a new course/input_Course full name_fullname"), "Statistics"): Text 'Statistics' is set on object 'Object Repository/Page_Mood Add a new course/input_Course full name_fullname'

2022-01-16 00:05:19 - [MESSAGE][PASSED] - Text 'Statistics' is set on object 'Object Repository/Page_Mood Add a new course/input_Course full name_fullname'

2022-01-16 00:05:19 - [TEST_STEP][PASSED] - setText(findTestObject("Object Repository/Page_Mood Add a new course/input_Course short name_shortname"), "Stats"): Text 'Stats' is set on object 'Object Repository/Page_Mood Add a new course/input_Course short name_shortname'

2022-01-16 00:05:20 - [MESSAGE][PASSED] - Text 'Stats' is set on object 'Object Repository/Page_Mood Add a new course/input_Course short name_shortname'

2022-01-16 00:05:20 - [TEST_STEP][PASSED] - waitForElementVisible(findTestObject("Object Repository/Page_Mood Add a new course/p_Course start date"), 0): Object 'Object Repository/Page_Mood Add a new course/p_Course start date' is visible

2022-01-16 00:05:20 - [MESSAGE][WARNING] - Timeout '0' is invalid. Using default page load timeout: '30'

2022-01-16 00:05:20 - [MESSAGE][PASSED] - Object 'Object Repository/Page_Mood Add a new course/p_Course start date' is visible

2022-01-16 00:05:20 - [TEST_STEP][PASSED] - selectOptionByValue(findTestObject("Object Repository/Page_Mood Add a new course/select_1        2        3        4        _45ea30"), "13", true): All options with value '13' are selected in object 'Object Repository/Page_Mood Add a new course/select_1        2        3        4        _45ea30'  using regular expression

2022-01-16 00:05:21 - [MESSAGE][PASSED] - All options with value '13' are selected in object 'Object Repository/Page_Mood Add a new course/select_1        2        3        4        _45ea30'  using regular expression

2022-01-16 00:05:21 - [TEST_STEP][PASSED] - selectOptionByValue(findTestObject("Object Repository/Page_Mood Add a new course/select_1        2        3        4        _45ea30_1"), "13", true): All options with value '13' are selected in object 'Object Repository/Page_Mood Add a new course/select_1        2        3        4        _45ea30_1'  using regular expression

2022-01-16 00:05:22 - [MESSAGE][PASSED] - All options with value '13' are selected in object 'Object Repository/Page_Mood Add a new course/select_1        2        3        4        _45ea30_1'  using regular expression

2022-01-16 00:05:22 - [TEST_STEP][PASSED] - selectOptionByValue(findTestObject("Object Repository/Page_Mood Add a new course/select_1900        1901        1902        _6405c9"), "2021", true): All options with value '2021' are selected in object 'Object Repository/Page_Mood Add a new course/select_1900        1901        1902        _6405c9'  using regular expression

2022-01-16 00:05:25 - [MESSAGE][PASSED] - All options with value '2021' are selected in object 'Object Repository/Page_Mood Add a new course/select_1900        1901        1902        _6405c9'  using regular expression

2022-01-16 00:05:25 - [TEST_STEP][PASSED] - waitForElementVisible(findTestObject("Object Repository/Page_Mood Add a new course/input__saveanddisplay"), 0): Object 'Object Repository/Page_Mood Add a new course/input__saveanddisplay' is visible

2022-01-16 00:05:25 - [MESSAGE][WARNING] - Timeout '0' is invalid. Using default page load timeout: '30'

2022-01-16 00:05:26 - [MESSAGE][PASSED] - Object 'Object Repository/Page_Mood Add a new course/input__saveanddisplay' is visible

2022-01-16 00:05:26 - [TEST_STEP][PASSED] - click(findTestObject("Object Repository/Page_Mood Add a new course/input__saveanddisplay")): Object: 'Object Repository/Page_Mood Add a new course/input__saveanddisplay' is clicked on

2022-01-16 00:05:27 - [MESSAGE][PASSED] - Object: 'Object Repository/Page_Mood Add a new course/input__saveanddisplay' is clicked on

2022-01-16 00:05:27 - [TEST_STEP][PASSED] - verifyElementText(findTestObject("Object Repository/Page_Mood Add a new course/div_The course end date must be after the s_271b34"), "The course end date must be after the start date."): Actual text and expected text of test object 'Object Repository/Page_Mood Add a new course/div_The course end date must be after the s_271b34' are matched.

2022-01-16 00:05:28 - [MESSAGE][PASSED] - Actual text and expected text of test object 'Object Repository/Page_Mood Add a new course/div_The course end date must be after the s_271b34' are matched.

2022-01-16 00:05:28 - [TEST_STEP][PASSED] - closeBrowser(): Browser is closed

2022-01-16 00:05:29 - [MESSAGE][PASSED] - Browser is closed]]></system-out>
         <system-err><![CDATA[]]></system-err>
      </testcase>
      <testcase name="Test Cases/test case 16" time="17.873" classname="Test Cases/test case 16" status="PASSED">
         <system-out><![CDATA[2022-01-16 00:05:29 - [TEST_CASE][PASSED] - Test Cases/test case 16: Test Cases/test case 16

2022-01-16 00:05:29 - [TEST_STEP][PASSED] - openBrowser(""): Browser is opened with url: ''

2022-01-16 00:05:29 - [MESSAGE][INFO] - Starting 'Chrome' driver

2022-01-16 00:05:29 - [MESSAGE][INFO] - Action delay is set to 0 milliseconds

2022-01-16 00:05:30 - [MESSAGE][PASSED] - Browser is opened with url: ''

2022-01-16 00:05:30 - [TEST_STEP][PASSED] - navigateToUrl("http://localhost/"): Navigate to 'http://localhost/' successfully

2022-01-16 00:05:32 - [MESSAGE][PASSED] - Navigate to 'http://localhost/' successfully

2022-01-16 00:05:32 - [TEST_STEP][PASSED] - click(findTestObject("Object Repository/Page_Moodle/a_Log in")): Object: 'Object Repository/Page_Moodle/a_Log in' is clicked on

2022-01-16 00:05:32 - [MESSAGE][PASSED] - Object: 'Object Repository/Page_Moodle/a_Log in' is clicked on

2022-01-16 00:05:32 - [TEST_STEP][PASSED] - setText(findTestObject("Object Repository/Page_Moodle Log in to the site/input_Username_username"), "admin"): Text 'admin' is set on object 'Object Repository/Page_Moodle Log in to the site/input_Username_username'

2022-01-16 00:05:33 - [MESSAGE][PASSED] - Text 'admin' is set on object 'Object Repository/Page_Moodle Log in to the site/input_Username_username'

2022-01-16 00:05:33 - [TEST_STEP][PASSED] - setEncryptedText(findTestObject("Object Repository/Page_Moodle Log in to the site/input_Password_password"), "r6H/uPCyCbQX7sAf5E1f3g=="): Text ****** has been set on object 'Object Repository/Page_Moodle Log in to the site/input_Password_password'

2022-01-16 00:05:33 - [MESSAGE][PASSED] - Text ****** has been set on object 'Object Repository/Page_Moodle Log in to the site/input_Password_password'

2022-01-16 00:05:33 - [TEST_STEP][PASSED] - click(findTestObject("Object Repository/Page_Moodle Log in to the site/button_Log in")): Object: 'Object Repository/Page_Moodle Log in to the site/button_Log in' is clicked on

2022-01-16 00:05:35 - [MESSAGE][PASSED] - Object: 'Object Repository/Page_Moodle Log in to the site/button_Log in' is clicked on

2022-01-16 00:05:35 - [TEST_STEP][PASSED] - verifyElementText(findTestObject("Object Repository/Page_Dashboard/span_Site administration"), "Site administration"): Actual text and expected text of test object 'Object Repository/Page_Dashboard/span_Site administration' are matched.

2022-01-16 00:05:36 - [MESSAGE][PASSED] - Actual text and expected text of test object 'Object Repository/Page_Dashboard/span_Site administration' are matched.

2022-01-16 00:05:36 - [TEST_STEP][PASSED] - click(findTestObject("Object Repository/Page_Dashboard/span_Site administration")): Object: 'Object Repository/Page_Dashboard/span_Site administration' is clicked on

2022-01-16 00:05:37 - [MESSAGE][PASSED] - Object: 'Object Repository/Page_Dashboard/span_Site administration' is clicked on

2022-01-16 00:05:37 - [TEST_STEP][PASSED] - click(findTestObject("Object Repository/Page_Mood Administration Search/a_Courses")): Object: 'Object Repository/Page_Mood Administration Search/a_Courses' is clicked on

2022-01-16 00:05:38 - [MESSAGE][PASSED] - Object: 'Object Repository/Page_Mood Administration Search/a_Courses' is clicked on

2022-01-16 00:05:38 - [TEST_STEP][PASSED] - click(findTestObject("Object Repository/Page_Mood Administration Search/a_Add a new course")): Object: 'Object Repository/Page_Mood Administration Search/a_Add a new course' is clicked on

2022-01-16 00:05:39 - [MESSAGE][PASSED] - Object: 'Object Repository/Page_Mood Administration Search/a_Add a new course' is clicked on

2022-01-16 00:05:39 - [TEST_STEP][PASSED] - waitForElementVisible(findTestObject("Object Repository/Page_Mood Add a new course/label_Course full name"), 0): Object 'Object Repository/Page_Mood Add a new course/label_Course full name' is visible

2022-01-16 00:05:39 - [MESSAGE][WARNING] - Timeout '0' is invalid. Using default page load timeout: '30'

2022-01-16 00:05:40 - [MESSAGE][PASSED] - Object 'Object Repository/Page_Mood Add a new course/label_Course full name' is visible

2022-01-16 00:05:40 - [TEST_STEP][PASSED] - setText(findTestObject("Object Repository/Page_Mood Add a new course/input_Course full name_fullname"), "Statistics"): Text 'Statistics' is set on object 'Object Repository/Page_Mood Add a new course/input_Course full name_fullname'

2022-01-16 00:05:41 - [MESSAGE][PASSED] - Text 'Statistics' is set on object 'Object Repository/Page_Mood Add a new course/input_Course full name_fullname'

2022-01-16 00:05:41 - [TEST_STEP][PASSED] - setText(findTestObject("Object Repository/Page_Mood Add a new course/input_Course short name_shortname"), "Stats"): Text 'Stats' is set on object 'Object Repository/Page_Mood Add a new course/input_Course short name_shortname'

2022-01-16 00:05:41 - [MESSAGE][PASSED] - Text 'Stats' is set on object 'Object Repository/Page_Mood Add a new course/input_Course short name_shortname'

2022-01-16 00:05:41 - [TEST_STEP][PASSED] - waitForElementVisible(findTestObject("Object Repository/Page_Mood Add a new course/p_Course start date"), 0): Object 'Object Repository/Page_Mood Add a new course/p_Course start date' is visible

2022-01-16 00:05:41 - [MESSAGE][WARNING] - Timeout '0' is invalid. Using default page load timeout: '30'

2022-01-16 00:05:42 - [MESSAGE][PASSED] - Object 'Object Repository/Page_Mood Add a new course/p_Course start date' is visible

2022-01-16 00:05:42 - [TEST_STEP][PASSED] - selectOptionByValue(findTestObject("Object Repository/Page_Mood Add a new course/select_1        2        3        4        _45ea30"), "13", true): All options with value '13' are selected in object 'Object Repository/Page_Mood Add a new course/select_1        2        3        4        _45ea30'  using regular expression

2022-01-16 00:05:43 - [MESSAGE][PASSED] - All options with value '13' are selected in object 'Object Repository/Page_Mood Add a new course/select_1        2        3        4        _45ea30'  using regular expression

2022-01-16 00:05:43 - [TEST_STEP][PASSED] - selectOptionByValue(findTestObject("Object Repository/Page_Mood Add a new course/select_1        2        3        4        _45ea30_1"), "13", true): All options with value '13' are selected in object 'Object Repository/Page_Mood Add a new course/select_1        2        3        4        _45ea30_1'  using regular expression

2022-01-16 00:05:44 - [MESSAGE][PASSED] - All options with value '13' are selected in object 'Object Repository/Page_Mood Add a new course/select_1        2        3        4        _45ea30_1'  using regular expression

2022-01-16 00:05:44 - [TEST_STEP][PASSED] - waitForElementVisible(findTestObject("Object Repository/Page_Mood Add a new course/input__cancel"), 0): Object 'Object Repository/Page_Mood Add a new course/input__cancel' is visible

2022-01-16 00:05:44 - [MESSAGE][WARNING] - Timeout '0' is invalid. Using default page load timeout: '30'

2022-01-16 00:05:45 - [MESSAGE][PASSED] - Object 'Object Repository/Page_Mood Add a new course/input__cancel' is visible

2022-01-16 00:05:45 - [TEST_STEP][PASSED] - click(findTestObject("Object Repository/Page_Mood Add a new course/input__cancel")): Object: 'Object Repository/Page_Mood Add a new course/input__cancel' is clicked on

2022-01-16 00:05:45 - [MESSAGE][PASSED] - Object: 'Object Repository/Page_Mood Add a new course/input__cancel' is clicked on

2022-01-16 00:05:45 - [TEST_STEP][PASSED] - verifyElementVisible(findTestObject("Object Repository/Page_Mood All courses/section_Search courses                     _a46e39")): Object 'Object Repository/Page_Mood All courses/section_Search courses                     _a46e39' is visible

2022-01-16 00:05:46 - [MESSAGE][PASSED] - Object 'Object Repository/Page_Mood All courses/section_Search courses                     _a46e39' is visible

2022-01-16 00:05:46 - [TEST_STEP][PASSED] - closeBrowser(): Browser is closed

2022-01-16 00:05:47 - [MESSAGE][PASSED] - Browser is closed]]></system-out>
         <system-err><![CDATA[]]></system-err>
      </testcase>
      <testcase name="Test Cases/test case 17" time="7.675" classname="Test Cases/test case 17" status="FAILED">
         <failure type="FAILED" message="Test Cases/test case 17 FAILED.
Reason:
com.kms.katalon.core.exception.StepFailedException: Verify element text of test object 'Object Repository/Page_Dashboard/a_Introduction to Computer Science' FAILED.
	at com.kms.katalon.core.webui.keyword.internal.WebUIKeywordMain.stepFailed(WebUIKeywordMain.groovy:64)
	at com.kms.katalon.core.webui.keyword.internal.WebUIKeywordMain.runKeyword(WebUIKeywordMain.groovy:26)
	at com.kms.katalon.core.webui.keyword.builtin.VerifyElementTextKeyword.verifyElementText(VerifyElementTextKeyword.groovy:72)
	at com.kms.katalon.core.webui.keyword.builtin.VerifyElementTextKeyword.execute(VerifyElementTextKeyword.groovy:40)
	at com.kms.katalon.core.keyword.internal.KeywordExecutor.executeKeywordForPlatform(KeywordExecutor.groovy:74)
	at com.kms.katalon.core.webui.keyword.WebUiBuiltInKeywords.verifyElementText(WebUiBuiltInKeywords.groovy:4749)
	at com.kms.katalon.core.webui.keyword.WebUiBuiltInKeywords$verifyElementText$7.call(Unknown Source)
	at test case 17.run(test case 17:32)
	at com.kms.katalon.core.main.ScriptEngine.run(ScriptEngine.java:194)
	at com.kms.katalon.core.main.ScriptEngine.runScriptAsRawText(ScriptEngine.java:119)
	at com.kms.katalon.core.main.TestCaseExecutor.runScript(TestCaseExecutor.java:442)
	at com.kms.katalon.core.main.TestCaseExecutor.doExecute(TestCaseExecutor.java:433)
	at com.kms.katalon.core.main.TestCaseExecutor.processExecutionPhase(TestCaseExecutor.java:412)
	at com.kms.katalon.core.main.TestCaseExecutor.accessMainPhase(TestCaseExecutor.java:404)
	at com.kms.katalon.core.main.TestCaseExecutor.execute(TestCaseExecutor.java:281)
	at com.kms.katalon.core.main.TestSuiteExecutor.accessTestCaseMainPhase(TestSuiteExecutor.java:202)
	at com.kms.katalon.core.main.TestSuiteExecutor.accessTestSuiteMainPhase(TestSuiteExecutor.java:164)
	at com.kms.katalon.core.main.TestSuiteExecutor.execute(TestSuiteExecutor.java:105)
	at com.kms.katalon.core.main.TestCaseMain.startTestSuite(TestCaseMain.java:181)
	at com.kms.katalon.core.main.TestCaseMain$startTestSuite$0.call(Unknown Source)
	at TempTestSuite1642265296699.run(TempTestSuite1642265296699.groovy:36)
Caused by: com.kms.katalon.core.exception.StepFailedException: Actual text 'Statistics' and expected text 'Introduction to Computer Science' of test object 'Object Repository/Page_Dashboard/a_Introduction to Computer Science' are NOT matched.
	at com.kms.katalon.core.webui.keyword.internal.WebUIKeywordMain.stepFailed(WebUIKeywordMain.groovy:64)
	at com.kms.katalon.core.webui.keyword.builtin.VerifyElementTextKeyword$_verifyElementText_closure1.doCall(VerifyElementTextKeyword.groovy:57)
	at com.kms.katalon.core.webui.keyword.builtin.VerifyElementTextKeyword$_verifyElementText_closure1.call(VerifyElementTextKeyword.groovy)
	at com.kms.katalon.core.webui.keyword.internal.WebUIKeywordMain.runKeyword(WebUIKeywordMain.groovy:20)
	... 19 more
"/>
         <system-out><![CDATA[2022-01-16 00:05:47 - [TEST_CASE][FAILED] - Test Cases/test case 17: Test Cases/test case 17 FAILED.
Reason:
com.kms.katalon.core.exception.StepFailedException: Verify element text of test object 'Object Repository/Page_Dashboard/a_Introduction to Computer Science' FAILED.
	at com.kms.katalon.core.webui.keyword.internal.WebUIKeywordMain.stepFailed(WebUIKeywordMain.groovy:64)
	at com.kms.katalon.core.webui.keyword.internal.WebUIKeywordMain.runKeyword(WebUIKeywordMain.groovy:26)
	at com.kms.katalon.core.webui.keyword.builtin.VerifyElementTextKeyword.verifyElementText(VerifyElementTextKeyword.groovy:72)
	at com.kms.katalon.core.webui.keyword.builtin.VerifyElementTextKeyword.execute(VerifyElementTextKeyword.groovy:40)
	at com.kms.katalon.core.keyword.internal.KeywordExecutor.executeKeywordForPlatform(KeywordExecutor.groovy:74)
	at com.kms.katalon.core.webui.keyword.WebUiBuiltInKeywords.verifyElementText(WebUiBuiltInKeywords.groovy:4749)
	at com.kms.katalon.core.webui.keyword.WebUiBuiltInKeywords$verifyElementText$7.call(Unknown Source)
	at test case 17.run(test case 17:32)
	at com.kms.katalon.core.main.ScriptEngine.run(ScriptEngine.java:194)
	at com.kms.katalon.core.main.ScriptEngine.runScriptAsRawText(ScriptEngine.java:119)
	at com.kms.katalon.core.main.TestCaseExecutor.runScript(TestCaseExecutor.java:442)
	at com.kms.katalon.core.main.TestCaseExecutor.doExecute(TestCaseExecutor.java:433)
	at com.kms.katalon.core.main.TestCaseExecutor.processExecutionPhase(TestCaseExecutor.java:412)
	at com.kms.katalon.core.main.TestCaseExecutor.accessMainPhase(TestCaseExecutor.java:404)
	at com.kms.katalon.core.main.TestCaseExecutor.execute(TestCaseExecutor.java:281)
	at com.kms.katalon.core.main.TestSuiteExecutor.accessTestCaseMainPhase(TestSuiteExecutor.java:202)
	at com.kms.katalon.core.main.TestSuiteExecutor.accessTestSuiteMainPhase(TestSuiteExecutor.java:164)
	at com.kms.katalon.core.main.TestSuiteExecutor.execute(TestSuiteExecutor.java:105)
	at com.kms.katalon.core.main.TestCaseMain.startTestSuite(TestCaseMain.java:181)
	at com.kms.katalon.core.main.TestCaseMain$startTestSuite$0.call(Unknown Source)
	at TempTestSuite1642265296699.run(TempTestSuite1642265296699.groovy:36)
Caused by: com.kms.katalon.core.exception.StepFailedException: Actual text 'Statistics' and expected text 'Introduction to Computer Science' of test object 'Object Repository/Page_Dashboard/a_Introduction to Computer Science' are NOT matched.
	at com.kms.katalon.core.webui.keyword.internal.WebUIKeywordMain.stepFailed(WebUIKeywordMain.groovy:64)
	at com.kms.katalon.core.webui.keyword.builtin.VerifyElementTextKeyword$_verifyElementText_closure1.doCall(VerifyElementTextKeyword.groovy:57)
	at com.kms.katalon.core.webui.keyword.builtin.VerifyElementTextKeyword$_verifyElementText_closure1.call(VerifyElementTextKeyword.groovy)
	at com.kms.katalon.core.webui.keyword.internal.WebUIKeywordMain.runKeyword(WebUIKeywordMain.groovy:20)
	... 19 more


2022-01-16 00:05:47 - [TEST_STEP][PASSED] - openBrowser(""): Browser is opened with url: ''

2022-01-16 00:05:47 - [MESSAGE][INFO] - Starting 'Chrome' driver

2022-01-16 00:05:47 - [MESSAGE][INFO] - Action delay is set to 0 milliseconds

2022-01-16 00:05:48 - [MESSAGE][PASSED] - Browser is opened with url: ''

2022-01-16 00:05:48 - [TEST_STEP][PASSED] - navigateToUrl("http://localhost/"): Navigate to 'http://localhost/' successfully

2022-01-16 00:05:50 - [MESSAGE][PASSED] - Navigate to 'http://localhost/' successfully

2022-01-16 00:05:50 - [TEST_STEP][PASSED] - click(findTestObject("Object Repository/Page_Moodle/a_Log in")): Object: 'Object Repository/Page_Moodle/a_Log in' is clicked on

2022-01-16 00:05:50 - [MESSAGE][PASSED] - Object: 'Object Repository/Page_Moodle/a_Log in' is clicked on

2022-01-16 00:05:50 - [TEST_STEP][PASSED] - setText(findTestObject("Object Repository/Page_Moodle Log in to the site/input_Username_username"), "admin"): Text 'admin' is set on object 'Object Repository/Page_Moodle Log in to the site/input_Username_username'

2022-01-16 00:05:51 - [MESSAGE][PASSED] - Text 'admin' is set on object 'Object Repository/Page_Moodle Log in to the site/input_Username_username'

2022-01-16 00:05:51 - [TEST_STEP][PASSED] - setEncryptedText(findTestObject("Object Repository/Page_Moodle Log in to the site/input_Password_password"), "r6H/uPCyCbQX7sAf5E1f3g=="): Text ****** has been set on object 'Object Repository/Page_Moodle Log in to the site/input_Password_password'

2022-01-16 00:05:52 - [MESSAGE][PASSED] - Text ****** has been set on object 'Object Repository/Page_Moodle Log in to the site/input_Password_password'

2022-01-16 00:05:52 - [TEST_STEP][PASSED] - click(findTestObject("Object Repository/Page_Moodle Log in to the site/button_Log in")): Object: 'Object Repository/Page_Moodle Log in to the site/button_Log in' is clicked on

2022-01-16 00:05:53 - [MESSAGE][PASSED] - Object: 'Object Repository/Page_Moodle Log in to the site/button_Log in' is clicked on

2022-01-16 00:05:53 - [TEST_STEP][FAILED] - verifyElementText(findTestObject("Object Repository/Page_Dashboard/a_Introduction to Computer Science"), "Introduction to Computer Science"): Verify element text of test object 'Object Repository/Page_Dashboard/a_Introduction to Computer Science' FAILED. (Root cause: com.kms.katalon.core.exception.StepFailedException: Verify element text of test object 'Object Repository/Page_Dashboard/a_Introduction to Computer Science' FAILED.
	at com.kms.katalon.core.webui.keyword.internal.WebUIKeywordMain.stepFailed(WebUIKeywordMain.groovy:64)
	at com.kms.katalon.core.webui.keyword.internal.WebUIKeywordMain.runKeyword(WebUIKeywordMain.groovy:26)
	at com.kms.katalon.core.webui.keyword.builtin.VerifyElementTextKeyword.verifyElementText(VerifyElementTextKeyword.groovy:72)
	at com.kms.katalon.core.webui.keyword.builtin.VerifyElementTextKeyword.execute(VerifyElementTextKeyword.groovy:40)
	at com.kms.katalon.core.keyword.internal.KeywordExecutor.executeKeywordForPlatform(KeywordExecutor.groovy:74)
	at com.kms.katalon.core.webui.keyword.WebUiBuiltInKeywords.verifyElementText(WebUiBuiltInKeywords.groovy:4749)
	at com.kms.katalon.core.webui.keyword.WebUiBuiltInKeywords$verifyElementText$7.call(Unknown Source)
	at test case 17.run(test case 17:32)
	at com.kms.katalon.core.main.ScriptEngine.run(ScriptEngine.java:194)
	at com.kms.katalon.core.main.ScriptEngine.runScriptAsRawText(ScriptEngine.java:119)
	at com.kms.katalon.core.main.TestCaseExecutor.runScript(TestCaseExecutor.java:442)
	at com.kms.katalon.core.main.TestCaseExecutor.doExecute(TestCaseExecutor.java:433)
	at com.kms.katalon.core.main.TestCaseExecutor.processExecutionPhase(TestCaseExecutor.java:412)
	at com.kms.katalon.core.main.TestCaseExecutor.accessMainPhase(TestCaseExecutor.java:404)
	at com.kms.katalon.core.main.TestCaseExecutor.execute(TestCaseExecutor.java:281)
	at com.kms.katalon.core.main.TestSuiteExecutor.accessTestCaseMainPhase(TestSuiteExecutor.java:202)
	at com.kms.katalon.core.main.TestSuiteExecutor.accessTestSuiteMainPhase(TestSuiteExecutor.java:164)
	at com.kms.katalon.core.main.TestSuiteExecutor.execute(TestSuiteExecutor.java:105)
	at com.kms.katalon.core.main.TestCaseMain.startTestSuite(TestCaseMain.java:181)
	at com.kms.katalon.core.main.TestCaseMain$startTestSuite$0.call(Unknown Source)
	at TempTestSuite1642265296699.run(TempTestSuite1642265296699.groovy:36)
Caused by: com.kms.katalon.core.exception.StepFailedException: Actual text 'Statistics' and expected text 'Introduction to Computer Science' of test object 'Object Repository/Page_Dashboard/a_Introduction to Computer Science' are NOT matched.
	at com.kms.katalon.core.webui.keyword.internal.WebUIKeywordMain.stepFailed(WebUIKeywordMain.groovy:64)
	at com.kms.katalon.core.webui.keyword.builtin.VerifyElementTextKeyword$_verifyElementText_closure1.doCall(VerifyElementTextKeyword.groovy:57)
	at com.kms.katalon.core.webui.keyword.builtin.VerifyElementTextKeyword$_verifyElementText_closure1.call(VerifyElementTextKeyword.groovy)
	at com.kms.katalon.core.webui.keyword.internal.WebUIKeywordMain.runKeyword(WebUIKeywordMain.groovy:20)
	... 19 more
)

2022-01-16 00:05:54 - [MESSAGE][FAILED] - Actual text 'Statistics' and expected text 'Introduction to Computer Science' of test object 'Object Repository/Page_Dashboard/a_Introduction to Computer Science' are NOT matched. (Root cause: com.kms.katalon.core.exception.StepFailedException: Actual text 'Statistics' and expected text 'Introduction to Computer Science' of test object 'Object Repository/Page_Dashboard/a_Introduction to Computer Science' are NOT matched.
	at com.kms.katalon.core.webui.keyword.internal.WebUIKeywordMain.stepFailed(WebUIKeywordMain.groovy:64)
	at com.kms.katalon.core.webui.keyword.builtin.VerifyElementTextKeyword$_verifyElementText_closure1.doCall(VerifyElementTextKeyword.groovy:57)
	at com.kms.katalon.core.webui.keyword.builtin.VerifyElementTextKeyword$_verifyElementText_closure1.call(VerifyElementTextKeyword.groovy)
	at com.kms.katalon.core.webui.keyword.internal.WebUIKeywordMain.runKeyword(WebUIKeywordMain.groovy:20)
	at com.kms.katalon.core.webui.keyword.builtin.VerifyElementTextKeyword.verifyElementText(VerifyElementTextKeyword.groovy:72)
	at com.kms.katalon.core.webui.keyword.builtin.VerifyElementTextKeyword.execute(VerifyElementTextKeyword.groovy:40)
	at com.kms.katalon.core.keyword.internal.KeywordExecutor.executeKeywordForPlatform(KeywordExecutor.groovy:74)
	at com.kms.katalon.core.webui.keyword.WebUiBuiltInKeywords.verifyElementText(WebUiBuiltInKeywords.groovy:4749)
	at com.kms.katalon.core.webui.keyword.WebUiBuiltInKeywords$verifyElementText$7.call(Unknown Source)
	at test case 17.run(test case 17:32)
	at com.kms.katalon.core.main.ScriptEngine.run(ScriptEngine.java:194)
	at com.kms.katalon.core.main.ScriptEngine.runScriptAsRawText(ScriptEngine.java:119)
	at com.kms.katalon.core.main.TestCaseExecutor.runScript(TestCaseExecutor.java:442)
	at com.kms.katalon.core.main.TestCaseExecutor.doExecute(TestCaseExecutor.java:433)
	at com.kms.katalon.core.main.TestCaseExecutor.processExecutionPhase(TestCaseExecutor.java:412)
	at com.kms.katalon.core.main.TestCaseExecutor.accessMainPhase(TestCaseExecutor.java:404)
	at com.kms.katalon.core.main.TestCaseExecutor.execute(TestCaseExecutor.java:281)
	at com.kms.katalon.core.main.TestSuiteExecutor.accessTestCaseMainPhase(TestSuiteExecutor.java:202)
	at com.kms.katalon.core.main.TestSuiteExecutor.accessTestSuiteMainPhase(TestSuiteExecutor.java:164)
	at com.kms.katalon.core.main.TestSuiteExecutor.execute(TestSuiteExecutor.java:105)
	at com.kms.katalon.core.main.TestCaseMain.startTestSuite(TestCaseMain.java:181)
	at com.kms.katalon.core.main.TestCaseMain$startTestSuite$0.call(Unknown Source)
	at TempTestSuite1642265296699.run(TempTestSuite1642265296699.groovy:36)
)
[[ATTACHMENT|D:\\Test-Automation-SE-Bonus\\Test-Automation-SE-Bonus\\Reports\\20220115_234816\\Run all test cases\\20220115_234816\\1642266354550.png]]

2022-01-16 00:05:54 - [MESSAGE][FAILED] - Verify element text of test object 'Object Repository/Page_Dashboard/a_Introduction to Computer Science' FAILED. (Root cause: com.kms.katalon.core.exception.StepFailedException: Verify element text of test object 'Object Repository/Page_Dashboard/a_Introduction to Computer Science' FAILED.
	at com.kms.katalon.core.webui.keyword.internal.WebUIKeywordMain.stepFailed(WebUIKeywordMain.groovy:64)
	at com.kms.katalon.core.webui.keyword.internal.WebUIKeywordMain.runKeyword(WebUIKeywordMain.groovy:26)
	at com.kms.katalon.core.webui.keyword.builtin.VerifyElementTextKeyword.verifyElementText(VerifyElementTextKeyword.groovy:72)
	at com.kms.katalon.core.webui.keyword.builtin.VerifyElementTextKeyword.execute(VerifyElementTextKeyword.groovy:40)
	at com.kms.katalon.core.keyword.internal.KeywordExecutor.executeKeywordForPlatform(KeywordExecutor.groovy:74)
	at com.kms.katalon.core.webui.keyword.WebUiBuiltInKeywords.verifyElementText(WebUiBuiltInKeywords.groovy:4749)
	at com.kms.katalon.core.webui.keyword.WebUiBuiltInKeywords$verifyElementText$7.call(Unknown Source)
	at test case 17.run(test case 17:32)
	at com.kms.katalon.core.main.ScriptEngine.run(ScriptEngine.java:194)
	at com.kms.katalon.core.main.ScriptEngine.runScriptAsRawText(ScriptEngine.java:119)
	at com.kms.katalon.core.main.TestCaseExecutor.runScript(TestCaseExecutor.java:442)
	at com.kms.katalon.core.main.TestCaseExecutor.doExecute(TestCaseExecutor.java:433)
	at com.kms.katalon.core.main.TestCaseExecutor.processExecutionPhase(TestCaseExecutor.java:412)
	at com.kms.katalon.core.main.TestCaseExecutor.accessMainPhase(TestCaseExecutor.java:404)
	at com.kms.katalon.core.main.TestCaseExecutor.execute(TestCaseExecutor.java:281)
	at com.kms.katalon.core.main.TestSuiteExecutor.accessTestCaseMainPhase(TestSuiteExecutor.java:202)
	at com.kms.katalon.core.main.TestSuiteExecutor.accessTestSuiteMainPhase(TestSuiteExecutor.java:164)
	at com.kms.katalon.core.main.TestSuiteExecutor.execute(TestSuiteExecutor.java:105)
	at com.kms.katalon.core.main.TestCaseMain.startTestSuite(TestCaseMain.java:181)
	at com.kms.katalon.core.main.TestCaseMain$startTestSuite$0.call(Unknown Source)
	at TempTestSuite1642265296699.run(TempTestSuite1642265296699.groovy:36)
Caused by: com.kms.katalon.core.exception.StepFailedException: Actual text 'Statistics' and expected text 'Introduction to Computer Science' of test object 'Object Repository/Page_Dashboard/a_Introduction to Computer Science' are NOT matched.
	at com.kms.katalon.core.webui.keyword.internal.WebUIKeywordMain.stepFailed(WebUIKeywordMain.groovy:64)
	at com.kms.katalon.core.webui.keyword.builtin.VerifyElementTextKeyword$_verifyElementText_closure1.doCall(VerifyElementTextKeyword.groovy:57)
	at com.kms.katalon.core.webui.keyword.builtin.VerifyElementTextKeyword$_verifyElementText_closure1.call(VerifyElementTextKeyword.groovy)
	at com.kms.katalon.core.webui.keyword.internal.WebUIKeywordMain.runKeyword(WebUIKeywordMain.groovy:20)
	... 19 more
)
[[ATTACHMENT|D:\\Test-Automation-SE-Bonus\\Test-Automation-SE-Bonus\\Reports\\20220115_234816\\Run all test cases\\20220115_234816\\1642266354694.png]]]]></system-out>
         <system-err><![CDATA[2022-01-16 00:05:47 - [TEST_CASE][FAILED] - Test Cases/test case 17: Test Cases/test case 17 FAILED.
Reason:
com.kms.katalon.core.exception.StepFailedException: Verify element text of test object 'Object Repository/Page_Dashboard/a_Introduction to Computer Science' FAILED.
	at com.kms.katalon.core.webui.keyword.internal.WebUIKeywordMain.stepFailed(WebUIKeywordMain.groovy:64)
	at com.kms.katalon.core.webui.keyword.internal.WebUIKeywordMain.runKeyword(WebUIKeywordMain.groovy:26)
	at com.kms.katalon.core.webui.keyword.builtin.VerifyElementTextKeyword.verifyElementText(VerifyElementTextKeyword.groovy:72)
	at com.kms.katalon.core.webui.keyword.builtin.VerifyElementTextKeyword.execute(VerifyElementTextKeyword.groovy:40)
	at com.kms.katalon.core.keyword.internal.KeywordExecutor.executeKeywordForPlatform(KeywordExecutor.groovy:74)
	at com.kms.katalon.core.webui.keyword.WebUiBuiltInKeywords.verifyElementText(WebUiBuiltInKeywords.groovy:4749)
	at com.kms.katalon.core.webui.keyword.WebUiBuiltInKeywords$verifyElementText$7.call(Unknown Source)
	at test case 17.run(test case 17:32)
	at com.kms.katalon.core.main.ScriptEngine.run(ScriptEngine.java:194)
	at com.kms.katalon.core.main.ScriptEngine.runScriptAsRawText(ScriptEngine.java:119)
	at com.kms.katalon.core.main.TestCaseExecutor.runScript(TestCaseExecutor.java:442)
	at com.kms.katalon.core.main.TestCaseExecutor.doExecute(TestCaseExecutor.java:433)
	at com.kms.katalon.core.main.TestCaseExecutor.processExecutionPhase(TestCaseExecutor.java:412)
	at com.kms.katalon.core.main.TestCaseExecutor.accessMainPhase(TestCaseExecutor.java:404)
	at com.kms.katalon.core.main.TestCaseExecutor.execute(TestCaseExecutor.java:281)
	at com.kms.katalon.core.main.TestSuiteExecutor.accessTestCaseMainPhase(TestSuiteExecutor.java:202)
	at com.kms.katalon.core.main.TestSuiteExecutor.accessTestSuiteMainPhase(TestSuiteExecutor.java:164)
	at com.kms.katalon.core.main.TestSuiteExecutor.execute(TestSuiteExecutor.java:105)
	at com.kms.katalon.core.main.TestCaseMain.startTestSuite(TestCaseMain.java:181)
	at com.kms.katalon.core.main.TestCaseMain$startTestSuite$0.call(Unknown Source)
	at TempTestSuite1642265296699.run(TempTestSuite1642265296699.groovy:36)
Caused by: com.kms.katalon.core.exception.StepFailedException: Actual text 'Statistics' and expected text 'Introduction to Computer Science' of test object 'Object Repository/Page_Dashboard/a_Introduction to Computer Science' are NOT matched.
	at com.kms.katalon.core.webui.keyword.internal.WebUIKeywordMain.stepFailed(WebUIKeywordMain.groovy:64)
	at com.kms.katalon.core.webui.keyword.builtin.VerifyElementTextKeyword$_verifyElementText_closure1.doCall(VerifyElementTextKeyword.groovy:57)
	at com.kms.katalon.core.webui.keyword.builtin.VerifyElementTextKeyword$_verifyElementText_closure1.call(VerifyElementTextKeyword.groovy)
	at com.kms.katalon.core.webui.keyword.internal.WebUIKeywordMain.runKeyword(WebUIKeywordMain.groovy:20)
	... 19 more]]></system-err>
      </testcase>
      <testcase name="Test Cases/test case 18" time="153.708" classname="Test Cases/test case 18" status="PASSED">
         <system-out><![CDATA[2022-01-16 00:05:54 - [TEST_CASE][PASSED] - Test Cases/test case 18: Test Cases/test case 18

2022-01-16 00:05:55 - [TEST_STEP][PASSED] - openBrowser(""): Browser is opened with url: ''

2022-01-16 00:05:55 - [MESSAGE][WARNING] - A browser is already opened. Closing browser and opening a new one

2022-01-16 00:05:55 - [MESSAGE][INFO] - Starting 'Chrome' driver

2022-01-16 00:05:55 - [MESSAGE][INFO] - Action delay is set to 0 milliseconds

2022-01-16 00:05:57 - [MESSAGE][PASSED] - Browser is opened with url: ''

2022-01-16 00:05:57 - [TEST_STEP][PASSED] - navigateToUrl("http://localhost/"): Navigate to 'http://localhost/' successfully

2022-01-16 00:05:58 - [MESSAGE][PASSED] - Navigate to 'http://localhost/' successfully

2022-01-16 00:05:58 - [TEST_STEP][PASSED] - click(findTestObject("Object Repository/Page_Moodle/a_Log in")): Object: 'Object Repository/Page_Moodle/a_Log in' is clicked on

2022-01-16 00:05:59 - [MESSAGE][PASSED] - Object: 'Object Repository/Page_Moodle/a_Log in' is clicked on

2022-01-16 00:05:59 - [TEST_STEP][PASSED] - setText(findTestObject("Object Repository/Page_Moodle Log in to the site/input_Username_username"), "admin"): Text 'admin' is set on object 'Object Repository/Page_Moodle Log in to the site/input_Username_username'

2022-01-16 00:05:59 - [MESSAGE][PASSED] - Text 'admin' is set on object 'Object Repository/Page_Moodle Log in to the site/input_Username_username'

2022-01-16 00:05:59 - [TEST_STEP][PASSED] - setEncryptedText(findTestObject("Object Repository/Page_Moodle Log in to the site/input_Password_password"), "r6H/uPCyCbQX7sAf5E1f3g=="): Text ****** has been set on object 'Object Repository/Page_Moodle Log in to the site/input_Password_password'

2022-01-16 00:06:00 - [MESSAGE][PASSED] - Text ****** has been set on object 'Object Repository/Page_Moodle Log in to the site/input_Password_password'

2022-01-16 00:06:00 - [TEST_STEP][PASSED] - click(findTestObject("Object Repository/Page_Moodle Log in to the site/button_Log in")): Object: 'Object Repository/Page_Moodle Log in to the site/button_Log in' is clicked on

2022-01-16 00:06:01 - [MESSAGE][PASSED] - Object: 'Object Repository/Page_Moodle Log in to the site/button_Log in' is clicked on

2022-01-16 00:06:01 - [TEST_STEP][PASSED] - verifyElementText(findTestObject("Object Repository/Page_Dashboard/span_Site administration"), "Site administration"): Actual text and expected text of test object 'Object Repository/Page_Dashboard/span_Site administration' are matched.

2022-01-16 00:06:02 - [MESSAGE][PASSED] - Actual text and expected text of test object 'Object Repository/Page_Dashboard/span_Site administration' are matched.

2022-01-16 00:06:02 - [TEST_STEP][PASSED] - click(findTestObject("Object Repository/Page_Dashboard/span_Site administration")): Object: 'Object Repository/Page_Dashboard/span_Site administration' is clicked on

2022-01-16 00:06:03 - [MESSAGE][PASSED] - Object: 'Object Repository/Page_Dashboard/span_Site administration' is clicked on

2022-01-16 00:06:03 - [TEST_STEP][PASSED] - click(findTestObject("Object Repository/Page_Mood Administration Search/a_Courses")): Object: 'Object Repository/Page_Mood Administration Search/a_Courses' is clicked on

2022-01-16 00:06:04 - [MESSAGE][PASSED] - Object: 'Object Repository/Page_Mood Administration Search/a_Courses' is clicked on

2022-01-16 00:06:04 - [TEST_STEP][PASSED] - click(findTestObject("Object Repository/Page_Mood Administration Search/a_Manage courses and categories")): Object: 'Object Repository/Page_Mood Administration Search/a_Manage courses and categories' is clicked on

2022-01-16 00:06:05 - [MESSAGE][PASSED] - Object: 'Object Repository/Page_Mood Administration Search/a_Manage courses and categories' is clicked on

2022-01-16 00:06:05 - [TEST_STEP][PASSED] - verifyElementText(findTestObject("Object Repository/Page_Course and category management/a_Introduction to Computer Science"), "Introduction to Computer Science"): Actual text and expected text of test object 'Object Repository/Page_Course and category management/a_Introduction to Computer Science' are matched.

2022-01-16 00:06:37 - [MESSAGE][INFO] - Unable to find the element located by 'By.xpath: //a[@id='yui_3_17_2_1_1642250295888_263']'. Please recheck the objects properties to make sure the desired element is located. 

2022-01-16 00:06:37 - [MESSAGE][WARNING] - [SELF-HEALING] Failed to find element with id 'Object Repository/Page_Course and category management/a_Introduction to Computer Science'. Try using Self-healing.

2022-01-16 00:06:39 - [MESSAGE][WARNING] - [SELF-HEALING] The current locator of test object 'Object Repository/Page_Course and category management/a_Introduction to Computer Science' was broken. Propose an alternative one: '//a[contains(text(),'Introduction to Computer Science')]'.

2022-01-16 00:06:39 - [MESSAGE][PASSED] - Actual text and expected text of test object 'Object Repository/Page_Course and category management/a_Introduction to Computer Science' are matched.

2022-01-16 00:06:39 - [TEST_STEP][PASSED] - click(findTestObject("Object Repository/Page_Course and category management/a_Introduction to Computer Science")): Object: 'Object Repository/Page_Course and category management/a_Introduction to Computer Science' is clicked on

2022-01-16 00:07:11 - [MESSAGE][INFO] - Unable to find the element located by 'By.xpath: //a[@id='yui_3_17_2_1_1642250295888_263']'. Please recheck the objects properties to make sure the desired element is located. 

2022-01-16 00:07:11 - [MESSAGE][WARNING] - [SELF-HEALING] Failed to find element with id 'Object Repository/Page_Course and category management/a_Introduction to Computer Science'. Try using Self-healing.

2022-01-16 00:07:13 - [MESSAGE][WARNING] - [SELF-HEALING] The current locator of test object 'Object Repository/Page_Course and category management/a_Introduction to Computer Science' was broken. Propose an alternative one: '//a[contains(text(),'Introduction to Computer Science')]'.

2022-01-16 00:07:14 - [MESSAGE][PASSED] - Object: 'Object Repository/Page_Course and category management/a_Introduction to Computer Science' is clicked on

2022-01-16 00:07:14 - [TEST_STEP][PASSED] - waitForElementVisible(findTestObject("Object Repository/Page_Course and category management/a_View"), 0): Object 'Object Repository/Page_Course and category management/a_View' is visible

2022-01-16 00:07:14 - [MESSAGE][WARNING] - Timeout '0' is invalid. Using default page load timeout: '30'

2022-01-16 00:07:46 - [MESSAGE][INFO] - Unable to find the element located by 'By.xpath: //a[@id='action_link61e2c0502601360']'. Please recheck the objects properties to make sure the desired element is located. 

2022-01-16 00:07:46 - [MESSAGE][WARNING] - [SELF-HEALING] Failed to find element with id 'Object Repository/Page_Course and category management/a_View'. Try using Self-healing.

2022-01-16 00:07:48 - [MESSAGE][WARNING] - [SELF-HEALING] The current locator of test object 'Object Repository/Page_Course and category management/a_View' was broken. Propose an alternative one: '//div[@id='course-detail']/div/div[2]/div/a'.

2022-01-16 00:07:48 - [MESSAGE][PASSED] - Object 'Object Repository/Page_Course and category management/a_View' is visible

2022-01-16 00:07:48 - [TEST_STEP][PASSED] - click(findTestObject("Object Repository/Page_Course and category management/a_View")): Object: 'Object Repository/Page_Course and category management/a_View' is clicked on

2022-01-16 00:08:20 - [MESSAGE][INFO] - Unable to find the element located by 'By.xpath: //a[@id='action_link61e2c0502601360']'. Please recheck the objects properties to make sure the desired element is located. 

2022-01-16 00:08:20 - [MESSAGE][WARNING] - [SELF-HEALING] Failed to find element with id 'Object Repository/Page_Course and category management/a_View'. Try using Self-healing.

2022-01-16 00:08:22 - [MESSAGE][WARNING] - [SELF-HEALING] The current locator of test object 'Object Repository/Page_Course and category management/a_View' was broken. Propose an alternative one: '//div[@id='course-detail']/div/div[2]/div/a'.

2022-01-16 00:08:23 - [MESSAGE][PASSED] - Object: 'Object Repository/Page_Course and category management/a_View' is clicked on

2022-01-16 00:08:23 - [TEST_STEP][PASSED] - click(findTestObject("Object Repository/Page_Course Introduction to Computer Science/span_Grades")): Object: 'Object Repository/Page_Course Introduction to Computer Science/span_Grades' is clicked on

2022-01-16 00:08:26 - [MESSAGE][PASSED] - Object: 'Object Repository/Page_Course Introduction to Computer Science/span_Grades' is clicked on

2022-01-16 00:08:26 - [TEST_STEP][PASSED] - verifyElementText(findTestObject("Object Repository/Page_Grades View/h3_All participants 22"), "All participants: 2/2"): Actual text and expected text of test object 'Object Repository/Page_Grades View/h3_All participants 22' are matched.

2022-01-16 00:08:27 - [MESSAGE][PASSED] - Actual text and expected text of test object 'Object Repository/Page_Grades View/h3_All participants 22' are matched.

2022-01-16 00:08:27 - [TEST_STEP][PASSED] - closeBrowser(): Browser is closed

2022-01-16 00:08:28 - [MESSAGE][PASSED] - Browser is closed]]></system-out>
         <system-err><![CDATA[]]></system-err>
      </testcase>
      <testcase name="Test Cases/test case 19" time="8.987" classname="Test Cases/test case 19" status="FAILED">
         <failure type="FAILED" message="Test Cases/test case 19 FAILED.
Reason:
com.kms.katalon.core.exception.StepFailedException: Verify element text of test object 'Object Repository/Page_Moodle/a_Introduction to Computer Science' FAILED.
	at com.kms.katalon.core.webui.keyword.internal.WebUIKeywordMain.stepFailed(WebUIKeywordMain.groovy:64)
	at com.kms.katalon.core.webui.keyword.internal.WebUIKeywordMain.runKeyword(WebUIKeywordMain.groovy:26)
	at com.kms.katalon.core.webui.keyword.builtin.VerifyElementTextKeyword.verifyElementText(VerifyElementTextKeyword.groovy:72)
	at com.kms.katalon.core.webui.keyword.builtin.VerifyElementTextKeyword.execute(VerifyElementTextKeyword.groovy:40)
	at com.kms.katalon.core.keyword.internal.KeywordExecutor.executeKeywordForPlatform(KeywordExecutor.groovy:74)
	at com.kms.katalon.core.webui.keyword.WebUiBuiltInKeywords.verifyElementText(WebUiBuiltInKeywords.groovy:4749)
	at com.kms.katalon.core.webui.keyword.WebUiBuiltInKeywords$verifyElementText$7.call(Unknown Source)
	at test case 19.run(test case 19:36)
	at com.kms.katalon.core.main.ScriptEngine.run(ScriptEngine.java:194)
	at com.kms.katalon.core.main.ScriptEngine.runScriptAsRawText(ScriptEngine.java:119)
	at com.kms.katalon.core.main.TestCaseExecutor.runScript(TestCaseExecutor.java:442)
	at com.kms.katalon.core.main.TestCaseExecutor.doExecute(TestCaseExecutor.java:433)
	at com.kms.katalon.core.main.TestCaseExecutor.processExecutionPhase(TestCaseExecutor.java:412)
	at com.kms.katalon.core.main.TestCaseExecutor.accessMainPhase(TestCaseExecutor.java:404)
	at com.kms.katalon.core.main.TestCaseExecutor.execute(TestCaseExecutor.java:281)
	at com.kms.katalon.core.main.TestSuiteExecutor.accessTestCaseMainPhase(TestSuiteExecutor.java:202)
	at com.kms.katalon.core.main.TestSuiteExecutor.accessTestSuiteMainPhase(TestSuiteExecutor.java:164)
	at com.kms.katalon.core.main.TestSuiteExecutor.execute(TestSuiteExecutor.java:105)
	at com.kms.katalon.core.main.TestCaseMain.startTestSuite(TestCaseMain.java:181)
	at com.kms.katalon.core.main.TestCaseMain$startTestSuite$0.call(Unknown Source)
	at TempTestSuite1642265296699.run(TempTestSuite1642265296699.groovy:36)
Caused by: com.kms.katalon.core.exception.StepFailedException: Actual text 'Statistics' and expected text 'Introduction to Computer Science' of test object 'Object Repository/Page_Moodle/a_Introduction to Computer Science' are NOT matched.
	at com.kms.katalon.core.webui.keyword.internal.WebUIKeywordMain.stepFailed(WebUIKeywordMain.groovy:64)
	at com.kms.katalon.core.webui.keyword.builtin.VerifyElementTextKeyword$_verifyElementText_closure1.doCall(VerifyElementTextKeyword.groovy:57)
	at com.kms.katalon.core.webui.keyword.builtin.VerifyElementTextKeyword$_verifyElementText_closure1.call(VerifyElementTextKeyword.groovy)
	at com.kms.katalon.core.webui.keyword.internal.WebUIKeywordMain.runKeyword(WebUIKeywordMain.groovy:20)
	... 19 more
"/>
         <system-out><![CDATA[2022-01-16 00:08:28 - [TEST_CASE][FAILED] - Test Cases/test case 19: Test Cases/test case 19 FAILED.
Reason:
com.kms.katalon.core.exception.StepFailedException: Verify element text of test object 'Object Repository/Page_Moodle/a_Introduction to Computer Science' FAILED.
	at com.kms.katalon.core.webui.keyword.internal.WebUIKeywordMain.stepFailed(WebUIKeywordMain.groovy:64)
	at com.kms.katalon.core.webui.keyword.internal.WebUIKeywordMain.runKeyword(WebUIKeywordMain.groovy:26)
	at com.kms.katalon.core.webui.keyword.builtin.VerifyElementTextKeyword.verifyElementText(VerifyElementTextKeyword.groovy:72)
	at com.kms.katalon.core.webui.keyword.builtin.VerifyElementTextKeyword.execute(VerifyElementTextKeyword.groovy:40)
	at com.kms.katalon.core.keyword.internal.KeywordExecutor.executeKeywordForPlatform(KeywordExecutor.groovy:74)
	at com.kms.katalon.core.webui.keyword.WebUiBuiltInKeywords.verifyElementText(WebUiBuiltInKeywords.groovy:4749)
	at com.kms.katalon.core.webui.keyword.WebUiBuiltInKeywords$verifyElementText$7.call(Unknown Source)
	at test case 19.run(test case 19:36)
	at com.kms.katalon.core.main.ScriptEngine.run(ScriptEngine.java:194)
	at com.kms.katalon.core.main.ScriptEngine.runScriptAsRawText(ScriptEngine.java:119)
	at com.kms.katalon.core.main.TestCaseExecutor.runScript(TestCaseExecutor.java:442)
	at com.kms.katalon.core.main.TestCaseExecutor.doExecute(TestCaseExecutor.java:433)
	at com.kms.katalon.core.main.TestCaseExecutor.processExecutionPhase(TestCaseExecutor.java:412)
	at com.kms.katalon.core.main.TestCaseExecutor.accessMainPhase(TestCaseExecutor.java:404)
	at com.kms.katalon.core.main.TestCaseExecutor.execute(TestCaseExecutor.java:281)
	at com.kms.katalon.core.main.TestSuiteExecutor.accessTestCaseMainPhase(TestSuiteExecutor.java:202)
	at com.kms.katalon.core.main.TestSuiteExecutor.accessTestSuiteMainPhase(TestSuiteExecutor.java:164)
	at com.kms.katalon.core.main.TestSuiteExecutor.execute(TestSuiteExecutor.java:105)
	at com.kms.katalon.core.main.TestCaseMain.startTestSuite(TestCaseMain.java:181)
	at com.kms.katalon.core.main.TestCaseMain$startTestSuite$0.call(Unknown Source)
	at TempTestSuite1642265296699.run(TempTestSuite1642265296699.groovy:36)
Caused by: com.kms.katalon.core.exception.StepFailedException: Actual text 'Statistics' and expected text 'Introduction to Computer Science' of test object 'Object Repository/Page_Moodle/a_Introduction to Computer Science' are NOT matched.
	at com.kms.katalon.core.webui.keyword.internal.WebUIKeywordMain.stepFailed(WebUIKeywordMain.groovy:64)
	at com.kms.katalon.core.webui.keyword.builtin.VerifyElementTextKeyword$_verifyElementText_closure1.doCall(VerifyElementTextKeyword.groovy:57)
	at com.kms.katalon.core.webui.keyword.builtin.VerifyElementTextKeyword$_verifyElementText_closure1.call(VerifyElementTextKeyword.groovy)
	at com.kms.katalon.core.webui.keyword.internal.WebUIKeywordMain.runKeyword(WebUIKeywordMain.groovy:20)
	... 19 more


2022-01-16 00:08:28 - [TEST_STEP][PASSED] - openBrowser(""): Browser is opened with url: ''

2022-01-16 00:08:28 - [MESSAGE][INFO] - Starting 'Chrome' driver

2022-01-16 00:08:28 - [MESSAGE][INFO] - Action delay is set to 0 milliseconds

2022-01-16 00:08:30 - [MESSAGE][PASSED] - Browser is opened with url: ''

2022-01-16 00:08:30 - [TEST_STEP][PASSED] - navigateToUrl("http://localhost/"): Navigate to 'http://localhost/' successfully

2022-01-16 00:08:31 - [MESSAGE][PASSED] - Navigate to 'http://localhost/' successfully

2022-01-16 00:08:31 - [TEST_STEP][PASSED] - click(findTestObject("Object Repository/Page_Moodle/a_Log in")): Object: 'Object Repository/Page_Moodle/a_Log in' is clicked on

2022-01-16 00:08:32 - [MESSAGE][PASSED] - Object: 'Object Repository/Page_Moodle/a_Log in' is clicked on

2022-01-16 00:08:32 - [TEST_STEP][PASSED] - setText(findTestObject("Object Repository/Page_Moodle Log in to the site/input_Username_username"), "admin"): Text 'admin' is set on object 'Object Repository/Page_Moodle Log in to the site/input_Username_username'

2022-01-16 00:08:33 - [MESSAGE][PASSED] - Text 'admin' is set on object 'Object Repository/Page_Moodle Log in to the site/input_Username_username'

2022-01-16 00:08:33 - [TEST_STEP][PASSED] - setEncryptedText(findTestObject("Object Repository/Page_Moodle Log in to the site/input_Password_password"), "r6H/uPCyCbQX7sAf5E1f3g=="): Text ****** has been set on object 'Object Repository/Page_Moodle Log in to the site/input_Password_password'

2022-01-16 00:08:33 - [MESSAGE][PASSED] - Text ****** has been set on object 'Object Repository/Page_Moodle Log in to the site/input_Password_password'

2022-01-16 00:08:33 - [TEST_STEP][PASSED] - click(findTestObject("Object Repository/Page_Moodle Log in to the site/button_Log in")): Object: 'Object Repository/Page_Moodle Log in to the site/button_Log in' is clicked on

2022-01-16 00:08:34 - [MESSAGE][PASSED] - Object: 'Object Repository/Page_Moodle Log in to the site/button_Log in' is clicked on

2022-01-16 00:08:34 - [TEST_STEP][PASSED] - verifyElementText(findTestObject("Object Repository/Page_Dashboard/span_Site home"), "Site home"): Actual text and expected text of test object 'Object Repository/Page_Dashboard/span_Site home' are matched.

2022-01-16 00:08:35 - [MESSAGE][PASSED] - Actual text and expected text of test object 'Object Repository/Page_Dashboard/span_Site home' are matched.

2022-01-16 00:08:35 - [TEST_STEP][PASSED] - click(findTestObject("Object Repository/Page_Dashboard/a_Site home")): Object: 'Object Repository/Page_Dashboard/a_Site home' is clicked on

2022-01-16 00:08:36 - [MESSAGE][PASSED] - Object: 'Object Repository/Page_Dashboard/a_Site home' is clicked on

2022-01-16 00:08:36 - [TEST_STEP][FAILED] - verifyElementText(findTestObject("Object Repository/Page_Moodle/a_Introduction to Computer Science"), "Introduction to Computer Science"): Verify element text of test object 'Object Repository/Page_Moodle/a_Introduction to Computer Science' FAILED. (Root cause: com.kms.katalon.core.exception.StepFailedException: Verify element text of test object 'Object Repository/Page_Moodle/a_Introduction to Computer Science' FAILED.
	at com.kms.katalon.core.webui.keyword.internal.WebUIKeywordMain.stepFailed(WebUIKeywordMain.groovy:64)
	at com.kms.katalon.core.webui.keyword.internal.WebUIKeywordMain.runKeyword(WebUIKeywordMain.groovy:26)
	at com.kms.katalon.core.webui.keyword.builtin.VerifyElementTextKeyword.verifyElementText(VerifyElementTextKeyword.groovy:72)
	at com.kms.katalon.core.webui.keyword.builtin.VerifyElementTextKeyword.execute(VerifyElementTextKeyword.groovy:40)
	at com.kms.katalon.core.keyword.internal.KeywordExecutor.executeKeywordForPlatform(KeywordExecutor.groovy:74)
	at com.kms.katalon.core.webui.keyword.WebUiBuiltInKeywords.verifyElementText(WebUiBuiltInKeywords.groovy:4749)
	at com.kms.katalon.core.webui.keyword.WebUiBuiltInKeywords$verifyElementText$7.call(Unknown Source)
	at test case 19.run(test case 19:36)
	at com.kms.katalon.core.main.ScriptEngine.run(ScriptEngine.java:194)
	at com.kms.katalon.core.main.ScriptEngine.runScriptAsRawText(ScriptEngine.java:119)
	at com.kms.katalon.core.main.TestCaseExecutor.runScript(TestCaseExecutor.java:442)
	at com.kms.katalon.core.main.TestCaseExecutor.doExecute(TestCaseExecutor.java:433)
	at com.kms.katalon.core.main.TestCaseExecutor.processExecutionPhase(TestCaseExecutor.java:412)
	at com.kms.katalon.core.main.TestCaseExecutor.accessMainPhase(TestCaseExecutor.java:404)
	at com.kms.katalon.core.main.TestCaseExecutor.execute(TestCaseExecutor.java:281)
	at com.kms.katalon.core.main.TestSuiteExecutor.accessTestCaseMainPhase(TestSuiteExecutor.java:202)
	at com.kms.katalon.core.main.TestSuiteExecutor.accessTestSuiteMainPhase(TestSuiteExecutor.java:164)
	at com.kms.katalon.core.main.TestSuiteExecutor.execute(TestSuiteExecutor.java:105)
	at com.kms.katalon.core.main.TestCaseMain.startTestSuite(TestCaseMain.java:181)
	at com.kms.katalon.core.main.TestCaseMain$startTestSuite$0.call(Unknown Source)
	at TempTestSuite1642265296699.run(TempTestSuite1642265296699.groovy:36)
Caused by: com.kms.katalon.core.exception.StepFailedException: Actual text 'Statistics' and expected text 'Introduction to Computer Science' of test object 'Object Repository/Page_Moodle/a_Introduction to Computer Science' are NOT matched.
	at com.kms.katalon.core.webui.keyword.internal.WebUIKeywordMain.stepFailed(WebUIKeywordMain.groovy:64)
	at com.kms.katalon.core.webui.keyword.builtin.VerifyElementTextKeyword$_verifyElementText_closure1.doCall(VerifyElementTextKeyword.groovy:57)
	at com.kms.katalon.core.webui.keyword.builtin.VerifyElementTextKeyword$_verifyElementText_closure1.call(VerifyElementTextKeyword.groovy)
	at com.kms.katalon.core.webui.keyword.internal.WebUIKeywordMain.runKeyword(WebUIKeywordMain.groovy:20)
	... 19 more
)

2022-01-16 00:08:37 - [MESSAGE][FAILED] - Actual text 'Statistics' and expected text 'Introduction to Computer Science' of test object 'Object Repository/Page_Moodle/a_Introduction to Computer Science' are NOT matched. (Root cause: com.kms.katalon.core.exception.StepFailedException: Actual text 'Statistics' and expected text 'Introduction to Computer Science' of test object 'Object Repository/Page_Moodle/a_Introduction to Computer Science' are NOT matched.
	at com.kms.katalon.core.webui.keyword.internal.WebUIKeywordMain.stepFailed(WebUIKeywordMain.groovy:64)
	at com.kms.katalon.core.webui.keyword.builtin.VerifyElementTextKeyword$_verifyElementText_closure1.doCall(VerifyElementTextKeyword.groovy:57)
	at com.kms.katalon.core.webui.keyword.builtin.VerifyElementTextKeyword$_verifyElementText_closure1.call(VerifyElementTextKeyword.groovy)
	at com.kms.katalon.core.webui.keyword.internal.WebUIKeywordMain.runKeyword(WebUIKeywordMain.groovy:20)
	at com.kms.katalon.core.webui.keyword.builtin.VerifyElementTextKeyword.verifyElementText(VerifyElementTextKeyword.groovy:72)
	at com.kms.katalon.core.webui.keyword.builtin.VerifyElementTextKeyword.execute(VerifyElementTextKeyword.groovy:40)
	at com.kms.katalon.core.keyword.internal.KeywordExecutor.executeKeywordForPlatform(KeywordExecutor.groovy:74)
	at com.kms.katalon.core.webui.keyword.WebUiBuiltInKeywords.verifyElementText(WebUiBuiltInKeywords.groovy:4749)
	at com.kms.katalon.core.webui.keyword.WebUiBuiltInKeywords$verifyElementText$7.call(Unknown Source)
	at test case 19.run(test case 19:36)
	at com.kms.katalon.core.main.ScriptEngine.run(ScriptEngine.java:194)
	at com.kms.katalon.core.main.ScriptEngine.runScriptAsRawText(ScriptEngine.java:119)
	at com.kms.katalon.core.main.TestCaseExecutor.runScript(TestCaseExecutor.java:442)
	at com.kms.katalon.core.main.TestCaseExecutor.doExecute(TestCaseExecutor.java:433)
	at com.kms.katalon.core.main.TestCaseExecutor.processExecutionPhase(TestCaseExecutor.java:412)
	at com.kms.katalon.core.main.TestCaseExecutor.accessMainPhase(TestCaseExecutor.java:404)
	at com.kms.katalon.core.main.TestCaseExecutor.execute(TestCaseExecutor.java:281)
	at com.kms.katalon.core.main.TestSuiteExecutor.accessTestCaseMainPhase(TestSuiteExecutor.java:202)
	at com.kms.katalon.core.main.TestSuiteExecutor.accessTestSuiteMainPhase(TestSuiteExecutor.java:164)
	at com.kms.katalon.core.main.TestSuiteExecutor.execute(TestSuiteExecutor.java:105)
	at com.kms.katalon.core.main.TestCaseMain.startTestSuite(TestCaseMain.java:181)
	at com.kms.katalon.core.main.TestCaseMain$startTestSuite$0.call(Unknown Source)
	at TempTestSuite1642265296699.run(TempTestSuite1642265296699.groovy:36)
)
[[ATTACHMENT|D:\\Test-Automation-SE-Bonus\\Test-Automation-SE-Bonus\\Reports\\20220115_234816\\Run all test cases\\20220115_234816\\1642266517243.png]]

2022-01-16 00:08:37 - [MESSAGE][FAILED] - Verify element text of test object 'Object Repository/Page_Moodle/a_Introduction to Computer Science' FAILED. (Root cause: com.kms.katalon.core.exception.StepFailedException: Verify element text of test object 'Object Repository/Page_Moodle/a_Introduction to Computer Science' FAILED.
	at com.kms.katalon.core.webui.keyword.internal.WebUIKeywordMain.stepFailed(WebUIKeywordMain.groovy:64)
	at com.kms.katalon.core.webui.keyword.internal.WebUIKeywordMain.runKeyword(WebUIKeywordMain.groovy:26)
	at com.kms.katalon.core.webui.keyword.builtin.VerifyElementTextKeyword.verifyElementText(VerifyElementTextKeyword.groovy:72)
	at com.kms.katalon.core.webui.keyword.builtin.VerifyElementTextKeyword.execute(VerifyElementTextKeyword.groovy:40)
	at com.kms.katalon.core.keyword.internal.KeywordExecutor.executeKeywordForPlatform(KeywordExecutor.groovy:74)
	at com.kms.katalon.core.webui.keyword.WebUiBuiltInKeywords.verifyElementText(WebUiBuiltInKeywords.groovy:4749)
	at com.kms.katalon.core.webui.keyword.WebUiBuiltInKeywords$verifyElementText$7.call(Unknown Source)
	at test case 19.run(test case 19:36)
	at com.kms.katalon.core.main.ScriptEngine.run(ScriptEngine.java:194)
	at com.kms.katalon.core.main.ScriptEngine.runScriptAsRawText(ScriptEngine.java:119)
	at com.kms.katalon.core.main.TestCaseExecutor.runScript(TestCaseExecutor.java:442)
	at com.kms.katalon.core.main.TestCaseExecutor.doExecute(TestCaseExecutor.java:433)
	at com.kms.katalon.core.main.TestCaseExecutor.processExecutionPhase(TestCaseExecutor.java:412)
	at com.kms.katalon.core.main.TestCaseExecutor.accessMainPhase(TestCaseExecutor.java:404)
	at com.kms.katalon.core.main.TestCaseExecutor.execute(TestCaseExecutor.java:281)
	at com.kms.katalon.core.main.TestSuiteExecutor.accessTestCaseMainPhase(TestSuiteExecutor.java:202)
	at com.kms.katalon.core.main.TestSuiteExecutor.accessTestSuiteMainPhase(TestSuiteExecutor.java:164)
	at com.kms.katalon.core.main.TestSuiteExecutor.execute(TestSuiteExecutor.java:105)
	at com.kms.katalon.core.main.TestCaseMain.startTestSuite(TestCaseMain.java:181)
	at com.kms.katalon.core.main.TestCaseMain$startTestSuite$0.call(Unknown Source)
	at TempTestSuite1642265296699.run(TempTestSuite1642265296699.groovy:36)
Caused by: com.kms.katalon.core.exception.StepFailedException: Actual text 'Statistics' and expected text 'Introduction to Computer Science' of test object 'Object Repository/Page_Moodle/a_Introduction to Computer Science' are NOT matched.
	at com.kms.katalon.core.webui.keyword.internal.WebUIKeywordMain.stepFailed(WebUIKeywordMain.groovy:64)
	at com.kms.katalon.core.webui.keyword.builtin.VerifyElementTextKeyword$_verifyElementText_closure1.doCall(VerifyElementTextKeyword.groovy:57)
	at com.kms.katalon.core.webui.keyword.builtin.VerifyElementTextKeyword$_verifyElementText_closure1.call(VerifyElementTextKeyword.groovy)
	at com.kms.katalon.core.webui.keyword.internal.WebUIKeywordMain.runKeyword(WebUIKeywordMain.groovy:20)
	... 19 more
)
[[ATTACHMENT|D:\\Test-Automation-SE-Bonus\\Test-Automation-SE-Bonus\\Reports\\20220115_234816\\Run all test cases\\20220115_234816\\1642266517387.png]]]]></system-out>
         <system-err><![CDATA[2022-01-16 00:08:28 - [TEST_CASE][FAILED] - Test Cases/test case 19: Test Cases/test case 19 FAILED.
Reason:
com.kms.katalon.core.exception.StepFailedException: Verify element text of test object 'Object Repository/Page_Moodle/a_Introduction to Computer Science' FAILED.
	at com.kms.katalon.core.webui.keyword.internal.WebUIKeywordMain.stepFailed(WebUIKeywordMain.groovy:64)
	at com.kms.katalon.core.webui.keyword.internal.WebUIKeywordMain.runKeyword(WebUIKeywordMain.groovy:26)
	at com.kms.katalon.core.webui.keyword.builtin.VerifyElementTextKeyword.verifyElementText(VerifyElementTextKeyword.groovy:72)
	at com.kms.katalon.core.webui.keyword.builtin.VerifyElementTextKeyword.execute(VerifyElementTextKeyword.groovy:40)
	at com.kms.katalon.core.keyword.internal.KeywordExecutor.executeKeywordForPlatform(KeywordExecutor.groovy:74)
	at com.kms.katalon.core.webui.keyword.WebUiBuiltInKeywords.verifyElementText(WebUiBuiltInKeywords.groovy:4749)
	at com.kms.katalon.core.webui.keyword.WebUiBuiltInKeywords$verifyElementText$7.call(Unknown Source)
	at test case 19.run(test case 19:36)
	at com.kms.katalon.core.main.ScriptEngine.run(ScriptEngine.java:194)
	at com.kms.katalon.core.main.ScriptEngine.runScriptAsRawText(ScriptEngine.java:119)
	at com.kms.katalon.core.main.TestCaseExecutor.runScript(TestCaseExecutor.java:442)
	at com.kms.katalon.core.main.TestCaseExecutor.doExecute(TestCaseExecutor.java:433)
	at com.kms.katalon.core.main.TestCaseExecutor.processExecutionPhase(TestCaseExecutor.java:412)
	at com.kms.katalon.core.main.TestCaseExecutor.accessMainPhase(TestCaseExecutor.java:404)
	at com.kms.katalon.core.main.TestCaseExecutor.execute(TestCaseExecutor.java:281)
	at com.kms.katalon.core.main.TestSuiteExecutor.accessTestCaseMainPhase(TestSuiteExecutor.java:202)
	at com.kms.katalon.core.main.TestSuiteExecutor.accessTestSuiteMainPhase(TestSuiteExecutor.java:164)
	at com.kms.katalon.core.main.TestSuiteExecutor.execute(TestSuiteExecutor.java:105)
	at com.kms.katalon.core.main.TestCaseMain.startTestSuite(TestCaseMain.java:181)
	at com.kms.katalon.core.main.TestCaseMain$startTestSuite$0.call(Unknown Source)
	at TempTestSuite1642265296699.run(TempTestSuite1642265296699.groovy:36)
Caused by: com.kms.katalon.core.exception.StepFailedException: Actual text 'Statistics' and expected text 'Introduction to Computer Science' of test object 'Object Repository/Page_Moodle/a_Introduction to Computer Science' are NOT matched.
	at com.kms.katalon.core.webui.keyword.internal.WebUIKeywordMain.stepFailed(WebUIKeywordMain.groovy:64)
	at com.kms.katalon.core.webui.keyword.builtin.VerifyElementTextKeyword$_verifyElementText_closure1.doCall(VerifyElementTextKeyword.groovy:57)
	at com.kms.katalon.core.webui.keyword.builtin.VerifyElementTextKeyword$_verifyElementText_closure1.call(VerifyElementTextKeyword.groovy)
	at com.kms.katalon.core.webui.keyword.internal.WebUIKeywordMain.runKeyword(WebUIKeywordMain.groovy:20)
	... 19 more]]></system-err>
      </testcase>
      <testcase name="Test Cases/test case 20" time="8.297" classname="Test Cases/test case 20" status="FAILED">
         <failure type="FAILED" message="Test Cases/test case 20 FAILED.
Reason:
com.kms.katalon.core.exception.StepFailedException: Verify element text of test object 'Object Repository/Page_Dashboard/a_Introduction to Computer Science' FAILED.
	at com.kms.katalon.core.webui.keyword.internal.WebUIKeywordMain.stepFailed(WebUIKeywordMain.groovy:64)
	at com.kms.katalon.core.webui.keyword.internal.WebUIKeywordMain.runKeyword(WebUIKeywordMain.groovy:26)
	at com.kms.katalon.core.webui.keyword.builtin.VerifyElementTextKeyword.verifyElementText(VerifyElementTextKeyword.groovy:72)
	at com.kms.katalon.core.webui.keyword.builtin.VerifyElementTextKeyword.execute(VerifyElementTextKeyword.groovy:40)
	at com.kms.katalon.core.keyword.internal.KeywordExecutor.executeKeywordForPlatform(KeywordExecutor.groovy:74)
	at com.kms.katalon.core.webui.keyword.WebUiBuiltInKeywords.verifyElementText(WebUiBuiltInKeywords.groovy:4749)
	at com.kms.katalon.core.webui.keyword.WebUiBuiltInKeywords$verifyElementText$7.call(Unknown Source)
	at test case 20.run(test case 20:32)
	at com.kms.katalon.core.main.ScriptEngine.run(ScriptEngine.java:194)
	at com.kms.katalon.core.main.ScriptEngine.runScriptAsRawText(ScriptEngine.java:119)
	at com.kms.katalon.core.main.TestCaseExecutor.runScript(TestCaseExecutor.java:442)
	at com.kms.katalon.core.main.TestCaseExecutor.doExecute(TestCaseExecutor.java:433)
	at com.kms.katalon.core.main.TestCaseExecutor.processExecutionPhase(TestCaseExecutor.java:412)
	at com.kms.katalon.core.main.TestCaseExecutor.accessMainPhase(TestCaseExecutor.java:404)
	at com.kms.katalon.core.main.TestCaseExecutor.execute(TestCaseExecutor.java:281)
	at com.kms.katalon.core.main.TestSuiteExecutor.accessTestCaseMainPhase(TestSuiteExecutor.java:202)
	at com.kms.katalon.core.main.TestSuiteExecutor.accessTestSuiteMainPhase(TestSuiteExecutor.java:164)
	at com.kms.katalon.core.main.TestSuiteExecutor.execute(TestSuiteExecutor.java:105)
	at com.kms.katalon.core.main.TestCaseMain.startTestSuite(TestCaseMain.java:181)
	at com.kms.katalon.core.main.TestCaseMain$startTestSuite$0.call(Unknown Source)
	at TempTestSuite1642265296699.run(TempTestSuite1642265296699.groovy:36)
Caused by: com.kms.katalon.core.exception.StepFailedException: Actual text 'Statistics' and expected text 'Introduction to Computer Science' of test object 'Object Repository/Page_Dashboard/a_Introduction to Computer Science' are NOT matched.
	at com.kms.katalon.core.webui.keyword.internal.WebUIKeywordMain.stepFailed(WebUIKeywordMain.groovy:64)
	at com.kms.katalon.core.webui.keyword.builtin.VerifyElementTextKeyword$_verifyElementText_closure1.doCall(VerifyElementTextKeyword.groovy:57)
	at com.kms.katalon.core.webui.keyword.builtin.VerifyElementTextKeyword$_verifyElementText_closure1.call(VerifyElementTextKeyword.groovy)
	at com.kms.katalon.core.webui.keyword.internal.WebUIKeywordMain.runKeyword(WebUIKeywordMain.groovy:20)
	... 19 more
"/>
         <system-out><![CDATA[2022-01-16 00:08:37 - [TEST_CASE][FAILED] - Test Cases/test case 20: Test Cases/test case 20 FAILED.
Reason:
com.kms.katalon.core.exception.StepFailedException: Verify element text of test object 'Object Repository/Page_Dashboard/a_Introduction to Computer Science' FAILED.
	at com.kms.katalon.core.webui.keyword.internal.WebUIKeywordMain.stepFailed(WebUIKeywordMain.groovy:64)
	at com.kms.katalon.core.webui.keyword.internal.WebUIKeywordMain.runKeyword(WebUIKeywordMain.groovy:26)
	at com.kms.katalon.core.webui.keyword.builtin.VerifyElementTextKeyword.verifyElementText(VerifyElementTextKeyword.groovy:72)
	at com.kms.katalon.core.webui.keyword.builtin.VerifyElementTextKeyword.execute(VerifyElementTextKeyword.groovy:40)
	at com.kms.katalon.core.keyword.internal.KeywordExecutor.executeKeywordForPlatform(KeywordExecutor.groovy:74)
	at com.kms.katalon.core.webui.keyword.WebUiBuiltInKeywords.verifyElementText(WebUiBuiltInKeywords.groovy:4749)
	at com.kms.katalon.core.webui.keyword.WebUiBuiltInKeywords$verifyElementText$7.call(Unknown Source)
	at test case 20.run(test case 20:32)
	at com.kms.katalon.core.main.ScriptEngine.run(ScriptEngine.java:194)
	at com.kms.katalon.core.main.ScriptEngine.runScriptAsRawText(ScriptEngine.java:119)
	at com.kms.katalon.core.main.TestCaseExecutor.runScript(TestCaseExecutor.java:442)
	at com.kms.katalon.core.main.TestCaseExecutor.doExecute(TestCaseExecutor.java:433)
	at com.kms.katalon.core.main.TestCaseExecutor.processExecutionPhase(TestCaseExecutor.java:412)
	at com.kms.katalon.core.main.TestCaseExecutor.accessMainPhase(TestCaseExecutor.java:404)
	at com.kms.katalon.core.main.TestCaseExecutor.execute(TestCaseExecutor.java:281)
	at com.kms.katalon.core.main.TestSuiteExecutor.accessTestCaseMainPhase(TestSuiteExecutor.java:202)
	at com.kms.katalon.core.main.TestSuiteExecutor.accessTestSuiteMainPhase(TestSuiteExecutor.java:164)
	at com.kms.katalon.core.main.TestSuiteExecutor.execute(TestSuiteExecutor.java:105)
	at com.kms.katalon.core.main.TestCaseMain.startTestSuite(TestCaseMain.java:181)
	at com.kms.katalon.core.main.TestCaseMain$startTestSuite$0.call(Unknown Source)
	at TempTestSuite1642265296699.run(TempTestSuite1642265296699.groovy:36)
Caused by: com.kms.katalon.core.exception.StepFailedException: Actual text 'Statistics' and expected text 'Introduction to Computer Science' of test object 'Object Repository/Page_Dashboard/a_Introduction to Computer Science' are NOT matched.
	at com.kms.katalon.core.webui.keyword.internal.WebUIKeywordMain.stepFailed(WebUIKeywordMain.groovy:64)
	at com.kms.katalon.core.webui.keyword.builtin.VerifyElementTextKeyword$_verifyElementText_closure1.doCall(VerifyElementTextKeyword.groovy:57)
	at com.kms.katalon.core.webui.keyword.builtin.VerifyElementTextKeyword$_verifyElementText_closure1.call(VerifyElementTextKeyword.groovy)
	at com.kms.katalon.core.webui.keyword.internal.WebUIKeywordMain.runKeyword(WebUIKeywordMain.groovy:20)
	... 19 more


2022-01-16 00:08:37 - [TEST_STEP][PASSED] - openBrowser(""): Browser is opened with url: ''

2022-01-16 00:08:37 - [MESSAGE][WARNING] - A browser is already opened. Closing browser and opening a new one

2022-01-16 00:08:38 - [MESSAGE][INFO] - Starting 'Chrome' driver

2022-01-16 00:08:38 - [MESSAGE][INFO] - Action delay is set to 0 milliseconds

2022-01-16 00:08:39 - [MESSAGE][PASSED] - Browser is opened with url: ''

2022-01-16 00:08:39 - [TEST_STEP][PASSED] - navigateToUrl("http://localhost/"): Navigate to 'http://localhost/' successfully

2022-01-16 00:08:41 - [MESSAGE][PASSED] - Navigate to 'http://localhost/' successfully

2022-01-16 00:08:41 - [TEST_STEP][PASSED] - click(findTestObject("Object Repository/Page_Moodle/a_Log in")): Object: 'Object Repository/Page_Moodle/a_Log in' is clicked on

2022-01-16 00:08:41 - [MESSAGE][PASSED] - Object: 'Object Repository/Page_Moodle/a_Log in' is clicked on

2022-01-16 00:08:41 - [TEST_STEP][PASSED] - setText(findTestObject("Object Repository/Page_Moodle Log in to the site/input_Username_username"), "admin"): Text 'admin' is set on object 'Object Repository/Page_Moodle Log in to the site/input_Username_username'

2022-01-16 00:08:42 - [MESSAGE][PASSED] - Text 'admin' is set on object 'Object Repository/Page_Moodle Log in to the site/input_Username_username'

2022-01-16 00:08:42 - [TEST_STEP][PASSED] - setEncryptedText(findTestObject("Object Repository/Page_Moodle Log in to the site/input_Password_password"), "r6H/uPCyCbQX7sAf5E1f3g=="): Text ****** has been set on object 'Object Repository/Page_Moodle Log in to the site/input_Password_password'

2022-01-16 00:08:43 - [MESSAGE][PASSED] - Text ****** has been set on object 'Object Repository/Page_Moodle Log in to the site/input_Password_password'

2022-01-16 00:08:43 - [TEST_STEP][PASSED] - click(findTestObject("Object Repository/Page_Moodle Log in to the site/button_Log in")): Object: 'Object Repository/Page_Moodle Log in to the site/button_Log in' is clicked on

2022-01-16 00:08:44 - [MESSAGE][PASSED] - Object: 'Object Repository/Page_Moodle Log in to the site/button_Log in' is clicked on

2022-01-16 00:08:44 - [TEST_STEP][FAILED] - verifyElementText(findTestObject("Page_Dashboard/a_Introduction to Computer Science"), "Introduction to Computer Science"): Verify element text of test object 'Object Repository/Page_Dashboard/a_Introduction to Computer Science' FAILED. (Root cause: com.kms.katalon.core.exception.StepFailedException: Verify element text of test object 'Object Repository/Page_Dashboard/a_Introduction to Computer Science' FAILED.
	at com.kms.katalon.core.webui.keyword.internal.WebUIKeywordMain.stepFailed(WebUIKeywordMain.groovy:64)
	at com.kms.katalon.core.webui.keyword.internal.WebUIKeywordMain.runKeyword(WebUIKeywordMain.groovy:26)
	at com.kms.katalon.core.webui.keyword.builtin.VerifyElementTextKeyword.verifyElementText(VerifyElementTextKeyword.groovy:72)
	at com.kms.katalon.core.webui.keyword.builtin.VerifyElementTextKeyword.execute(VerifyElementTextKeyword.groovy:40)
	at com.kms.katalon.core.keyword.internal.KeywordExecutor.executeKeywordForPlatform(KeywordExecutor.groovy:74)
	at com.kms.katalon.core.webui.keyword.WebUiBuiltInKeywords.verifyElementText(WebUiBuiltInKeywords.groovy:4749)
	at com.kms.katalon.core.webui.keyword.WebUiBuiltInKeywords$verifyElementText$7.call(Unknown Source)
	at test case 20.run(test case 20:32)
	at com.kms.katalon.core.main.ScriptEngine.run(ScriptEngine.java:194)
	at com.kms.katalon.core.main.ScriptEngine.runScriptAsRawText(ScriptEngine.java:119)
	at com.kms.katalon.core.main.TestCaseExecutor.runScript(TestCaseExecutor.java:442)
	at com.kms.katalon.core.main.TestCaseExecutor.doExecute(TestCaseExecutor.java:433)
	at com.kms.katalon.core.main.TestCaseExecutor.processExecutionPhase(TestCaseExecutor.java:412)
	at com.kms.katalon.core.main.TestCaseExecutor.accessMainPhase(TestCaseExecutor.java:404)
	at com.kms.katalon.core.main.TestCaseExecutor.execute(TestCaseExecutor.java:281)
	at com.kms.katalon.core.main.TestSuiteExecutor.accessTestCaseMainPhase(TestSuiteExecutor.java:202)
	at com.kms.katalon.core.main.TestSuiteExecutor.accessTestSuiteMainPhase(TestSuiteExecutor.java:164)
	at com.kms.katalon.core.main.TestSuiteExecutor.execute(TestSuiteExecutor.java:105)
	at com.kms.katalon.core.main.TestCaseMain.startTestSuite(TestCaseMain.java:181)
	at com.kms.katalon.core.main.TestCaseMain$startTestSuite$0.call(Unknown Source)
	at TempTestSuite1642265296699.run(TempTestSuite1642265296699.groovy:36)
Caused by: com.kms.katalon.core.exception.StepFailedException: Actual text 'Statistics' and expected text 'Introduction to Computer Science' of test object 'Object Repository/Page_Dashboard/a_Introduction to Computer Science' are NOT matched.
	at com.kms.katalon.core.webui.keyword.internal.WebUIKeywordMain.stepFailed(WebUIKeywordMain.groovy:64)
	at com.kms.katalon.core.webui.keyword.builtin.VerifyElementTextKeyword$_verifyElementText_closure1.doCall(VerifyElementTextKeyword.groovy:57)
	at com.kms.katalon.core.webui.keyword.builtin.VerifyElementTextKeyword$_verifyElementText_closure1.call(VerifyElementTextKeyword.groovy)
	at com.kms.katalon.core.webui.keyword.internal.WebUIKeywordMain.runKeyword(WebUIKeywordMain.groovy:20)
	... 19 more
)

2022-01-16 00:08:45 - [MESSAGE][FAILED] - Actual text 'Statistics' and expected text 'Introduction to Computer Science' of test object 'Object Repository/Page_Dashboard/a_Introduction to Computer Science' are NOT matched. (Root cause: com.kms.katalon.core.exception.StepFailedException: Actual text 'Statistics' and expected text 'Introduction to Computer Science' of test object 'Object Repository/Page_Dashboard/a_Introduction to Computer Science' are NOT matched.
	at com.kms.katalon.core.webui.keyword.internal.WebUIKeywordMain.stepFailed(WebUIKeywordMain.groovy:64)
	at com.kms.katalon.core.webui.keyword.builtin.VerifyElementTextKeyword$_verifyElementText_closure1.doCall(VerifyElementTextKeyword.groovy:57)
	at com.kms.katalon.core.webui.keyword.builtin.VerifyElementTextKeyword$_verifyElementText_closure1.call(VerifyElementTextKeyword.groovy)
	at com.kms.katalon.core.webui.keyword.internal.WebUIKeywordMain.runKeyword(WebUIKeywordMain.groovy:20)
	at com.kms.katalon.core.webui.keyword.builtin.VerifyElementTextKeyword.verifyElementText(VerifyElementTextKeyword.groovy:72)
	at com.kms.katalon.core.webui.keyword.builtin.VerifyElementTextKeyword.execute(VerifyElementTextKeyword.groovy:40)
	at com.kms.katalon.core.keyword.internal.KeywordExecutor.executeKeywordForPlatform(KeywordExecutor.groovy:74)
	at com.kms.katalon.core.webui.keyword.WebUiBuiltInKeywords.verifyElementText(WebUiBuiltInKeywords.groovy:4749)
	at com.kms.katalon.core.webui.keyword.WebUiBuiltInKeywords$verifyElementText$7.call(Unknown Source)
	at test case 20.run(test case 20:32)
	at com.kms.katalon.core.main.ScriptEngine.run(ScriptEngine.java:194)
	at com.kms.katalon.core.main.ScriptEngine.runScriptAsRawText(ScriptEngine.java:119)
	at com.kms.katalon.core.main.TestCaseExecutor.runScript(TestCaseExecutor.java:442)
	at com.kms.katalon.core.main.TestCaseExecutor.doExecute(TestCaseExecutor.java:433)
	at com.kms.katalon.core.main.TestCaseExecutor.processExecutionPhase(TestCaseExecutor.java:412)
	at com.kms.katalon.core.main.TestCaseExecutor.accessMainPhase(TestCaseExecutor.java:404)
	at com.kms.katalon.core.main.TestCaseExecutor.execute(TestCaseExecutor.java:281)
	at com.kms.katalon.core.main.TestSuiteExecutor.accessTestCaseMainPhase(TestSuiteExecutor.java:202)
	at com.kms.katalon.core.main.TestSuiteExecutor.accessTestSuiteMainPhase(TestSuiteExecutor.java:164)
	at com.kms.katalon.core.main.TestSuiteExecutor.execute(TestSuiteExecutor.java:105)
	at com.kms.katalon.core.main.TestCaseMain.startTestSuite(TestCaseMain.java:181)
	at com.kms.katalon.core.main.TestCaseMain$startTestSuite$0.call(Unknown Source)
	at TempTestSuite1642265296699.run(TempTestSuite1642265296699.groovy:36)
)
[[ATTACHMENT|D:\\Test-Automation-SE-Bonus\\Test-Automation-SE-Bonus\\Reports\\20220115_234816\\Run all test cases\\20220115_234816\\1642266525549.png]]

2022-01-16 00:08:45 - [MESSAGE][FAILED] - Verify element text of test object 'Object Repository/Page_Dashboard/a_Introduction to Computer Science' FAILED. (Root cause: com.kms.katalon.core.exception.StepFailedException: Verify element text of test object 'Object Repository/Page_Dashboard/a_Introduction to Computer Science' FAILED.
	at com.kms.katalon.core.webui.keyword.internal.WebUIKeywordMain.stepFailed(WebUIKeywordMain.groovy:64)
	at com.kms.katalon.core.webui.keyword.internal.WebUIKeywordMain.runKeyword(WebUIKeywordMain.groovy:26)
	at com.kms.katalon.core.webui.keyword.builtin.VerifyElementTextKeyword.verifyElementText(VerifyElementTextKeyword.groovy:72)
	at com.kms.katalon.core.webui.keyword.builtin.VerifyElementTextKeyword.execute(VerifyElementTextKeyword.groovy:40)
	at com.kms.katalon.core.keyword.internal.KeywordExecutor.executeKeywordForPlatform(KeywordExecutor.groovy:74)
	at com.kms.katalon.core.webui.keyword.WebUiBuiltInKeywords.verifyElementText(WebUiBuiltInKeywords.groovy:4749)
	at com.kms.katalon.core.webui.keyword.WebUiBuiltInKeywords$verifyElementText$7.call(Unknown Source)
	at test case 20.run(test case 20:32)
	at com.kms.katalon.core.main.ScriptEngine.run(ScriptEngine.java:194)
	at com.kms.katalon.core.main.ScriptEngine.runScriptAsRawText(ScriptEngine.java:119)
	at com.kms.katalon.core.main.TestCaseExecutor.runScript(TestCaseExecutor.java:442)
	at com.kms.katalon.core.main.TestCaseExecutor.doExecute(TestCaseExecutor.java:433)
	at com.kms.katalon.core.main.TestCaseExecutor.processExecutionPhase(TestCaseExecutor.java:412)
	at com.kms.katalon.core.main.TestCaseExecutor.accessMainPhase(TestCaseExecutor.java:404)
	at com.kms.katalon.core.main.TestCaseExecutor.execute(TestCaseExecutor.java:281)
	at com.kms.katalon.core.main.TestSuiteExecutor.accessTestCaseMainPhase(TestSuiteExecutor.java:202)
	at com.kms.katalon.core.main.TestSuiteExecutor.accessTestSuiteMainPhase(TestSuiteExecutor.java:164)
	at com.kms.katalon.core.main.TestSuiteExecutor.execute(TestSuiteExecutor.java:105)
	at com.kms.katalon.core.main.TestCaseMain.startTestSuite(TestCaseMain.java:181)
	at com.kms.katalon.core.main.TestCaseMain$startTestSuite$0.call(Unknown Source)
	at TempTestSuite1642265296699.run(TempTestSuite1642265296699.groovy:36)
Caused by: com.kms.katalon.core.exception.StepFailedException: Actual text 'Statistics' and expected text 'Introduction to Computer Science' of test object 'Object Repository/Page_Dashboard/a_Introduction to Computer Science' are NOT matched.
	at com.kms.katalon.core.webui.keyword.internal.WebUIKeywordMain.stepFailed(WebUIKeywordMain.groovy:64)
	at com.kms.katalon.core.webui.keyword.builtin.VerifyElementTextKeyword$_verifyElementText_closure1.doCall(VerifyElementTextKeyword.groovy:57)
	at com.kms.katalon.core.webui.keyword.builtin.VerifyElementTextKeyword$_verifyElementText_closure1.call(VerifyElementTextKeyword.groovy)
	at com.kms.katalon.core.webui.keyword.internal.WebUIKeywordMain.runKeyword(WebUIKeywordMain.groovy:20)
	... 19 more
)
[[ATTACHMENT|D:\\Test-Automation-SE-Bonus\\Test-Automation-SE-Bonus\\Reports\\20220115_234816\\Run all test cases\\20220115_234816\\1642266525703.png]]]]></system-out>
         <system-err><![CDATA[2022-01-16 00:08:37 - [TEST_CASE][FAILED] - Test Cases/test case 20: Test Cases/test case 20 FAILED.
Reason:
com.kms.katalon.core.exception.StepFailedException: Verify element text of test object 'Object Repository/Page_Dashboard/a_Introduction to Computer Science' FAILED.
	at com.kms.katalon.core.webui.keyword.internal.WebUIKeywordMain.stepFailed(WebUIKeywordMain.groovy:64)
	at com.kms.katalon.core.webui.keyword.internal.WebUIKeywordMain.runKeyword(WebUIKeywordMain.groovy:26)
	at com.kms.katalon.core.webui.keyword.builtin.VerifyElementTextKeyword.verifyElementText(VerifyElementTextKeyword.groovy:72)
	at com.kms.katalon.core.webui.keyword.builtin.VerifyElementTextKeyword.execute(VerifyElementTextKeyword.groovy:40)
	at com.kms.katalon.core.keyword.internal.KeywordExecutor.executeKeywordForPlatform(KeywordExecutor.groovy:74)
	at com.kms.katalon.core.webui.keyword.WebUiBuiltInKeywords.verifyElementText(WebUiBuiltInKeywords.groovy:4749)
	at com.kms.katalon.core.webui.keyword.WebUiBuiltInKeywords$verifyElementText$7.call(Unknown Source)
	at test case 20.run(test case 20:32)
	at com.kms.katalon.core.main.ScriptEngine.run(ScriptEngine.java:194)
	at com.kms.katalon.core.main.ScriptEngine.runScriptAsRawText(ScriptEngine.java:119)
	at com.kms.katalon.core.main.TestCaseExecutor.runScript(TestCaseExecutor.java:442)
	at com.kms.katalon.core.main.TestCaseExecutor.doExecute(TestCaseExecutor.java:433)
	at com.kms.katalon.core.main.TestCaseExecutor.processExecutionPhase(TestCaseExecutor.java:412)
	at com.kms.katalon.core.main.TestCaseExecutor.accessMainPhase(TestCaseExecutor.java:404)
	at com.kms.katalon.core.main.TestCaseExecutor.execute(TestCaseExecutor.java:281)
	at com.kms.katalon.core.main.TestSuiteExecutor.accessTestCaseMainPhase(TestSuiteExecutor.java:202)
	at com.kms.katalon.core.main.TestSuiteExecutor.accessTestSuiteMainPhase(TestSuiteExecutor.java:164)
	at com.kms.katalon.core.main.TestSuiteExecutor.execute(TestSuiteExecutor.java:105)
	at com.kms.katalon.core.main.TestCaseMain.startTestSuite(TestCaseMain.java:181)
	at com.kms.katalon.core.main.TestCaseMain$startTestSuite$0.call(Unknown Source)
	at TempTestSuite1642265296699.run(TempTestSuite1642265296699.groovy:36)
Caused by: com.kms.katalon.core.exception.StepFailedException: Actual text 'Statistics' and expected text 'Introduction to Computer Science' of test object 'Object Repository/Page_Dashboard/a_Introduction to Computer Science' are NOT matched.
	at com.kms.katalon.core.webui.keyword.internal.WebUIKeywordMain.stepFailed(WebUIKeywordMain.groovy:64)
	at com.kms.katalon.core.webui.keyword.builtin.VerifyElementTextKeyword$_verifyElementText_closure1.doCall(VerifyElementTextKeyword.groovy:57)
	at com.kms.katalon.core.webui.keyword.builtin.VerifyElementTextKeyword$_verifyElementText_closure1.call(VerifyElementTextKeyword.groovy)
	at com.kms.katalon.core.webui.keyword.internal.WebUIKeywordMain.runKeyword(WebUIKeywordMain.groovy:20)
	... 19 more]]></system-err>
      </testcase>
      <testcase name="Test Cases/test case 21" time="9.19" classname="Test Cases/test case 21" status="FAILED">
         <failure type="FAILED" message="Test Cases/test case 21 FAILED.
Reason:
com.kms.katalon.core.exception.StepFailedException: Verify element text of test object 'Object Repository/Page_Moodle/a_Introduction to Computer Science' FAILED.
	at com.kms.katalon.core.webui.keyword.internal.WebUIKeywordMain.stepFailed(WebUIKeywordMain.groovy:64)
	at com.kms.katalon.core.webui.keyword.internal.WebUIKeywordMain.runKeyword(WebUIKeywordMain.groovy:26)
	at com.kms.katalon.core.webui.keyword.builtin.VerifyElementTextKeyword.verifyElementText(VerifyElementTextKeyword.groovy:72)
	at com.kms.katalon.core.webui.keyword.builtin.VerifyElementTextKeyword.execute(VerifyElementTextKeyword.groovy:40)
	at com.kms.katalon.core.keyword.internal.KeywordExecutor.executeKeywordForPlatform(KeywordExecutor.groovy:74)
	at com.kms.katalon.core.webui.keyword.WebUiBuiltInKeywords.verifyElementText(WebUiBuiltInKeywords.groovy:4749)
	at com.kms.katalon.core.webui.keyword.WebUiBuiltInKeywords$verifyElementText$7.call(Unknown Source)
	at test case 21.run(test case 21:34)
	at com.kms.katalon.core.main.ScriptEngine.run(ScriptEngine.java:194)
	at com.kms.katalon.core.main.ScriptEngine.runScriptAsRawText(ScriptEngine.java:119)
	at com.kms.katalon.core.main.TestCaseExecutor.runScript(TestCaseExecutor.java:442)
	at com.kms.katalon.core.main.TestCaseExecutor.doExecute(TestCaseExecutor.java:433)
	at com.kms.katalon.core.main.TestCaseExecutor.processExecutionPhase(TestCaseExecutor.java:412)
	at com.kms.katalon.core.main.TestCaseExecutor.accessMainPhase(TestCaseExecutor.java:404)
	at com.kms.katalon.core.main.TestCaseExecutor.execute(TestCaseExecutor.java:281)
	at com.kms.katalon.core.main.TestSuiteExecutor.accessTestCaseMainPhase(TestSuiteExecutor.java:202)
	at com.kms.katalon.core.main.TestSuiteExecutor.accessTestSuiteMainPhase(TestSuiteExecutor.java:164)
	at com.kms.katalon.core.main.TestSuiteExecutor.execute(TestSuiteExecutor.java:105)
	at com.kms.katalon.core.main.TestCaseMain.startTestSuite(TestCaseMain.java:181)
	at com.kms.katalon.core.main.TestCaseMain$startTestSuite$0.call(Unknown Source)
	at TempTestSuite1642265296699.run(TempTestSuite1642265296699.groovy:36)
Caused by: com.kms.katalon.core.exception.StepFailedException: Actual text 'Statistics' and expected text 'Introduction to Computer Science' of test object 'Object Repository/Page_Moodle/a_Introduction to Computer Science' are NOT matched.
	at com.kms.katalon.core.webui.keyword.internal.WebUIKeywordMain.stepFailed(WebUIKeywordMain.groovy:64)
	at com.kms.katalon.core.webui.keyword.builtin.VerifyElementTextKeyword$_verifyElementText_closure1.doCall(VerifyElementTextKeyword.groovy:57)
	at com.kms.katalon.core.webui.keyword.builtin.VerifyElementTextKeyword$_verifyElementText_closure1.call(VerifyElementTextKeyword.groovy)
	at com.kms.katalon.core.webui.keyword.internal.WebUIKeywordMain.runKeyword(WebUIKeywordMain.groovy:20)
	... 19 more
"/>
         <system-out><![CDATA[2022-01-16 00:08:45 - [TEST_CASE][FAILED] - Test Cases/test case 21: Test Cases/test case 21 FAILED.
Reason:
com.kms.katalon.core.exception.StepFailedException: Verify element text of test object 'Object Repository/Page_Moodle/a_Introduction to Computer Science' FAILED.
	at com.kms.katalon.core.webui.keyword.internal.WebUIKeywordMain.stepFailed(WebUIKeywordMain.groovy:64)
	at com.kms.katalon.core.webui.keyword.internal.WebUIKeywordMain.runKeyword(WebUIKeywordMain.groovy:26)
	at com.kms.katalon.core.webui.keyword.builtin.VerifyElementTextKeyword.verifyElementText(VerifyElementTextKeyword.groovy:72)
	at com.kms.katalon.core.webui.keyword.builtin.VerifyElementTextKeyword.execute(VerifyElementTextKeyword.groovy:40)
	at com.kms.katalon.core.keyword.internal.KeywordExecutor.executeKeywordForPlatform(KeywordExecutor.groovy:74)
	at com.kms.katalon.core.webui.keyword.WebUiBuiltInKeywords.verifyElementText(WebUiBuiltInKeywords.groovy:4749)
	at com.kms.katalon.core.webui.keyword.WebUiBuiltInKeywords$verifyElementText$7.call(Unknown Source)
	at test case 21.run(test case 21:34)
	at com.kms.katalon.core.main.ScriptEngine.run(ScriptEngine.java:194)
	at com.kms.katalon.core.main.ScriptEngine.runScriptAsRawText(ScriptEngine.java:119)
	at com.kms.katalon.core.main.TestCaseExecutor.runScript(TestCaseExecutor.java:442)
	at com.kms.katalon.core.main.TestCaseExecutor.doExecute(TestCaseExecutor.java:433)
	at com.kms.katalon.core.main.TestCaseExecutor.processExecutionPhase(TestCaseExecutor.java:412)
	at com.kms.katalon.core.main.TestCaseExecutor.accessMainPhase(TestCaseExecutor.java:404)
	at com.kms.katalon.core.main.TestCaseExecutor.execute(TestCaseExecutor.java:281)
	at com.kms.katalon.core.main.TestSuiteExecutor.accessTestCaseMainPhase(TestSuiteExecutor.java:202)
	at com.kms.katalon.core.main.TestSuiteExecutor.accessTestSuiteMainPhase(TestSuiteExecutor.java:164)
	at com.kms.katalon.core.main.TestSuiteExecutor.execute(TestSuiteExecutor.java:105)
	at com.kms.katalon.core.main.TestCaseMain.startTestSuite(TestCaseMain.java:181)
	at com.kms.katalon.core.main.TestCaseMain$startTestSuite$0.call(Unknown Source)
	at TempTestSuite1642265296699.run(TempTestSuite1642265296699.groovy:36)
Caused by: com.kms.katalon.core.exception.StepFailedException: Actual text 'Statistics' and expected text 'Introduction to Computer Science' of test object 'Object Repository/Page_Moodle/a_Introduction to Computer Science' are NOT matched.
	at com.kms.katalon.core.webui.keyword.internal.WebUIKeywordMain.stepFailed(WebUIKeywordMain.groovy:64)
	at com.kms.katalon.core.webui.keyword.builtin.VerifyElementTextKeyword$_verifyElementText_closure1.doCall(VerifyElementTextKeyword.groovy:57)
	at com.kms.katalon.core.webui.keyword.builtin.VerifyElementTextKeyword$_verifyElementText_closure1.call(VerifyElementTextKeyword.groovy)
	at com.kms.katalon.core.webui.keyword.internal.WebUIKeywordMain.runKeyword(WebUIKeywordMain.groovy:20)
	... 19 more


2022-01-16 00:08:46 - [TEST_STEP][PASSED] - openBrowser(""): Browser is opened with url: ''

2022-01-16 00:08:46 - [MESSAGE][WARNING] - A browser is already opened. Closing browser and opening a new one

2022-01-16 00:08:46 - [MESSAGE][INFO] - Starting 'Chrome' driver

2022-01-16 00:08:46 - [MESSAGE][INFO] - Action delay is set to 0 milliseconds

2022-01-16 00:08:48 - [MESSAGE][PASSED] - Browser is opened with url: ''

2022-01-16 00:08:48 - [TEST_STEP][PASSED] - navigateToUrl("http://localhost/"): Navigate to 'http://localhost/' successfully

2022-01-16 00:08:49 - [MESSAGE][PASSED] - Navigate to 'http://localhost/' successfully

2022-01-16 00:08:49 - [TEST_STEP][PASSED] - click(findTestObject("Object Repository/Page_Moodle/a_Log in")): Object: 'Object Repository/Page_Moodle/a_Log in' is clicked on

2022-01-16 00:08:50 - [MESSAGE][PASSED] - Object: 'Object Repository/Page_Moodle/a_Log in' is clicked on

2022-01-16 00:08:50 - [TEST_STEP][PASSED] - setText(findTestObject("Object Repository/Page_Moodle Log in to the site/input_Username_username"), "admin"): Text 'admin' is set on object 'Object Repository/Page_Moodle Log in to the site/input_Username_username'

2022-01-16 00:08:51 - [MESSAGE][PASSED] - Text 'admin' is set on object 'Object Repository/Page_Moodle Log in to the site/input_Username_username'

2022-01-16 00:08:51 - [TEST_STEP][PASSED] - setEncryptedText(findTestObject("Object Repository/Page_Moodle Log in to the site/input_Password_password"), "r6H/uPCyCbQX7sAf5E1f3g=="): Text ****** has been set on object 'Object Repository/Page_Moodle Log in to the site/input_Password_password'

2022-01-16 00:08:51 - [MESSAGE][PASSED] - Text ****** has been set on object 'Object Repository/Page_Moodle Log in to the site/input_Password_password'

2022-01-16 00:08:51 - [TEST_STEP][PASSED] - click(findTestObject("Object Repository/Page_Moodle Log in to the site/button_Log in")): Object: 'Object Repository/Page_Moodle Log in to the site/button_Log in' is clicked on

2022-01-16 00:08:52 - [MESSAGE][PASSED] - Object: 'Object Repository/Page_Moodle Log in to the site/button_Log in' is clicked on

2022-01-16 00:08:52 - [TEST_STEP][PASSED] - click(findTestObject("Object Repository/Page_Dashboard/span_Site home")): Object: 'Object Repository/Page_Dashboard/span_Site home' is clicked on

2022-01-16 00:08:54 - [MESSAGE][PASSED] - Object: 'Object Repository/Page_Dashboard/span_Site home' is clicked on

2022-01-16 00:08:54 - [TEST_STEP][FAILED] - verifyElementText(findTestObject("Page_Moodle/a_Introduction to Computer Science"), "Introduction to Computer Science"): Verify element text of test object 'Object Repository/Page_Moodle/a_Introduction to Computer Science' FAILED. (Root cause: com.kms.katalon.core.exception.StepFailedException: Verify element text of test object 'Object Repository/Page_Moodle/a_Introduction to Computer Science' FAILED.
	at com.kms.katalon.core.webui.keyword.internal.WebUIKeywordMain.stepFailed(WebUIKeywordMain.groovy:64)
	at com.kms.katalon.core.webui.keyword.internal.WebUIKeywordMain.runKeyword(WebUIKeywordMain.groovy:26)
	at com.kms.katalon.core.webui.keyword.builtin.VerifyElementTextKeyword.verifyElementText(VerifyElementTextKeyword.groovy:72)
	at com.kms.katalon.core.webui.keyword.builtin.VerifyElementTextKeyword.execute(VerifyElementTextKeyword.groovy:40)
	at com.kms.katalon.core.keyword.internal.KeywordExecutor.executeKeywordForPlatform(KeywordExecutor.groovy:74)
	at com.kms.katalon.core.webui.keyword.WebUiBuiltInKeywords.verifyElementText(WebUiBuiltInKeywords.groovy:4749)
	at com.kms.katalon.core.webui.keyword.WebUiBuiltInKeywords$verifyElementText$7.call(Unknown Source)
	at test case 21.run(test case 21:34)
	at com.kms.katalon.core.main.ScriptEngine.run(ScriptEngine.java:194)
	at com.kms.katalon.core.main.ScriptEngine.runScriptAsRawText(ScriptEngine.java:119)
	at com.kms.katalon.core.main.TestCaseExecutor.runScript(TestCaseExecutor.java:442)
	at com.kms.katalon.core.main.TestCaseExecutor.doExecute(TestCaseExecutor.java:433)
	at com.kms.katalon.core.main.TestCaseExecutor.processExecutionPhase(TestCaseExecutor.java:412)
	at com.kms.katalon.core.main.TestCaseExecutor.accessMainPhase(TestCaseExecutor.java:404)
	at com.kms.katalon.core.main.TestCaseExecutor.execute(TestCaseExecutor.java:281)
	at com.kms.katalon.core.main.TestSuiteExecutor.accessTestCaseMainPhase(TestSuiteExecutor.java:202)
	at com.kms.katalon.core.main.TestSuiteExecutor.accessTestSuiteMainPhase(TestSuiteExecutor.java:164)
	at com.kms.katalon.core.main.TestSuiteExecutor.execute(TestSuiteExecutor.java:105)
	at com.kms.katalon.core.main.TestCaseMain.startTestSuite(TestCaseMain.java:181)
	at com.kms.katalon.core.main.TestCaseMain$startTestSuite$0.call(Unknown Source)
	at TempTestSuite1642265296699.run(TempTestSuite1642265296699.groovy:36)
Caused by: com.kms.katalon.core.exception.StepFailedException: Actual text 'Statistics' and expected text 'Introduction to Computer Science' of test object 'Object Repository/Page_Moodle/a_Introduction to Computer Science' are NOT matched.
	at com.kms.katalon.core.webui.keyword.internal.WebUIKeywordMain.stepFailed(WebUIKeywordMain.groovy:64)
	at com.kms.katalon.core.webui.keyword.builtin.VerifyElementTextKeyword$_verifyElementText_closure1.doCall(VerifyElementTextKeyword.groovy:57)
	at com.kms.katalon.core.webui.keyword.builtin.VerifyElementTextKeyword$_verifyElementText_closure1.call(VerifyElementTextKeyword.groovy)
	at com.kms.katalon.core.webui.keyword.internal.WebUIKeywordMain.runKeyword(WebUIKeywordMain.groovy:20)
	... 19 more
)

2022-01-16 00:08:54 - [MESSAGE][FAILED] - Actual text 'Statistics' and expected text 'Introduction to Computer Science' of test object 'Object Repository/Page_Moodle/a_Introduction to Computer Science' are NOT matched. (Root cause: com.kms.katalon.core.exception.StepFailedException: Actual text 'Statistics' and expected text 'Introduction to Computer Science' of test object 'Object Repository/Page_Moodle/a_Introduction to Computer Science' are NOT matched.
	at com.kms.katalon.core.webui.keyword.internal.WebUIKeywordMain.stepFailed(WebUIKeywordMain.groovy:64)
	at com.kms.katalon.core.webui.keyword.builtin.VerifyElementTextKeyword$_verifyElementText_closure1.doCall(VerifyElementTextKeyword.groovy:57)
	at com.kms.katalon.core.webui.keyword.builtin.VerifyElementTextKeyword$_verifyElementText_closure1.call(VerifyElementTextKeyword.groovy)
	at com.kms.katalon.core.webui.keyword.internal.WebUIKeywordMain.runKeyword(WebUIKeywordMain.groovy:20)
	at com.kms.katalon.core.webui.keyword.builtin.VerifyElementTextKeyword.verifyElementText(VerifyElementTextKeyword.groovy:72)
	at com.kms.katalon.core.webui.keyword.builtin.VerifyElementTextKeyword.execute(VerifyElementTextKeyword.groovy:40)
	at com.kms.katalon.core.keyword.internal.KeywordExecutor.executeKeywordForPlatform(KeywordExecutor.groovy:74)
	at com.kms.katalon.core.webui.keyword.WebUiBuiltInKeywords.verifyElementText(WebUiBuiltInKeywords.groovy:4749)
	at com.kms.katalon.core.webui.keyword.WebUiBuiltInKeywords$verifyElementText$7.call(Unknown Source)
	at test case 21.run(test case 21:34)
	at com.kms.katalon.core.main.ScriptEngine.run(ScriptEngine.java:194)
	at com.kms.katalon.core.main.ScriptEngine.runScriptAsRawText(ScriptEngine.java:119)
	at com.kms.katalon.core.main.TestCaseExecutor.runScript(TestCaseExecutor.java:442)
	at com.kms.katalon.core.main.TestCaseExecutor.doExecute(TestCaseExecutor.java:433)
	at com.kms.katalon.core.main.TestCaseExecutor.processExecutionPhase(TestCaseExecutor.java:412)
	at com.kms.katalon.core.main.TestCaseExecutor.accessMainPhase(TestCaseExecutor.java:404)
	at com.kms.katalon.core.main.TestCaseExecutor.execute(TestCaseExecutor.java:281)
	at com.kms.katalon.core.main.TestSuiteExecutor.accessTestCaseMainPhase(TestSuiteExecutor.java:202)
	at com.kms.katalon.core.main.TestSuiteExecutor.accessTestSuiteMainPhase(TestSuiteExecutor.java:164)
	at com.kms.katalon.core.main.TestSuiteExecutor.execute(TestSuiteExecutor.java:105)
	at com.kms.katalon.core.main.TestCaseMain.startTestSuite(TestCaseMain.java:181)
	at com.kms.katalon.core.main.TestCaseMain$startTestSuite$0.call(Unknown Source)
	at TempTestSuite1642265296699.run(TempTestSuite1642265296699.groovy:36)
)
[[ATTACHMENT|D:\\Test-Automation-SE-Bonus\\Test-Automation-SE-Bonus\\Reports\\20220115_234816\\Run all test cases\\20220115_234816\\1642266534725.png]]

2022-01-16 00:08:55 - [MESSAGE][FAILED] - Verify element text of test object 'Object Repository/Page_Moodle/a_Introduction to Computer Science' FAILED. (Root cause: com.kms.katalon.core.exception.StepFailedException: Verify element text of test object 'Object Repository/Page_Moodle/a_Introduction to Computer Science' FAILED.
	at com.kms.katalon.core.webui.keyword.internal.WebUIKeywordMain.stepFailed(WebUIKeywordMain.groovy:64)
	at com.kms.katalon.core.webui.keyword.internal.WebUIKeywordMain.runKeyword(WebUIKeywordMain.groovy:26)
	at com.kms.katalon.core.webui.keyword.builtin.VerifyElementTextKeyword.verifyElementText(VerifyElementTextKeyword.groovy:72)
	at com.kms.katalon.core.webui.keyword.builtin.VerifyElementTextKeyword.execute(VerifyElementTextKeyword.groovy:40)
	at com.kms.katalon.core.keyword.internal.KeywordExecutor.executeKeywordForPlatform(KeywordExecutor.groovy:74)
	at com.kms.katalon.core.webui.keyword.WebUiBuiltInKeywords.verifyElementText(WebUiBuiltInKeywords.groovy:4749)
	at com.kms.katalon.core.webui.keyword.WebUiBuiltInKeywords$verifyElementText$7.call(Unknown Source)
	at test case 21.run(test case 21:34)
	at com.kms.katalon.core.main.ScriptEngine.run(ScriptEngine.java:194)
	at com.kms.katalon.core.main.ScriptEngine.runScriptAsRawText(ScriptEngine.java:119)
	at com.kms.katalon.core.main.TestCaseExecutor.runScript(TestCaseExecutor.java:442)
	at com.kms.katalon.core.main.TestCaseExecutor.doExecute(TestCaseExecutor.java:433)
	at com.kms.katalon.core.main.TestCaseExecutor.processExecutionPhase(TestCaseExecutor.java:412)
	at com.kms.katalon.core.main.TestCaseExecutor.accessMainPhase(TestCaseExecutor.java:404)
	at com.kms.katalon.core.main.TestCaseExecutor.execute(TestCaseExecutor.java:281)
	at com.kms.katalon.core.main.TestSuiteExecutor.accessTestCaseMainPhase(TestSuiteExecutor.java:202)
	at com.kms.katalon.core.main.TestSuiteExecutor.accessTestSuiteMainPhase(TestSuiteExecutor.java:164)
	at com.kms.katalon.core.main.TestSuiteExecutor.execute(TestSuiteExecutor.java:105)
	at com.kms.katalon.core.main.TestCaseMain.startTestSuite(TestCaseMain.java:181)
	at com.kms.katalon.core.main.TestCaseMain$startTestSuite$0.call(Unknown Source)
	at TempTestSuite1642265296699.run(TempTestSuite1642265296699.groovy:36)
Caused by: com.kms.katalon.core.exception.StepFailedException: Actual text 'Statistics' and expected text 'Introduction to Computer Science' of test object 'Object Repository/Page_Moodle/a_Introduction to Computer Science' are NOT matched.
	at com.kms.katalon.core.webui.keyword.internal.WebUIKeywordMain.stepFailed(WebUIKeywordMain.groovy:64)
	at com.kms.katalon.core.webui.keyword.builtin.VerifyElementTextKeyword$_verifyElementText_closure1.doCall(VerifyElementTextKeyword.groovy:57)
	at com.kms.katalon.core.webui.keyword.builtin.VerifyElementTextKeyword$_verifyElementText_closure1.call(VerifyElementTextKeyword.groovy)
	at com.kms.katalon.core.webui.keyword.internal.WebUIKeywordMain.runKeyword(WebUIKeywordMain.groovy:20)
	... 19 more
)
[[ATTACHMENT|D:\\Test-Automation-SE-Bonus\\Test-Automation-SE-Bonus\\Reports\\20220115_234816\\Run all test cases\\20220115_234816\\1642266534883.png]]]]></system-out>
         <system-err><![CDATA[2022-01-16 00:08:45 - [TEST_CASE][FAILED] - Test Cases/test case 21: Test Cases/test case 21 FAILED.
Reason:
com.kms.katalon.core.exception.StepFailedException: Verify element text of test object 'Object Repository/Page_Moodle/a_Introduction to Computer Science' FAILED.
	at com.kms.katalon.core.webui.keyword.internal.WebUIKeywordMain.stepFailed(WebUIKeywordMain.groovy:64)
	at com.kms.katalon.core.webui.keyword.internal.WebUIKeywordMain.runKeyword(WebUIKeywordMain.groovy:26)
	at com.kms.katalon.core.webui.keyword.builtin.VerifyElementTextKeyword.verifyElementText(VerifyElementTextKeyword.groovy:72)
	at com.kms.katalon.core.webui.keyword.builtin.VerifyElementTextKeyword.execute(VerifyElementTextKeyword.groovy:40)
	at com.kms.katalon.core.keyword.internal.KeywordExecutor.executeKeywordForPlatform(KeywordExecutor.groovy:74)
	at com.kms.katalon.core.webui.keyword.WebUiBuiltInKeywords.verifyElementText(WebUiBuiltInKeywords.groovy:4749)
	at com.kms.katalon.core.webui.keyword.WebUiBuiltInKeywords$verifyElementText$7.call(Unknown Source)
	at test case 21.run(test case 21:34)
	at com.kms.katalon.core.main.ScriptEngine.run(ScriptEngine.java:194)
	at com.kms.katalon.core.main.ScriptEngine.runScriptAsRawText(ScriptEngine.java:119)
	at com.kms.katalon.core.main.TestCaseExecutor.runScript(TestCaseExecutor.java:442)
	at com.kms.katalon.core.main.TestCaseExecutor.doExecute(TestCaseExecutor.java:433)
	at com.kms.katalon.core.main.TestCaseExecutor.processExecutionPhase(TestCaseExecutor.java:412)
	at com.kms.katalon.core.main.TestCaseExecutor.accessMainPhase(TestCaseExecutor.java:404)
	at com.kms.katalon.core.main.TestCaseExecutor.execute(TestCaseExecutor.java:281)
	at com.kms.katalon.core.main.TestSuiteExecutor.accessTestCaseMainPhase(TestSuiteExecutor.java:202)
	at com.kms.katalon.core.main.TestSuiteExecutor.accessTestSuiteMainPhase(TestSuiteExecutor.java:164)
	at com.kms.katalon.core.main.TestSuiteExecutor.execute(TestSuiteExecutor.java:105)
	at com.kms.katalon.core.main.TestCaseMain.startTestSuite(TestCaseMain.java:181)
	at com.kms.katalon.core.main.TestCaseMain$startTestSuite$0.call(Unknown Source)
	at TempTestSuite1642265296699.run(TempTestSuite1642265296699.groovy:36)
Caused by: com.kms.katalon.core.exception.StepFailedException: Actual text 'Statistics' and expected text 'Introduction to Computer Science' of test object 'Object Repository/Page_Moodle/a_Introduction to Computer Science' are NOT matched.
	at com.kms.katalon.core.webui.keyword.internal.WebUIKeywordMain.stepFailed(WebUIKeywordMain.groovy:64)
	at com.kms.katalon.core.webui.keyword.builtin.VerifyElementTextKeyword$_verifyElementText_closure1.doCall(VerifyElementTextKeyword.groovy:57)
	at com.kms.katalon.core.webui.keyword.builtin.VerifyElementTextKeyword$_verifyElementText_closure1.call(VerifyElementTextKeyword.groovy)
	at com.kms.katalon.core.webui.keyword.internal.WebUIKeywordMain.runKeyword(WebUIKeywordMain.groovy:20)
	... 19 more]]></system-err>
      </testcase>
      <testcase name="Test Cases/test case 22" time="268.84" classname="Test Cases/test case 22" status="PASSED">
         <system-out><![CDATA[2022-01-16 00:08:55 - [TEST_CASE][PASSED] - Test Cases/test case 22: Test Cases/test case 22

2022-01-16 00:08:55 - [TEST_STEP][PASSED] - openBrowser(""): Browser is opened with url: ''

2022-01-16 00:08:55 - [MESSAGE][WARNING] - A browser is already opened. Closing browser and opening a new one

2022-01-16 00:08:56 - [MESSAGE][INFO] - Starting 'Chrome' driver

2022-01-16 00:08:56 - [MESSAGE][INFO] - Action delay is set to 0 milliseconds

2022-01-16 00:08:57 - [MESSAGE][PASSED] - Browser is opened with url: ''

2022-01-16 00:08:57 - [TEST_STEP][PASSED] - navigateToUrl("http://localhost/"): Navigate to 'http://localhost/' successfully

2022-01-16 00:08:58 - [MESSAGE][PASSED] - Navigate to 'http://localhost/' successfully

2022-01-16 00:08:58 - [TEST_STEP][PASSED] - click(findTestObject("Object Repository/Page_Moodle/a_Log in")): Object: 'Object Repository/Page_Moodle/a_Log in' is clicked on

2022-01-16 00:08:59 - [MESSAGE][PASSED] - Object: 'Object Repository/Page_Moodle/a_Log in' is clicked on

2022-01-16 00:08:59 - [TEST_STEP][PASSED] - setText(findTestObject("Object Repository/Page_Moodle Log in to the site/input_Username_username"), "admin"): Text 'admin' is set on object 'Object Repository/Page_Moodle Log in to the site/input_Username_username'

2022-01-16 00:09:00 - [MESSAGE][PASSED] - Text 'admin' is set on object 'Object Repository/Page_Moodle Log in to the site/input_Username_username'

2022-01-16 00:09:00 - [TEST_STEP][PASSED] - setEncryptedText(findTestObject("Object Repository/Page_Moodle Log in to the site/input_Password_password"), "r6H/uPCyCbQX7sAf5E1f3g=="): Text ****** has been set on object 'Object Repository/Page_Moodle Log in to the site/input_Password_password'

2022-01-16 00:09:00 - [MESSAGE][PASSED] - Text ****** has been set on object 'Object Repository/Page_Moodle Log in to the site/input_Password_password'

2022-01-16 00:09:00 - [TEST_STEP][PASSED] - click(findTestObject("Object Repository/Page_Moodle Log in to the site/button_Log in")): Object: 'Object Repository/Page_Moodle Log in to the site/button_Log in' is clicked on

2022-01-16 00:09:02 - [MESSAGE][PASSED] - Object: 'Object Repository/Page_Moodle Log in to the site/button_Log in' is clicked on

2022-01-16 00:09:02 - [TEST_STEP][PASSED] - waitForElementVisible(findTestObject("Object Repository/Page_Dashboard/a_January 2022"), 0): Object 'Object Repository/Page_Dashboard/a_January 2022' is visible

2022-01-16 00:09:02 - [MESSAGE][WARNING] - Timeout '0' is invalid. Using default page load timeout: '30'

2022-01-16 00:09:33 - [MESSAGE][INFO] - Unable to find the element located by 'By.xpath: //div[@id='month-mini-2022-1-1']/table/caption/span[2]/a'. Please recheck the objects properties to make sure the desired element is located. 

2022-01-16 00:09:33 - [MESSAGE][WARNING] - [SELF-HEALING] Failed to find element with id 'Object Repository/Page_Dashboard/a_January 2022'. Try using Self-healing.

2022-01-16 00:09:33 - [MESSAGE][INFO] - [SELF-HEALING] Failed Locator: '//div[@id='month-mini-2022-1-1']/table/caption/span[2]/a'.

2022-01-16 00:09:33 - [MESSAGE][INFO] - [SELF-HEALING] Working Locator: '//a[contains(text(),'January 2022')]'.

2022-01-16 00:09:34 - [MESSAGE][INFO] - [SELF-HEALING] Screenshot: D:/Test-Automation-SE-Bonus/Test-Automation-SE-Bonus/Reports/Self-healing/Object Repository/Page_Dashboard/a_January 2022_link.png

2022-01-16 00:09:34 - [MESSAGE][WARNING] - [SELF-HEALING] The current locator of test object 'Object Repository/Page_Dashboard/a_January 2022' was broken. Propose an alternative one: '//a[contains(text(),'January 2022')]'.

2022-01-16 00:09:34 - [MESSAGE][PASSED] - Object 'Object Repository/Page_Dashboard/a_January 2022' is visible

2022-01-16 00:09:34 - [TEST_STEP][PASSED] - click(findTestObject("Object Repository/Page_Dashboard/a_January 2022")): Object: 'Object Repository/Page_Dashboard/a_January 2022' is clicked on

2022-01-16 00:10:05 - [MESSAGE][INFO] - Unable to find the element located by 'By.xpath: //div[@id='month-mini-2022-1-1']/table/caption/span[2]/a'. Please recheck the objects properties to make sure the desired element is located. 

2022-01-16 00:10:05 - [MESSAGE][WARNING] - [SELF-HEALING] Failed to find element with id 'Object Repository/Page_Dashboard/a_January 2022'. Try using Self-healing.

2022-01-16 00:10:05 - [MESSAGE][WARNING] - [SELF-HEALING] The current locator of test object 'Object Repository/Page_Dashboard/a_January 2022' was broken. Propose an alternative one: '//a[contains(text(),'January 2022')]'.

2022-01-16 00:10:06 - [MESSAGE][PASSED] - Object: 'Object Repository/Page_Dashboard/a_January 2022' is clicked on

2022-01-16 00:10:06 - [TEST_STEP][PASSED] - click(findTestObject("Object Repository/Page_Mood Calendar Detailed month view Janu_18fc56/button_New event")): Object: 'Object Repository/Page_Mood Calendar Detailed month view Janu_18fc56/button_New event' is clicked on

2022-01-16 00:10:37 - [MESSAGE][INFO] - Unable to find the element located by 'By.xpath: //div[@id='calendar-month-61e2c4d64109f61e2c4d60f67516']/div/button'. Please recheck the objects properties to make sure the desired element is located. 

2022-01-16 00:10:37 - [MESSAGE][WARNING] - [SELF-HEALING] Failed to find element with id 'Object Repository/Page_Mood Calendar Detailed month view Janu_18fc56/button_New event'. Try using Self-healing.

2022-01-16 00:10:37 - [MESSAGE][WARNING] - [SELF-HEALING] The current locator of test object 'Object Repository/Page_Mood Calendar Detailed month view Janu_18fc56/button_New event' was broken. Propose an alternative one: '(.//*[normalize-space(text()) and normalize-space(.)='List of courses'])[1]/following::button[1]'.

2022-01-16 00:10:37 - [MESSAGE][PASSED] - Object: 'Object Repository/Page_Mood Calendar Detailed month view Janu_18fc56/button_New event' is clicked on

2022-01-16 00:10:37 - [TEST_STEP][PASSED] - setText(findTestObject("Object Repository/Page_Mood Calendar Detailed month view Janu_18fc56/input_Event title_name"), "Seminar for Final Examination"): Text 'Seminar for Final Examination' is set on object 'Object Repository/Page_Mood Calendar Detailed month view Janu_18fc56/input_Event title_name'

2022-01-16 00:10:39 - [MESSAGE][PASSED] - Text 'Seminar for Final Examination' is set on object 'Object Repository/Page_Mood Calendar Detailed month view Janu_18fc56/input_Event title_name'

2022-01-16 00:10:39 - [TEST_STEP][PASSED] - selectOptionByValue(findTestObject("Object Repository/Page_Mood Calendar Detailed month view Janu_18fc56/select_1        2        3        4        _45ea30"), "26", true): All options with value '26' are selected in object 'Object Repository/Page_Mood Calendar Detailed month view Janu_18fc56/select_1        2        3        4        _45ea30'  using regular expression

2022-01-16 00:10:41 - [MESSAGE][PASSED] - All options with value '26' are selected in object 'Object Repository/Page_Mood Calendar Detailed month view Janu_18fc56/select_1        2        3        4        _45ea30'  using regular expression

2022-01-16 00:10:41 - [TEST_STEP][PASSED] - selectOptionByValue(findTestObject("Object Repository/Page_Mood Calendar Detailed month view Janu_18fc56/select_00        01        02        03    _f6e37b"), "0", true): All options with value '0' are selected in object 'Object Repository/Page_Mood Calendar Detailed month view Janu_18fc56/select_00        01        02        03    _f6e37b'  using regular expression

2022-01-16 00:10:42 - [MESSAGE][PASSED] - All options with value '0' are selected in object 'Object Repository/Page_Mood Calendar Detailed month view Janu_18fc56/select_00        01        02        03    _f6e37b'  using regular expression

2022-01-16 00:10:42 - [TEST_STEP][PASSED] - click(findTestObject("Object Repository/Page_Mood Calendar Detailed month view Janu_18fc56/button_Save")): Object: 'Object Repository/Page_Mood Calendar Detailed month view Janu_18fc56/button_Save' is clicked on

2022-01-16 00:11:13 - [MESSAGE][INFO] - Unable to find the element located by 'By.xpath: //button[@id='yui_3_17_2_1_1642251478287_1318']'. Please recheck the objects properties to make sure the desired element is located. 

2022-01-16 00:11:13 - [MESSAGE][WARNING] - [SELF-HEALING] Failed to find element with id 'Object Repository/Page_Mood Calendar Detailed month view Janu_18fc56/button_Save'. Try using Self-healing.

2022-01-16 00:11:13 - [MESSAGE][WARNING] - [SELF-HEALING] The current locator of test object 'Object Repository/Page_Mood Calendar Detailed month view Janu_18fc56/button_Save' was broken. Propose an alternative one: '(.//*[normalize-space(text()) and normalize-space(.)='Repeat weekly, creating altogether'])[1]/following::button[1]'.

2022-01-16 00:11:13 - [MESSAGE][PASSED] - Object: 'Object Repository/Page_Mood Calendar Detailed month view Janu_18fc56/button_Save' is clicked on

2022-01-16 00:11:13 - [TEST_STEP][PASSED] - click(findTestObject("Object Repository/Page_Mood Calendar Detailed month view Janu_18fc56/span_Seminar for Final Examination")): Object: 'Object Repository/Page_Mood Calendar Detailed month view Janu_18fc56/span_Seminar for Final Examination' is clicked on

2022-01-16 00:11:44 - [MESSAGE][INFO] - Unable to find the element located by 'By.xpath: //a[@id='yui_3_17_2_1_1642179747286_1999']/span[2]'. Please recheck the objects properties to make sure the desired element is located. 

2022-01-16 00:11:44 - [MESSAGE][WARNING] - [SELF-HEALING] Failed to find element with id 'Object Repository/Page_Mood Calendar Detailed month view Janu_18fc56/span_Seminar for Final Examination'. Try using Self-healing.

2022-01-16 00:11:45 - [MESSAGE][WARNING] - [SELF-HEALING] The current locator of test object 'Object Repository/Page_Mood Calendar Detailed month view Janu_18fc56/span_Seminar for Final Examination' was broken. Propose an alternative one: '(.//*[normalize-space(text()) and normalize-space(.)='No events, Tuesday, 25 January'])[2]/following::span[4]'.

2022-01-16 00:11:45 - [MESSAGE][PASSED] - Object: 'Object Repository/Page_Mood Calendar Detailed month view Janu_18fc56/span_Seminar for Final Examination' is clicked on

2022-01-16 00:11:45 - [TEST_STEP][PASSED] - waitForElementVisible(findTestObject("Object Repository/Page_Mood Calendar Detailed month view Janu_18fc56/button_Delete"), 0): Object 'Object Repository/Page_Mood Calendar Detailed month view Janu_18fc56/button_Delete' is visible

2022-01-16 00:11:45 - [MESSAGE][WARNING] - Timeout '0' is invalid. Using default page load timeout: '30'

2022-01-16 00:12:16 - [MESSAGE][INFO] - Unable to find the element located by 'By.xpath: //button[@id='yui_3_17_2_1_1642219203535_1997']'. Please recheck the objects properties to make sure the desired element is located. 

2022-01-16 00:12:16 - [MESSAGE][WARNING] - [SELF-HEALING] Failed to find element with id 'Object Repository/Page_Mood Calendar Detailed month view Janu_18fc56/button_Delete'. Try using Self-healing.

2022-01-16 00:12:17 - [MESSAGE][INFO] - Unable to find the element located by 'By.xpath: (.//*[normalize-space(text()) and normalize-space(.)='Introduction to Computer Science'])[3]/following::button[1]'. Please recheck the objects properties to make sure the desired element is located. 

2022-01-16 00:12:17 - [MESSAGE][WARNING] - [SELF-HEALING] The current locator of test object 'Object Repository/Page_Mood Calendar Detailed month view Janu_18fc56/button_Delete' was broken. Propose an alternative one: '(.//*[normalize-space(text()) and normalize-space(.)='User event'])[1]/following::button[1]'.

2022-01-16 00:12:17 - [MESSAGE][PASSED] - Object 'Object Repository/Page_Mood Calendar Detailed month view Janu_18fc56/button_Delete' is visible

2022-01-16 00:12:17 - [TEST_STEP][PASSED] - click(findTestObject("Object Repository/Page_Mood Calendar Detailed month view Janu_18fc56/button_Delete")): Object: 'Object Repository/Page_Mood Calendar Detailed month view Janu_18fc56/button_Delete' is clicked on

2022-01-16 00:12:49 - [MESSAGE][INFO] - Unable to find the element located by 'By.xpath: //button[@id='yui_3_17_2_1_1642219203535_1997']'. Please recheck the objects properties to make sure the desired element is located. 

2022-01-16 00:12:49 - [MESSAGE][WARNING] - [SELF-HEALING] Failed to find element with id 'Object Repository/Page_Mood Calendar Detailed month view Janu_18fc56/button_Delete'. Try using Self-healing.

2022-01-16 00:12:50 - [MESSAGE][INFO] - Unable to find the element located by 'By.xpath: (.//*[normalize-space(text()) and normalize-space(.)='Introduction to Computer Science'])[3]/following::button[1]'. Please recheck the objects properties to make sure the desired element is located. 

2022-01-16 00:12:50 - [MESSAGE][WARNING] - [SELF-HEALING] The current locator of test object 'Object Repository/Page_Mood Calendar Detailed month view Janu_18fc56/button_Delete' was broken. Propose an alternative one: '(.//*[normalize-space(text()) and normalize-space(.)='User event'])[1]/following::button[1]'.

2022-01-16 00:12:50 - [MESSAGE][PASSED] - Object: 'Object Repository/Page_Mood Calendar Detailed month view Janu_18fc56/button_Delete' is clicked on

2022-01-16 00:12:50 - [TEST_STEP][PASSED] - click(findTestObject("Object Repository/Page_Mood Calendar Detailed month view Janu_18fc56/button_Delete event")): Object: 'Object Repository/Page_Mood Calendar Detailed month view Janu_18fc56/button_Delete event' is clicked on

2022-01-16 00:13:21 - [MESSAGE][INFO] - Unable to find the element located by 'By.xpath: //button[@id='yui_3_17_2_1_1642219203535_2017']'. Please recheck the objects properties to make sure the desired element is located. 

2022-01-16 00:13:21 - [MESSAGE][WARNING] - [SELF-HEALING] Failed to find element with id 'Object Repository/Page_Mood Calendar Detailed month view Janu_18fc56/button_Delete event'. Try using Self-healing.

2022-01-16 00:13:22 - [MESSAGE][INFO] - Unable to find the element located by 'By.xpath: (.//*[normalize-space(text()) and normalize-space(.)=concat('Are you sure you want to delete the ', '"', 'Festival at uni', '"', ' event?')])[1]/following::button[1]'. Please recheck the objects properties to make sure the desired element is located. 

2022-01-16 00:13:23 - [MESSAGE][WARNING] - [SELF-HEALING] The current locator of test object 'Object Repository/Page_Mood Calendar Detailed month view Janu_18fc56/button_Delete event' was broken. Propose an alternative one: '(.//*[normalize-space(text()) and normalize-space(.)='Delete event'])[1]/following::button[2]'.

2022-01-16 00:13:23 - [MESSAGE][PASSED] - Object: 'Object Repository/Page_Mood Calendar Detailed month view Janu_18fc56/button_Delete event' is clicked on

2022-01-16 00:13:23 - [TEST_STEP][PASSED] - closeBrowser(): Browser is closed

2022-01-16 00:13:23 - [MESSAGE][PASSED] - Browser is closed]]></system-out>
         <system-err><![CDATA[]]></system-err>
      </testcase>
      <testcase name="Test Cases/test case 23" time="104.405" classname="Test Cases/test case 23" status="PASSED">
         <system-out><![CDATA[2022-01-16 00:13:23 - [TEST_CASE][PASSED] - Test Cases/test case 23: Test Cases/test case 23

2022-01-16 00:13:24 - [TEST_STEP][PASSED] - openBrowser(""): Browser is opened with url: ''

2022-01-16 00:13:24 - [MESSAGE][INFO] - Starting 'Chrome' driver

2022-01-16 00:13:24 - [MESSAGE][INFO] - Action delay is set to 0 milliseconds

2022-01-16 00:13:25 - [MESSAGE][PASSED] - Browser is opened with url: ''

2022-01-16 00:13:25 - [TEST_STEP][PASSED] - navigateToUrl("http://localhost/"): Navigate to 'http://localhost/' successfully

2022-01-16 00:13:26 - [MESSAGE][PASSED] - Navigate to 'http://localhost/' successfully

2022-01-16 00:13:26 - [TEST_STEP][PASSED] - click(findTestObject("Object Repository/Page_Moodle/a_Log in")): Object: 'Object Repository/Page_Moodle/a_Log in' is clicked on

2022-01-16 00:13:27 - [MESSAGE][PASSED] - Object: 'Object Repository/Page_Moodle/a_Log in' is clicked on

2022-01-16 00:13:27 - [TEST_STEP][PASSED] - setText(findTestObject("Object Repository/Page_Moodle Log in to the site/input_Username_username"), "admin"): Text 'admin' is set on object 'Object Repository/Page_Moodle Log in to the site/input_Username_username'

2022-01-16 00:13:28 - [MESSAGE][PASSED] - Text 'admin' is set on object 'Object Repository/Page_Moodle Log in to the site/input_Username_username'

2022-01-16 00:13:28 - [TEST_STEP][PASSED] - setEncryptedText(findTestObject("Object Repository/Page_Moodle Log in to the site/input_Password_password"), "r6H/uPCyCbQX7sAf5E1f3g=="): Text ****** has been set on object 'Object Repository/Page_Moodle Log in to the site/input_Password_password'

2022-01-16 00:13:28 - [MESSAGE][PASSED] - Text ****** has been set on object 'Object Repository/Page_Moodle Log in to the site/input_Password_password'

2022-01-16 00:13:28 - [TEST_STEP][PASSED] - click(findTestObject("Object Repository/Page_Moodle Log in to the site/button_Log in")): Object: 'Object Repository/Page_Moodle Log in to the site/button_Log in' is clicked on

2022-01-16 00:13:29 - [MESSAGE][PASSED] - Object: 'Object Repository/Page_Moodle Log in to the site/button_Log in' is clicked on

2022-01-16 00:13:29 - [TEST_STEP][PASSED] - verifyElementText(findTestObject("Object Repository/Page_Dashboard/span_Calendar"), "Calendar"): Actual text and expected text of test object 'Object Repository/Page_Dashboard/span_Calendar' are matched.

2022-01-16 00:13:31 - [MESSAGE][PASSED] - Actual text and expected text of test object 'Object Repository/Page_Dashboard/span_Calendar' are matched.

2022-01-16 00:13:31 - [TEST_STEP][PASSED] - click(findTestObject("Object Repository/Page_Dashboard/span_Calendar")): Object: 'Object Repository/Page_Dashboard/span_Calendar' is clicked on

2022-01-16 00:13:32 - [MESSAGE][PASSED] - Object: 'Object Repository/Page_Dashboard/span_Calendar' is clicked on

2022-01-16 00:13:32 - [TEST_STEP][PASSED] - waitForElementVisible(findTestObject("Object Repository/Page_Mood Calendar Detailed month view Janu_18fc56/button_New event"), 0): Object 'Object Repository/Page_Mood Calendar Detailed month view Janu_18fc56/button_New event' is visible

2022-01-16 00:13:32 - [MESSAGE][WARNING] - Timeout '0' is invalid. Using default page load timeout: '30'

2022-01-16 00:14:03 - [MESSAGE][INFO] - Unable to find the element located by 'By.xpath: //div[@id='calendar-month-61e2c4d64109f61e2c4d60f67516']/div/button'. Please recheck the objects properties to make sure the desired element is located. 

2022-01-16 00:14:03 - [MESSAGE][WARNING] - [SELF-HEALING] Failed to find element with id 'Object Repository/Page_Mood Calendar Detailed month view Janu_18fc56/button_New event'. Try using Self-healing.

2022-01-16 00:14:03 - [MESSAGE][WARNING] - [SELF-HEALING] The current locator of test object 'Object Repository/Page_Mood Calendar Detailed month view Janu_18fc56/button_New event' was broken. Propose an alternative one: '(.//*[normalize-space(text()) and normalize-space(.)='List of courses'])[1]/following::button[1]'.

2022-01-16 00:14:03 - [MESSAGE][PASSED] - Object 'Object Repository/Page_Mood Calendar Detailed month view Janu_18fc56/button_New event' is visible

2022-01-16 00:14:03 - [TEST_STEP][PASSED] - click(findTestObject("Object Repository/Page_Mood Calendar Detailed month view Janu_18fc56/button_New event")): Object: 'Object Repository/Page_Mood Calendar Detailed month view Janu_18fc56/button_New event' is clicked on

2022-01-16 00:14:34 - [MESSAGE][INFO] - Unable to find the element located by 'By.xpath: //div[@id='calendar-month-61e2c4d64109f61e2c4d60f67516']/div/button'. Please recheck the objects properties to make sure the desired element is located. 

2022-01-16 00:14:34 - [MESSAGE][WARNING] - [SELF-HEALING] Failed to find element with id 'Object Repository/Page_Mood Calendar Detailed month view Janu_18fc56/button_New event'. Try using Self-healing.

2022-01-16 00:14:35 - [MESSAGE][WARNING] - [SELF-HEALING] The current locator of test object 'Object Repository/Page_Mood Calendar Detailed month view Janu_18fc56/button_New event' was broken. Propose an alternative one: '(.//*[normalize-space(text()) and normalize-space(.)='List of courses'])[1]/following::button[1]'.

2022-01-16 00:14:35 - [MESSAGE][PASSED] - Object: 'Object Repository/Page_Mood Calendar Detailed month view Janu_18fc56/button_New event' is clicked on

2022-01-16 00:14:35 - [TEST_STEP][PASSED] - click(findTestObject("Object Repository/Page_Mood Calendar Detailed month view Janu_18fc56/button_Save")): Object: 'Object Repository/Page_Mood Calendar Detailed month view Janu_18fc56/button_Save' is clicked on

2022-01-16 00:15:06 - [MESSAGE][INFO] - Unable to find the element located by 'By.xpath: //button[@id='yui_3_17_2_1_1642251478287_1318']'. Please recheck the objects properties to make sure the desired element is located. 

2022-01-16 00:15:06 - [MESSAGE][WARNING] - [SELF-HEALING] Failed to find element with id 'Object Repository/Page_Mood Calendar Detailed month view Janu_18fc56/button_Save'. Try using Self-healing.

2022-01-16 00:15:06 - [MESSAGE][WARNING] - [SELF-HEALING] The current locator of test object 'Object Repository/Page_Mood Calendar Detailed month view Janu_18fc56/button_Save' was broken. Propose an alternative one: '(.//*[normalize-space(text()) and normalize-space(.)='Repeat weekly, creating altogether'])[1]/following::button[1]'.

2022-01-16 00:15:07 - [MESSAGE][PASSED] - Object: 'Object Repository/Page_Mood Calendar Detailed month view Janu_18fc56/button_Save' is clicked on

2022-01-16 00:15:07 - [TEST_STEP][PASSED] - verifyElementText(findTestObject("Object Repository/Page_Mood Calendar Detailed month view Janu_18fc56/div_- Required"), "- Required"): Actual text and expected text of test object 'Object Repository/Page_Mood Calendar Detailed month view Janu_18fc56/div_- Required' are matched.

2022-01-16 00:15:07 - [MESSAGE][PASSED] - Actual text and expected text of test object 'Object Repository/Page_Mood Calendar Detailed month view Janu_18fc56/div_- Required' are matched.

2022-01-16 00:15:07 - [TEST_STEP][PASSED] - closeBrowser(): Browser is closed

2022-01-16 00:15:08 - [MESSAGE][PASSED] - Browser is closed]]></system-out>
         <system-err><![CDATA[]]></system-err>
      </testcase>
      <testcase name="Test Cases/test case 24" time="148.758" classname="Test Cases/test case 24" status="PASSED">
         <system-out><![CDATA[2022-01-16 00:15:08 - [TEST_CASE][PASSED] - Test Cases/test case 24: Test Cases/test case 24

2022-01-16 00:15:08 - [TEST_STEP][PASSED] - openBrowser(""): Browser is opened with url: ''

2022-01-16 00:15:08 - [MESSAGE][INFO] - Starting 'Chrome' driver

2022-01-16 00:15:08 - [MESSAGE][INFO] - Action delay is set to 0 milliseconds

2022-01-16 00:15:09 - [MESSAGE][PASSED] - Browser is opened with url: ''

2022-01-16 00:15:09 - [TEST_STEP][PASSED] - navigateToUrl("http://localhost/"): Navigate to 'http://localhost/' successfully

2022-01-16 00:15:11 - [MESSAGE][PASSED] - Navigate to 'http://localhost/' successfully

2022-01-16 00:15:11 - [TEST_STEP][PASSED] - click(findTestObject("Object Repository/Page_Moodle/a_Log in")): Object: 'Object Repository/Page_Moodle/a_Log in' is clicked on

2022-01-16 00:15:12 - [MESSAGE][PASSED] - Object: 'Object Repository/Page_Moodle/a_Log in' is clicked on

2022-01-16 00:15:12 - [TEST_STEP][PASSED] - setText(findTestObject("Object Repository/Page_Moodle Log in to the site/input_Username_username"), "admin"): Text 'admin' is set on object 'Object Repository/Page_Moodle Log in to the site/input_Username_username'

2022-01-16 00:15:13 - [MESSAGE][PASSED] - Text 'admin' is set on object 'Object Repository/Page_Moodle Log in to the site/input_Username_username'

2022-01-16 00:15:13 - [TEST_STEP][PASSED] - setEncryptedText(findTestObject("Object Repository/Page_Moodle Log in to the site/input_Password_password"), "r6H/uPCyCbQX7sAf5E1f3g=="): Text ****** has been set on object 'Object Repository/Page_Moodle Log in to the site/input_Password_password'

2022-01-16 00:15:13 - [MESSAGE][PASSED] - Text ****** has been set on object 'Object Repository/Page_Moodle Log in to the site/input_Password_password'

2022-01-16 00:15:13 - [TEST_STEP][PASSED] - click(findTestObject("Object Repository/Page_Moodle Log in to the site/button_Log in")): Object: 'Object Repository/Page_Moodle Log in to the site/button_Log in' is clicked on

2022-01-16 00:15:15 - [MESSAGE][PASSED] - Object: 'Object Repository/Page_Moodle Log in to the site/button_Log in' is clicked on

2022-01-16 00:15:15 - [TEST_STEP][PASSED] - verifyElementText(findTestObject("Object Repository/Page_Dashboard/span_Calendar"), "Calendar"): Actual text and expected text of test object 'Object Repository/Page_Dashboard/span_Calendar' are matched.

2022-01-16 00:15:16 - [MESSAGE][PASSED] - Actual text and expected text of test object 'Object Repository/Page_Dashboard/span_Calendar' are matched.

2022-01-16 00:15:16 - [TEST_STEP][PASSED] - click(findTestObject("Object Repository/Page_Dashboard/span_Calendar")): Object: 'Object Repository/Page_Dashboard/span_Calendar' is clicked on

2022-01-16 00:15:17 - [MESSAGE][PASSED] - Object: 'Object Repository/Page_Dashboard/span_Calendar' is clicked on

2022-01-16 00:15:17 - [TEST_STEP][PASSED] - waitForElementVisible(findTestObject("Object Repository/Page_Mood Calendar Detailed month view Janu_18fc56/button_New event"), 0): Object 'Object Repository/Page_Mood Calendar Detailed month view Janu_18fc56/button_New event' is visible

2022-01-16 00:15:18 - [MESSAGE][WARNING] - Timeout '0' is invalid. Using default page load timeout: '30'

2022-01-16 00:15:49 - [MESSAGE][INFO] - Unable to find the element located by 'By.xpath: //div[@id='calendar-month-61e2c4d64109f61e2c4d60f67516']/div/button'. Please recheck the objects properties to make sure the desired element is located. 

2022-01-16 00:15:49 - [MESSAGE][WARNING] - [SELF-HEALING] Failed to find element with id 'Object Repository/Page_Mood Calendar Detailed month view Janu_18fc56/button_New event'. Try using Self-healing.

2022-01-16 00:15:49 - [MESSAGE][WARNING] - [SELF-HEALING] The current locator of test object 'Object Repository/Page_Mood Calendar Detailed month view Janu_18fc56/button_New event' was broken. Propose an alternative one: '(.//*[normalize-space(text()) and normalize-space(.)='List of courses'])[1]/following::button[1]'.

2022-01-16 00:15:49 - [MESSAGE][PASSED] - Object 'Object Repository/Page_Mood Calendar Detailed month view Janu_18fc56/button_New event' is visible

2022-01-16 00:15:49 - [TEST_STEP][PASSED] - click(findTestObject("Object Repository/Page_Mood Calendar Detailed month view Janu_18fc56/button_New event")): Object: 'Object Repository/Page_Mood Calendar Detailed month view Janu_18fc56/button_New event' is clicked on

2022-01-16 00:16:20 - [MESSAGE][INFO] - Unable to find the element located by 'By.xpath: //div[@id='calendar-month-61e2c4d64109f61e2c4d60f67516']/div/button'. Please recheck the objects properties to make sure the desired element is located. 

2022-01-16 00:16:20 - [MESSAGE][WARNING] - [SELF-HEALING] Failed to find element with id 'Object Repository/Page_Mood Calendar Detailed month view Janu_18fc56/button_New event'. Try using Self-healing.

2022-01-16 00:16:20 - [MESSAGE][WARNING] - [SELF-HEALING] The current locator of test object 'Object Repository/Page_Mood Calendar Detailed month view Janu_18fc56/button_New event' was broken. Propose an alternative one: '(.//*[normalize-space(text()) and normalize-space(.)='List of courses'])[1]/following::button[1]'.

2022-01-16 00:16:20 - [MESSAGE][PASSED] - Object: 'Object Repository/Page_Mood Calendar Detailed month view Janu_18fc56/button_New event' is clicked on

2022-01-16 00:16:20 - [TEST_STEP][PASSED] - setText(findTestObject("Object Repository/Page_Mood Calendar Detailed month view Janu_18fc56/input_Event title_name"), "Holiday"): Text 'Holiday' is set on object 'Object Repository/Page_Mood Calendar Detailed month view Janu_18fc56/input_Event title_name'

2022-01-16 00:16:23 - [MESSAGE][PASSED] - Text 'Holiday' is set on object 'Object Repository/Page_Mood Calendar Detailed month view Janu_18fc56/input_Event title_name'

2022-01-16 00:16:23 - [TEST_STEP][PASSED] - selectOptionByValue(findTestObject("Object Repository/Page_Mood Calendar Detailed month view Janu_18fc56/select_1        2        3        4        _45ea30"), "26", true): All options with value '26' are selected in object 'Object Repository/Page_Mood Calendar Detailed month view Janu_18fc56/select_1        2        3        4        _45ea30'  using regular expression

2022-01-16 00:16:24 - [MESSAGE][PASSED] - All options with value '26' are selected in object 'Object Repository/Page_Mood Calendar Detailed month view Janu_18fc56/select_1        2        3        4        _45ea30'  using regular expression

2022-01-16 00:16:24 - [TEST_STEP][PASSED] - selectOptionByValue(findTestObject("Object Repository/Page_Mood Calendar Detailed month view Janu_18fc56/select_00        01        02        03    _f6e37b"), "0", true): All options with value '0' are selected in object 'Object Repository/Page_Mood Calendar Detailed month view Janu_18fc56/select_00        01        02        03    _f6e37b'  using regular expression

2022-01-16 00:16:25 - [MESSAGE][PASSED] - All options with value '0' are selected in object 'Object Repository/Page_Mood Calendar Detailed month view Janu_18fc56/select_00        01        02        03    _f6e37b'  using regular expression

2022-01-16 00:16:25 - [TEST_STEP][PASSED] - selectOptionByValue(findTestObject("Object Repository/Page_Mood Calendar Detailed month view Janu_18fc56/select_00        01        02        03    _f6e37b_1"), "0", true): All options with value '0' are selected in object 'Object Repository/Page_Mood Calendar Detailed month view Janu_18fc56/select_00        01        02        03    _f6e37b_1'  using regular expression

2022-01-16 00:16:27 - [MESSAGE][PASSED] - All options with value '0' are selected in object 'Object Repository/Page_Mood Calendar Detailed month view Janu_18fc56/select_00        01        02        03    _f6e37b_1'  using regular expression

2022-01-16 00:16:27 - [TEST_STEP][PASSED] - click(findTestObject("Object Repository/Page_Mood Calendar Detailed month view Janu_18fc56/a_Show more")): Object: 'Object Repository/Page_Mood Calendar Detailed month view Janu_18fc56/a_Show more' is clicked on

2022-01-16 00:16:58 - [MESSAGE][INFO] - Unable to find the element located by 'By.xpath: //a[@id='yui_3_17_2_1_1642251478287_609']'. Please recheck the objects properties to make sure the desired element is located. 

2022-01-16 00:16:58 - [MESSAGE][WARNING] - [SELF-HEALING] Failed to find element with id 'Object Repository/Page_Mood Calendar Detailed month view Janu_18fc56/a_Show more'. Try using Self-healing.

2022-01-16 00:16:58 - [MESSAGE][WARNING] - [SELF-HEALING] The current locator of test object 'Object Repository/Page_Mood Calendar Detailed month view Janu_18fc56/a_Show more' was broken. Propose an alternative one: '//a[contains(text(),'Show more...')]'.

2022-01-16 00:16:58 - [MESSAGE][PASSED] - Object: 'Object Repository/Page_Mood Calendar Detailed month view Janu_18fc56/a_Show more' is clicked on

2022-01-16 00:16:58 - [TEST_STEP][PASSED] - click(findTestObject("Object Repository/Page_Mood Calendar Detailed month view Janu_18fc56/label_Until")): Object: 'Object Repository/Page_Mood Calendar Detailed month view Janu_18fc56/label_Until' is clicked on

2022-01-16 00:16:59 - [MESSAGE][PASSED] - Object: 'Object Repository/Page_Mood Calendar Detailed month view Janu_18fc56/label_Until' is clicked on

2022-01-16 00:16:59 - [TEST_STEP][PASSED] - selectOptionByValue(findTestObject("Object Repository/Page_Mood Calendar Detailed month view Janu_18fc56/select_1900        1901        1902        _6405c9"), "2021", true): All options with value '2021' are selected in object 'Object Repository/Page_Mood Calendar Detailed month view Janu_18fc56/select_1900        1901        1902        _6405c9'  using regular expression

2022-01-16 00:17:03 - [MESSAGE][PASSED] - All options with value '2021' are selected in object 'Object Repository/Page_Mood Calendar Detailed month view Janu_18fc56/select_1900        1901        1902        _6405c9'  using regular expression

2022-01-16 00:17:03 - [TEST_STEP][PASSED] - click(findTestObject("Object Repository/Page_Mood Calendar Detailed month view Janu_18fc56/button_Save")): Object: 'Object Repository/Page_Mood Calendar Detailed month view Janu_18fc56/button_Save' is clicked on

2022-01-16 00:17:34 - [MESSAGE][INFO] - Unable to find the element located by 'By.xpath: //button[@id='yui_3_17_2_1_1642251478287_1318']'. Please recheck the objects properties to make sure the desired element is located. 

2022-01-16 00:17:34 - [MESSAGE][WARNING] - [SELF-HEALING] Failed to find element with id 'Object Repository/Page_Mood Calendar Detailed month view Janu_18fc56/button_Save'. Try using Self-healing.

2022-01-16 00:17:34 - [MESSAGE][WARNING] - [SELF-HEALING] The current locator of test object 'Object Repository/Page_Mood Calendar Detailed month view Janu_18fc56/button_Save' was broken. Propose an alternative one: '(.//*[normalize-space(text()) and normalize-space(.)='Repeat weekly, creating altogether'])[1]/following::button[1]'.

2022-01-16 00:17:34 - [MESSAGE][PASSED] - Object: 'Object Repository/Page_Mood Calendar Detailed month view Janu_18fc56/button_Save' is clicked on

2022-01-16 00:17:34 - [TEST_STEP][PASSED] - verifyElementText(findTestObject("Object Repository/Page_Mood Calendar Detailed month view Janu_18fc56/div_The date and time you selected for dura_28074d"), "The date and time you selected for duration until is before the start time of the event. Please correct this before proceeding."): Actual text and expected text of test object 'Object Repository/Page_Mood Calendar Detailed month view Janu_18fc56/div_The date and time you selected for dura_28074d' are matched.

2022-01-16 00:17:36 - [MESSAGE][PASSED] - Actual text and expected text of test object 'Object Repository/Page_Mood Calendar Detailed month view Janu_18fc56/div_The date and time you selected for dura_28074d' are matched.

2022-01-16 00:17:36 - [TEST_STEP][PASSED] - closeBrowser(): Browser is closed

2022-01-16 00:17:37 - [MESSAGE][PASSED] - Browser is closed]]></system-out>
         <system-err><![CDATA[]]></system-err>
      </testcase>
      <testcase name="Test Cases/test case 25" time="9.97" classname="Test Cases/test case 25" status="FAILED">
         <failure type="FAILED" message="Test Cases/test case 25 FAILED.
Reason:
com.kms.katalon.core.exception.StepFailedException: Verify element text of test object 'Object Repository/Page_Mood All courses/a_Mathemetics' FAILED.
	at com.kms.katalon.core.webui.keyword.internal.WebUIKeywordMain.stepFailed(WebUIKeywordMain.groovy:64)
	at com.kms.katalon.core.webui.keyword.internal.WebUIKeywordMain.runKeyword(WebUIKeywordMain.groovy:26)
	at com.kms.katalon.core.webui.keyword.builtin.VerifyElementTextKeyword.verifyElementText(VerifyElementTextKeyword.groovy:72)
	at com.kms.katalon.core.webui.keyword.builtin.VerifyElementTextKeyword.execute(VerifyElementTextKeyword.groovy:40)
	at com.kms.katalon.core.keyword.internal.KeywordExecutor.executeKeywordForPlatform(KeywordExecutor.groovy:74)
	at com.kms.katalon.core.webui.keyword.WebUiBuiltInKeywords.verifyElementText(WebUiBuiltInKeywords.groovy:4749)
	at com.kms.katalon.core.webui.keyword.WebUiBuiltInKeywords$verifyElementText$7.call(Unknown Source)
	at test case 25.run(test case 25:36)
	at com.kms.katalon.core.main.ScriptEngine.run(ScriptEngine.java:194)
	at com.kms.katalon.core.main.ScriptEngine.runScriptAsRawText(ScriptEngine.java:119)
	at com.kms.katalon.core.main.TestCaseExecutor.runScript(TestCaseExecutor.java:442)
	at com.kms.katalon.core.main.TestCaseExecutor.doExecute(TestCaseExecutor.java:433)
	at com.kms.katalon.core.main.TestCaseExecutor.processExecutionPhase(TestCaseExecutor.java:412)
	at com.kms.katalon.core.main.TestCaseExecutor.accessMainPhase(TestCaseExecutor.java:404)
	at com.kms.katalon.core.main.TestCaseExecutor.execute(TestCaseExecutor.java:281)
	at com.kms.katalon.core.main.TestSuiteExecutor.accessTestCaseMainPhase(TestSuiteExecutor.java:202)
	at com.kms.katalon.core.main.TestSuiteExecutor.accessTestSuiteMainPhase(TestSuiteExecutor.java:164)
	at com.kms.katalon.core.main.TestSuiteExecutor.execute(TestSuiteExecutor.java:105)
	at com.kms.katalon.core.main.TestCaseMain.startTestSuite(TestCaseMain.java:181)
	at com.kms.katalon.core.main.TestCaseMain$startTestSuite$0.call(Unknown Source)
	at TempTestSuite1642265296699.run(TempTestSuite1642265296699.groovy:36)
Caused by: com.kms.katalon.core.exception.StepFailedException: Actual text 'Introduction to Computer Science' and expected text 'Mathemetics' of test object 'Object Repository/Page_Mood All courses/a_Mathemetics' are NOT matched.
	at com.kms.katalon.core.webui.keyword.internal.WebUIKeywordMain.stepFailed(WebUIKeywordMain.groovy:64)
	at com.kms.katalon.core.webui.keyword.builtin.VerifyElementTextKeyword$_verifyElementText_closure1.doCall(VerifyElementTextKeyword.groovy:57)
	at com.kms.katalon.core.webui.keyword.builtin.VerifyElementTextKeyword$_verifyElementText_closure1.call(VerifyElementTextKeyword.groovy)
	at com.kms.katalon.core.webui.keyword.internal.WebUIKeywordMain.runKeyword(WebUIKeywordMain.groovy:20)
	... 19 more
"/>
         <system-out><![CDATA[2022-01-16 00:17:37 - [TEST_CASE][FAILED] - Test Cases/test case 25: Test Cases/test case 25 FAILED.
Reason:
com.kms.katalon.core.exception.StepFailedException: Verify element text of test object 'Object Repository/Page_Mood All courses/a_Mathemetics' FAILED.
	at com.kms.katalon.core.webui.keyword.internal.WebUIKeywordMain.stepFailed(WebUIKeywordMain.groovy:64)
	at com.kms.katalon.core.webui.keyword.internal.WebUIKeywordMain.runKeyword(WebUIKeywordMain.groovy:26)
	at com.kms.katalon.core.webui.keyword.builtin.VerifyElementTextKeyword.verifyElementText(VerifyElementTextKeyword.groovy:72)
	at com.kms.katalon.core.webui.keyword.builtin.VerifyElementTextKeyword.execute(VerifyElementTextKeyword.groovy:40)
	at com.kms.katalon.core.keyword.internal.KeywordExecutor.executeKeywordForPlatform(KeywordExecutor.groovy:74)
	at com.kms.katalon.core.webui.keyword.WebUiBuiltInKeywords.verifyElementText(WebUiBuiltInKeywords.groovy:4749)
	at com.kms.katalon.core.webui.keyword.WebUiBuiltInKeywords$verifyElementText$7.call(Unknown Source)
	at test case 25.run(test case 25:36)
	at com.kms.katalon.core.main.ScriptEngine.run(ScriptEngine.java:194)
	at com.kms.katalon.core.main.ScriptEngine.runScriptAsRawText(ScriptEngine.java:119)
	at com.kms.katalon.core.main.TestCaseExecutor.runScript(TestCaseExecutor.java:442)
	at com.kms.katalon.core.main.TestCaseExecutor.doExecute(TestCaseExecutor.java:433)
	at com.kms.katalon.core.main.TestCaseExecutor.processExecutionPhase(TestCaseExecutor.java:412)
	at com.kms.katalon.core.main.TestCaseExecutor.accessMainPhase(TestCaseExecutor.java:404)
	at com.kms.katalon.core.main.TestCaseExecutor.execute(TestCaseExecutor.java:281)
	at com.kms.katalon.core.main.TestSuiteExecutor.accessTestCaseMainPhase(TestSuiteExecutor.java:202)
	at com.kms.katalon.core.main.TestSuiteExecutor.accessTestSuiteMainPhase(TestSuiteExecutor.java:164)
	at com.kms.katalon.core.main.TestSuiteExecutor.execute(TestSuiteExecutor.java:105)
	at com.kms.katalon.core.main.TestCaseMain.startTestSuite(TestCaseMain.java:181)
	at com.kms.katalon.core.main.TestCaseMain$startTestSuite$0.call(Unknown Source)
	at TempTestSuite1642265296699.run(TempTestSuite1642265296699.groovy:36)
Caused by: com.kms.katalon.core.exception.StepFailedException: Actual text 'Introduction to Computer Science' and expected text 'Mathemetics' of test object 'Object Repository/Page_Mood All courses/a_Mathemetics' are NOT matched.
	at com.kms.katalon.core.webui.keyword.internal.WebUIKeywordMain.stepFailed(WebUIKeywordMain.groovy:64)
	at com.kms.katalon.core.webui.keyword.builtin.VerifyElementTextKeyword$_verifyElementText_closure1.doCall(VerifyElementTextKeyword.groovy:57)
	at com.kms.katalon.core.webui.keyword.builtin.VerifyElementTextKeyword$_verifyElementText_closure1.call(VerifyElementTextKeyword.groovy)
	at com.kms.katalon.core.webui.keyword.internal.WebUIKeywordMain.runKeyword(WebUIKeywordMain.groovy:20)
	... 19 more


2022-01-16 00:17:37 - [TEST_STEP][PASSED] - openBrowser(""): Browser is opened with url: ''

2022-01-16 00:17:37 - [MESSAGE][INFO] - Starting 'Chrome' driver

2022-01-16 00:17:37 - [MESSAGE][INFO] - Action delay is set to 0 milliseconds

2022-01-16 00:17:38 - [MESSAGE][PASSED] - Browser is opened with url: ''

2022-01-16 00:17:38 - [TEST_STEP][PASSED] - navigateToUrl("http://localhost/"): Navigate to 'http://localhost/' successfully

2022-01-16 00:17:40 - [MESSAGE][PASSED] - Navigate to 'http://localhost/' successfully

2022-01-16 00:17:40 - [TEST_STEP][PASSED] - click(findTestObject("Object Repository/Page_Moodle/a_Log in")): Object: 'Object Repository/Page_Moodle/a_Log in' is clicked on

2022-01-16 00:17:41 - [MESSAGE][PASSED] - Object: 'Object Repository/Page_Moodle/a_Log in' is clicked on

2022-01-16 00:17:41 - [TEST_STEP][PASSED] - setText(findTestObject("Object Repository/Page_Moodle Log in to the site/input_Username_username"), "nmthu"): Text 'nmthu' is set on object 'Object Repository/Page_Moodle Log in to the site/input_Username_username'

2022-01-16 00:17:41 - [MESSAGE][PASSED] - Text 'nmthu' is set on object 'Object Repository/Page_Moodle Log in to the site/input_Username_username'

2022-01-16 00:17:41 - [TEST_STEP][PASSED] - setEncryptedText(findTestObject("Object Repository/Page_Moodle Log in to the site/input_Password_password"), "zm/yZ1suVYniggK+4Jo9ew=="): Text ****** has been set on object 'Object Repository/Page_Moodle Log in to the site/input_Password_password'

2022-01-16 00:17:42 - [MESSAGE][PASSED] - Text ****** has been set on object 'Object Repository/Page_Moodle Log in to the site/input_Password_password'

2022-01-16 00:17:42 - [TEST_STEP][PASSED] - click(findTestObject("Object Repository/Page_Moodle Log in to the site/button_Log in")): Object: 'Object Repository/Page_Moodle Log in to the site/button_Log in' is clicked on

2022-01-16 00:17:43 - [MESSAGE][PASSED] - Object: 'Object Repository/Page_Moodle Log in to the site/button_Log in' is clicked on

2022-01-16 00:17:43 - [TEST_STEP][PASSED] - verifyElementText(findTestObject("Page_Dashboard/a_All courses"), "All courses"): Actual text and expected text of test object 'Object Repository/Page_Dashboard/a_All courses' are matched.

2022-01-16 00:17:45 - [MESSAGE][PASSED] - Actual text and expected text of test object 'Object Repository/Page_Dashboard/a_All courses' are matched.

2022-01-16 00:17:45 - [TEST_STEP][PASSED] - click(findTestObject("Object Repository/Page_Dashboard/a_All courses")): Object: 'Object Repository/Page_Dashboard/a_All courses' is clicked on

2022-01-16 00:17:46 - [MESSAGE][PASSED] - Object: 'Object Repository/Page_Dashboard/a_All courses' is clicked on

2022-01-16 00:17:46 - [TEST_STEP][FAILED] - verifyElementText(findTestObject("Page_Mood All courses/a_Mathemetics"), "Mathemetics"): Verify element text of test object 'Object Repository/Page_Mood All courses/a_Mathemetics' FAILED. (Root cause: com.kms.katalon.core.exception.StepFailedException: Verify element text of test object 'Object Repository/Page_Mood All courses/a_Mathemetics' FAILED.
	at com.kms.katalon.core.webui.keyword.internal.WebUIKeywordMain.stepFailed(WebUIKeywordMain.groovy:64)
	at com.kms.katalon.core.webui.keyword.internal.WebUIKeywordMain.runKeyword(WebUIKeywordMain.groovy:26)
	at com.kms.katalon.core.webui.keyword.builtin.VerifyElementTextKeyword.verifyElementText(VerifyElementTextKeyword.groovy:72)
	at com.kms.katalon.core.webui.keyword.builtin.VerifyElementTextKeyword.execute(VerifyElementTextKeyword.groovy:40)
	at com.kms.katalon.core.keyword.internal.KeywordExecutor.executeKeywordForPlatform(KeywordExecutor.groovy:74)
	at com.kms.katalon.core.webui.keyword.WebUiBuiltInKeywords.verifyElementText(WebUiBuiltInKeywords.groovy:4749)
	at com.kms.katalon.core.webui.keyword.WebUiBuiltInKeywords$verifyElementText$7.call(Unknown Source)
	at test case 25.run(test case 25:36)
	at com.kms.katalon.core.main.ScriptEngine.run(ScriptEngine.java:194)
	at com.kms.katalon.core.main.ScriptEngine.runScriptAsRawText(ScriptEngine.java:119)
	at com.kms.katalon.core.main.TestCaseExecutor.runScript(TestCaseExecutor.java:442)
	at com.kms.katalon.core.main.TestCaseExecutor.doExecute(TestCaseExecutor.java:433)
	at com.kms.katalon.core.main.TestCaseExecutor.processExecutionPhase(TestCaseExecutor.java:412)
	at com.kms.katalon.core.main.TestCaseExecutor.accessMainPhase(TestCaseExecutor.java:404)
	at com.kms.katalon.core.main.TestCaseExecutor.execute(TestCaseExecutor.java:281)
	at com.kms.katalon.core.main.TestSuiteExecutor.accessTestCaseMainPhase(TestSuiteExecutor.java:202)
	at com.kms.katalon.core.main.TestSuiteExecutor.accessTestSuiteMainPhase(TestSuiteExecutor.java:164)
	at com.kms.katalon.core.main.TestSuiteExecutor.execute(TestSuiteExecutor.java:105)
	at com.kms.katalon.core.main.TestCaseMain.startTestSuite(TestCaseMain.java:181)
	at com.kms.katalon.core.main.TestCaseMain$startTestSuite$0.call(Unknown Source)
	at TempTestSuite1642265296699.run(TempTestSuite1642265296699.groovy:36)
Caused by: com.kms.katalon.core.exception.StepFailedException: Actual text 'Introduction to Computer Science' and expected text 'Mathemetics' of test object 'Object Repository/Page_Mood All courses/a_Mathemetics' are NOT matched.
	at com.kms.katalon.core.webui.keyword.internal.WebUIKeywordMain.stepFailed(WebUIKeywordMain.groovy:64)
	at com.kms.katalon.core.webui.keyword.builtin.VerifyElementTextKeyword$_verifyElementText_closure1.doCall(VerifyElementTextKeyword.groovy:57)
	at com.kms.katalon.core.webui.keyword.builtin.VerifyElementTextKeyword$_verifyElementText_closure1.call(VerifyElementTextKeyword.groovy)
	at com.kms.katalon.core.webui.keyword.internal.WebUIKeywordMain.runKeyword(WebUIKeywordMain.groovy:20)
	... 19 more
)

2022-01-16 00:17:46 - [MESSAGE][FAILED] - Actual text 'Introduction to Computer Science' and expected text 'Mathemetics' of test object 'Object Repository/Page_Mood All courses/a_Mathemetics' are NOT matched. (Root cause: com.kms.katalon.core.exception.StepFailedException: Actual text 'Introduction to Computer Science' and expected text 'Mathemetics' of test object 'Object Repository/Page_Mood All courses/a_Mathemetics' are NOT matched.
	at com.kms.katalon.core.webui.keyword.internal.WebUIKeywordMain.stepFailed(WebUIKeywordMain.groovy:64)
	at com.kms.katalon.core.webui.keyword.builtin.VerifyElementTextKeyword$_verifyElementText_closure1.doCall(VerifyElementTextKeyword.groovy:57)
	at com.kms.katalon.core.webui.keyword.builtin.VerifyElementTextKeyword$_verifyElementText_closure1.call(VerifyElementTextKeyword.groovy)
	at com.kms.katalon.core.webui.keyword.internal.WebUIKeywordMain.runKeyword(WebUIKeywordMain.groovy:20)
	at com.kms.katalon.core.webui.keyword.builtin.VerifyElementTextKeyword.verifyElementText(VerifyElementTextKeyword.groovy:72)
	at com.kms.katalon.core.webui.keyword.builtin.VerifyElementTextKeyword.execute(VerifyElementTextKeyword.groovy:40)
	at com.kms.katalon.core.keyword.internal.KeywordExecutor.executeKeywordForPlatform(KeywordExecutor.groovy:74)
	at com.kms.katalon.core.webui.keyword.WebUiBuiltInKeywords.verifyElementText(WebUiBuiltInKeywords.groovy:4749)
	at com.kms.katalon.core.webui.keyword.WebUiBuiltInKeywords$verifyElementText$7.call(Unknown Source)
	at test case 25.run(test case 25:36)
	at com.kms.katalon.core.main.ScriptEngine.run(ScriptEngine.java:194)
	at com.kms.katalon.core.main.ScriptEngine.runScriptAsRawText(ScriptEngine.java:119)
	at com.kms.katalon.core.main.TestCaseExecutor.runScript(TestCaseExecutor.java:442)
	at com.kms.katalon.core.main.TestCaseExecutor.doExecute(TestCaseExecutor.java:433)
	at com.kms.katalon.core.main.TestCaseExecutor.processExecutionPhase(TestCaseExecutor.java:412)
	at com.kms.katalon.core.main.TestCaseExecutor.accessMainPhase(TestCaseExecutor.java:404)
	at com.kms.katalon.core.main.TestCaseExecutor.execute(TestCaseExecutor.java:281)
	at com.kms.katalon.core.main.TestSuiteExecutor.accessTestCaseMainPhase(TestSuiteExecutor.java:202)
	at com.kms.katalon.core.main.TestSuiteExecutor.accessTestSuiteMainPhase(TestSuiteExecutor.java:164)
	at com.kms.katalon.core.main.TestSuiteExecutor.execute(TestSuiteExecutor.java:105)
	at com.kms.katalon.core.main.TestCaseMain.startTestSuite(TestCaseMain.java:181)
	at com.kms.katalon.core.main.TestCaseMain$startTestSuite$0.call(Unknown Source)
	at TempTestSuite1642265296699.run(TempTestSuite1642265296699.groovy:36)
)
[[ATTACHMENT|D:\\Test-Automation-SE-Bonus\\Test-Automation-SE-Bonus\\Reports\\20220115_234816\\Run all test cases\\20220115_234816\\1642267066694.png]]

2022-01-16 00:17:47 - [MESSAGE][FAILED] - Verify element text of test object 'Object Repository/Page_Mood All courses/a_Mathemetics' FAILED. (Root cause: com.kms.katalon.core.exception.StepFailedException: Verify element text of test object 'Object Repository/Page_Mood All courses/a_Mathemetics' FAILED.
	at com.kms.katalon.core.webui.keyword.internal.WebUIKeywordMain.stepFailed(WebUIKeywordMain.groovy:64)
	at com.kms.katalon.core.webui.keyword.internal.WebUIKeywordMain.runKeyword(WebUIKeywordMain.groovy:26)
	at com.kms.katalon.core.webui.keyword.builtin.VerifyElementTextKeyword.verifyElementText(VerifyElementTextKeyword.groovy:72)
	at com.kms.katalon.core.webui.keyword.builtin.VerifyElementTextKeyword.execute(VerifyElementTextKeyword.groovy:40)
	at com.kms.katalon.core.keyword.internal.KeywordExecutor.executeKeywordForPlatform(KeywordExecutor.groovy:74)
	at com.kms.katalon.core.webui.keyword.WebUiBuiltInKeywords.verifyElementText(WebUiBuiltInKeywords.groovy:4749)
	at com.kms.katalon.core.webui.keyword.WebUiBuiltInKeywords$verifyElementText$7.call(Unknown Source)
	at test case 25.run(test case 25:36)
	at com.kms.katalon.core.main.ScriptEngine.run(ScriptEngine.java:194)
	at com.kms.katalon.core.main.ScriptEngine.runScriptAsRawText(ScriptEngine.java:119)
	at com.kms.katalon.core.main.TestCaseExecutor.runScript(TestCaseExecutor.java:442)
	at com.kms.katalon.core.main.TestCaseExecutor.doExecute(TestCaseExecutor.java:433)
	at com.kms.katalon.core.main.TestCaseExecutor.processExecutionPhase(TestCaseExecutor.java:412)
	at com.kms.katalon.core.main.TestCaseExecutor.accessMainPhase(TestCaseExecutor.java:404)
	at com.kms.katalon.core.main.TestCaseExecutor.execute(TestCaseExecutor.java:281)
	at com.kms.katalon.core.main.TestSuiteExecutor.accessTestCaseMainPhase(TestSuiteExecutor.java:202)
	at com.kms.katalon.core.main.TestSuiteExecutor.accessTestSuiteMainPhase(TestSuiteExecutor.java:164)
	at com.kms.katalon.core.main.TestSuiteExecutor.execute(TestSuiteExecutor.java:105)
	at com.kms.katalon.core.main.TestCaseMain.startTestSuite(TestCaseMain.java:181)
	at com.kms.katalon.core.main.TestCaseMain$startTestSuite$0.call(Unknown Source)
	at TempTestSuite1642265296699.run(TempTestSuite1642265296699.groovy:36)
Caused by: com.kms.katalon.core.exception.StepFailedException: Actual text 'Introduction to Computer Science' and expected text 'Mathemetics' of test object 'Object Repository/Page_Mood All courses/a_Mathemetics' are NOT matched.
	at com.kms.katalon.core.webui.keyword.internal.WebUIKeywordMain.stepFailed(WebUIKeywordMain.groovy:64)
	at com.kms.katalon.core.webui.keyword.builtin.VerifyElementTextKeyword$_verifyElementText_closure1.doCall(VerifyElementTextKeyword.groovy:57)
	at com.kms.katalon.core.webui.keyword.builtin.VerifyElementTextKeyword$_verifyElementText_closure1.call(VerifyElementTextKeyword.groovy)
	at com.kms.katalon.core.webui.keyword.internal.WebUIKeywordMain.runKeyword(WebUIKeywordMain.groovy:20)
	... 19 more
)
[[ATTACHMENT|D:\\Test-Automation-SE-Bonus\\Test-Automation-SE-Bonus\\Reports\\20220115_234816\\Run all test cases\\20220115_234816\\1642267066867.png]]]]></system-out>
         <system-err><![CDATA[2022-01-16 00:17:37 - [TEST_CASE][FAILED] - Test Cases/test case 25: Test Cases/test case 25 FAILED.
Reason:
com.kms.katalon.core.exception.StepFailedException: Verify element text of test object 'Object Repository/Page_Mood All courses/a_Mathemetics' FAILED.
	at com.kms.katalon.core.webui.keyword.internal.WebUIKeywordMain.stepFailed(WebUIKeywordMain.groovy:64)
	at com.kms.katalon.core.webui.keyword.internal.WebUIKeywordMain.runKeyword(WebUIKeywordMain.groovy:26)
	at com.kms.katalon.core.webui.keyword.builtin.VerifyElementTextKeyword.verifyElementText(VerifyElementTextKeyword.groovy:72)
	at com.kms.katalon.core.webui.keyword.builtin.VerifyElementTextKeyword.execute(VerifyElementTextKeyword.groovy:40)
	at com.kms.katalon.core.keyword.internal.KeywordExecutor.executeKeywordForPlatform(KeywordExecutor.groovy:74)
	at com.kms.katalon.core.webui.keyword.WebUiBuiltInKeywords.verifyElementText(WebUiBuiltInKeywords.groovy:4749)
	at com.kms.katalon.core.webui.keyword.WebUiBuiltInKeywords$verifyElementText$7.call(Unknown Source)
	at test case 25.run(test case 25:36)
	at com.kms.katalon.core.main.ScriptEngine.run(ScriptEngine.java:194)
	at com.kms.katalon.core.main.ScriptEngine.runScriptAsRawText(ScriptEngine.java:119)
	at com.kms.katalon.core.main.TestCaseExecutor.runScript(TestCaseExecutor.java:442)
	at com.kms.katalon.core.main.TestCaseExecutor.doExecute(TestCaseExecutor.java:433)
	at com.kms.katalon.core.main.TestCaseExecutor.processExecutionPhase(TestCaseExecutor.java:412)
	at com.kms.katalon.core.main.TestCaseExecutor.accessMainPhase(TestCaseExecutor.java:404)
	at com.kms.katalon.core.main.TestCaseExecutor.execute(TestCaseExecutor.java:281)
	at com.kms.katalon.core.main.TestSuiteExecutor.accessTestCaseMainPhase(TestSuiteExecutor.java:202)
	at com.kms.katalon.core.main.TestSuiteExecutor.accessTestSuiteMainPhase(TestSuiteExecutor.java:164)
	at com.kms.katalon.core.main.TestSuiteExecutor.execute(TestSuiteExecutor.java:105)
	at com.kms.katalon.core.main.TestCaseMain.startTestSuite(TestCaseMain.java:181)
	at com.kms.katalon.core.main.TestCaseMain$startTestSuite$0.call(Unknown Source)
	at TempTestSuite1642265296699.run(TempTestSuite1642265296699.groovy:36)
Caused by: com.kms.katalon.core.exception.StepFailedException: Actual text 'Introduction to Computer Science' and expected text 'Mathemetics' of test object 'Object Repository/Page_Mood All courses/a_Mathemetics' are NOT matched.
	at com.kms.katalon.core.webui.keyword.internal.WebUIKeywordMain.stepFailed(WebUIKeywordMain.groovy:64)
	at com.kms.katalon.core.webui.keyword.builtin.VerifyElementTextKeyword$_verifyElementText_closure1.doCall(VerifyElementTextKeyword.groovy:57)
	at com.kms.katalon.core.webui.keyword.builtin.VerifyElementTextKeyword$_verifyElementText_closure1.call(VerifyElementTextKeyword.groovy)
	at com.kms.katalon.core.webui.keyword.internal.WebUIKeywordMain.runKeyword(WebUIKeywordMain.groovy:20)
	... 19 more]]></system-err>
      </testcase>
      <testcase name="Test Cases/test case 26" time="10.428" classname="Test Cases/test case 26" status="FAILED">
         <failure type="FAILED" message="Test Cases/test case 26 FAILED.
Reason:
com.kms.katalon.core.exception.StepFailedException: Verify element text of test object 'Object Repository/Page_Moodle/a_Mathemetics' FAILED.
	at com.kms.katalon.core.webui.keyword.internal.WebUIKeywordMain.stepFailed(WebUIKeywordMain.groovy:64)
	at com.kms.katalon.core.webui.keyword.internal.WebUIKeywordMain.runKeyword(WebUIKeywordMain.groovy:26)
	at com.kms.katalon.core.webui.keyword.builtin.VerifyElementTextKeyword.verifyElementText(VerifyElementTextKeyword.groovy:72)
	at com.kms.katalon.core.webui.keyword.builtin.VerifyElementTextKeyword.execute(VerifyElementTextKeyword.groovy:40)
	at com.kms.katalon.core.keyword.internal.KeywordExecutor.executeKeywordForPlatform(KeywordExecutor.groovy:74)
	at com.kms.katalon.core.webui.keyword.WebUiBuiltInKeywords.verifyElementText(WebUiBuiltInKeywords.groovy:4749)
	at com.kms.katalon.core.webui.keyword.WebUiBuiltInKeywords$verifyElementText$7.call(Unknown Source)
	at test case 26.run(test case 26:36)
	at com.kms.katalon.core.main.ScriptEngine.run(ScriptEngine.java:194)
	at com.kms.katalon.core.main.ScriptEngine.runScriptAsRawText(ScriptEngine.java:119)
	at com.kms.katalon.core.main.TestCaseExecutor.runScript(TestCaseExecutor.java:442)
	at com.kms.katalon.core.main.TestCaseExecutor.doExecute(TestCaseExecutor.java:433)
	at com.kms.katalon.core.main.TestCaseExecutor.processExecutionPhase(TestCaseExecutor.java:412)
	at com.kms.katalon.core.main.TestCaseExecutor.accessMainPhase(TestCaseExecutor.java:404)
	at com.kms.katalon.core.main.TestCaseExecutor.execute(TestCaseExecutor.java:281)
	at com.kms.katalon.core.main.TestSuiteExecutor.accessTestCaseMainPhase(TestSuiteExecutor.java:202)
	at com.kms.katalon.core.main.TestSuiteExecutor.accessTestSuiteMainPhase(TestSuiteExecutor.java:164)
	at com.kms.katalon.core.main.TestSuiteExecutor.execute(TestSuiteExecutor.java:105)
	at com.kms.katalon.core.main.TestCaseMain.startTestSuite(TestCaseMain.java:181)
	at com.kms.katalon.core.main.TestCaseMain$startTestSuite$0.call(Unknown Source)
	at TempTestSuite1642265296699.run(TempTestSuite1642265296699.groovy:36)
Caused by: com.kms.katalon.core.exception.StepFailedException: Actual text 'Introduction to Computer Science' and expected text 'Mathemetics' of test object 'Object Repository/Page_Moodle/a_Mathemetics' are NOT matched.
	at com.kms.katalon.core.webui.keyword.internal.WebUIKeywordMain.stepFailed(WebUIKeywordMain.groovy:64)
	at com.kms.katalon.core.webui.keyword.builtin.VerifyElementTextKeyword$_verifyElementText_closure1.doCall(VerifyElementTextKeyword.groovy:57)
	at com.kms.katalon.core.webui.keyword.builtin.VerifyElementTextKeyword$_verifyElementText_closure1.call(VerifyElementTextKeyword.groovy)
	at com.kms.katalon.core.webui.keyword.internal.WebUIKeywordMain.runKeyword(WebUIKeywordMain.groovy:20)
	... 19 more
"/>
         <system-out><![CDATA[2022-01-16 00:17:47 - [TEST_CASE][FAILED] - Test Cases/test case 26: Test Cases/test case 26 FAILED.
Reason:
com.kms.katalon.core.exception.StepFailedException: Verify element text of test object 'Object Repository/Page_Moodle/a_Mathemetics' FAILED.
	at com.kms.katalon.core.webui.keyword.internal.WebUIKeywordMain.stepFailed(WebUIKeywordMain.groovy:64)
	at com.kms.katalon.core.webui.keyword.internal.WebUIKeywordMain.runKeyword(WebUIKeywordMain.groovy:26)
	at com.kms.katalon.core.webui.keyword.builtin.VerifyElementTextKeyword.verifyElementText(VerifyElementTextKeyword.groovy:72)
	at com.kms.katalon.core.webui.keyword.builtin.VerifyElementTextKeyword.execute(VerifyElementTextKeyword.groovy:40)
	at com.kms.katalon.core.keyword.internal.KeywordExecutor.executeKeywordForPlatform(KeywordExecutor.groovy:74)
	at com.kms.katalon.core.webui.keyword.WebUiBuiltInKeywords.verifyElementText(WebUiBuiltInKeywords.groovy:4749)
	at com.kms.katalon.core.webui.keyword.WebUiBuiltInKeywords$verifyElementText$7.call(Unknown Source)
	at test case 26.run(test case 26:36)
	at com.kms.katalon.core.main.ScriptEngine.run(ScriptEngine.java:194)
	at com.kms.katalon.core.main.ScriptEngine.runScriptAsRawText(ScriptEngine.java:119)
	at com.kms.katalon.core.main.TestCaseExecutor.runScript(TestCaseExecutor.java:442)
	at com.kms.katalon.core.main.TestCaseExecutor.doExecute(TestCaseExecutor.java:433)
	at com.kms.katalon.core.main.TestCaseExecutor.processExecutionPhase(TestCaseExecutor.java:412)
	at com.kms.katalon.core.main.TestCaseExecutor.accessMainPhase(TestCaseExecutor.java:404)
	at com.kms.katalon.core.main.TestCaseExecutor.execute(TestCaseExecutor.java:281)
	at com.kms.katalon.core.main.TestSuiteExecutor.accessTestCaseMainPhase(TestSuiteExecutor.java:202)
	at com.kms.katalon.core.main.TestSuiteExecutor.accessTestSuiteMainPhase(TestSuiteExecutor.java:164)
	at com.kms.katalon.core.main.TestSuiteExecutor.execute(TestSuiteExecutor.java:105)
	at com.kms.katalon.core.main.TestCaseMain.startTestSuite(TestCaseMain.java:181)
	at com.kms.katalon.core.main.TestCaseMain$startTestSuite$0.call(Unknown Source)
	at TempTestSuite1642265296699.run(TempTestSuite1642265296699.groovy:36)
Caused by: com.kms.katalon.core.exception.StepFailedException: Actual text 'Introduction to Computer Science' and expected text 'Mathemetics' of test object 'Object Repository/Page_Moodle/a_Mathemetics' are NOT matched.
	at com.kms.katalon.core.webui.keyword.internal.WebUIKeywordMain.stepFailed(WebUIKeywordMain.groovy:64)
	at com.kms.katalon.core.webui.keyword.builtin.VerifyElementTextKeyword$_verifyElementText_closure1.doCall(VerifyElementTextKeyword.groovy:57)
	at com.kms.katalon.core.webui.keyword.builtin.VerifyElementTextKeyword$_verifyElementText_closure1.call(VerifyElementTextKeyword.groovy)
	at com.kms.katalon.core.webui.keyword.internal.WebUIKeywordMain.runKeyword(WebUIKeywordMain.groovy:20)
	... 19 more


2022-01-16 00:17:47 - [TEST_STEP][PASSED] - openBrowser(""): Browser is opened with url: ''

2022-01-16 00:17:47 - [MESSAGE][WARNING] - A browser is already opened. Closing browser and opening a new one

2022-01-16 00:17:48 - [MESSAGE][INFO] - Starting 'Chrome' driver

2022-01-16 00:17:48 - [MESSAGE][INFO] - Action delay is set to 0 milliseconds

2022-01-16 00:17:49 - [MESSAGE][PASSED] - Browser is opened with url: ''

2022-01-16 00:17:49 - [TEST_STEP][PASSED] - navigateToUrl("http://localhost/"): Navigate to 'http://localhost/' successfully

2022-01-16 00:17:50 - [MESSAGE][PASSED] - Navigate to 'http://localhost/' successfully

2022-01-16 00:17:50 - [TEST_STEP][PASSED] - click(findTestObject("Object Repository/Page_Moodle/a_Log in")): Object: 'Object Repository/Page_Moodle/a_Log in' is clicked on

2022-01-16 00:17:51 - [MESSAGE][PASSED] - Object: 'Object Repository/Page_Moodle/a_Log in' is clicked on

2022-01-16 00:17:51 - [TEST_STEP][PASSED] - setText(findTestObject("Object Repository/Page_Moodle Log in to the site/input_Username_username"), "nmthu"): Text 'nmthu' is set on object 'Object Repository/Page_Moodle Log in to the site/input_Username_username'

2022-01-16 00:17:52 - [MESSAGE][PASSED] - Text 'nmthu' is set on object 'Object Repository/Page_Moodle Log in to the site/input_Username_username'

2022-01-16 00:17:52 - [TEST_STEP][PASSED] - setEncryptedText(findTestObject("Object Repository/Page_Moodle Log in to the site/input_Password_password"), "zm/yZ1suVYniggK+4Jo9ew=="): Text ****** has been set on object 'Object Repository/Page_Moodle Log in to the site/input_Password_password'

2022-01-16 00:17:52 - [MESSAGE][PASSED] - Text ****** has been set on object 'Object Repository/Page_Moodle Log in to the site/input_Password_password'

2022-01-16 00:17:52 - [TEST_STEP][PASSED] - click(findTestObject("Object Repository/Page_Moodle Log in to the site/form_document.getElementById(anchor).value _70e5d4")): Object: 'Object Repository/Page_Moodle Log in to the site/form_document.getElementById(anchor).value _70e5d4' is clicked on

2022-01-16 00:17:53 - [MESSAGE][PASSED] - Object: 'Object Repository/Page_Moodle Log in to the site/form_document.getElementById(anchor).value _70e5d4' is clicked on

2022-01-16 00:17:53 - [TEST_STEP][PASSED] - click(findTestObject("Object Repository/Page_Moodle Log in to the site/button_Log in")): Object: 'Object Repository/Page_Moodle Log in to the site/button_Log in' is clicked on

2022-01-16 00:17:54 - [MESSAGE][PASSED] - Object: 'Object Repository/Page_Moodle Log in to the site/button_Log in' is clicked on

2022-01-16 00:17:54 - [TEST_STEP][PASSED] - click(findTestObject("Object Repository/Page_Dashboard/span_Site home")): Object: 'Object Repository/Page_Dashboard/span_Site home' is clicked on

2022-01-16 00:17:56 - [MESSAGE][PASSED] - Object: 'Object Repository/Page_Dashboard/span_Site home' is clicked on

2022-01-16 00:17:56 - [TEST_STEP][FAILED] - verifyElementText(findTestObject("Page_Moodle/a_Mathemetics"), "Mathemetics"): Verify element text of test object 'Object Repository/Page_Moodle/a_Mathemetics' FAILED. (Root cause: com.kms.katalon.core.exception.StepFailedException: Verify element text of test object 'Object Repository/Page_Moodle/a_Mathemetics' FAILED.
	at com.kms.katalon.core.webui.keyword.internal.WebUIKeywordMain.stepFailed(WebUIKeywordMain.groovy:64)
	at com.kms.katalon.core.webui.keyword.internal.WebUIKeywordMain.runKeyword(WebUIKeywordMain.groovy:26)
	at com.kms.katalon.core.webui.keyword.builtin.VerifyElementTextKeyword.verifyElementText(VerifyElementTextKeyword.groovy:72)
	at com.kms.katalon.core.webui.keyword.builtin.VerifyElementTextKeyword.execute(VerifyElementTextKeyword.groovy:40)
	at com.kms.katalon.core.keyword.internal.KeywordExecutor.executeKeywordForPlatform(KeywordExecutor.groovy:74)
	at com.kms.katalon.core.webui.keyword.WebUiBuiltInKeywords.verifyElementText(WebUiBuiltInKeywords.groovy:4749)
	at com.kms.katalon.core.webui.keyword.WebUiBuiltInKeywords$verifyElementText$7.call(Unknown Source)
	at test case 26.run(test case 26:36)
	at com.kms.katalon.core.main.ScriptEngine.run(ScriptEngine.java:194)
	at com.kms.katalon.core.main.ScriptEngine.runScriptAsRawText(ScriptEngine.java:119)
	at com.kms.katalon.core.main.TestCaseExecutor.runScript(TestCaseExecutor.java:442)
	at com.kms.katalon.core.main.TestCaseExecutor.doExecute(TestCaseExecutor.java:433)
	at com.kms.katalon.core.main.TestCaseExecutor.processExecutionPhase(TestCaseExecutor.java:412)
	at com.kms.katalon.core.main.TestCaseExecutor.accessMainPhase(TestCaseExecutor.java:404)
	at com.kms.katalon.core.main.TestCaseExecutor.execute(TestCaseExecutor.java:281)
	at com.kms.katalon.core.main.TestSuiteExecutor.accessTestCaseMainPhase(TestSuiteExecutor.java:202)
	at com.kms.katalon.core.main.TestSuiteExecutor.accessTestSuiteMainPhase(TestSuiteExecutor.java:164)
	at com.kms.katalon.core.main.TestSuiteExecutor.execute(TestSuiteExecutor.java:105)
	at com.kms.katalon.core.main.TestCaseMain.startTestSuite(TestCaseMain.java:181)
	at com.kms.katalon.core.main.TestCaseMain$startTestSuite$0.call(Unknown Source)
	at TempTestSuite1642265296699.run(TempTestSuite1642265296699.groovy:36)
Caused by: com.kms.katalon.core.exception.StepFailedException: Actual text 'Introduction to Computer Science' and expected text 'Mathemetics' of test object 'Object Repository/Page_Moodle/a_Mathemetics' are NOT matched.
	at com.kms.katalon.core.webui.keyword.internal.WebUIKeywordMain.stepFailed(WebUIKeywordMain.groovy:64)
	at com.kms.katalon.core.webui.keyword.builtin.VerifyElementTextKeyword$_verifyElementText_closure1.doCall(VerifyElementTextKeyword.groovy:57)
	at com.kms.katalon.core.webui.keyword.builtin.VerifyElementTextKeyword$_verifyElementText_closure1.call(VerifyElementTextKeyword.groovy)
	at com.kms.katalon.core.webui.keyword.internal.WebUIKeywordMain.runKeyword(WebUIKeywordMain.groovy:20)
	... 19 more
)

2022-01-16 00:17:57 - [MESSAGE][FAILED] - Actual text 'Introduction to Computer Science' and expected text 'Mathemetics' of test object 'Object Repository/Page_Moodle/a_Mathemetics' are NOT matched. (Root cause: com.kms.katalon.core.exception.StepFailedException: Actual text 'Introduction to Computer Science' and expected text 'Mathemetics' of test object 'Object Repository/Page_Moodle/a_Mathemetics' are NOT matched.
	at com.kms.katalon.core.webui.keyword.internal.WebUIKeywordMain.stepFailed(WebUIKeywordMain.groovy:64)
	at com.kms.katalon.core.webui.keyword.builtin.VerifyElementTextKeyword$_verifyElementText_closure1.doCall(VerifyElementTextKeyword.groovy:57)
	at com.kms.katalon.core.webui.keyword.builtin.VerifyElementTextKeyword$_verifyElementText_closure1.call(VerifyElementTextKeyword.groovy)
	at com.kms.katalon.core.webui.keyword.internal.WebUIKeywordMain.runKeyword(WebUIKeywordMain.groovy:20)
	at com.kms.katalon.core.webui.keyword.builtin.VerifyElementTextKeyword.verifyElementText(VerifyElementTextKeyword.groovy:72)
	at com.kms.katalon.core.webui.keyword.builtin.VerifyElementTextKeyword.execute(VerifyElementTextKeyword.groovy:40)
	at com.kms.katalon.core.keyword.internal.KeywordExecutor.executeKeywordForPlatform(KeywordExecutor.groovy:74)
	at com.kms.katalon.core.webui.keyword.WebUiBuiltInKeywords.verifyElementText(WebUiBuiltInKeywords.groovy:4749)
	at com.kms.katalon.core.webui.keyword.WebUiBuiltInKeywords$verifyElementText$7.call(Unknown Source)
	at test case 26.run(test case 26:36)
	at com.kms.katalon.core.main.ScriptEngine.run(ScriptEngine.java:194)
	at com.kms.katalon.core.main.ScriptEngine.runScriptAsRawText(ScriptEngine.java:119)
	at com.kms.katalon.core.main.TestCaseExecutor.runScript(TestCaseExecutor.java:442)
	at com.kms.katalon.core.main.TestCaseExecutor.doExecute(TestCaseExecutor.java:433)
	at com.kms.katalon.core.main.TestCaseExecutor.processExecutionPhase(TestCaseExecutor.java:412)
	at com.kms.katalon.core.main.TestCaseExecutor.accessMainPhase(TestCaseExecutor.java:404)
	at com.kms.katalon.core.main.TestCaseExecutor.execute(TestCaseExecutor.java:281)
	at com.kms.katalon.core.main.TestSuiteExecutor.accessTestCaseMainPhase(TestSuiteExecutor.java:202)
	at com.kms.katalon.core.main.TestSuiteExecutor.accessTestSuiteMainPhase(TestSuiteExecutor.java:164)
	at com.kms.katalon.core.main.TestSuiteExecutor.execute(TestSuiteExecutor.java:105)
	at com.kms.katalon.core.main.TestCaseMain.startTestSuite(TestCaseMain.java:181)
	at com.kms.katalon.core.main.TestCaseMain$startTestSuite$0.call(Unknown Source)
	at TempTestSuite1642265296699.run(TempTestSuite1642265296699.groovy:36)
)
[[ATTACHMENT|D:\\Test-Automation-SE-Bonus\\Test-Automation-SE-Bonus\\Reports\\20220115_234816\\Run all test cases\\20220115_234816\\1642267077122.png]]

2022-01-16 00:17:57 - [MESSAGE][FAILED] - Verify element text of test object 'Object Repository/Page_Moodle/a_Mathemetics' FAILED. (Root cause: com.kms.katalon.core.exception.StepFailedException: Verify element text of test object 'Object Repository/Page_Moodle/a_Mathemetics' FAILED.
	at com.kms.katalon.core.webui.keyword.internal.WebUIKeywordMain.stepFailed(WebUIKeywordMain.groovy:64)
	at com.kms.katalon.core.webui.keyword.internal.WebUIKeywordMain.runKeyword(WebUIKeywordMain.groovy:26)
	at com.kms.katalon.core.webui.keyword.builtin.VerifyElementTextKeyword.verifyElementText(VerifyElementTextKeyword.groovy:72)
	at com.kms.katalon.core.webui.keyword.builtin.VerifyElementTextKeyword.execute(VerifyElementTextKeyword.groovy:40)
	at com.kms.katalon.core.keyword.internal.KeywordExecutor.executeKeywordForPlatform(KeywordExecutor.groovy:74)
	at com.kms.katalon.core.webui.keyword.WebUiBuiltInKeywords.verifyElementText(WebUiBuiltInKeywords.groovy:4749)
	at com.kms.katalon.core.webui.keyword.WebUiBuiltInKeywords$verifyElementText$7.call(Unknown Source)
	at test case 26.run(test case 26:36)
	at com.kms.katalon.core.main.ScriptEngine.run(ScriptEngine.java:194)
	at com.kms.katalon.core.main.ScriptEngine.runScriptAsRawText(ScriptEngine.java:119)
	at com.kms.katalon.core.main.TestCaseExecutor.runScript(TestCaseExecutor.java:442)
	at com.kms.katalon.core.main.TestCaseExecutor.doExecute(TestCaseExecutor.java:433)
	at com.kms.katalon.core.main.TestCaseExecutor.processExecutionPhase(TestCaseExecutor.java:412)
	at com.kms.katalon.core.main.TestCaseExecutor.accessMainPhase(TestCaseExecutor.java:404)
	at com.kms.katalon.core.main.TestCaseExecutor.execute(TestCaseExecutor.java:281)
	at com.kms.katalon.core.main.TestSuiteExecutor.accessTestCaseMainPhase(TestSuiteExecutor.java:202)
	at com.kms.katalon.core.main.TestSuiteExecutor.accessTestSuiteMainPhase(TestSuiteExecutor.java:164)
	at com.kms.katalon.core.main.TestSuiteExecutor.execute(TestSuiteExecutor.java:105)
	at com.kms.katalon.core.main.TestCaseMain.startTestSuite(TestCaseMain.java:181)
	at com.kms.katalon.core.main.TestCaseMain$startTestSuite$0.call(Unknown Source)
	at TempTestSuite1642265296699.run(TempTestSuite1642265296699.groovy:36)
Caused by: com.kms.katalon.core.exception.StepFailedException: Actual text 'Introduction to Computer Science' and expected text 'Mathemetics' of test object 'Object Repository/Page_Moodle/a_Mathemetics' are NOT matched.
	at com.kms.katalon.core.webui.keyword.internal.WebUIKeywordMain.stepFailed(WebUIKeywordMain.groovy:64)
	at com.kms.katalon.core.webui.keyword.builtin.VerifyElementTextKeyword$_verifyElementText_closure1.doCall(VerifyElementTextKeyword.groovy:57)
	at com.kms.katalon.core.webui.keyword.builtin.VerifyElementTextKeyword$_verifyElementText_closure1.call(VerifyElementTextKeyword.groovy)
	at com.kms.katalon.core.webui.keyword.internal.WebUIKeywordMain.runKeyword(WebUIKeywordMain.groovy:20)
	... 19 more
)
[[ATTACHMENT|D:\\Test-Automation-SE-Bonus\\Test-Automation-SE-Bonus\\Reports\\20220115_234816\\Run all test cases\\20220115_234816\\1642267077293.png]]]]></system-out>
         <system-err><![CDATA[2022-01-16 00:17:47 - [TEST_CASE][FAILED] - Test Cases/test case 26: Test Cases/test case 26 FAILED.
Reason:
com.kms.katalon.core.exception.StepFailedException: Verify element text of test object 'Object Repository/Page_Moodle/a_Mathemetics' FAILED.
	at com.kms.katalon.core.webui.keyword.internal.WebUIKeywordMain.stepFailed(WebUIKeywordMain.groovy:64)
	at com.kms.katalon.core.webui.keyword.internal.WebUIKeywordMain.runKeyword(WebUIKeywordMain.groovy:26)
	at com.kms.katalon.core.webui.keyword.builtin.VerifyElementTextKeyword.verifyElementText(VerifyElementTextKeyword.groovy:72)
	at com.kms.katalon.core.webui.keyword.builtin.VerifyElementTextKeyword.execute(VerifyElementTextKeyword.groovy:40)
	at com.kms.katalon.core.keyword.internal.KeywordExecutor.executeKeywordForPlatform(KeywordExecutor.groovy:74)
	at com.kms.katalon.core.webui.keyword.WebUiBuiltInKeywords.verifyElementText(WebUiBuiltInKeywords.groovy:4749)
	at com.kms.katalon.core.webui.keyword.WebUiBuiltInKeywords$verifyElementText$7.call(Unknown Source)
	at test case 26.run(test case 26:36)
	at com.kms.katalon.core.main.ScriptEngine.run(ScriptEngine.java:194)
	at com.kms.katalon.core.main.ScriptEngine.runScriptAsRawText(ScriptEngine.java:119)
	at com.kms.katalon.core.main.TestCaseExecutor.runScript(TestCaseExecutor.java:442)
	at com.kms.katalon.core.main.TestCaseExecutor.doExecute(TestCaseExecutor.java:433)
	at com.kms.katalon.core.main.TestCaseExecutor.processExecutionPhase(TestCaseExecutor.java:412)
	at com.kms.katalon.core.main.TestCaseExecutor.accessMainPhase(TestCaseExecutor.java:404)
	at com.kms.katalon.core.main.TestCaseExecutor.execute(TestCaseExecutor.java:281)
	at com.kms.katalon.core.main.TestSuiteExecutor.accessTestCaseMainPhase(TestSuiteExecutor.java:202)
	at com.kms.katalon.core.main.TestSuiteExecutor.accessTestSuiteMainPhase(TestSuiteExecutor.java:164)
	at com.kms.katalon.core.main.TestSuiteExecutor.execute(TestSuiteExecutor.java:105)
	at com.kms.katalon.core.main.TestCaseMain.startTestSuite(TestCaseMain.java:181)
	at com.kms.katalon.core.main.TestCaseMain$startTestSuite$0.call(Unknown Source)
	at TempTestSuite1642265296699.run(TempTestSuite1642265296699.groovy:36)
Caused by: com.kms.katalon.core.exception.StepFailedException: Actual text 'Introduction to Computer Science' and expected text 'Mathemetics' of test object 'Object Repository/Page_Moodle/a_Mathemetics' are NOT matched.
	at com.kms.katalon.core.webui.keyword.internal.WebUIKeywordMain.stepFailed(WebUIKeywordMain.groovy:64)
	at com.kms.katalon.core.webui.keyword.builtin.VerifyElementTextKeyword$_verifyElementText_closure1.doCall(VerifyElementTextKeyword.groovy:57)
	at com.kms.katalon.core.webui.keyword.builtin.VerifyElementTextKeyword$_verifyElementText_closure1.call(VerifyElementTextKeyword.groovy)
	at com.kms.katalon.core.webui.keyword.internal.WebUIKeywordMain.runKeyword(WebUIKeywordMain.groovy:20)
	... 19 more]]></system-err>
      </testcase>
      <testcase name="Test Cases/test case 27" time="11.226" classname="Test Cases/test case 27" status="PASSED">
         <system-out><![CDATA[2022-01-16 00:17:57 - [TEST_CASE][PASSED] - Test Cases/test case 27: Test Cases/test case 27

2022-01-16 00:17:57 - [TEST_STEP][PASSED] - openBrowser(""): Browser is opened with url: ''

2022-01-16 00:17:57 - [MESSAGE][WARNING] - A browser is already opened. Closing browser and opening a new one

2022-01-16 00:17:58 - [MESSAGE][INFO] - Starting 'Chrome' driver

2022-01-16 00:17:58 - [MESSAGE][INFO] - Action delay is set to 0 milliseconds

2022-01-16 00:17:59 - [MESSAGE][PASSED] - Browser is opened with url: ''

2022-01-16 00:17:59 - [TEST_STEP][PASSED] - navigateToUrl("http://localhost/"): Navigate to 'http://localhost/' successfully

2022-01-16 00:18:01 - [MESSAGE][PASSED] - Navigate to 'http://localhost/' successfully

2022-01-16 00:18:01 - [TEST_STEP][PASSED] - click(findTestObject("Object Repository/Page_Moodle/a_Log in")): Object: 'Object Repository/Page_Moodle/a_Log in' is clicked on

2022-01-16 00:18:02 - [MESSAGE][PASSED] - Object: 'Object Repository/Page_Moodle/a_Log in' is clicked on

2022-01-16 00:18:02 - [TEST_STEP][PASSED] - setText(findTestObject("Object Repository/Page_Moodle Log in to the site/input_Username_username"), "nmthu"): Text 'nmthu' is set on object 'Object Repository/Page_Moodle Log in to the site/input_Username_username'

2022-01-16 00:18:02 - [MESSAGE][PASSED] - Text 'nmthu' is set on object 'Object Repository/Page_Moodle Log in to the site/input_Username_username'

2022-01-16 00:18:02 - [TEST_STEP][PASSED] - setEncryptedText(findTestObject("Object Repository/Page_Moodle Log in to the site/input_Password_password"), "zm/yZ1suVYniggK+4Jo9ew=="): Text ****** has been set on object 'Object Repository/Page_Moodle Log in to the site/input_Password_password'

2022-01-16 00:18:03 - [MESSAGE][PASSED] - Text ****** has been set on object 'Object Repository/Page_Moodle Log in to the site/input_Password_password'

2022-01-16 00:18:03 - [TEST_STEP][PASSED] - click(findTestObject("Object Repository/Page_Moodle Log in to the site/button_Log in")): Object: 'Object Repository/Page_Moodle Log in to the site/button_Log in' is clicked on

2022-01-16 00:18:04 - [MESSAGE][PASSED] - Object: 'Object Repository/Page_Moodle Log in to the site/button_Log in' is clicked on

2022-01-16 00:18:04 - [TEST_STEP][PASSED] - verifyElementText(findTestObject("Object Repository/Page_Dashboard/span_Calendar"), "Calendar"): Actual text and expected text of test object 'Object Repository/Page_Dashboard/span_Calendar' are matched.

2022-01-16 00:18:06 - [MESSAGE][PASSED] - Actual text and expected text of test object 'Object Repository/Page_Dashboard/span_Calendar' are matched.

2022-01-16 00:18:06 - [TEST_STEP][PASSED] - click(findTestObject("Object Repository/Page_Dashboard/span_Calendar")): Object: 'Object Repository/Page_Dashboard/span_Calendar' is clicked on

2022-01-16 00:18:07 - [MESSAGE][PASSED] - Object: 'Object Repository/Page_Dashboard/span_Calendar' is clicked on

2022-01-16 00:18:07 - [TEST_STEP][PASSED] - click(findTestObject("Object Repository/Page_Mood Calendar Detailed month view Janu_18fc56/a_23")): Object: 'Object Repository/Page_Mood Calendar Detailed month view Janu_18fc56/a_23' is clicked on

2022-01-16 00:18:07 - [MESSAGE][PASSED] - Object: 'Object Repository/Page_Mood Calendar Detailed month view Janu_18fc56/a_23' is clicked on

2022-01-16 00:18:07 - [TEST_STEP][PASSED] - closeBrowser(): Browser is closed

2022-01-16 00:18:08 - [MESSAGE][PASSED] - Browser is closed]]></system-out>
         <system-err><![CDATA[]]></system-err>
      </testcase>
      <testcase name="Test Cases/test case 28" time="9.724" classname="Test Cases/test case 28" status="PASSED">
         <system-out><![CDATA[2022-01-16 00:18:08 - [TEST_CASE][PASSED] - Test Cases/test case 28: Test Cases/test case 28

2022-01-16 00:18:09 - [TEST_STEP][PASSED] - openBrowser(""): Browser is opened with url: ''

2022-01-16 00:18:09 - [MESSAGE][INFO] - Starting 'Chrome' driver

2022-01-16 00:18:09 - [MESSAGE][INFO] - Action delay is set to 0 milliseconds

2022-01-16 00:18:10 - [MESSAGE][PASSED] - Browser is opened with url: ''

2022-01-16 00:18:10 - [TEST_STEP][PASSED] - navigateToUrl("http://localhost/"): Navigate to 'http://localhost/' successfully

2022-01-16 00:18:11 - [MESSAGE][PASSED] - Navigate to 'http://localhost/' successfully

2022-01-16 00:18:11 - [TEST_STEP][PASSED] - click(findTestObject("Object Repository/Page_Moodle/a_Log in")): Object: 'Object Repository/Page_Moodle/a_Log in' is clicked on

2022-01-16 00:18:12 - [MESSAGE][PASSED] - Object: 'Object Repository/Page_Moodle/a_Log in' is clicked on

2022-01-16 00:18:12 - [TEST_STEP][PASSED] - setText(findTestObject("Object Repository/Page_Moodle Log in to the site/input_Username_username"), "nmthu"): Text 'nmthu' is set on object 'Object Repository/Page_Moodle Log in to the site/input_Username_username'

2022-01-16 00:18:13 - [MESSAGE][PASSED] - Text 'nmthu' is set on object 'Object Repository/Page_Moodle Log in to the site/input_Username_username'

2022-01-16 00:18:13 - [TEST_STEP][PASSED] - setEncryptedText(findTestObject("Object Repository/Page_Moodle Log in to the site/input_Password_password"), "zm/yZ1suVYniggK+4Jo9ew=="): Text ****** has been set on object 'Object Repository/Page_Moodle Log in to the site/input_Password_password'

2022-01-16 00:18:13 - [MESSAGE][PASSED] - Text ****** has been set on object 'Object Repository/Page_Moodle Log in to the site/input_Password_password'

2022-01-16 00:18:13 - [TEST_STEP][PASSED] - click(findTestObject("Object Repository/Page_Moodle Log in to the site/button_Log in")): Object: 'Object Repository/Page_Moodle Log in to the site/button_Log in' is clicked on

2022-01-16 00:18:14 - [MESSAGE][PASSED] - Object: 'Object Repository/Page_Moodle Log in to the site/button_Log in' is clicked on

2022-01-16 00:18:14 - [TEST_STEP][PASSED] - verifyElementVisible(findTestObject("Page_Dashboard/div_Calendar                               _78b00d")): Object 'Object Repository/Page_Dashboard/div_Calendar                               _78b00d' is visible

2022-01-16 00:18:16 - [MESSAGE][PASSED] - Object 'Object Repository/Page_Dashboard/div_Calendar                               _78b00d' is visible

2022-01-16 00:18:16 - [TEST_STEP][PASSED] - click(findTestObject("Object Repository/Page_Dashboard/a_23")): Object: 'Object Repository/Page_Dashboard/a_23' is clicked on

2022-01-16 00:18:17 - [MESSAGE][PASSED] - Object: 'Object Repository/Page_Dashboard/a_23' is clicked on

2022-01-16 00:18:17 - [TEST_STEP][PASSED] - closeBrowser(): Browser is closed

2022-01-16 00:18:18 - [MESSAGE][PASSED] - Browser is closed]]></system-out>
         <system-err><![CDATA[]]></system-err>
      </testcase>
      <testcase name="Test Cases/test case 29" time="70.146" classname="Test Cases/test case 29" status="PASSED">
         <system-out><![CDATA[2022-01-16 00:18:18 - [TEST_CASE][PASSED] - Test Cases/test case 29: Test Cases/test case 29

2022-01-16 00:18:18 - [TEST_STEP][PASSED] - openBrowser(""): Browser is opened with url: ''

2022-01-16 00:18:18 - [MESSAGE][INFO] - Starting 'Chrome' driver

2022-01-16 00:18:18 - [MESSAGE][INFO] - Action delay is set to 0 milliseconds

2022-01-16 00:18:19 - [MESSAGE][PASSED] - Browser is opened with url: ''

2022-01-16 00:18:19 - [TEST_STEP][PASSED] - navigateToUrl("http://localhost/"): Navigate to 'http://localhost/' successfully

2022-01-16 00:18:21 - [MESSAGE][PASSED] - Navigate to 'http://localhost/' successfully

2022-01-16 00:18:21 - [TEST_STEP][PASSED] - click(findTestObject("Object Repository/Page_Moodle/a_Log in")): Object: 'Object Repository/Page_Moodle/a_Log in' is clicked on

2022-01-16 00:18:22 - [MESSAGE][PASSED] - Object: 'Object Repository/Page_Moodle/a_Log in' is clicked on

2022-01-16 00:18:22 - [TEST_STEP][PASSED] - setText(findTestObject("Object Repository/Page_Moodle Log in to the site/input_Username_username"), "nmthu"): Text 'nmthu' is set on object 'Object Repository/Page_Moodle Log in to the site/input_Username_username'

2022-01-16 00:18:22 - [MESSAGE][PASSED] - Text 'nmthu' is set on object 'Object Repository/Page_Moodle Log in to the site/input_Username_username'

2022-01-16 00:18:22 - [TEST_STEP][PASSED] - setEncryptedText(findTestObject("Object Repository/Page_Moodle Log in to the site/input_Password_password"), "zm/yZ1suVYniggK+4Jo9ew=="): Text ****** has been set on object 'Object Repository/Page_Moodle Log in to the site/input_Password_password'

2022-01-16 00:18:23 - [MESSAGE][PASSED] - Text ****** has been set on object 'Object Repository/Page_Moodle Log in to the site/input_Password_password'

2022-01-16 00:18:23 - [TEST_STEP][PASSED] - click(findTestObject("Object Repository/Page_Moodle Log in to the site/button_Log in")): Object: 'Object Repository/Page_Moodle Log in to the site/button_Log in' is clicked on

2022-01-16 00:18:24 - [MESSAGE][PASSED] - Object: 'Object Repository/Page_Moodle Log in to the site/button_Log in' is clicked on

2022-01-16 00:18:24 - [TEST_STEP][PASSED] - verifyElementText(findTestObject("Object Repository/Page_Dashboard/a_3 weeks for Tet"), "3 weeks for Tet"): Actual text and expected text of test object 'Object Repository/Page_Dashboard/a_3 weeks for Tet' are matched.

2022-01-16 00:18:56 - [MESSAGE][INFO] - Unable to find the element located by 'By.xpath: //div[@id='month-upcoming-mini-61e168c90490d61e168c8223124']/div/a'. Please recheck the objects properties to make sure the desired element is located. 

2022-01-16 00:18:56 - [MESSAGE][WARNING] - [SELF-HEALING] Failed to find element with id 'Object Repository/Page_Dashboard/a_3 weeks for Tet'. Try using Self-healing.

2022-01-16 00:18:56 - [MESSAGE][WARNING] - [SELF-HEALING] The current locator of test object 'Object Repository/Page_Dashboard/a_3 weeks for Tet' was broken. Propose an alternative one: '//a[contains(text(),'3 weeks for Tet')]'.

2022-01-16 00:18:56 - [MESSAGE][PASSED] - Actual text and expected text of test object 'Object Repository/Page_Dashboard/a_3 weeks for Tet' are matched.

2022-01-16 00:18:56 - [TEST_STEP][PASSED] - click(findTestObject("Object Repository/Page_Dashboard/a_3 weeks for Tet")): Object: 'Object Repository/Page_Dashboard/a_3 weeks for Tet' is clicked on

2022-01-16 00:19:27 - [MESSAGE][INFO] - Unable to find the element located by 'By.xpath: //div[@id='month-upcoming-mini-61e168c90490d61e168c8223124']/div/a'. Please recheck the objects properties to make sure the desired element is located. 

2022-01-16 00:19:27 - [MESSAGE][WARNING] - [SELF-HEALING] Failed to find element with id 'Object Repository/Page_Dashboard/a_3 weeks for Tet'. Try using Self-healing.

2022-01-16 00:19:27 - [MESSAGE][WARNING] - [SELF-HEALING] The current locator of test object 'Object Repository/Page_Dashboard/a_3 weeks for Tet' was broken. Propose an alternative one: '//a[contains(text(),'3 weeks for Tet')]'.

2022-01-16 00:19:27 - [MESSAGE][PASSED] - Object: 'Object Repository/Page_Dashboard/a_3 weeks for Tet' is clicked on

2022-01-16 00:19:27 - [TEST_STEP][PASSED] - closeBrowser(): Browser is closed

2022-01-16 00:19:28 - [MESSAGE][PASSED] - Browser is closed]]></system-out>
         <system-err><![CDATA[]]></system-err>
      </testcase>
      <testcase name="Test Cases/test case 30" time="267.039" classname="Test Cases/test case 30" status="PASSED">
         <system-out><![CDATA[2022-01-16 00:19:28 - [TEST_CASE][PASSED] - Test Cases/test case 30: Test Cases/test case 30

2022-01-16 00:19:28 - [TEST_STEP][PASSED] - openBrowser(""): Browser is opened with url: ''

2022-01-16 00:19:28 - [MESSAGE][INFO] - Starting 'Chrome' driver

2022-01-16 00:19:28 - [MESSAGE][INFO] - Action delay is set to 0 milliseconds

2022-01-16 00:19:30 - [MESSAGE][PASSED] - Browser is opened with url: ''

2022-01-16 00:19:30 - [TEST_STEP][PASSED] - navigateToUrl("http://localhost/"): Navigate to 'http://localhost/' successfully

2022-01-16 00:19:31 - [MESSAGE][PASSED] - Navigate to 'http://localhost/' successfully

2022-01-16 00:19:31 - [TEST_STEP][PASSED] - click(findTestObject("Object Repository/Page_Moodle/a_Log in")): Object: 'Object Repository/Page_Moodle/a_Log in' is clicked on

2022-01-16 00:19:32 - [MESSAGE][PASSED] - Object: 'Object Repository/Page_Moodle/a_Log in' is clicked on

2022-01-16 00:19:32 - [TEST_STEP][PASSED] - setText(findTestObject("Object Repository/Page_Moodle Log in to the site/input_Username_username"), "nmthu"): Text 'nmthu' is set on object 'Object Repository/Page_Moodle Log in to the site/input_Username_username'

2022-01-16 00:19:33 - [MESSAGE][PASSED] - Text 'nmthu' is set on object 'Object Repository/Page_Moodle Log in to the site/input_Username_username'

2022-01-16 00:19:33 - [TEST_STEP][PASSED] - setEncryptedText(findTestObject("Object Repository/Page_Moodle Log in to the site/input_Password_password"), "zm/yZ1suVYniggK+4Jo9ew=="): Text ****** has been set on object 'Object Repository/Page_Moodle Log in to the site/input_Password_password'

2022-01-16 00:19:33 - [MESSAGE][PASSED] - Text ****** has been set on object 'Object Repository/Page_Moodle Log in to the site/input_Password_password'

2022-01-16 00:19:33 - [TEST_STEP][PASSED] - click(findTestObject("Object Repository/Page_Moodle Log in to the site/button_Log in")): Object: 'Object Repository/Page_Moodle Log in to the site/button_Log in' is clicked on

2022-01-16 00:19:35 - [MESSAGE][PASSED] - Object: 'Object Repository/Page_Moodle Log in to the site/button_Log in' is clicked on

2022-01-16 00:19:35 - [TEST_STEP][PASSED] - click(findTestObject("Object Repository/Page_Dashboard/span_Calendar")): Object: 'Object Repository/Page_Dashboard/span_Calendar' is clicked on

2022-01-16 00:19:36 - [MESSAGE][PASSED] - Object: 'Object Repository/Page_Dashboard/span_Calendar' is clicked on

2022-01-16 00:19:36 - [TEST_STEP][PASSED] - focus(findTestObject("Page_Mood Calendar Detailed month view Janu_18fc56/button_New event")): Object: 'Object Repository/Page_Mood Calendar Detailed month view Janu_18fc56/button_New event' is focused

2022-01-16 00:20:08 - [MESSAGE][INFO] - Unable to find the element located by 'By.xpath: //div[@id='calendar-month-61e2c4d64109f61e2c4d60f67516']/div/button'. Please recheck the objects properties to make sure the desired element is located. 

2022-01-16 00:20:08 - [MESSAGE][WARNING] - [SELF-HEALING] Failed to find element with id 'Object Repository/Page_Mood Calendar Detailed month view Janu_18fc56/button_New event'. Try using Self-healing.

2022-01-16 00:20:08 - [MESSAGE][WARNING] - [SELF-HEALING] The current locator of test object 'Object Repository/Page_Mood Calendar Detailed month view Janu_18fc56/button_New event' was broken. Propose an alternative one: '(.//*[normalize-space(text()) and normalize-space(.)='List of courses'])[1]/following::button[1]'.

2022-01-16 00:20:08 - [MESSAGE][PASSED] - Object: 'Object Repository/Page_Mood Calendar Detailed month view Janu_18fc56/button_New event' is focused

2022-01-16 00:20:08 - [TEST_STEP][PASSED] - click(findTestObject("Object Repository/Page_Mood Calendar Detailed month view Janu_18fc56/button_New event")): Object: 'Object Repository/Page_Mood Calendar Detailed month view Janu_18fc56/button_New event' is clicked on

2022-01-16 00:20:39 - [MESSAGE][INFO] - Unable to find the element located by 'By.xpath: //div[@id='calendar-month-61e2c4d64109f61e2c4d60f67516']/div/button'. Please recheck the objects properties to make sure the desired element is located. 

2022-01-16 00:20:39 - [MESSAGE][WARNING] - [SELF-HEALING] Failed to find element with id 'Object Repository/Page_Mood Calendar Detailed month view Janu_18fc56/button_New event'. Try using Self-healing.

2022-01-16 00:20:39 - [MESSAGE][WARNING] - [SELF-HEALING] The current locator of test object 'Object Repository/Page_Mood Calendar Detailed month view Janu_18fc56/button_New event' was broken. Propose an alternative one: '(.//*[normalize-space(text()) and normalize-space(.)='List of courses'])[1]/following::button[1]'.

2022-01-16 00:20:39 - [MESSAGE][PASSED] - Object: 'Object Repository/Page_Mood Calendar Detailed month view Janu_18fc56/button_New event' is clicked on

2022-01-16 00:20:39 - [TEST_STEP][PASSED] - setText(findTestObject("Object Repository/Page_Mood Calendar Detailed month view Janu_18fc56/input_Event title_name"), "Festival at uni"): Text 'Festival at uni' is set on object 'Object Repository/Page_Mood Calendar Detailed month view Janu_18fc56/input_Event title_name'

2022-01-16 00:20:41 - [MESSAGE][PASSED] - Text 'Festival at uni' is set on object 'Object Repository/Page_Mood Calendar Detailed month view Janu_18fc56/input_Event title_name'

2022-01-16 00:20:41 - [TEST_STEP][PASSED] - selectOptionByValue(findTestObject("Object Repository/Page_Mood Calendar Detailed month view Janu_18fc56/select_1        2        3        4        _45ea30"), "26", true): All options with value '26' are selected in object 'Object Repository/Page_Mood Calendar Detailed month view Janu_18fc56/select_1        2        3        4        _45ea30'  using regular expression

2022-01-16 00:20:43 - [MESSAGE][PASSED] - All options with value '26' are selected in object 'Object Repository/Page_Mood Calendar Detailed month view Janu_18fc56/select_1        2        3        4        _45ea30'  using regular expression

2022-01-16 00:20:43 - [TEST_STEP][PASSED] - click(findTestObject("Object Repository/Page_Mood Calendar Detailed month view Janu_18fc56/button_Save")): Object: 'Object Repository/Page_Mood Calendar Detailed month view Janu_18fc56/button_Save' is clicked on

2022-01-16 00:21:14 - [MESSAGE][INFO] - Unable to find the element located by 'By.xpath: //button[@id='yui_3_17_2_1_1642251478287_1318']'. Please recheck the objects properties to make sure the desired element is located. 

2022-01-16 00:21:14 - [MESSAGE][WARNING] - [SELF-HEALING] Failed to find element with id 'Object Repository/Page_Mood Calendar Detailed month view Janu_18fc56/button_Save'. Try using Self-healing.

2022-01-16 00:21:14 - [MESSAGE][WARNING] - [SELF-HEALING] The current locator of test object 'Object Repository/Page_Mood Calendar Detailed month view Janu_18fc56/button_Save' was broken. Propose an alternative one: '(.//*[normalize-space(text()) and normalize-space(.)='Repeat weekly, creating altogether'])[1]/following::button[1]'.

2022-01-16 00:21:14 - [MESSAGE][PASSED] - Object: 'Object Repository/Page_Mood Calendar Detailed month view Janu_18fc56/button_Save' is clicked on

2022-01-16 00:21:14 - [TEST_STEP][PASSED] - verifyElementVisible(findTestObject("Object Repository/Page_Mood Calendar Detailed month view Janu_18fc56/a_Festival at uni")): Object 'Object Repository/Page_Mood Calendar Detailed month view Janu_18fc56/a_Festival at uni' is visible

2022-01-16 00:21:46 - [MESSAGE][INFO] - Unable to find the element located by 'By.xpath: //a[@id='yui_3_17_2_1_1642219203535_1975']'. Please recheck the objects properties to make sure the desired element is located. 

2022-01-16 00:21:46 - [MESSAGE][WARNING] - [SELF-HEALING] Failed to find element with id 'Object Repository/Page_Mood Calendar Detailed month view Janu_18fc56/a_Festival at uni'. Try using Self-healing.

2022-01-16 00:21:46 - [MESSAGE][WARNING] - [SELF-HEALING] The current locator of test object 'Object Repository/Page_Mood Calendar Detailed month view Janu_18fc56/a_Festival at uni' was broken. Propose an alternative one: '(.//*[normalize-space(text()) and normalize-space(.)='No events, Tuesday, 25 January'])[2]/following::a[2]'.

2022-01-16 00:21:46 - [MESSAGE][PASSED] - Object 'Object Repository/Page_Mood Calendar Detailed month view Janu_18fc56/a_Festival at uni' is visible

2022-01-16 00:21:46 - [TEST_STEP][PASSED] - click(findTestObject("Object Repository/Page_Mood Calendar Detailed month view Janu_18fc56/a_Festival at uni")): Object: 'Object Repository/Page_Mood Calendar Detailed month view Janu_18fc56/a_Festival at uni' is clicked on

2022-01-16 00:22:17 - [MESSAGE][INFO] - Unable to find the element located by 'By.xpath: //a[@id='yui_3_17_2_1_1642219203535_1975']'. Please recheck the objects properties to make sure the desired element is located. 

2022-01-16 00:22:17 - [MESSAGE][WARNING] - [SELF-HEALING] Failed to find element with id 'Object Repository/Page_Mood Calendar Detailed month view Janu_18fc56/a_Festival at uni'. Try using Self-healing.

2022-01-16 00:22:17 - [MESSAGE][WARNING] - [SELF-HEALING] The current locator of test object 'Object Repository/Page_Mood Calendar Detailed month view Janu_18fc56/a_Festival at uni' was broken. Propose an alternative one: '(.//*[normalize-space(text()) and normalize-space(.)='No events, Tuesday, 25 January'])[2]/following::a[2]'.

2022-01-16 00:22:17 - [MESSAGE][PASSED] - Object: 'Object Repository/Page_Mood Calendar Detailed month view Janu_18fc56/a_Festival at uni' is clicked on

2022-01-16 00:22:17 - [TEST_STEP][PASSED] - verifyElementClickable(findTestObject("Object Repository/Page_Mood Calendar Detailed month view Janu_18fc56/button_Delete")): Object 'Object Repository/Page_Mood Calendar Detailed month view Janu_18fc56/button_Delete' is clickable

2022-01-16 00:22:49 - [MESSAGE][INFO] - Unable to find the element located by 'By.xpath: //button[@id='yui_3_17_2_1_1642219203535_1997']'. Please recheck the objects properties to make sure the desired element is located. 

2022-01-16 00:22:49 - [MESSAGE][WARNING] - [SELF-HEALING] Failed to find element with id 'Object Repository/Page_Mood Calendar Detailed month view Janu_18fc56/button_Delete'. Try using Self-healing.

2022-01-16 00:22:50 - [MESSAGE][INFO] - Unable to find the element located by 'By.xpath: (.//*[normalize-space(text()) and normalize-space(.)='Introduction to Computer Science'])[3]/following::button[1]'. Please recheck the objects properties to make sure the desired element is located. 

2022-01-16 00:22:50 - [MESSAGE][WARNING] - [SELF-HEALING] The current locator of test object 'Object Repository/Page_Mood Calendar Detailed month view Janu_18fc56/button_Delete' was broken. Propose an alternative one: '(.//*[normalize-space(text()) and normalize-space(.)='User event'])[1]/following::button[1]'.

2022-01-16 00:22:50 - [MESSAGE][PASSED] - Object 'Object Repository/Page_Mood Calendar Detailed month view Janu_18fc56/button_Delete' is clickable

2022-01-16 00:22:50 - [TEST_STEP][PASSED] - click(findTestObject("Object Repository/Page_Mood Calendar Detailed month view Janu_18fc56/button_Delete")): Object: 'Object Repository/Page_Mood Calendar Detailed month view Janu_18fc56/button_Delete' is clicked on

2022-01-16 00:23:21 - [MESSAGE][INFO] - Unable to find the element located by 'By.xpath: //button[@id='yui_3_17_2_1_1642219203535_1997']'. Please recheck the objects properties to make sure the desired element is located. 

2022-01-16 00:23:21 - [MESSAGE][WARNING] - [SELF-HEALING] Failed to find element with id 'Object Repository/Page_Mood Calendar Detailed month view Janu_18fc56/button_Delete'. Try using Self-healing.

2022-01-16 00:23:22 - [MESSAGE][INFO] - Unable to find the element located by 'By.xpath: (.//*[normalize-space(text()) and normalize-space(.)='Introduction to Computer Science'])[3]/following::button[1]'. Please recheck the objects properties to make sure the desired element is located. 

2022-01-16 00:23:23 - [MESSAGE][WARNING] - [SELF-HEALING] The current locator of test object 'Object Repository/Page_Mood Calendar Detailed month view Janu_18fc56/button_Delete' was broken. Propose an alternative one: '(.//*[normalize-space(text()) and normalize-space(.)='User event'])[1]/following::button[1]'.

2022-01-16 00:23:23 - [MESSAGE][PASSED] - Object: 'Object Repository/Page_Mood Calendar Detailed month view Janu_18fc56/button_Delete' is clicked on

2022-01-16 00:23:23 - [TEST_STEP][PASSED] - click(findTestObject("Object Repository/Page_Mood Calendar Detailed month view Janu_18fc56/button_Delete event")): Object: 'Object Repository/Page_Mood Calendar Detailed month view Janu_18fc56/button_Delete event' is clicked on

2022-01-16 00:23:54 - [MESSAGE][INFO] - Unable to find the element located by 'By.xpath: //button[@id='yui_3_17_2_1_1642219203535_2017']'. Please recheck the objects properties to make sure the desired element is located. 

2022-01-16 00:23:54 - [MESSAGE][WARNING] - [SELF-HEALING] Failed to find element with id 'Object Repository/Page_Mood Calendar Detailed month view Janu_18fc56/button_Delete event'. Try using Self-healing.

2022-01-16 00:23:54 - [MESSAGE][WARNING] - [SELF-HEALING] The current locator of test object 'Object Repository/Page_Mood Calendar Detailed month view Janu_18fc56/button_Delete event' was broken. Propose an alternative one: '(.//*[normalize-space(text()) and normalize-space(.)=concat('Are you sure you want to delete the ', '"', 'Festival at uni', '"', ' event?')])[1]/following::button[1]'.

2022-01-16 00:23:54 - [MESSAGE][PASSED] - Object: 'Object Repository/Page_Mood Calendar Detailed month view Janu_18fc56/button_Delete event' is clicked on

2022-01-16 00:23:54 - [TEST_STEP][PASSED] - closeBrowser(): Browser is closed

2022-01-16 00:23:55 - [MESSAGE][PASSED] - Browser is closed]]></system-out>
         <system-err><![CDATA[]]></system-err>
      </testcase>
      <testcase name="Test Cases/test case 31" time="236.806" classname="Test Cases/test case 31" status="PASSED">
         <system-out><![CDATA[2022-01-16 00:23:55 - [TEST_CASE][PASSED] - Test Cases/test case 31: Test Cases/test case 31

2022-01-16 00:23:55 - [TEST_STEP][PASSED] - openBrowser(""): Browser is opened with url: ''

2022-01-16 00:23:55 - [MESSAGE][INFO] - Starting 'Chrome' driver

2022-01-16 00:23:55 - [MESSAGE][INFO] - Action delay is set to 0 milliseconds

2022-01-16 00:23:57 - [MESSAGE][PASSED] - Browser is opened with url: ''

2022-01-16 00:23:57 - [TEST_STEP][PASSED] - navigateToUrl("http://localhost/"): Navigate to 'http://localhost/' successfully

2022-01-16 00:23:58 - [MESSAGE][PASSED] - Navigate to 'http://localhost/' successfully

2022-01-16 00:23:58 - [TEST_STEP][PASSED] - click(findTestObject("Object Repository/Page_Moodle/a_Log in")): Object: 'Object Repository/Page_Moodle/a_Log in' is clicked on

2022-01-16 00:23:59 - [MESSAGE][PASSED] - Object: 'Object Repository/Page_Moodle/a_Log in' is clicked on

2022-01-16 00:23:59 - [TEST_STEP][PASSED] - setText(findTestObject("Object Repository/Page_Moodle Log in to the site/input_Username_username"), "nmthu"): Text 'nmthu' is set on object 'Object Repository/Page_Moodle Log in to the site/input_Username_username'

2022-01-16 00:24:00 - [MESSAGE][PASSED] - Text 'nmthu' is set on object 'Object Repository/Page_Moodle Log in to the site/input_Username_username'

2022-01-16 00:24:00 - [TEST_STEP][PASSED] - setEncryptedText(findTestObject("Object Repository/Page_Moodle Log in to the site/input_Password_password"), "zm/yZ1suVYniggK+4Jo9ew=="): Text ****** has been set on object 'Object Repository/Page_Moodle Log in to the site/input_Password_password'

2022-01-16 00:24:00 - [MESSAGE][PASSED] - Text ****** has been set on object 'Object Repository/Page_Moodle Log in to the site/input_Password_password'

2022-01-16 00:24:00 - [TEST_STEP][PASSED] - click(findTestObject("Object Repository/Page_Moodle Log in to the site/button_Log in")): Object: 'Object Repository/Page_Moodle Log in to the site/button_Log in' is clicked on

2022-01-16 00:24:02 - [MESSAGE][PASSED] - Object: 'Object Repository/Page_Moodle Log in to the site/button_Log in' is clicked on

2022-01-16 00:24:02 - [TEST_STEP][PASSED] - verifyElementVisible(findTestObject("Object Repository/Page_Dashboard/div_Calendar                               _78b00d")): Object 'Object Repository/Page_Dashboard/div_Calendar                               _78b00d' is visible

2022-01-16 00:24:03 - [MESSAGE][PASSED] - Object 'Object Repository/Page_Dashboard/div_Calendar                               _78b00d' is visible

2022-01-16 00:24:03 - [TEST_STEP][PASSED] - click(findTestObject("Object Repository/Page_Dashboard/a_January 2022")): Object: 'Object Repository/Page_Dashboard/a_January 2022' is clicked on

2022-01-16 00:24:04 - [MESSAGE][PASSED] - Object: 'Object Repository/Page_Dashboard/a_January 2022' is clicked on

2022-01-16 00:24:04 - [TEST_STEP][PASSED] - click(findTestObject("Object Repository/Page_Mood Calendar Detailed month view Janu_18fc56/button_New event")): Object: 'Object Repository/Page_Mood Calendar Detailed month view Janu_18fc56/button_New event' is clicked on

2022-01-16 00:24:36 - [MESSAGE][INFO] - Unable to find the element located by 'By.xpath: //div[@id='calendar-month-61e2c4d64109f61e2c4d60f67516']/div/button'. Please recheck the objects properties to make sure the desired element is located. 

2022-01-16 00:24:36 - [MESSAGE][WARNING] - [SELF-HEALING] Failed to find element with id 'Object Repository/Page_Mood Calendar Detailed month view Janu_18fc56/button_New event'. Try using Self-healing.

2022-01-16 00:24:36 - [MESSAGE][WARNING] - [SELF-HEALING] The current locator of test object 'Object Repository/Page_Mood Calendar Detailed month view Janu_18fc56/button_New event' was broken. Propose an alternative one: '(.//*[normalize-space(text()) and normalize-space(.)='List of courses'])[1]/following::button[1]'.

2022-01-16 00:24:36 - [MESSAGE][PASSED] - Object: 'Object Repository/Page_Mood Calendar Detailed month view Janu_18fc56/button_New event' is clicked on

2022-01-16 00:24:36 - [TEST_STEP][PASSED] - setText(findTestObject("Object Repository/Page_Mood Calendar Detailed month view Janu_18fc56/input_Event title_name"), "Festival at uni"): Text 'Festival at uni' is set on object 'Object Repository/Page_Mood Calendar Detailed month view Janu_18fc56/input_Event title_name'

2022-01-16 00:24:38 - [MESSAGE][PASSED] - Text 'Festival at uni' is set on object 'Object Repository/Page_Mood Calendar Detailed month view Janu_18fc56/input_Event title_name'

2022-01-16 00:24:38 - [TEST_STEP][PASSED] - selectOptionByValue(findTestObject("Object Repository/Page_Mood Calendar Detailed month view Janu_18fc56/select_1        2        3        4        _45ea30"), "26", true): All options with value '26' are selected in object 'Object Repository/Page_Mood Calendar Detailed month view Janu_18fc56/select_1        2        3        4        _45ea30'  using regular expression

2022-01-16 00:24:39 - [MESSAGE][PASSED] - All options with value '26' are selected in object 'Object Repository/Page_Mood Calendar Detailed month view Janu_18fc56/select_1        2        3        4        _45ea30'  using regular expression

2022-01-16 00:24:39 - [TEST_STEP][PASSED] - click(findTestObject("Object Repository/Page_Mood Calendar Detailed month view Janu_18fc56/button_Save")): Object: 'Object Repository/Page_Mood Calendar Detailed month view Janu_18fc56/button_Save' is clicked on

2022-01-16 00:25:11 - [MESSAGE][INFO] - Unable to find the element located by 'By.xpath: //button[@id='yui_3_17_2_1_1642251478287_1318']'. Please recheck the objects properties to make sure the desired element is located. 

2022-01-16 00:25:11 - [MESSAGE][WARNING] - [SELF-HEALING] Failed to find element with id 'Object Repository/Page_Mood Calendar Detailed month view Janu_18fc56/button_Save'. Try using Self-healing.

2022-01-16 00:25:11 - [MESSAGE][WARNING] - [SELF-HEALING] The current locator of test object 'Object Repository/Page_Mood Calendar Detailed month view Janu_18fc56/button_Save' was broken. Propose an alternative one: '(.//*[normalize-space(text()) and normalize-space(.)='Repeat weekly, creating altogether'])[1]/following::button[1]'.

2022-01-16 00:25:11 - [MESSAGE][PASSED] - Object: 'Object Repository/Page_Mood Calendar Detailed month view Janu_18fc56/button_Save' is clicked on

2022-01-16 00:25:11 - [TEST_STEP][PASSED] - verifyElementVisible(findTestObject("Object Repository/Page_Mood Calendar Detailed month view Janu_18fc56/a_Festival at uni")): Object 'Object Repository/Page_Mood Calendar Detailed month view Janu_18fc56/a_Festival at uni' is visible

2022-01-16 00:25:42 - [MESSAGE][INFO] - Unable to find the element located by 'By.xpath: //a[@id='yui_3_17_2_1_1642219203535_1975']'. Please recheck the objects properties to make sure the desired element is located. 

2022-01-16 00:25:42 - [MESSAGE][WARNING] - [SELF-HEALING] Failed to find element with id 'Object Repository/Page_Mood Calendar Detailed month view Janu_18fc56/a_Festival at uni'. Try using Self-healing.

2022-01-16 00:25:42 - [MESSAGE][WARNING] - [SELF-HEALING] The current locator of test object 'Object Repository/Page_Mood Calendar Detailed month view Janu_18fc56/a_Festival at uni' was broken. Propose an alternative one: '(.//*[normalize-space(text()) and normalize-space(.)='No events, Tuesday, 25 January'])[2]/following::a[2]'.

2022-01-16 00:25:42 - [MESSAGE][PASSED] - Object 'Object Repository/Page_Mood Calendar Detailed month view Janu_18fc56/a_Festival at uni' is visible

2022-01-16 00:25:42 - [TEST_STEP][PASSED] - click(findTestObject("Object Repository/Page_Mood Calendar Detailed month view Janu_18fc56/a_Festival at uni")): Object: 'Object Repository/Page_Mood Calendar Detailed month view Janu_18fc56/a_Festival at uni' is clicked on

2022-01-16 00:26:14 - [MESSAGE][INFO] - Unable to find the element located by 'By.xpath: //a[@id='yui_3_17_2_1_1642219203535_1975']'. Please recheck the objects properties to make sure the desired element is located. 

2022-01-16 00:26:14 - [MESSAGE][WARNING] - [SELF-HEALING] Failed to find element with id 'Object Repository/Page_Mood Calendar Detailed month view Janu_18fc56/a_Festival at uni'. Try using Self-healing.

2022-01-16 00:26:14 - [MESSAGE][WARNING] - [SELF-HEALING] The current locator of test object 'Object Repository/Page_Mood Calendar Detailed month view Janu_18fc56/a_Festival at uni' was broken. Propose an alternative one: '(.//*[normalize-space(text()) and normalize-space(.)='No events, Tuesday, 25 January'])[2]/following::a[2]'.

2022-01-16 00:26:14 - [MESSAGE][PASSED] - Object: 'Object Repository/Page_Mood Calendar Detailed month view Janu_18fc56/a_Festival at uni' is clicked on

2022-01-16 00:26:14 - [TEST_STEP][PASSED] - verifyElementClickable(findTestObject("Object Repository/Page_Mood Calendar Detailed month view Janu_18fc56/button_Delete")): Object 'Object Repository/Page_Mood Calendar Detailed month view Janu_18fc56/button_Delete' is clickable

2022-01-16 00:26:45 - [MESSAGE][INFO] - Unable to find the element located by 'By.xpath: //button[@id='yui_3_17_2_1_1642219203535_1997']'. Please recheck the objects properties to make sure the desired element is located. 

2022-01-16 00:26:45 - [MESSAGE][WARNING] - [SELF-HEALING] Failed to find element with id 'Object Repository/Page_Mood Calendar Detailed month view Janu_18fc56/button_Delete'. Try using Self-healing.

2022-01-16 00:26:46 - [MESSAGE][INFO] - Unable to find the element located by 'By.xpath: (.//*[normalize-space(text()) and normalize-space(.)='Introduction to Computer Science'])[3]/following::button[1]'. Please recheck the objects properties to make sure the desired element is located. 

2022-01-16 00:26:47 - [MESSAGE][WARNING] - [SELF-HEALING] The current locator of test object 'Object Repository/Page_Mood Calendar Detailed month view Janu_18fc56/button_Delete' was broken. Propose an alternative one: '(.//*[normalize-space(text()) and normalize-space(.)='User event'])[1]/following::button[1]'.

2022-01-16 00:26:47 - [MESSAGE][PASSED] - Object 'Object Repository/Page_Mood Calendar Detailed month view Janu_18fc56/button_Delete' is clickable

2022-01-16 00:26:47 - [TEST_STEP][PASSED] - click(findTestObject("Object Repository/Page_Mood Calendar Detailed month view Janu_18fc56/button_Delete")): Object: 'Object Repository/Page_Mood Calendar Detailed month view Janu_18fc56/button_Delete' is clicked on

2022-01-16 00:27:18 - [MESSAGE][INFO] - Unable to find the element located by 'By.xpath: //button[@id='yui_3_17_2_1_1642219203535_1997']'. Please recheck the objects properties to make sure the desired element is located. 

2022-01-16 00:27:18 - [MESSAGE][WARNING] - [SELF-HEALING] Failed to find element with id 'Object Repository/Page_Mood Calendar Detailed month view Janu_18fc56/button_Delete'. Try using Self-healing.

2022-01-16 00:27:19 - [MESSAGE][INFO] - Unable to find the element located by 'By.xpath: (.//*[normalize-space(text()) and normalize-space(.)='Introduction to Computer Science'])[3]/following::button[1]'. Please recheck the objects properties to make sure the desired element is located. 

2022-01-16 00:27:19 - [MESSAGE][WARNING] - [SELF-HEALING] The current locator of test object 'Object Repository/Page_Mood Calendar Detailed month view Janu_18fc56/button_Delete' was broken. Propose an alternative one: '(.//*[normalize-space(text()) and normalize-space(.)='User event'])[1]/following::button[1]'.

2022-01-16 00:27:19 - [MESSAGE][PASSED] - Object: 'Object Repository/Page_Mood Calendar Detailed month view Janu_18fc56/button_Delete' is clicked on

2022-01-16 00:27:19 - [TEST_STEP][PASSED] - click(findTestObject("Object Repository/Page_Mood Calendar Detailed month view Janu_18fc56/button_Delete event")): Object: 'Object Repository/Page_Mood Calendar Detailed month view Janu_18fc56/button_Delete event' is clicked on

2022-01-16 00:27:51 - [MESSAGE][INFO] - Unable to find the element located by 'By.xpath: //button[@id='yui_3_17_2_1_1642219203535_2017']'. Please recheck the objects properties to make sure the desired element is located. 

2022-01-16 00:27:51 - [MESSAGE][WARNING] - [SELF-HEALING] Failed to find element with id 'Object Repository/Page_Mood Calendar Detailed month view Janu_18fc56/button_Delete event'. Try using Self-healing.

2022-01-16 00:27:51 - [MESSAGE][WARNING] - [SELF-HEALING] The current locator of test object 'Object Repository/Page_Mood Calendar Detailed month view Janu_18fc56/button_Delete event' was broken. Propose an alternative one: '(.//*[normalize-space(text()) and normalize-space(.)=concat('Are you sure you want to delete the ', '"', 'Festival at uni', '"', ' event?')])[1]/following::button[1]'.

2022-01-16 00:27:51 - [MESSAGE][PASSED] - Object: 'Object Repository/Page_Mood Calendar Detailed month view Janu_18fc56/button_Delete event' is clicked on

2022-01-16 00:27:51 - [TEST_STEP][PASSED] - closeBrowser(): Browser is closed

2022-01-16 00:27:52 - [MESSAGE][PASSED] - Browser is closed]]></system-out>
         <system-err><![CDATA[]]></system-err>
      </testcase>
      <testcase name="Test Cases/test case 32" time="104.945" classname="Test Cases/test case 32" status="PASSED">
         <system-out><![CDATA[2022-01-16 00:27:52 - [TEST_CASE][PASSED] - Test Cases/test case 32: Test Cases/test case 32

2022-01-16 00:27:52 - [TEST_STEP][PASSED] - openBrowser(""): Browser is opened with url: ''

2022-01-16 00:27:52 - [MESSAGE][INFO] - Starting 'Chrome' driver

2022-01-16 00:27:52 - [MESSAGE][INFO] - Action delay is set to 0 milliseconds

2022-01-16 00:27:54 - [MESSAGE][PASSED] - Browser is opened with url: ''

2022-01-16 00:27:54 - [TEST_STEP][PASSED] - navigateToUrl("http://localhost/"): Navigate to 'http://localhost/' successfully

2022-01-16 00:27:55 - [MESSAGE][PASSED] - Navigate to 'http://localhost/' successfully

2022-01-16 00:27:55 - [TEST_STEP][PASSED] - click(findTestObject("Object Repository/Page_Moodle/a_Log in")): Object: 'Object Repository/Page_Moodle/a_Log in' is clicked on

2022-01-16 00:27:56 - [MESSAGE][PASSED] - Object: 'Object Repository/Page_Moodle/a_Log in' is clicked on

2022-01-16 00:27:56 - [TEST_STEP][PASSED] - setText(findTestObject("Object Repository/Page_Moodle Log in to the site/input_Username_username"), "nmthu"): Text 'nmthu' is set on object 'Object Repository/Page_Moodle Log in to the site/input_Username_username'

2022-01-16 00:27:57 - [MESSAGE][PASSED] - Text 'nmthu' is set on object 'Object Repository/Page_Moodle Log in to the site/input_Username_username'

2022-01-16 00:27:57 - [TEST_STEP][PASSED] - setEncryptedText(findTestObject("Object Repository/Page_Moodle Log in to the site/input_Password_password"), "zm/yZ1suVYniggK+4Jo9ew=="): Text ****** has been set on object 'Object Repository/Page_Moodle Log in to the site/input_Password_password'

2022-01-16 00:27:57 - [MESSAGE][PASSED] - Text ****** has been set on object 'Object Repository/Page_Moodle Log in to the site/input_Password_password'

2022-01-16 00:27:57 - [TEST_STEP][PASSED] - click(findTestObject("Object Repository/Page_Moodle Log in to the site/button_Log in")): Object: 'Object Repository/Page_Moodle Log in to the site/button_Log in' is clicked on

2022-01-16 00:27:59 - [MESSAGE][PASSED] - Object: 'Object Repository/Page_Moodle Log in to the site/button_Log in' is clicked on

2022-01-16 00:27:59 - [TEST_STEP][PASSED] - verifyElementVisible(findTestObject("Object Repository/Page_Dashboard/div_Calendar                               _78b00d")): Object 'Object Repository/Page_Dashboard/div_Calendar                               _78b00d' is visible

2022-01-16 00:28:00 - [MESSAGE][PASSED] - Object 'Object Repository/Page_Dashboard/div_Calendar                               _78b00d' is visible

2022-01-16 00:28:00 - [TEST_STEP][PASSED] - click(findTestObject("Object Repository/Page_Dashboard/a_January 2022")): Object: 'Object Repository/Page_Dashboard/a_January 2022' is clicked on

2022-01-16 00:28:02 - [MESSAGE][PASSED] - Object: 'Object Repository/Page_Dashboard/a_January 2022' is clicked on

2022-01-16 00:28:02 - [TEST_STEP][PASSED] - click(findTestObject("Object Repository/Page_Mood Calendar Detailed month view Janu_18fc56/button_New event")): Object: 'Object Repository/Page_Mood Calendar Detailed month view Janu_18fc56/button_New event' is clicked on

2022-01-16 00:28:33 - [MESSAGE][INFO] - Unable to find the element located by 'By.xpath: //div[@id='calendar-month-61e2c4d64109f61e2c4d60f67516']/div/button'. Please recheck the objects properties to make sure the desired element is located. 

2022-01-16 00:28:33 - [MESSAGE][WARNING] - [SELF-HEALING] Failed to find element with id 'Object Repository/Page_Mood Calendar Detailed month view Janu_18fc56/button_New event'. Try using Self-healing.

2022-01-16 00:28:33 - [MESSAGE][WARNING] - [SELF-HEALING] The current locator of test object 'Object Repository/Page_Mood Calendar Detailed month view Janu_18fc56/button_New event' was broken. Propose an alternative one: '(.//*[normalize-space(text()) and normalize-space(.)='List of courses'])[1]/following::button[1]'.

2022-01-16 00:28:33 - [MESSAGE][PASSED] - Object: 'Object Repository/Page_Mood Calendar Detailed month view Janu_18fc56/button_New event' is clicked on

2022-01-16 00:28:33 - [TEST_STEP][PASSED] - verifyElementText(findTestObject("Object Repository/Page_Mood Calendar Detailed month view Janu_18fc56/button_Save"), "Save"): Actual text and expected text of test object 'Object Repository/Page_Mood Calendar Detailed month view Janu_18fc56/button_Save' are matched.

2022-01-16 00:29:04 - [MESSAGE][INFO] - Unable to find the element located by 'By.xpath: //button[@id='yui_3_17_2_1_1642251478287_1318']'. Please recheck the objects properties to make sure the desired element is located. 

2022-01-16 00:29:04 - [MESSAGE][WARNING] - [SELF-HEALING] Failed to find element with id 'Object Repository/Page_Mood Calendar Detailed month view Janu_18fc56/button_Save'. Try using Self-healing.

2022-01-16 00:29:05 - [MESSAGE][WARNING] - [SELF-HEALING] The current locator of test object 'Object Repository/Page_Mood Calendar Detailed month view Janu_18fc56/button_Save' was broken. Propose an alternative one: '(.//*[normalize-space(text()) and normalize-space(.)='Repeat weekly, creating altogether'])[1]/following::button[1]'.

2022-01-16 00:29:05 - [MESSAGE][PASSED] - Actual text and expected text of test object 'Object Repository/Page_Mood Calendar Detailed month view Janu_18fc56/button_Save' are matched.

2022-01-16 00:29:05 - [TEST_STEP][PASSED] - click(findTestObject("Object Repository/Page_Mood Calendar Detailed month view Janu_18fc56/button_Save")): Object: 'Object Repository/Page_Mood Calendar Detailed month view Janu_18fc56/button_Save' is clicked on

2022-01-16 00:29:36 - [MESSAGE][INFO] - Unable to find the element located by 'By.xpath: //button[@id='yui_3_17_2_1_1642251478287_1318']'. Please recheck the objects properties to make sure the desired element is located. 

2022-01-16 00:29:36 - [MESSAGE][WARNING] - [SELF-HEALING] Failed to find element with id 'Object Repository/Page_Mood Calendar Detailed month view Janu_18fc56/button_Save'. Try using Self-healing.

2022-01-16 00:29:36 - [MESSAGE][WARNING] - [SELF-HEALING] The current locator of test object 'Object Repository/Page_Mood Calendar Detailed month view Janu_18fc56/button_Save' was broken. Propose an alternative one: '(.//*[normalize-space(text()) and normalize-space(.)='Repeat weekly, creating altogether'])[1]/following::button[1]'.

2022-01-16 00:29:36 - [MESSAGE][PASSED] - Object: 'Object Repository/Page_Mood Calendar Detailed month view Janu_18fc56/button_Save' is clicked on

2022-01-16 00:29:36 - [TEST_STEP][PASSED] - closeBrowser(): Browser is closed

2022-01-16 00:29:37 - [MESSAGE][PASSED] - Browser is closed]]></system-out>
         <system-err><![CDATA[]]></system-err>
      </testcase>
      <testcase name="Test Cases/test case 33" time="231.88" classname="Test Cases/test case 33" status="PASSED">
         <system-out><![CDATA[2022-01-16 00:29:37 - [TEST_CASE][PASSED] - Test Cases/test case 33: Test Cases/test case 33

2022-01-16 00:29:37 - [TEST_STEP][PASSED] - openBrowser(""): Browser is opened with url: ''

2022-01-16 00:29:37 - [MESSAGE][INFO] - Starting 'Chrome' driver

2022-01-16 00:29:37 - [MESSAGE][INFO] - Action delay is set to 0 milliseconds

2022-01-16 00:29:39 - [MESSAGE][PASSED] - Browser is opened with url: ''

2022-01-16 00:29:39 - [TEST_STEP][PASSED] - navigateToUrl("http://localhost/"): Navigate to 'http://localhost/' successfully

2022-01-16 00:29:40 - [MESSAGE][PASSED] - Navigate to 'http://localhost/' successfully

2022-01-16 00:29:40 - [TEST_STEP][PASSED] - click(findTestObject("Object Repository/Page_Moodle/a_Log in")): Object: 'Object Repository/Page_Moodle/a_Log in' is clicked on

2022-01-16 00:29:41 - [MESSAGE][PASSED] - Object: 'Object Repository/Page_Moodle/a_Log in' is clicked on

2022-01-16 00:29:41 - [TEST_STEP][PASSED] - setText(findTestObject("Object Repository/Page_Moodle Log in to the site/input_Username_username"), "nmthu"): Text 'nmthu' is set on object 'Object Repository/Page_Moodle Log in to the site/input_Username_username'

2022-01-16 00:29:42 - [MESSAGE][PASSED] - Text 'nmthu' is set on object 'Object Repository/Page_Moodle Log in to the site/input_Username_username'

2022-01-16 00:29:42 - [TEST_STEP][PASSED] - setEncryptedText(findTestObject("Object Repository/Page_Moodle Log in to the site/input_Password_password"), "zm/yZ1suVYniggK+4Jo9ew=="): Text ****** has been set on object 'Object Repository/Page_Moodle Log in to the site/input_Password_password'

2022-01-16 00:29:42 - [MESSAGE][PASSED] - Text ****** has been set on object 'Object Repository/Page_Moodle Log in to the site/input_Password_password'

2022-01-16 00:29:42 - [TEST_STEP][PASSED] - click(findTestObject("Object Repository/Page_Moodle Log in to the site/button_Log in")): Object: 'Object Repository/Page_Moodle Log in to the site/button_Log in' is clicked on

2022-01-16 00:29:44 - [MESSAGE][PASSED] - Object: 'Object Repository/Page_Moodle Log in to the site/button_Log in' is clicked on

2022-01-16 00:29:44 - [TEST_STEP][PASSED] - verifyElementVisible(findTestObject("Object Repository/Page_Dashboard/i_See all_icon fa fa-comment fa-fw")): Object 'Object Repository/Page_Dashboard/i_See all_icon fa fa-comment fa-fw' is visible

2022-01-16 00:30:15 - [MESSAGE][INFO] - Unable to find the element located by 'By.xpath: //a[@id='message-drawer-toggle-61e170f2da1f961e170f0da18a9']/i'. Please recheck the objects properties to make sure the desired element is located. 

2022-01-16 00:30:15 - [MESSAGE][WARNING] - [SELF-HEALING] Failed to find element with id 'Object Repository/Page_Dashboard/i_See all_icon fa fa-comment fa-fw'. Try using Self-healing.

2022-01-16 00:30:15 - [MESSAGE][INFO] - [SELF-HEALING] Failed Locator: '//a[@id='message-drawer-toggle-61e170f2da1f961e170f0da18a9']/i'.

2022-01-16 00:30:15 - [MESSAGE][INFO] - [SELF-HEALING] Working Locator: '//div[2]/a/i'.

2022-01-16 00:30:15 - [MESSAGE][INFO] - [SELF-HEALING] Screenshot: D:/Test-Automation-SE-Bonus/Test-Automation-SE-Bonus/Reports/Self-healing/Object Repository/Page_Dashboard/i_See all_icon fa fa-comment fa-fw_position.png

2022-01-16 00:30:15 - [MESSAGE][WARNING] - [SELF-HEALING] The current locator of test object 'Object Repository/Page_Dashboard/i_See all_icon fa fa-comment fa-fw' was broken. Propose an alternative one: '//div[2]/a/i'.

2022-01-16 00:30:15 - [MESSAGE][PASSED] - Object 'Object Repository/Page_Dashboard/i_See all_icon fa fa-comment fa-fw' is visible

2022-01-16 00:30:15 - [TEST_STEP][PASSED] - click(findTestObject("Object Repository/Page_Dashboard/i_See all_icon fa fa-comment fa-fw")): Object: 'Object Repository/Page_Dashboard/i_See all_icon fa fa-comment fa-fw' is clicked on

2022-01-16 00:30:47 - [MESSAGE][INFO] - Unable to find the element located by 'By.xpath: //a[@id='message-drawer-toggle-61e170f2da1f961e170f0da18a9']/i'. Please recheck the objects properties to make sure the desired element is located. 

2022-01-16 00:30:47 - [MESSAGE][WARNING] - [SELF-HEALING] Failed to find element with id 'Object Repository/Page_Dashboard/i_See all_icon fa fa-comment fa-fw'. Try using Self-healing.

2022-01-16 00:30:47 - [MESSAGE][WARNING] - [SELF-HEALING] The current locator of test object 'Object Repository/Page_Dashboard/i_See all_icon fa fa-comment fa-fw' was broken. Propose an alternative one: '//div[2]/a/i'.

2022-01-16 00:30:47 - [MESSAGE][PASSED] - Object: 'Object Repository/Page_Dashboard/i_See all_icon fa fa-comment fa-fw' is clicked on

2022-01-16 00:30:47 - [TEST_STEP][PASSED] - setText(findTestObject("Object Repository/Page_Dashboard/input_Messages selected_form-control"), "Nguyen Minh Thu"): Text 'Nguyen Minh Thu' is set on object 'Object Repository/Page_Dashboard/input_Messages selected_form-control'

2022-01-16 00:30:48 - [MESSAGE][PASSED] - Text 'Nguyen Minh Thu' is set on object 'Object Repository/Page_Dashboard/input_Messages selected_form-control'

2022-01-16 00:30:48 - [TEST_STEP][PASSED] - click(findTestObject("Object Repository/Page_Dashboard/i_Messages selected_icon fa fa-search fa-fw")): Object: 'Object Repository/Page_Dashboard/i_Messages selected_icon fa fa-search fa-fw' is clicked on

2022-01-16 00:31:19 - [MESSAGE][INFO] - Unable to find the element located by 'By.xpath: //div[@id='yui_3_17_2_1_1642164467055_202']/div[4]/div/div/div/button/span/i'. Please recheck the objects properties to make sure the desired element is located. 

2022-01-16 00:31:19 - [MESSAGE][WARNING] - [SELF-HEALING] Failed to find element with id 'Object Repository/Page_Dashboard/i_Messages selected_icon fa fa-search fa-fw'. Try using Self-healing.

2022-01-16 00:31:20 - [MESSAGE][INFO] - [SELF-HEALING] Failed Locator: '//div[@id='yui_3_17_2_1_1642164467055_202']/div[4]/div/div/div/button/span/i'.

2022-01-16 00:31:20 - [MESSAGE][INFO] - [SELF-HEALING] Working Locator: '//button/span/i'.

2022-01-16 00:31:20 - [MESSAGE][INFO] - [SELF-HEALING] Screenshot: D:/Test-Automation-SE-Bonus/Test-Automation-SE-Bonus/Reports/Self-healing/Object Repository/Page_Dashboard/i_Messages selected_icon fa fa-search fa-fw_position.png

2022-01-16 00:31:20 - [MESSAGE][WARNING] - [SELF-HEALING] The current locator of test object 'Object Repository/Page_Dashboard/i_Messages selected_icon fa fa-search fa-fw' was broken. Propose an alternative one: '//button/span/i'.

2022-01-16 00:31:20 - [MESSAGE][PASSED] - Object: 'Object Repository/Page_Dashboard/i_Messages selected_icon fa fa-search fa-fw' is clicked on

2022-01-16 00:31:20 - [TEST_STEP][PASSED] - click(findTestObject("Object Repository/Page_Dashboard/span_Nguyen Minh Thu")): Object: 'Object Repository/Page_Dashboard/span_Nguyen Minh Thu' is clicked on

2022-01-16 00:31:51 - [MESSAGE][INFO] - Unable to find the element located by 'By.xpath: //div[@id='yui_3_17_2_1_1642164467055_197']/div[6]/div/div/div/div[2]/div/a/h6/span'. Please recheck the objects properties to make sure the desired element is located. 

2022-01-16 00:31:51 - [MESSAGE][WARNING] - [SELF-HEALING] Failed to find element with id 'Object Repository/Page_Dashboard/span_Nguyen Minh Thu'. Try using Self-healing.

2022-01-16 00:31:52 - [MESSAGE][INFO] - [SELF-HEALING] Failed Locator: '//div[@id='yui_3_17_2_1_1642164467055_197']/div[6]/div/div/div/div[2]/div/a/h6/span'.

2022-01-16 00:31:52 - [MESSAGE][INFO] - [SELF-HEALING] Working Locator: '(.//*[normalize-space(text()) and normalize-space(.)='Non-contacts'])[1]/following::span[1]'.

2022-01-16 00:31:52 - [MESSAGE][INFO] - [SELF-HEALING] Screenshot: D:/Test-Automation-SE-Bonus/Test-Automation-SE-Bonus/Reports/Self-healing/Object Repository/Page_Dashboard/span_Nguyen Minh Thu_neighbor.png

2022-01-16 00:31:52 - [MESSAGE][WARNING] - [SELF-HEALING] The current locator of test object 'Object Repository/Page_Dashboard/span_Nguyen Minh Thu' was broken. Propose an alternative one: '(.//*[normalize-space(text()) and normalize-space(.)='Non-contacts'])[1]/following::span[1]'.

2022-01-16 00:31:52 - [MESSAGE][PASSED] - Object: 'Object Repository/Page_Dashboard/span_Nguyen Minh Thu' is clicked on

2022-01-16 00:31:52 - [TEST_STEP][PASSED] - setText(findTestObject("Object Repository/Page_Dashboard/textarea_Use enter to send_yui_3_17_2_1_164_3ccbd5"), "Hello"): Text 'Hello' is set on object 'Object Repository/Page_Dashboard/textarea_Use enter to send_yui_3_17_2_1_164_3ccbd5'

2022-01-16 00:32:23 - [MESSAGE][INFO] - Unable to find the element located by 'By.xpath: //textarea[@id='yui_3_17_2_1_1642164467055_223']'. Please recheck the objects properties to make sure the desired element is located. 

2022-01-16 00:32:23 - [MESSAGE][WARNING] - [SELF-HEALING] Failed to find element with id 'Object Repository/Page_Dashboard/textarea_Use enter to send_yui_3_17_2_1_164_3ccbd5'. Try using Self-healing.

2022-01-16 00:32:24 - [MESSAGE][INFO] - [SELF-HEALING] Failed Locator: '//textarea[@id='yui_3_17_2_1_1642164467055_223']'.

2022-01-16 00:32:24 - [MESSAGE][INFO] - [SELF-HEALING] Failed Locator: '//div[@id='yui_3_17_2_1_1642164467055_224']/textarea'.

2022-01-16 00:32:24 - [MESSAGE][INFO] - [SELF-HEALING] Working Locator: '//textarea'.

2022-01-16 00:32:24 - [MESSAGE][INFO] - [SELF-HEALING] Screenshot: D:/Test-Automation-SE-Bonus/Test-Automation-SE-Bonus/Reports/Self-healing/Object Repository/Page_Dashboard/textarea_Use enter to send_yui_3_17_2_1_164_3ccbd5_position.png

2022-01-16 00:32:24 - [MESSAGE][WARNING] - [SELF-HEALING] The current locator of test object 'Object Repository/Page_Dashboard/textarea_Use enter to send_yui_3_17_2_1_164_3ccbd5' was broken. Propose an alternative one: '//textarea'.

2022-01-16 00:32:56 - [MESSAGE][INFO] - Unable to find the element located by 'By.xpath: //textarea[@id='yui_3_17_2_1_1642164467055_223']'. Please recheck the objects properties to make sure the desired element is located. 

2022-01-16 00:32:56 - [MESSAGE][WARNING] - [SELF-HEALING] Failed to find element with id 'Object Repository/Page_Dashboard/textarea_Use enter to send_yui_3_17_2_1_164_3ccbd5'. Try using Self-healing.

2022-01-16 00:32:56 - [MESSAGE][WARNING] - [SELF-HEALING] The current locator of test object 'Object Repository/Page_Dashboard/textarea_Use enter to send_yui_3_17_2_1_164_3ccbd5' was broken. Propose an alternative one: '//textarea'.

2022-01-16 00:32:56 - [MESSAGE][PASSED] - Text 'Hello' is set on object 'Object Repository/Page_Dashboard/textarea_Use enter to send_yui_3_17_2_1_164_3ccbd5'

2022-01-16 00:32:56 - [TEST_STEP][PASSED] - click(findTestObject("Object Repository/Page_Dashboard/button__btn btn-link btn-icon icon-size-3 m_754a09")): Object: 'Object Repository/Page_Dashboard/button__btn btn-link btn-icon icon-size-3 m_754a09' is clicked on

2022-01-16 00:33:27 - [MESSAGE][INFO] - Unable to find the element located by 'By.xpath: //div[@id='yui_3_17_2_1_1642164467055_224']/div/button[2]'. Please recheck the objects properties to make sure the desired element is located. 

2022-01-16 00:33:27 - [MESSAGE][WARNING] - [SELF-HEALING] Failed to find element with id 'Object Repository/Page_Dashboard/button__btn btn-link btn-icon icon-size-3 m_754a09'. Try using Self-healing.

2022-01-16 00:33:27 - [MESSAGE][INFO] - [SELF-HEALING] Failed Locator: '//div[@id='yui_3_17_2_1_1642164467055_224']/div/button[2]'.

2022-01-16 00:33:28 - [MESSAGE][INFO] - [SELF-HEALING] Working Locator: '(.//*[normalize-space(text()) and normalize-space(.)='😠'])[1]/following::button[2]'.

2022-01-16 00:33:28 - [MESSAGE][INFO] - [SELF-HEALING] Screenshot: D:/Test-Automation-SE-Bonus/Test-Automation-SE-Bonus/Reports/Self-healing/Object Repository/Page_Dashboard/button__btn btn-link btn-icon icon-size-3 m_754a09_neighbor.png

2022-01-16 00:33:28 - [MESSAGE][WARNING] - [SELF-HEALING] The current locator of test object 'Object Repository/Page_Dashboard/button__btn btn-link btn-icon icon-size-3 m_754a09' was broken. Propose an alternative one: '(.//*[normalize-space(text()) and normalize-space(.)='😠'])[1]/following::button[2]'.

2022-01-16 00:33:28 - [MESSAGE][PASSED] - Object: 'Object Repository/Page_Dashboard/button__btn btn-link btn-icon icon-size-3 m_754a09' is clicked on

2022-01-16 00:33:28 - [TEST_STEP][PASSED] - closeBrowser(): Browser is closed

2022-01-16 00:33:29 - [MESSAGE][PASSED] - Browser is closed]]></system-out>
         <system-err><![CDATA[]]></system-err>
      </testcase>
      <testcase name="Test Cases/test case 34" time="167.73" classname="Test Cases/test case 34" status="PASSED">
         <system-out><![CDATA[2022-01-16 00:33:29 - [TEST_CASE][PASSED] - Test Cases/test case 34: Test Cases/test case 34

2022-01-16 00:33:29 - [TEST_STEP][PASSED] - openBrowser(""): Browser is opened with url: ''

2022-01-16 00:33:29 - [MESSAGE][INFO] - Starting 'Chrome' driver

2022-01-16 00:33:29 - [MESSAGE][INFO] - Action delay is set to 0 milliseconds

2022-01-16 00:33:30 - [MESSAGE][PASSED] - Browser is opened with url: ''

2022-01-16 00:33:30 - [TEST_STEP][PASSED] - navigateToUrl("http://localhost/"): Navigate to 'http://localhost/' successfully

2022-01-16 00:33:32 - [MESSAGE][PASSED] - Navigate to 'http://localhost/' successfully

2022-01-16 00:33:32 - [TEST_STEP][PASSED] - click(findTestObject("Object Repository/Page_Moodle/a_Log in")): Object: 'Object Repository/Page_Moodle/a_Log in' is clicked on

2022-01-16 00:33:33 - [MESSAGE][PASSED] - Object: 'Object Repository/Page_Moodle/a_Log in' is clicked on

2022-01-16 00:33:33 - [TEST_STEP][PASSED] - setText(findTestObject("Object Repository/Page_Moodle Log in to the site/input_Username_username"), "nmthu"): Text 'nmthu' is set on object 'Object Repository/Page_Moodle Log in to the site/input_Username_username'

2022-01-16 00:33:34 - [MESSAGE][PASSED] - Text 'nmthu' is set on object 'Object Repository/Page_Moodle Log in to the site/input_Username_username'

2022-01-16 00:33:34 - [TEST_STEP][PASSED] - setEncryptedText(findTestObject("Object Repository/Page_Moodle Log in to the site/input_Password_password"), "zm/yZ1suVYniggK+4Jo9ew=="): Text ****** has been set on object 'Object Repository/Page_Moodle Log in to the site/input_Password_password'

2022-01-16 00:33:34 - [MESSAGE][PASSED] - Text ****** has been set on object 'Object Repository/Page_Moodle Log in to the site/input_Password_password'

2022-01-16 00:33:34 - [TEST_STEP][PASSED] - click(findTestObject("Object Repository/Page_Moodle Log in to the site/button_Log in")): Object: 'Object Repository/Page_Moodle Log in to the site/button_Log in' is clicked on

2022-01-16 00:33:36 - [MESSAGE][PASSED] - Object: 'Object Repository/Page_Moodle Log in to the site/button_Log in' is clicked on

2022-01-16 00:33:36 - [TEST_STEP][PASSED] - verifyElementText(findTestObject("Page_Dashboard/a_Nguyen Minh Thu_1"), "Nguyen Minh Thu"): Actual text and expected text of test object 'Object Repository/Page_Dashboard/a_Nguyen Minh Thu_1' are matched.

2022-01-16 00:34:07 - [MESSAGE][INFO] - Unable to find the element located by 'By.xpath: //a[@id='yui_3_17_2_1_1642164174829_189']'. Please recheck the objects properties to make sure the desired element is located. 

2022-01-16 00:34:07 - [MESSAGE][WARNING] - [SELF-HEALING] Failed to find element with id 'Object Repository/Page_Dashboard/a_Nguyen Minh Thu_1'. Try using Self-healing.

2022-01-16 00:34:07 - [MESSAGE][WARNING] - [SELF-HEALING] The current locator of test object 'Object Repository/Page_Dashboard/a_Nguyen Minh Thu_1' was broken. Propose an alternative one: '//a[contains(text(),'Nguyen Minh Thu')]'.

2022-01-16 00:34:07 - [MESSAGE][PASSED] - Actual text and expected text of test object 'Object Repository/Page_Dashboard/a_Nguyen Minh Thu_1' are matched.

2022-01-16 00:34:07 - [TEST_STEP][PASSED] - doubleClick(findTestObject("Object Repository/Page_Dashboard/a_Nguyen Minh Thu_1")): Object: 'Object Repository/Page_Dashboard/a_Nguyen Minh Thu_1' is double clicked on

2022-01-16 00:34:38 - [MESSAGE][INFO] - Unable to find the element located by 'By.xpath: //a[@id='yui_3_17_2_1_1642164174829_189']'. Please recheck the objects properties to make sure the desired element is located. 

2022-01-16 00:34:38 - [MESSAGE][WARNING] - [SELF-HEALING] Failed to find element with id 'Object Repository/Page_Dashboard/a_Nguyen Minh Thu_1'. Try using Self-healing.

2022-01-16 00:34:39 - [MESSAGE][WARNING] - [SELF-HEALING] The current locator of test object 'Object Repository/Page_Dashboard/a_Nguyen Minh Thu_1' was broken. Propose an alternative one: '//a[contains(text(),'Nguyen Minh Thu')]'.

2022-01-16 00:34:39 - [MESSAGE][PASSED] - Object: 'Object Repository/Page_Dashboard/a_Nguyen Minh Thu_1' is double clicked on

2022-01-16 00:34:39 - [TEST_STEP][PASSED] - verifyElementText(findTestObject("Object Repository/Page_Nguyen Minh Thu Public profile/span_Message"), "Message"): Actual text and expected text of test object 'Object Repository/Page_Nguyen Minh Thu Public profile/span_Message' are matched.

2022-01-16 00:34:40 - [MESSAGE][PASSED] - Actual text and expected text of test object 'Object Repository/Page_Nguyen Minh Thu Public profile/span_Message' are matched.

2022-01-16 00:34:40 - [TEST_STEP][PASSED] - click(findTestObject("Object Repository/Page_Nguyen Minh Thu Public profile/span_Message")): Object: 'Object Repository/Page_Nguyen Minh Thu Public profile/span_Message' is clicked on

2022-01-16 00:34:41 - [MESSAGE][PASSED] - Object: 'Object Repository/Page_Nguyen Minh Thu Public profile/span_Message' is clicked on

2022-01-16 00:34:41 - [TEST_STEP][PASSED] - setText(findTestObject("Object Repository/Page_Nguyen Minh Thu Public profile/textarea_Use enter to send_yui_3_17_2_1_164_553a7a"), "Hello"): Text 'Hello' is set on object 'Object Repository/Page_Nguyen Minh Thu Public profile/textarea_Use enter to send_yui_3_17_2_1_164_553a7a'

2022-01-16 00:35:12 - [MESSAGE][INFO] - Unable to find the element located by 'By.xpath: //textarea[@id='yui_3_17_2_1_1642164193019_38']'. Please recheck the objects properties to make sure the desired element is located. 

2022-01-16 00:35:12 - [MESSAGE][WARNING] - [SELF-HEALING] Failed to find element with id 'Object Repository/Page_Nguyen Minh Thu Public profile/textarea_Use enter to send_yui_3_17_2_1_164_553a7a'. Try using Self-healing.

2022-01-16 00:35:12 - [MESSAGE][WARNING] - [SELF-HEALING] The current locator of test object 'Object Repository/Page_Nguyen Minh Thu Public profile/textarea_Use enter to send_yui_3_17_2_1_164_553a7a' was broken. Propose an alternative one: '//textarea'.

2022-01-16 00:35:44 - [MESSAGE][INFO] - Unable to find the element located by 'By.xpath: //textarea[@id='yui_3_17_2_1_1642164193019_38']'. Please recheck the objects properties to make sure the desired element is located. 

2022-01-16 00:35:44 - [MESSAGE][WARNING] - [SELF-HEALING] Failed to find element with id 'Object Repository/Page_Nguyen Minh Thu Public profile/textarea_Use enter to send_yui_3_17_2_1_164_553a7a'. Try using Self-healing.

2022-01-16 00:35:44 - [MESSAGE][WARNING] - [SELF-HEALING] The current locator of test object 'Object Repository/Page_Nguyen Minh Thu Public profile/textarea_Use enter to send_yui_3_17_2_1_164_553a7a' was broken. Propose an alternative one: '//textarea'.

2022-01-16 00:35:44 - [MESSAGE][PASSED] - Text 'Hello' is set on object 'Object Repository/Page_Nguyen Minh Thu Public profile/textarea_Use enter to send_yui_3_17_2_1_164_553a7a'

2022-01-16 00:35:44 - [TEST_STEP][PASSED] - click(findTestObject("Object Repository/Page_Nguyen Minh Thu Public profile/i__icon fa fa-paper-plane fa-fw")): Object: 'Object Repository/Page_Nguyen Minh Thu Public profile/i__icon fa fa-paper-plane fa-fw' is clicked on

2022-01-16 00:36:15 - [MESSAGE][INFO] - Unable to find the element located by 'By.xpath: //div[@id='yui_3_17_2_1_1642164193019_39']/div/button[2]/span/i'. Please recheck the objects properties to make sure the desired element is located. 

2022-01-16 00:36:15 - [MESSAGE][WARNING] - [SELF-HEALING] Failed to find element with id 'Object Repository/Page_Nguyen Minh Thu Public profile/i__icon fa fa-paper-plane fa-fw'. Try using Self-healing.

2022-01-16 00:36:15 - [MESSAGE][WARNING] - [SELF-HEALING] The current locator of test object 'Object Repository/Page_Nguyen Minh Thu Public profile/i__icon fa fa-paper-plane fa-fw' was broken. Propose an alternative one: '//button[2]/span/i'.

2022-01-16 00:36:16 - [MESSAGE][PASSED] - Object: 'Object Repository/Page_Nguyen Minh Thu Public profile/i__icon fa fa-paper-plane fa-fw' is clicked on

2022-01-16 00:36:16 - [TEST_STEP][PASSED] - closeBrowser(): Browser is closed

2022-01-16 00:36:16 - [MESSAGE][PASSED] - Browser is closed]]></system-out>
         <system-err><![CDATA[]]></system-err>
      </testcase>
      <testcase name="Test Cases/test case 35" time="269.284" classname="Test Cases/test case 35" status="PASSED">
         <system-out><![CDATA[2022-01-16 00:36:17 - [TEST_CASE][PASSED] - Test Cases/test case 35: Test Cases/test case 35

2022-01-16 00:36:17 - [TEST_STEP][PASSED] - openBrowser(""): Browser is opened with url: ''

2022-01-16 00:36:17 - [MESSAGE][INFO] - Starting 'Chrome' driver

2022-01-16 00:36:17 - [MESSAGE][INFO] - Action delay is set to 0 milliseconds

2022-01-16 00:36:18 - [MESSAGE][PASSED] - Browser is opened with url: ''

2022-01-16 00:36:18 - [TEST_STEP][PASSED] - navigateToUrl("http://localhost/"): Navigate to 'http://localhost/' successfully

2022-01-16 00:36:20 - [MESSAGE][PASSED] - Navigate to 'http://localhost/' successfully

2022-01-16 00:36:20 - [TEST_STEP][PASSED] - click(findTestObject("Object Repository/Page_Moodle/a_Log in")): Object: 'Object Repository/Page_Moodle/a_Log in' is clicked on

2022-01-16 00:36:21 - [MESSAGE][PASSED] - Object: 'Object Repository/Page_Moodle/a_Log in' is clicked on

2022-01-16 00:36:21 - [TEST_STEP][PASSED] - doubleClick(findTestObject("Object Repository/Page_Moodle Log in to the site/input_Username_username")): Object: 'Object Repository/Page_Moodle Log in to the site/input_Username_username' is double clicked on

2022-01-16 00:36:21 - [MESSAGE][PASSED] - Object: 'Object Repository/Page_Moodle Log in to the site/input_Username_username' is double clicked on

2022-01-16 00:36:21 - [TEST_STEP][PASSED] - setText(findTestObject("Object Repository/Page_Moodle Log in to the site/input_Username_username"), "nmthu"): Text 'nmthu' is set on object 'Object Repository/Page_Moodle Log in to the site/input_Username_username'

2022-01-16 00:36:22 - [MESSAGE][PASSED] - Text 'nmthu' is set on object 'Object Repository/Page_Moodle Log in to the site/input_Username_username'

2022-01-16 00:36:22 - [TEST_STEP][PASSED] - setEncryptedText(findTestObject("Object Repository/Page_Moodle Log in to the site/input_Password_password"), "zm/yZ1suVYniggK+4Jo9ew=="): Text ****** has been set on object 'Object Repository/Page_Moodle Log in to the site/input_Password_password'

2022-01-16 00:36:22 - [MESSAGE][PASSED] - Text ****** has been set on object 'Object Repository/Page_Moodle Log in to the site/input_Password_password'

2022-01-16 00:36:22 - [TEST_STEP][PASSED] - click(findTestObject("Object Repository/Page_Moodle Log in to the site/button_Log in")): Object: 'Object Repository/Page_Moodle Log in to the site/button_Log in' is clicked on

2022-01-16 00:36:24 - [MESSAGE][PASSED] - Object: 'Object Repository/Page_Moodle Log in to the site/button_Log in' is clicked on

2022-01-16 00:36:24 - [TEST_STEP][PASSED] - verifyElementText(findTestObject("Object Repository/Page_Dashboard/span_IntroCS"), "IntroCS"): Actual text and expected text of test object 'Object Repository/Page_Dashboard/span_IntroCS' are matched.

2022-01-16 00:36:25 - [MESSAGE][PASSED] - Actual text and expected text of test object 'Object Repository/Page_Dashboard/span_IntroCS' are matched.

2022-01-16 00:36:25 - [TEST_STEP][PASSED] - click(findTestObject("Object Repository/Page_Dashboard/span_IntroCS")): Object: 'Object Repository/Page_Dashboard/span_IntroCS' is clicked on

2022-01-16 00:36:26 - [MESSAGE][PASSED] - Object: 'Object Repository/Page_Dashboard/span_IntroCS' is clicked on

2022-01-16 00:36:26 - [TEST_STEP][PASSED] - verifyElementText(findTestObject("Object Repository/Page_Course Introduction to Computer Science/span_Participants"), "Participants"): Actual text and expected text of test object 'Object Repository/Page_Course Introduction to Computer Science/span_Participants' are matched.

2022-01-16 00:36:27 - [MESSAGE][PASSED] - Actual text and expected text of test object 'Object Repository/Page_Course Introduction to Computer Science/span_Participants' are matched.

2022-01-16 00:36:27 - [TEST_STEP][PASSED] - click(findTestObject("Object Repository/Page_Course Introduction to Computer Science/span_Participants")): Object: 'Object Repository/Page_Course Introduction to Computer Science/span_Participants' is clicked on

2022-01-16 00:36:28 - [MESSAGE][PASSED] - Object: 'Object Repository/Page_Course Introduction to Computer Science/span_Participants' is clicked on

2022-01-16 00:36:28 - [TEST_STEP][PASSED] - waitForElementVisible(findTestObject("Object Repository/Page_IntroCS Participants/select_Select                        Keywor_5ec06e"), 0): Object 'Object Repository/Page_IntroCS Participants/select_Select                        Keywor_5ec06e' is visible

2022-01-16 00:36:28 - [MESSAGE][WARNING] - Timeout '0' is invalid. Using default page load timeout: '30'

2022-01-16 00:36:59 - [MESSAGE][INFO] - Unable to find the element located by 'By.xpath: //select[@id='core_user-local-participantsfilter-filterrow-filtertype-61e2d22d9e97461e2d22d8e5d113']'. Please recheck the objects properties to make sure the desired element is located. 

2022-01-16 00:36:59 - [MESSAGE][WARNING] - [SELF-HEALING] Failed to find element with id 'Object Repository/Page_IntroCS Participants/select_Select                        Keywor_5ec06e'. Try using Self-healing.

2022-01-16 00:36:59 - [MESSAGE][WARNING] - [SELF-HEALING] The current locator of test object 'Object Repository/Page_IntroCS Participants/select_Select                        Keywor_5ec06e' was broken. Propose an alternative one: '(.//*[normalize-space(text()) and normalize-space(.)='Filter type'])[1]/following::select[1]'.

2022-01-16 00:36:59 - [MESSAGE][PASSED] - Object 'Object Repository/Page_IntroCS Participants/select_Select                        Keywor_5ec06e' is visible

2022-01-16 00:36:59 - [TEST_STEP][PASSED] - selectOptionByValue(findTestObject("Object Repository/Page_IntroCS Participants/select_Select                        Keywor_5ec06e"), "keywords", true): All options with value 'keywords' are selected in object 'Object Repository/Page_IntroCS Participants/select_Select                        Keywor_5ec06e'  using regular expression

2022-01-16 00:37:31 - [MESSAGE][INFO] - Unable to find the element located by 'By.xpath: //select[@id='core_user-local-participantsfilter-filterrow-filtertype-61e2d22d9e97461e2d22d8e5d113']'. Please recheck the objects properties to make sure the desired element is located. 

2022-01-16 00:37:31 - [MESSAGE][WARNING] - [SELF-HEALING] Failed to find element with id 'Object Repository/Page_IntroCS Participants/select_Select                        Keywor_5ec06e'. Try using Self-healing.

2022-01-16 00:37:31 - [MESSAGE][WARNING] - [SELF-HEALING] The current locator of test object 'Object Repository/Page_IntroCS Participants/select_Select                        Keywor_5ec06e' was broken. Propose an alternative one: '(.//*[normalize-space(text()) and normalize-space(.)='Filter type'])[1]/following::select[1]'.

2022-01-16 00:37:31 - [MESSAGE][PASSED] - All options with value 'keywords' are selected in object 'Object Repository/Page_IntroCS Participants/select_Select                        Keywor_5ec06e'  using regular expression

2022-01-16 00:37:31 - [TEST_STEP][PASSED] - setText(findTestObject("Object Repository/Page_IntroCS Participants/input_Keyword_form_autocomplete_input-16422_b4d395"), "Quach Minh Khoi"): Text 'Quach Minh Khoi' is set on object 'Object Repository/Page_IntroCS Participants/input_Keyword_form_autocomplete_input-16422_b4d395'

2022-01-16 00:38:02 - [MESSAGE][INFO] - Unable to find the element located by 'By.xpath: //input[@id='form_autocomplete_input-1642254329788']'. Please recheck the objects properties to make sure the desired element is located. 

2022-01-16 00:38:02 - [MESSAGE][WARNING] - [SELF-HEALING] Failed to find element with id 'Object Repository/Page_IntroCS Participants/input_Keyword_form_autocomplete_input-16422_b4d395'. Try using Self-healing.

2022-01-16 00:38:03 - [MESSAGE][WARNING] - [SELF-HEALING] The current locator of test object 'Object Repository/Page_IntroCS Participants/input_Keyword_form_autocomplete_input-16422_b4d395' was broken. Propose an alternative one: '//input'.

2022-01-16 00:38:34 - [MESSAGE][INFO] - Unable to find the element located by 'By.xpath: //input[@id='form_autocomplete_input-1642254329788']'. Please recheck the objects properties to make sure the desired element is located. 

2022-01-16 00:38:34 - [MESSAGE][WARNING] - [SELF-HEALING] Failed to find element with id 'Object Repository/Page_IntroCS Participants/input_Keyword_form_autocomplete_input-16422_b4d395'. Try using Self-healing.

2022-01-16 00:38:34 - [MESSAGE][WARNING] - [SELF-HEALING] The current locator of test object 'Object Repository/Page_IntroCS Participants/input_Keyword_form_autocomplete_input-16422_b4d395' was broken. Propose an alternative one: '//input'.

2022-01-16 00:38:34 - [MESSAGE][PASSED] - Text 'Quach Minh Khoi' is set on object 'Object Repository/Page_IntroCS Participants/input_Keyword_form_autocomplete_input-16422_b4d395'

2022-01-16 00:38:34 - [TEST_STEP][PASSED] - click(findTestObject("Object Repository/Page_IntroCS Participants/button_Apply filters")): Object: 'Object Repository/Page_IntroCS Participants/button_Apply filters' is clicked on

2022-01-16 00:38:35 - [MESSAGE][PASSED] - Object: 'Object Repository/Page_IntroCS Participants/button_Apply filters' is clicked on

2022-01-16 00:38:35 - [TEST_STEP][PASSED] - selectOptionByValue(findTestObject("Object Repository/Page_IntroCS Participants/select_Quach Minh Khoi"), "Quach Minh Khoi", true): All options with value 'Quach Minh Khoi' are selected in object 'Object Repository/Page_IntroCS Participants/select_Quach Minh Khoi'  using regular expression

2022-01-16 00:38:37 - [MESSAGE][PASSED] - All options with value 'Quach Minh Khoi' are selected in object 'Object Repository/Page_IntroCS Participants/select_Quach Minh Khoi'  using regular expression

2022-01-16 00:38:37 - [TEST_STEP][PASSED] - click(findTestObject("Object Repository/Page_IntroCS Participants/button_Apply filters_1")): Object: 'Object Repository/Page_IntroCS Participants/button_Apply filters_1' is clicked on

2022-01-16 00:39:08 - [MESSAGE][INFO] - Unable to find the element located by 'By.xpath: //button[@id='yui_3_17_2_1_1642254329585_27']'. Please recheck the objects properties to make sure the desired element is located. 

2022-01-16 00:39:08 - [MESSAGE][WARNING] - [SELF-HEALING] Failed to find element with id 'Object Repository/Page_IntroCS Participants/button_Apply filters_1'. Try using Self-healing.

2022-01-16 00:39:08 - [MESSAGE][WARNING] - [SELF-HEALING] The current locator of test object 'Object Repository/Page_IntroCS Participants/button_Apply filters_1' was broken. Propose an alternative one: '(.//*[normalize-space(text()) and normalize-space(.)='Clear filters'])[1]/following::button[1]'.

2022-01-16 00:39:08 - [MESSAGE][PASSED] - Object: 'Object Repository/Page_IntroCS Participants/button_Apply filters_1' is clicked on

2022-01-16 00:39:08 - [TEST_STEP][PASSED] - verifyElementText(findTestObject("Object Repository/Page_IntroCS Participants/a_Quach Minh Khoi"), "Quach Minh Khoi"): Actual text and expected text of test object 'Object Repository/Page_IntroCS Participants/a_Quach Minh Khoi' are matched.

2022-01-16 00:39:09 - [MESSAGE][PASSED] - Actual text and expected text of test object 'Object Repository/Page_IntroCS Participants/a_Quach Minh Khoi' are matched.

2022-01-16 00:39:09 - [TEST_STEP][PASSED] - click(findTestObject("Object Repository/Page_IntroCS Participants/a_Quach Minh Khoi")): Object: 'Object Repository/Page_IntroCS Participants/a_Quach Minh Khoi' is clicked on

2022-01-16 00:39:10 - [MESSAGE][PASSED] - Object: 'Object Repository/Page_IntroCS Participants/a_Quach Minh Khoi' is clicked on

2022-01-16 00:39:10 - [TEST_STEP][PASSED] - waitForElementVisible(findTestObject("Object Repository/Page_Introduction to Computer Science Perso_363e4d/span_Message"), 0): Object 'Object Repository/Page_Introduction to Computer Science Perso_363e4d/span_Message' is visible

2022-01-16 00:39:10 - [MESSAGE][WARNING] - Timeout '0' is invalid. Using default page load timeout: '30'

2022-01-16 00:39:10 - [MESSAGE][PASSED] - Object 'Object Repository/Page_Introduction to Computer Science Perso_363e4d/span_Message' is visible

2022-01-16 00:39:10 - [TEST_STEP][PASSED] - click(findTestObject("Object Repository/Page_Introduction to Computer Science Perso_363e4d/span_Message")): Object: 'Object Repository/Page_Introduction to Computer Science Perso_363e4d/span_Message' is clicked on

2022-01-16 00:39:11 - [MESSAGE][PASSED] - Object: 'Object Repository/Page_Introduction to Computer Science Perso_363e4d/span_Message' is clicked on

2022-01-16 00:39:11 - [TEST_STEP][PASSED] - setText(findTestObject("Object Repository/Page_Introduction to Computer Science Perso_363e4d/textarea_Use enter to send_yui_3_17_2_1_164_27b639"), "Hello"): Text 'Hello' is set on object 'Object Repository/Page_Introduction to Computer Science Perso_363e4d/textarea_Use enter to send_yui_3_17_2_1_164_27b639'

2022-01-16 00:39:42 - [MESSAGE][INFO] - Unable to find the element located by 'By.xpath: //textarea[@id='yui_3_17_2_1_1642254375574_35']'. Please recheck the objects properties to make sure the desired element is located. 

2022-01-16 00:39:42 - [MESSAGE][WARNING] - [SELF-HEALING] Failed to find element with id 'Object Repository/Page_Introduction to Computer Science Perso_363e4d/textarea_Use enter to send_yui_3_17_2_1_164_27b639'. Try using Self-healing.

2022-01-16 00:39:42 - [MESSAGE][WARNING] - [SELF-HEALING] The current locator of test object 'Object Repository/Page_Introduction to Computer Science Perso_363e4d/textarea_Use enter to send_yui_3_17_2_1_164_27b639' was broken. Propose an alternative one: '//textarea'.

2022-01-16 00:40:13 - [MESSAGE][INFO] - Unable to find the element located by 'By.xpath: //textarea[@id='yui_3_17_2_1_1642254375574_35']'. Please recheck the objects properties to make sure the desired element is located. 

2022-01-16 00:40:13 - [MESSAGE][WARNING] - [SELF-HEALING] Failed to find element with id 'Object Repository/Page_Introduction to Computer Science Perso_363e4d/textarea_Use enter to send_yui_3_17_2_1_164_27b639'. Try using Self-healing.

2022-01-16 00:40:13 - [MESSAGE][WARNING] - [SELF-HEALING] The current locator of test object 'Object Repository/Page_Introduction to Computer Science Perso_363e4d/textarea_Use enter to send_yui_3_17_2_1_164_27b639' was broken. Propose an alternative one: '//textarea'.

2022-01-16 00:40:14 - [MESSAGE][PASSED] - Text 'Hello' is set on object 'Object Repository/Page_Introduction to Computer Science Perso_363e4d/textarea_Use enter to send_yui_3_17_2_1_164_27b639'

2022-01-16 00:40:14 - [TEST_STEP][PASSED] - click(findTestObject("Object Repository/Page_Introduction to Computer Science Perso_363e4d/i__icon fa fa-paper-plane fa-fw")): Object: 'Object Repository/Page_Introduction to Computer Science Perso_363e4d/i__icon fa fa-paper-plane fa-fw' is clicked on

2022-01-16 00:40:45 - [MESSAGE][INFO] - Unable to find the element located by 'By.xpath: //div[@id='yui_3_17_2_1_1642254375574_36']/div/button[2]/span/i'. Please recheck the objects properties to make sure the desired element is located. 

2022-01-16 00:40:45 - [MESSAGE][WARNING] - [SELF-HEALING] Failed to find element with id 'Object Repository/Page_Introduction to Computer Science Perso_363e4d/i__icon fa fa-paper-plane fa-fw'. Try using Self-healing.

2022-01-16 00:40:45 - [MESSAGE][WARNING] - [SELF-HEALING] The current locator of test object 'Object Repository/Page_Introduction to Computer Science Perso_363e4d/i__icon fa fa-paper-plane fa-fw' was broken. Propose an alternative one: '//button[2]/span/i'.

2022-01-16 00:40:45 - [MESSAGE][PASSED] - Object: 'Object Repository/Page_Introduction to Computer Science Perso_363e4d/i__icon fa fa-paper-plane fa-fw' is clicked on

2022-01-16 00:40:45 - [TEST_STEP][PASSED] - closeBrowser(): Browser is closed

2022-01-16 00:40:46 - [MESSAGE][PASSED] - Browser is closed]]></system-out>
         <system-err><![CDATA[]]></system-err>
      </testcase>
      <testcase name="Test Cases/test case 36" time="106.46" classname="Test Cases/test case 36" status="PASSED">
         <system-out><![CDATA[2022-01-16 00:40:46 - [TEST_CASE][PASSED] - Test Cases/test case 36: Test Cases/test case 36

2022-01-16 00:40:46 - [TEST_STEP][PASSED] - openBrowser(""): Browser is opened with url: ''

2022-01-16 00:40:46 - [MESSAGE][INFO] - Starting 'Chrome' driver

2022-01-16 00:40:46 - [MESSAGE][INFO] - Action delay is set to 0 milliseconds

2022-01-16 00:40:47 - [MESSAGE][PASSED] - Browser is opened with url: ''

2022-01-16 00:40:47 - [TEST_STEP][PASSED] - navigateToUrl("http://localhost/"): Navigate to 'http://localhost/' successfully

2022-01-16 00:40:49 - [MESSAGE][PASSED] - Navigate to 'http://localhost/' successfully

2022-01-16 00:40:49 - [TEST_STEP][PASSED] - click(findTestObject("Object Repository/Page_Moodle/a_Log in")): Object: 'Object Repository/Page_Moodle/a_Log in' is clicked on

2022-01-16 00:40:50 - [MESSAGE][PASSED] - Object: 'Object Repository/Page_Moodle/a_Log in' is clicked on

2022-01-16 00:40:50 - [TEST_STEP][PASSED] - setText(findTestObject("Object Repository/Page_Moodle Log in to the site/input_Username_username"), "nmthu"): Text 'nmthu' is set on object 'Object Repository/Page_Moodle Log in to the site/input_Username_username'

2022-01-16 00:40:50 - [MESSAGE][PASSED] - Text 'nmthu' is set on object 'Object Repository/Page_Moodle Log in to the site/input_Username_username'

2022-01-16 00:40:50 - [TEST_STEP][PASSED] - setEncryptedText(findTestObject("Object Repository/Page_Moodle Log in to the site/input_Password_password"), "zm/yZ1suVYniggK+4Jo9ew=="): Text ****** has been set on object 'Object Repository/Page_Moodle Log in to the site/input_Password_password'

2022-01-16 00:40:51 - [MESSAGE][PASSED] - Text ****** has been set on object 'Object Repository/Page_Moodle Log in to the site/input_Password_password'

2022-01-16 00:40:51 - [TEST_STEP][PASSED] - click(findTestObject("Object Repository/Page_Moodle Log in to the site/button_Log in")): Object: 'Object Repository/Page_Moodle Log in to the site/button_Log in' is clicked on

2022-01-16 00:40:52 - [MESSAGE][PASSED] - Object: 'Object Repository/Page_Moodle Log in to the site/button_Log in' is clicked on

2022-01-16 00:40:52 - [TEST_STEP][PASSED] - verifyElementText(findTestObject("Object Repository/Page_Dashboard/span_Site home"), "Site home"): Actual text and expected text of test object 'Object Repository/Page_Dashboard/span_Site home' are matched.

2022-01-16 00:40:53 - [MESSAGE][PASSED] - Actual text and expected text of test object 'Object Repository/Page_Dashboard/span_Site home' are matched.

2022-01-16 00:40:53 - [TEST_STEP][PASSED] - click(findTestObject("Object Repository/Page_Dashboard/span_Site home")): Object: 'Object Repository/Page_Dashboard/span_Site home' is clicked on

2022-01-16 00:40:54 - [MESSAGE][PASSED] - Object: 'Object Repository/Page_Dashboard/span_Site home' is clicked on

2022-01-16 00:40:54 - [TEST_STEP][PASSED] - click(findTestObject("Object Repository/Page_Moodle/a_Tran Minh Triet")): Object: 'Object Repository/Page_Moodle/a_Tran Minh Triet' is clicked on

2022-01-16 00:40:55 - [MESSAGE][PASSED] - Object: 'Object Repository/Page_Moodle/a_Tran Minh Triet' is clicked on

2022-01-16 00:40:55 - [TEST_STEP][PASSED] - click(findTestObject("Object Repository/Page_Tran Minh Triet Public profile/span_Message")): Object: 'Object Repository/Page_Tran Minh Triet Public profile/span_Message' is clicked on

2022-01-16 00:40:56 - [MESSAGE][PASSED] - Object: 'Object Repository/Page_Tran Minh Triet Public profile/span_Message' is clicked on

2022-01-16 00:40:56 - [TEST_STEP][PASSED] - setText(findTestObject("Object Repository/Page_Tran Minh Triet Public profile/textarea_Use enter to send_yui_3_17_2_1_164_393869"), "Hello"): Text 'Hello' is set on object 'Object Repository/Page_Tran Minh Triet Public profile/textarea_Use enter to send_yui_3_17_2_1_164_393869'

2022-01-16 00:41:27 - [MESSAGE][INFO] - Unable to find the element located by 'By.xpath: //textarea[@id='yui_3_17_2_1_1642165102142_38']'. Please recheck the objects properties to make sure the desired element is located. 

2022-01-16 00:41:27 - [MESSAGE][WARNING] - [SELF-HEALING] Failed to find element with id 'Object Repository/Page_Tran Minh Triet Public profile/textarea_Use enter to send_yui_3_17_2_1_164_393869'. Try using Self-healing.

2022-01-16 00:41:28 - [MESSAGE][INFO] - [SELF-HEALING] Failed Locator: '//textarea[@id='yui_3_17_2_1_1642165102142_38']'.

2022-01-16 00:41:28 - [MESSAGE][INFO] - [SELF-HEALING] Failed Locator: '//div[@id='yui_3_17_2_1_1642165102142_39']/textarea'.

2022-01-16 00:41:28 - [MESSAGE][INFO] - [SELF-HEALING] Working Locator: '//textarea'.

2022-01-16 00:41:28 - [MESSAGE][INFO] - [SELF-HEALING] Screenshot: D:/Test-Automation-SE-Bonus/Test-Automation-SE-Bonus/Reports/Self-healing/Object Repository/Page_Tran Minh Triet Public profile/textarea_Use enter to send_yui_3_17_2_1_164_393869_position.png

2022-01-16 00:41:28 - [MESSAGE][WARNING] - [SELF-HEALING] The current locator of test object 'Object Repository/Page_Tran Minh Triet Public profile/textarea_Use enter to send_yui_3_17_2_1_164_393869' was broken. Propose an alternative one: '//textarea'.

2022-01-16 00:41:59 - [MESSAGE][INFO] - Unable to find the element located by 'By.xpath: //textarea[@id='yui_3_17_2_1_1642165102142_38']'. Please recheck the objects properties to make sure the desired element is located. 

2022-01-16 00:41:59 - [MESSAGE][WARNING] - [SELF-HEALING] Failed to find element with id 'Object Repository/Page_Tran Minh Triet Public profile/textarea_Use enter to send_yui_3_17_2_1_164_393869'. Try using Self-healing.

2022-01-16 00:42:00 - [MESSAGE][WARNING] - [SELF-HEALING] The current locator of test object 'Object Repository/Page_Tran Minh Triet Public profile/textarea_Use enter to send_yui_3_17_2_1_164_393869' was broken. Propose an alternative one: '//textarea'.

2022-01-16 00:42:00 - [MESSAGE][PASSED] - Text 'Hello' is set on object 'Object Repository/Page_Tran Minh Triet Public profile/textarea_Use enter to send_yui_3_17_2_1_164_393869'

2022-01-16 00:42:00 - [TEST_STEP][PASSED] - click(findTestObject("Object Repository/Page_Tran Minh Triet Public profile/button__btn btn-link btn-icon icon-size-3 m_754a09")): Object: 'Object Repository/Page_Tran Minh Triet Public profile/button__btn btn-link btn-icon icon-size-3 m_754a09' is clicked on

2022-01-16 00:42:31 - [MESSAGE][INFO] - Unable to find the element located by 'By.xpath: //div[@id='yui_3_17_2_1_1642165102142_39']/div/button[2]'. Please recheck the objects properties to make sure the desired element is located. 

2022-01-16 00:42:31 - [MESSAGE][WARNING] - [SELF-HEALING] Failed to find element with id 'Object Repository/Page_Tran Minh Triet Public profile/button__btn btn-link btn-icon icon-size-3 m_754a09'. Try using Self-healing.

2022-01-16 00:42:31 - [MESSAGE][INFO] - [SELF-HEALING] Failed Locator: '//div[@id='yui_3_17_2_1_1642165102142_39']/div/button[2]'.

2022-01-16 00:42:31 - [MESSAGE][INFO] - [SELF-HEALING] Working Locator: '(.//*[normalize-space(text()) and normalize-space(.)='😠'])[1]/following::button[2]'.

2022-01-16 00:42:31 - [MESSAGE][INFO] - [SELF-HEALING] Screenshot: D:/Test-Automation-SE-Bonus/Test-Automation-SE-Bonus/Reports/Self-healing/Object Repository/Page_Tran Minh Triet Public profile/button__btn btn-link btn-icon icon-size-3 m_754a09_neighbor.png

2022-01-16 00:42:31 - [MESSAGE][WARNING] - [SELF-HEALING] The current locator of test object 'Object Repository/Page_Tran Minh Triet Public profile/button__btn btn-link btn-icon icon-size-3 m_754a09' was broken. Propose an alternative one: '(.//*[normalize-space(text()) and normalize-space(.)='😠'])[1]/following::button[2]'.

2022-01-16 00:42:32 - [MESSAGE][PASSED] - Object: 'Object Repository/Page_Tran Minh Triet Public profile/button__btn btn-link btn-icon icon-size-3 m_754a09' is clicked on

2022-01-16 00:42:32 - [TEST_STEP][PASSED] - closeBrowser(): Browser is closed

2022-01-16 00:42:32 - [MESSAGE][PASSED] - Browser is closed]]></system-out>
         <system-err><![CDATA[]]></system-err>
      </testcase>
      <testcase name="Test Cases/test case 37" time="208.565" classname="Test Cases/test case 37" status="PASSED">
         <system-out><![CDATA[2022-01-16 00:42:32 - [TEST_CASE][PASSED] - Test Cases/test case 37: Test Cases/test case 37

2022-01-16 00:42:33 - [TEST_STEP][PASSED] - openBrowser(""): Browser is opened with url: ''

2022-01-16 00:42:33 - [MESSAGE][INFO] - Starting 'Chrome' driver

2022-01-16 00:42:33 - [MESSAGE][INFO] - Action delay is set to 0 milliseconds

2022-01-16 00:42:34 - [MESSAGE][PASSED] - Browser is opened with url: ''

2022-01-16 00:42:34 - [TEST_STEP][PASSED] - navigateToUrl("http://localhost/"): Navigate to 'http://localhost/' successfully

2022-01-16 00:42:35 - [MESSAGE][PASSED] - Navigate to 'http://localhost/' successfully

2022-01-16 00:42:35 - [TEST_STEP][PASSED] - click(findTestObject("Object Repository/Page_Moodle/a_Log in")): Object: 'Object Repository/Page_Moodle/a_Log in' is clicked on

2022-01-16 00:42:36 - [MESSAGE][PASSED] - Object: 'Object Repository/Page_Moodle/a_Log in' is clicked on

2022-01-16 00:42:36 - [TEST_STEP][PASSED] - setText(findTestObject("Object Repository/Page_Moodle Log in to the site/input_Username_username"), "nmthu"): Text 'nmthu' is set on object 'Object Repository/Page_Moodle Log in to the site/input_Username_username'

2022-01-16 00:42:37 - [MESSAGE][PASSED] - Text 'nmthu' is set on object 'Object Repository/Page_Moodle Log in to the site/input_Username_username'

2022-01-16 00:42:37 - [TEST_STEP][PASSED] - setEncryptedText(findTestObject("Object Repository/Page_Moodle Log in to the site/input_Password_password"), "zm/yZ1suVYniggK+4Jo9ew=="): Text ****** has been set on object 'Object Repository/Page_Moodle Log in to the site/input_Password_password'

2022-01-16 00:42:37 - [MESSAGE][PASSED] - Text ****** has been set on object 'Object Repository/Page_Moodle Log in to the site/input_Password_password'

2022-01-16 00:42:37 - [TEST_STEP][PASSED] - click(findTestObject("Object Repository/Page_Moodle Log in to the site/button_Log in")): Object: 'Object Repository/Page_Moodle Log in to the site/button_Log in' is clicked on

2022-01-16 00:42:38 - [MESSAGE][PASSED] - Object: 'Object Repository/Page_Moodle Log in to the site/button_Log in' is clicked on

2022-01-16 00:42:38 - [TEST_STEP][PASSED] - verifyElementText(findTestObject("Object Repository/Page_Dashboard/span_IntroCS"), "IntroCS"): Actual text and expected text of test object 'Object Repository/Page_Dashboard/span_IntroCS' are matched.

2022-01-16 00:42:40 - [MESSAGE][PASSED] - Actual text and expected text of test object 'Object Repository/Page_Dashboard/span_IntroCS' are matched.

2022-01-16 00:42:40 - [TEST_STEP][PASSED] - click(findTestObject("Object Repository/Page_Dashboard/span_IntroCS")): Object: 'Object Repository/Page_Dashboard/span_IntroCS' is clicked on

2022-01-16 00:42:41 - [MESSAGE][PASSED] - Object: 'Object Repository/Page_Dashboard/span_IntroCS' is clicked on

2022-01-16 00:42:41 - [TEST_STEP][PASSED] - click(findTestObject("Object Repository/Page_Course Introduction to Computer Science/span_Participants")): Object: 'Object Repository/Page_Course Introduction to Computer Science/span_Participants' is clicked on

2022-01-16 00:42:41 - [MESSAGE][PASSED] - Object: 'Object Repository/Page_Course Introduction to Computer Science/span_Participants' is clicked on

2022-01-16 00:42:41 - [TEST_STEP][PASSED] - waitForElementVisible(findTestObject("Object Repository/Page_IntroCS Participants/select_Select                        Keywor_5ec06e"), 0): Object 'Object Repository/Page_IntroCS Participants/select_Select                        Keywor_5ec06e' is visible

2022-01-16 00:42:42 - [MESSAGE][WARNING] - Timeout '0' is invalid. Using default page load timeout: '30'

2022-01-16 00:43:13 - [MESSAGE][INFO] - Unable to find the element located by 'By.xpath: //select[@id='core_user-local-participantsfilter-filterrow-filtertype-61e2d22d9e97461e2d22d8e5d113']'. Please recheck the objects properties to make sure the desired element is located. 

2022-01-16 00:43:13 - [MESSAGE][WARNING] - [SELF-HEALING] Failed to find element with id 'Object Repository/Page_IntroCS Participants/select_Select                        Keywor_5ec06e'. Try using Self-healing.

2022-01-16 00:43:13 - [MESSAGE][WARNING] - [SELF-HEALING] The current locator of test object 'Object Repository/Page_IntroCS Participants/select_Select                        Keywor_5ec06e' was broken. Propose an alternative one: '(.//*[normalize-space(text()) and normalize-space(.)='Filter type'])[1]/following::select[1]'.

2022-01-16 00:43:13 - [MESSAGE][PASSED] - Object 'Object Repository/Page_IntroCS Participants/select_Select                        Keywor_5ec06e' is visible

2022-01-16 00:43:13 - [TEST_STEP][PASSED] - selectOptionByValue(findTestObject("Object Repository/Page_IntroCS Participants/select_Select                        Keywor_5ec06e"), "roles", true): All options with value 'roles' are selected in object 'Object Repository/Page_IntroCS Participants/select_Select                        Keywor_5ec06e'  using regular expression

2022-01-16 00:43:44 - [MESSAGE][INFO] - Unable to find the element located by 'By.xpath: //select[@id='core_user-local-participantsfilter-filterrow-filtertype-61e2d22d9e97461e2d22d8e5d113']'. Please recheck the objects properties to make sure the desired element is located. 

2022-01-16 00:43:44 - [MESSAGE][WARNING] - [SELF-HEALING] Failed to find element with id 'Object Repository/Page_IntroCS Participants/select_Select                        Keywor_5ec06e'. Try using Self-healing.

2022-01-16 00:43:44 - [MESSAGE][WARNING] - [SELF-HEALING] The current locator of test object 'Object Repository/Page_IntroCS Participants/select_Select                        Keywor_5ec06e' was broken. Propose an alternative one: '(.//*[normalize-space(text()) and normalize-space(.)='Filter type'])[1]/following::select[1]'.

2022-01-16 00:43:45 - [MESSAGE][PASSED] - All options with value 'roles' are selected in object 'Object Repository/Page_IntroCS Participants/select_Select                        Keywor_5ec06e'  using regular expression

2022-01-16 00:43:45 - [TEST_STEP][PASSED] - click(findTestObject("Object Repository/Page_IntroCS Participants/span_")): Object: 'Object Repository/Page_IntroCS Participants/span_' is clicked on

2022-01-16 00:44:16 - [MESSAGE][INFO] - Unable to find the element located by 'By.xpath: //span[@id='form_autocomplete_downarrow-1642254893905']'. Please recheck the objects properties to make sure the desired element is located. 

2022-01-16 00:44:16 - [MESSAGE][WARNING] - [SELF-HEALING] Failed to find element with id 'Object Repository/Page_IntroCS Participants/span_'. Try using Self-healing.

2022-01-16 00:44:16 - [MESSAGE][WARNING] - [SELF-HEALING] The current locator of test object 'Object Repository/Page_IntroCS Participants/span_' was broken. Propose an alternative one: '(.//*[normalize-space(text()) and normalize-space(.)='Roles'])[2]/following::span[1]'.

2022-01-16 00:44:16 - [MESSAGE][PASSED] - Object: 'Object Repository/Page_IntroCS Participants/span_' is clicked on

2022-01-16 00:44:16 - [TEST_STEP][PASSED] - verifyElementText(findTestObject("Object Repository/Page_IntroCS Participants/li_Teacher"), "Teacher"): Actual text and expected text of test object 'Object Repository/Page_IntroCS Participants/li_Teacher' are matched.

2022-01-16 00:44:17 - [MESSAGE][PASSED] - Actual text and expected text of test object 'Object Repository/Page_IntroCS Participants/li_Teacher' are matched.

2022-01-16 00:44:17 - [TEST_STEP][PASSED] - click(findTestObject("Object Repository/Page_IntroCS Participants/li_Teacher")): Object: 'Object Repository/Page_IntroCS Participants/li_Teacher' is clicked on

2022-01-16 00:44:18 - [MESSAGE][PASSED] - Object: 'Object Repository/Page_IntroCS Participants/li_Teacher' is clicked on

2022-01-16 00:44:18 - [TEST_STEP][PASSED] - selectOptionByValue(findTestObject("Object Repository/Page_IntroCS Participants/select_No roles                    Course c_9336fa"), "3", true): All options with value '3' are selected in object 'Object Repository/Page_IntroCS Participants/select_No roles                    Course c_9336fa'  using regular expression

2022-01-16 00:44:19 - [MESSAGE][PASSED] - All options with value '3' are selected in object 'Object Repository/Page_IntroCS Participants/select_No roles                    Course c_9336fa'  using regular expression

2022-01-16 00:44:19 - [TEST_STEP][PASSED] - selectOptionByValue(findTestObject("Object Repository/Page_IntroCS Participants/select_No roles                    Course c_9336fa"), "3", true): All options with value '3' are selected in object 'Object Repository/Page_IntroCS Participants/select_No roles                    Course c_9336fa'  using regular expression

2022-01-16 00:44:20 - [MESSAGE][PASSED] - All options with value '3' are selected in object 'Object Repository/Page_IntroCS Participants/select_No roles                    Course c_9336fa'  using regular expression

2022-01-16 00:44:20 - [TEST_STEP][PASSED] - selectOptionByValue(findTestObject("Object Repository/Page_IntroCS Participants/select_No roles                    Course c_9336fa"), "3", true): All options with value '3' are selected in object 'Object Repository/Page_IntroCS Participants/select_No roles                    Course c_9336fa'  using regular expression

2022-01-16 00:44:21 - [MESSAGE][PASSED] - All options with value '3' are selected in object 'Object Repository/Page_IntroCS Participants/select_No roles                    Course c_9336fa'  using regular expression

2022-01-16 00:44:21 - [TEST_STEP][PASSED] - selectOptionByValue(findTestObject("Object Repository/Page_IntroCS Participants/select_No roles                    Course c_9336fa"), "3", true): All options with value '3' are selected in object 'Object Repository/Page_IntroCS Participants/select_No roles                    Course c_9336fa'  using regular expression

2022-01-16 00:44:21 - [MESSAGE][PASSED] - All options with value '3' are selected in object 'Object Repository/Page_IntroCS Participants/select_No roles                    Course c_9336fa'  using regular expression

2022-01-16 00:44:21 - [TEST_STEP][PASSED] - selectOptionByValue(findTestObject("Object Repository/Page_IntroCS Participants/select_No roles                    Course c_9336fa"), "3", true): All options with value '3' are selected in object 'Object Repository/Page_IntroCS Participants/select_No roles                    Course c_9336fa'  using regular expression

2022-01-16 00:44:22 - [MESSAGE][PASSED] - All options with value '3' are selected in object 'Object Repository/Page_IntroCS Participants/select_No roles                    Course c_9336fa'  using regular expression

2022-01-16 00:44:22 - [TEST_STEP][PASSED] - click(findTestObject("Object Repository/Page_IntroCS Participants/button_Apply filters")): Object: 'Object Repository/Page_IntroCS Participants/button_Apply filters' is clicked on

2022-01-16 00:44:22 - [MESSAGE][PASSED] - Object: 'Object Repository/Page_IntroCS Participants/button_Apply filters' is clicked on

2022-01-16 00:44:22 - [TEST_STEP][PASSED] - click(findTestObject("Object Repository/Page_IntroCS Participants/section_Participants                       _399b9a")): Object: 'Object Repository/Page_IntroCS Participants/section_Participants                       _399b9a' is clicked on

2022-01-16 00:44:23 - [MESSAGE][PASSED] - Object: 'Object Repository/Page_IntroCS Participants/section_Participants                       _399b9a' is clicked on

2022-01-16 00:44:23 - [TEST_STEP][PASSED] - verifyElementText(findTestObject("Object Repository/Page_IntroCS Participants/a_Tran Minh Triet"), "Tran Minh Triet"): Actual text and expected text of test object 'Object Repository/Page_IntroCS Participants/a_Tran Minh Triet' are matched.

2022-01-16 00:44:24 - [MESSAGE][PASSED] - Actual text and expected text of test object 'Object Repository/Page_IntroCS Participants/a_Tran Minh Triet' are matched.

2022-01-16 00:44:24 - [TEST_STEP][PASSED] - click(findTestObject("Object Repository/Page_IntroCS Participants/a_Tran Minh Triet")): Object: 'Object Repository/Page_IntroCS Participants/a_Tran Minh Triet' is clicked on

2022-01-16 00:44:24 - [MESSAGE][PASSED] - Object: 'Object Repository/Page_IntroCS Participants/a_Tran Minh Triet' is clicked on

2022-01-16 00:44:24 - [TEST_STEP][PASSED] - waitForElementVisible(findTestObject("Object Repository/Page_Introduction to Computer Science Perso_abbbf2/span_Message"), 0): Object 'Object Repository/Page_Introduction to Computer Science Perso_abbbf2/span_Message' is visible

2022-01-16 00:44:25 - [MESSAGE][WARNING] - Timeout '0' is invalid. Using default page load timeout: '30'

2022-01-16 00:44:25 - [MESSAGE][PASSED] - Object 'Object Repository/Page_Introduction to Computer Science Perso_abbbf2/span_Message' is visible

2022-01-16 00:44:25 - [TEST_STEP][PASSED] - click(findTestObject("Object Repository/Page_Introduction to Computer Science Perso_abbbf2/span_Message")): Object: 'Object Repository/Page_Introduction to Computer Science Perso_abbbf2/span_Message' is clicked on

2022-01-16 00:44:25 - [MESSAGE][PASSED] - Object: 'Object Repository/Page_Introduction to Computer Science Perso_abbbf2/span_Message' is clicked on

2022-01-16 00:44:25 - [TEST_STEP][PASSED] - setText(findTestObject("Object Repository/Page_Introduction to Computer Science Perso_abbbf2/textarea_Use enter to send_yui_3_17_2_1_164_06a8dd"), "Hello"): Text 'Hello' is set on object 'Object Repository/Page_Introduction to Computer Science Perso_abbbf2/textarea_Use enter to send_yui_3_17_2_1_164_06a8dd'

2022-01-16 00:44:57 - [MESSAGE][INFO] - Unable to find the element located by 'By.xpath: //textarea[@id='yui_3_17_2_1_1642254941870_35']'. Please recheck the objects properties to make sure the desired element is located. 

2022-01-16 00:44:57 - [MESSAGE][WARNING] - [SELF-HEALING] Failed to find element with id 'Object Repository/Page_Introduction to Computer Science Perso_abbbf2/textarea_Use enter to send_yui_3_17_2_1_164_06a8dd'. Try using Self-healing.

2022-01-16 00:44:57 - [MESSAGE][WARNING] - [SELF-HEALING] The current locator of test object 'Object Repository/Page_Introduction to Computer Science Perso_abbbf2/textarea_Use enter to send_yui_3_17_2_1_164_06a8dd' was broken. Propose an alternative one: '//textarea'.

2022-01-16 00:45:28 - [MESSAGE][INFO] - Unable to find the element located by 'By.xpath: //textarea[@id='yui_3_17_2_1_1642254941870_35']'. Please recheck the objects properties to make sure the desired element is located. 

2022-01-16 00:45:28 - [MESSAGE][WARNING] - [SELF-HEALING] Failed to find element with id 'Object Repository/Page_Introduction to Computer Science Perso_abbbf2/textarea_Use enter to send_yui_3_17_2_1_164_06a8dd'. Try using Self-healing.

2022-01-16 00:45:28 - [MESSAGE][WARNING] - [SELF-HEALING] The current locator of test object 'Object Repository/Page_Introduction to Computer Science Perso_abbbf2/textarea_Use enter to send_yui_3_17_2_1_164_06a8dd' was broken. Propose an alternative one: '//textarea'.

2022-01-16 00:45:29 - [MESSAGE][PASSED] - Text 'Hello' is set on object 'Object Repository/Page_Introduction to Computer Science Perso_abbbf2/textarea_Use enter to send_yui_3_17_2_1_164_06a8dd'

2022-01-16 00:45:29 - [TEST_STEP][PASSED] - click(findTestObject("Object Repository/Page_Introduction to Computer Science Perso_abbbf2/i__icon fa fa-paper-plane fa-fw")): Object: 'Object Repository/Page_Introduction to Computer Science Perso_abbbf2/i__icon fa fa-paper-plane fa-fw' is clicked on

2022-01-16 00:46:00 - [MESSAGE][INFO] - Unable to find the element located by 'By.xpath: //div[@id='yui_3_17_2_1_1642254941870_36']/div/button[2]/span/i'. Please recheck the objects properties to make sure the desired element is located. 

2022-01-16 00:46:00 - [MESSAGE][WARNING] - [SELF-HEALING] Failed to find element with id 'Object Repository/Page_Introduction to Computer Science Perso_abbbf2/i__icon fa fa-paper-plane fa-fw'. Try using Self-healing.

2022-01-16 00:46:00 - [MESSAGE][WARNING] - [SELF-HEALING] The current locator of test object 'Object Repository/Page_Introduction to Computer Science Perso_abbbf2/i__icon fa fa-paper-plane fa-fw' was broken. Propose an alternative one: '//button[2]/span/i'.

2022-01-16 00:46:00 - [MESSAGE][PASSED] - Object: 'Object Repository/Page_Introduction to Computer Science Perso_abbbf2/i__icon fa fa-paper-plane fa-fw' is clicked on

2022-01-16 00:46:00 - [TEST_STEP][PASSED] - closeBrowser(): Browser is closed

2022-01-16 00:46:01 - [MESSAGE][PASSED] - Browser is closed]]></system-out>
         <system-err><![CDATA[]]></system-err>
      </testcase>
      <testcase name="Test Cases/test case 38" time="40.523" classname="Test Cases/test case 38" status="FAILED">
         <failure type="FAILED" message="Test Cases/test case 38 FAILED.
Reason:
com.kms.katalon.core.exception.StepFailedException: Unable to click on object 'Object Repository/Page_Dashboard/a_Quach Minh Khoi'
	at com.kms.katalon.core.webui.keyword.internal.WebUIKeywordMain.stepFailed(WebUIKeywordMain.groovy:64)
	at com.kms.katalon.core.webui.keyword.internal.WebUIKeywordMain.runKeyword(WebUIKeywordMain.groovy:26)
	at com.kms.katalon.core.webui.keyword.builtin.ClickKeyword.click(ClickKeyword.groovy:74)
	at com.kms.katalon.core.webui.keyword.builtin.ClickKeyword.execute(ClickKeyword.groovy:40)
	at com.kms.katalon.core.keyword.internal.KeywordExecutor.executeKeywordForPlatform(KeywordExecutor.groovy:74)
	at com.kms.katalon.core.webui.keyword.WebUiBuiltInKeywords.click(WebUiBuiltInKeywords.groovy:620)
	at com.kms.katalon.core.webui.keyword.WebUiBuiltInKeywords$click$1.call(Unknown Source)
	at test case 38.run(test case 38:32)
	at com.kms.katalon.core.main.ScriptEngine.run(ScriptEngine.java:194)
	at com.kms.katalon.core.main.ScriptEngine.runScriptAsRawText(ScriptEngine.java:119)
	at com.kms.katalon.core.main.TestCaseExecutor.runScript(TestCaseExecutor.java:442)
	at com.kms.katalon.core.main.TestCaseExecutor.doExecute(TestCaseExecutor.java:433)
	at com.kms.katalon.core.main.TestCaseExecutor.processExecutionPhase(TestCaseExecutor.java:412)
	at com.kms.katalon.core.main.TestCaseExecutor.accessMainPhase(TestCaseExecutor.java:404)
	at com.kms.katalon.core.main.TestCaseExecutor.execute(TestCaseExecutor.java:281)
	at com.kms.katalon.core.main.TestSuiteExecutor.accessTestCaseMainPhase(TestSuiteExecutor.java:202)
	at com.kms.katalon.core.main.TestSuiteExecutor.accessTestSuiteMainPhase(TestSuiteExecutor.java:164)
	at com.kms.katalon.core.main.TestSuiteExecutor.execute(TestSuiteExecutor.java:105)
	at com.kms.katalon.core.main.TestCaseMain.startTestSuite(TestCaseMain.java:181)
	at com.kms.katalon.core.main.TestCaseMain$startTestSuite$0.call(Unknown Source)
	at TempTestSuite1642265296699.run(TempTestSuite1642265296699.groovy:36)
Caused by: com.kms.katalon.core.webui.exception.WebElementNotFoundException: Web element with id: 'Object Repository/Page_Dashboard/a_Quach Minh Khoi' located by '//a[@id='action-menu-toggle-1']' not found
	at com.kms.katalon.core.webui.common.WebUiCommonHelper.findWebElement(WebUiCommonHelper.java:1368)
	at com.kms.katalon.core.webui.keyword.internal.WebUIAbstractKeyword.findWebElement(WebUIAbstractKeyword.groovy:27)
	at com.kms.katalon.core.webui.keyword.builtin.ClickKeyword$_click_closure1.doCall(ClickKeyword.groovy:65)
	at com.kms.katalon.core.webui.keyword.builtin.ClickKeyword$_click_closure1.call(ClickKeyword.groovy)
	at com.kms.katalon.core.webui.keyword.internal.WebUIKeywordMain.runKeyword(WebUIKeywordMain.groovy:20)
	... 19 more
"/>
         <system-out><![CDATA[2022-01-16 00:46:01 - [TEST_CASE][FAILED] - Test Cases/test case 38: Test Cases/test case 38 FAILED.
Reason:
com.kms.katalon.core.exception.StepFailedException: Unable to click on object 'Object Repository/Page_Dashboard/a_Quach Minh Khoi'
	at com.kms.katalon.core.webui.keyword.internal.WebUIKeywordMain.stepFailed(WebUIKeywordMain.groovy:64)
	at com.kms.katalon.core.webui.keyword.internal.WebUIKeywordMain.runKeyword(WebUIKeywordMain.groovy:26)
	at com.kms.katalon.core.webui.keyword.builtin.ClickKeyword.click(ClickKeyword.groovy:74)
	at com.kms.katalon.core.webui.keyword.builtin.ClickKeyword.execute(ClickKeyword.groovy:40)
	at com.kms.katalon.core.keyword.internal.KeywordExecutor.executeKeywordForPlatform(KeywordExecutor.groovy:74)
	at com.kms.katalon.core.webui.keyword.WebUiBuiltInKeywords.click(WebUiBuiltInKeywords.groovy:620)
	at com.kms.katalon.core.webui.keyword.WebUiBuiltInKeywords$click$1.call(Unknown Source)
	at test case 38.run(test case 38:32)
	at com.kms.katalon.core.main.ScriptEngine.run(ScriptEngine.java:194)
	at com.kms.katalon.core.main.ScriptEngine.runScriptAsRawText(ScriptEngine.java:119)
	at com.kms.katalon.core.main.TestCaseExecutor.runScript(TestCaseExecutor.java:442)
	at com.kms.katalon.core.main.TestCaseExecutor.doExecute(TestCaseExecutor.java:433)
	at com.kms.katalon.core.main.TestCaseExecutor.processExecutionPhase(TestCaseExecutor.java:412)
	at com.kms.katalon.core.main.TestCaseExecutor.accessMainPhase(TestCaseExecutor.java:404)
	at com.kms.katalon.core.main.TestCaseExecutor.execute(TestCaseExecutor.java:281)
	at com.kms.katalon.core.main.TestSuiteExecutor.accessTestCaseMainPhase(TestSuiteExecutor.java:202)
	at com.kms.katalon.core.main.TestSuiteExecutor.accessTestSuiteMainPhase(TestSuiteExecutor.java:164)
	at com.kms.katalon.core.main.TestSuiteExecutor.execute(TestSuiteExecutor.java:105)
	at com.kms.katalon.core.main.TestCaseMain.startTestSuite(TestCaseMain.java:181)
	at com.kms.katalon.core.main.TestCaseMain$startTestSuite$0.call(Unknown Source)
	at TempTestSuite1642265296699.run(TempTestSuite1642265296699.groovy:36)
Caused by: com.kms.katalon.core.webui.exception.WebElementNotFoundException: Web element with id: 'Object Repository/Page_Dashboard/a_Quach Minh Khoi' located by '//a[@id='action-menu-toggle-1']' not found
	at com.kms.katalon.core.webui.common.WebUiCommonHelper.findWebElement(WebUiCommonHelper.java:1368)
	at com.kms.katalon.core.webui.keyword.internal.WebUIAbstractKeyword.findWebElement(WebUIAbstractKeyword.groovy:27)
	at com.kms.katalon.core.webui.keyword.builtin.ClickKeyword$_click_closure1.doCall(ClickKeyword.groovy:65)
	at com.kms.katalon.core.webui.keyword.builtin.ClickKeyword$_click_closure1.call(ClickKeyword.groovy)
	at com.kms.katalon.core.webui.keyword.internal.WebUIKeywordMain.runKeyword(WebUIKeywordMain.groovy:20)
	... 19 more


2022-01-16 00:46:01 - [TEST_STEP][PASSED] - openBrowser(""): Browser is opened with url: ''

2022-01-16 00:46:01 - [MESSAGE][INFO] - Starting 'Chrome' driver

2022-01-16 00:46:01 - [MESSAGE][INFO] - Action delay is set to 0 milliseconds

2022-01-16 00:46:02 - [MESSAGE][PASSED] - Browser is opened with url: ''

2022-01-16 00:46:02 - [TEST_STEP][PASSED] - navigateToUrl("http://localhost/"): Navigate to 'http://localhost/' successfully

2022-01-16 00:46:04 - [MESSAGE][PASSED] - Navigate to 'http://localhost/' successfully

2022-01-16 00:46:04 - [TEST_STEP][PASSED] - click(findTestObject("Object Repository/Page_Moodle/a_Log in")): Object: 'Object Repository/Page_Moodle/a_Log in' is clicked on

2022-01-16 00:46:04 - [MESSAGE][PASSED] - Object: 'Object Repository/Page_Moodle/a_Log in' is clicked on

2022-01-16 00:46:04 - [TEST_STEP][PASSED] - setText(findTestObject("Object Repository/Page_Moodle Log in to the site/input_Username_username"), "qmkhoi"): Text 'qmkhoi' is set on object 'Object Repository/Page_Moodle Log in to the site/input_Username_username'

2022-01-16 00:46:05 - [MESSAGE][PASSED] - Text 'qmkhoi' is set on object 'Object Repository/Page_Moodle Log in to the site/input_Username_username'

2022-01-16 00:46:05 - [TEST_STEP][PASSED] - setEncryptedText(findTestObject("Object Repository/Page_Moodle Log in to the site/input_Password_password"), "eiP2h/EMT1hJlGmKEGA7sg=="): Text ****** has been set on object 'Object Repository/Page_Moodle Log in to the site/input_Password_password'

2022-01-16 00:46:06 - [MESSAGE][PASSED] - Text ****** has been set on object 'Object Repository/Page_Moodle Log in to the site/input_Password_password'

2022-01-16 00:46:06 - [TEST_STEP][PASSED] - click(findTestObject("Object Repository/Page_Moodle Log in to the site/button_Log in")): Object: 'Object Repository/Page_Moodle Log in to the site/button_Log in' is clicked on

2022-01-16 00:46:06 - [MESSAGE][PASSED] - Object: 'Object Repository/Page_Moodle Log in to the site/button_Log in' is clicked on

2022-01-16 00:46:06 - [TEST_STEP][FAILED] - click(findTestObject("Object Repository/Page_Dashboard/a_Quach Minh Khoi")): Unable to click on object 'Object Repository/Page_Dashboard/a_Quach Minh Khoi' (Root cause: com.kms.katalon.core.exception.StepFailedException: Unable to click on object 'Object Repository/Page_Dashboard/a_Quach Minh Khoi'
	at com.kms.katalon.core.webui.keyword.internal.WebUIKeywordMain.stepFailed(WebUIKeywordMain.groovy:64)
	at com.kms.katalon.core.webui.keyword.internal.WebUIKeywordMain.runKeyword(WebUIKeywordMain.groovy:26)
	at com.kms.katalon.core.webui.keyword.builtin.ClickKeyword.click(ClickKeyword.groovy:74)
	at com.kms.katalon.core.webui.keyword.builtin.ClickKeyword.execute(ClickKeyword.groovy:40)
	at com.kms.katalon.core.keyword.internal.KeywordExecutor.executeKeywordForPlatform(KeywordExecutor.groovy:74)
	at com.kms.katalon.core.webui.keyword.WebUiBuiltInKeywords.click(WebUiBuiltInKeywords.groovy:620)
	at com.kms.katalon.core.webui.keyword.WebUiBuiltInKeywords$click$1.call(Unknown Source)
	at test case 38.run(test case 38:32)
	at com.kms.katalon.core.main.ScriptEngine.run(ScriptEngine.java:194)
	at com.kms.katalon.core.main.ScriptEngine.runScriptAsRawText(ScriptEngine.java:119)
	at com.kms.katalon.core.main.TestCaseExecutor.runScript(TestCaseExecutor.java:442)
	at com.kms.katalon.core.main.TestCaseExecutor.doExecute(TestCaseExecutor.java:433)
	at com.kms.katalon.core.main.TestCaseExecutor.processExecutionPhase(TestCaseExecutor.java:412)
	at com.kms.katalon.core.main.TestCaseExecutor.accessMainPhase(TestCaseExecutor.java:404)
	at com.kms.katalon.core.main.TestCaseExecutor.execute(TestCaseExecutor.java:281)
	at com.kms.katalon.core.main.TestSuiteExecutor.accessTestCaseMainPhase(TestSuiteExecutor.java:202)
	at com.kms.katalon.core.main.TestSuiteExecutor.accessTestSuiteMainPhase(TestSuiteExecutor.java:164)
	at com.kms.katalon.core.main.TestSuiteExecutor.execute(TestSuiteExecutor.java:105)
	at com.kms.katalon.core.main.TestCaseMain.startTestSuite(TestCaseMain.java:181)
	at com.kms.katalon.core.main.TestCaseMain$startTestSuite$0.call(Unknown Source)
	at TempTestSuite1642265296699.run(TempTestSuite1642265296699.groovy:36)
Caused by: com.kms.katalon.core.webui.exception.WebElementNotFoundException: Web element with id: 'Object Repository/Page_Dashboard/a_Quach Minh Khoi' located by '//a[@id='action-menu-toggle-1']' not found
	at com.kms.katalon.core.webui.common.WebUiCommonHelper.findWebElement(WebUiCommonHelper.java:1368)
	at com.kms.katalon.core.webui.keyword.internal.WebUIAbstractKeyword.findWebElement(WebUIAbstractKeyword.groovy:27)
	at com.kms.katalon.core.webui.keyword.builtin.ClickKeyword$_click_closure1.doCall(ClickKeyword.groovy:65)
	at com.kms.katalon.core.webui.keyword.builtin.ClickKeyword$_click_closure1.call(ClickKeyword.groovy)
	at com.kms.katalon.core.webui.keyword.internal.WebUIKeywordMain.runKeyword(WebUIKeywordMain.groovy:20)
	at com.kms.katalon.core.webui.keyword.builtin.ClickKeyword.click(ClickKeyword.groovy:74)
	at com.kms.katalon.core.webui.keyword.builtin.ClickKeyword.execute(ClickKeyword.groovy:40)
	at com.kms.katalon.core.keyword.internal.KeywordExecutor.executeKeywordForPlatform(KeywordExecutor.groovy:74)
	at com.kms.katalon.core.webui.keyword.WebUiBuiltInKeywords.click(WebUiBuiltInKeywords.groovy:620)
	at com.kms.katalon.core.webui.keyword.WebUiBuiltInKeywords$click$1.call(Unknown Source)
	at Script1642204970951.run(Script1642204970951.groovy:32)
	... 13 more
)

2022-01-16 00:46:37 - [MESSAGE][INFO] - Unable to find the element located by 'By.xpath: //a[@id='action-menu-toggle-1']'. Please recheck the objects properties to make sure the desired element is located. 

2022-01-16 00:46:37 - [MESSAGE][WARNING] - [SELF-HEALING] Failed to find element with id 'Object Repository/Page_Dashboard/a_Quach Minh Khoi'. Try using Self-healing.

2022-01-16 00:46:38 - [MESSAGE][INFO] - [SELF-HEALING] Failed Locator: '//a[@id='action-menu-toggle-1']'.

2022-01-16 00:46:38 - [MESSAGE][INFO] - [SELF-HEALING] Failed Locator: '//div[@id='action-menu-1-menubar']/div/div/a'.

2022-01-16 00:46:38 - [MESSAGE][INFO] - [SELF-HEALING] Failed Locator: '(.//*[normalize-space(text()) and normalize-space(.)='See all'])[1]/following::a[2]'.

2022-01-16 00:46:38 - [MESSAGE][INFO] - [SELF-HEALING] Failed Locator: '(.//*[normalize-space(text()) and normalize-space(.)='You have no notifications'])[1]/following::a[3]'.

2022-01-16 00:46:39 - [MESSAGE][INFO] - [SELF-HEALING] Failed Locator: '(.//*[normalize-space(text()) and normalize-space(.)='Dashboard'])[2]/preceding::a[1]'.

2022-01-16 00:46:39 - [MESSAGE][INFO] - [SELF-HEALING] Failed Locator: '(//a[contains(@href, '#')])[4]'.

2022-01-16 00:46:39 - [MESSAGE][INFO] - [SELF-HEALING] Failed Locator: '//li[2]/div/div/div/div/div/a'.

2022-01-16 00:46:40 - [MESSAGE][INFO] - Unable to find the element located by 'By.xpath: //*[@href = '#' and @id = 'action-menu-toggle-1' and (text() = '
                            
                            Quach Minh Khoi
                                
                            
                        ' or . = '
                            
                            Quach Minh Khoi
                                
                            
                        ')]'. Please recheck the objects properties to make sure the desired element is located. 

2022-01-16 00:46:41 - [MESSAGE][INFO] - Unable to find the element located by 'By.cssSelector: #action-menu-toggle-1'. Please recheck the objects properties to make sure the desired element is located. 

2022-01-16 00:46:41 - [MESSAGE][FAILED] - Unable to click on object 'Object Repository/Page_Dashboard/a_Quach Minh Khoi' (Root cause: com.kms.katalon.core.exception.StepFailedException: Unable to click on object 'Object Repository/Page_Dashboard/a_Quach Minh Khoi'
	at com.kms.katalon.core.webui.keyword.internal.WebUIKeywordMain.stepFailed(WebUIKeywordMain.groovy:64)
	at com.kms.katalon.core.webui.keyword.internal.WebUIKeywordMain.runKeyword(WebUIKeywordMain.groovy:26)
	at com.kms.katalon.core.webui.keyword.builtin.ClickKeyword.click(ClickKeyword.groovy:74)
	at com.kms.katalon.core.webui.keyword.builtin.ClickKeyword.execute(ClickKeyword.groovy:40)
	at com.kms.katalon.core.keyword.internal.KeywordExecutor.executeKeywordForPlatform(KeywordExecutor.groovy:74)
	at com.kms.katalon.core.webui.keyword.WebUiBuiltInKeywords.click(WebUiBuiltInKeywords.groovy:620)
	at com.kms.katalon.core.webui.keyword.WebUiBuiltInKeywords$click$1.call(Unknown Source)
	at test case 38.run(test case 38:32)
	at com.kms.katalon.core.main.ScriptEngine.run(ScriptEngine.java:194)
	at com.kms.katalon.core.main.ScriptEngine.runScriptAsRawText(ScriptEngine.java:119)
	at com.kms.katalon.core.main.TestCaseExecutor.runScript(TestCaseExecutor.java:442)
	at com.kms.katalon.core.main.TestCaseExecutor.doExecute(TestCaseExecutor.java:433)
	at com.kms.katalon.core.main.TestCaseExecutor.processExecutionPhase(TestCaseExecutor.java:412)
	at com.kms.katalon.core.main.TestCaseExecutor.accessMainPhase(TestCaseExecutor.java:404)
	at com.kms.katalon.core.main.TestCaseExecutor.execute(TestCaseExecutor.java:281)
	at com.kms.katalon.core.main.TestSuiteExecutor.accessTestCaseMainPhase(TestSuiteExecutor.java:202)
	at com.kms.katalon.core.main.TestSuiteExecutor.accessTestSuiteMainPhase(TestSuiteExecutor.java:164)
	at com.kms.katalon.core.main.TestSuiteExecutor.execute(TestSuiteExecutor.java:105)
	at com.kms.katalon.core.main.TestCaseMain.startTestSuite(TestCaseMain.java:181)
	at com.kms.katalon.core.main.TestCaseMain$startTestSuite$0.call(Unknown Source)
	at TempTestSuite1642265296699.run(TempTestSuite1642265296699.groovy:36)
Caused by: com.kms.katalon.core.webui.exception.WebElementNotFoundException: Web element with id: 'Object Repository/Page_Dashboard/a_Quach Minh Khoi' located by '//a[@id='action-menu-toggle-1']' not found
	at com.kms.katalon.core.webui.common.WebUiCommonHelper.findWebElement(WebUiCommonHelper.java:1368)
	at com.kms.katalon.core.webui.keyword.internal.WebUIAbstractKeyword.findWebElement(WebUIAbstractKeyword.groovy:27)
	at com.kms.katalon.core.webui.keyword.builtin.ClickKeyword$_click_closure1.doCall(ClickKeyword.groovy:65)
	at com.kms.katalon.core.webui.keyword.builtin.ClickKeyword$_click_closure1.call(ClickKeyword.groovy)
	at com.kms.katalon.core.webui.keyword.internal.WebUIKeywordMain.runKeyword(WebUIKeywordMain.groovy:20)
	at com.kms.katalon.core.webui.keyword.builtin.ClickKeyword.click(ClickKeyword.groovy:74)
	at com.kms.katalon.core.webui.keyword.builtin.ClickKeyword.execute(ClickKeyword.groovy:40)
	at com.kms.katalon.core.keyword.internal.KeywordExecutor.executeKeywordForPlatform(KeywordExecutor.groovy:74)
	at com.kms.katalon.core.webui.keyword.WebUiBuiltInKeywords.click(WebUiBuiltInKeywords.groovy:620)
	at com.kms.katalon.core.webui.keyword.WebUiBuiltInKeywords$click$1.call(Unknown Source)
	at Script1642204970951.run(Script1642204970951.groovy:32)
	... 13 more
)
[[ATTACHMENT|D:\\Test-Automation-SE-Bonus\\Test-Automation-SE-Bonus\\Reports\\20220115_234816\\Run all test cases\\20220115_234816\\1642268801720.png]]]]></system-out>
         <system-err><![CDATA[2022-01-16 00:46:01 - [TEST_CASE][FAILED] - Test Cases/test case 38: Test Cases/test case 38 FAILED.
Reason:
com.kms.katalon.core.exception.StepFailedException: Unable to click on object 'Object Repository/Page_Dashboard/a_Quach Minh Khoi'
	at com.kms.katalon.core.webui.keyword.internal.WebUIKeywordMain.stepFailed(WebUIKeywordMain.groovy:64)
	at com.kms.katalon.core.webui.keyword.internal.WebUIKeywordMain.runKeyword(WebUIKeywordMain.groovy:26)
	at com.kms.katalon.core.webui.keyword.builtin.ClickKeyword.click(ClickKeyword.groovy:74)
	at com.kms.katalon.core.webui.keyword.builtin.ClickKeyword.execute(ClickKeyword.groovy:40)
	at com.kms.katalon.core.keyword.internal.KeywordExecutor.executeKeywordForPlatform(KeywordExecutor.groovy:74)
	at com.kms.katalon.core.webui.keyword.WebUiBuiltInKeywords.click(WebUiBuiltInKeywords.groovy:620)
	at com.kms.katalon.core.webui.keyword.WebUiBuiltInKeywords$click$1.call(Unknown Source)
	at test case 38.run(test case 38:32)
	at com.kms.katalon.core.main.ScriptEngine.run(ScriptEngine.java:194)
	at com.kms.katalon.core.main.ScriptEngine.runScriptAsRawText(ScriptEngine.java:119)
	at com.kms.katalon.core.main.TestCaseExecutor.runScript(TestCaseExecutor.java:442)
	at com.kms.katalon.core.main.TestCaseExecutor.doExecute(TestCaseExecutor.java:433)
	at com.kms.katalon.core.main.TestCaseExecutor.processExecutionPhase(TestCaseExecutor.java:412)
	at com.kms.katalon.core.main.TestCaseExecutor.accessMainPhase(TestCaseExecutor.java:404)
	at com.kms.katalon.core.main.TestCaseExecutor.execute(TestCaseExecutor.java:281)
	at com.kms.katalon.core.main.TestSuiteExecutor.accessTestCaseMainPhase(TestSuiteExecutor.java:202)
	at com.kms.katalon.core.main.TestSuiteExecutor.accessTestSuiteMainPhase(TestSuiteExecutor.java:164)
	at com.kms.katalon.core.main.TestSuiteExecutor.execute(TestSuiteExecutor.java:105)
	at com.kms.katalon.core.main.TestCaseMain.startTestSuite(TestCaseMain.java:181)
	at com.kms.katalon.core.main.TestCaseMain$startTestSuite$0.call(Unknown Source)
	at TempTestSuite1642265296699.run(TempTestSuite1642265296699.groovy:36)
Caused by: com.kms.katalon.core.webui.exception.WebElementNotFoundException: Web element with id: 'Object Repository/Page_Dashboard/a_Quach Minh Khoi' located by '//a[@id='action-menu-toggle-1']' not found
	at com.kms.katalon.core.webui.common.WebUiCommonHelper.findWebElement(WebUiCommonHelper.java:1368)
	at com.kms.katalon.core.webui.keyword.internal.WebUIAbstractKeyword.findWebElement(WebUIAbstractKeyword.groovy:27)
	at com.kms.katalon.core.webui.keyword.builtin.ClickKeyword$_click_closure1.doCall(ClickKeyword.groovy:65)
	at com.kms.katalon.core.webui.keyword.builtin.ClickKeyword$_click_closure1.call(ClickKeyword.groovy)
	at com.kms.katalon.core.webui.keyword.internal.WebUIKeywordMain.runKeyword(WebUIKeywordMain.groovy:20)
	... 19 more]]></system-err>
      </testcase>
      <testcase name="Test Cases/test case 39" time="41.386" classname="Test Cases/test case 39" status="FAILED">
         <failure type="FAILED" message="Test Cases/test case 39 FAILED.
Reason:
com.kms.katalon.core.exception.StepFailedException: Unable to click on object 'Object Repository/Page_Dashboard/a_Quach Minh Khoi'
	at com.kms.katalon.core.webui.keyword.internal.WebUIKeywordMain.stepFailed(WebUIKeywordMain.groovy:64)
	at com.kms.katalon.core.webui.keyword.internal.WebUIKeywordMain.runKeyword(WebUIKeywordMain.groovy:26)
	at com.kms.katalon.core.webui.keyword.builtin.ClickKeyword.click(ClickKeyword.groovy:74)
	at com.kms.katalon.core.webui.keyword.builtin.ClickKeyword.execute(ClickKeyword.groovy:40)
	at com.kms.katalon.core.keyword.internal.KeywordExecutor.executeKeywordForPlatform(KeywordExecutor.groovy:74)
	at com.kms.katalon.core.webui.keyword.WebUiBuiltInKeywords.click(WebUiBuiltInKeywords.groovy:620)
	at com.kms.katalon.core.webui.keyword.WebUiBuiltInKeywords$click$1.call(Unknown Source)
	at test case 39.run(test case 39:32)
	at com.kms.katalon.core.main.ScriptEngine.run(ScriptEngine.java:194)
	at com.kms.katalon.core.main.ScriptEngine.runScriptAsRawText(ScriptEngine.java:119)
	at com.kms.katalon.core.main.TestCaseExecutor.runScript(TestCaseExecutor.java:442)
	at com.kms.katalon.core.main.TestCaseExecutor.doExecute(TestCaseExecutor.java:433)
	at com.kms.katalon.core.main.TestCaseExecutor.processExecutionPhase(TestCaseExecutor.java:412)
	at com.kms.katalon.core.main.TestCaseExecutor.accessMainPhase(TestCaseExecutor.java:404)
	at com.kms.katalon.core.main.TestCaseExecutor.execute(TestCaseExecutor.java:281)
	at com.kms.katalon.core.main.TestSuiteExecutor.accessTestCaseMainPhase(TestSuiteExecutor.java:202)
	at com.kms.katalon.core.main.TestSuiteExecutor.accessTestSuiteMainPhase(TestSuiteExecutor.java:164)
	at com.kms.katalon.core.main.TestSuiteExecutor.execute(TestSuiteExecutor.java:105)
	at com.kms.katalon.core.main.TestCaseMain.startTestSuite(TestCaseMain.java:181)
	at com.kms.katalon.core.main.TestCaseMain$startTestSuite$0.call(Unknown Source)
	at TempTestSuite1642265296699.run(TempTestSuite1642265296699.groovy:36)
Caused by: com.kms.katalon.core.webui.exception.WebElementNotFoundException: Web element with id: 'Object Repository/Page_Dashboard/a_Quach Minh Khoi' located by '//a[@id='action-menu-toggle-1']' not found
	at com.kms.katalon.core.webui.common.WebUiCommonHelper.findWebElement(WebUiCommonHelper.java:1368)
	at com.kms.katalon.core.webui.keyword.internal.WebUIAbstractKeyword.findWebElement(WebUIAbstractKeyword.groovy:27)
	at com.kms.katalon.core.webui.keyword.builtin.ClickKeyword$_click_closure1.doCall(ClickKeyword.groovy:65)
	at com.kms.katalon.core.webui.keyword.builtin.ClickKeyword$_click_closure1.call(ClickKeyword.groovy)
	at com.kms.katalon.core.webui.keyword.internal.WebUIKeywordMain.runKeyword(WebUIKeywordMain.groovy:20)
	... 19 more
"/>
         <system-out><![CDATA[2022-01-16 00:46:41 - [TEST_CASE][FAILED] - Test Cases/test case 39: Test Cases/test case 39 FAILED.
Reason:
com.kms.katalon.core.exception.StepFailedException: Unable to click on object 'Object Repository/Page_Dashboard/a_Quach Minh Khoi'
	at com.kms.katalon.core.webui.keyword.internal.WebUIKeywordMain.stepFailed(WebUIKeywordMain.groovy:64)
	at com.kms.katalon.core.webui.keyword.internal.WebUIKeywordMain.runKeyword(WebUIKeywordMain.groovy:26)
	at com.kms.katalon.core.webui.keyword.builtin.ClickKeyword.click(ClickKeyword.groovy:74)
	at com.kms.katalon.core.webui.keyword.builtin.ClickKeyword.execute(ClickKeyword.groovy:40)
	at com.kms.katalon.core.keyword.internal.KeywordExecutor.executeKeywordForPlatform(KeywordExecutor.groovy:74)
	at com.kms.katalon.core.webui.keyword.WebUiBuiltInKeywords.click(WebUiBuiltInKeywords.groovy:620)
	at com.kms.katalon.core.webui.keyword.WebUiBuiltInKeywords$click$1.call(Unknown Source)
	at test case 39.run(test case 39:32)
	at com.kms.katalon.core.main.ScriptEngine.run(ScriptEngine.java:194)
	at com.kms.katalon.core.main.ScriptEngine.runScriptAsRawText(ScriptEngine.java:119)
	at com.kms.katalon.core.main.TestCaseExecutor.runScript(TestCaseExecutor.java:442)
	at com.kms.katalon.core.main.TestCaseExecutor.doExecute(TestCaseExecutor.java:433)
	at com.kms.katalon.core.main.TestCaseExecutor.processExecutionPhase(TestCaseExecutor.java:412)
	at com.kms.katalon.core.main.TestCaseExecutor.accessMainPhase(TestCaseExecutor.java:404)
	at com.kms.katalon.core.main.TestCaseExecutor.execute(TestCaseExecutor.java:281)
	at com.kms.katalon.core.main.TestSuiteExecutor.accessTestCaseMainPhase(TestSuiteExecutor.java:202)
	at com.kms.katalon.core.main.TestSuiteExecutor.accessTestSuiteMainPhase(TestSuiteExecutor.java:164)
	at com.kms.katalon.core.main.TestSuiteExecutor.execute(TestSuiteExecutor.java:105)
	at com.kms.katalon.core.main.TestCaseMain.startTestSuite(TestCaseMain.java:181)
	at com.kms.katalon.core.main.TestCaseMain$startTestSuite$0.call(Unknown Source)
	at TempTestSuite1642265296699.run(TempTestSuite1642265296699.groovy:36)
Caused by: com.kms.katalon.core.webui.exception.WebElementNotFoundException: Web element with id: 'Object Repository/Page_Dashboard/a_Quach Minh Khoi' located by '//a[@id='action-menu-toggle-1']' not found
	at com.kms.katalon.core.webui.common.WebUiCommonHelper.findWebElement(WebUiCommonHelper.java:1368)
	at com.kms.katalon.core.webui.keyword.internal.WebUIAbstractKeyword.findWebElement(WebUIAbstractKeyword.groovy:27)
	at com.kms.katalon.core.webui.keyword.builtin.ClickKeyword$_click_closure1.doCall(ClickKeyword.groovy:65)
	at com.kms.katalon.core.webui.keyword.builtin.ClickKeyword$_click_closure1.call(ClickKeyword.groovy)
	at com.kms.katalon.core.webui.keyword.internal.WebUIKeywordMain.runKeyword(WebUIKeywordMain.groovy:20)
	... 19 more


2022-01-16 00:46:42 - [TEST_STEP][PASSED] - openBrowser(""): Browser is opened with url: ''

2022-01-16 00:46:42 - [MESSAGE][WARNING] - A browser is already opened. Closing browser and opening a new one

2022-01-16 00:46:42 - [MESSAGE][INFO] - Starting 'Chrome' driver

2022-01-16 00:46:42 - [MESSAGE][INFO] - Action delay is set to 0 milliseconds

2022-01-16 00:46:43 - [MESSAGE][PASSED] - Browser is opened with url: ''

2022-01-16 00:46:43 - [TEST_STEP][PASSED] - navigateToUrl("http://localhost/"): Navigate to 'http://localhost/' successfully

2022-01-16 00:46:45 - [MESSAGE][PASSED] - Navigate to 'http://localhost/' successfully

2022-01-16 00:46:45 - [TEST_STEP][PASSED] - click(findTestObject("Object Repository/Page_Moodle/a_Log in")): Object: 'Object Repository/Page_Moodle/a_Log in' is clicked on

2022-01-16 00:46:46 - [MESSAGE][PASSED] - Object: 'Object Repository/Page_Moodle/a_Log in' is clicked on

2022-01-16 00:46:46 - [TEST_STEP][PASSED] - setText(findTestObject("Object Repository/Page_Moodle Log in to the site/input_Username_username"), "qmkhoi"): Text 'qmkhoi' is set on object 'Object Repository/Page_Moodle Log in to the site/input_Username_username'

2022-01-16 00:46:47 - [MESSAGE][PASSED] - Text 'qmkhoi' is set on object 'Object Repository/Page_Moodle Log in to the site/input_Username_username'

2022-01-16 00:46:47 - [TEST_STEP][PASSED] - setEncryptedText(findTestObject("Object Repository/Page_Moodle Log in to the site/input_Password_password"), "eiP2h/EMT1hJlGmKEGA7sg=="): Text ****** has been set on object 'Object Repository/Page_Moodle Log in to the site/input_Password_password'

2022-01-16 00:46:47 - [MESSAGE][PASSED] - Text ****** has been set on object 'Object Repository/Page_Moodle Log in to the site/input_Password_password'

2022-01-16 00:46:47 - [TEST_STEP][PASSED] - click(findTestObject("Object Repository/Page_Moodle Log in to the site/button_Log in")): Object: 'Object Repository/Page_Moodle Log in to the site/button_Log in' is clicked on

2022-01-16 00:46:48 - [MESSAGE][PASSED] - Object: 'Object Repository/Page_Moodle Log in to the site/button_Log in' is clicked on

2022-01-16 00:46:48 - [TEST_STEP][FAILED] - click(findTestObject("Object Repository/Page_Dashboard/a_Quach Minh Khoi")): Unable to click on object 'Object Repository/Page_Dashboard/a_Quach Minh Khoi' (Root cause: com.kms.katalon.core.exception.StepFailedException: Unable to click on object 'Object Repository/Page_Dashboard/a_Quach Minh Khoi'
	at com.kms.katalon.core.webui.keyword.internal.WebUIKeywordMain.stepFailed(WebUIKeywordMain.groovy:64)
	at com.kms.katalon.core.webui.keyword.internal.WebUIKeywordMain.runKeyword(WebUIKeywordMain.groovy:26)
	at com.kms.katalon.core.webui.keyword.builtin.ClickKeyword.click(ClickKeyword.groovy:74)
	at com.kms.katalon.core.webui.keyword.builtin.ClickKeyword.execute(ClickKeyword.groovy:40)
	at com.kms.katalon.core.keyword.internal.KeywordExecutor.executeKeywordForPlatform(KeywordExecutor.groovy:74)
	at com.kms.katalon.core.webui.keyword.WebUiBuiltInKeywords.click(WebUiBuiltInKeywords.groovy:620)
	at com.kms.katalon.core.webui.keyword.WebUiBuiltInKeywords$click$1.call(Unknown Source)
	at test case 39.run(test case 39:32)
	at com.kms.katalon.core.main.ScriptEngine.run(ScriptEngine.java:194)
	at com.kms.katalon.core.main.ScriptEngine.runScriptAsRawText(ScriptEngine.java:119)
	at com.kms.katalon.core.main.TestCaseExecutor.runScript(TestCaseExecutor.java:442)
	at com.kms.katalon.core.main.TestCaseExecutor.doExecute(TestCaseExecutor.java:433)
	at com.kms.katalon.core.main.TestCaseExecutor.processExecutionPhase(TestCaseExecutor.java:412)
	at com.kms.katalon.core.main.TestCaseExecutor.accessMainPhase(TestCaseExecutor.java:404)
	at com.kms.katalon.core.main.TestCaseExecutor.execute(TestCaseExecutor.java:281)
	at com.kms.katalon.core.main.TestSuiteExecutor.accessTestCaseMainPhase(TestSuiteExecutor.java:202)
	at com.kms.katalon.core.main.TestSuiteExecutor.accessTestSuiteMainPhase(TestSuiteExecutor.java:164)
	at com.kms.katalon.core.main.TestSuiteExecutor.execute(TestSuiteExecutor.java:105)
	at com.kms.katalon.core.main.TestCaseMain.startTestSuite(TestCaseMain.java:181)
	at com.kms.katalon.core.main.TestCaseMain$startTestSuite$0.call(Unknown Source)
	at TempTestSuite1642265296699.run(TempTestSuite1642265296699.groovy:36)
Caused by: com.kms.katalon.core.webui.exception.WebElementNotFoundException: Web element with id: 'Object Repository/Page_Dashboard/a_Quach Minh Khoi' located by '//a[@id='action-menu-toggle-1']' not found
	at com.kms.katalon.core.webui.common.WebUiCommonHelper.findWebElement(WebUiCommonHelper.java:1368)
	at com.kms.katalon.core.webui.keyword.internal.WebUIAbstractKeyword.findWebElement(WebUIAbstractKeyword.groovy:27)
	at com.kms.katalon.core.webui.keyword.builtin.ClickKeyword$_click_closure1.doCall(ClickKeyword.groovy:65)
	at com.kms.katalon.core.webui.keyword.builtin.ClickKeyword$_click_closure1.call(ClickKeyword.groovy)
	at com.kms.katalon.core.webui.keyword.internal.WebUIKeywordMain.runKeyword(WebUIKeywordMain.groovy:20)
	at com.kms.katalon.core.webui.keyword.builtin.ClickKeyword.click(ClickKeyword.groovy:74)
	at com.kms.katalon.core.webui.keyword.builtin.ClickKeyword.execute(ClickKeyword.groovy:40)
	at com.kms.katalon.core.keyword.internal.KeywordExecutor.executeKeywordForPlatform(KeywordExecutor.groovy:74)
	at com.kms.katalon.core.webui.keyword.WebUiBuiltInKeywords.click(WebUiBuiltInKeywords.groovy:620)
	at com.kms.katalon.core.webui.keyword.WebUiBuiltInKeywords$click$1.call(Unknown Source)
	at Script1642205122755.run(Script1642205122755.groovy:32)
	... 13 more
)

2022-01-16 00:47:19 - [MESSAGE][INFO] - Unable to find the element located by 'By.xpath: //a[@id='action-menu-toggle-1']'. Please recheck the objects properties to make sure the desired element is located. 

2022-01-16 00:47:19 - [MESSAGE][WARNING] - [SELF-HEALING] Failed to find element with id 'Object Repository/Page_Dashboard/a_Quach Minh Khoi'. Try using Self-healing.

2022-01-16 00:47:19 - [MESSAGE][INFO] - [SELF-HEALING] Failed Locator: '//a[@id='action-menu-toggle-1']'.

2022-01-16 00:47:19 - [MESSAGE][INFO] - [SELF-HEALING] Failed Locator: '//div[@id='action-menu-1-menubar']/div/div/a'.

2022-01-16 00:47:19 - [MESSAGE][INFO] - [SELF-HEALING] Failed Locator: '(.//*[normalize-space(text()) and normalize-space(.)='See all'])[1]/following::a[2]'.

2022-01-16 00:47:20 - [MESSAGE][INFO] - [SELF-HEALING] Failed Locator: '(.//*[normalize-space(text()) and normalize-space(.)='You have no notifications'])[1]/following::a[3]'.

2022-01-16 00:47:20 - [MESSAGE][INFO] - [SELF-HEALING] Failed Locator: '(.//*[normalize-space(text()) and normalize-space(.)='Dashboard'])[2]/preceding::a[1]'.

2022-01-16 00:47:20 - [MESSAGE][INFO] - [SELF-HEALING] Failed Locator: '(//a[contains(@href, '#')])[4]'.

2022-01-16 00:47:20 - [MESSAGE][INFO] - [SELF-HEALING] Failed Locator: '//li[2]/div/div/div/div/div/a'.

2022-01-16 00:47:21 - [MESSAGE][INFO] - Unable to find the element located by 'By.xpath: //*[@href = '#' and @id = 'action-menu-toggle-1' and (text() = '
                            
                            Quach Minh Khoi
                                
                            
                        ' or . = '
                            
                            Quach Minh Khoi
                                
                            
                        ')]'. Please recheck the objects properties to make sure the desired element is located. 

2022-01-16 00:47:23 - [MESSAGE][INFO] - Unable to find the element located by 'By.cssSelector: #action-menu-toggle-1'. Please recheck the objects properties to make sure the desired element is located. 

2022-01-16 00:47:23 - [MESSAGE][FAILED] - Unable to click on object 'Object Repository/Page_Dashboard/a_Quach Minh Khoi' (Root cause: com.kms.katalon.core.exception.StepFailedException: Unable to click on object 'Object Repository/Page_Dashboard/a_Quach Minh Khoi'
	at com.kms.katalon.core.webui.keyword.internal.WebUIKeywordMain.stepFailed(WebUIKeywordMain.groovy:64)
	at com.kms.katalon.core.webui.keyword.internal.WebUIKeywordMain.runKeyword(WebUIKeywordMain.groovy:26)
	at com.kms.katalon.core.webui.keyword.builtin.ClickKeyword.click(ClickKeyword.groovy:74)
	at com.kms.katalon.core.webui.keyword.builtin.ClickKeyword.execute(ClickKeyword.groovy:40)
	at com.kms.katalon.core.keyword.internal.KeywordExecutor.executeKeywordForPlatform(KeywordExecutor.groovy:74)
	at com.kms.katalon.core.webui.keyword.WebUiBuiltInKeywords.click(WebUiBuiltInKeywords.groovy:620)
	at com.kms.katalon.core.webui.keyword.WebUiBuiltInKeywords$click$1.call(Unknown Source)
	at test case 39.run(test case 39:32)
	at com.kms.katalon.core.main.ScriptEngine.run(ScriptEngine.java:194)
	at com.kms.katalon.core.main.ScriptEngine.runScriptAsRawText(ScriptEngine.java:119)
	at com.kms.katalon.core.main.TestCaseExecutor.runScript(TestCaseExecutor.java:442)
	at com.kms.katalon.core.main.TestCaseExecutor.doExecute(TestCaseExecutor.java:433)
	at com.kms.katalon.core.main.TestCaseExecutor.processExecutionPhase(TestCaseExecutor.java:412)
	at com.kms.katalon.core.main.TestCaseExecutor.accessMainPhase(TestCaseExecutor.java:404)
	at com.kms.katalon.core.main.TestCaseExecutor.execute(TestCaseExecutor.java:281)
	at com.kms.katalon.core.main.TestSuiteExecutor.accessTestCaseMainPhase(TestSuiteExecutor.java:202)
	at com.kms.katalon.core.main.TestSuiteExecutor.accessTestSuiteMainPhase(TestSuiteExecutor.java:164)
	at com.kms.katalon.core.main.TestSuiteExecutor.execute(TestSuiteExecutor.java:105)
	at com.kms.katalon.core.main.TestCaseMain.startTestSuite(TestCaseMain.java:181)
	at com.kms.katalon.core.main.TestCaseMain$startTestSuite$0.call(Unknown Source)
	at TempTestSuite1642265296699.run(TempTestSuite1642265296699.groovy:36)
Caused by: com.kms.katalon.core.webui.exception.WebElementNotFoundException: Web element with id: 'Object Repository/Page_Dashboard/a_Quach Minh Khoi' located by '//a[@id='action-menu-toggle-1']' not found
	at com.kms.katalon.core.webui.common.WebUiCommonHelper.findWebElement(WebUiCommonHelper.java:1368)
	at com.kms.katalon.core.webui.keyword.internal.WebUIAbstractKeyword.findWebElement(WebUIAbstractKeyword.groovy:27)
	at com.kms.katalon.core.webui.keyword.builtin.ClickKeyword$_click_closure1.doCall(ClickKeyword.groovy:65)
	at com.kms.katalon.core.webui.keyword.builtin.ClickKeyword$_click_closure1.call(ClickKeyword.groovy)
	at com.kms.katalon.core.webui.keyword.internal.WebUIKeywordMain.runKeyword(WebUIKeywordMain.groovy:20)
	at com.kms.katalon.core.webui.keyword.builtin.ClickKeyword.click(ClickKeyword.groovy:74)
	at com.kms.katalon.core.webui.keyword.builtin.ClickKeyword.execute(ClickKeyword.groovy:40)
	at com.kms.katalon.core.keyword.internal.KeywordExecutor.executeKeywordForPlatform(KeywordExecutor.groovy:74)
	at com.kms.katalon.core.webui.keyword.WebUiBuiltInKeywords.click(WebUiBuiltInKeywords.groovy:620)
	at com.kms.katalon.core.webui.keyword.WebUiBuiltInKeywords$click$1.call(Unknown Source)
	at Script1642205122755.run(Script1642205122755.groovy:32)
	... 13 more
)
[[ATTACHMENT|D:\\Test-Automation-SE-Bonus\\Test-Automation-SE-Bonus\\Reports\\20220115_234816\\Run all test cases\\20220115_234816\\1642268843104.png]]]]></system-out>
         <system-err><![CDATA[2022-01-16 00:46:41 - [TEST_CASE][FAILED] - Test Cases/test case 39: Test Cases/test case 39 FAILED.
Reason:
com.kms.katalon.core.exception.StepFailedException: Unable to click on object 'Object Repository/Page_Dashboard/a_Quach Minh Khoi'
	at com.kms.katalon.core.webui.keyword.internal.WebUIKeywordMain.stepFailed(WebUIKeywordMain.groovy:64)
	at com.kms.katalon.core.webui.keyword.internal.WebUIKeywordMain.runKeyword(WebUIKeywordMain.groovy:26)
	at com.kms.katalon.core.webui.keyword.builtin.ClickKeyword.click(ClickKeyword.groovy:74)
	at com.kms.katalon.core.webui.keyword.builtin.ClickKeyword.execute(ClickKeyword.groovy:40)
	at com.kms.katalon.core.keyword.internal.KeywordExecutor.executeKeywordForPlatform(KeywordExecutor.groovy:74)
	at com.kms.katalon.core.webui.keyword.WebUiBuiltInKeywords.click(WebUiBuiltInKeywords.groovy:620)
	at com.kms.katalon.core.webui.keyword.WebUiBuiltInKeywords$click$1.call(Unknown Source)
	at test case 39.run(test case 39:32)
	at com.kms.katalon.core.main.ScriptEngine.run(ScriptEngine.java:194)
	at com.kms.katalon.core.main.ScriptEngine.runScriptAsRawText(ScriptEngine.java:119)
	at com.kms.katalon.core.main.TestCaseExecutor.runScript(TestCaseExecutor.java:442)
	at com.kms.katalon.core.main.TestCaseExecutor.doExecute(TestCaseExecutor.java:433)
	at com.kms.katalon.core.main.TestCaseExecutor.processExecutionPhase(TestCaseExecutor.java:412)
	at com.kms.katalon.core.main.TestCaseExecutor.accessMainPhase(TestCaseExecutor.java:404)
	at com.kms.katalon.core.main.TestCaseExecutor.execute(TestCaseExecutor.java:281)
	at com.kms.katalon.core.main.TestSuiteExecutor.accessTestCaseMainPhase(TestSuiteExecutor.java:202)
	at com.kms.katalon.core.main.TestSuiteExecutor.accessTestSuiteMainPhase(TestSuiteExecutor.java:164)
	at com.kms.katalon.core.main.TestSuiteExecutor.execute(TestSuiteExecutor.java:105)
	at com.kms.katalon.core.main.TestCaseMain.startTestSuite(TestCaseMain.java:181)
	at com.kms.katalon.core.main.TestCaseMain$startTestSuite$0.call(Unknown Source)
	at TempTestSuite1642265296699.run(TempTestSuite1642265296699.groovy:36)
Caused by: com.kms.katalon.core.webui.exception.WebElementNotFoundException: Web element with id: 'Object Repository/Page_Dashboard/a_Quach Minh Khoi' located by '//a[@id='action-menu-toggle-1']' not found
	at com.kms.katalon.core.webui.common.WebUiCommonHelper.findWebElement(WebUiCommonHelper.java:1368)
	at com.kms.katalon.core.webui.keyword.internal.WebUIAbstractKeyword.findWebElement(WebUIAbstractKeyword.groovy:27)
	at com.kms.katalon.core.webui.keyword.builtin.ClickKeyword$_click_closure1.doCall(ClickKeyword.groovy:65)
	at com.kms.katalon.core.webui.keyword.builtin.ClickKeyword$_click_closure1.call(ClickKeyword.groovy)
	at com.kms.katalon.core.webui.keyword.internal.WebUIKeywordMain.runKeyword(WebUIKeywordMain.groovy:20)
	... 19 more]]></system-err>
      </testcase>
      <testcase name="Test Cases/test case 40" time="61.119" classname="Test Cases/test case 40" status="FAILED">
         <failure type="FAILED" message="Test Cases/test case 40 FAILED.
Reason:
com.kms.katalon.core.exception.StepFailedException: Verify element text of test object 'Object Repository/Page_Dashboard/span_IntroCS' FAILED.
	at com.kms.katalon.core.webui.keyword.internal.WebUIKeywordMain.stepFailed(WebUIKeywordMain.groovy:64)
	at com.kms.katalon.core.webui.keyword.internal.WebUIKeywordMain.runKeyword(WebUIKeywordMain.groovy:26)
	at com.kms.katalon.core.webui.keyword.builtin.VerifyElementTextKeyword.verifyElementText(VerifyElementTextKeyword.groovy:72)
	at com.kms.katalon.core.webui.keyword.builtin.VerifyElementTextKeyword.execute(VerifyElementTextKeyword.groovy:40)
	at com.kms.katalon.core.keyword.internal.KeywordExecutor.executeKeywordForPlatform(KeywordExecutor.groovy:74)
	at com.kms.katalon.core.webui.keyword.WebUiBuiltInKeywords.verifyElementText(WebUiBuiltInKeywords.groovy:4749)
	at com.kms.katalon.core.webui.keyword.WebUiBuiltInKeywords$verifyElementText$7.call(Unknown Source)
	at test case 40.run(test case 40:32)
	at com.kms.katalon.core.main.ScriptEngine.run(ScriptEngine.java:194)
	at com.kms.katalon.core.main.ScriptEngine.runScriptAsRawText(ScriptEngine.java:119)
	at com.kms.katalon.core.main.TestCaseExecutor.runScript(TestCaseExecutor.java:442)
	at com.kms.katalon.core.main.TestCaseExecutor.doExecute(TestCaseExecutor.java:433)
	at com.kms.katalon.core.main.TestCaseExecutor.processExecutionPhase(TestCaseExecutor.java:412)
	at com.kms.katalon.core.main.TestCaseExecutor.accessMainPhase(TestCaseExecutor.java:404)
	at com.kms.katalon.core.main.TestCaseExecutor.execute(TestCaseExecutor.java:281)
	at com.kms.katalon.core.main.TestSuiteExecutor.accessTestCaseMainPhase(TestSuiteExecutor.java:202)
	at com.kms.katalon.core.main.TestSuiteExecutor.accessTestSuiteMainPhase(TestSuiteExecutor.java:164)
	at com.kms.katalon.core.main.TestSuiteExecutor.execute(TestSuiteExecutor.java:105)
	at com.kms.katalon.core.main.TestCaseMain.startTestSuite(TestCaseMain.java:181)
	at com.kms.katalon.core.main.TestCaseMain$startTestSuite$0.call(Unknown Source)
	at TempTestSuite1642265296699.run(TempTestSuite1642265296699.groovy:36)
Caused by: com.kms.katalon.core.exception.StepFailedException: com.kms.katalon.core.webui.exception.WebElementNotFoundException: Web element with id: 'Object Repository/Page_Dashboard/span_IntroCS' located by '//div[@id='nav-drawer']/nav/ul/li[6]/a/div/div/span[2]' not found
	at com.kms.katalon.core.webui.keyword.internal.WebUIKeywordMain.stepFailed(WebUIKeywordMain.groovy:64)
	at com.kms.katalon.core.webui.keyword.builtin.VerifyElementTextKeyword$_verifyElementText_closure1.doCall(VerifyElementTextKeyword.groovy:64)
	at com.kms.katalon.core.webui.keyword.builtin.VerifyElementTextKeyword$_verifyElementText_closure1.call(VerifyElementTextKeyword.groovy)
	at com.kms.katalon.core.webui.keyword.internal.WebUIKeywordMain.runKeyword(WebUIKeywordMain.groovy:20)
	... 19 more
"/>
         <system-out><![CDATA[2022-01-16 00:47:23 - [TEST_CASE][FAILED] - Test Cases/test case 40: Test Cases/test case 40 FAILED.
Reason:
com.kms.katalon.core.exception.StepFailedException: Verify element text of test object 'Object Repository/Page_Dashboard/span_IntroCS' FAILED.
	at com.kms.katalon.core.webui.keyword.internal.WebUIKeywordMain.stepFailed(WebUIKeywordMain.groovy:64)
	at com.kms.katalon.core.webui.keyword.internal.WebUIKeywordMain.runKeyword(WebUIKeywordMain.groovy:26)
	at com.kms.katalon.core.webui.keyword.builtin.VerifyElementTextKeyword.verifyElementText(VerifyElementTextKeyword.groovy:72)
	at com.kms.katalon.core.webui.keyword.builtin.VerifyElementTextKeyword.execute(VerifyElementTextKeyword.groovy:40)
	at com.kms.katalon.core.keyword.internal.KeywordExecutor.executeKeywordForPlatform(KeywordExecutor.groovy:74)
	at com.kms.katalon.core.webui.keyword.WebUiBuiltInKeywords.verifyElementText(WebUiBuiltInKeywords.groovy:4749)
	at com.kms.katalon.core.webui.keyword.WebUiBuiltInKeywords$verifyElementText$7.call(Unknown Source)
	at test case 40.run(test case 40:32)
	at com.kms.katalon.core.main.ScriptEngine.run(ScriptEngine.java:194)
	at com.kms.katalon.core.main.ScriptEngine.runScriptAsRawText(ScriptEngine.java:119)
	at com.kms.katalon.core.main.TestCaseExecutor.runScript(TestCaseExecutor.java:442)
	at com.kms.katalon.core.main.TestCaseExecutor.doExecute(TestCaseExecutor.java:433)
	at com.kms.katalon.core.main.TestCaseExecutor.processExecutionPhase(TestCaseExecutor.java:412)
	at com.kms.katalon.core.main.TestCaseExecutor.accessMainPhase(TestCaseExecutor.java:404)
	at com.kms.katalon.core.main.TestCaseExecutor.execute(TestCaseExecutor.java:281)
	at com.kms.katalon.core.main.TestSuiteExecutor.accessTestCaseMainPhase(TestSuiteExecutor.java:202)
	at com.kms.katalon.core.main.TestSuiteExecutor.accessTestSuiteMainPhase(TestSuiteExecutor.java:164)
	at com.kms.katalon.core.main.TestSuiteExecutor.execute(TestSuiteExecutor.java:105)
	at com.kms.katalon.core.main.TestCaseMain.startTestSuite(TestCaseMain.java:181)
	at com.kms.katalon.core.main.TestCaseMain$startTestSuite$0.call(Unknown Source)
	at TempTestSuite1642265296699.run(TempTestSuite1642265296699.groovy:36)
Caused by: com.kms.katalon.core.exception.StepFailedException: com.kms.katalon.core.webui.exception.WebElementNotFoundException: Web element with id: 'Object Repository/Page_Dashboard/span_IntroCS' located by '//div[@id='nav-drawer']/nav/ul/li[6]/a/div/div/span[2]' not found
	at com.kms.katalon.core.webui.keyword.internal.WebUIKeywordMain.stepFailed(WebUIKeywordMain.groovy:64)
	at com.kms.katalon.core.webui.keyword.builtin.VerifyElementTextKeyword$_verifyElementText_closure1.doCall(VerifyElementTextKeyword.groovy:64)
	at com.kms.katalon.core.webui.keyword.builtin.VerifyElementTextKeyword$_verifyElementText_closure1.call(VerifyElementTextKeyword.groovy)
	at com.kms.katalon.core.webui.keyword.internal.WebUIKeywordMain.runKeyword(WebUIKeywordMain.groovy:20)
	... 19 more


2022-01-16 00:47:23 - [TEST_STEP][PASSED] - openBrowser(""): Browser is opened with url: ''

2022-01-16 00:47:23 - [MESSAGE][WARNING] - A browser is already opened. Closing browser and opening a new one

2022-01-16 00:47:24 - [MESSAGE][INFO] - Starting 'Chrome' driver

2022-01-16 00:47:24 - [MESSAGE][INFO] - Action delay is set to 0 milliseconds

2022-01-16 00:47:25 - [MESSAGE][PASSED] - Browser is opened with url: ''

2022-01-16 00:47:25 - [TEST_STEP][PASSED] - navigateToUrl("http://localhost/"): Navigate to 'http://localhost/' successfully

2022-01-16 00:47:26 - [MESSAGE][PASSED] - Navigate to 'http://localhost/' successfully

2022-01-16 00:47:26 - [TEST_STEP][PASSED] - click(findTestObject("Object Repository/Page_Moodle/a_Log in")): Object: 'Object Repository/Page_Moodle/a_Log in' is clicked on

2022-01-16 00:47:27 - [MESSAGE][PASSED] - Object: 'Object Repository/Page_Moodle/a_Log in' is clicked on

2022-01-16 00:47:27 - [TEST_STEP][PASSED] - setText(findTestObject("Object Repository/Page_Moodle Log in to the site/input_Username_username"), "qmkhoi"): Text 'qmkhoi' is set on object 'Object Repository/Page_Moodle Log in to the site/input_Username_username'

2022-01-16 00:47:28 - [MESSAGE][PASSED] - Text 'qmkhoi' is set on object 'Object Repository/Page_Moodle Log in to the site/input_Username_username'

2022-01-16 00:47:28 - [TEST_STEP][PASSED] - setEncryptedText(findTestObject("Object Repository/Page_Moodle Log in to the site/input_Password_password"), "eiP2h/EMT1hJlGmKEGA7sg=="): Text ****** has been set on object 'Object Repository/Page_Moodle Log in to the site/input_Password_password'

2022-01-16 00:47:28 - [MESSAGE][PASSED] - Text ****** has been set on object 'Object Repository/Page_Moodle Log in to the site/input_Password_password'

2022-01-16 00:47:28 - [TEST_STEP][PASSED] - click(findTestObject("Object Repository/Page_Moodle Log in to the site/button_Log in")): Object: 'Object Repository/Page_Moodle Log in to the site/button_Log in' is clicked on

2022-01-16 00:47:29 - [MESSAGE][PASSED] - Object: 'Object Repository/Page_Moodle Log in to the site/button_Log in' is clicked on

2022-01-16 00:47:29 - [TEST_STEP][FAILED] - verifyElementText(findTestObject("Object Repository/Page_Dashboard/span_IntroCS"), "IntroCS"): Verify element text of test object 'Object Repository/Page_Dashboard/span_IntroCS' FAILED. (Root cause: com.kms.katalon.core.exception.StepFailedException: Verify element text of test object 'Object Repository/Page_Dashboard/span_IntroCS' FAILED.
	at com.kms.katalon.core.webui.keyword.internal.WebUIKeywordMain.stepFailed(WebUIKeywordMain.groovy:64)
	at com.kms.katalon.core.webui.keyword.internal.WebUIKeywordMain.runKeyword(WebUIKeywordMain.groovy:26)
	at com.kms.katalon.core.webui.keyword.builtin.VerifyElementTextKeyword.verifyElementText(VerifyElementTextKeyword.groovy:72)
	at com.kms.katalon.core.webui.keyword.builtin.VerifyElementTextKeyword.execute(VerifyElementTextKeyword.groovy:40)
	at com.kms.katalon.core.keyword.internal.KeywordExecutor.executeKeywordForPlatform(KeywordExecutor.groovy:74)
	at com.kms.katalon.core.webui.keyword.WebUiBuiltInKeywords.verifyElementText(WebUiBuiltInKeywords.groovy:4749)
	at com.kms.katalon.core.webui.keyword.WebUiBuiltInKeywords$verifyElementText$7.call(Unknown Source)
	at test case 40.run(test case 40:32)
	at com.kms.katalon.core.main.ScriptEngine.run(ScriptEngine.java:194)
	at com.kms.katalon.core.main.ScriptEngine.runScriptAsRawText(ScriptEngine.java:119)
	at com.kms.katalon.core.main.TestCaseExecutor.runScript(TestCaseExecutor.java:442)
	at com.kms.katalon.core.main.TestCaseExecutor.doExecute(TestCaseExecutor.java:433)
	at com.kms.katalon.core.main.TestCaseExecutor.processExecutionPhase(TestCaseExecutor.java:412)
	at com.kms.katalon.core.main.TestCaseExecutor.accessMainPhase(TestCaseExecutor.java:404)
	at com.kms.katalon.core.main.TestCaseExecutor.execute(TestCaseExecutor.java:281)
	at com.kms.katalon.core.main.TestSuiteExecutor.accessTestCaseMainPhase(TestSuiteExecutor.java:202)
	at com.kms.katalon.core.main.TestSuiteExecutor.accessTestSuiteMainPhase(TestSuiteExecutor.java:164)
	at com.kms.katalon.core.main.TestSuiteExecutor.execute(TestSuiteExecutor.java:105)
	at com.kms.katalon.core.main.TestCaseMain.startTestSuite(TestCaseMain.java:181)
	at com.kms.katalon.core.main.TestCaseMain$startTestSuite$0.call(Unknown Source)
	at TempTestSuite1642265296699.run(TempTestSuite1642265296699.groovy:36)
Caused by: com.kms.katalon.core.exception.StepFailedException: com.kms.katalon.core.webui.exception.WebElementNotFoundException: Web element with id: 'Object Repository/Page_Dashboard/span_IntroCS' located by '//div[@id='nav-drawer']/nav/ul/li[6]/a/div/div/span[2]' not found
	at com.kms.katalon.core.webui.keyword.internal.WebUIKeywordMain.stepFailed(WebUIKeywordMain.groovy:64)
	at com.kms.katalon.core.webui.keyword.builtin.VerifyElementTextKeyword$_verifyElementText_closure1.doCall(VerifyElementTextKeyword.groovy:64)
	at com.kms.katalon.core.webui.keyword.builtin.VerifyElementTextKeyword$_verifyElementText_closure1.call(VerifyElementTextKeyword.groovy)
	at com.kms.katalon.core.webui.keyword.internal.WebUIKeywordMain.runKeyword(WebUIKeywordMain.groovy:20)
	... 19 more
)

2022-01-16 00:48:01 - [MESSAGE][INFO] - Unable to find the element located by 'By.xpath: //div[@id='nav-drawer']/nav/ul/li[6]/a/div/div/span[2]'. Please recheck the objects properties to make sure the desired element is located. 

2022-01-16 00:48:01 - [MESSAGE][WARNING] - [SELF-HEALING] Failed to find element with id 'Object Repository/Page_Dashboard/span_IntroCS'. Try using Self-healing.

2022-01-16 00:48:03 - [MESSAGE][INFO] - [SELF-HEALING] Failed Locator: '//div[@id='nav-drawer']/nav/ul/li[6]/a/div/div/span[2]'.

2022-01-16 00:48:05 - [MESSAGE][INFO] - [SELF-HEALING] Failed Locator: '(.//*[normalize-space(text()) and normalize-space(.)='My courses'])[1]/following::span[2]'.

2022-01-16 00:48:07 - [MESSAGE][INFO] - [SELF-HEALING] Failed Locator: '(.//*[normalize-space(text()) and normalize-space(.)='Private files'])[1]/following::span[4]'.

2022-01-16 00:48:09 - [MESSAGE][INFO] - [SELF-HEALING] Failed Locator: '(.//*[normalize-space(text()) and normalize-space(.)='Math'])[1]/preceding::span[2]'.

2022-01-16 00:48:11 - [MESSAGE][INFO] - [SELF-HEALING] Failed Locator: '(.//*[normalize-space(text()) and normalize-space(.)='Mood: Dashboard'])[1]/preceding::span[3]'.

2022-01-16 00:48:13 - [MESSAGE][INFO] - [SELF-HEALING] Failed Locator: '//*/text()[normalize-space(.)='IntroCS']/parent::*'.

2022-01-16 00:48:15 - [MESSAGE][INFO] - [SELF-HEALING] Failed Locator: '//li[6]/a/div/div/span[2]'.

2022-01-16 00:48:17 - [MESSAGE][INFO] - [SELF-HEALING] Failed Locator: '(.//*[normalize-space(text()) and normalize-space(.)='Mood: Dashboard'])[1]/preceding::span[1]'.

2022-01-16 00:48:19 - [MESSAGE][INFO] - [SELF-HEALING] Failed Locator: '(.//*[normalize-space(text()) and normalize-space(.)='Customise this page'])[1]/preceding::span[1]'.

2022-01-16 00:48:21 - [MESSAGE][INFO] - Unable to find the element located by 'By.xpath: //*[(text() = 'IntroCS' or . = 'IntroCS')]'. Please recheck the objects properties to make sure the desired element is located. 

2022-01-16 00:48:23 - [MESSAGE][INFO] - Unable to find the element located by 'By.cssSelector: '. Please recheck the objects properties to make sure the desired element is located. 

2022-01-16 00:48:24 - [MESSAGE][FAILED] - com.kms.katalon.core.webui.exception.WebElementNotFoundException: Web element with id: 'Object Repository/Page_Dashboard/span_IntroCS' located by '//div[@id='nav-drawer']/nav/ul/li[6]/a/div/div/span[2]' not found (Root cause: com.kms.katalon.core.exception.StepFailedException: com.kms.katalon.core.webui.exception.WebElementNotFoundException: Web element with id: 'Object Repository/Page_Dashboard/span_IntroCS' located by '//div[@id='nav-drawer']/nav/ul/li[6]/a/div/div/span[2]' not found
	at com.kms.katalon.core.webui.keyword.internal.WebUIKeywordMain.stepFailed(WebUIKeywordMain.groovy:64)
	at com.kms.katalon.core.webui.keyword.builtin.VerifyElementTextKeyword$_verifyElementText_closure1.doCall(VerifyElementTextKeyword.groovy:64)
	at com.kms.katalon.core.webui.keyword.builtin.VerifyElementTextKeyword$_verifyElementText_closure1.call(VerifyElementTextKeyword.groovy)
	at com.kms.katalon.core.webui.keyword.internal.WebUIKeywordMain.runKeyword(WebUIKeywordMain.groovy:20)
	at com.kms.katalon.core.webui.keyword.builtin.VerifyElementTextKeyword.verifyElementText(VerifyElementTextKeyword.groovy:72)
	at com.kms.katalon.core.webui.keyword.builtin.VerifyElementTextKeyword.execute(VerifyElementTextKeyword.groovy:40)
	at com.kms.katalon.core.keyword.internal.KeywordExecutor.executeKeywordForPlatform(KeywordExecutor.groovy:74)
	at com.kms.katalon.core.webui.keyword.WebUiBuiltInKeywords.verifyElementText(WebUiBuiltInKeywords.groovy:4749)
	at com.kms.katalon.core.webui.keyword.WebUiBuiltInKeywords$verifyElementText$7.call(Unknown Source)
	at test case 40.run(test case 40:32)
	at com.kms.katalon.core.main.ScriptEngine.run(ScriptEngine.java:194)
	at com.kms.katalon.core.main.ScriptEngine.runScriptAsRawText(ScriptEngine.java:119)
	at com.kms.katalon.core.main.TestCaseExecutor.runScript(TestCaseExecutor.java:442)
	at com.kms.katalon.core.main.TestCaseExecutor.doExecute(TestCaseExecutor.java:433)
	at com.kms.katalon.core.main.TestCaseExecutor.processExecutionPhase(TestCaseExecutor.java:412)
	at com.kms.katalon.core.main.TestCaseExecutor.accessMainPhase(TestCaseExecutor.java:404)
	at com.kms.katalon.core.main.TestCaseExecutor.execute(TestCaseExecutor.java:281)
	at com.kms.katalon.core.main.TestSuiteExecutor.accessTestCaseMainPhase(TestSuiteExecutor.java:202)
	at com.kms.katalon.core.main.TestSuiteExecutor.accessTestSuiteMainPhase(TestSuiteExecutor.java:164)
	at com.kms.katalon.core.main.TestSuiteExecutor.execute(TestSuiteExecutor.java:105)
	at com.kms.katalon.core.main.TestCaseMain.startTestSuite(TestCaseMain.java:181)
	at com.kms.katalon.core.main.TestCaseMain$startTestSuite$0.call(Unknown Source)
	at TempTestSuite1642265296699.run(TempTestSuite1642265296699.groovy:36)
)
[[ATTACHMENT|D:\\Test-Automation-SE-Bonus\\Test-Automation-SE-Bonus\\Reports\\20220115_234816\\Run all test cases\\20220115_234816\\1642268903891.png]]

2022-01-16 00:48:24 - [MESSAGE][FAILED] - Verify element text of test object 'Object Repository/Page_Dashboard/span_IntroCS' FAILED. (Root cause: com.kms.katalon.core.exception.StepFailedException: Verify element text of test object 'Object Repository/Page_Dashboard/span_IntroCS' FAILED.
	at com.kms.katalon.core.webui.keyword.internal.WebUIKeywordMain.stepFailed(WebUIKeywordMain.groovy:64)
	at com.kms.katalon.core.webui.keyword.internal.WebUIKeywordMain.runKeyword(WebUIKeywordMain.groovy:26)
	at com.kms.katalon.core.webui.keyword.builtin.VerifyElementTextKeyword.verifyElementText(VerifyElementTextKeyword.groovy:72)
	at com.kms.katalon.core.webui.keyword.builtin.VerifyElementTextKeyword.execute(VerifyElementTextKeyword.groovy:40)
	at com.kms.katalon.core.keyword.internal.KeywordExecutor.executeKeywordForPlatform(KeywordExecutor.groovy:74)
	at com.kms.katalon.core.webui.keyword.WebUiBuiltInKeywords.verifyElementText(WebUiBuiltInKeywords.groovy:4749)
	at com.kms.katalon.core.webui.keyword.WebUiBuiltInKeywords$verifyElementText$7.call(Unknown Source)
	at test case 40.run(test case 40:32)
	at com.kms.katalon.core.main.ScriptEngine.run(ScriptEngine.java:194)
	at com.kms.katalon.core.main.ScriptEngine.runScriptAsRawText(ScriptEngine.java:119)
	at com.kms.katalon.core.main.TestCaseExecutor.runScript(TestCaseExecutor.java:442)
	at com.kms.katalon.core.main.TestCaseExecutor.doExecute(TestCaseExecutor.java:433)
	at com.kms.katalon.core.main.TestCaseExecutor.processExecutionPhase(TestCaseExecutor.java:412)
	at com.kms.katalon.core.main.TestCaseExecutor.accessMainPhase(TestCaseExecutor.java:404)
	at com.kms.katalon.core.main.TestCaseExecutor.execute(TestCaseExecutor.java:281)
	at com.kms.katalon.core.main.TestSuiteExecutor.accessTestCaseMainPhase(TestSuiteExecutor.java:202)
	at com.kms.katalon.core.main.TestSuiteExecutor.accessTestSuiteMainPhase(TestSuiteExecutor.java:164)
	at com.kms.katalon.core.main.TestSuiteExecutor.execute(TestSuiteExecutor.java:105)
	at com.kms.katalon.core.main.TestCaseMain.startTestSuite(TestCaseMain.java:181)
	at com.kms.katalon.core.main.TestCaseMain$startTestSuite$0.call(Unknown Source)
	at TempTestSuite1642265296699.run(TempTestSuite1642265296699.groovy:36)
Caused by: com.kms.katalon.core.exception.StepFailedException: com.kms.katalon.core.webui.exception.WebElementNotFoundException: Web element with id: 'Object Repository/Page_Dashboard/span_IntroCS' located by '//div[@id='nav-drawer']/nav/ul/li[6]/a/div/div/span[2]' not found
	at com.kms.katalon.core.webui.keyword.internal.WebUIKeywordMain.stepFailed(WebUIKeywordMain.groovy:64)
	at com.kms.katalon.core.webui.keyword.builtin.VerifyElementTextKeyword$_verifyElementText_closure1.doCall(VerifyElementTextKeyword.groovy:64)
	at com.kms.katalon.core.webui.keyword.builtin.VerifyElementTextKeyword$_verifyElementText_closure1.call(VerifyElementTextKeyword.groovy)
	at com.kms.katalon.core.webui.keyword.internal.WebUIKeywordMain.runKeyword(WebUIKeywordMain.groovy:20)
	... 19 more
)
[[ATTACHMENT|D:\\Test-Automation-SE-Bonus\\Test-Automation-SE-Bonus\\Reports\\20220115_234816\\Run all test cases\\20220115_234816\\1642268904213.png]]]]></system-out>
         <system-err><![CDATA[2022-01-16 00:47:23 - [TEST_CASE][FAILED] - Test Cases/test case 40: Test Cases/test case 40 FAILED.
Reason:
com.kms.katalon.core.exception.StepFailedException: Verify element text of test object 'Object Repository/Page_Dashboard/span_IntroCS' FAILED.
	at com.kms.katalon.core.webui.keyword.internal.WebUIKeywordMain.stepFailed(WebUIKeywordMain.groovy:64)
	at com.kms.katalon.core.webui.keyword.internal.WebUIKeywordMain.runKeyword(WebUIKeywordMain.groovy:26)
	at com.kms.katalon.core.webui.keyword.builtin.VerifyElementTextKeyword.verifyElementText(VerifyElementTextKeyword.groovy:72)
	at com.kms.katalon.core.webui.keyword.builtin.VerifyElementTextKeyword.execute(VerifyElementTextKeyword.groovy:40)
	at com.kms.katalon.core.keyword.internal.KeywordExecutor.executeKeywordForPlatform(KeywordExecutor.groovy:74)
	at com.kms.katalon.core.webui.keyword.WebUiBuiltInKeywords.verifyElementText(WebUiBuiltInKeywords.groovy:4749)
	at com.kms.katalon.core.webui.keyword.WebUiBuiltInKeywords$verifyElementText$7.call(Unknown Source)
	at test case 40.run(test case 40:32)
	at com.kms.katalon.core.main.ScriptEngine.run(ScriptEngine.java:194)
	at com.kms.katalon.core.main.ScriptEngine.runScriptAsRawText(ScriptEngine.java:119)
	at com.kms.katalon.core.main.TestCaseExecutor.runScript(TestCaseExecutor.java:442)
	at com.kms.katalon.core.main.TestCaseExecutor.doExecute(TestCaseExecutor.java:433)
	at com.kms.katalon.core.main.TestCaseExecutor.processExecutionPhase(TestCaseExecutor.java:412)
	at com.kms.katalon.core.main.TestCaseExecutor.accessMainPhase(TestCaseExecutor.java:404)
	at com.kms.katalon.core.main.TestCaseExecutor.execute(TestCaseExecutor.java:281)
	at com.kms.katalon.core.main.TestSuiteExecutor.accessTestCaseMainPhase(TestSuiteExecutor.java:202)
	at com.kms.katalon.core.main.TestSuiteExecutor.accessTestSuiteMainPhase(TestSuiteExecutor.java:164)
	at com.kms.katalon.core.main.TestSuiteExecutor.execute(TestSuiteExecutor.java:105)
	at com.kms.katalon.core.main.TestCaseMain.startTestSuite(TestCaseMain.java:181)
	at com.kms.katalon.core.main.TestCaseMain$startTestSuite$0.call(Unknown Source)
	at TempTestSuite1642265296699.run(TempTestSuite1642265296699.groovy:36)
Caused by: com.kms.katalon.core.exception.StepFailedException: com.kms.katalon.core.webui.exception.WebElementNotFoundException: Web element with id: 'Object Repository/Page_Dashboard/span_IntroCS' located by '//div[@id='nav-drawer']/nav/ul/li[6]/a/div/div/span[2]' not found
	at com.kms.katalon.core.webui.keyword.internal.WebUIKeywordMain.stepFailed(WebUIKeywordMain.groovy:64)
	at com.kms.katalon.core.webui.keyword.builtin.VerifyElementTextKeyword$_verifyElementText_closure1.doCall(VerifyElementTextKeyword.groovy:64)
	at com.kms.katalon.core.webui.keyword.builtin.VerifyElementTextKeyword$_verifyElementText_closure1.call(VerifyElementTextKeyword.groovy)
	at com.kms.katalon.core.webui.keyword.internal.WebUIKeywordMain.runKeyword(WebUIKeywordMain.groovy:20)
	... 19 more]]></system-err>
      </testcase>
      <testcase name="Test Cases/test case 41" time="206.278" classname="Test Cases/test case 41" status="PASSED">
         <system-out><![CDATA[2022-01-16 00:48:24 - [TEST_CASE][PASSED] - Test Cases/test case 41: Test Cases/test case 41

2022-01-16 00:48:24 - [TEST_STEP][PASSED] - openBrowser(""): Browser is opened with url: ''

2022-01-16 00:48:24 - [MESSAGE][WARNING] - A browser is already opened. Closing browser and opening a new one

2022-01-16 00:48:25 - [MESSAGE][INFO] - Starting 'Chrome' driver

2022-01-16 00:48:25 - [MESSAGE][INFO] - Action delay is set to 0 milliseconds

2022-01-16 00:48:26 - [MESSAGE][PASSED] - Browser is opened with url: ''

2022-01-16 00:48:26 - [TEST_STEP][PASSED] - navigateToUrl("http://localhost/"): Navigate to 'http://localhost/' successfully

2022-01-16 00:48:27 - [MESSAGE][PASSED] - Navigate to 'http://localhost/' successfully

2022-01-16 00:48:27 - [TEST_STEP][PASSED] - click(findTestObject("Object Repository/Page_Moodle/a_Log in")): Object: 'Object Repository/Page_Moodle/a_Log in' is clicked on

2022-01-16 00:48:28 - [MESSAGE][PASSED] - Object: 'Object Repository/Page_Moodle/a_Log in' is clicked on

2022-01-16 00:48:28 - [TEST_STEP][PASSED] - setText(findTestObject("Object Repository/Page_Moodle Log in to the site/input_Username_username"), "tmtriet"): Text 'tmtriet' is set on object 'Object Repository/Page_Moodle Log in to the site/input_Username_username'

2022-01-16 00:48:29 - [MESSAGE][PASSED] - Text 'tmtriet' is set on object 'Object Repository/Page_Moodle Log in to the site/input_Username_username'

2022-01-16 00:48:29 - [TEST_STEP][PASSED] - setEncryptedText(findTestObject("Object Repository/Page_Moodle Log in to the site/input_Password_password"), "NMz1A57fMJEpXGm/T4cXeQ=="): Text ****** has been set on object 'Object Repository/Page_Moodle Log in to the site/input_Password_password'

2022-01-16 00:48:29 - [MESSAGE][PASSED] - Text ****** has been set on object 'Object Repository/Page_Moodle Log in to the site/input_Password_password'

2022-01-16 00:48:29 - [TEST_STEP][PASSED] - click(findTestObject("Object Repository/Page_Moodle Log in to the site/button_Log in")): Object: 'Object Repository/Page_Moodle Log in to the site/button_Log in' is clicked on

2022-01-16 00:48:31 - [MESSAGE][PASSED] - Object: 'Object Repository/Page_Moodle Log in to the site/button_Log in' is clicked on

2022-01-16 00:48:31 - [TEST_STEP][PASSED] - verifyElementText(findTestObject("Page_Dashboard/span_IntroCS"), "IntroCS"): Actual text and expected text of test object 'Object Repository/Page_Dashboard/span_IntroCS' are matched.

2022-01-16 00:48:32 - [MESSAGE][PASSED] - Actual text and expected text of test object 'Object Repository/Page_Dashboard/span_IntroCS' are matched.

2022-01-16 00:48:32 - [TEST_STEP][PASSED] - click(findTestObject("Object Repository/Page_Dashboard/span_IntroCS")): Object: 'Object Repository/Page_Dashboard/span_IntroCS' is clicked on

2022-01-16 00:48:33 - [MESSAGE][PASSED] - Object: 'Object Repository/Page_Dashboard/span_IntroCS' is clicked on

2022-01-16 00:48:33 - [TEST_STEP][PASSED] - waitForElementPresent(findTestObject("Object Repository/Page_Course Introduction to Computer Science/span_Announcements Forum"), 0): Object 'Object Repository/Page_Course Introduction to Computer Science/span_Announcements Forum' is present

2022-01-16 00:48:33 - [MESSAGE][WARNING] - Timeout '0' is invalid. Using default page load timeout: '30'

2022-01-16 00:48:34 - [MESSAGE][PASSED] - Object 'Object Repository/Page_Course Introduction to Computer Science/span_Announcements Forum' is present

2022-01-16 00:48:34 - [TEST_STEP][PASSED] - click(findTestObject("Object Repository/Page_Course Introduction to Computer Science/span_Announcements Forum")): Object: 'Object Repository/Page_Course Introduction to Computer Science/span_Announcements Forum' is clicked on

2022-01-16 00:48:35 - [MESSAGE][PASSED] - Object: 'Object Repository/Page_Course Introduction to Computer Science/span_Announcements Forum' is clicked on

2022-01-16 00:48:35 - [TEST_STEP][PASSED] - click(findTestObject("Object Repository/Page_Announcements/a_Add a new topic")): Object: 'Object Repository/Page_Announcements/a_Add a new topic' is clicked on

2022-01-16 00:49:07 - [MESSAGE][INFO] - Unable to find the element located by 'By.xpath: //a[@id='yui_3_17_2_1_1642209133848_492']'. Please recheck the objects properties to make sure the desired element is located. 

2022-01-16 00:49:07 - [MESSAGE][WARNING] - [SELF-HEALING] Failed to find element with id 'Object Repository/Page_Announcements/a_Add a new topic'. Try using Self-healing.

2022-01-16 00:49:09 - [MESSAGE][WARNING] - [SELF-HEALING] The current locator of test object 'Object Repository/Page_Announcements/a_Add a new topic' was broken. Propose an alternative one: '//a[contains(text(),'Add a new topic')]'.

2022-01-16 00:49:09 - [MESSAGE][PASSED] - Object: 'Object Repository/Page_Announcements/a_Add a new topic' is clicked on

2022-01-16 00:49:09 - [TEST_STEP][PASSED] - setText(findTestObject("Object Repository/Page_Announcements/input_Subject_subject"), "Announcement for Tet holiday"): Text 'Announcement for Tet holiday' is set on object 'Object Repository/Page_Announcements/input_Subject_subject'

2022-01-16 00:49:13 - [MESSAGE][PASSED] - Text 'Announcement for Tet holiday' is set on object 'Object Repository/Page_Announcements/input_Subject_subject'

2022-01-16 00:49:13 - [TEST_STEP][PASSED] - click(findTestObject("Object Repository/Page_Announcements/p")): Object: 'Object Repository/Page_Announcements/p' is clicked on

2022-01-16 00:49:15 - [MESSAGE][PASSED] - Object: 'Object Repository/Page_Announcements/p' is clicked on

2022-01-16 00:49:15 - [TEST_STEP][PASSED] - setText(findTestObject("Object Repository/Page_Announcements/div_Wish you have a nice break"), "Wish you have a nice break"): Text 'Wish you have a nice break' is set on object 'Object Repository/Page_Announcements/div_Wish you have a nice break'

2022-01-16 00:49:20 - [MESSAGE][PASSED] - Text 'Wish you have a nice break' is set on object 'Object Repository/Page_Announcements/div_Wish you have a nice break'

2022-01-16 00:49:20 - [TEST_STEP][PASSED] - waitForElementPresent(findTestObject("Object Repository/Page_Announcements/input_Message_submitbutton"), 0): Object 'Object Repository/Page_Announcements/input_Message_submitbutton' is present

2022-01-16 00:49:20 - [MESSAGE][WARNING] - Timeout '0' is invalid. Using default page load timeout: '30'

2022-01-16 00:49:21 - [MESSAGE][PASSED] - Object 'Object Repository/Page_Announcements/input_Message_submitbutton' is present

2022-01-16 00:49:21 - [TEST_STEP][PASSED] - click(findTestObject("Object Repository/Page_Announcements/input_Message_submitbutton")): Object: 'Object Repository/Page_Announcements/input_Message_submitbutton' is clicked on

2022-01-16 00:49:24 - [MESSAGE][PASSED] - Object: 'Object Repository/Page_Announcements/input_Message_submitbutton' is clicked on

2022-01-16 00:49:24 - [TEST_STEP][PASSED] - verifyElementText(findTestObject("Object Repository/Page_Announcements/p_Your post was successfully added"), "Your post was successfully added."): Actual text and expected text of test object 'Object Repository/Page_Announcements/p_Your post was successfully added' are matched.

2022-01-16 00:49:26 - [MESSAGE][PASSED] - Actual text and expected text of test object 'Object Repository/Page_Announcements/p_Your post was successfully added' are matched.

2022-01-16 00:49:26 - [TEST_STEP][PASSED] - verifyElementText(findTestObject("Object Repository/Page_Announcements/p_You have 30 mins to edit it if you want t_c2beca"), "You have 30 mins to edit it if you want to make any changes."): Actual text and expected text of test object 'Object Repository/Page_Announcements/p_You have 30 mins to edit it if you want t_c2beca' are matched.

2022-01-16 00:49:58 - [MESSAGE][INFO] - Unable to find the element located by 'By.xpath: //div[@id='yui_3_17_2_1_1642208221973_481']/p[2]'. Please recheck the objects properties to make sure the desired element is located. 

2022-01-16 00:49:58 - [MESSAGE][WARNING] - [SELF-HEALING] Failed to find element with id 'Object Repository/Page_Announcements/p_You have 30 mins to edit it if you want t_c2beca'. Try using Self-healing.

2022-01-16 00:50:00 - [MESSAGE][WARNING] - [SELF-HEALING] The current locator of test object 'Object Repository/Page_Announcements/p_You have 30 mins to edit it if you want t_c2beca' was broken. Propose an alternative one: '(.//*[normalize-space(text()) and normalize-space(.)='×'])[1]/following::p[2]'.

2022-01-16 00:50:00 - [MESSAGE][PASSED] - Actual text and expected text of test object 'Object Repository/Page_Announcements/p_You have 30 mins to edit it if you want t_c2beca' are matched.

2022-01-16 00:50:00 - [TEST_STEP][PASSED] - click(findTestObject("Object Repository/Page_Announcements/a_Announcement for Tet holiday")): Object: 'Object Repository/Page_Announcements/a_Announcement for Tet holiday' is clicked on

2022-01-16 00:50:32 - [MESSAGE][INFO] - Unable to find the element located by 'By.xpath: //a[@id='yui_3_17_2_1_1642208221973_514']'. Please recheck the objects properties to make sure the desired element is located. 

2022-01-16 00:50:32 - [MESSAGE][WARNING] - [SELF-HEALING] Failed to find element with id 'Object Repository/Page_Announcements/a_Announcement for Tet holiday'. Try using Self-healing.

2022-01-16 00:50:34 - [MESSAGE][WARNING] - [SELF-HEALING] The current locator of test object 'Object Repository/Page_Announcements/a_Announcement for Tet holiday' was broken. Propose an alternative one: '//a[contains(text(),'Announcement for Tet holiday')]'.

2022-01-16 00:50:35 - [MESSAGE][PASSED] - Object: 'Object Repository/Page_Announcements/a_Announcement for Tet holiday' is clicked on

2022-01-16 00:50:35 - [TEST_STEP][PASSED] - click(findTestObject("Object Repository/Page_IntroCS Announcement for Tet holiday/a_Delete")): Object: 'Object Repository/Page_IntroCS Announcement for Tet holiday/a_Delete' is clicked on

2022-01-16 00:51:07 - [MESSAGE][INFO] - Unable to find the element located by 'By.xpath: //article[@id='p9']/div/div/div/div[2]/div[2]/div/a[3]'. Please recheck the objects properties to make sure the desired element is located. 

2022-01-16 00:51:07 - [MESSAGE][WARNING] - [SELF-HEALING] Failed to find element with id 'Object Repository/Page_IntroCS Announcement for Tet holiday/a_Delete'. Try using Self-healing.

2022-01-16 00:51:09 - [MESSAGE][WARNING] - [SELF-HEALING] The current locator of test object 'Object Repository/Page_IntroCS Announcement for Tet holiday/a_Delete' was broken. Propose an alternative one: '//a[contains(text(),'Delete')]'.

2022-01-16 00:51:11 - [MESSAGE][PASSED] - Object: 'Object Repository/Page_IntroCS Announcement for Tet holiday/a_Delete' is clicked on

2022-01-16 00:51:11 - [TEST_STEP][PASSED] - click(findTestObject("Object Repository/Page_IntroCS/button_Continue")): Object: 'Object Repository/Page_IntroCS/button_Continue' is clicked on

2022-01-16 00:51:43 - [MESSAGE][INFO] - Unable to find the element located by 'By.xpath: //button[@id='single_button61e21bf6295b614']'. Please recheck the objects properties to make sure the desired element is located. 

2022-01-16 00:51:43 - [MESSAGE][WARNING] - [SELF-HEALING] Failed to find element with id 'Object Repository/Page_IntroCS/button_Continue'. Try using Self-healing.

2022-01-16 00:51:45 - [MESSAGE][WARNING] - [SELF-HEALING] The current locator of test object 'Object Repository/Page_IntroCS/button_Continue' was broken. Propose an alternative one: '//div[@id='modal-footer']/div/div/form/button'.

2022-01-16 00:51:47 - [MESSAGE][PASSED] - Object: 'Object Repository/Page_IntroCS/button_Continue' is clicked on

2022-01-16 00:51:47 - [TEST_STEP][PASSED] - verifyElementPresent(findTestObject("Object Repository/Page_Announcements/div_Discussion deleted"), 0): Object 'Object Repository/Page_Announcements/div_Discussion deleted' is present

2022-01-16 00:51:47 - [MESSAGE][WARNING] - Timeout '0' is invalid. Using default page load timeout: '30'

2022-01-16 00:51:49 - [MESSAGE][PASSED] - Object 'Object Repository/Page_Announcements/div_Discussion deleted' is present

2022-01-16 00:51:49 - [TEST_STEP][PASSED] - closeBrowser(): Browser is closed

2022-01-16 00:51:50 - [MESSAGE][PASSED] - Browser is closed]]></system-out>
         <system-err><![CDATA[]]></system-err>
      </testcase>
      <testcase name="Test Cases/test case 42" time="316.221" classname="Test Cases/test case 42" status="PASSED">
         <system-out><![CDATA[2022-01-16 00:51:50 - [TEST_CASE][PASSED] - Test Cases/test case 42: Test Cases/test case 42

2022-01-16 00:51:51 - [TEST_STEP][PASSED] - openBrowser(""): Browser is opened with url: ''

2022-01-16 00:51:51 - [MESSAGE][INFO] - Starting 'Chrome' driver

2022-01-16 00:51:51 - [MESSAGE][INFO] - Action delay is set to 0 milliseconds

2022-01-16 00:51:53 - [MESSAGE][PASSED] - Browser is opened with url: ''

2022-01-16 00:51:53 - [TEST_STEP][PASSED] - navigateToUrl("http://localhost/"): Navigate to 'http://localhost/' successfully

2022-01-16 00:51:56 - [MESSAGE][PASSED] - Navigate to 'http://localhost/' successfully

2022-01-16 00:51:56 - [TEST_STEP][PASSED] - click(findTestObject("Object Repository/Page_Moodle/a_Log in")): Object: 'Object Repository/Page_Moodle/a_Log in' is clicked on

2022-01-16 00:51:57 - [MESSAGE][PASSED] - Object: 'Object Repository/Page_Moodle/a_Log in' is clicked on

2022-01-16 00:51:57 - [TEST_STEP][PASSED] - setText(findTestObject("Object Repository/Page_Moodle Log in to the site/input_Username_username"), "tmtriet"): Text 'tmtriet' is set on object 'Object Repository/Page_Moodle Log in to the site/input_Username_username'

2022-01-16 00:51:57 - [MESSAGE][PASSED] - Text 'tmtriet' is set on object 'Object Repository/Page_Moodle Log in to the site/input_Username_username'

2022-01-16 00:51:57 - [TEST_STEP][PASSED] - setEncryptedText(findTestObject("Object Repository/Page_Moodle Log in to the site/input_Password_password"), "NMz1A57fMJEpXGm/T4cXeQ=="): Text ****** has been set on object 'Object Repository/Page_Moodle Log in to the site/input_Password_password'

2022-01-16 00:51:58 - [MESSAGE][PASSED] - Text ****** has been set on object 'Object Repository/Page_Moodle Log in to the site/input_Password_password'

2022-01-16 00:51:58 - [TEST_STEP][PASSED] - click(findTestObject("Object Repository/Page_Moodle Log in to the site/button_Log in")): Object: 'Object Repository/Page_Moodle Log in to the site/button_Log in' is clicked on

2022-01-16 00:51:59 - [MESSAGE][PASSED] - Object: 'Object Repository/Page_Moodle Log in to the site/button_Log in' is clicked on

2022-01-16 00:51:59 - [TEST_STEP][PASSED] - verifyElementText(findTestObject("Page_Dashboard/span_IntroCS"), "IntroCS"): Actual text and expected text of test object 'Object Repository/Page_Dashboard/span_IntroCS' are matched.

2022-01-16 00:52:01 - [MESSAGE][PASSED] - Actual text and expected text of test object 'Object Repository/Page_Dashboard/span_IntroCS' are matched.

2022-01-16 00:52:01 - [TEST_STEP][PASSED] - click(findTestObject("Object Repository/Page_Dashboard/span_IntroCS")): Object: 'Object Repository/Page_Dashboard/span_IntroCS' is clicked on

2022-01-16 00:52:02 - [MESSAGE][PASSED] - Object: 'Object Repository/Page_Dashboard/span_IntroCS' is clicked on

2022-01-16 00:52:02 - [TEST_STEP][PASSED] - verifyElementPresent(findTestObject("Object Repository/Page_Course Introduction to Computer Science/span_Announcements Forum"), 0): Object 'Object Repository/Page_Course Introduction to Computer Science/span_Announcements Forum' is present

2022-01-16 00:52:02 - [MESSAGE][WARNING] - Timeout '0' is invalid. Using default page load timeout: '30'

2022-01-16 00:52:02 - [MESSAGE][PASSED] - Object 'Object Repository/Page_Course Introduction to Computer Science/span_Announcements Forum' is present

2022-01-16 00:52:02 - [TEST_STEP][PASSED] - click(findTestObject("Object Repository/Page_Course Introduction to Computer Science/span_Announcements Forum")): Object: 'Object Repository/Page_Course Introduction to Computer Science/span_Announcements Forum' is clicked on

2022-01-16 00:52:04 - [MESSAGE][PASSED] - Object: 'Object Repository/Page_Course Introduction to Computer Science/span_Announcements Forum' is clicked on

2022-01-16 00:52:04 - [TEST_STEP][PASSED] - click(findTestObject("Object Repository/Page_Announcements/a_Add a new topic")): Object: 'Object Repository/Page_Announcements/a_Add a new topic' is clicked on

2022-01-16 00:52:35 - [MESSAGE][INFO] - Unable to find the element located by 'By.xpath: //a[@id='yui_3_17_2_1_1642209133848_492']'. Please recheck the objects properties to make sure the desired element is located. 

2022-01-16 00:52:35 - [MESSAGE][WARNING] - [SELF-HEALING] Failed to find element with id 'Object Repository/Page_Announcements/a_Add a new topic'. Try using Self-healing.

2022-01-16 00:52:35 - [MESSAGE][WARNING] - [SELF-HEALING] The current locator of test object 'Object Repository/Page_Announcements/a_Add a new topic' was broken. Propose an alternative one: '//a[contains(text(),'Add a new topic')]'.

2022-01-16 00:52:35 - [MESSAGE][PASSED] - Object: 'Object Repository/Page_Announcements/a_Add a new topic' is clicked on

2022-01-16 00:52:35 - [TEST_STEP][PASSED] - setText(findTestObject("Object Repository/Page_Announcements/input_Subject_subject"), "Announcement for Tet holiday"): Text 'Announcement for Tet holiday' is set on object 'Object Repository/Page_Announcements/input_Subject_subject'

2022-01-16 00:52:36 - [MESSAGE][PASSED] - Text 'Announcement for Tet holiday' is set on object 'Object Repository/Page_Announcements/input_Subject_subject'

2022-01-16 00:52:36 - [TEST_STEP][PASSED] - setText(findTestObject("Object Repository/Page_Announcements/div_Wish you have a nice break"), "Wish you have a nice break"): Text 'Wish you have a nice break' is set on object 'Object Repository/Page_Announcements/div_Wish you have a nice break'

2022-01-16 00:52:37 - [MESSAGE][PASSED] - Text 'Wish you have a nice break' is set on object 'Object Repository/Page_Announcements/div_Wish you have a nice break'

2022-01-16 00:52:37 - [TEST_STEP][PASSED] - click(findTestObject("Object Repository/Page_Announcements/div_Message")): Object: 'Object Repository/Page_Announcements/div_Message' is clicked on

2022-01-16 00:52:38 - [MESSAGE][PASSED] - Object: 'Object Repository/Page_Announcements/div_Message' is clicked on

2022-01-16 00:52:38 - [TEST_STEP][PASSED] - waitForElementPresent(findTestObject("Object Repository/Page_Announcements/input_Cancel_advancedadddiscussion"), 0): Object 'Object Repository/Page_Announcements/input_Cancel_advancedadddiscussion' is present

2022-01-16 00:52:38 - [MESSAGE][WARNING] - Timeout '0' is invalid. Using default page load timeout: '30'

2022-01-16 00:52:38 - [MESSAGE][PASSED] - Object 'Object Repository/Page_Announcements/input_Cancel_advancedadddiscussion' is present

2022-01-16 00:52:38 - [TEST_STEP][PASSED] - click(findTestObject("Object Repository/Page_Announcements/input_Cancel_advancedadddiscussion")): Object: 'Object Repository/Page_Announcements/input_Cancel_advancedadddiscussion' is clicked on

2022-01-16 00:52:40 - [MESSAGE][PASSED] - Object: 'Object Repository/Page_Announcements/input_Cancel_advancedadddiscussion' is clicked on

2022-01-16 00:52:40 - [TEST_STEP][PASSED] - waitForElementPresent(findTestObject("Object Repository/Page_IntroCS Add a new topic/a_Display period"), 0): Object 'Object Repository/Page_IntroCS Add a new topic/a_Display period' is present

2022-01-16 00:52:40 - [MESSAGE][WARNING] - Timeout '0' is invalid. Using default page load timeout: '30'

2022-01-16 00:53:11 - [MESSAGE][INFO] - Unable to find the element located by 'By.xpath: //a[@id='yui_3_17_2_1_1642208154690_58']'. Please recheck the objects properties to make sure the desired element is located. 

2022-01-16 00:53:11 - [MESSAGE][WARNING] - [SELF-HEALING] Failed to find element with id 'Object Repository/Page_IntroCS Add a new topic/a_Display period'. Try using Self-healing.

2022-01-16 00:53:11 - [MESSAGE][WARNING] - [SELF-HEALING] The current locator of test object 'Object Repository/Page_IntroCS Add a new topic/a_Display period' was broken. Propose an alternative one: '//a[contains(text(),'Display period')]'.

2022-01-16 00:53:11 - [MESSAGE][PASSED] - Object 'Object Repository/Page_IntroCS Add a new topic/a_Display period' is present

2022-01-16 00:53:11 - [TEST_STEP][PASSED] - click(findTestObject("Object Repository/Page_IntroCS Add a new topic/a_Display period")): Object: 'Object Repository/Page_IntroCS Add a new topic/a_Display period' is clicked on

2022-01-16 00:53:42 - [MESSAGE][INFO] - Unable to find the element located by 'By.xpath: //a[@id='yui_3_17_2_1_1642208154690_58']'. Please recheck the objects properties to make sure the desired element is located. 

2022-01-16 00:53:42 - [MESSAGE][WARNING] - [SELF-HEALING] Failed to find element with id 'Object Repository/Page_IntroCS Add a new topic/a_Display period'. Try using Self-healing.

2022-01-16 00:53:42 - [MESSAGE][WARNING] - [SELF-HEALING] The current locator of test object 'Object Repository/Page_IntroCS Add a new topic/a_Display period' was broken. Propose an alternative one: '//a[contains(text(),'Display period')]'.

2022-01-16 00:53:42 - [MESSAGE][PASSED] - Object: 'Object Repository/Page_IntroCS Add a new topic/a_Display period' is clicked on

2022-01-16 00:53:42 - [TEST_STEP][PASSED] - click(findTestObject("Object Repository/Page_IntroCS Add a new topic/input_Enable_timestartenabled")): Object: 'Object Repository/Page_IntroCS Add a new topic/input_Enable_timestartenabled' is clicked on

2022-01-16 00:53:43 - [MESSAGE][PASSED] - Object: 'Object Repository/Page_IntroCS Add a new topic/input_Enable_timestartenabled' is clicked on

2022-01-16 00:53:43 - [TEST_STEP][PASSED] - click(findTestObject("Object Repository/Page_IntroCS Add a new topic/input_Enable_timeendenabled")): Object: 'Object Repository/Page_IntroCS Add a new topic/input_Enable_timeendenabled' is clicked on

2022-01-16 00:53:43 - [MESSAGE][PASSED] - Object: 'Object Repository/Page_IntroCS Add a new topic/input_Enable_timeendenabled' is clicked on

2022-01-16 00:53:43 - [TEST_STEP][PASSED] - selectOptionByValue(findTestObject("Object Repository/Page_IntroCS Add a new topic/select_1        2        3        4        _45ea30"), "24", true): All options with value '24' are selected in object 'Object Repository/Page_IntroCS Add a new topic/select_1        2        3        4        _45ea30'  using regular expression

2022-01-16 00:53:45 - [MESSAGE][PASSED] - All options with value '24' are selected in object 'Object Repository/Page_IntroCS Add a new topic/select_1        2        3        4        _45ea30'  using regular expression

2022-01-16 00:53:45 - [TEST_STEP][PASSED] - selectOptionByValue(findTestObject("Object Repository/Page_IntroCS Add a new topic/select_00        01        02        03    _f6e37b"), "0", true): All options with value '0' are selected in object 'Object Repository/Page_IntroCS Add a new topic/select_00        01        02        03    _f6e37b'  using regular expression

2022-01-16 00:53:46 - [MESSAGE][PASSED] - All options with value '0' are selected in object 'Object Repository/Page_IntroCS Add a new topic/select_00        01        02        03    _f6e37b'  using regular expression

2022-01-16 00:53:46 - [TEST_STEP][PASSED] - selectOptionByValue(findTestObject("Object Repository/Page_IntroCS Add a new topic/select_00        01        02        03    _f6e37b_1"), "1", true): All options with value '1' are selected in object 'Object Repository/Page_IntroCS Add a new topic/select_00        01        02        03    _f6e37b_1'  using regular expression

2022-01-16 00:53:47 - [MESSAGE][PASSED] - All options with value '1' are selected in object 'Object Repository/Page_IntroCS Add a new topic/select_00        01        02        03    _f6e37b_1'  using regular expression

2022-01-16 00:53:47 - [TEST_STEP][PASSED] - selectOptionByValue(findTestObject("Object Repository/Page_IntroCS Add a new topic/select_00        01        02        03    _f6e37b_1"), "0", true): All options with value '0' are selected in object 'Object Repository/Page_IntroCS Add a new topic/select_00        01        02        03    _f6e37b_1'  using regular expression

2022-01-16 00:53:48 - [MESSAGE][PASSED] - All options with value '0' are selected in object 'Object Repository/Page_IntroCS Add a new topic/select_00        01        02        03    _f6e37b_1'  using regular expression

2022-01-16 00:53:48 - [TEST_STEP][PASSED] - selectOptionByValue(findTestObject("Object Repository/Page_IntroCS Add a new topic/select_1        2        3        4        _45ea30_1"), "14", true): All options with value '14' are selected in object 'Object Repository/Page_IntroCS Add a new topic/select_1        2        3        4        _45ea30_1'  using regular expression

2022-01-16 00:53:50 - [MESSAGE][PASSED] - All options with value '14' are selected in object 'Object Repository/Page_IntroCS Add a new topic/select_1        2        3        4        _45ea30_1'  using regular expression

2022-01-16 00:53:50 - [TEST_STEP][PASSED] - selectOptionByValue(findTestObject("Object Repository/Page_IntroCS Add a new topic/select_January        February        March_78ea2e"), "2", true): All options with value '2' are selected in object 'Object Repository/Page_IntroCS Add a new topic/select_January        February        March_78ea2e'  using regular expression

2022-01-16 00:53:51 - [MESSAGE][PASSED] - All options with value '2' are selected in object 'Object Repository/Page_IntroCS Add a new topic/select_January        February        March_78ea2e'  using regular expression

2022-01-16 00:53:51 - [TEST_STEP][PASSED] - selectOptionByValue(findTestObject("Object Repository/Page_IntroCS Add a new topic/select_00        01        02        03    _f6e37b_1_2"), "0", true): All options with value '0' are selected in object 'Object Repository/Page_IntroCS Add a new topic/select_00        01        02        03    _f6e37b_1_2'  using regular expression

2022-01-16 00:53:52 - [MESSAGE][PASSED] - All options with value '0' are selected in object 'Object Repository/Page_IntroCS Add a new topic/select_00        01        02        03    _f6e37b_1_2'  using regular expression

2022-01-16 00:53:52 - [TEST_STEP][PASSED] - selectOptionByValue(findTestObject("Object Repository/Page_IntroCS Add a new topic/select_00        01        02        03    _f6e37b_1_2_3"), "0", true): All options with value '0' are selected in object 'Object Repository/Page_IntroCS Add a new topic/select_00        01        02        03    _f6e37b_1_2_3'  using regular expression

2022-01-16 00:53:53 - [MESSAGE][PASSED] - All options with value '0' are selected in object 'Object Repository/Page_IntroCS Add a new topic/select_00        01        02        03    _f6e37b_1_2_3'  using regular expression

2022-01-16 00:53:53 - [TEST_STEP][PASSED] - click(findTestObject("Object Repository/Page_IntroCS Add a new topic/input__submitbutton")): Object: 'Object Repository/Page_IntroCS Add a new topic/input__submitbutton' is clicked on

2022-01-16 00:53:54 - [MESSAGE][PASSED] - Object: 'Object Repository/Page_IntroCS Add a new topic/input__submitbutton' is clicked on

2022-01-16 00:53:54 - [TEST_STEP][PASSED] - click(findTestObject("Object Repository/Page_Announcements/p_Your post was successfully added")): Object: 'Object Repository/Page_Announcements/p_Your post was successfully added' is clicked on

2022-01-16 00:53:55 - [MESSAGE][PASSED] - Object: 'Object Repository/Page_Announcements/p_Your post was successfully added' is clicked on

2022-01-16 00:53:55 - [TEST_STEP][PASSED] - verifyElementText(findTestObject("Object Repository/Page_Announcements/p_Your post was successfully added_1"), "Your post was successfully added."): Actual text and expected text of test object 'Object Repository/Page_Announcements/p_Your post was successfully added_1' are matched.

2022-01-16 00:54:26 - [MESSAGE][INFO] - Unable to find the element located by 'By.xpath: //p[@id='yui_3_17_2_1_1642208221973_480']'. Please recheck the objects properties to make sure the desired element is located. 

2022-01-16 00:54:26 - [MESSAGE][WARNING] - [SELF-HEALING] Failed to find element with id 'Object Repository/Page_Announcements/p_Your post was successfully added_1'. Try using Self-healing.

2022-01-16 00:54:26 - [MESSAGE][WARNING] - [SELF-HEALING] The current locator of test object 'Object Repository/Page_Announcements/p_Your post was successfully added_1' was broken. Propose an alternative one: '(.//*[normalize-space(text()) and normalize-space(.)='×'])[1]/following::p[1]'.

2022-01-16 00:54:26 - [MESSAGE][PASSED] - Actual text and expected text of test object 'Object Repository/Page_Announcements/p_Your post was successfully added_1' are matched.

2022-01-16 00:54:26 - [TEST_STEP][PASSED] - verifyElementText(findTestObject("Object Repository/Page_Announcements/p_You have 30 mins to edit it if you want t_c2beca"), "You have 30 mins to edit it if you want to make any changes."): Actual text and expected text of test object 'Object Repository/Page_Announcements/p_You have 30 mins to edit it if you want t_c2beca' are matched.

2022-01-16 00:54:57 - [MESSAGE][INFO] - Unable to find the element located by 'By.xpath: //div[@id='yui_3_17_2_1_1642208221973_481']/p[2]'. Please recheck the objects properties to make sure the desired element is located. 

2022-01-16 00:54:57 - [MESSAGE][WARNING] - [SELF-HEALING] Failed to find element with id 'Object Repository/Page_Announcements/p_You have 30 mins to edit it if you want t_c2beca'. Try using Self-healing.

2022-01-16 00:54:58 - [MESSAGE][WARNING] - [SELF-HEALING] The current locator of test object 'Object Repository/Page_Announcements/p_You have 30 mins to edit it if you want t_c2beca' was broken. Propose an alternative one: '(.//*[normalize-space(text()) and normalize-space(.)='×'])[1]/following::p[2]'.

2022-01-16 00:54:58 - [MESSAGE][PASSED] - Actual text and expected text of test object 'Object Repository/Page_Announcements/p_You have 30 mins to edit it if you want t_c2beca' are matched.

2022-01-16 00:54:58 - [TEST_STEP][PASSED] - verifyElementVisible(findTestObject("Object Repository/Page_Announcements/button_Timed"), STOP_ON_FAILURE): Object 'Object Repository/Page_Announcements/button_Timed' is visible

2022-01-16 00:55:29 - [MESSAGE][INFO] - Unable to find the element located by 'By.xpath: //button[@id='yui_3_17_2_1_1642208221973_501']'. Please recheck the objects properties to make sure the desired element is located. 

2022-01-16 00:55:29 - [MESSAGE][WARNING] - [SELF-HEALING] Failed to find element with id 'Object Repository/Page_Announcements/button_Timed'. Try using Self-healing.

2022-01-16 00:55:29 - [MESSAGE][WARNING] - [SELF-HEALING] The current locator of test object 'Object Repository/Page_Announcements/button_Timed' was broken. Propose an alternative one: '(.//*[normalize-space(text()) and normalize-space(.)='Locked'])[1]/following::button[1]'.

2022-01-16 00:55:29 - [MESSAGE][PASSED] - Object 'Object Repository/Page_Announcements/button_Timed' is visible

2022-01-16 00:55:29 - [TEST_STEP][PASSED] - click(findTestObject("Object Repository/Page_Announcements/a_Announcement for Tet holiday")): Object: 'Object Repository/Page_Announcements/a_Announcement for Tet holiday' is clicked on

2022-01-16 00:56:00 - [MESSAGE][INFO] - Unable to find the element located by 'By.xpath: //a[@id='yui_3_17_2_1_1642208221973_514']'. Please recheck the objects properties to make sure the desired element is located. 

2022-01-16 00:56:00 - [MESSAGE][WARNING] - [SELF-HEALING] Failed to find element with id 'Object Repository/Page_Announcements/a_Announcement for Tet holiday'. Try using Self-healing.

2022-01-16 00:56:00 - [MESSAGE][WARNING] - [SELF-HEALING] The current locator of test object 'Object Repository/Page_Announcements/a_Announcement for Tet holiday' was broken. Propose an alternative one: '//a[contains(text(),'Announcement for Tet holiday')]'.

2022-01-16 00:56:01 - [MESSAGE][PASSED] - Object: 'Object Repository/Page_Announcements/a_Announcement for Tet holiday' is clicked on

2022-01-16 00:56:01 - [TEST_STEP][PASSED] - click(findTestObject("Object Repository/Page_IntroCS Announcement for Tet holiday/a_Delete")): Object: 'Object Repository/Page_IntroCS Announcement for Tet holiday/a_Delete' is clicked on

2022-01-16 00:56:32 - [MESSAGE][INFO] - Unable to find the element located by 'By.xpath: //article[@id='p9']/div/div/div/div[2]/div[2]/div/a[3]'. Please recheck the objects properties to make sure the desired element is located. 

2022-01-16 00:56:32 - [MESSAGE][WARNING] - [SELF-HEALING] Failed to find element with id 'Object Repository/Page_IntroCS Announcement for Tet holiday/a_Delete'. Try using Self-healing.

2022-01-16 00:56:32 - [MESSAGE][WARNING] - [SELF-HEALING] The current locator of test object 'Object Repository/Page_IntroCS Announcement for Tet holiday/a_Delete' was broken. Propose an alternative one: '//a[contains(text(),'Delete')]'.

2022-01-16 00:56:33 - [MESSAGE][PASSED] - Object: 'Object Repository/Page_IntroCS Announcement for Tet holiday/a_Delete' is clicked on

2022-01-16 00:56:33 - [TEST_STEP][PASSED] - click(findTestObject("Object Repository/Page_IntroCS/button_Continue")): Object: 'Object Repository/Page_IntroCS/button_Continue' is clicked on

2022-01-16 00:57:04 - [MESSAGE][INFO] - Unable to find the element located by 'By.xpath: //button[@id='single_button61e21bf6295b614']'. Please recheck the objects properties to make sure the desired element is located. 

2022-01-16 00:57:04 - [MESSAGE][WARNING] - [SELF-HEALING] Failed to find element with id 'Object Repository/Page_IntroCS/button_Continue'. Try using Self-healing.

2022-01-16 00:57:04 - [MESSAGE][WARNING] - [SELF-HEALING] The current locator of test object 'Object Repository/Page_IntroCS/button_Continue' was broken. Propose an alternative one: '//div[@id='modal-footer']/div/div/form/button'.

2022-01-16 00:57:05 - [MESSAGE][PASSED] - Object: 'Object Repository/Page_IntroCS/button_Continue' is clicked on

2022-01-16 00:57:05 - [TEST_STEP][PASSED] - verifyElementVisible(findTestObject("Object Repository/Page_Announcements/div_Discussion deleted"), STOP_ON_FAILURE): Object 'Object Repository/Page_Announcements/div_Discussion deleted' is visible

2022-01-16 00:57:06 - [MESSAGE][PASSED] - Object 'Object Repository/Page_Announcements/div_Discussion deleted' is visible

2022-01-16 00:57:06 - [TEST_STEP][PASSED] - closeBrowser(): Browser is closed

2022-01-16 00:57:06 - [MESSAGE][PASSED] - Browser is closed]]></system-out>
         <system-err><![CDATA[]]></system-err>
      </testcase>
      <testcase name="Test Cases/test case 43" time="8.313" classname="Test Cases/test case 43" status="FAILED">
         <failure type="FAILED" message="Test Cases/test case 43 FAILED.
Reason:
com.kms.katalon.core.exception.StepFailedException: Verify element text of test object 'Object Repository/Page_Dashboard/span_IntroCS' FAILED.
	at com.kms.katalon.core.webui.keyword.internal.WebUIKeywordMain.stepFailed(WebUIKeywordMain.groovy:64)
	at com.kms.katalon.core.webui.keyword.internal.WebUIKeywordMain.runKeyword(WebUIKeywordMain.groovy:26)
	at com.kms.katalon.core.webui.keyword.builtin.VerifyElementTextKeyword.verifyElementText(VerifyElementTextKeyword.groovy:72)
	at com.kms.katalon.core.webui.keyword.builtin.VerifyElementTextKeyword.execute(VerifyElementTextKeyword.groovy:40)
	at com.kms.katalon.core.keyword.internal.KeywordExecutor.executeKeywordForPlatform(KeywordExecutor.groovy:74)
	at com.kms.katalon.core.webui.keyword.WebUiBuiltInKeywords.verifyElementText(WebUiBuiltInKeywords.groovy:4749)
	at com.kms.katalon.core.webui.keyword.WebUiBuiltInKeywords$verifyElementText$7.call(Unknown Source)
	at test case 43.run(test case 43:34)
	at com.kms.katalon.core.main.ScriptEngine.run(ScriptEngine.java:194)
	at com.kms.katalon.core.main.ScriptEngine.runScriptAsRawText(ScriptEngine.java:119)
	at com.kms.katalon.core.main.TestCaseExecutor.runScript(TestCaseExecutor.java:442)
	at com.kms.katalon.core.main.TestCaseExecutor.doExecute(TestCaseExecutor.java:433)
	at com.kms.katalon.core.main.TestCaseExecutor.processExecutionPhase(TestCaseExecutor.java:412)
	at com.kms.katalon.core.main.TestCaseExecutor.accessMainPhase(TestCaseExecutor.java:404)
	at com.kms.katalon.core.main.TestCaseExecutor.execute(TestCaseExecutor.java:281)
	at com.kms.katalon.core.main.TestSuiteExecutor.accessTestCaseMainPhase(TestSuiteExecutor.java:202)
	at com.kms.katalon.core.main.TestSuiteExecutor.accessTestSuiteMainPhase(TestSuiteExecutor.java:164)
	at com.kms.katalon.core.main.TestSuiteExecutor.execute(TestSuiteExecutor.java:105)
	at com.kms.katalon.core.main.TestCaseMain.startTestSuite(TestCaseMain.java:181)
	at com.kms.katalon.core.main.TestCaseMain$startTestSuite$0.call(Unknown Source)
	at TempTestSuite1642265296699.run(TempTestSuite1642265296699.groovy:36)
Caused by: com.kms.katalon.core.exception.StepFailedException: Actual text 'General' and expected text 'IntroCS' of test object 'Object Repository/Page_Dashboard/span_IntroCS' are NOT matched.
	at com.kms.katalon.core.webui.keyword.internal.WebUIKeywordMain.stepFailed(WebUIKeywordMain.groovy:64)
	at com.kms.katalon.core.webui.keyword.builtin.VerifyElementTextKeyword$_verifyElementText_closure1.doCall(VerifyElementTextKeyword.groovy:57)
	at com.kms.katalon.core.webui.keyword.builtin.VerifyElementTextKeyword$_verifyElementText_closure1.call(VerifyElementTextKeyword.groovy)
	at com.kms.katalon.core.webui.keyword.internal.WebUIKeywordMain.runKeyword(WebUIKeywordMain.groovy:20)
	... 19 more
"/>
         <system-out><![CDATA[2022-01-16 00:57:06 - [TEST_CASE][FAILED] - Test Cases/test case 43: Test Cases/test case 43 FAILED.
Reason:
com.kms.katalon.core.exception.StepFailedException: Verify element text of test object 'Object Repository/Page_Dashboard/span_IntroCS' FAILED.
	at com.kms.katalon.core.webui.keyword.internal.WebUIKeywordMain.stepFailed(WebUIKeywordMain.groovy:64)
	at com.kms.katalon.core.webui.keyword.internal.WebUIKeywordMain.runKeyword(WebUIKeywordMain.groovy:26)
	at com.kms.katalon.core.webui.keyword.builtin.VerifyElementTextKeyword.verifyElementText(VerifyElementTextKeyword.groovy:72)
	at com.kms.katalon.core.webui.keyword.builtin.VerifyElementTextKeyword.execute(VerifyElementTextKeyword.groovy:40)
	at com.kms.katalon.core.keyword.internal.KeywordExecutor.executeKeywordForPlatform(KeywordExecutor.groovy:74)
	at com.kms.katalon.core.webui.keyword.WebUiBuiltInKeywords.verifyElementText(WebUiBuiltInKeywords.groovy:4749)
	at com.kms.katalon.core.webui.keyword.WebUiBuiltInKeywords$verifyElementText$7.call(Unknown Source)
	at test case 43.run(test case 43:34)
	at com.kms.katalon.core.main.ScriptEngine.run(ScriptEngine.java:194)
	at com.kms.katalon.core.main.ScriptEngine.runScriptAsRawText(ScriptEngine.java:119)
	at com.kms.katalon.core.main.TestCaseExecutor.runScript(TestCaseExecutor.java:442)
	at com.kms.katalon.core.main.TestCaseExecutor.doExecute(TestCaseExecutor.java:433)
	at com.kms.katalon.core.main.TestCaseExecutor.processExecutionPhase(TestCaseExecutor.java:412)
	at com.kms.katalon.core.main.TestCaseExecutor.accessMainPhase(TestCaseExecutor.java:404)
	at com.kms.katalon.core.main.TestCaseExecutor.execute(TestCaseExecutor.java:281)
	at com.kms.katalon.core.main.TestSuiteExecutor.accessTestCaseMainPhase(TestSuiteExecutor.java:202)
	at com.kms.katalon.core.main.TestSuiteExecutor.accessTestSuiteMainPhase(TestSuiteExecutor.java:164)
	at com.kms.katalon.core.main.TestSuiteExecutor.execute(TestSuiteExecutor.java:105)
	at com.kms.katalon.core.main.TestCaseMain.startTestSuite(TestCaseMain.java:181)
	at com.kms.katalon.core.main.TestCaseMain$startTestSuite$0.call(Unknown Source)
	at TempTestSuite1642265296699.run(TempTestSuite1642265296699.groovy:36)
Caused by: com.kms.katalon.core.exception.StepFailedException: Actual text 'General' and expected text 'IntroCS' of test object 'Object Repository/Page_Dashboard/span_IntroCS' are NOT matched.
	at com.kms.katalon.core.webui.keyword.internal.WebUIKeywordMain.stepFailed(WebUIKeywordMain.groovy:64)
	at com.kms.katalon.core.webui.keyword.builtin.VerifyElementTextKeyword$_verifyElementText_closure1.doCall(VerifyElementTextKeyword.groovy:57)
	at com.kms.katalon.core.webui.keyword.builtin.VerifyElementTextKeyword$_verifyElementText_closure1.call(VerifyElementTextKeyword.groovy)
	at com.kms.katalon.core.webui.keyword.internal.WebUIKeywordMain.runKeyword(WebUIKeywordMain.groovy:20)
	... 19 more


2022-01-16 00:57:07 - [TEST_STEP][PASSED] - openBrowser(""): Browser is opened with url: ''

2022-01-16 00:57:07 - [MESSAGE][INFO] - Starting 'Chrome' driver

2022-01-16 00:57:07 - [MESSAGE][INFO] - Action delay is set to 0 milliseconds

2022-01-16 00:57:08 - [MESSAGE][PASSED] - Browser is opened with url: ''

2022-01-16 00:57:08 - [TEST_STEP][PASSED] - navigateToUrl("http://localhost/"): Navigate to 'http://localhost/' successfully

2022-01-16 00:57:09 - [MESSAGE][PASSED] - Navigate to 'http://localhost/' successfully

2022-01-16 00:57:09 - [TEST_STEP][PASSED] - click(findTestObject("Object Repository/Page_Moodle/a_Log in")): Object: 'Object Repository/Page_Moodle/a_Log in' is clicked on

2022-01-16 00:57:10 - [MESSAGE][PASSED] - Object: 'Object Repository/Page_Moodle/a_Log in' is clicked on

2022-01-16 00:57:10 - [TEST_STEP][PASSED] - setText(findTestObject("Object Repository/Page_Moodle Log in to the site/input_Username_username"), "tmtriet"): Text 'tmtriet' is set on object 'Object Repository/Page_Moodle Log in to the site/input_Username_username'

2022-01-16 00:57:11 - [MESSAGE][PASSED] - Text 'tmtriet' is set on object 'Object Repository/Page_Moodle Log in to the site/input_Username_username'

2022-01-16 00:57:11 - [TEST_STEP][PASSED] - setEncryptedText(findTestObject("Object Repository/Page_Moodle Log in to the site/input_Password_password"), "NMz1A57fMJEpXGm/T4cXeQ=="): Text ****** has been set on object 'Object Repository/Page_Moodle Log in to the site/input_Password_password'

2022-01-16 00:57:11 - [MESSAGE][PASSED] - Text ****** has been set on object 'Object Repository/Page_Moodle Log in to the site/input_Password_password'

2022-01-16 00:57:11 - [TEST_STEP][PASSED] - click(findTestObject("Object Repository/Page_Moodle Log in to the site/button_Log in")): Object: 'Object Repository/Page_Moodle Log in to the site/button_Log in' is clicked on

2022-01-16 00:57:12 - [MESSAGE][PASSED] - Object: 'Object Repository/Page_Moodle Log in to the site/button_Log in' is clicked on

2022-01-16 00:57:12 - [TEST_STEP][PASSED] - click(findTestObject("Object Repository/Page_Dashboard/span_IntroCS")): Object: 'Object Repository/Page_Dashboard/span_IntroCS' is clicked on

2022-01-16 00:57:14 - [MESSAGE][PASSED] - Object: 'Object Repository/Page_Dashboard/span_IntroCS' is clicked on

2022-01-16 00:57:14 - [TEST_STEP][FAILED] - verifyElementText(findTestObject("Page_Dashboard/span_IntroCS"), "IntroCS"): Verify element text of test object 'Object Repository/Page_Dashboard/span_IntroCS' FAILED. (Root cause: com.kms.katalon.core.exception.StepFailedException: Verify element text of test object 'Object Repository/Page_Dashboard/span_IntroCS' FAILED.
	at com.kms.katalon.core.webui.keyword.internal.WebUIKeywordMain.stepFailed(WebUIKeywordMain.groovy:64)
	at com.kms.katalon.core.webui.keyword.internal.WebUIKeywordMain.runKeyword(WebUIKeywordMain.groovy:26)
	at com.kms.katalon.core.webui.keyword.builtin.VerifyElementTextKeyword.verifyElementText(VerifyElementTextKeyword.groovy:72)
	at com.kms.katalon.core.webui.keyword.builtin.VerifyElementTextKeyword.execute(VerifyElementTextKeyword.groovy:40)
	at com.kms.katalon.core.keyword.internal.KeywordExecutor.executeKeywordForPlatform(KeywordExecutor.groovy:74)
	at com.kms.katalon.core.webui.keyword.WebUiBuiltInKeywords.verifyElementText(WebUiBuiltInKeywords.groovy:4749)
	at com.kms.katalon.core.webui.keyword.WebUiBuiltInKeywords$verifyElementText$7.call(Unknown Source)
	at test case 43.run(test case 43:34)
	at com.kms.katalon.core.main.ScriptEngine.run(ScriptEngine.java:194)
	at com.kms.katalon.core.main.ScriptEngine.runScriptAsRawText(ScriptEngine.java:119)
	at com.kms.katalon.core.main.TestCaseExecutor.runScript(TestCaseExecutor.java:442)
	at com.kms.katalon.core.main.TestCaseExecutor.doExecute(TestCaseExecutor.java:433)
	at com.kms.katalon.core.main.TestCaseExecutor.processExecutionPhase(TestCaseExecutor.java:412)
	at com.kms.katalon.core.main.TestCaseExecutor.accessMainPhase(TestCaseExecutor.java:404)
	at com.kms.katalon.core.main.TestCaseExecutor.execute(TestCaseExecutor.java:281)
	at com.kms.katalon.core.main.TestSuiteExecutor.accessTestCaseMainPhase(TestSuiteExecutor.java:202)
	at com.kms.katalon.core.main.TestSuiteExecutor.accessTestSuiteMainPhase(TestSuiteExecutor.java:164)
	at com.kms.katalon.core.main.TestSuiteExecutor.execute(TestSuiteExecutor.java:105)
	at com.kms.katalon.core.main.TestCaseMain.startTestSuite(TestCaseMain.java:181)
	at com.kms.katalon.core.main.TestCaseMain$startTestSuite$0.call(Unknown Source)
	at TempTestSuite1642265296699.run(TempTestSuite1642265296699.groovy:36)
Caused by: com.kms.katalon.core.exception.StepFailedException: Actual text 'General' and expected text 'IntroCS' of test object 'Object Repository/Page_Dashboard/span_IntroCS' are NOT matched.
	at com.kms.katalon.core.webui.keyword.internal.WebUIKeywordMain.stepFailed(WebUIKeywordMain.groovy:64)
	at com.kms.katalon.core.webui.keyword.builtin.VerifyElementTextKeyword$_verifyElementText_closure1.doCall(VerifyElementTextKeyword.groovy:57)
	at com.kms.katalon.core.webui.keyword.builtin.VerifyElementTextKeyword$_verifyElementText_closure1.call(VerifyElementTextKeyword.groovy)
	at com.kms.katalon.core.webui.keyword.internal.WebUIKeywordMain.runKeyword(WebUIKeywordMain.groovy:20)
	... 19 more
)

2022-01-16 00:57:15 - [MESSAGE][FAILED] - Actual text 'General' and expected text 'IntroCS' of test object 'Object Repository/Page_Dashboard/span_IntroCS' are NOT matched. (Root cause: com.kms.katalon.core.exception.StepFailedException: Actual text 'General' and expected text 'IntroCS' of test object 'Object Repository/Page_Dashboard/span_IntroCS' are NOT matched.
	at com.kms.katalon.core.webui.keyword.internal.WebUIKeywordMain.stepFailed(WebUIKeywordMain.groovy:64)
	at com.kms.katalon.core.webui.keyword.builtin.VerifyElementTextKeyword$_verifyElementText_closure1.doCall(VerifyElementTextKeyword.groovy:57)
	at com.kms.katalon.core.webui.keyword.builtin.VerifyElementTextKeyword$_verifyElementText_closure1.call(VerifyElementTextKeyword.groovy)
	at com.kms.katalon.core.webui.keyword.internal.WebUIKeywordMain.runKeyword(WebUIKeywordMain.groovy:20)
	at com.kms.katalon.core.webui.keyword.builtin.VerifyElementTextKeyword.verifyElementText(VerifyElementTextKeyword.groovy:72)
	at com.kms.katalon.core.webui.keyword.builtin.VerifyElementTextKeyword.execute(VerifyElementTextKeyword.groovy:40)
	at com.kms.katalon.core.keyword.internal.KeywordExecutor.executeKeywordForPlatform(KeywordExecutor.groovy:74)
	at com.kms.katalon.core.webui.keyword.WebUiBuiltInKeywords.verifyElementText(WebUiBuiltInKeywords.groovy:4749)
	at com.kms.katalon.core.webui.keyword.WebUiBuiltInKeywords$verifyElementText$7.call(Unknown Source)
	at test case 43.run(test case 43:34)
	at com.kms.katalon.core.main.ScriptEngine.run(ScriptEngine.java:194)
	at com.kms.katalon.core.main.ScriptEngine.runScriptAsRawText(ScriptEngine.java:119)
	at com.kms.katalon.core.main.TestCaseExecutor.runScript(TestCaseExecutor.java:442)
	at com.kms.katalon.core.main.TestCaseExecutor.doExecute(TestCaseExecutor.java:433)
	at com.kms.katalon.core.main.TestCaseExecutor.processExecutionPhase(TestCaseExecutor.java:412)
	at com.kms.katalon.core.main.TestCaseExecutor.accessMainPhase(TestCaseExecutor.java:404)
	at com.kms.katalon.core.main.TestCaseExecutor.execute(TestCaseExecutor.java:281)
	at com.kms.katalon.core.main.TestSuiteExecutor.accessTestCaseMainPhase(TestSuiteExecutor.java:202)
	at com.kms.katalon.core.main.TestSuiteExecutor.accessTestSuiteMainPhase(TestSuiteExecutor.java:164)
	at com.kms.katalon.core.main.TestSuiteExecutor.execute(TestSuiteExecutor.java:105)
	at com.kms.katalon.core.main.TestCaseMain.startTestSuite(TestCaseMain.java:181)
	at com.kms.katalon.core.main.TestCaseMain$startTestSuite$0.call(Unknown Source)
	at TempTestSuite1642265296699.run(TempTestSuite1642265296699.groovy:36)
)
[[ATTACHMENT|D:\\Test-Automation-SE-Bonus\\Test-Automation-SE-Bonus\\Reports\\20220115_234816\\Run all test cases\\20220115_234816\\1642269434896.png]]

2022-01-16 00:57:15 - [MESSAGE][FAILED] - Verify element text of test object 'Object Repository/Page_Dashboard/span_IntroCS' FAILED. (Root cause: com.kms.katalon.core.exception.StepFailedException: Verify element text of test object 'Object Repository/Page_Dashboard/span_IntroCS' FAILED.
	at com.kms.katalon.core.webui.keyword.internal.WebUIKeywordMain.stepFailed(WebUIKeywordMain.groovy:64)
	at com.kms.katalon.core.webui.keyword.internal.WebUIKeywordMain.runKeyword(WebUIKeywordMain.groovy:26)
	at com.kms.katalon.core.webui.keyword.builtin.VerifyElementTextKeyword.verifyElementText(VerifyElementTextKeyword.groovy:72)
	at com.kms.katalon.core.webui.keyword.builtin.VerifyElementTextKeyword.execute(VerifyElementTextKeyword.groovy:40)
	at com.kms.katalon.core.keyword.internal.KeywordExecutor.executeKeywordForPlatform(KeywordExecutor.groovy:74)
	at com.kms.katalon.core.webui.keyword.WebUiBuiltInKeywords.verifyElementText(WebUiBuiltInKeywords.groovy:4749)
	at com.kms.katalon.core.webui.keyword.WebUiBuiltInKeywords$verifyElementText$7.call(Unknown Source)
	at test case 43.run(test case 43:34)
	at com.kms.katalon.core.main.ScriptEngine.run(ScriptEngine.java:194)
	at com.kms.katalon.core.main.ScriptEngine.runScriptAsRawText(ScriptEngine.java:119)
	at com.kms.katalon.core.main.TestCaseExecutor.runScript(TestCaseExecutor.java:442)
	at com.kms.katalon.core.main.TestCaseExecutor.doExecute(TestCaseExecutor.java:433)
	at com.kms.katalon.core.main.TestCaseExecutor.processExecutionPhase(TestCaseExecutor.java:412)
	at com.kms.katalon.core.main.TestCaseExecutor.accessMainPhase(TestCaseExecutor.java:404)
	at com.kms.katalon.core.main.TestCaseExecutor.execute(TestCaseExecutor.java:281)
	at com.kms.katalon.core.main.TestSuiteExecutor.accessTestCaseMainPhase(TestSuiteExecutor.java:202)
	at com.kms.katalon.core.main.TestSuiteExecutor.accessTestSuiteMainPhase(TestSuiteExecutor.java:164)
	at com.kms.katalon.core.main.TestSuiteExecutor.execute(TestSuiteExecutor.java:105)
	at com.kms.katalon.core.main.TestCaseMain.startTestSuite(TestCaseMain.java:181)
	at com.kms.katalon.core.main.TestCaseMain$startTestSuite$0.call(Unknown Source)
	at TempTestSuite1642265296699.run(TempTestSuite1642265296699.groovy:36)
Caused by: com.kms.katalon.core.exception.StepFailedException: Actual text 'General' and expected text 'IntroCS' of test object 'Object Repository/Page_Dashboard/span_IntroCS' are NOT matched.
	at com.kms.katalon.core.webui.keyword.internal.WebUIKeywordMain.stepFailed(WebUIKeywordMain.groovy:64)
	at com.kms.katalon.core.webui.keyword.builtin.VerifyElementTextKeyword$_verifyElementText_closure1.doCall(VerifyElementTextKeyword.groovy:57)
	at com.kms.katalon.core.webui.keyword.builtin.VerifyElementTextKeyword$_verifyElementText_closure1.call(VerifyElementTextKeyword.groovy)
	at com.kms.katalon.core.webui.keyword.internal.WebUIKeywordMain.runKeyword(WebUIKeywordMain.groovy:20)
	... 19 more
)
[[ATTACHMENT|D:\\Test-Automation-SE-Bonus\\Test-Automation-SE-Bonus\\Reports\\20220115_234816\\Run all test cases\\20220115_234816\\1642269435058.png]]]]></system-out>
         <system-err><![CDATA[2022-01-16 00:57:06 - [TEST_CASE][FAILED] - Test Cases/test case 43: Test Cases/test case 43 FAILED.
Reason:
com.kms.katalon.core.exception.StepFailedException: Verify element text of test object 'Object Repository/Page_Dashboard/span_IntroCS' FAILED.
	at com.kms.katalon.core.webui.keyword.internal.WebUIKeywordMain.stepFailed(WebUIKeywordMain.groovy:64)
	at com.kms.katalon.core.webui.keyword.internal.WebUIKeywordMain.runKeyword(WebUIKeywordMain.groovy:26)
	at com.kms.katalon.core.webui.keyword.builtin.VerifyElementTextKeyword.verifyElementText(VerifyElementTextKeyword.groovy:72)
	at com.kms.katalon.core.webui.keyword.builtin.VerifyElementTextKeyword.execute(VerifyElementTextKeyword.groovy:40)
	at com.kms.katalon.core.keyword.internal.KeywordExecutor.executeKeywordForPlatform(KeywordExecutor.groovy:74)
	at com.kms.katalon.core.webui.keyword.WebUiBuiltInKeywords.verifyElementText(WebUiBuiltInKeywords.groovy:4749)
	at com.kms.katalon.core.webui.keyword.WebUiBuiltInKeywords$verifyElementText$7.call(Unknown Source)
	at test case 43.run(test case 43:34)
	at com.kms.katalon.core.main.ScriptEngine.run(ScriptEngine.java:194)
	at com.kms.katalon.core.main.ScriptEngine.runScriptAsRawText(ScriptEngine.java:119)
	at com.kms.katalon.core.main.TestCaseExecutor.runScript(TestCaseExecutor.java:442)
	at com.kms.katalon.core.main.TestCaseExecutor.doExecute(TestCaseExecutor.java:433)
	at com.kms.katalon.core.main.TestCaseExecutor.processExecutionPhase(TestCaseExecutor.java:412)
	at com.kms.katalon.core.main.TestCaseExecutor.accessMainPhase(TestCaseExecutor.java:404)
	at com.kms.katalon.core.main.TestCaseExecutor.execute(TestCaseExecutor.java:281)
	at com.kms.katalon.core.main.TestSuiteExecutor.accessTestCaseMainPhase(TestSuiteExecutor.java:202)
	at com.kms.katalon.core.main.TestSuiteExecutor.accessTestSuiteMainPhase(TestSuiteExecutor.java:164)
	at com.kms.katalon.core.main.TestSuiteExecutor.execute(TestSuiteExecutor.java:105)
	at com.kms.katalon.core.main.TestCaseMain.startTestSuite(TestCaseMain.java:181)
	at com.kms.katalon.core.main.TestCaseMain$startTestSuite$0.call(Unknown Source)
	at TempTestSuite1642265296699.run(TempTestSuite1642265296699.groovy:36)
Caused by: com.kms.katalon.core.exception.StepFailedException: Actual text 'General' and expected text 'IntroCS' of test object 'Object Repository/Page_Dashboard/span_IntroCS' are NOT matched.
	at com.kms.katalon.core.webui.keyword.internal.WebUIKeywordMain.stepFailed(WebUIKeywordMain.groovy:64)
	at com.kms.katalon.core.webui.keyword.builtin.VerifyElementTextKeyword$_verifyElementText_closure1.doCall(VerifyElementTextKeyword.groovy:57)
	at com.kms.katalon.core.webui.keyword.builtin.VerifyElementTextKeyword$_verifyElementText_closure1.call(VerifyElementTextKeyword.groovy)
	at com.kms.katalon.core.webui.keyword.internal.WebUIKeywordMain.runKeyword(WebUIKeywordMain.groovy:20)
	... 19 more]]></system-err>
      </testcase>
      <testcase name="Test Cases/test case 44" time="247.343" classname="Test Cases/test case 44" status="PASSED">
         <system-out><![CDATA[2022-01-16 00:57:15 - [TEST_CASE][PASSED] - Test Cases/test case 44: Test Cases/test case 44

2022-01-16 00:57:15 - [TEST_STEP][PASSED] - openBrowser(""): Browser is opened with url: ''

2022-01-16 00:57:15 - [MESSAGE][WARNING] - A browser is already opened. Closing browser and opening a new one

2022-01-16 00:57:16 - [MESSAGE][INFO] - Starting 'Chrome' driver

2022-01-16 00:57:16 - [MESSAGE][INFO] - Action delay is set to 0 milliseconds

2022-01-16 00:57:17 - [MESSAGE][PASSED] - Browser is opened with url: ''

2022-01-16 00:57:17 - [TEST_STEP][PASSED] - navigateToUrl("http://localhost/"): Navigate to 'http://localhost/' successfully

2022-01-16 00:57:18 - [MESSAGE][PASSED] - Navigate to 'http://localhost/' successfully

2022-01-16 00:57:18 - [TEST_STEP][PASSED] - click(findTestObject("Object Repository/Page_Moodle/a_Log in")): Object: 'Object Repository/Page_Moodle/a_Log in' is clicked on

2022-01-16 00:57:19 - [MESSAGE][PASSED] - Object: 'Object Repository/Page_Moodle/a_Log in' is clicked on

2022-01-16 00:57:19 - [TEST_STEP][PASSED] - setText(findTestObject("Object Repository/Page_Moodle Log in to the site/input_Username_username"), "tmtriet"): Text 'tmtriet' is set on object 'Object Repository/Page_Moodle Log in to the site/input_Username_username'

2022-01-16 00:57:20 - [MESSAGE][PASSED] - Text 'tmtriet' is set on object 'Object Repository/Page_Moodle Log in to the site/input_Username_username'

2022-01-16 00:57:20 - [TEST_STEP][PASSED] - setEncryptedText(findTestObject("Object Repository/Page_Moodle Log in to the site/input_Password_password"), "NMz1A57fMJEpXGm/T4cXeQ=="): Text ****** has been set on object 'Object Repository/Page_Moodle Log in to the site/input_Password_password'

2022-01-16 00:57:20 - [MESSAGE][PASSED] - Text ****** has been set on object 'Object Repository/Page_Moodle Log in to the site/input_Password_password'

2022-01-16 00:57:20 - [TEST_STEP][PASSED] - click(findTestObject("Object Repository/Page_Moodle Log in to the site/button_Log in")): Object: 'Object Repository/Page_Moodle Log in to the site/button_Log in' is clicked on

2022-01-16 00:57:22 - [MESSAGE][PASSED] - Object: 'Object Repository/Page_Moodle Log in to the site/button_Log in' is clicked on

2022-01-16 00:57:22 - [TEST_STEP][PASSED] - verifyElementText(findTestObject("Page_Dashboard/span_IntroCS"), "IntroCS"): Actual text and expected text of test object 'Object Repository/Page_Dashboard/span_IntroCS' are matched.

2022-01-16 00:57:23 - [MESSAGE][PASSED] - Actual text and expected text of test object 'Object Repository/Page_Dashboard/span_IntroCS' are matched.

2022-01-16 00:57:23 - [TEST_STEP][PASSED] - click(findTestObject("Object Repository/Page_Dashboard/span_IntroCS")): Object: 'Object Repository/Page_Dashboard/span_IntroCS' is clicked on

2022-01-16 00:57:24 - [MESSAGE][PASSED] - Object: 'Object Repository/Page_Dashboard/span_IntroCS' is clicked on

2022-01-16 00:57:24 - [TEST_STEP][PASSED] - waitForElementVisible(findTestObject("Object Repository/Page_Course Introduction to Computer Science/button_Turn editing on"), 0): Object 'Object Repository/Page_Course Introduction to Computer Science/button_Turn editing on' is visible

2022-01-16 00:57:24 - [MESSAGE][WARNING] - Timeout '0' is invalid. Using default page load timeout: '30'

2022-01-16 00:57:55 - [MESSAGE][INFO] - Unable to find the element located by 'By.xpath: //button[@id='single_button61e22ad15eaf41']'. Please recheck the objects properties to make sure the desired element is located. 

2022-01-16 00:57:55 - [MESSAGE][WARNING] - [SELF-HEALING] Failed to find element with id 'Object Repository/Page_Course Introduction to Computer Science/button_Turn editing on'. Try using Self-healing.

2022-01-16 00:57:55 - [MESSAGE][WARNING] - [SELF-HEALING] The current locator of test object 'Object Repository/Page_Course Introduction to Computer Science/button_Turn editing on' was broken. Propose an alternative one: '//header[@id='page-header']/div/div/div/div[2]/div[2]/div/form/button'.

2022-01-16 00:57:55 - [MESSAGE][PASSED] - Object 'Object Repository/Page_Course Introduction to Computer Science/button_Turn editing on' is visible

2022-01-16 00:57:55 - [TEST_STEP][PASSED] - click(findTestObject("Object Repository/Page_Course Introduction to Computer Science/button_Turn editing on")): Object: 'Object Repository/Page_Course Introduction to Computer Science/button_Turn editing on' is clicked on

2022-01-16 00:58:26 - [MESSAGE][INFO] - Unable to find the element located by 'By.xpath: //button[@id='single_button61e22ad15eaf41']'. Please recheck the objects properties to make sure the desired element is located. 

2022-01-16 00:58:26 - [MESSAGE][WARNING] - [SELF-HEALING] Failed to find element with id 'Object Repository/Page_Course Introduction to Computer Science/button_Turn editing on'. Try using Self-healing.

2022-01-16 00:58:27 - [MESSAGE][WARNING] - [SELF-HEALING] The current locator of test object 'Object Repository/Page_Course Introduction to Computer Science/button_Turn editing on' was broken. Propose an alternative one: '//header[@id='page-header']/div/div/div/div[2]/div[2]/div/form/button'.

2022-01-16 00:58:27 - [MESSAGE][PASSED] - Object: 'Object Repository/Page_Course Introduction to Computer Science/button_Turn editing on' is clicked on

2022-01-16 00:58:27 - [TEST_STEP][PASSED] - verifyElementText(findTestObject("Object Repository/Page_Course Introduction to Computer Science/a_Topic 1"), "Topic 1"): Actual text and expected text of test object 'Object Repository/Page_Course Introduction to Computer Science/a_Topic 1' are matched.

2022-01-16 00:58:58 - [MESSAGE][INFO] - Unable to find the element located by 'By.xpath: //a[@id='yui_3_17_2_1_1642212059890_617']'. Please recheck the objects properties to make sure the desired element is located. 

2022-01-16 00:58:58 - [MESSAGE][WARNING] - [SELF-HEALING] Failed to find element with id 'Object Repository/Page_Course Introduction to Computer Science/a_Topic 1'. Try using Self-healing.

2022-01-16 00:58:59 - [MESSAGE][WARNING] - [SELF-HEALING] The current locator of test object 'Object Repository/Page_Course Introduction to Computer Science/a_Topic 1' was broken. Propose an alternative one: '//a[contains(text(),'Topic 1')]'.

2022-01-16 00:58:59 - [MESSAGE][PASSED] - Actual text and expected text of test object 'Object Repository/Page_Course Introduction to Computer Science/a_Topic 1' are matched.

2022-01-16 00:58:59 - [TEST_STEP][PASSED] - click(findTestObject("Object Repository/Page_Course Introduction to Computer Science/span_Add an activity or resource")): Object: 'Object Repository/Page_Course Introduction to Computer Science/span_Add an activity or resource' is clicked on

2022-01-16 00:59:30 - [MESSAGE][INFO] - Unable to find the element located by 'By.xpath: //span[@id='yui_3_17_2_1_1642212059890_639']'. Please recheck the objects properties to make sure the desired element is located. 

2022-01-16 00:59:30 - [MESSAGE][WARNING] - [SELF-HEALING] Failed to find element with id 'Object Repository/Page_Course Introduction to Computer Science/span_Add an activity or resource'. Try using Self-healing.

2022-01-16 00:59:30 - [MESSAGE][WARNING] - [SELF-HEALING] The current locator of test object 'Object Repository/Page_Course Introduction to Computer Science/span_Add an activity or resource' was broken. Propose an alternative one: '(.//*[normalize-space(text()) and normalize-space(.)='Add file(s) here'])[2]/following::span[1]'.

2022-01-16 00:59:30 - [MESSAGE][PASSED] - Object: 'Object Repository/Page_Course Introduction to Computer Science/span_Add an activity or resource' is clicked on

2022-01-16 00:59:30 - [TEST_STEP][PASSED] - waitForElementVisible(findTestObject("Object Repository/Page_Course Introduction to Computer Science/img_Recommended_icon icon"), 0): Object 'Object Repository/Page_Course Introduction to Computer Science/img_Recommended_icon icon' is visible

2022-01-16 00:59:30 - [MESSAGE][WARNING] - Timeout '0' is invalid. Using default page load timeout: '30'

2022-01-16 00:59:34 - [MESSAGE][PASSED] - Object 'Object Repository/Page_Course Introduction to Computer Science/img_Recommended_icon icon' is visible

2022-01-16 00:59:34 - [TEST_STEP][PASSED] - click(findTestObject("Object Repository/Page_Course Introduction to Computer Science/img_Recommended_icon icon")): Object: 'Object Repository/Page_Course Introduction to Computer Science/img_Recommended_icon icon' is clicked on

2022-01-16 00:59:37 - [MESSAGE][PASSED] - Object: 'Object Repository/Page_Course Introduction to Computer Science/img_Recommended_icon icon' is clicked on

2022-01-16 00:59:37 - [TEST_STEP][PASSED] - waitForElementVisible(findTestObject("Object Repository/Page_Editing Assignment/input_Assignment name_name"), 0): Object 'Object Repository/Page_Editing Assignment/input_Assignment name_name' is visible

2022-01-16 00:59:37 - [MESSAGE][WARNING] - Timeout '0' is invalid. Using default page load timeout: '30'

2022-01-16 00:59:38 - [MESSAGE][PASSED] - Object 'Object Repository/Page_Editing Assignment/input_Assignment name_name' is visible

2022-01-16 00:59:38 - [TEST_STEP][PASSED] - setText(findTestObject("Object Repository/Page_Editing Assignment/input_Assignment name_name"), "Midterm"): Text 'Midterm' is set on object 'Object Repository/Page_Editing Assignment/input_Assignment name_name'

2022-01-16 00:59:38 - [MESSAGE][PASSED] - Text 'Midterm' is set on object 'Object Repository/Page_Editing Assignment/input_Assignment name_name'

2022-01-16 00:59:38 - [TEST_STEP][PASSED] - waitForElementVisible(findTestObject("Object Repository/Page_Editing Assignment/p_Allow submissions from"), 0): Object 'Object Repository/Page_Editing Assignment/p_Allow submissions from' is visible

2022-01-16 00:59:38 - [MESSAGE][WARNING] - Timeout '0' is invalid. Using default page load timeout: '30'

2022-01-16 00:59:39 - [MESSAGE][PASSED] - Object 'Object Repository/Page_Editing Assignment/p_Allow submissions from' is visible

2022-01-16 00:59:39 - [TEST_STEP][PASSED] - selectOptionByValue(findTestObject("Object Repository/Page_Editing Assignment/select_1        2        3        4        _45ea30"), "14", true): All options with value '14' are selected in object 'Object Repository/Page_Editing Assignment/select_1        2        3        4        _45ea30'  using regular expression

2022-01-16 00:59:40 - [MESSAGE][PASSED] - All options with value '14' are selected in object 'Object Repository/Page_Editing Assignment/select_1        2        3        4        _45ea30'  using regular expression

2022-01-16 00:59:40 - [TEST_STEP][PASSED] - selectOptionByValue(findTestObject("Object Repository/Page_Editing Assignment/select_1        2        3        4        _45ea30_1"), "20", true): All options with value '20' are selected in object 'Object Repository/Page_Editing Assignment/select_1        2        3        4        _45ea30_1'  using regular expression

2022-01-16 00:59:41 - [MESSAGE][PASSED] - All options with value '20' are selected in object 'Object Repository/Page_Editing Assignment/select_1        2        3        4        _45ea30_1'  using regular expression

2022-01-16 00:59:41 - [TEST_STEP][PASSED] - selectOptionByValue(findTestObject("Object Repository/Page_Editing Assignment/select_1        2        3        4        _45ea30_1_2"), "23", true): All options with value '23' are selected in object 'Object Repository/Page_Editing Assignment/select_1        2        3        4        _45ea30_1_2'  using regular expression

2022-01-16 00:59:42 - [MESSAGE][PASSED] - All options with value '23' are selected in object 'Object Repository/Page_Editing Assignment/select_1        2        3        4        _45ea30_1_2'  using regular expression

2022-01-16 00:59:42 - [TEST_STEP][PASSED] - waitForElementVisible(findTestObject("Object Repository/Page_Editing Assignment/input_Upon activity completion_submitbutton2"), 0): Object 'Object Repository/Page_Editing Assignment/input_Upon activity completion_submitbutton2' is visible

2022-01-16 00:59:42 - [MESSAGE][WARNING] - Timeout '0' is invalid. Using default page load timeout: '30'

2022-01-16 00:59:43 - [MESSAGE][PASSED] - Object 'Object Repository/Page_Editing Assignment/input_Upon activity completion_submitbutton2' is visible

2022-01-16 00:59:43 - [TEST_STEP][PASSED] - click(findTestObject("Object Repository/Page_Editing Assignment/input_Upon activity completion_submitbutton2")): Object: 'Object Repository/Page_Editing Assignment/input_Upon activity completion_submitbutton2' is clicked on

2022-01-16 00:59:44 - [MESSAGE][PASSED] - Object: 'Object Repository/Page_Editing Assignment/input_Upon activity completion_submitbutton2' is clicked on

2022-01-16 00:59:44 - [TEST_STEP][PASSED] - verifyElementVisible(findTestObject("Object Repository/Page_Course Introduction to Computer Science/li_Midterm Assignment                      _cd70c9")): Object 'Object Repository/Page_Course Introduction to Computer Science/li_Midterm Assignment                      _cd70c9' is visible

2022-01-16 01:00:16 - [MESSAGE][INFO] - Unable to find the element located by 'By.xpath: //li[@id='module-14']'. Please recheck the objects properties to make sure the desired element is located. 

2022-01-16 01:00:16 - [MESSAGE][WARNING] - [SELF-HEALING] Failed to find element with id 'Object Repository/Page_Course Introduction to Computer Science/li_Midterm Assignment                      _cd70c9'. Try using Self-healing.

2022-01-16 01:00:16 - [MESSAGE][WARNING] - [SELF-HEALING] The current locator of test object 'Object Repository/Page_Course Introduction to Computer Science/li_Midterm Assignment                      _cd70c9' was broken. Propose an alternative one: '(.//*[normalize-space(text()) and normalize-space(.)='Topic 1'])[2]/following::li[1]'.

2022-01-16 01:00:16 - [MESSAGE][PASSED] - Object 'Object Repository/Page_Course Introduction to Computer Science/li_Midterm Assignment                      _cd70c9' is visible

2022-01-16 01:00:16 - [TEST_STEP][PASSED] - click(findTestObject("Object Repository/Page_Course Introduction to Computer Science/a_Edit")): Object: 'Object Repository/Page_Course Introduction to Computer Science/a_Edit' is clicked on

2022-01-16 01:00:16 - [MESSAGE][PASSED] - Object: 'Object Repository/Page_Course Introduction to Computer Science/a_Edit' is clicked on

2022-01-16 01:00:16 - [TEST_STEP][PASSED] - click(findTestObject("Object Repository/Page_Course Introduction to Computer Science/span_Delete")): Object: 'Object Repository/Page_Course Introduction to Computer Science/span_Delete' is clicked on

2022-01-16 01:00:17 - [MESSAGE][PASSED] - Object: 'Object Repository/Page_Course Introduction to Computer Science/span_Delete' is clicked on

2022-01-16 01:00:17 - [TEST_STEP][PASSED] - verifyElementClickable(findTestObject("Object Repository/Page_Course Introduction to Computer Science/button_Yes")): Object 'Object Repository/Page_Course Introduction to Computer Science/button_Yes' is clickable

2022-01-16 01:00:17 - [MESSAGE][PASSED] - Object 'Object Repository/Page_Course Introduction to Computer Science/button_Yes' is clickable

2022-01-16 01:00:17 - [TEST_STEP][PASSED] - click(findTestObject("Object Repository/Page_Course Introduction to Computer Science/button_Yes")): Object: 'Object Repository/Page_Course Introduction to Computer Science/button_Yes' is clicked on

2022-01-16 01:00:18 - [MESSAGE][PASSED] - Object: 'Object Repository/Page_Course Introduction to Computer Science/button_Yes' is clicked on

2022-01-16 01:00:18 - [TEST_STEP][PASSED] - mouseOver(findTestObject("Object Repository/Page_Course Introduction to Computer Science/button_Turn editing off")): Object: 'Object Repository/Page_Course Introduction to Computer Science/button_Turn editing off' is hovered

2022-01-16 01:00:49 - [MESSAGE][INFO] - Unable to find the element located by 'By.xpath: //button[@id='single_button61e22b6b262951']'. Please recheck the objects properties to make sure the desired element is located. 

2022-01-16 01:00:49 - [MESSAGE][WARNING] - [SELF-HEALING] Failed to find element with id 'Object Repository/Page_Course Introduction to Computer Science/button_Turn editing off'. Try using Self-healing.

2022-01-16 01:00:49 - [MESSAGE][WARNING] - [SELF-HEALING] The current locator of test object 'Object Repository/Page_Course Introduction to Computer Science/button_Turn editing off' was broken. Propose an alternative one: '//header[@id='page-header']/div/div/div/div[2]/div[2]/div/form/button'.

2022-01-16 01:00:49 - [MESSAGE][PASSED] - Object: 'Object Repository/Page_Course Introduction to Computer Science/button_Turn editing off' is hovered

2022-01-16 01:00:49 - [TEST_STEP][PASSED] - click(findTestObject("Object Repository/Page_Course Introduction to Computer Science/button_Turn editing off")): Object: 'Object Repository/Page_Course Introduction to Computer Science/button_Turn editing off' is clicked on

2022-01-16 01:01:21 - [MESSAGE][INFO] - Unable to find the element located by 'By.xpath: //button[@id='single_button61e22b6b262951']'. Please recheck the objects properties to make sure the desired element is located. 

2022-01-16 01:01:21 - [MESSAGE][WARNING] - [SELF-HEALING] Failed to find element with id 'Object Repository/Page_Course Introduction to Computer Science/button_Turn editing off'. Try using Self-healing.

2022-01-16 01:01:21 - [MESSAGE][WARNING] - [SELF-HEALING] The current locator of test object 'Object Repository/Page_Course Introduction to Computer Science/button_Turn editing off' was broken. Propose an alternative one: '//header[@id='page-header']/div/div/div/div[2]/div[2]/div/form/button'.

2022-01-16 01:01:21 - [MESSAGE][PASSED] - Object: 'Object Repository/Page_Course Introduction to Computer Science/button_Turn editing off' is clicked on

2022-01-16 01:01:21 - [TEST_STEP][PASSED] - closeBrowser(): Browser is closed

2022-01-16 01:01:22 - [MESSAGE][PASSED] - Browser is closed]]></system-out>
         <system-err><![CDATA[]]></system-err>
      </testcase>
      <testcase name="Test Cases/test case 45" time="139.608" classname="Test Cases/test case 45" status="PASSED">
         <system-out><![CDATA[2022-01-16 01:01:22 - [TEST_CASE][PASSED] - Test Cases/test case 45: Test Cases/test case 45

2022-01-16 01:01:22 - [TEST_STEP][PASSED] - openBrowser(""): Browser is opened with url: ''

2022-01-16 01:01:22 - [MESSAGE][INFO] - Starting 'Chrome' driver

2022-01-16 01:01:22 - [MESSAGE][INFO] - Action delay is set to 0 milliseconds

2022-01-16 01:01:24 - [MESSAGE][PASSED] - Browser is opened with url: ''

2022-01-16 01:01:24 - [TEST_STEP][PASSED] - navigateToUrl("http://localhost/"): Navigate to 'http://localhost/' successfully

2022-01-16 01:01:25 - [MESSAGE][PASSED] - Navigate to 'http://localhost/' successfully

2022-01-16 01:01:25 - [TEST_STEP][PASSED] - click(findTestObject("Object Repository/Page_Moodle/a_Log in")): Object: 'Object Repository/Page_Moodle/a_Log in' is clicked on

2022-01-16 01:01:26 - [MESSAGE][PASSED] - Object: 'Object Repository/Page_Moodle/a_Log in' is clicked on

2022-01-16 01:01:26 - [TEST_STEP][PASSED] - setText(findTestObject("Object Repository/Page_Moodle Log in to the site/input_Username_username"), "tmtriet"): Text 'tmtriet' is set on object 'Object Repository/Page_Moodle Log in to the site/input_Username_username'

2022-01-16 01:01:26 - [MESSAGE][PASSED] - Text 'tmtriet' is set on object 'Object Repository/Page_Moodle Log in to the site/input_Username_username'

2022-01-16 01:01:26 - [TEST_STEP][PASSED] - setEncryptedText(findTestObject("Object Repository/Page_Moodle Log in to the site/input_Password_password"), "NMz1A57fMJEpXGm/T4cXeQ=="): Text ****** has been set on object 'Object Repository/Page_Moodle Log in to the site/input_Password_password'

2022-01-16 01:01:27 - [MESSAGE][PASSED] - Text ****** has been set on object 'Object Repository/Page_Moodle Log in to the site/input_Password_password'

2022-01-16 01:01:27 - [TEST_STEP][PASSED] - click(findTestObject("Object Repository/Page_Moodle Log in to the site/button_Log in")): Object: 'Object Repository/Page_Moodle Log in to the site/button_Log in' is clicked on

2022-01-16 01:01:28 - [MESSAGE][PASSED] - Object: 'Object Repository/Page_Moodle Log in to the site/button_Log in' is clicked on

2022-01-16 01:01:28 - [TEST_STEP][PASSED] - verifyElementText(findTestObject("Page_Dashboard/span_IntroCS"), "IntroCS"): Actual text and expected text of test object 'Object Repository/Page_Dashboard/span_IntroCS' are matched.

2022-01-16 01:01:29 - [MESSAGE][PASSED] - Actual text and expected text of test object 'Object Repository/Page_Dashboard/span_IntroCS' are matched.

2022-01-16 01:01:29 - [TEST_STEP][PASSED] - click(findTestObject("Object Repository/Page_Dashboard/span_IntroCS")): Object: 'Object Repository/Page_Dashboard/span_IntroCS' is clicked on

2022-01-16 01:01:30 - [MESSAGE][PASSED] - Object: 'Object Repository/Page_Dashboard/span_IntroCS' is clicked on

2022-01-16 01:01:30 - [TEST_STEP][PASSED] - waitForElementVisible(findTestObject("Object Repository/Page_Course Introduction to Computer Science/button_Turn editing on"), 0): Object 'Object Repository/Page_Course Introduction to Computer Science/button_Turn editing on' is visible

2022-01-16 01:01:30 - [MESSAGE][WARNING] - Timeout '0' is invalid. Using default page load timeout: '30'

2022-01-16 01:02:01 - [MESSAGE][INFO] - Unable to find the element located by 'By.xpath: //button[@id='single_button61e22ad15eaf41']'. Please recheck the objects properties to make sure the desired element is located. 

2022-01-16 01:02:01 - [MESSAGE][WARNING] - [SELF-HEALING] Failed to find element with id 'Object Repository/Page_Course Introduction to Computer Science/button_Turn editing on'. Try using Self-healing.

2022-01-16 01:02:02 - [MESSAGE][WARNING] - [SELF-HEALING] The current locator of test object 'Object Repository/Page_Course Introduction to Computer Science/button_Turn editing on' was broken. Propose an alternative one: '//header[@id='page-header']/div/div/div/div[2]/div[2]/div/form/button'.

2022-01-16 01:02:02 - [MESSAGE][PASSED] - Object 'Object Repository/Page_Course Introduction to Computer Science/button_Turn editing on' is visible

2022-01-16 01:02:02 - [TEST_STEP][PASSED] - click(findTestObject("Object Repository/Page_Course Introduction to Computer Science/button_Turn editing on")): Object: 'Object Repository/Page_Course Introduction to Computer Science/button_Turn editing on' is clicked on

2022-01-16 01:02:33 - [MESSAGE][INFO] - Unable to find the element located by 'By.xpath: //button[@id='single_button61e22ad15eaf41']'. Please recheck the objects properties to make sure the desired element is located. 

2022-01-16 01:02:33 - [MESSAGE][WARNING] - [SELF-HEALING] Failed to find element with id 'Object Repository/Page_Course Introduction to Computer Science/button_Turn editing on'. Try using Self-healing.

2022-01-16 01:02:33 - [MESSAGE][WARNING] - [SELF-HEALING] The current locator of test object 'Object Repository/Page_Course Introduction to Computer Science/button_Turn editing on' was broken. Propose an alternative one: '//header[@id='page-header']/div/div/div/div[2]/div[2]/div/form/button'.

2022-01-16 01:02:34 - [MESSAGE][PASSED] - Object: 'Object Repository/Page_Course Introduction to Computer Science/button_Turn editing on' is clicked on

2022-01-16 01:02:34 - [TEST_STEP][PASSED] - verifyElementText(findTestObject("Object Repository/Page_Course Introduction to Computer Science/a_Topic 1"), "Topic 1"): Actual text and expected text of test object 'Object Repository/Page_Course Introduction to Computer Science/a_Topic 1' are matched.

2022-01-16 01:03:05 - [MESSAGE][INFO] - Unable to find the element located by 'By.xpath: //a[@id='yui_3_17_2_1_1642212059890_617']'. Please recheck the objects properties to make sure the desired element is located. 

2022-01-16 01:03:05 - [MESSAGE][WARNING] - [SELF-HEALING] Failed to find element with id 'Object Repository/Page_Course Introduction to Computer Science/a_Topic 1'. Try using Self-healing.

2022-01-16 01:03:05 - [MESSAGE][WARNING] - [SELF-HEALING] The current locator of test object 'Object Repository/Page_Course Introduction to Computer Science/a_Topic 1' was broken. Propose an alternative one: '//a[contains(text(),'Topic 1')]'.

2022-01-16 01:03:05 - [MESSAGE][PASSED] - Actual text and expected text of test object 'Object Repository/Page_Course Introduction to Computer Science/a_Topic 1' are matched.

2022-01-16 01:03:05 - [TEST_STEP][PASSED] - click(findTestObject("Object Repository/Page_Course Introduction to Computer Science/span_Add an activity or resource")): Object: 'Object Repository/Page_Course Introduction to Computer Science/span_Add an activity or resource' is clicked on

2022-01-16 01:03:36 - [MESSAGE][INFO] - Unable to find the element located by 'By.xpath: //span[@id='yui_3_17_2_1_1642212059890_639']'. Please recheck the objects properties to make sure the desired element is located. 

2022-01-16 01:03:36 - [MESSAGE][WARNING] - [SELF-HEALING] Failed to find element with id 'Object Repository/Page_Course Introduction to Computer Science/span_Add an activity or resource'. Try using Self-healing.

2022-01-16 01:03:36 - [MESSAGE][WARNING] - [SELF-HEALING] The current locator of test object 'Object Repository/Page_Course Introduction to Computer Science/span_Add an activity or resource' was broken. Propose an alternative one: '(.//*[normalize-space(text()) and normalize-space(.)='Add file(s) here'])[2]/following::span[1]'.

2022-01-16 01:03:36 - [MESSAGE][PASSED] - Object: 'Object Repository/Page_Course Introduction to Computer Science/span_Add an activity or resource' is clicked on

2022-01-16 01:03:36 - [TEST_STEP][PASSED] - waitForElementVisible(findTestObject("Object Repository/Page_Course Introduction to Computer Science/img_Recommended_icon icon"), 0): Object 'Object Repository/Page_Course Introduction to Computer Science/img_Recommended_icon icon' is visible

2022-01-16 01:03:37 - [MESSAGE][WARNING] - Timeout '0' is invalid. Using default page load timeout: '30'

2022-01-16 01:03:38 - [MESSAGE][PASSED] - Object 'Object Repository/Page_Course Introduction to Computer Science/img_Recommended_icon icon' is visible

2022-01-16 01:03:38 - [TEST_STEP][PASSED] - click(findTestObject("Object Repository/Page_Course Introduction to Computer Science/img_Recommended_icon icon")): Object: 'Object Repository/Page_Course Introduction to Computer Science/img_Recommended_icon icon' is clicked on

2022-01-16 01:03:39 - [MESSAGE][PASSED] - Object: 'Object Repository/Page_Course Introduction to Computer Science/img_Recommended_icon icon' is clicked on

2022-01-16 01:03:39 - [TEST_STEP][PASSED] - waitForElementVisible(findTestObject("Object Repository/Page_Editing Assignment/input_Upon activity completion_submitbutton2"), 0): Object 'Object Repository/Page_Editing Assignment/input_Upon activity completion_submitbutton2' is visible

2022-01-16 01:03:39 - [MESSAGE][WARNING] - Timeout '0' is invalid. Using default page load timeout: '30'

2022-01-16 01:03:40 - [MESSAGE][PASSED] - Object 'Object Repository/Page_Editing Assignment/input_Upon activity completion_submitbutton2' is visible

2022-01-16 01:03:40 - [TEST_STEP][PASSED] - click(findTestObject("Object Repository/Page_Editing Assignment/input_Upon activity completion_submitbutton2")): Object: 'Object Repository/Page_Editing Assignment/input_Upon activity completion_submitbutton2' is clicked on

2022-01-16 01:03:40 - [MESSAGE][PASSED] - Object: 'Object Repository/Page_Editing Assignment/input_Upon activity completion_submitbutton2' is clicked on

2022-01-16 01:03:40 - [TEST_STEP][PASSED] - verifyElementText(findTestObject("Object Repository/Page_Editing Assignment/div_- You must supply a value here"), "- You must supply a value here."): Actual text and expected text of test object 'Object Repository/Page_Editing Assignment/div_- You must supply a value here' are matched.

2022-01-16 01:03:41 - [MESSAGE][PASSED] - Actual text and expected text of test object 'Object Repository/Page_Editing Assignment/div_- You must supply a value here' are matched.

2022-01-16 01:03:41 - [TEST_STEP][PASSED] - closeBrowser(): Browser is closed

2022-01-16 01:03:42 - [MESSAGE][PASSED] - Browser is closed]]></system-out>
         <system-err><![CDATA[]]></system-err>
      </testcase>
      <testcase name="Test Cases/test case 46" time="452.008" classname="Test Cases/test case 46" status="FAILED">
         <failure type="FAILED" message="Test Cases/test case 46 FAILED.
Reason:
com.kms.katalon.core.exception.StepFailedException: Unable to click on object 'Object Repository/Page_Course Introduction to Computer Science/button_Yes'
	at com.kms.katalon.core.webui.keyword.internal.WebUIKeywordMain.stepFailed(WebUIKeywordMain.groovy:64)
	at com.kms.katalon.core.webui.keyword.internal.WebUIKeywordMain.runKeyword(WebUIKeywordMain.groovy:26)
	at com.kms.katalon.core.webui.keyword.builtin.ClickKeyword.click(ClickKeyword.groovy:74)
	at com.kms.katalon.core.webui.keyword.builtin.ClickKeyword.execute(ClickKeyword.groovy:40)
	at com.kms.katalon.core.keyword.internal.KeywordExecutor.executeKeywordForPlatform(KeywordExecutor.groovy:74)
	at com.kms.katalon.core.webui.keyword.WebUiBuiltInKeywords.click(WebUiBuiltInKeywords.groovy:620)
	at com.kms.katalon.core.webui.keyword.WebUiBuiltInKeywords$click$1.call(Unknown Source)
	at test case 46.run(test case 46:93)
	at com.kms.katalon.core.main.ScriptEngine.run(ScriptEngine.java:194)
	at com.kms.katalon.core.main.ScriptEngine.runScriptAsRawText(ScriptEngine.java:119)
	at com.kms.katalon.core.main.TestCaseExecutor.runScript(TestCaseExecutor.java:442)
	at com.kms.katalon.core.main.TestCaseExecutor.doExecute(TestCaseExecutor.java:433)
	at com.kms.katalon.core.main.TestCaseExecutor.processExecutionPhase(TestCaseExecutor.java:412)
	at com.kms.katalon.core.main.TestCaseExecutor.accessMainPhase(TestCaseExecutor.java:404)
	at com.kms.katalon.core.main.TestCaseExecutor.execute(TestCaseExecutor.java:281)
	at com.kms.katalon.core.main.TestSuiteExecutor.accessTestCaseMainPhase(TestSuiteExecutor.java:202)
	at com.kms.katalon.core.main.TestSuiteExecutor.accessTestSuiteMainPhase(TestSuiteExecutor.java:164)
	at com.kms.katalon.core.main.TestSuiteExecutor.execute(TestSuiteExecutor.java:105)
	at com.kms.katalon.core.main.TestCaseMain.startTestSuite(TestCaseMain.java:181)
	at com.kms.katalon.core.main.TestCaseMain$startTestSuite$0.call(Unknown Source)
	at TempTestSuite1642265296699.run(TempTestSuite1642265296699.groovy:36)
Caused by: org.openqa.selenium.ElementNotInteractableException: element not interactable
  (Session info: chrome=97.0.4692.71)
Build info: version: '3.141.59', revision: 'e82be7d358', time: '2018-11-14T08:25:53'
System info: host: 'DESKTOP-5AUJFCN', ip: '192.168.1.8', os.name: 'Windows 10', os.arch: 'amd64', os.version: '10.0', java.version: '1.8.0_282'
Driver info: com.kms.katalon.selenium.driver.CChromeDriver
Capabilities {acceptInsecureCerts: false, browserName: chrome, browserVersion: 97.0.4692.71, chrome: {chromedriverVersion: 97.0.4692.71 (adefa7837d02a..., userDataDir: C:\Users\LENOVO\AppData\Loc...}, goog:chromeOptions: {debuggerAddress: localhost:62687}, javascriptEnabled: true, networkConnectionEnabled: false, pageLoadStrategy: normal, platform: WINDOWS, platformName: WINDOWS, proxy: Proxy(), setWindowRect: true, strictFileInteractability: false, timeouts: {implicit: 0, pageLoad: 300000, script: 30000}, unhandledPromptBehavior: dismiss and notify, webauthn:extension:credBlob: true, webauthn:extension:largeBlob: true, webauthn:virtualAuthenticators: true}
Session ID: 7dbfe74bdb16866b47b835baffda1094
	at org.openqa.selenium.remote.http.W3CHttpResponseCodec.createException(W3CHttpResponseCodec.java:187)
	at org.openqa.selenium.remote.http.W3CHttpResponseCodec.decode(W3CHttpResponseCodec.java:122)
	at org.openqa.selenium.remote.http.W3CHttpResponseCodec.decode(W3CHttpResponseCodec.java:49)
	at org.openqa.selenium.remote.HttpCommandExecutor.execute(HttpCommandExecutor.java:158)
	at org.openqa.selenium.remote.service.DriverCommandExecutor.execute(DriverCommandExecutor.java:83)
	at org.openqa.selenium.remote.RemoteWebDriver.execute(RemoteWebDriver.java:552)
	at com.kms.katalon.selenium.driver.CChromeDriver.execute(CChromeDriver.java:19)
	at org.openqa.selenium.remote.RemoteWebElement.execute(RemoteWebElement.java:285)
	at org.openqa.selenium.remote.RemoteWebElement.click(RemoteWebElement.java:84)
	at org.openqa.selenium.support.events.EventFiringWebDriver$EventFiringWebElement.lambda$new$0(EventFiringWebDriver.java:404)
	at com.sun.proxy.$Proxy11.click(Unknown Source)
	at org.openqa.selenium.support.events.EventFiringWebDriver$EventFiringWebElement.click(EventFiringWebDriver.java:417)
	at org.openqa.selenium.WebElement$click.call(Unknown Source)
	at com.kms.katalon.core.webui.keyword.builtin.ClickKeyword.clickUntilSuccessWithTimeout(ClickKeyword.groovy:81)
	at com.kms.katalon.core.webui.keyword.builtin.ClickKeyword.clickUntilSuccessWithTimeout(ClickKeyword.groovy)
	at com.kms.katalon.core.webui.keyword.builtin.ClickKeyword$_click_closure1.doCall(ClickKeyword.groovy:67)
	at com.kms.katalon.core.webui.keyword.builtin.ClickKeyword$_click_closure1.call(ClickKeyword.groovy)
	at com.kms.katalon.core.webui.keyword.internal.WebUIKeywordMain.runKeyword(WebUIKeywordMain.groovy:20)
	... 19 more
"/>
         <system-out><![CDATA[2022-01-16 01:03:42 - [TEST_CASE][FAILED] - Test Cases/test case 46: Test Cases/test case 46 FAILED.
Reason:
com.kms.katalon.core.exception.StepFailedException: Unable to click on object 'Object Repository/Page_Course Introduction to Computer Science/button_Yes'
	at com.kms.katalon.core.webui.keyword.internal.WebUIKeywordMain.stepFailed(WebUIKeywordMain.groovy:64)
	at com.kms.katalon.core.webui.keyword.internal.WebUIKeywordMain.runKeyword(WebUIKeywordMain.groovy:26)
	at com.kms.katalon.core.webui.keyword.builtin.ClickKeyword.click(ClickKeyword.groovy:74)
	at com.kms.katalon.core.webui.keyword.builtin.ClickKeyword.execute(ClickKeyword.groovy:40)
	at com.kms.katalon.core.keyword.internal.KeywordExecutor.executeKeywordForPlatform(KeywordExecutor.groovy:74)
	at com.kms.katalon.core.webui.keyword.WebUiBuiltInKeywords.click(WebUiBuiltInKeywords.groovy:620)
	at com.kms.katalon.core.webui.keyword.WebUiBuiltInKeywords$click$1.call(Unknown Source)
	at test case 46.run(test case 46:93)
	at com.kms.katalon.core.main.ScriptEngine.run(ScriptEngine.java:194)
	at com.kms.katalon.core.main.ScriptEngine.runScriptAsRawText(ScriptEngine.java:119)
	at com.kms.katalon.core.main.TestCaseExecutor.runScript(TestCaseExecutor.java:442)
	at com.kms.katalon.core.main.TestCaseExecutor.doExecute(TestCaseExecutor.java:433)
	at com.kms.katalon.core.main.TestCaseExecutor.processExecutionPhase(TestCaseExecutor.java:412)
	at com.kms.katalon.core.main.TestCaseExecutor.accessMainPhase(TestCaseExecutor.java:404)
	at com.kms.katalon.core.main.TestCaseExecutor.execute(TestCaseExecutor.java:281)
	at com.kms.katalon.core.main.TestSuiteExecutor.accessTestCaseMainPhase(TestSuiteExecutor.java:202)
	at com.kms.katalon.core.main.TestSuiteExecutor.accessTestSuiteMainPhase(TestSuiteExecutor.java:164)
	at com.kms.katalon.core.main.TestSuiteExecutor.execute(TestSuiteExecutor.java:105)
	at com.kms.katalon.core.main.TestCaseMain.startTestSuite(TestCaseMain.java:181)
	at com.kms.katalon.core.main.TestCaseMain$startTestSuite$0.call(Unknown Source)
	at TempTestSuite1642265296699.run(TempTestSuite1642265296699.groovy:36)
Caused by: org.openqa.selenium.ElementNotInteractableException: element not interactable
  (Session info: chrome=97.0.4692.71)
Build info: version: '3.141.59', revision: 'e82be7d358', time: '2018-11-14T08:25:53'
System info: host: 'DESKTOP-5AUJFCN', ip: '192.168.1.8', os.name: 'Windows 10', os.arch: 'amd64', os.version: '10.0', java.version: '1.8.0_282'
Driver info: com.kms.katalon.selenium.driver.CChromeDriver
Capabilities {acceptInsecureCerts: false, browserName: chrome, browserVersion: 97.0.4692.71, chrome: {chromedriverVersion: 97.0.4692.71 (adefa7837d02a..., userDataDir: C:\Users\LENOVO\AppData\Loc...}, goog:chromeOptions: {debuggerAddress: localhost:62687}, javascriptEnabled: true, networkConnectionEnabled: false, pageLoadStrategy: normal, platform: WINDOWS, platformName: WINDOWS, proxy: Proxy(), setWindowRect: true, strictFileInteractability: false, timeouts: {implicit: 0, pageLoad: 300000, script: 30000}, unhandledPromptBehavior: dismiss and notify, webauthn:extension:credBlob: true, webauthn:extension:largeBlob: true, webauthn:virtualAuthenticators: true}
Session ID: 7dbfe74bdb16866b47b835baffda1094
	at org.openqa.selenium.remote.http.W3CHttpResponseCodec.createException(W3CHttpResponseCodec.java:187)
	at org.openqa.selenium.remote.http.W3CHttpResponseCodec.decode(W3CHttpResponseCodec.java:122)
	at org.openqa.selenium.remote.http.W3CHttpResponseCodec.decode(W3CHttpResponseCodec.java:49)
	at org.openqa.selenium.remote.HttpCommandExecutor.execute(HttpCommandExecutor.java:158)
	at org.openqa.selenium.remote.service.DriverCommandExecutor.execute(DriverCommandExecutor.java:83)
	at org.openqa.selenium.remote.RemoteWebDriver.execute(RemoteWebDriver.java:552)
	at com.kms.katalon.selenium.driver.CChromeDriver.execute(CChromeDriver.java:19)
	at org.openqa.selenium.remote.RemoteWebElement.execute(RemoteWebElement.java:285)
	at org.openqa.selenium.remote.RemoteWebElement.click(RemoteWebElement.java:84)
	at org.openqa.selenium.support.events.EventFiringWebDriver$EventFiringWebElement.lambda$new$0(EventFiringWebDriver.java:404)
	at com.sun.proxy.$Proxy11.click(Unknown Source)
	at org.openqa.selenium.support.events.EventFiringWebDriver$EventFiringWebElement.click(EventFiringWebDriver.java:417)
	at org.openqa.selenium.WebElement$click.call(Unknown Source)
	at com.kms.katalon.core.webui.keyword.builtin.ClickKeyword.clickUntilSuccessWithTimeout(ClickKeyword.groovy:81)
	at com.kms.katalon.core.webui.keyword.builtin.ClickKeyword.clickUntilSuccessWithTimeout(ClickKeyword.groovy)
	at com.kms.katalon.core.webui.keyword.builtin.ClickKeyword$_click_closure1.doCall(ClickKeyword.groovy:67)
	at com.kms.katalon.core.webui.keyword.builtin.ClickKeyword$_click_closure1.call(ClickKeyword.groovy)
	at com.kms.katalon.core.webui.keyword.internal.WebUIKeywordMain.runKeyword(WebUIKeywordMain.groovy:20)
	... 19 more


2022-01-16 01:03:42 - [TEST_STEP][PASSED] - openBrowser(""): Browser is opened with url: ''

2022-01-16 01:03:42 - [MESSAGE][INFO] - Starting 'Chrome' driver

2022-01-16 01:03:42 - [MESSAGE][INFO] - Action delay is set to 0 milliseconds

2022-01-16 01:03:43 - [MESSAGE][PASSED] - Browser is opened with url: ''

2022-01-16 01:03:43 - [TEST_STEP][PASSED] - navigateToUrl("http://localhost/"): Navigate to 'http://localhost/' successfully

2022-01-16 01:03:45 - [MESSAGE][PASSED] - Navigate to 'http://localhost/' successfully

2022-01-16 01:03:45 - [TEST_STEP][PASSED] - click(findTestObject("Object Repository/Page_Moodle/a_Log in")): Object: 'Object Repository/Page_Moodle/a_Log in' is clicked on

2022-01-16 01:03:45 - [MESSAGE][PASSED] - Object: 'Object Repository/Page_Moodle/a_Log in' is clicked on

2022-01-16 01:03:45 - [TEST_STEP][PASSED] - setText(findTestObject("Object Repository/Page_Moodle Log in to the site/input_Username_username"), "tmtriet"): Text 'tmtriet' is set on object 'Object Repository/Page_Moodle Log in to the site/input_Username_username'

2022-01-16 01:03:46 - [MESSAGE][PASSED] - Text 'tmtriet' is set on object 'Object Repository/Page_Moodle Log in to the site/input_Username_username'

2022-01-16 01:03:46 - [TEST_STEP][PASSED] - setEncryptedText(findTestObject("Object Repository/Page_Moodle Log in to the site/input_Password_password"), "NMz1A57fMJEpXGm/T4cXeQ=="): Text ****** has been set on object 'Object Repository/Page_Moodle Log in to the site/input_Password_password'

2022-01-16 01:03:47 - [MESSAGE][PASSED] - Text ****** has been set on object 'Object Repository/Page_Moodle Log in to the site/input_Password_password'

2022-01-16 01:03:47 - [TEST_STEP][PASSED] - click(findTestObject("Object Repository/Page_Moodle Log in to the site/button_Log in")): Object: 'Object Repository/Page_Moodle Log in to the site/button_Log in' is clicked on

2022-01-16 01:03:48 - [MESSAGE][PASSED] - Object: 'Object Repository/Page_Moodle Log in to the site/button_Log in' is clicked on

2022-01-16 01:03:48 - [TEST_STEP][PASSED] - verifyElementText(findTestObject("Page_Dashboard/span_IntroCS"), "IntroCS"): Actual text and expected text of test object 'Object Repository/Page_Dashboard/span_IntroCS' are matched.

2022-01-16 01:03:49 - [MESSAGE][PASSED] - Actual text and expected text of test object 'Object Repository/Page_Dashboard/span_IntroCS' are matched.

2022-01-16 01:03:49 - [TEST_STEP][PASSED] - click(findTestObject("Object Repository/Page_Dashboard/span_IntroCS")): Object: 'Object Repository/Page_Dashboard/span_IntroCS' is clicked on

2022-01-16 01:03:50 - [MESSAGE][PASSED] - Object: 'Object Repository/Page_Dashboard/span_IntroCS' is clicked on

2022-01-16 01:03:50 - [TEST_STEP][PASSED] - waitForElementVisible(findTestObject("Object Repository/Page_Course Introduction to Computer Science/button_Turn editing on"), 0): Object 'Object Repository/Page_Course Introduction to Computer Science/button_Turn editing on' is visible

2022-01-16 01:03:50 - [MESSAGE][WARNING] - Timeout '0' is invalid. Using default page load timeout: '30'

2022-01-16 01:04:21 - [MESSAGE][INFO] - Unable to find the element located by 'By.xpath: //button[@id='single_button61e22ad15eaf41']'. Please recheck the objects properties to make sure the desired element is located. 

2022-01-16 01:04:21 - [MESSAGE][WARNING] - [SELF-HEALING] Failed to find element with id 'Object Repository/Page_Course Introduction to Computer Science/button_Turn editing on'. Try using Self-healing.

2022-01-16 01:04:22 - [MESSAGE][WARNING] - [SELF-HEALING] The current locator of test object 'Object Repository/Page_Course Introduction to Computer Science/button_Turn editing on' was broken. Propose an alternative one: '//header[@id='page-header']/div/div/div/div[2]/div[2]/div/form/button'.

2022-01-16 01:04:22 - [MESSAGE][PASSED] - Object 'Object Repository/Page_Course Introduction to Computer Science/button_Turn editing on' is visible

2022-01-16 01:04:22 - [TEST_STEP][PASSED] - click(findTestObject("Object Repository/Page_Course Introduction to Computer Science/button_Turn editing on")): Object: 'Object Repository/Page_Course Introduction to Computer Science/button_Turn editing on' is clicked on

2022-01-16 01:04:53 - [MESSAGE][INFO] - Unable to find the element located by 'By.xpath: //button[@id='single_button61e22ad15eaf41']'. Please recheck the objects properties to make sure the desired element is located. 

2022-01-16 01:04:53 - [MESSAGE][WARNING] - [SELF-HEALING] Failed to find element with id 'Object Repository/Page_Course Introduction to Computer Science/button_Turn editing on'. Try using Self-healing.

2022-01-16 01:04:53 - [MESSAGE][WARNING] - [SELF-HEALING] The current locator of test object 'Object Repository/Page_Course Introduction to Computer Science/button_Turn editing on' was broken. Propose an alternative one: '//header[@id='page-header']/div/div/div/div[2]/div[2]/div/form/button'.

2022-01-16 01:04:54 - [MESSAGE][PASSED] - Object: 'Object Repository/Page_Course Introduction to Computer Science/button_Turn editing on' is clicked on

2022-01-16 01:04:54 - [TEST_STEP][PASSED] - verifyElementText(findTestObject("Object Repository/Page_Course Introduction to Computer Science/a_Topic 1"), "Topic 1"): Actual text and expected text of test object 'Object Repository/Page_Course Introduction to Computer Science/a_Topic 1' are matched.

2022-01-16 01:05:25 - [MESSAGE][INFO] - Unable to find the element located by 'By.xpath: //a[@id='yui_3_17_2_1_1642212059890_617']'. Please recheck the objects properties to make sure the desired element is located. 

2022-01-16 01:05:25 - [MESSAGE][WARNING] - [SELF-HEALING] Failed to find element with id 'Object Repository/Page_Course Introduction to Computer Science/a_Topic 1'. Try using Self-healing.

2022-01-16 01:05:25 - [MESSAGE][WARNING] - [SELF-HEALING] The current locator of test object 'Object Repository/Page_Course Introduction to Computer Science/a_Topic 1' was broken. Propose an alternative one: '//a[contains(text(),'Topic 1')]'.

2022-01-16 01:05:25 - [MESSAGE][PASSED] - Actual text and expected text of test object 'Object Repository/Page_Course Introduction to Computer Science/a_Topic 1' are matched.

2022-01-16 01:05:25 - [TEST_STEP][PASSED] - click(findTestObject("Object Repository/Page_Course Introduction to Computer Science/span_Add an activity or resource")): Object: 'Object Repository/Page_Course Introduction to Computer Science/span_Add an activity or resource' is clicked on

2022-01-16 01:05:56 - [MESSAGE][INFO] - Unable to find the element located by 'By.xpath: //span[@id='yui_3_17_2_1_1642212059890_639']'. Please recheck the objects properties to make sure the desired element is located. 

2022-01-16 01:05:56 - [MESSAGE][WARNING] - [SELF-HEALING] Failed to find element with id 'Object Repository/Page_Course Introduction to Computer Science/span_Add an activity or resource'. Try using Self-healing.

2022-01-16 01:05:58 - [MESSAGE][WARNING] - [SELF-HEALING] The current locator of test object 'Object Repository/Page_Course Introduction to Computer Science/span_Add an activity or resource' was broken. Propose an alternative one: '(.//*[normalize-space(text()) and normalize-space(.)='Add file(s) here'])[2]/following::span[1]'.

2022-01-16 01:05:58 - [MESSAGE][PASSED] - Object: 'Object Repository/Page_Course Introduction to Computer Science/span_Add an activity or resource' is clicked on

2022-01-16 01:05:58 - [TEST_STEP][PASSED] - waitForElementVisible(findTestObject("Object Repository/Page_Course Introduction to Computer Science/img_Information about the Page activity_icon icon"), 0): Web element with id: 'Object Repository/Page_Course Introduction to Computer Science/img_Information about the Page activity_icon icon' located by '//div[@id='all-4']/div/div[17]/div/a/div/img' not found

2022-01-16 01:05:59 - [MESSAGE][WARNING] - Timeout '0' is invalid. Using default page load timeout: '30'

2022-01-16 01:06:31 - [MESSAGE][INFO] - Unable to find the element located by 'By.xpath: //div[@id='all-4']/div/div[17]/div/a/div/img'. Please recheck the objects properties to make sure the desired element is located. 

2022-01-16 01:06:31 - [MESSAGE][WARNING] - [SELF-HEALING] Failed to find element with id 'Object Repository/Page_Course Introduction to Computer Science/img_Information about the Page activity_icon icon'. Try using Self-healing.

2022-01-16 01:06:33 - [MESSAGE][INFO] - [SELF-HEALING] Failed Locator: '//div[@id='all-4']/div/div[17]/div/a/div/img'.

2022-01-16 01:06:36 - [MESSAGE][INFO] - [SELF-HEALING] Failed Locator: '//img[contains(@src,'http://localhost/theme/image.php/boost/quiz/1641927036/icon')]'.

2022-01-16 01:06:38 - [MESSAGE][INFO] - [SELF-HEALING] Failed Locator: '//div[17]/div/a/div/img'.

2022-01-16 01:06:40 - [MESSAGE][INFO] - Unable to find the element located by 'By.xpath: //*[@src = 'http://localhost/theme/image.php/boost/quiz/1641927036/icon']'. Please recheck the objects properties to make sure the desired element is located. 

2022-01-16 01:06:42 - [MESSAGE][INFO] - Unable to find the element located by 'By.cssSelector: '. Please recheck the objects properties to make sure the desired element is located. 

2022-01-16 01:06:42 - [MESSAGE][WARNING] - Web element with id: 'Object Repository/Page_Course Introduction to Computer Science/img_Information about the Page activity_icon icon' located by '//div[@id='all-4']/div/div[17]/div/a/div/img' not found

2022-01-16 01:06:42 - [TEST_STEP][PASSED] - click(findTestObject("Object Repository/Page_Course Introduction to Computer Science/img_Information about the Page activity_icon icon")): Object: 'Object Repository/Page_Course Introduction to Computer Science/img_Information about the Page activity_icon icon' is clicked on

2022-01-16 01:07:14 - [MESSAGE][INFO] - Unable to find the element located by 'By.xpath: //div[@id='all-4']/div/div[17]/div/a/div/img'. Please recheck the objects properties to make sure the desired element is located. 

2022-01-16 01:07:14 - [MESSAGE][WARNING] - [SELF-HEALING] Failed to find element with id 'Object Repository/Page_Course Introduction to Computer Science/img_Information about the Page activity_icon icon'. Try using Self-healing.

2022-01-16 01:07:16 - [MESSAGE][INFO] - [SELF-HEALING] Failed Locator: '//div[@id='all-4']/div/div[17]/div/a/div/img'.

2022-01-16 01:07:18 - [MESSAGE][INFO] - [SELF-HEALING] Working Locator: '//img[contains(@src,'http://localhost/theme/image.php/boost/quiz/1641927036/icon')]'.

2022-01-16 01:07:19 - [MESSAGE][INFO] - [SELF-HEALING] Screenshot: D:/Test-Automation-SE-Bonus/Test-Automation-SE-Bonus/Reports/Self-healing/Object Repository/Page_Course Introduction to Computer Science/img_Information about the Page activity_icon icon_img.png

2022-01-16 01:07:19 - [MESSAGE][WARNING] - [SELF-HEALING] The current locator of test object 'Object Repository/Page_Course Introduction to Computer Science/img_Information about the Page activity_icon icon' was broken. Propose an alternative one: '//img[contains(@src,'http://localhost/theme/image.php/boost/quiz/1641927036/icon')]'.

2022-01-16 01:07:21 - [MESSAGE][PASSED] - Object: 'Object Repository/Page_Course Introduction to Computer Science/img_Information about the Page activity_icon icon' is clicked on

2022-01-16 01:07:21 - [TEST_STEP][PASSED] - waitForElementVisible(findTestObject("Object Repository/Page_Editing Quiz/input_Name_name"), 0): Object 'Object Repository/Page_Editing Quiz/input_Name_name' is visible

2022-01-16 01:07:21 - [MESSAGE][WARNING] - Timeout '0' is invalid. Using default page load timeout: '30'

2022-01-16 01:07:22 - [MESSAGE][PASSED] - Object 'Object Repository/Page_Editing Quiz/input_Name_name' is visible

2022-01-16 01:07:22 - [TEST_STEP][PASSED] - setText(findTestObject("Object Repository/Page_Editing Quiz/input_Name_name"), "Quiz 1"): Text 'Quiz 1' is set on object 'Object Repository/Page_Editing Quiz/input_Name_name'

2022-01-16 01:07:23 - [MESSAGE][PASSED] - Text 'Quiz 1' is set on object 'Object Repository/Page_Editing Quiz/input_Name_name'

2022-01-16 01:07:23 - [TEST_STEP][PASSED] - waitForElementVisible(findTestObject("Object Repository/Page_Editing Quiz/a_Timing"), 0): Object 'Object Repository/Page_Editing Quiz/a_Timing' is visible

2022-01-16 01:07:23 - [MESSAGE][WARNING] - Timeout '0' is invalid. Using default page load timeout: '30'

2022-01-16 01:07:55 - [MESSAGE][INFO] - Unable to find the element located by 'By.xpath: //a[@id='yui_3_17_2_1_1642212077584_67']'. Please recheck the objects properties to make sure the desired element is located. 

2022-01-16 01:07:55 - [MESSAGE][WARNING] - [SELF-HEALING] Failed to find element with id 'Object Repository/Page_Editing Quiz/a_Timing'. Try using Self-healing.

2022-01-16 01:07:57 - [MESSAGE][WARNING] - [SELF-HEALING] The current locator of test object 'Object Repository/Page_Editing Quiz/a_Timing' was broken. Propose an alternative one: '//a[contains(text(),'Timing')]'.

2022-01-16 01:07:57 - [MESSAGE][PASSED] - Object 'Object Repository/Page_Editing Quiz/a_Timing' is visible

2022-01-16 01:07:57 - [TEST_STEP][PASSED] - click(findTestObject("Object Repository/Page_Editing Quiz/a_Timing")): Object: 'Object Repository/Page_Editing Quiz/a_Timing' is clicked on

2022-01-16 01:08:29 - [MESSAGE][INFO] - Unable to find the element located by 'By.xpath: //a[@id='yui_3_17_2_1_1642212077584_67']'. Please recheck the objects properties to make sure the desired element is located. 

2022-01-16 01:08:29 - [MESSAGE][WARNING] - [SELF-HEALING] Failed to find element with id 'Object Repository/Page_Editing Quiz/a_Timing'. Try using Self-healing.

2022-01-16 01:08:31 - [MESSAGE][WARNING] - [SELF-HEALING] The current locator of test object 'Object Repository/Page_Editing Quiz/a_Timing' was broken. Propose an alternative one: '//a[contains(text(),'Timing')]'.

2022-01-16 01:08:31 - [MESSAGE][PASSED] - Object: 'Object Repository/Page_Editing Quiz/a_Timing' is clicked on

2022-01-16 01:08:31 - [TEST_STEP][PASSED] - click(findTestObject("Object Repository/Page_Editing Quiz/input_Enable_timeopenenabled")): Object: 'Object Repository/Page_Editing Quiz/input_Enable_timeopenenabled' is clicked on

2022-01-16 01:08:33 - [MESSAGE][PASSED] - Object: 'Object Repository/Page_Editing Quiz/input_Enable_timeopenenabled' is clicked on

2022-01-16 01:08:33 - [TEST_STEP][PASSED] - click(findTestObject("Object Repository/Page_Editing Quiz/input_Enable_timecloseenabled")): Object: 'Object Repository/Page_Editing Quiz/input_Enable_timecloseenabled' is clicked on

2022-01-16 01:08:35 - [MESSAGE][PASSED] - Object: 'Object Repository/Page_Editing Quiz/input_Enable_timecloseenabled' is clicked on

2022-01-16 01:08:35 - [TEST_STEP][PASSED] - click(findTestObject("Object Repository/Page_Editing Quiz/input_Enable_timelimitenabled")): Object: 'Object Repository/Page_Editing Quiz/input_Enable_timelimitenabled' is clicked on

2022-01-16 01:08:37 - [MESSAGE][PASSED] - Object: 'Object Repository/Page_Editing Quiz/input_Enable_timelimitenabled' is clicked on

2022-01-16 01:08:37 - [TEST_STEP][PASSED] - selectOptionByValue(findTestObject("Object Repository/Page_Editing Quiz/select_1        2        3        4        _45ea30"), "14", true): All options with value '14' are selected in object 'Object Repository/Page_Editing Quiz/select_1        2        3        4        _45ea30'  using regular expression

2022-01-16 01:08:44 - [MESSAGE][PASSED] - All options with value '14' are selected in object 'Object Repository/Page_Editing Quiz/select_1        2        3        4        _45ea30'  using regular expression

2022-01-16 01:08:44 - [TEST_STEP][PASSED] - selectOptionByValue(findTestObject("Object Repository/Page_Editing Quiz/select_1        2        3        4        _45ea30_1"), "20", true): All options with value '20' are selected in object 'Object Repository/Page_Editing Quiz/select_1        2        3        4        _45ea30_1'  using regular expression

2022-01-16 01:08:50 - [MESSAGE][PASSED] - All options with value '20' are selected in object 'Object Repository/Page_Editing Quiz/select_1        2        3        4        _45ea30_1'  using regular expression

2022-01-16 01:08:50 - [TEST_STEP][PASSED] - setText(findTestObject("Object Repository/Page_Editing Quiz/input_Time_timelimitnumber"), "20"): Text '20' is set on object 'Object Repository/Page_Editing Quiz/input_Time_timelimitnumber'

2022-01-16 01:08:53 - [MESSAGE][PASSED] - Text '20' is set on object 'Object Repository/Page_Editing Quiz/input_Time_timelimitnumber'

2022-01-16 01:08:53 - [TEST_STEP][PASSED] - selectOptionByValue(findTestObject("Object Repository/Page_Editing Quiz/select_weeks        days        hours      _586059"), "1", true): All options with value '1' are selected in object 'Object Repository/Page_Editing Quiz/select_weeks        days        hours      _586059'  using regular expression

2022-01-16 01:08:59 - [MESSAGE][PASSED] - All options with value '1' are selected in object 'Object Repository/Page_Editing Quiz/select_weeks        days        hours      _586059'  using regular expression

2022-01-16 01:08:59 - [TEST_STEP][PASSED] - waitForElementVisible(findTestObject("Object Repository/Page_Editing Quiz/input_Upon activity completion_submitbutton"), 0): Object 'Object Repository/Page_Editing Quiz/input_Upon activity completion_submitbutton' is visible

2022-01-16 01:08:59 - [MESSAGE][WARNING] - Timeout '0' is invalid. Using default page load timeout: '30'

2022-01-16 01:09:01 - [MESSAGE][PASSED] - Object 'Object Repository/Page_Editing Quiz/input_Upon activity completion_submitbutton' is visible

2022-01-16 01:09:01 - [TEST_STEP][PASSED] - click(findTestObject("Object Repository/Page_Editing Quiz/input_Upon activity completion_submitbutton")): Object: 'Object Repository/Page_Editing Quiz/input_Upon activity completion_submitbutton' is clicked on

2022-01-16 01:09:04 - [MESSAGE][PASSED] - Object: 'Object Repository/Page_Editing Quiz/input_Upon activity completion_submitbutton' is clicked on

2022-01-16 01:09:04 - [TEST_STEP][PASSED] - waitForElementVisible(findTestObject("Object Repository/Page_IntroCS Quiz 1/button_Back to the course"), 0): Object 'Object Repository/Page_IntroCS Quiz 1/button_Back to the course' is visible

2022-01-16 01:09:05 - [MESSAGE][WARNING] - Timeout '0' is invalid. Using default page load timeout: '30'

2022-01-16 01:09:36 - [MESSAGE][INFO] - Unable to find the element located by 'By.xpath: //button[@id='single_button61e22b54a9ddd62']'. Please recheck the objects properties to make sure the desired element is located. 

2022-01-16 01:09:36 - [MESSAGE][WARNING] - [SELF-HEALING] Failed to find element with id 'Object Repository/Page_IntroCS Quiz 1/button_Back to the course'. Try using Self-healing.

2022-01-16 01:09:38 - [MESSAGE][WARNING] - [SELF-HEALING] The current locator of test object 'Object Repository/Page_IntroCS Quiz 1/button_Back to the course' was broken. Propose an alternative one: '//section[@id='region-main']/div[2]/div[3]/div[2]/form/button'.

2022-01-16 01:09:38 - [MESSAGE][PASSED] - Object 'Object Repository/Page_IntroCS Quiz 1/button_Back to the course' is visible

2022-01-16 01:09:38 - [TEST_STEP][PASSED] - click(findTestObject("Object Repository/Page_IntroCS Quiz 1/button_Back to the course")): Object: 'Object Repository/Page_IntroCS Quiz 1/button_Back to the course' is clicked on

2022-01-16 01:10:10 - [MESSAGE][INFO] - Unable to find the element located by 'By.xpath: //button[@id='single_button61e22b54a9ddd62']'. Please recheck the objects properties to make sure the desired element is located. 

2022-01-16 01:10:10 - [MESSAGE][WARNING] - [SELF-HEALING] Failed to find element with id 'Object Repository/Page_IntroCS Quiz 1/button_Back to the course'. Try using Self-healing.

2022-01-16 01:10:12 - [MESSAGE][WARNING] - [SELF-HEALING] The current locator of test object 'Object Repository/Page_IntroCS Quiz 1/button_Back to the course' was broken. Propose an alternative one: '//section[@id='region-main']/div[2]/div[3]/div[2]/form/button'.

2022-01-16 01:10:13 - [MESSAGE][PASSED] - Object: 'Object Repository/Page_IntroCS Quiz 1/button_Back to the course' is clicked on

2022-01-16 01:10:13 - [TEST_STEP][PASSED] - verifyElementVisible(findTestObject("Object Repository/Page_Course Introduction to Computer Science/li_Quiz 1                                  _38519f")): Object 'Object Repository/Page_Course Introduction to Computer Science/li_Quiz 1                                  _38519f' is visible

2022-01-16 01:10:44 - [MESSAGE][INFO] - Unable to find the element located by 'By.xpath: //li[@id='module-16']'. Please recheck the objects properties to make sure the desired element is located. 

2022-01-16 01:10:44 - [MESSAGE][WARNING] - [SELF-HEALING] Failed to find element with id 'Object Repository/Page_Course Introduction to Computer Science/li_Quiz 1                                  _38519f'. Try using Self-healing.

2022-01-16 01:10:46 - [MESSAGE][WARNING] - [SELF-HEALING] The current locator of test object 'Object Repository/Page_Course Introduction to Computer Science/li_Quiz 1                                  _38519f' was broken. Propose an alternative one: '(.//*[normalize-space(text()) and normalize-space(.)='Topic 1'])[2]/following::li[1]'.

2022-01-16 01:10:46 - [MESSAGE][PASSED] - Object 'Object Repository/Page_Course Introduction to Computer Science/li_Quiz 1                                  _38519f' is visible

2022-01-16 01:10:46 - [TEST_STEP][PASSED] - click(findTestObject("Object Repository/Page_Course Introduction to Computer Science/a_Edit")): Object: 'Object Repository/Page_Course Introduction to Computer Science/a_Edit' is clicked on

2022-01-16 01:10:49 - [MESSAGE][PASSED] - Object: 'Object Repository/Page_Course Introduction to Computer Science/a_Edit' is clicked on

2022-01-16 01:10:49 - [TEST_STEP][PASSED] - click(findTestObject("Object Repository/Page_Course Introduction to Computer Science/span_Delete")): Object: 'Object Repository/Page_Course Introduction to Computer Science/span_Delete' is clicked on

2022-01-16 01:10:50 - [MESSAGE][PASSED] - Object: 'Object Repository/Page_Course Introduction to Computer Science/span_Delete' is clicked on

2022-01-16 01:10:50 - [TEST_STEP][PASSED] - verifyElementClickable(findTestObject("Object Repository/Page_Course Introduction to Computer Science/button_Yes"), STOP_ON_FAILURE): Object 'Object Repository/Page_Course Introduction to Computer Science/button_Yes' is clickable

2022-01-16 01:11:11 - [MESSAGE][PASSED] - Object 'Object Repository/Page_Course Introduction to Computer Science/button_Yes' is clickable

2022-01-16 01:11:11 - [TEST_STEP][FAILED] - click(findTestObject("Object Repository/Page_Course Introduction to Computer Science/button_Yes")): Unable to click on object 'Object Repository/Page_Course Introduction to Computer Science/button_Yes' (Root cause: com.kms.katalon.core.exception.StepFailedException: Unable to click on object 'Object Repository/Page_Course Introduction to Computer Science/button_Yes'
	at com.kms.katalon.core.webui.keyword.internal.WebUIKeywordMain.stepFailed(WebUIKeywordMain.groovy:64)
	at com.kms.katalon.core.webui.keyword.internal.WebUIKeywordMain.runKeyword(WebUIKeywordMain.groovy:26)
	at com.kms.katalon.core.webui.keyword.builtin.ClickKeyword.click(ClickKeyword.groovy:74)
	at com.kms.katalon.core.webui.keyword.builtin.ClickKeyword.execute(ClickKeyword.groovy:40)
	at com.kms.katalon.core.keyword.internal.KeywordExecutor.executeKeywordForPlatform(KeywordExecutor.groovy:74)
	at com.kms.katalon.core.webui.keyword.WebUiBuiltInKeywords.click(WebUiBuiltInKeywords.groovy:620)
	at com.kms.katalon.core.webui.keyword.WebUiBuiltInKeywords$click$1.call(Unknown Source)
	at test case 46.run(test case 46:93)
	at com.kms.katalon.core.main.ScriptEngine.run(ScriptEngine.java:194)
	at com.kms.katalon.core.main.ScriptEngine.runScriptAsRawText(ScriptEngine.java:119)
	at com.kms.katalon.core.main.TestCaseExecutor.runScript(TestCaseExecutor.java:442)
	at com.kms.katalon.core.main.TestCaseExecutor.doExecute(TestCaseExecutor.java:433)
	at com.kms.katalon.core.main.TestCaseExecutor.processExecutionPhase(TestCaseExecutor.java:412)
	at com.kms.katalon.core.main.TestCaseExecutor.accessMainPhase(TestCaseExecutor.java:404)
	at com.kms.katalon.core.main.TestCaseExecutor.execute(TestCaseExecutor.java:281)
	at com.kms.katalon.core.main.TestSuiteExecutor.accessTestCaseMainPhase(TestSuiteExecutor.java:202)
	at com.kms.katalon.core.main.TestSuiteExecutor.accessTestSuiteMainPhase(TestSuiteExecutor.java:164)
	at com.kms.katalon.core.main.TestSuiteExecutor.execute(TestSuiteExecutor.java:105)
	at com.kms.katalon.core.main.TestCaseMain.startTestSuite(TestCaseMain.java:181)
	at com.kms.katalon.core.main.TestCaseMain$startTestSuite$0.call(Unknown Source)
	at TempTestSuite1642265296699.run(TempTestSuite1642265296699.groovy:36)
Caused by: org.openqa.selenium.ElementNotInteractableException: element not interactable
  (Session info: chrome=97.0.4692.71)
Build info: version: '3.141.59', revision: 'e82be7d358', time: '2018-11-14T08:25:53'
System info: host: 'DESKTOP-5AUJFCN', ip: '192.168.1.8', os.name: 'Windows 10', os.arch: 'amd64', os.version: '10.0', java.version: '1.8.0_282'
Driver info: com.kms.katalon.selenium.driver.CChromeDriver
Capabilities {acceptInsecureCerts: false, browserName: chrome, browserVersion: 97.0.4692.71, chrome: {chromedriverVersion: 97.0.4692.71 (adefa7837d02a..., userDataDir: C:\Users\LENOVO\AppData\Loc...}, goog:chromeOptions: {debuggerAddress: localhost:62687}, javascriptEnabled: true, networkConnectionEnabled: false, pageLoadStrategy: normal, platform: WINDOWS, platformName: WINDOWS, proxy: Proxy(), setWindowRect: true, strictFileInteractability: false, timeouts: {implicit: 0, pageLoad: 300000, script: 30000}, unhandledPromptBehavior: dismiss and notify, webauthn:extension:credBlob: true, webauthn:extension:largeBlob: true, webauthn:virtualAuthenticators: true}
Session ID: 7dbfe74bdb16866b47b835baffda1094
	at org.openqa.selenium.remote.http.W3CHttpResponseCodec.createException(W3CHttpResponseCodec.java:187)
	at org.openqa.selenium.remote.http.W3CHttpResponseCodec.decode(W3CHttpResponseCodec.java:122)
	at org.openqa.selenium.remote.http.W3CHttpResponseCodec.decode(W3CHttpResponseCodec.java:49)
	at org.openqa.selenium.remote.HttpCommandExecutor.execute(HttpCommandExecutor.java:158)
	at org.openqa.selenium.remote.service.DriverCommandExecutor.execute(DriverCommandExecutor.java:83)
	at org.openqa.selenium.remote.RemoteWebDriver.execute(RemoteWebDriver.java:552)
	at com.kms.katalon.selenium.driver.CChromeDriver.execute(CChromeDriver.java:19)
	at org.openqa.selenium.remote.RemoteWebElement.execute(RemoteWebElement.java:285)
	at org.openqa.selenium.remote.RemoteWebElement.click(RemoteWebElement.java:84)
	at org.openqa.selenium.support.events.EventFiringWebDriver$EventFiringWebElement.lambda$new$0(EventFiringWebDriver.java:404)
	at com.sun.proxy.$Proxy11.click(Unknown Source)
	at org.openqa.selenium.support.events.EventFiringWebDriver$EventFiringWebElement.click(EventFiringWebDriver.java:417)
	at org.openqa.selenium.WebElement$click.call(Unknown Source)
	at com.kms.katalon.core.webui.keyword.builtin.ClickKeyword.clickUntilSuccessWithTimeout(ClickKeyword.groovy:81)
	at com.kms.katalon.core.webui.keyword.builtin.ClickKeyword.clickUntilSuccessWithTimeout(ClickKeyword.groovy)
	at com.kms.katalon.core.webui.keyword.builtin.ClickKeyword$_click_closure1.doCall(ClickKeyword.groovy:67)
	at com.kms.katalon.core.webui.keyword.builtin.ClickKeyword$_click_closure1.call(ClickKeyword.groovy)
	at com.kms.katalon.core.webui.keyword.internal.WebUIKeywordMain.runKeyword(WebUIKeywordMain.groovy:20)
	at com.kms.katalon.core.webui.keyword.builtin.ClickKeyword.click(ClickKeyword.groovy:74)
	at com.kms.katalon.core.webui.keyword.builtin.ClickKeyword.execute(ClickKeyword.groovy:40)
	at com.kms.katalon.core.keyword.internal.KeywordExecutor.executeKeywordForPlatform(KeywordExecutor.groovy:74)
	at com.kms.katalon.core.webui.keyword.WebUiBuiltInKeywords.click(WebUiBuiltInKeywords.groovy:620)
	at com.kms.katalon.core.webui.keyword.WebUiBuiltInKeywords$click$1.call(Unknown Source)
	at Script1642212013717.run(Script1642212013717.groovy:93)
	... 13 more
)

2022-01-16 01:11:14 - [MESSAGE][FAILED] - Unable to click on object 'Object Repository/Page_Course Introduction to Computer Science/button_Yes' (Root cause: com.kms.katalon.core.exception.StepFailedException: Unable to click on object 'Object Repository/Page_Course Introduction to Computer Science/button_Yes'
	at com.kms.katalon.core.webui.keyword.internal.WebUIKeywordMain.stepFailed(WebUIKeywordMain.groovy:64)
	at com.kms.katalon.core.webui.keyword.internal.WebUIKeywordMain.runKeyword(WebUIKeywordMain.groovy:26)
	at com.kms.katalon.core.webui.keyword.builtin.ClickKeyword.click(ClickKeyword.groovy:74)
	at com.kms.katalon.core.webui.keyword.builtin.ClickKeyword.execute(ClickKeyword.groovy:40)
	at com.kms.katalon.core.keyword.internal.KeywordExecutor.executeKeywordForPlatform(KeywordExecutor.groovy:74)
	at com.kms.katalon.core.webui.keyword.WebUiBuiltInKeywords.click(WebUiBuiltInKeywords.groovy:620)
	at com.kms.katalon.core.webui.keyword.WebUiBuiltInKeywords$click$1.call(Unknown Source)
	at test case 46.run(test case 46:93)
	at com.kms.katalon.core.main.ScriptEngine.run(ScriptEngine.java:194)
	at com.kms.katalon.core.main.ScriptEngine.runScriptAsRawText(ScriptEngine.java:119)
	at com.kms.katalon.core.main.TestCaseExecutor.runScript(TestCaseExecutor.java:442)
	at com.kms.katalon.core.main.TestCaseExecutor.doExecute(TestCaseExecutor.java:433)
	at com.kms.katalon.core.main.TestCaseExecutor.processExecutionPhase(TestCaseExecutor.java:412)
	at com.kms.katalon.core.main.TestCaseExecutor.accessMainPhase(TestCaseExecutor.java:404)
	at com.kms.katalon.core.main.TestCaseExecutor.execute(TestCaseExecutor.java:281)
	at com.kms.katalon.core.main.TestSuiteExecutor.accessTestCaseMainPhase(TestSuiteExecutor.java:202)
	at com.kms.katalon.core.main.TestSuiteExecutor.accessTestSuiteMainPhase(TestSuiteExecutor.java:164)
	at com.kms.katalon.core.main.TestSuiteExecutor.execute(TestSuiteExecutor.java:105)
	at com.kms.katalon.core.main.TestCaseMain.startTestSuite(TestCaseMain.java:181)
	at com.kms.katalon.core.main.TestCaseMain$startTestSuite$0.call(Unknown Source)
	at TempTestSuite1642265296699.run(TempTestSuite1642265296699.groovy:36)
Caused by: org.openqa.selenium.ElementNotInteractableException: element not interactable
  (Session info: chrome=97.0.4692.71)
Build info: version: '3.141.59', revision: 'e82be7d358', time: '2018-11-14T08:25:53'
System info: host: 'DESKTOP-5AUJFCN', ip: '192.168.1.8', os.name: 'Windows 10', os.arch: 'amd64', os.version: '10.0', java.version: '1.8.0_282'
Driver info: com.kms.katalon.selenium.driver.CChromeDriver
Capabilities {acceptInsecureCerts: false, browserName: chrome, browserVersion: 97.0.4692.71, chrome: {chromedriverVersion: 97.0.4692.71 (adefa7837d02a..., userDataDir: C:\Users\LENOVO\AppData\Loc...}, goog:chromeOptions: {debuggerAddress: localhost:62687}, javascriptEnabled: true, networkConnectionEnabled: false, pageLoadStrategy: normal, platform: WINDOWS, platformName: WINDOWS, proxy: Proxy(), setWindowRect: true, strictFileInteractability: false, timeouts: {implicit: 0, pageLoad: 300000, script: 30000}, unhandledPromptBehavior: dismiss and notify, webauthn:extension:credBlob: true, webauthn:extension:largeBlob: true, webauthn:virtualAuthenticators: true}
Session ID: 7dbfe74bdb16866b47b835baffda1094
	at org.openqa.selenium.remote.http.W3CHttpResponseCodec.createException(W3CHttpResponseCodec.java:187)
	at org.openqa.selenium.remote.http.W3CHttpResponseCodec.decode(W3CHttpResponseCodec.java:122)
	at org.openqa.selenium.remote.http.W3CHttpResponseCodec.decode(W3CHttpResponseCodec.java:49)
	at org.openqa.selenium.remote.HttpCommandExecutor.execute(HttpCommandExecutor.java:158)
	at org.openqa.selenium.remote.service.DriverCommandExecutor.execute(DriverCommandExecutor.java:83)
	at org.openqa.selenium.remote.RemoteWebDriver.execute(RemoteWebDriver.java:552)
	at com.kms.katalon.selenium.driver.CChromeDriver.execute(CChromeDriver.java:19)
	at org.openqa.selenium.remote.RemoteWebElement.execute(RemoteWebElement.java:285)
	at org.openqa.selenium.remote.RemoteWebElement.click(RemoteWebElement.java:84)
	at org.openqa.selenium.support.events.EventFiringWebDriver$EventFiringWebElement.lambda$new$0(EventFiringWebDriver.java:404)
	at com.sun.proxy.$Proxy11.click(Unknown Source)
	at org.openqa.selenium.support.events.EventFiringWebDriver$EventFiringWebElement.click(EventFiringWebDriver.java:417)
	at org.openqa.selenium.WebElement$click.call(Unknown Source)
	at com.kms.katalon.core.webui.keyword.builtin.ClickKeyword.clickUntilSuccessWithTimeout(ClickKeyword.groovy:81)
	at com.kms.katalon.core.webui.keyword.builtin.ClickKeyword.clickUntilSuccessWithTimeout(ClickKeyword.groovy)
	at com.kms.katalon.core.webui.keyword.builtin.ClickKeyword$_click_closure1.doCall(ClickKeyword.groovy:67)
	at com.kms.katalon.core.webui.keyword.builtin.ClickKeyword$_click_closure1.call(ClickKeyword.groovy)
	at com.kms.katalon.core.webui.keyword.internal.WebUIKeywordMain.runKeyword(WebUIKeywordMain.groovy:20)
	at com.kms.katalon.core.webui.keyword.builtin.ClickKeyword.click(ClickKeyword.groovy:74)
	at com.kms.katalon.core.webui.keyword.builtin.ClickKeyword.execute(ClickKeyword.groovy:40)
	at com.kms.katalon.core.keyword.internal.KeywordExecutor.executeKeywordForPlatform(KeywordExecutor.groovy:74)
	at com.kms.katalon.core.webui.keyword.WebUiBuiltInKeywords.click(WebUiBuiltInKeywords.groovy:620)
	at com.kms.katalon.core.webui.keyword.WebUiBuiltInKeywords$click$1.call(Unknown Source)
	at Script1642212013717.run(Script1642212013717.groovy:93)
	... 13 more
)
[[ATTACHMENT|D:\\Test-Automation-SE-Bonus\\Test-Automation-SE-Bonus\\Reports\\20220115_234816\\Run all test cases\\20220115_234816\\1642270273885.png]]]]></system-out>
         <system-err><![CDATA[2022-01-16 01:03:42 - [TEST_CASE][FAILED] - Test Cases/test case 46: Test Cases/test case 46 FAILED.
Reason:
com.kms.katalon.core.exception.StepFailedException: Unable to click on object 'Object Repository/Page_Course Introduction to Computer Science/button_Yes'
	at com.kms.katalon.core.webui.keyword.internal.WebUIKeywordMain.stepFailed(WebUIKeywordMain.groovy:64)
	at com.kms.katalon.core.webui.keyword.internal.WebUIKeywordMain.runKeyword(WebUIKeywordMain.groovy:26)
	at com.kms.katalon.core.webui.keyword.builtin.ClickKeyword.click(ClickKeyword.groovy:74)
	at com.kms.katalon.core.webui.keyword.builtin.ClickKeyword.execute(ClickKeyword.groovy:40)
	at com.kms.katalon.core.keyword.internal.KeywordExecutor.executeKeywordForPlatform(KeywordExecutor.groovy:74)
	at com.kms.katalon.core.webui.keyword.WebUiBuiltInKeywords.click(WebUiBuiltInKeywords.groovy:620)
	at com.kms.katalon.core.webui.keyword.WebUiBuiltInKeywords$click$1.call(Unknown Source)
	at test case 46.run(test case 46:93)
	at com.kms.katalon.core.main.ScriptEngine.run(ScriptEngine.java:194)
	at com.kms.katalon.core.main.ScriptEngine.runScriptAsRawText(ScriptEngine.java:119)
	at com.kms.katalon.core.main.TestCaseExecutor.runScript(TestCaseExecutor.java:442)
	at com.kms.katalon.core.main.TestCaseExecutor.doExecute(TestCaseExecutor.java:433)
	at com.kms.katalon.core.main.TestCaseExecutor.processExecutionPhase(TestCaseExecutor.java:412)
	at com.kms.katalon.core.main.TestCaseExecutor.accessMainPhase(TestCaseExecutor.java:404)
	at com.kms.katalon.core.main.TestCaseExecutor.execute(TestCaseExecutor.java:281)
	at com.kms.katalon.core.main.TestSuiteExecutor.accessTestCaseMainPhase(TestSuiteExecutor.java:202)
	at com.kms.katalon.core.main.TestSuiteExecutor.accessTestSuiteMainPhase(TestSuiteExecutor.java:164)
	at com.kms.katalon.core.main.TestSuiteExecutor.execute(TestSuiteExecutor.java:105)
	at com.kms.katalon.core.main.TestCaseMain.startTestSuite(TestCaseMain.java:181)
	at com.kms.katalon.core.main.TestCaseMain$startTestSuite$0.call(Unknown Source)
	at TempTestSuite1642265296699.run(TempTestSuite1642265296699.groovy:36)
Caused by: org.openqa.selenium.ElementNotInteractableException: element not interactable
  (Session info: chrome=97.0.4692.71)
Build info: version: '3.141.59', revision: 'e82be7d358', time: '2018-11-14T08:25:53'
System info: host: 'DESKTOP-5AUJFCN', ip: '192.168.1.8', os.name: 'Windows 10', os.arch: 'amd64', os.version: '10.0', java.version: '1.8.0_282'
Driver info: com.kms.katalon.selenium.driver.CChromeDriver
Capabilities {acceptInsecureCerts: false, browserName: chrome, browserVersion: 97.0.4692.71, chrome: {chromedriverVersion: 97.0.4692.71 (adefa7837d02a..., userDataDir: C:\Users\LENOVO\AppData\Loc...}, goog:chromeOptions: {debuggerAddress: localhost:62687}, javascriptEnabled: true, networkConnectionEnabled: false, pageLoadStrategy: normal, platform: WINDOWS, platformName: WINDOWS, proxy: Proxy(), setWindowRect: true, strictFileInteractability: false, timeouts: {implicit: 0, pageLoad: 300000, script: 30000}, unhandledPromptBehavior: dismiss and notify, webauthn:extension:credBlob: true, webauthn:extension:largeBlob: true, webauthn:virtualAuthenticators: true}
Session ID: 7dbfe74bdb16866b47b835baffda1094
	at org.openqa.selenium.remote.http.W3CHttpResponseCodec.createException(W3CHttpResponseCodec.java:187)
	at org.openqa.selenium.remote.http.W3CHttpResponseCodec.decode(W3CHttpResponseCodec.java:122)
	at org.openqa.selenium.remote.http.W3CHttpResponseCodec.decode(W3CHttpResponseCodec.java:49)
	at org.openqa.selenium.remote.HttpCommandExecutor.execute(HttpCommandExecutor.java:158)
	at org.openqa.selenium.remote.service.DriverCommandExecutor.execute(DriverCommandExecutor.java:83)
	at org.openqa.selenium.remote.RemoteWebDriver.execute(RemoteWebDriver.java:552)
	at com.kms.katalon.selenium.driver.CChromeDriver.execute(CChromeDriver.java:19)
	at org.openqa.selenium.remote.RemoteWebElement.execute(RemoteWebElement.java:285)
	at org.openqa.selenium.remote.RemoteWebElement.click(RemoteWebElement.java:84)
	at org.openqa.selenium.support.events.EventFiringWebDriver$EventFiringWebElement.lambda$new$0(EventFiringWebDriver.java:404)
	at com.sun.proxy.$Proxy11.click(Unknown Source)
	at org.openqa.selenium.support.events.EventFiringWebDriver$EventFiringWebElement.click(EventFiringWebDriver.java:417)
	at org.openqa.selenium.WebElement$click.call(Unknown Source)
	at com.kms.katalon.core.webui.keyword.builtin.ClickKeyword.clickUntilSuccessWithTimeout(ClickKeyword.groovy:81)
	at com.kms.katalon.core.webui.keyword.builtin.ClickKeyword.clickUntilSuccessWithTimeout(ClickKeyword.groovy)
	at com.kms.katalon.core.webui.keyword.builtin.ClickKeyword$_click_closure1.doCall(ClickKeyword.groovy:67)
	at com.kms.katalon.core.webui.keyword.builtin.ClickKeyword$_click_closure1.call(ClickKeyword.groovy)
	at com.kms.katalon.core.webui.keyword.internal.WebUIKeywordMain.runKeyword(WebUIKeywordMain.groovy:20)
	... 19 more]]></system-err>
      </testcase>
      <testcase name="Test Cases/test case 47" time="20.383" classname="Test Cases/test case 47" status="PASSED">
         <system-out><![CDATA[2022-01-16 01:11:14 - [TEST_CASE][PASSED] - Test Cases/test case 47: Test Cases/test case 47

2022-01-16 01:11:14 - [TEST_STEP][PASSED] - openBrowser(""): Browser is opened with url: ''

2022-01-16 01:11:14 - [MESSAGE][WARNING] - A browser is already opened. Closing browser and opening a new one

2022-01-16 01:11:15 - [MESSAGE][INFO] - Starting 'Chrome' driver

2022-01-16 01:11:15 - [MESSAGE][INFO] - Action delay is set to 0 milliseconds

2022-01-16 01:11:16 - [MESSAGE][PASSED] - Browser is opened with url: ''

2022-01-16 01:11:16 - [TEST_STEP][PASSED] - navigateToUrl("http://localhost/"): Navigate to 'http://localhost/' successfully

2022-01-16 01:11:17 - [MESSAGE][PASSED] - Navigate to 'http://localhost/' successfully

2022-01-16 01:11:17 - [TEST_STEP][PASSED] - click(findTestObject("Object Repository/Page_Moodle/a_Log in")): Object: 'Object Repository/Page_Moodle/a_Log in' is clicked on

2022-01-16 01:11:18 - [MESSAGE][PASSED] - Object: 'Object Repository/Page_Moodle/a_Log in' is clicked on

2022-01-16 01:11:18 - [TEST_STEP][PASSED] - setText(findTestObject("Object Repository/Page_Moodle Log in to the site/input_Username_username"), "tmtriet"): Text 'tmtriet' is set on object 'Object Repository/Page_Moodle Log in to the site/input_Username_username'

2022-01-16 01:11:19 - [MESSAGE][PASSED] - Text 'tmtriet' is set on object 'Object Repository/Page_Moodle Log in to the site/input_Username_username'

2022-01-16 01:11:19 - [TEST_STEP][PASSED] - setEncryptedText(findTestObject("Object Repository/Page_Moodle Log in to the site/input_Password_password"), "NMz1A57fMJEpXGm/T4cXeQ=="): Text ****** has been set on object 'Object Repository/Page_Moodle Log in to the site/input_Password_password'

2022-01-16 01:11:19 - [MESSAGE][PASSED] - Text ****** has been set on object 'Object Repository/Page_Moodle Log in to the site/input_Password_password'

2022-01-16 01:11:19 - [TEST_STEP][PASSED] - click(findTestObject("Object Repository/Page_Moodle Log in to the site/button_Log in")): Object: 'Object Repository/Page_Moodle Log in to the site/button_Log in' is clicked on

2022-01-16 01:11:21 - [MESSAGE][PASSED] - Object: 'Object Repository/Page_Moodle Log in to the site/button_Log in' is clicked on

2022-01-16 01:11:21 - [TEST_STEP][PASSED] - click(findTestObject("Object Repository/Page_Dashboard/a_Tran Minh Triet")): Object: 'Object Repository/Page_Dashboard/a_Tran Minh Triet' is clicked on

2022-01-16 01:11:24 - [MESSAGE][PASSED] - Object: 'Object Repository/Page_Dashboard/a_Tran Minh Triet' is clicked on

2022-01-16 01:11:24 - [TEST_STEP][PASSED] - click(findTestObject("Object Repository/Page_Dashboard/span_Grades")): Object: 'Object Repository/Page_Dashboard/span_Grades' is clicked on

2022-01-16 01:11:27 - [MESSAGE][PASSED] - Object: 'Object Repository/Page_Dashboard/span_Grades' is clicked on

2022-01-16 01:11:27 - [TEST_STEP][PASSED] - verifyElementText(findTestObject("Page_Grades - Tran Minh Triet/a_Introduction to Computer Science"), "Introduction to Computer Science"): Actual text and expected text of test object 'Object Repository/Page_Grades - Tran Minh Triet/a_Introduction to Computer Science' are matched.

2022-01-16 01:11:29 - [MESSAGE][PASSED] - Actual text and expected text of test object 'Object Repository/Page_Grades - Tran Minh Triet/a_Introduction to Computer Science' are matched.

2022-01-16 01:11:29 - [TEST_STEP][PASSED] - click(findTestObject("Object Repository/Page_Grades - Tran Minh Triet/a_Introduction to Computer Science")): Object: 'Object Repository/Page_Grades - Tran Minh Triet/a_Introduction to Computer Science' is clicked on

2022-01-16 01:11:32 - [MESSAGE][PASSED] - Object: 'Object Repository/Page_Grades - Tran Minh Triet/a_Introduction to Computer Science' is clicked on

2022-01-16 01:11:32 - [TEST_STEP][PASSED] - verifyElementText(findTestObject("Object Repository/Page_Grades View/h2_Grader report"), "Grader report"): Actual text and expected text of test object 'Object Repository/Page_Grades View/h2_Grader report' are matched.

2022-01-16 01:11:33 - [MESSAGE][PASSED] - Actual text and expected text of test object 'Object Repository/Page_Grades View/h2_Grader report' are matched.

2022-01-16 01:11:33 - [TEST_STEP][PASSED] - closeBrowser(): Browser is closed

2022-01-16 01:11:34 - [MESSAGE][PASSED] - Browser is closed]]></system-out>
         <system-err><![CDATA[]]></system-err>
      </testcase>
      <testcase name="Test Cases/test case 48" time="28.921" classname="Test Cases/test case 48" status="PASSED">
         <system-out><![CDATA[2022-01-16 01:11:34 - [TEST_CASE][PASSED] - Test Cases/test case 48: Test Cases/test case 48

2022-01-16 01:11:34 - [TEST_STEP][PASSED] - openBrowser(""): Browser is opened with url: ''

2022-01-16 01:11:34 - [MESSAGE][INFO] - Starting 'Chrome' driver

2022-01-16 01:11:34 - [MESSAGE][INFO] - Action delay is set to 0 milliseconds

2022-01-16 01:11:36 - [MESSAGE][PASSED] - Browser is opened with url: ''

2022-01-16 01:11:36 - [TEST_STEP][PASSED] - navigateToUrl("http://localhost/"): Navigate to 'http://localhost/' successfully

2022-01-16 01:11:37 - [MESSAGE][PASSED] - Navigate to 'http://localhost/' successfully

2022-01-16 01:11:37 - [TEST_STEP][PASSED] - click(findTestObject("Object Repository/Page_Moodle/a_Log in")): Object: 'Object Repository/Page_Moodle/a_Log in' is clicked on

2022-01-16 01:11:38 - [MESSAGE][PASSED] - Object: 'Object Repository/Page_Moodle/a_Log in' is clicked on

2022-01-16 01:11:38 - [TEST_STEP][PASSED] - setText(findTestObject("Object Repository/Page_Moodle Log in to the site/input_Username_username"), "tmtriet"): Text 'tmtriet' is set on object 'Object Repository/Page_Moodle Log in to the site/input_Username_username'

2022-01-16 01:11:42 - [MESSAGE][PASSED] - Text 'tmtriet' is set on object 'Object Repository/Page_Moodle Log in to the site/input_Username_username'

2022-01-16 01:11:42 - [TEST_STEP][PASSED] - setEncryptedText(findTestObject("Object Repository/Page_Moodle Log in to the site/input_Password_password"), "NMz1A57fMJEpXGm/T4cXeQ=="): Text ****** has been set on object 'Object Repository/Page_Moodle Log in to the site/input_Password_password'

2022-01-16 01:11:45 - [MESSAGE][PASSED] - Text ****** has been set on object 'Object Repository/Page_Moodle Log in to the site/input_Password_password'

2022-01-16 01:11:45 - [TEST_STEP][PASSED] - click(findTestObject("Object Repository/Page_Moodle Log in to the site/button_Log in")): Object: 'Object Repository/Page_Moodle Log in to the site/button_Log in' is clicked on

2022-01-16 01:11:47 - [MESSAGE][PASSED] - Object: 'Object Repository/Page_Moodle Log in to the site/button_Log in' is clicked on

2022-01-16 01:11:47 - [TEST_STEP][PASSED] - click(findTestObject("Object Repository/Page_Dashboard/a_Tran Minh Triet")): Object: 'Object Repository/Page_Dashboard/a_Tran Minh Triet' is clicked on

2022-01-16 01:11:50 - [MESSAGE][PASSED] - Object: 'Object Repository/Page_Dashboard/a_Tran Minh Triet' is clicked on

2022-01-16 01:11:50 - [TEST_STEP][PASSED] - click(findTestObject("Object Repository/Page_Dashboard/span_Profile")): Object: 'Object Repository/Page_Dashboard/span_Profile' is clicked on

2022-01-16 01:11:53 - [MESSAGE][PASSED] - Object: 'Object Repository/Page_Dashboard/span_Profile' is clicked on

2022-01-16 01:11:53 - [TEST_STEP][PASSED] - verifyElementText(findTestObject("Page_Tran Minh Triet Public profile/a_Introduction to Computer Science"), "Introduction to Computer Science"): Actual text and expected text of test object 'Object Repository/Page_Tran Minh Triet Public profile/a_Introduction to Computer Science' are matched.

2022-01-16 01:11:55 - [MESSAGE][PASSED] - Actual text and expected text of test object 'Object Repository/Page_Tran Minh Triet Public profile/a_Introduction to Computer Science' are matched.

2022-01-16 01:11:55 - [TEST_STEP][PASSED] - click(findTestObject("Object Repository/Page_Tran Minh Triet Public profile/a_Introduction to Computer Science")): Object: 'Object Repository/Page_Tran Minh Triet Public profile/a_Introduction to Computer Science' is clicked on

2022-01-16 01:11:58 - [MESSAGE][PASSED] - Object: 'Object Repository/Page_Tran Minh Triet Public profile/a_Introduction to Computer Science' is clicked on

2022-01-16 01:11:58 - [TEST_STEP][PASSED] - click(findTestObject("Object Repository/Page_Introduction to Computer Science Perso_abbbf2/span_Grades")): Object: 'Object Repository/Page_Introduction to Computer Science Perso_abbbf2/span_Grades' is clicked on

2022-01-16 01:12:01 - [MESSAGE][PASSED] - Object: 'Object Repository/Page_Introduction to Computer Science Perso_abbbf2/span_Grades' is clicked on

2022-01-16 01:12:01 - [TEST_STEP][PASSED] - verifyElementText(findTestObject("Object Repository/Page_Grades View/h2_Grader report"), "Grader report"): Actual text and expected text of test object 'Object Repository/Page_Grades View/h2_Grader report' are matched.

2022-01-16 01:12:02 - [MESSAGE][PASSED] - Actual text and expected text of test object 'Object Repository/Page_Grades View/h2_Grader report' are matched.

2022-01-16 01:12:02 - [TEST_STEP][PASSED] - closeBrowser(): Browser is closed

2022-01-16 01:12:03 - [MESSAGE][PASSED] - Browser is closed]]></system-out>
         <system-err><![CDATA[]]></system-err>
      </testcase>
      <testcase name="Test Cases/test case 49" time="11.24" classname="Test Cases/test case 49" status="PASSED">
         <system-out><![CDATA[2022-01-16 01:12:03 - [TEST_CASE][PASSED] - Test Cases/test case 49: Test Cases/test case 49

2022-01-16 01:12:03 - [TEST_STEP][PASSED] - openBrowser(""): Browser is opened with url: ''

2022-01-16 01:12:03 - [MESSAGE][INFO] - Starting 'Chrome' driver

2022-01-16 01:12:03 - [MESSAGE][INFO] - Action delay is set to 0 milliseconds

2022-01-16 01:12:04 - [MESSAGE][PASSED] - Browser is opened with url: ''

2022-01-16 01:12:04 - [TEST_STEP][PASSED] - navigateToUrl("http://localhost/"): Navigate to 'http://localhost/' successfully

2022-01-16 01:12:06 - [MESSAGE][PASSED] - Navigate to 'http://localhost/' successfully

2022-01-16 01:12:06 - [TEST_STEP][PASSED] - click(findTestObject("Object Repository/Page_Moodle/a_Log in")): Object: 'Object Repository/Page_Moodle/a_Log in' is clicked on

2022-01-16 01:12:07 - [MESSAGE][PASSED] - Object: 'Object Repository/Page_Moodle/a_Log in' is clicked on

2022-01-16 01:12:07 - [TEST_STEP][PASSED] - setText(findTestObject("Object Repository/Page_Moodle Log in to the site/input_Username_username"), "tmtriet"): Text 'tmtriet' is set on object 'Object Repository/Page_Moodle Log in to the site/input_Username_username'

2022-01-16 01:12:07 - [MESSAGE][PASSED] - Text 'tmtriet' is set on object 'Object Repository/Page_Moodle Log in to the site/input_Username_username'

2022-01-16 01:12:07 - [TEST_STEP][PASSED] - setEncryptedText(findTestObject("Object Repository/Page_Moodle Log in to the site/input_Password_password"), "NMz1A57fMJEpXGm/T4cXeQ=="): Text ****** has been set on object 'Object Repository/Page_Moodle Log in to the site/input_Password_password'

2022-01-16 01:12:08 - [MESSAGE][PASSED] - Text ****** has been set on object 'Object Repository/Page_Moodle Log in to the site/input_Password_password'

2022-01-16 01:12:08 - [TEST_STEP][PASSED] - click(findTestObject("Object Repository/Page_Moodle Log in to the site/button_Log in")): Object: 'Object Repository/Page_Moodle Log in to the site/button_Log in' is clicked on

2022-01-16 01:12:09 - [MESSAGE][PASSED] - Object: 'Object Repository/Page_Moodle Log in to the site/button_Log in' is clicked on

2022-01-16 01:12:09 - [TEST_STEP][PASSED] - verifyElementText(findTestObject("Page_Dashboard/span_IntroCS"), "IntroCS"): Actual text and expected text of test object 'Object Repository/Page_Dashboard/span_IntroCS' are matched.

2022-01-16 01:12:11 - [MESSAGE][PASSED] - Actual text and expected text of test object 'Object Repository/Page_Dashboard/span_IntroCS' are matched.

2022-01-16 01:12:11 - [TEST_STEP][PASSED] - click(findTestObject("Object Repository/Page_Dashboard/span_IntroCS")): Object: 'Object Repository/Page_Dashboard/span_IntroCS' is clicked on

2022-01-16 01:12:12 - [MESSAGE][PASSED] - Object: 'Object Repository/Page_Dashboard/span_IntroCS' is clicked on

2022-01-16 01:12:12 - [TEST_STEP][PASSED] - click(findTestObject("Object Repository/Page_Course Introduction to Computer Science/span_Grades")): Object: 'Object Repository/Page_Course Introduction to Computer Science/span_Grades' is clicked on

2022-01-16 01:12:13 - [MESSAGE][PASSED] - Object: 'Object Repository/Page_Course Introduction to Computer Science/span_Grades' is clicked on

2022-01-16 01:12:13 - [TEST_STEP][PASSED] - verifyElementText(findTestObject("Object Repository/Page_Grades View/h2_Grader report"), "Grader report"): Actual text and expected text of test object 'Object Repository/Page_Grades View/h2_Grader report' are matched.

2022-01-16 01:12:14 - [MESSAGE][PASSED] - Actual text and expected text of test object 'Object Repository/Page_Grades View/h2_Grader report' are matched.

2022-01-16 01:12:14 - [TEST_STEP][PASSED] - closeBrowser(): Browser is closed

2022-01-16 01:12:14 - [MESSAGE][PASSED] - Browser is closed]]></system-out>
         <system-err><![CDATA[]]></system-err>
      </testcase>
      <testcase name="Test Cases/test case 50" time="458.902" classname="Test Cases/test case 50" status="PASSED">
         <system-out><![CDATA[2022-01-16 01:12:14 - [TEST_CASE][PASSED] - Test Cases/test case 50: Test Cases/test case 50

2022-01-16 01:12:15 - [TEST_STEP][PASSED] - openBrowser(""): Browser is opened with url: ''

2022-01-16 01:12:15 - [MESSAGE][INFO] - Starting 'Chrome' driver

2022-01-16 01:12:15 - [MESSAGE][INFO] - Action delay is set to 0 milliseconds

2022-01-16 01:12:16 - [MESSAGE][PASSED] - Browser is opened with url: ''

2022-01-16 01:12:16 - [TEST_STEP][PASSED] - navigateToUrl("http://localhost/"): Navigate to 'http://localhost/' successfully

2022-01-16 01:12:17 - [MESSAGE][PASSED] - Navigate to 'http://localhost/' successfully

2022-01-16 01:12:17 - [TEST_STEP][PASSED] - click(findTestObject("Object Repository/Page_Moodle/a_Log in")): Object: 'Object Repository/Page_Moodle/a_Log in' is clicked on

2022-01-16 01:12:18 - [MESSAGE][PASSED] - Object: 'Object Repository/Page_Moodle/a_Log in' is clicked on

2022-01-16 01:12:18 - [TEST_STEP][PASSED] - setText(findTestObject("Object Repository/Page_Moodle Log in to the site/input_Username_username"), "tmtriet"): Text 'tmtriet' is set on object 'Object Repository/Page_Moodle Log in to the site/input_Username_username'

2022-01-16 01:12:19 - [MESSAGE][PASSED] - Text 'tmtriet' is set on object 'Object Repository/Page_Moodle Log in to the site/input_Username_username'

2022-01-16 01:12:19 - [TEST_STEP][PASSED] - setEncryptedText(findTestObject("Object Repository/Page_Moodle Log in to the site/input_Password_password"), "NMz1A57fMJEpXGm/T4cXeQ=="): Text ****** has been set on object 'Object Repository/Page_Moodle Log in to the site/input_Password_password'

2022-01-16 01:12:19 - [MESSAGE][PASSED] - Text ****** has been set on object 'Object Repository/Page_Moodle Log in to the site/input_Password_password'

2022-01-16 01:12:19 - [TEST_STEP][PASSED] - click(findTestObject("Object Repository/Page_Moodle Log in to the site/button_Log in")): Object: 'Object Repository/Page_Moodle Log in to the site/button_Log in' is clicked on

2022-01-16 01:12:20 - [MESSAGE][PASSED] - Object: 'Object Repository/Page_Moodle Log in to the site/button_Log in' is clicked on

2022-01-16 01:12:20 - [TEST_STEP][PASSED] - click(findTestObject("Object Repository/Page_Dashboard/section_Calendar                           _8b64df")): Object: 'Object Repository/Page_Dashboard/section_Calendar                           _8b64df' is clicked on

2022-01-16 01:12:22 - [MESSAGE][PASSED] - Object: 'Object Repository/Page_Dashboard/section_Calendar                           _8b64df' is clicked on

2022-01-16 01:12:22 - [TEST_STEP][PASSED] - verifyElementVisible(findTestObject("Object Repository/Page_Dashboard/div_Calendar                               _78b00d")): Object 'Object Repository/Page_Dashboard/div_Calendar                               _78b00d' is visible

2022-01-16 01:12:53 - [MESSAGE][INFO] - Unable to find the element located by 'By.xpath: //section[@id='inst46']/div'. Please recheck the objects properties to make sure the desired element is located. 

2022-01-16 01:12:53 - [MESSAGE][WARNING] - [SELF-HEALING] Failed to find element with id 'Object Repository/Page_Dashboard/div_Calendar                               _78b00d'. Try using Self-healing.

2022-01-16 01:12:55 - [MESSAGE][INFO] - [SELF-HEALING] Failed Locator: '//section[@id='inst46']/div'.

2022-01-16 01:12:57 - [MESSAGE][INFO] - [SELF-HEALING] Working Locator: '(.//*[normalize-space(text()) and normalize-space(.)='Skip Calendar'])[1]/following::div[1]'.

2022-01-16 01:12:58 - [MESSAGE][INFO] - [SELF-HEALING] Screenshot: D:/Test-Automation-SE-Bonus/Test-Automation-SE-Bonus/Reports/Self-healing/Object Repository/Page_Dashboard/div_Calendar                               _78b00d_neighbor.png

2022-01-16 01:12:58 - [MESSAGE][WARNING] - [SELF-HEALING] The current locator of test object 'Object Repository/Page_Dashboard/div_Calendar                               _78b00d' was broken. Propose an alternative one: '(.//*[normalize-space(text()) and normalize-space(.)='Skip Calendar'])[1]/following::div[1]'.

2022-01-16 01:12:58 - [MESSAGE][PASSED] - Object 'Object Repository/Page_Dashboard/div_Calendar                               _78b00d' is visible

2022-01-16 01:12:58 - [TEST_STEP][PASSED] - click(findTestObject("Object Repository/Page_Dashboard/a_January 2022")): Object: 'Object Repository/Page_Dashboard/a_January 2022' is clicked on

2022-01-16 01:12:59 - [MESSAGE][PASSED] - Object: 'Object Repository/Page_Dashboard/a_January 2022' is clicked on

2022-01-16 01:12:59 - [TEST_STEP][PASSED] - waitForElementVisible(findTestObject("Object Repository/Page_Mood Calendar Detailed month view Janu_18fc56/button_New event"), 0): Object 'Object Repository/Page_Mood Calendar Detailed month view Janu_18fc56/button_New event' is visible

2022-01-16 01:12:59 - [MESSAGE][WARNING] - Timeout '0' is invalid. Using default page load timeout: '30'

2022-01-16 01:13:30 - [MESSAGE][INFO] - Unable to find the element located by 'By.xpath: //div[@id='calendar-month-61e2c4d64109f61e2c4d60f67516']/div/button'. Please recheck the objects properties to make sure the desired element is located. 

2022-01-16 01:13:30 - [MESSAGE][WARNING] - [SELF-HEALING] Failed to find element with id 'Object Repository/Page_Mood Calendar Detailed month view Janu_18fc56/button_New event'. Try using Self-healing.

2022-01-16 01:13:30 - [MESSAGE][WARNING] - [SELF-HEALING] The current locator of test object 'Object Repository/Page_Mood Calendar Detailed month view Janu_18fc56/button_New event' was broken. Propose an alternative one: '(.//*[normalize-space(text()) and normalize-space(.)='List of courses'])[1]/following::button[1]'.

2022-01-16 01:13:30 - [MESSAGE][PASSED] - Object 'Object Repository/Page_Mood Calendar Detailed month view Janu_18fc56/button_New event' is visible

2022-01-16 01:13:30 - [TEST_STEP][PASSED] - click(findTestObject("Object Repository/Page_Mood Calendar Detailed month view Janu_18fc56/button_New event")): Object: 'Object Repository/Page_Mood Calendar Detailed month view Janu_18fc56/button_New event' is clicked on

2022-01-16 01:14:02 - [MESSAGE][INFO] - Unable to find the element located by 'By.xpath: //div[@id='calendar-month-61e2c4d64109f61e2c4d60f67516']/div/button'. Please recheck the objects properties to make sure the desired element is located. 

2022-01-16 01:14:02 - [MESSAGE][WARNING] - [SELF-HEALING] Failed to find element with id 'Object Repository/Page_Mood Calendar Detailed month view Janu_18fc56/button_New event'. Try using Self-healing.

2022-01-16 01:14:04 - [MESSAGE][WARNING] - [SELF-HEALING] The current locator of test object 'Object Repository/Page_Mood Calendar Detailed month view Janu_18fc56/button_New event' was broken. Propose an alternative one: '(.//*[normalize-space(text()) and normalize-space(.)='List of courses'])[1]/following::button[1]'.

2022-01-16 01:14:04 - [MESSAGE][PASSED] - Object: 'Object Repository/Page_Mood Calendar Detailed month view Janu_18fc56/button_New event' is clicked on

2022-01-16 01:14:04 - [TEST_STEP][PASSED] - setText(findTestObject("Object Repository/Page_Mood Calendar Detailed month view Janu_18fc56/input_Event title_name"), "Tet Quiz"): Text 'Tet Quiz' is set on object 'Object Repository/Page_Mood Calendar Detailed month view Janu_18fc56/input_Event title_name'

2022-01-16 01:14:33 - [MESSAGE][PASSED] - Text 'Tet Quiz' is set on object 'Object Repository/Page_Mood Calendar Detailed month view Janu_18fc56/input_Event title_name'

2022-01-16 01:14:33 - [TEST_STEP][PASSED] - selectOptionByValue(findTestObject("Object Repository/Page_Mood Calendar Detailed month view Janu_18fc56/select_1        2        3        4        _45ea30"), "22", true): All options with value '22' are selected in object 'Object Repository/Page_Mood Calendar Detailed month view Janu_18fc56/select_1        2        3        4        _45ea30'  using regular expression

2022-01-16 01:14:40 - [MESSAGE][PASSED] - All options with value '22' are selected in object 'Object Repository/Page_Mood Calendar Detailed month view Janu_18fc56/select_1        2        3        4        _45ea30'  using regular expression

2022-01-16 01:14:40 - [TEST_STEP][PASSED] - selectOptionByValue(findTestObject("Object Repository/Page_Mood Calendar Detailed month view Janu_18fc56/select_00        01        02        03    _f6e37b"), "0", true): All options with value '0' are selected in object 'Object Repository/Page_Mood Calendar Detailed month view Janu_18fc56/select_00        01        02        03    _f6e37b'  using regular expression

2022-01-16 01:14:46 - [MESSAGE][PASSED] - All options with value '0' are selected in object 'Object Repository/Page_Mood Calendar Detailed month view Janu_18fc56/select_00        01        02        03    _f6e37b'  using regular expression

2022-01-16 01:14:46 - [TEST_STEP][PASSED] - selectOptionByValue(findTestObject("Object Repository/Page_Mood Calendar Detailed month view Janu_18fc56/select_00        01        02        03    _f6e37b_1"), "0", true): All options with value '0' are selected in object 'Object Repository/Page_Mood Calendar Detailed month view Janu_18fc56/select_00        01        02        03    _f6e37b_1'  using regular expression

2022-01-16 01:14:52 - [MESSAGE][PASSED] - All options with value '0' are selected in object 'Object Repository/Page_Mood Calendar Detailed month view Janu_18fc56/select_00        01        02        03    _f6e37b_1'  using regular expression

2022-01-16 01:14:52 - [TEST_STEP][PASSED] - selectOptionByValue(findTestObject("Object Repository/Page_Mood Calendar Detailed month view Janu_18fc56/select_User            Course            Site"), "course", true): All options with value 'course' are selected in object 'Object Repository/Page_Mood Calendar Detailed month view Janu_18fc56/select_User            Course            Site'  using regular expression

2022-01-16 01:14:57 - [MESSAGE][PASSED] - All options with value 'course' are selected in object 'Object Repository/Page_Mood Calendar Detailed month view Janu_18fc56/select_User            Course            Site'  using regular expression

2022-01-16 01:14:57 - [TEST_STEP][PASSED] - click(findTestObject("Object Repository/Page_Mood Calendar Detailed month view Janu_18fc56/span_")): Object: 'Object Repository/Page_Mood Calendar Detailed month view Janu_18fc56/span_' is clicked on

2022-01-16 01:15:29 - [MESSAGE][INFO] - Unable to find the element located by 'By.xpath: //span[@id='form_autocomplete_downarrow-1642213556889']'. Please recheck the objects properties to make sure the desired element is located. 

2022-01-16 01:15:29 - [MESSAGE][WARNING] - [SELF-HEALING] Failed to find element with id 'Object Repository/Page_Mood Calendar Detailed month view Janu_18fc56/span_'. Try using Self-healing.

2022-01-16 01:15:31 - [MESSAGE][WARNING] - [SELF-HEALING] The current locator of test object 'Object Repository/Page_Mood Calendar Detailed month view Janu_18fc56/span_' was broken. Propose an alternative one: '(.//*[normalize-space(text()) and normalize-space(.)='No selection'])[1]/following::span[1]'.

2022-01-16 01:15:31 - [MESSAGE][PASSED] - Object: 'Object Repository/Page_Mood Calendar Detailed month view Janu_18fc56/span_' is clicked on

2022-01-16 01:15:31 - [TEST_STEP][PASSED] - click(findTestObject("Object Repository/Page_Mood Calendar Detailed month view Janu_18fc56/li_Introduction to Computer Science")): Object: 'Object Repository/Page_Mood Calendar Detailed month view Janu_18fc56/li_Introduction to Computer Science' is clicked on

2022-01-16 01:16:04 - [MESSAGE][INFO] - Unable to find the element located by 'By.xpath: //li[@id='form_autocomplete_suggestions-1642213556889-0']'. Please recheck the objects properties to make sure the desired element is located. 

2022-01-16 01:16:04 - [MESSAGE][WARNING] - [SELF-HEALING] Failed to find element with id 'Object Repository/Page_Mood Calendar Detailed month view Janu_18fc56/li_Introduction to Computer Science'. Try using Self-healing.

2022-01-16 01:16:06 - [MESSAGE][WARNING] - [SELF-HEALING] The current locator of test object 'Object Repository/Page_Mood Calendar Detailed month view Janu_18fc56/li_Introduction to Computer Science' was broken. Propose an alternative one: '(.//*[normalize-space(text()) and normalize-space(.)='▼'])[1]/following::li[1]'.

2022-01-16 01:16:06 - [MESSAGE][PASSED] - Object: 'Object Repository/Page_Mood Calendar Detailed month view Janu_18fc56/li_Introduction to Computer Science' is clicked on

2022-01-16 01:16:06 - [TEST_STEP][PASSED] - selectOptionByValue(findTestObject("Object Repository/Page_Mood Calendar Detailed month view Janu_18fc56/select_Introduction to Computer ScienceMathemetics"), "4", true): All options with value '4' are selected in object 'Object Repository/Page_Mood Calendar Detailed month view Janu_18fc56/select_Introduction to Computer ScienceMathemetics'  using regular expression

2022-01-16 01:16:12 - [MESSAGE][PASSED] - All options with value '4' are selected in object 'Object Repository/Page_Mood Calendar Detailed month view Janu_18fc56/select_Introduction to Computer ScienceMathemetics'  using regular expression

2022-01-16 01:16:12 - [TEST_STEP][PASSED] - click(findTestObject("Object Repository/Page_Mood Calendar Detailed month view Janu_18fc56/button_Save")): Object: 'Object Repository/Page_Mood Calendar Detailed month view Janu_18fc56/button_Save' is clicked on

2022-01-16 01:16:44 - [MESSAGE][INFO] - Unable to find the element located by 'By.xpath: //button[@id='yui_3_17_2_1_1642251478287_1318']'. Please recheck the objects properties to make sure the desired element is located. 

2022-01-16 01:16:44 - [MESSAGE][WARNING] - [SELF-HEALING] Failed to find element with id 'Object Repository/Page_Mood Calendar Detailed month view Janu_18fc56/button_Save'. Try using Self-healing.

2022-01-16 01:16:46 - [MESSAGE][WARNING] - [SELF-HEALING] The current locator of test object 'Object Repository/Page_Mood Calendar Detailed month view Janu_18fc56/button_Save' was broken. Propose an alternative one: '(.//*[normalize-space(text()) and normalize-space(.)='Repeat weekly, creating altogether'])[1]/following::button[1]'.

2022-01-16 01:16:47 - [MESSAGE][PASSED] - Object: 'Object Repository/Page_Mood Calendar Detailed month view Janu_18fc56/button_Save' is clicked on

2022-01-16 01:16:47 - [TEST_STEP][PASSED] - verifyElementVisible(findTestObject("Object Repository/Page_Mood Calendar Detailed month view Janu_18fc56/a_Tet Quiz")): Object 'Object Repository/Page_Mood Calendar Detailed month view Janu_18fc56/a_Tet Quiz' is visible

2022-01-16 01:17:18 - [MESSAGE][INFO] - Unable to find the element located by 'By.xpath: //a[@id='yui_3_17_2_1_1642213542869_2021']'. Please recheck the objects properties to make sure the desired element is located. 

2022-01-16 01:17:18 - [MESSAGE][WARNING] - [SELF-HEALING] Failed to find element with id 'Object Repository/Page_Mood Calendar Detailed month view Janu_18fc56/a_Tet Quiz'. Try using Self-healing.

2022-01-16 01:17:20 - [MESSAGE][WARNING] - [SELF-HEALING] The current locator of test object 'Object Repository/Page_Mood Calendar Detailed month view Janu_18fc56/a_Tet Quiz' was broken. Propose an alternative one: '(.//*[normalize-space(text()) and normalize-space(.)='No events, Friday, 21 January'])[2]/following::a[2]'.

2022-01-16 01:17:20 - [MESSAGE][PASSED] - Object 'Object Repository/Page_Mood Calendar Detailed month view Janu_18fc56/a_Tet Quiz' is visible

2022-01-16 01:17:20 - [TEST_STEP][PASSED] - click(findTestObject("Object Repository/Page_Mood Calendar Detailed month view Janu_18fc56/a_Tet Quiz")): Object: 'Object Repository/Page_Mood Calendar Detailed month view Janu_18fc56/a_Tet Quiz' is clicked on

2022-01-16 01:17:52 - [MESSAGE][INFO] - Unable to find the element located by 'By.xpath: //a[@id='yui_3_17_2_1_1642213542869_2021']'. Please recheck the objects properties to make sure the desired element is located. 

2022-01-16 01:17:52 - [MESSAGE][WARNING] - [SELF-HEALING] Failed to find element with id 'Object Repository/Page_Mood Calendar Detailed month view Janu_18fc56/a_Tet Quiz'. Try using Self-healing.

2022-01-16 01:17:54 - [MESSAGE][WARNING] - [SELF-HEALING] The current locator of test object 'Object Repository/Page_Mood Calendar Detailed month view Janu_18fc56/a_Tet Quiz' was broken. Propose an alternative one: '(.//*[normalize-space(text()) and normalize-space(.)='No events, Friday, 21 January'])[2]/following::a[2]'.

2022-01-16 01:17:54 - [MESSAGE][PASSED] - Object: 'Object Repository/Page_Mood Calendar Detailed month view Janu_18fc56/a_Tet Quiz' is clicked on

2022-01-16 01:17:54 - [TEST_STEP][PASSED] - verifyElementClickable(findTestObject("Object Repository/Page_Mood Calendar Detailed month view Janu_18fc56/button_Delete")): Object 'Object Repository/Page_Mood Calendar Detailed month view Janu_18fc56/button_Delete' is clickable

2022-01-16 01:18:27 - [MESSAGE][INFO] - Unable to find the element located by 'By.xpath: //button[@id='yui_3_17_2_1_1642219203535_1997']'. Please recheck the objects properties to make sure the desired element is located. 

2022-01-16 01:18:27 - [MESSAGE][WARNING] - [SELF-HEALING] Failed to find element with id 'Object Repository/Page_Mood Calendar Detailed month view Janu_18fc56/button_Delete'. Try using Self-healing.

2022-01-16 01:18:29 - [MESSAGE][INFO] - Unable to find the element located by 'By.xpath: (.//*[normalize-space(text()) and normalize-space(.)='Introduction to Computer Science'])[3]/following::button[1]'. Please recheck the objects properties to make sure the desired element is located. 

2022-01-16 01:18:31 - [MESSAGE][INFO] - Unable to find the element located by 'By.xpath: (.//*[normalize-space(text()) and normalize-space(.)='User event'])[1]/following::button[1]'. Please recheck the objects properties to make sure the desired element is located. 

2022-01-16 01:18:34 - [MESSAGE][INFO] - [SELF-HEALING] Failed Locator: '//button[@id='yui_3_17_2_1_1642219203535_1997']'.

2022-01-16 01:18:36 - [MESSAGE][INFO] - [SELF-HEALING] Failed Locator: '//div[@id='yui_3_17_2_1_1642219203535_1998']/button'.

2022-01-16 01:18:38 - [MESSAGE][INFO] - [SELF-HEALING] Failed Locator: '(.//*[normalize-space(text()) and normalize-space(.)='User event'])[1]/following::button[1]'.

2022-01-16 01:18:40 - [MESSAGE][INFO] - [SELF-HEALING] Failed Locator: '(.//*[normalize-space(text()) and normalize-space(.)='Wednesday, 26 January'])[1]/following::button[1]'.

2022-01-16 01:18:42 - [MESSAGE][INFO] - [SELF-HEALING] Working Locator: '(.//*[normalize-space(text()) and normalize-space(.)='Edit'])[1]/preceding::button[1]'.

2022-01-16 01:18:43 - [MESSAGE][INFO] - [SELF-HEALING] Screenshot: D:/Test-Automation-SE-Bonus/Test-Automation-SE-Bonus/Reports/Self-healing/Object Repository/Page_Mood Calendar Detailed month view Janu_18fc56/button_Delete_neighbor.png

2022-01-16 01:18:43 - [MESSAGE][WARNING] - [SELF-HEALING] The current locator of test object 'Object Repository/Page_Mood Calendar Detailed month view Janu_18fc56/button_Delete' was broken. Propose an alternative one: '(.//*[normalize-space(text()) and normalize-space(.)='Edit'])[1]/preceding::button[1]'.

2022-01-16 01:18:43 - [MESSAGE][PASSED] - Object 'Object Repository/Page_Mood Calendar Detailed month view Janu_18fc56/button_Delete' is clickable

2022-01-16 01:18:43 - [TEST_STEP][PASSED] - click(findTestObject("Object Repository/Page_Mood Calendar Detailed month view Janu_18fc56/button_Delete")): Object: 'Object Repository/Page_Mood Calendar Detailed month view Janu_18fc56/button_Delete' is clicked on

2022-01-16 01:19:14 - [MESSAGE][INFO] - Unable to find the element located by 'By.xpath: //button[@id='yui_3_17_2_1_1642219203535_1997']'. Please recheck the objects properties to make sure the desired element is located. 

2022-01-16 01:19:14 - [MESSAGE][WARNING] - [SELF-HEALING] Failed to find element with id 'Object Repository/Page_Mood Calendar Detailed month view Janu_18fc56/button_Delete'. Try using Self-healing.

2022-01-16 01:19:16 - [MESSAGE][WARNING] - [SELF-HEALING] The current locator of test object 'Object Repository/Page_Mood Calendar Detailed month view Janu_18fc56/button_Delete' was broken. Propose an alternative one: '(.//*[normalize-space(text()) and normalize-space(.)='Introduction to Computer Science'])[3]/following::button[1]'.

2022-01-16 01:19:16 - [MESSAGE][PASSED] - Object: 'Object Repository/Page_Mood Calendar Detailed month view Janu_18fc56/button_Delete' is clicked on

2022-01-16 01:19:16 - [TEST_STEP][PASSED] - click(findTestObject("Object Repository/Page_Mood Calendar Detailed month view Janu_18fc56/button_Delete event")): Object: 'Object Repository/Page_Mood Calendar Detailed month view Janu_18fc56/button_Delete event' is clicked on

2022-01-16 01:19:48 - [MESSAGE][INFO] - Unable to find the element located by 'By.xpath: //button[@id='yui_3_17_2_1_1642219203535_2017']'. Please recheck the objects properties to make sure the desired element is located. 

2022-01-16 01:19:48 - [MESSAGE][WARNING] - [SELF-HEALING] Failed to find element with id 'Object Repository/Page_Mood Calendar Detailed month view Janu_18fc56/button_Delete event'. Try using Self-healing.

2022-01-16 01:19:50 - [MESSAGE][INFO] - Unable to find the element located by 'By.xpath: (.//*[normalize-space(text()) and normalize-space(.)=concat('Are you sure you want to delete the ', '"', 'Festival at uni', '"', ' event?')])[1]/following::button[1]'. Please recheck the objects properties to make sure the desired element is located. 

2022-01-16 01:19:52 - [MESSAGE][WARNING] - [SELF-HEALING] The current locator of test object 'Object Repository/Page_Mood Calendar Detailed month view Janu_18fc56/button_Delete event' was broken. Propose an alternative one: '(.//*[normalize-space(text()) and normalize-space(.)='Delete event'])[1]/following::button[2]'.

2022-01-16 01:19:52 - [MESSAGE][PASSED] - Object: 'Object Repository/Page_Mood Calendar Detailed month view Janu_18fc56/button_Delete event' is clicked on

2022-01-16 01:19:52 - [TEST_STEP][PASSED] - closeBrowser(): Browser is closed

2022-01-16 01:19:53 - [MESSAGE][PASSED] - Browser is closed]]></system-out>
         <system-err><![CDATA[]]></system-err>
      </testcase>
      <system-out><![CDATA[2022-01-15 23:48:26 - [TEST_SUITE][FAILED] - Run all test cases: Test Cases/test case 11 FAILED.
Reason:
com.kms.katalon.core.exception.StepFailedException: Unable to select option by value '3' of object 'Object Repository/Page_Stats Participants/select_Quach Minh Khoi    qmkhoi19gmail.com_d68a25'  using regular expression
	at com.kms.katalon.core.webui.keyword.internal.WebUIKeywordMain.stepFailed(WebUIKeywordMain.groovy:64)
	at com.kms.katalon.core.webui.keyword.internal.WebUIKeywordMain.runKeyword(WebUIKeywordMain.groovy:26)
	at com.kms.katalon.core.webui.keyword.builtin.SelectOptionByValueKeyword.selectOptionByValue(SelectOptionByValueKeyword.groovy:99)
	at com.kms.katalon.core.webui.keyword.builtin.SelectOptionByValueKeyword.execute(SelectOptionByValueKeyword.groovy:71)
	at com.kms.katalon.core.keyword.internal.KeywordExecutor.executeKeywordForPlatform(KeywordExecutor.groovy:74)
	at com.kms.katalon.core.webui.keyword.WebUiBuiltInKeywords.selectOptionByValue(WebUiBuiltInKeywords.groovy:1168)
	at com.kms.katalon.core.webui.keyword.WebUiBuiltInKeywords$selectOptionByValue$6.call(Unknown Source)
	at test case 11.run(test case 11:63)
	at com.kms.katalon.core.main.ScriptEngine.run(ScriptEngine.java:194)
	at com.kms.katalon.core.main.ScriptEngine.runScriptAsRawText(ScriptEngine.java:119)
	at com.kms.katalon.core.main.TestCaseExecutor.runScript(TestCaseExecutor.java:442)
	at com.kms.katalon.core.main.TestCaseExecutor.doExecute(TestCaseExecutor.java:433)
	at com.kms.katalon.core.main.TestCaseExecutor.processExecutionPhase(TestCaseExecutor.java:412)
	at com.kms.katalon.core.main.TestCaseExecutor.accessMainPhase(TestCaseExecutor.java:404)
	at com.kms.katalon.core.main.TestCaseExecutor.execute(TestCaseExecutor.java:281)
	at com.kms.katalon.core.main.TestSuiteExecutor.accessTestCaseMainPhase(TestSuiteExecutor.java:202)
	at com.kms.katalon.core.main.TestSuiteExecutor.accessTestSuiteMainPhase(TestSuiteExecutor.java:164)
	at com.kms.katalon.core.main.TestSuiteExecutor.execute(TestSuiteExecutor.java:105)
	at com.kms.katalon.core.main.TestCaseMain.startTestSuite(TestCaseMain.java:181)
	at com.kms.katalon.core.main.TestCaseMain$startTestSuite$0.call(Unknown Source)
	at TempTestSuite1642265296699.run(TempTestSuite1642265296699.groovy:36)
Caused by: com.kms.katalon.core.exception.StepFailedException: No option matched.
	at com.kms.katalon.core.keyword.internal.KeywordMain.stepFailed(KeywordMain.groovy:50)
	at com.kms.katalon.core.keyword.internal.KeywordMain.stepFailed(KeywordMain.groovy)
	at com.kms.katalon.core.keyword.internal.KeywordMain.stepFailed(KeywordMain.groovy:23)
	at com.kms.katalon.core.webui.keyword.builtin.SelectOptionByValueKeyword$_selectOptionByValue_closure1.doCall(SelectOptionByValueKeyword.groovy:92)
	at com.kms.katalon.core.webui.keyword.builtin.SelectOptionByValueKeyword$_selectOptionByValue_closure1.call(SelectOptionByValueKeyword.groovy)
	at com.kms.katalon.core.webui.keyword.internal.WebUIKeywordMain.runKeyword(WebUIKeywordMain.groovy:20)
	... 19 more]]></system-out>
      <system-err><![CDATA[2022-01-15 23:48:26 - [TEST_SUITE][FAILED] - Run all test cases: Test Cases/test case 11 FAILED.
Reason:
com.kms.katalon.core.exception.StepFailedException: Unable to select option by value '3' of object 'Object Repository/Page_Stats Participants/select_Quach Minh Khoi    qmkhoi19gmail.com_d68a25'  using regular expression
	at com.kms.katalon.core.webui.keyword.internal.WebUIKeywordMain.stepFailed(WebUIKeywordMain.groovy:64)
	at com.kms.katalon.core.webui.keyword.internal.WebUIKeywordMain.runKeyword(WebUIKeywordMain.groovy:26)
	at com.kms.katalon.core.webui.keyword.builtin.SelectOptionByValueKeyword.selectOptionByValue(SelectOptionByValueKeyword.groovy:99)
	at com.kms.katalon.core.webui.keyword.builtin.SelectOptionByValueKeyword.execute(SelectOptionByValueKeyword.groovy:71)
	at com.kms.katalon.core.keyword.internal.KeywordExecutor.executeKeywordForPlatform(KeywordExecutor.groovy:74)
	at com.kms.katalon.core.webui.keyword.WebUiBuiltInKeywords.selectOptionByValue(WebUiBuiltInKeywords.groovy:1168)
	at com.kms.katalon.core.webui.keyword.WebUiBuiltInKeywords$selectOptionByValue$6.call(Unknown Source)
	at test case 11.run(test case 11:63)
	at com.kms.katalon.core.main.ScriptEngine.run(ScriptEngine.java:194)
	at com.kms.katalon.core.main.ScriptEngine.runScriptAsRawText(ScriptEngine.java:119)
	at com.kms.katalon.core.main.TestCaseExecutor.runScript(TestCaseExecutor.java:442)
	at com.kms.katalon.core.main.TestCaseExecutor.doExecute(TestCaseExecutor.java:433)
	at com.kms.katalon.core.main.TestCaseExecutor.processExecutionPhase(TestCaseExecutor.java:412)
	at com.kms.katalon.core.main.TestCaseExecutor.accessMainPhase(TestCaseExecutor.java:404)
	at com.kms.katalon.core.main.TestCaseExecutor.execute(TestCaseExecutor.java:281)
	at com.kms.katalon.core.main.TestSuiteExecutor.accessTestCaseMainPhase(TestSuiteExecutor.java:202)
	at com.kms.katalon.core.main.TestSuiteExecutor.accessTestSuiteMainPhase(TestSuiteExecutor.java:164)
	at com.kms.katalon.core.main.TestSuiteExecutor.execute(TestSuiteExecutor.java:105)
	at com.kms.katalon.core.main.TestCaseMain.startTestSuite(TestCaseMain.java:181)
	at com.kms.katalon.core.main.TestCaseMain$startTestSuite$0.call(Unknown Source)
	at TempTestSuite1642265296699.run(TempTestSuite1642265296699.groovy:36)
Caused by: com.kms.katalon.core.exception.StepFailedException: No option matched.
	at com.kms.katalon.core.keyword.internal.KeywordMain.stepFailed(KeywordMain.groovy:50)
	at com.kms.katalon.core.keyword.internal.KeywordMain.stepFailed(KeywordMain.groovy)
	at com.kms.katalon.core.keyword.internal.KeywordMain.stepFailed(KeywordMain.groovy:23)
	at com.kms.katalon.core.webui.keyword.builtin.SelectOptionByValueKeyword$_selectOptionByValue_closure1.doCall(SelectOptionByValueKeyword.groovy:92)
	at com.kms.katalon.core.webui.keyword.builtin.SelectOptionByValueKeyword$_selectOptionByValue_closure1.call(SelectOptionByValueKeyword.groovy)
	at com.kms.katalon.core.webui.keyword.internal.WebUIKeywordMain.runKeyword(WebUIKeywordMain.groovy:20)
	... 19 more]]></system-err>
   </testsuite>
</testsuites>
