<?xml version="1.0" encoding="UTF-8"?>
<testsuites name="Run all test cases" time="5758.556" tests="50" failures="5" errors="0">
   <testsuite name="Run all test cases" tests="50" failures="5" errors="0" time="5758.556" skipped="0" timestamp="2022-01-16 06:17:30" hostname="LENOVO - host.docker.internal" id="Test Suites/Run all test cases">
      <properties>
         <property name="deviceName" value=""/>
         <property name="devicePlatform" value=""/>
         <property name="logFolder" value="D:\\Test-Automation-SE-Bonus\\Test-Automation-SE-Bonus\\Reports\\20220116_061720\\Run all test cases\\20220116_061720"/>
         <property name="logFiles" value="D:\\Test-Automation-SE-Bonus\\Test-Automation-SE-Bonus\\Reports\\20220116_061720\\Run all test cases\\20220116_061720\\execution0.log"/>
         <property name="attachments" value="D:\\Test-Automation-SE-Bonus\\Test-Automation-SE-Bonus\\Reports\\20220116_061720\\Run all test cases\\20220116_061720\\1642291538002.png, D:\\Test-Automation-SE-Bonus\\Test-Automation-SE-Bonus\\Reports\\20220116_061720\\Run all test cases\\20220116_061720\\1642291538139.png, D:\\Test-Automation-SE-Bonus\\Test-Automation-SE-Bonus\\Reports\\20220116_061720\\Run all test cases\\20220116_061720\\1642291947255.png, D:\\Test-Automation-SE-Bonus\\Test-Automation-SE-Bonus\\Reports\\20220116_061720\\Run all test cases\\20220116_061720\\1642292022345.png, D:\\Test-Automation-SE-Bonus\\Test-Automation-SE-Bonus\\Reports\\20220116_061720\\Run all test cases\\20220116_061720\\1642292288756.png, D:\\Test-Automation-SE-Bonus\\Test-Automation-SE-Bonus\\Reports\\20220116_061720\\Run all test cases\\20220116_061720\\1642292288873.png, D:\\Test-Automation-SE-Bonus\\Test-Automation-SE-Bonus\\Reports\\20220116_061720\\Run all test cases\\20220116_061720\\1642294408664.png"/>
         <property name="hostName" value="LENOVO - host.docker.internal"/>
         <property name="os" value="Windows 10 64bit"/>
         <property name="katalonVersion" value="8.2.0.208"/>
         <property name="browser" value="Chrome 97.0.4692.71"/>
         <property name="hostAddress" value="192.168.1.8"/>
         <property name="sessionId" value="2ba75f42b4a41bbb6a4c12e79267b6f8"/>
         <property name="seleniumVersion" value="3.141.59"/>
         <property name="proxyInformation" value="ProxyInformation { proxyOption=NO_PROXY, proxyServerType=HTTP, username=, password=********, proxyServerAddress=, proxyServerPort=0, executionList=&quot;&quot;, isApplyToDesiredCapabilities=true }"/>
         <property name="platform" value="Windows 10"/>
      </properties>
      <testcase name="Test Cases/test case 01" time="8.798" classname="Test Cases/test case 01" status="PASSED">
         <system-out><![CDATA[2022-01-16 06:17:30 - [TEST_CASE][PASSED] - Test Cases/test case 01: Test Cases/test case 01

2022-01-16 06:17:30 - [TEST_STEP][PASSED] - openBrowser(""): Browser is opened with url: ''

2022-01-16 06:17:31 - [MESSAGE][INFO] - Starting 'Chrome' driver

2022-01-16 06:17:31 - [MESSAGE][INFO] - Action delay is set to 0 milliseconds

2022-01-16 06:17:34 - [MESSAGE][PASSED] - Browser is opened with url: ''

2022-01-16 06:17:34 - [TEST_STEP][PASSED] - navigateToUrl("http://localhost/"): Navigate to 'http://localhost/' successfully

2022-01-16 06:17:35 - [MESSAGE][PASSED] - Navigate to 'http://localhost/' successfully

2022-01-16 06:17:35 - [TEST_STEP][PASSED] - click(findTestObject("Object Repository/Page_Moodle/a_Log in")): Object: 'Object Repository/Page_Moodle/a_Log in' is clicked on

2022-01-16 06:17:36 - [MESSAGE][PASSED] - Object: 'Object Repository/Page_Moodle/a_Log in' is clicked on

2022-01-16 06:17:36 - [TEST_STEP][PASSED] - setText(findTestObject("Object Repository/Page_Moodle Log in to the site/input_Username_username"), "admin"): Text 'admin' is set on object 'Object Repository/Page_Moodle Log in to the site/input_Username_username'

2022-01-16 06:17:37 - [MESSAGE][PASSED] - Text 'admin' is set on object 'Object Repository/Page_Moodle Log in to the site/input_Username_username'

2022-01-16 06:17:37 - [TEST_STEP][PASSED] - setEncryptedText(findTestObject("Object Repository/Page_Moodle Log in to the site/input_Password_password"), "r6H/uPCyCbQX7sAf5E1f3g=="): Text ****** has been set on object 'Object Repository/Page_Moodle Log in to the site/input_Password_password'

2022-01-16 06:17:37 - [MESSAGE][PASSED] - Text ****** has been set on object 'Object Repository/Page_Moodle Log in to the site/input_Password_password'

2022-01-16 06:17:37 - [TEST_STEP][PASSED] - click(findTestObject("Object Repository/Page_Moodle Log in to the site/button_Log in")): Object: 'Object Repository/Page_Moodle Log in to the site/button_Log in' is clicked on

2022-01-16 06:17:38 - [MESSAGE][PASSED] - Object: 'Object Repository/Page_Moodle Log in to the site/button_Log in' is clicked on

2022-01-16 06:17:38 - [TEST_STEP][PASSED] - closeBrowser(): Browser is closed

2022-01-16 06:17:39 - [MESSAGE][PASSED] - Browser is closed]]></system-out>
         <system-err><![CDATA[]]></system-err>
      </testcase>
      <testcase name="Test Cases/test case 02" time="5.341" classname="Test Cases/test case 02" status="PASSED">
         <system-out><![CDATA[2022-01-16 06:17:39 - [TEST_CASE][PASSED] - Test Cases/test case 02: Test Cases/test case 02

2022-01-16 06:17:39 - [TEST_STEP][PASSED] - openBrowser(""): Browser is opened with url: ''

2022-01-16 06:17:39 - [MESSAGE][INFO] - Starting 'Chrome' driver

2022-01-16 06:17:39 - [MESSAGE][INFO] - Action delay is set to 0 milliseconds

2022-01-16 06:17:40 - [MESSAGE][PASSED] - Browser is opened with url: ''

2022-01-16 06:17:40 - [TEST_STEP][PASSED] - navigateToUrl("http://localhost/"): Navigate to 'http://localhost/' successfully

2022-01-16 06:17:41 - [MESSAGE][PASSED] - Navigate to 'http://localhost/' successfully

2022-01-16 06:17:41 - [TEST_STEP][PASSED] - click(findTestObject("Object Repository/Page_Moodle/a_Log in")): Object: 'Object Repository/Page_Moodle/a_Log in' is clicked on

2022-01-16 06:17:42 - [MESSAGE][PASSED] - Object: 'Object Repository/Page_Moodle/a_Log in' is clicked on

2022-01-16 06:17:42 - [TEST_STEP][PASSED] - setText(findTestObject("Object Repository/Page_Moodle Log in to the site/input_Username_username"), "qmkhoi19"): Text 'qmkhoi19' is set on object 'Object Repository/Page_Moodle Log in to the site/input_Username_username'

2022-01-16 06:17:43 - [MESSAGE][PASSED] - Text 'qmkhoi19' is set on object 'Object Repository/Page_Moodle Log in to the site/input_Username_username'

2022-01-16 06:17:43 - [TEST_STEP][PASSED] - setEncryptedText(findTestObject("Object Repository/Page_Moodle Log in to the site/input_Password_password"), "eiP2h/EMT1hJlGmKEGA7sg=="): Text ****** has been set on object 'Object Repository/Page_Moodle Log in to the site/input_Password_password'

2022-01-16 06:17:43 - [MESSAGE][PASSED] - Text ****** has been set on object 'Object Repository/Page_Moodle Log in to the site/input_Password_password'

2022-01-16 06:17:43 - [TEST_STEP][PASSED] - click(findTestObject("Object Repository/Page_Moodle Log in to the site/button_Log in")): Object: 'Object Repository/Page_Moodle Log in to the site/button_Log in' is clicked on

2022-01-16 06:17:44 - [MESSAGE][PASSED] - Object: 'Object Repository/Page_Moodle Log in to the site/button_Log in' is clicked on

2022-01-16 06:17:44 - [TEST_STEP][PASSED] - closeBrowser(): Browser is closed

2022-01-16 06:17:44 - [MESSAGE][PASSED] - Browser is closed]]></system-out>
         <system-err><![CDATA[]]></system-err>
      </testcase>
      <testcase name="Test Cases/test case 03" time="5.931" classname="Test Cases/test case 03" status="PASSED">
         <system-out><![CDATA[2022-01-16 06:17:44 - [TEST_CASE][PASSED] - Test Cases/test case 03: Test Cases/test case 03

2022-01-16 06:17:44 - [TEST_STEP][PASSED] - openBrowser(""): Browser is opened with url: ''

2022-01-16 06:17:44 - [MESSAGE][INFO] - Starting 'Chrome' driver

2022-01-16 06:17:44 - [MESSAGE][INFO] - Action delay is set to 0 milliseconds

2022-01-16 06:17:46 - [MESSAGE][PASSED] - Browser is opened with url: ''

2022-01-16 06:17:46 - [TEST_STEP][PASSED] - navigateToUrl("http://localhost/"): Navigate to 'http://localhost/' successfully

2022-01-16 06:17:47 - [MESSAGE][PASSED] - Navigate to 'http://localhost/' successfully

2022-01-16 06:17:47 - [TEST_STEP][PASSED] - click(findTestObject("Object Repository/Page_Moodle/a_Log in")): Object: 'Object Repository/Page_Moodle/a_Log in' is clicked on

2022-01-16 06:17:48 - [MESSAGE][PASSED] - Object: 'Object Repository/Page_Moodle/a_Log in' is clicked on

2022-01-16 06:17:48 - [TEST_STEP][PASSED] - setText(findTestObject("Object Repository/Page_Moodle Log in to the site/input_Username_username"), "tmtriet"): Text 'tmtriet' is set on object 'Object Repository/Page_Moodle Log in to the site/input_Username_username'

2022-01-16 06:17:48 - [MESSAGE][PASSED] - Text 'tmtriet' is set on object 'Object Repository/Page_Moodle Log in to the site/input_Username_username'

2022-01-16 06:17:48 - [TEST_STEP][PASSED] - setEncryptedText(findTestObject("Object Repository/Page_Moodle Log in to the site/input_Password_password"), "7zaGmpS+cDNyF13apsNnmA=="): Text ****** has been set on object 'Object Repository/Page_Moodle Log in to the site/input_Password_password'

2022-01-16 06:17:49 - [MESSAGE][PASSED] - Text ****** has been set on object 'Object Repository/Page_Moodle Log in to the site/input_Password_password'

2022-01-16 06:17:49 - [TEST_STEP][PASSED] - click(findTestObject("Object Repository/Page_Moodle Log in to the site/button_Log in")): Object: 'Object Repository/Page_Moodle Log in to the site/button_Log in' is clicked on

2022-01-16 06:17:49 - [MESSAGE][PASSED] - Object: 'Object Repository/Page_Moodle Log in to the site/button_Log in' is clicked on

2022-01-16 06:17:49 - [TEST_STEP][PASSED] - closeBrowser(): Browser is closed

2022-01-16 06:17:50 - [MESSAGE][PASSED] - Browser is closed]]></system-out>
         <system-err><![CDATA[]]></system-err>
      </testcase>
      <testcase name="Test Cases/test case 04" time="4.592" classname="Test Cases/test case 04" status="PASSED">
         <system-out><![CDATA[2022-01-16 06:17:50 - [TEST_CASE][PASSED] - Test Cases/test case 04: Test Cases/test case 04

2022-01-16 06:17:50 - [TEST_STEP][PASSED] - openBrowser(""): Browser is opened with url: ''

2022-01-16 06:17:50 - [MESSAGE][INFO] - Starting 'Chrome' driver

2022-01-16 06:17:50 - [MESSAGE][INFO] - Action delay is set to 0 milliseconds

2022-01-16 06:17:52 - [MESSAGE][PASSED] - Browser is opened with url: ''

2022-01-16 06:17:52 - [TEST_STEP][PASSED] - navigateToUrl("http://localhost/"): Navigate to 'http://localhost/' successfully

2022-01-16 06:17:53 - [MESSAGE][PASSED] - Navigate to 'http://localhost/' successfully

2022-01-16 06:17:53 - [TEST_STEP][PASSED] - click(findTestObject("Object Repository/Page_Moodle/a_Log in")): Object: 'Object Repository/Page_Moodle/a_Log in' is clicked on

2022-01-16 06:17:53 - [MESSAGE][PASSED] - Object: 'Object Repository/Page_Moodle/a_Log in' is clicked on

2022-01-16 06:17:53 - [TEST_STEP][PASSED] - click(findTestObject("Object Repository/Page_Moodle Log in to the site/button_Log in")): Object: 'Object Repository/Page_Moodle Log in to the site/button_Log in' is clicked on

2022-01-16 06:17:54 - [MESSAGE][PASSED] - Object: 'Object Repository/Page_Moodle Log in to the site/button_Log in' is clicked on

2022-01-16 06:17:54 - [TEST_STEP][PASSED] - closeBrowser(): Browser is closed

2022-01-16 06:17:55 - [MESSAGE][PASSED] - Browser is closed]]></system-out>
         <system-err><![CDATA[]]></system-err>
      </testcase>
      <testcase name="Test Cases/test case 05" time="4.974" classname="Test Cases/test case 05" status="PASSED">
         <system-out><![CDATA[2022-01-16 06:17:55 - [TEST_CASE][PASSED] - Test Cases/test case 05: Test Cases/test case 05

2022-01-16 06:17:55 - [TEST_STEP][PASSED] - openBrowser(""): Browser is opened with url: ''

2022-01-16 06:17:55 - [MESSAGE][INFO] - Starting 'Chrome' driver

2022-01-16 06:17:55 - [MESSAGE][INFO] - Action delay is set to 0 milliseconds

2022-01-16 06:17:56 - [MESSAGE][PASSED] - Browser is opened with url: ''

2022-01-16 06:17:56 - [TEST_STEP][PASSED] - navigateToUrl("http://localhost/"): Navigate to 'http://localhost/' successfully

2022-01-16 06:17:57 - [MESSAGE][PASSED] - Navigate to 'http://localhost/' successfully

2022-01-16 06:17:57 - [TEST_STEP][PASSED] - click(findTestObject("Object Repository/Page_Moodle/a_Log in")): Object: 'Object Repository/Page_Moodle/a_Log in' is clicked on

2022-01-16 06:17:58 - [MESSAGE][PASSED] - Object: 'Object Repository/Page_Moodle/a_Log in' is clicked on

2022-01-16 06:17:58 - [TEST_STEP][PASSED] - click(findTestObject("Object Repository/Page_Moodle Log in to the site/button_Log in as a guest")): Object: 'Object Repository/Page_Moodle Log in to the site/button_Log in as a guest' is clicked on

2022-01-16 06:17:59 - [MESSAGE][PASSED] - Object: 'Object Repository/Page_Moodle Log in to the site/button_Log in as a guest' is clicked on

2022-01-16 06:17:59 - [TEST_STEP][PASSED] - closeBrowser(): Browser is closed

2022-01-16 06:18:00 - [MESSAGE][PASSED] - Browser is closed]]></system-out>
         <system-err><![CDATA[]]></system-err>
      </testcase>
      <testcase name="Test Cases/test case 06" time="353.302" classname="Test Cases/test case 06" status="PASSED">
         <system-out><![CDATA[2022-01-16 06:18:00 - [TEST_CASE][PASSED] - Test Cases/test case 06: Test Cases/test case 06

2022-01-16 06:18:00 - [TEST_STEP][PASSED] - openBrowser(""): Browser is opened with url: ''

2022-01-16 06:18:00 - [MESSAGE][INFO] - Starting 'Chrome' driver

2022-01-16 06:18:00 - [MESSAGE][INFO] - Action delay is set to 0 milliseconds

2022-01-16 06:18:01 - [MESSAGE][PASSED] - Browser is opened with url: ''

2022-01-16 06:18:01 - [TEST_STEP][PASSED] - navigateToUrl("http://localhost/"): Navigate to 'http://localhost/' successfully

2022-01-16 06:18:02 - [MESSAGE][PASSED] - Navigate to 'http://localhost/' successfully

2022-01-16 06:18:02 - [TEST_STEP][PASSED] - click(findTestObject("Object Repository/Page_Moodle/a_Log in")): Object: 'Object Repository/Page_Moodle/a_Log in' is clicked on

2022-01-16 06:18:03 - [MESSAGE][PASSED] - Object: 'Object Repository/Page_Moodle/a_Log in' is clicked on

2022-01-16 06:18:03 - [TEST_STEP][PASSED] - setText(findTestObject("Object Repository/Page_Moodle Log in to the site/input_Username_username"), "admin"): Text 'admin' is set on object 'Object Repository/Page_Moodle Log in to the site/input_Username_username'

2022-01-16 06:18:04 - [MESSAGE][PASSED] - Text 'admin' is set on object 'Object Repository/Page_Moodle Log in to the site/input_Username_username'

2022-01-16 06:18:04 - [TEST_STEP][PASSED] - setEncryptedText(findTestObject("Object Repository/Page_Moodle Log in to the site/input_Password_password"), "r6H/uPCyCbQX7sAf5E1f3g=="): Text ****** has been set on object 'Object Repository/Page_Moodle Log in to the site/input_Password_password'

2022-01-16 06:18:05 - [MESSAGE][PASSED] - Text ****** has been set on object 'Object Repository/Page_Moodle Log in to the site/input_Password_password'

2022-01-16 06:18:05 - [TEST_STEP][PASSED] - click(findTestObject("Object Repository/Page_Moodle Log in to the site/button_Log in")): Object: 'Object Repository/Page_Moodle Log in to the site/button_Log in' is clicked on

2022-01-16 06:18:06 - [MESSAGE][PASSED] - Object: 'Object Repository/Page_Moodle Log in to the site/button_Log in' is clicked on

2022-01-16 06:18:06 - [TEST_STEP][PASSED] - click(findTestObject("Object Repository/Page_Dashboard/span_Site administration")): Object: 'Object Repository/Page_Dashboard/span_Site administration' is clicked on

2022-01-16 06:18:08 - [MESSAGE][PASSED] - Object: 'Object Repository/Page_Dashboard/span_Site administration' is clicked on

2022-01-16 06:18:08 - [TEST_STEP][PASSED] - click(findTestObject("Object Repository/Page_Mood Administration Search/a_Users")): Object: 'Object Repository/Page_Mood Administration Search/a_Users' is clicked on

2022-01-16 06:18:08 - [MESSAGE][PASSED] - Object: 'Object Repository/Page_Mood Administration Search/a_Users' is clicked on

2022-01-16 06:18:08 - [TEST_STEP][PASSED] - click(findTestObject("Object Repository/Page_Mood Administration Search/a_Add a new user")): Object: 'Object Repository/Page_Mood Administration Search/a_Add a new user' is clicked on

2022-01-16 06:18:09 - [MESSAGE][PASSED] - Object: 'Object Repository/Page_Mood Administration Search/a_Add a new user' is clicked on

2022-01-16 06:18:09 - [TEST_STEP][PASSED] - waitForElementVisible(findTestObject("Object Repository/Page_Mood Administration Users Accounts Add_0e8dec/label_Username"), 0): Object 'Object Repository/Page_Mood Administration Users Accounts Add_0e8dec/label_Username' is visible

2022-01-16 06:18:10 - [MESSAGE][WARNING] - Timeout '0' is invalid. Using default page load timeout: '30'

2022-01-16 06:18:10 - [MESSAGE][PASSED] - Object 'Object Repository/Page_Mood Administration Users Accounts Add_0e8dec/label_Username' is visible

2022-01-16 06:18:10 - [TEST_STEP][PASSED] - setText(findTestObject("Object Repository/Page_Mood Administration Users Accounts Add_0e8dec/input_Username_username"), "dddinh"): Text 'dddinh' is set on object 'Object Repository/Page_Mood Administration Users Accounts Add_0e8dec/input_Username_username'

2022-01-16 06:18:11 - [MESSAGE][PASSED] - Text 'dddinh' is set on object 'Object Repository/Page_Mood Administration Users Accounts Add_0e8dec/input_Username_username'

2022-01-16 06:18:11 - [TEST_STEP][PASSED] - waitForElementVisible(findTestObject("Object Repository/Page_Mood Administration Users Accounts Add_0e8dec/label_New password"), 0): Object 'Object Repository/Page_Mood Administration Users Accounts Add_0e8dec/label_New password' is visible

2022-01-16 06:18:11 - [MESSAGE][WARNING] - Timeout '0' is invalid. Using default page load timeout: '30'

2022-01-16 06:18:11 - [MESSAGE][PASSED] - Object 'Object Repository/Page_Mood Administration Users Accounts Add_0e8dec/label_New password' is visible

2022-01-16 06:18:11 - [TEST_STEP][PASSED] - click(findTestObject("Object Repository/Page_Mood Administration Users Accounts Add_0e8dec/em_Click to enter text")): Object: 'Object Repository/Page_Mood Administration Users Accounts Add_0e8dec/em_Click to enter text' is clicked on

2022-01-16 06:18:43 - [MESSAGE][INFO] - Unable to find the element located by 'By.xpath: //a[@id='yui_3_17_2_1_1642242441890_767']/span/span/em'. Please recheck the objects properties to make sure the desired element is located. 

2022-01-16 06:18:43 - [MESSAGE][WARNING] - [SELF-HEALING] Failed to find element with id 'Object Repository/Page_Mood Administration Users Accounts Add_0e8dec/em_Click to enter text'. Try using Self-healing.

2022-01-16 06:18:43 - [MESSAGE][WARNING] - [SELF-HEALING] The current locator of test object 'Object Repository/Page_Mood Administration Users Accounts Add_0e8dec/em_Click to enter text' was broken. Propose an alternative one: '(.//*[normalize-space(text()) and normalize-space(.)='New password'])[1]/following::em[1]'.

2022-01-16 06:18:43 - [MESSAGE][PASSED] - Object: 'Object Repository/Page_Mood Administration Users Accounts Add_0e8dec/em_Click to enter text' is clicked on

2022-01-16 06:18:43 - [TEST_STEP][PASSED] - setEncryptedText(findTestObject("Object Repository/Page_Mood Administration Users Accounts Add_0e8dec/input_New password_newpassword"), "o9w1gihRZMDFxbRmKPFkOQ=="): Text ****** has been set on object 'Object Repository/Page_Mood Administration Users Accounts Add_0e8dec/input_New password_newpassword'

2022-01-16 06:18:44 - [MESSAGE][PASSED] - Text ****** has been set on object 'Object Repository/Page_Mood Administration Users Accounts Add_0e8dec/input_New password_newpassword'

2022-01-16 06:18:44 - [TEST_STEP][PASSED] - setText(findTestObject("Object Repository/Page_Mood Administration Users Accounts Add_0e8dec/input_First name_firstname"), "Dinh Dang"): Text 'Dinh Dang' is set on object 'Object Repository/Page_Mood Administration Users Accounts Add_0e8dec/input_First name_firstname'

2022-01-16 06:18:44 - [MESSAGE][PASSED] - Text 'Dinh Dang' is set on object 'Object Repository/Page_Mood Administration Users Accounts Add_0e8dec/input_First name_firstname'

2022-01-16 06:18:44 - [TEST_STEP][PASSED] - setText(findTestObject("Object Repository/Page_Mood Administration Users Accounts Add_0e8dec/input_Surname_lastname"), "Dinh"): Text 'Dinh' is set on object 'Object Repository/Page_Mood Administration Users Accounts Add_0e8dec/input_Surname_lastname'

2022-01-16 06:18:45 - [MESSAGE][PASSED] - Text 'Dinh' is set on object 'Object Repository/Page_Mood Administration Users Accounts Add_0e8dec/input_Surname_lastname'

2022-01-16 06:18:45 - [TEST_STEP][PASSED] - setText(findTestObject("Object Repository/Page_Mood Administration Users Accounts Add_0e8dec/input_Email address_email"), "dddinh19@gmail.com"): Text 'dddinh19@gmail.com' is set on object 'Object Repository/Page_Mood Administration Users Accounts Add_0e8dec/input_Email address_email'

2022-01-16 06:18:46 - [MESSAGE][PASSED] - Text 'dddinh19@gmail.com' is set on object 'Object Repository/Page_Mood Administration Users Accounts Add_0e8dec/input_Email address_email'

2022-01-16 06:18:46 - [TEST_STEP][PASSED] - waitForElementVisible(findTestObject("Object Repository/Page_Mood Administration Users Accounts Add_0e8dec/input_Address_submitbutton"), 0): Object 'Object Repository/Page_Mood Administration Users Accounts Add_0e8dec/input_Address_submitbutton' is visible

2022-01-16 06:18:46 - [MESSAGE][WARNING] - Timeout '0' is invalid. Using default page load timeout: '30'

2022-01-16 06:18:47 - [MESSAGE][PASSED] - Object 'Object Repository/Page_Mood Administration Users Accounts Add_0e8dec/input_Address_submitbutton' is visible

2022-01-16 06:18:47 - [TEST_STEP][PASSED] - click(findTestObject("Object Repository/Page_Mood Administration Users Accounts Add_0e8dec/input_Address_submitbutton")): Object: 'Object Repository/Page_Mood Administration Users Accounts Add_0e8dec/input_Address_submitbutton' is clicked on

2022-01-16 06:18:48 - [MESSAGE][PASSED] - Object: 'Object Repository/Page_Mood Administration Users Accounts Add_0e8dec/input_Address_submitbutton' is clicked on

2022-01-16 06:18:48 - [TEST_STEP][PASSED] - waitForElementVisible(findTestObject("Object Repository/Page_Mood Administration Users Accounts Bro_af2de9/td_dddinh19gmail.com"), 0): Object 'Object Repository/Page_Mood Administration Users Accounts Bro_af2de9/td_dddinh19gmail.com' is visible

2022-01-16 06:18:48 - [MESSAGE][WARNING] - Timeout '0' is invalid. Using default page load timeout: '30'

2022-01-16 06:18:49 - [MESSAGE][PASSED] - Object 'Object Repository/Page_Mood Administration Users Accounts Bro_af2de9/td_dddinh19gmail.com' is visible

2022-01-16 06:18:49 - [TEST_STEP][PASSED] - click(findTestObject("Object Repository/Page_Mood Administration Users Accounts Bro_af2de9/a_Dinh Dang Dinh")): Object: 'Object Repository/Page_Mood Administration Users Accounts Bro_af2de9/a_Dinh Dang Dinh' is clicked on

2022-01-16 06:19:20 - [MESSAGE][INFO] - Unable to find the element located by 'By.xpath: //a[@id='yui_3_17_2_1_1642174179288_555']'. Please recheck the objects properties to make sure the desired element is located. 

2022-01-16 06:19:20 - [MESSAGE][WARNING] - [SELF-HEALING] Failed to find element with id 'Object Repository/Page_Mood Administration Users Accounts Bro_af2de9/a_Dinh Dang Dinh'. Try using Self-healing.

2022-01-16 06:19:20 - [MESSAGE][WARNING] - [SELF-HEALING] The current locator of test object 'Object Repository/Page_Mood Administration Users Accounts Bro_af2de9/a_Dinh Dang Dinh' was broken. Propose an alternative one: '//a[contains(text(),'Dinh Dang Dinh')]'.

2022-01-16 06:19:21 - [MESSAGE][PASSED] - Object: 'Object Repository/Page_Mood Administration Users Accounts Bro_af2de9/a_Dinh Dang Dinh' is clicked on

2022-01-16 06:19:21 - [TEST_STEP][PASSED] - click(findTestObject("Object Repository/Page_Dinh Dang Dinh Public profile/a_Users")): Object: 'Object Repository/Page_Dinh Dang Dinh Public profile/a_Users' is clicked on

2022-01-16 06:19:22 - [MESSAGE][PASSED] - Object: 'Object Repository/Page_Dinh Dang Dinh Public profile/a_Users' is clicked on

2022-01-16 06:19:22 - [TEST_STEP][PASSED] - waitForElementVisible(findTestObject("Object Repository/Page_Mood Participants/td_No groups"), 0): Object 'Object Repository/Page_Mood Participants/td_No groups' is visible

2022-01-16 06:19:22 - [MESSAGE][WARNING] - Timeout '0' is invalid. Using default page load timeout: '30'

2022-01-16 06:19:22 - [MESSAGE][PASSED] - Object 'Object Repository/Page_Mood Participants/td_No groups' is visible

2022-01-16 06:19:22 - [TEST_STEP][PASSED] - click(findTestObject("Object Repository/Page_Mood Participants/a_No roles")): Object: 'Object Repository/Page_Mood Participants/a_No roles' is clicked on

2022-01-16 06:19:23 - [MESSAGE][PASSED] - Object: 'Object Repository/Page_Mood Participants/a_No roles' is clicked on

2022-01-16 06:19:23 - [TEST_STEP][PASSED] - click(findTestObject("Object Repository/Page_Mood Participants/span_")): Object: 'Object Repository/Page_Mood Participants/span_' is clicked on

2022-01-16 06:19:54 - [MESSAGE][INFO] - Unable to find the element located by 'By.xpath: //span[@id='form_autocomplete_downarrow-1642174222631']'. Please recheck the objects properties to make sure the desired element is located. 

2022-01-16 06:19:54 - [MESSAGE][WARNING] - [SELF-HEALING] Failed to find element with id 'Object Repository/Page_Mood Participants/span_'. Try using Self-healing.

2022-01-16 06:19:54 - [MESSAGE][WARNING] - [SELF-HEALING] The current locator of test object 'Object Repository/Page_Mood Participants/span_' was broken. Propose an alternative one: '(.//*[normalize-space(text()) and normalize-space(.)='Selected items:'])[1]/following::span[2]'.

2022-01-16 06:19:54 - [MESSAGE][PASSED] - Object: 'Object Repository/Page_Mood Participants/span_' is clicked on

2022-01-16 06:19:54 - [TEST_STEP][PASSED] - click(findTestObject("Object Repository/Page_Mood Participants/li_Student")): Object: 'Object Repository/Page_Mood Participants/li_Student' is clicked on

2022-01-16 06:19:55 - [MESSAGE][PASSED] - Object: 'Object Repository/Page_Mood Participants/li_Student' is clicked on

2022-01-16 06:19:55 - [TEST_STEP][PASSED] - selectOptionByValue(findTestObject("Object Repository/Page_Mood Participants/select_ManagerTeacherNon-editing teacherStudent"), "5", true): All options with value '5' are selected in object 'Object Repository/Page_Mood Participants/select_ManagerTeacherNon-editing teacherStudent'  using regular expression

2022-01-16 06:20:26 - [MESSAGE][INFO] - Unable to find the element located by 'By.xpath: //select[@id='id_inplacevalue_74133699509967380152']'. Please recheck the objects properties to make sure the desired element is located. 

2022-01-16 06:20:26 - [MESSAGE][WARNING] - [SELF-HEALING] Failed to find element with id 'Object Repository/Page_Mood Participants/select_ManagerTeacherNon-editing teacherStudent'. Try using Self-healing.

2022-01-16 06:20:26 - [MESSAGE][WARNING] - [SELF-HEALING] The current locator of test object 'Object Repository/Page_Mood Participants/select_ManagerTeacherNon-editing teacherStudent' was broken. Propose an alternative one: '(.//*[normalize-space(text()) and normalize-space(.)=concat('Dinh Dang Dinh', "'", 's role assignments')])[1]/following::select[1]'.

2022-01-16 06:20:27 - [MESSAGE][PASSED] - All options with value '5' are selected in object 'Object Repository/Page_Mood Participants/select_ManagerTeacherNon-editing teacherStudent'  using regular expression

2022-01-16 06:20:27 - [TEST_STEP][PASSED] - selectOptionByValue(findTestObject("Object Repository/Page_Mood Participants/select_ManagerTeacherNon-editing teacherStudent"), "5", true): All options with value '5' are selected in object 'Object Repository/Page_Mood Participants/select_ManagerTeacherNon-editing teacherStudent'  using regular expression

2022-01-16 06:20:58 - [MESSAGE][INFO] - Unable to find the element located by 'By.xpath: //select[@id='id_inplacevalue_74133699509967380152']'. Please recheck the objects properties to make sure the desired element is located. 

2022-01-16 06:20:58 - [MESSAGE][WARNING] - [SELF-HEALING] Failed to find element with id 'Object Repository/Page_Mood Participants/select_ManagerTeacherNon-editing teacherStudent'. Try using Self-healing.

2022-01-16 06:20:58 - [MESSAGE][WARNING] - [SELF-HEALING] The current locator of test object 'Object Repository/Page_Mood Participants/select_ManagerTeacherNon-editing teacherStudent' was broken. Propose an alternative one: '(.//*[normalize-space(text()) and normalize-space(.)=concat('Dinh Dang Dinh', "'", 's role assignments')])[1]/following::select[1]'.

2022-01-16 06:20:59 - [MESSAGE][PASSED] - All options with value '5' are selected in object 'Object Repository/Page_Mood Participants/select_ManagerTeacherNon-editing teacherStudent'  using regular expression

2022-01-16 06:20:59 - [TEST_STEP][PASSED] - selectOptionByValue(findTestObject("Object Repository/Page_Mood Participants/select_ManagerTeacherNon-editing teacherStudent"), "5", true): All options with value '5' are selected in object 'Object Repository/Page_Mood Participants/select_ManagerTeacherNon-editing teacherStudent'  using regular expression

2022-01-16 06:21:30 - [MESSAGE][INFO] - Unable to find the element located by 'By.xpath: //select[@id='id_inplacevalue_74133699509967380152']'. Please recheck the objects properties to make sure the desired element is located. 

2022-01-16 06:21:30 - [MESSAGE][WARNING] - [SELF-HEALING] Failed to find element with id 'Object Repository/Page_Mood Participants/select_ManagerTeacherNon-editing teacherStudent'. Try using Self-healing.

2022-01-16 06:21:30 - [MESSAGE][WARNING] - [SELF-HEALING] The current locator of test object 'Object Repository/Page_Mood Participants/select_ManagerTeacherNon-editing teacherStudent' was broken. Propose an alternative one: '(.//*[normalize-space(text()) and normalize-space(.)=concat('Dinh Dang Dinh', "'", 's role assignments')])[1]/following::select[1]'.

2022-01-16 06:21:31 - [MESSAGE][PASSED] - All options with value '5' are selected in object 'Object Repository/Page_Mood Participants/select_ManagerTeacherNon-editing teacherStudent'  using regular expression

2022-01-16 06:21:31 - [TEST_STEP][PASSED] - selectOptionByValue(findTestObject("Object Repository/Page_Mood Participants/select_ManagerTeacherNon-editing teacherStudent"), "5", true): All options with value '5' are selected in object 'Object Repository/Page_Mood Participants/select_ManagerTeacherNon-editing teacherStudent'  using regular expression

2022-01-16 06:22:02 - [MESSAGE][INFO] - Unable to find the element located by 'By.xpath: //select[@id='id_inplacevalue_74133699509967380152']'. Please recheck the objects properties to make sure the desired element is located. 

2022-01-16 06:22:02 - [MESSAGE][WARNING] - [SELF-HEALING] Failed to find element with id 'Object Repository/Page_Mood Participants/select_ManagerTeacherNon-editing teacherStudent'. Try using Self-healing.

2022-01-16 06:22:02 - [MESSAGE][WARNING] - [SELF-HEALING] The current locator of test object 'Object Repository/Page_Mood Participants/select_ManagerTeacherNon-editing teacherStudent' was broken. Propose an alternative one: '(.//*[normalize-space(text()) and normalize-space(.)=concat('Dinh Dang Dinh', "'", 's role assignments')])[1]/following::select[1]'.

2022-01-16 06:22:03 - [MESSAGE][PASSED] - All options with value '5' are selected in object 'Object Repository/Page_Mood Participants/select_ManagerTeacherNon-editing teacherStudent'  using regular expression

2022-01-16 06:22:03 - [TEST_STEP][PASSED] - click(findTestObject("Object Repository/Page_Mood Participants/i_concat(Dinh Dang Dinh, , s role assignmen_ff9324")): Object: 'Object Repository/Page_Mood Participants/i_concat(Dinh Dang Dinh, , s role assignmen_ff9324' is clicked on

2022-01-16 06:22:34 - [MESSAGE][INFO] - Unable to find the element located by 'By.xpath: //span[@id='yui_3_17_2_1_1642174222490_21']/a/i'. Please recheck the objects properties to make sure the desired element is located. 

2022-01-16 06:22:34 - [MESSAGE][WARNING] - [SELF-HEALING] Failed to find element with id 'Object Repository/Page_Mood Participants/i_concat(Dinh Dang Dinh, , s role assignmen_ff9324'. Try using Self-healing.

2022-01-16 06:22:34 - [MESSAGE][WARNING] - [SELF-HEALING] The current locator of test object 'Object Repository/Page_Mood Participants/i_concat(Dinh Dang Dinh, , s role assignmen_ff9324' was broken. Propose an alternative one: '//span/a/i'.

2022-01-16 06:22:34 - [MESSAGE][PASSED] - Object: 'Object Repository/Page_Mood Participants/i_concat(Dinh Dang Dinh, , s role assignmen_ff9324' is clicked on

2022-01-16 06:22:34 - [TEST_STEP][PASSED] - click(findTestObject("Object Repository/Page_Mood Participants/a_Admin User")): Object: 'Object Repository/Page_Mood Participants/a_Admin User' is clicked on

2022-01-16 06:22:35 - [MESSAGE][PASSED] - Object: 'Object Repository/Page_Mood Participants/a_Admin User' is clicked on

2022-01-16 06:22:35 - [TEST_STEP][PASSED] - click(findTestObject("Object Repository/Page_Mood Participants/span_Log out")): Object: 'Object Repository/Page_Mood Participants/span_Log out' is clicked on

2022-01-16 06:22:36 - [MESSAGE][PASSED] - Object: 'Object Repository/Page_Mood Participants/span_Log out' is clicked on

2022-01-16 06:22:36 - [TEST_STEP][PASSED] - click(findTestObject("Object Repository/Page_Moodle/a_Log in")): Object: 'Object Repository/Page_Moodle/a_Log in' is clicked on

2022-01-16 06:22:37 - [MESSAGE][PASSED] - Object: 'Object Repository/Page_Moodle/a_Log in' is clicked on

2022-01-16 06:22:37 - [TEST_STEP][PASSED] - setText(findTestObject("Object Repository/Page_Moodle Log in to the site/input_Username_username"), "dddinh"): Text 'dddinh' is set on object 'Object Repository/Page_Moodle Log in to the site/input_Username_username'

2022-01-16 06:22:37 - [MESSAGE][PASSED] - Text 'dddinh' is set on object 'Object Repository/Page_Moodle Log in to the site/input_Username_username'

2022-01-16 06:22:37 - [TEST_STEP][PASSED] - setEncryptedText(findTestObject("Object Repository/Page_Moodle Log in to the site/input_Password_password"), "o9w1gihRZMDFxbRmKPFkOQ=="): Text ****** has been set on object 'Object Repository/Page_Moodle Log in to the site/input_Password_password'

2022-01-16 06:22:38 - [MESSAGE][PASSED] - Text ****** has been set on object 'Object Repository/Page_Moodle Log in to the site/input_Password_password'

2022-01-16 06:22:38 - [TEST_STEP][PASSED] - click(findTestObject("Object Repository/Page_Moodle Log in to the site/button_Log in")): Object: 'Object Repository/Page_Moodle Log in to the site/button_Log in' is clicked on

2022-01-16 06:22:39 - [MESSAGE][PASSED] - Object: 'Object Repository/Page_Moodle Log in to the site/button_Log in' is clicked on

2022-01-16 06:22:39 - [TEST_STEP][PASSED] - click(findTestObject("Object Repository/Page_Dashboard/a_Dinh Dang Dinh")): Object: 'Object Repository/Page_Dashboard/a_Dinh Dang Dinh' is clicked on

2022-01-16 06:22:40 - [MESSAGE][PASSED] - Object: 'Object Repository/Page_Dashboard/a_Dinh Dang Dinh' is clicked on

2022-01-16 06:22:40 - [TEST_STEP][PASSED] - click(findTestObject("Object Repository/Page_Dashboard/span_Log out")): Object: 'Object Repository/Page_Dashboard/span_Log out' is clicked on

2022-01-16 06:22:41 - [MESSAGE][PASSED] - Object: 'Object Repository/Page_Dashboard/span_Log out' is clicked on

2022-01-16 06:22:41 - [TEST_STEP][PASSED] - click(findTestObject("Object Repository/Page_Moodle/a_Log in")): Object: 'Object Repository/Page_Moodle/a_Log in' is clicked on

2022-01-16 06:22:42 - [MESSAGE][PASSED] - Object: 'Object Repository/Page_Moodle/a_Log in' is clicked on

2022-01-16 06:22:42 - [TEST_STEP][PASSED] - setText(findTestObject("Object Repository/Page_Moodle Log in to the site/input_Username_username"), "admin"): Text 'admin' is set on object 'Object Repository/Page_Moodle Log in to the site/input_Username_username'

2022-01-16 06:22:42 - [MESSAGE][PASSED] - Text 'admin' is set on object 'Object Repository/Page_Moodle Log in to the site/input_Username_username'

2022-01-16 06:22:42 - [TEST_STEP][PASSED] - setEncryptedText(findTestObject("Object Repository/Page_Moodle Log in to the site/input_Password_password"), "r6H/uPCyCbQX7sAf5E1f3g=="): Text ****** has been set on object 'Object Repository/Page_Moodle Log in to the site/input_Password_password'

2022-01-16 06:22:43 - [MESSAGE][PASSED] - Text ****** has been set on object 'Object Repository/Page_Moodle Log in to the site/input_Password_password'

2022-01-16 06:22:43 - [TEST_STEP][PASSED] - click(findTestObject("Object Repository/Page_Moodle Log in to the site/button_Log in")): Object: 'Object Repository/Page_Moodle Log in to the site/button_Log in' is clicked on

2022-01-16 06:22:44 - [MESSAGE][PASSED] - Object: 'Object Repository/Page_Moodle Log in to the site/button_Log in' is clicked on

2022-01-16 06:22:44 - [TEST_STEP][PASSED] - click(findTestObject("Object Repository/Page_Dashboard/span_Site administration")): Object: 'Object Repository/Page_Dashboard/span_Site administration' is clicked on

2022-01-16 06:22:46 - [MESSAGE][PASSED] - Object: 'Object Repository/Page_Dashboard/span_Site administration' is clicked on

2022-01-16 06:22:46 - [TEST_STEP][PASSED] - click(findTestObject("Object Repository/Page_Mood Administration Search/a_Users")): Object: 'Object Repository/Page_Mood Administration Search/a_Users' is clicked on

2022-01-16 06:22:46 - [MESSAGE][PASSED] - Object: 'Object Repository/Page_Mood Administration Search/a_Users' is clicked on

2022-01-16 06:22:46 - [TEST_STEP][PASSED] - click(findTestObject("Object Repository/Page_Mood Administration Search/a_Browse list of users")): Object: 'Object Repository/Page_Mood Administration Search/a_Browse list of users' is clicked on

2022-01-16 06:22:47 - [MESSAGE][PASSED] - Object: 'Object Repository/Page_Mood Administration Search/a_Browse list of users' is clicked on

2022-01-16 06:22:47 - [TEST_STEP][PASSED] - waitForElementVisible(findTestObject("Object Repository/Page_Mood Administration Users Accounts Bro_af2de9/td_dddinh19gmail.com"), 0): Object 'Object Repository/Page_Mood Administration Users Accounts Bro_af2de9/td_dddinh19gmail.com' is visible

2022-01-16 06:22:47 - [MESSAGE][WARNING] - Timeout '0' is invalid. Using default page load timeout: '30'

2022-01-16 06:22:48 - [MESSAGE][PASSED] - Object 'Object Repository/Page_Mood Administration Users Accounts Bro_af2de9/td_dddinh19gmail.com' is visible

2022-01-16 06:22:48 - [TEST_STEP][PASSED] - click(findTestObject("Object Repository/Page_Mood Administration Users Accounts Bro_af2de9/i_dddinh19gmail.com_icon fa fa-trash fa-fw")): Object: 'Object Repository/Page_Mood Administration Users Accounts Bro_af2de9/i_dddinh19gmail.com_icon fa fa-trash fa-fw' is clicked on

2022-01-16 06:23:19 - [MESSAGE][INFO] - Unable to find the element located by 'By.xpath: //a[@id='yui_3_17_2_1_1642174322054_556']/i'. Please recheck the objects properties to make sure the desired element is located. 

2022-01-16 06:23:19 - [MESSAGE][WARNING] - [SELF-HEALING] Failed to find element with id 'Object Repository/Page_Mood Administration Users Accounts Bro_af2de9/i_dddinh19gmail.com_icon fa fa-trash fa-fw'. Try using Self-healing.

2022-01-16 06:23:19 - [MESSAGE][WARNING] - [SELF-HEALING] The current locator of test object 'Object Repository/Page_Mood Administration Users Accounts Bro_af2de9/i_dddinh19gmail.com_icon fa fa-trash fa-fw' was broken. Propose an alternative one: '//tr[2]/td[6]/a/i'.

2022-01-16 06:23:20 - [MESSAGE][PASSED] - Object: 'Object Repository/Page_Mood Administration Users Accounts Bro_af2de9/i_dddinh19gmail.com_icon fa fa-trash fa-fw' is clicked on

2022-01-16 06:23:20 - [TEST_STEP][PASSED] - click(findTestObject("Object Repository/Page_Mood Administration Users Accounts Bro_af2de9/button_Delete")): Object: 'Object Repository/Page_Mood Administration Users Accounts Bro_af2de9/button_Delete' is clicked on

2022-01-16 06:23:51 - [MESSAGE][INFO] - Unable to find the element located by 'By.xpath: //button[@id='single_button61e1977d503fb15']'. Please recheck the objects properties to make sure the desired element is located. 

2022-01-16 06:23:51 - [MESSAGE][WARNING] - [SELF-HEALING] Failed to find element with id 'Object Repository/Page_Mood Administration Users Accounts Bro_af2de9/button_Delete'. Try using Self-healing.

2022-01-16 06:23:51 - [MESSAGE][WARNING] - [SELF-HEALING] The current locator of test object 'Object Repository/Page_Mood Administration Users Accounts Bro_af2de9/button_Delete' was broken. Propose an alternative one: '//div[@id='modal-footer']/div/div/form/button'.

2022-01-16 06:23:52 - [MESSAGE][PASSED] - Object: 'Object Repository/Page_Mood Administration Users Accounts Bro_af2de9/button_Delete' is clicked on

2022-01-16 06:23:52 - [TEST_STEP][PASSED] - closeBrowser(): Browser is closed

2022-01-16 06:23:53 - [MESSAGE][PASSED] - Browser is closed]]></system-out>
         <system-err><![CDATA[]]></system-err>
      </testcase>
      <testcase name="Test Cases/test case 07" time="81.437" classname="Test Cases/test case 07" status="PASSED">
         <system-out><![CDATA[2022-01-16 06:23:53 - [TEST_CASE][PASSED] - Test Cases/test case 07: Test Cases/test case 07

2022-01-16 06:23:53 - [TEST_STEP][PASSED] - openBrowser(""): Browser is opened with url: ''

2022-01-16 06:23:53 - [MESSAGE][INFO] - Starting 'Chrome' driver

2022-01-16 06:23:53 - [MESSAGE][INFO] - Action delay is set to 0 milliseconds

2022-01-16 06:23:54 - [MESSAGE][PASSED] - Browser is opened with url: ''

2022-01-16 06:23:54 - [TEST_STEP][PASSED] - navigateToUrl("http://localhost/"): Navigate to 'http://localhost/' successfully

2022-01-16 06:23:56 - [MESSAGE][PASSED] - Navigate to 'http://localhost/' successfully

2022-01-16 06:23:56 - [TEST_STEP][PASSED] - click(findTestObject("Object Repository/Page_Moodle/a_Log in")): Object: 'Object Repository/Page_Moodle/a_Log in' is clicked on

2022-01-16 06:23:56 - [MESSAGE][PASSED] - Object: 'Object Repository/Page_Moodle/a_Log in' is clicked on

2022-01-16 06:23:56 - [TEST_STEP][PASSED] - setText(findTestObject("Object Repository/Page_Moodle Log in to the site/input_Username_username"), "admin"): Text 'admin' is set on object 'Object Repository/Page_Moodle Log in to the site/input_Username_username'

2022-01-16 06:23:57 - [MESSAGE][PASSED] - Text 'admin' is set on object 'Object Repository/Page_Moodle Log in to the site/input_Username_username'

2022-01-16 06:23:57 - [TEST_STEP][PASSED] - setEncryptedText(findTestObject("Object Repository/Page_Moodle Log in to the site/input_Password_password"), "r6H/uPCyCbQX7sAf5E1f3g=="): Text ****** has been set on object 'Object Repository/Page_Moodle Log in to the site/input_Password_password'

2022-01-16 06:23:58 - [MESSAGE][PASSED] - Text ****** has been set on object 'Object Repository/Page_Moodle Log in to the site/input_Password_password'

2022-01-16 06:23:58 - [TEST_STEP][PASSED] - click(findTestObject("Object Repository/Page_Moodle Log in to the site/button_Log in")): Object: 'Object Repository/Page_Moodle Log in to the site/button_Log in' is clicked on

2022-01-16 06:23:59 - [MESSAGE][PASSED] - Object: 'Object Repository/Page_Moodle Log in to the site/button_Log in' is clicked on

2022-01-16 06:23:59 - [TEST_STEP][PASSED] - verifyElementText(findTestObject("Object Repository/Page_Dashboard/span_Site administration"), "Site administration"): Actual text and expected text of test object 'Object Repository/Page_Dashboard/span_Site administration' are matched.

2022-01-16 06:24:00 - [MESSAGE][PASSED] - Actual text and expected text of test object 'Object Repository/Page_Dashboard/span_Site administration' are matched.

2022-01-16 06:24:00 - [TEST_STEP][PASSED] - click(findTestObject("Object Repository/Page_Dashboard/span_Site administration")): Object: 'Object Repository/Page_Dashboard/span_Site administration' is clicked on

2022-01-16 06:24:01 - [MESSAGE][PASSED] - Object: 'Object Repository/Page_Dashboard/span_Site administration' is clicked on

2022-01-16 06:24:01 - [TEST_STEP][PASSED] - rightClick(findTestObject("Object Repository/Page_Mood Administration Search/a_Users")): Object: 'Object Repository/Page_Mood Administration Search/a_Users' is right clicked on

2022-01-16 06:24:02 - [MESSAGE][PASSED] - Object: 'Object Repository/Page_Mood Administration Search/a_Users' is right clicked on

2022-01-16 06:24:02 - [TEST_STEP][PASSED] - click(findTestObject("Object Repository/Page_Mood Administration Search/a_Users")): Object: 'Object Repository/Page_Mood Administration Search/a_Users' is clicked on

2022-01-16 06:24:02 - [MESSAGE][PASSED] - Object: 'Object Repository/Page_Mood Administration Search/a_Users' is clicked on

2022-01-16 06:24:02 - [TEST_STEP][PASSED] - click(findTestObject("Object Repository/Page_Mood Administration Search/a_Add a new user")): Object: 'Object Repository/Page_Mood Administration Search/a_Add a new user' is clicked on

2022-01-16 06:24:03 - [MESSAGE][PASSED] - Object: 'Object Repository/Page_Mood Administration Search/a_Add a new user' is clicked on

2022-01-16 06:24:03 - [TEST_STEP][PASSED] - waitForElementVisible(findTestObject("Object Repository/Page_Mood Administration Users Accounts Add_0e8dec/label_Username"), 0): Object 'Object Repository/Page_Mood Administration Users Accounts Add_0e8dec/label_Username' is visible

2022-01-16 06:24:03 - [MESSAGE][WARNING] - Timeout '0' is invalid. Using default page load timeout: '30'

2022-01-16 06:24:04 - [MESSAGE][PASSED] - Object 'Object Repository/Page_Mood Administration Users Accounts Add_0e8dec/label_Username' is visible

2022-01-16 06:24:04 - [TEST_STEP][PASSED] - setText(findTestObject("Object Repository/Page_Mood Administration Users Accounts Add_0e8dec/input_Username_username"), "qmkhoi"): Text 'qmkhoi' is set on object 'Object Repository/Page_Mood Administration Users Accounts Add_0e8dec/input_Username_username'

2022-01-16 06:24:05 - [MESSAGE][PASSED] - Text 'qmkhoi' is set on object 'Object Repository/Page_Mood Administration Users Accounts Add_0e8dec/input_Username_username'

2022-01-16 06:24:05 - [TEST_STEP][PASSED] - click(findTestObject("Object Repository/Page_Mood Administration Users Accounts Add_0e8dec/em_Click to enter text")): Object: 'Object Repository/Page_Mood Administration Users Accounts Add_0e8dec/em_Click to enter text' is clicked on

2022-01-16 06:24:36 - [MESSAGE][INFO] - Unable to find the element located by 'By.xpath: //a[@id='yui_3_17_2_1_1642242441890_767']/span/span/em'. Please recheck the objects properties to make sure the desired element is located. 

2022-01-16 06:24:36 - [MESSAGE][WARNING] - [SELF-HEALING] Failed to find element with id 'Object Repository/Page_Mood Administration Users Accounts Add_0e8dec/em_Click to enter text'. Try using Self-healing.

2022-01-16 06:24:36 - [MESSAGE][WARNING] - [SELF-HEALING] The current locator of test object 'Object Repository/Page_Mood Administration Users Accounts Add_0e8dec/em_Click to enter text' was broken. Propose an alternative one: '(.//*[normalize-space(text()) and normalize-space(.)='New password'])[1]/following::em[1]'.

2022-01-16 06:24:36 - [MESSAGE][PASSED] - Object: 'Object Repository/Page_Mood Administration Users Accounts Add_0e8dec/em_Click to enter text' is clicked on

2022-01-16 06:24:36 - [TEST_STEP][PASSED] - setEncryptedText(findTestObject("Object Repository/Page_Mood Administration Users Accounts Add_0e8dec/input_New password_newpassword"), "eiP2h/EMT1gGbs0OIJkleA=="): Text ****** has been set on object 'Object Repository/Page_Mood Administration Users Accounts Add_0e8dec/input_New password_newpassword'

2022-01-16 06:24:37 - [MESSAGE][PASSED] - Text ****** has been set on object 'Object Repository/Page_Mood Administration Users Accounts Add_0e8dec/input_New password_newpassword'

2022-01-16 06:24:37 - [TEST_STEP][PASSED] - waitForElementVisible(findTestObject("Object Repository/Page_Mood Administration Users Accounts Add_0e8dec/input_First name_firstname"), 0): Object 'Object Repository/Page_Mood Administration Users Accounts Add_0e8dec/input_First name_firstname' is visible

2022-01-16 06:24:37 - [MESSAGE][WARNING] - Timeout '0' is invalid. Using default page load timeout: '30'

2022-01-16 06:24:37 - [MESSAGE][PASSED] - Object 'Object Repository/Page_Mood Administration Users Accounts Add_0e8dec/input_First name_firstname' is visible

2022-01-16 06:24:37 - [TEST_STEP][PASSED] - setText(findTestObject("Object Repository/Page_Mood Administration Users Accounts Add_0e8dec/input_First name_firstname"), "Quach"): Text 'Quach' is set on object 'Object Repository/Page_Mood Administration Users Accounts Add_0e8dec/input_First name_firstname'

2022-01-16 06:24:38 - [MESSAGE][PASSED] - Text 'Quach' is set on object 'Object Repository/Page_Mood Administration Users Accounts Add_0e8dec/input_First name_firstname'

2022-01-16 06:24:38 - [TEST_STEP][PASSED] - click(findTestObject("Object Repository/Page_Mood Administration Users Accounts Add_0e8dec/div_Username                               _ccea4b")): Object: 'Object Repository/Page_Mood Administration Users Accounts Add_0e8dec/div_Username                               _ccea4b' is clicked on

2022-01-16 06:25:09 - [MESSAGE][INFO] - Unable to find the element located by 'By.xpath: //div[@id='yui_3_17_2_1_1642242441890_390']'. Please recheck the objects properties to make sure the desired element is located. 

2022-01-16 06:25:09 - [MESSAGE][WARNING] - [SELF-HEALING] Failed to find element with id 'Object Repository/Page_Mood Administration Users Accounts Add_0e8dec/div_Username                               _ccea4b'. Try using Self-healing.

2022-01-16 06:25:10 - [MESSAGE][WARNING] - [SELF-HEALING] The current locator of test object 'Object Repository/Page_Mood Administration Users Accounts Add_0e8dec/div_Username                               _ccea4b' was broken. Propose an alternative one: '//fieldset[@id='id_moodle']/div'.

2022-01-16 06:25:10 - [MESSAGE][PASSED] - Object: 'Object Repository/Page_Mood Administration Users Accounts Add_0e8dec/div_Username                               _ccea4b' is clicked on

2022-01-16 06:25:10 - [TEST_STEP][PASSED] - setText(findTestObject("Object Repository/Page_Mood Administration Users Accounts Add_0e8dec/input_Surname_lastname"), "Minh Khoi"): Text 'Minh Khoi' is set on object 'Object Repository/Page_Mood Administration Users Accounts Add_0e8dec/input_Surname_lastname'

2022-01-16 06:25:10 - [MESSAGE][PASSED] - Text 'Minh Khoi' is set on object 'Object Repository/Page_Mood Administration Users Accounts Add_0e8dec/input_Surname_lastname'

2022-01-16 06:25:10 - [TEST_STEP][PASSED] - setText(findTestObject("Object Repository/Page_Mood Administration Users Accounts Add_0e8dec/input_Email address_email"), "qmkhoi19@gmail.com"): Text 'qmkhoi19@gmail.com' is set on object 'Object Repository/Page_Mood Administration Users Accounts Add_0e8dec/input_Email address_email'

2022-01-16 06:25:11 - [MESSAGE][PASSED] - Text 'qmkhoi19@gmail.com' is set on object 'Object Repository/Page_Mood Administration Users Accounts Add_0e8dec/input_Email address_email'

2022-01-16 06:25:11 - [TEST_STEP][PASSED] - waitForElementVisible(findTestObject("Object Repository/Page_Mood Administration Users Accounts Add_0e8dec/input_Address_submitbutton"), 0): Object 'Object Repository/Page_Mood Administration Users Accounts Add_0e8dec/input_Address_submitbutton' is visible

2022-01-16 06:25:11 - [MESSAGE][WARNING] - Timeout '0' is invalid. Using default page load timeout: '30'

2022-01-16 06:25:11 - [MESSAGE][PASSED] - Object 'Object Repository/Page_Mood Administration Users Accounts Add_0e8dec/input_Address_submitbutton' is visible

2022-01-16 06:25:11 - [TEST_STEP][PASSED] - click(findTestObject("Object Repository/Page_Mood Administration Users Accounts Add_0e8dec/input_Address_submitbutton")): Object: 'Object Repository/Page_Mood Administration Users Accounts Add_0e8dec/input_Address_submitbutton' is clicked on

2022-01-16 06:25:13 - [MESSAGE][PASSED] - Object: 'Object Repository/Page_Mood Administration Users Accounts Add_0e8dec/input_Address_submitbutton' is clicked on

2022-01-16 06:25:13 - [TEST_STEP][PASSED] - verifyElementText(findTestObject("Object Repository/Page_Mood Administration Users Accounts Add_0e8dec/div_This username already exists, choose another"), "This username already exists, choose another"): Actual text and expected text of test object 'Object Repository/Page_Mood Administration Users Accounts Add_0e8dec/div_This username already exists, choose another' are matched.

2022-01-16 06:25:14 - [MESSAGE][PASSED] - Actual text and expected text of test object 'Object Repository/Page_Mood Administration Users Accounts Add_0e8dec/div_This username already exists, choose another' are matched.

2022-01-16 06:25:14 - [TEST_STEP][PASSED] - closeBrowser(): Browser is closed

2022-01-16 06:25:14 - [MESSAGE][PASSED] - Browser is closed]]></system-out>
         <system-err><![CDATA[]]></system-err>
      </testcase>
      <testcase name="Test Cases/test case 08" time="79.683" classname="Test Cases/test case 08" status="PASSED">
         <system-out><![CDATA[2022-01-16 06:25:14 - [TEST_CASE][PASSED] - Test Cases/test case 08: Test Cases/test case 08

2022-01-16 06:25:15 - [TEST_STEP][PASSED] - openBrowser(""): Browser is opened with url: ''

2022-01-16 06:25:15 - [MESSAGE][INFO] - Starting 'Chrome' driver

2022-01-16 06:25:15 - [MESSAGE][INFO] - Action delay is set to 0 milliseconds

2022-01-16 06:25:16 - [MESSAGE][PASSED] - Browser is opened with url: ''

2022-01-16 06:25:16 - [TEST_STEP][PASSED] - navigateToUrl("http://localhost/"): Navigate to 'http://localhost/' successfully

2022-01-16 06:25:17 - [MESSAGE][PASSED] - Navigate to 'http://localhost/' successfully

2022-01-16 06:25:17 - [TEST_STEP][PASSED] - click(findTestObject("Object Repository/Page_Moodle/a_Log in")): Object: 'Object Repository/Page_Moodle/a_Log in' is clicked on

2022-01-16 06:25:18 - [MESSAGE][PASSED] - Object: 'Object Repository/Page_Moodle/a_Log in' is clicked on

2022-01-16 06:25:18 - [TEST_STEP][PASSED] - setText(findTestObject("Object Repository/Page_Moodle Log in to the site/input_Username_username"), "admin"): Text 'admin' is set on object 'Object Repository/Page_Moodle Log in to the site/input_Username_username'

2022-01-16 06:25:19 - [MESSAGE][PASSED] - Text 'admin' is set on object 'Object Repository/Page_Moodle Log in to the site/input_Username_username'

2022-01-16 06:25:19 - [TEST_STEP][PASSED] - setEncryptedText(findTestObject("Object Repository/Page_Moodle Log in to the site/input_Password_password"), "r6H/uPCyCbQX7sAf5E1f3g=="): Text ****** has been set on object 'Object Repository/Page_Moodle Log in to the site/input_Password_password'

2022-01-16 06:25:19 - [MESSAGE][PASSED] - Text ****** has been set on object 'Object Repository/Page_Moodle Log in to the site/input_Password_password'

2022-01-16 06:25:19 - [TEST_STEP][PASSED] - click(findTestObject("Object Repository/Page_Moodle Log in to the site/button_Log in")): Object: 'Object Repository/Page_Moodle Log in to the site/button_Log in' is clicked on

2022-01-16 06:25:20 - [MESSAGE][PASSED] - Object: 'Object Repository/Page_Moodle Log in to the site/button_Log in' is clicked on

2022-01-16 06:25:20 - [TEST_STEP][PASSED] - click(findTestObject("Object Repository/Page_Dashboard/span_Site administration")): Object: 'Object Repository/Page_Dashboard/span_Site administration' is clicked on

2022-01-16 06:25:22 - [MESSAGE][PASSED] - Object: 'Object Repository/Page_Dashboard/span_Site administration' is clicked on

2022-01-16 06:25:22 - [TEST_STEP][PASSED] - click(findTestObject("Object Repository/Page_Mood Administration Search/a_Users")): Object: 'Object Repository/Page_Mood Administration Search/a_Users' is clicked on

2022-01-16 06:25:23 - [MESSAGE][PASSED] - Object: 'Object Repository/Page_Mood Administration Search/a_Users' is clicked on

2022-01-16 06:25:23 - [TEST_STEP][PASSED] - click(findTestObject("Object Repository/Page_Mood Administration Search/a_Add a new user")): Object: 'Object Repository/Page_Mood Administration Search/a_Add a new user' is clicked on

2022-01-16 06:25:24 - [MESSAGE][PASSED] - Object: 'Object Repository/Page_Mood Administration Search/a_Add a new user' is clicked on

2022-01-16 06:25:24 - [TEST_STEP][PASSED] - setText(findTestObject("Object Repository/Page_Mood Administration Users Accounts Add_0e8dec/input_Username_username"), "dddinh"): Text 'dddinh' is set on object 'Object Repository/Page_Mood Administration Users Accounts Add_0e8dec/input_Username_username'

2022-01-16 06:25:26 - [MESSAGE][PASSED] - Text 'dddinh' is set on object 'Object Repository/Page_Mood Administration Users Accounts Add_0e8dec/input_Username_username'

2022-01-16 06:25:26 - [TEST_STEP][PASSED] - waitForElementVisible(findTestObject("Object Repository/Page_Mood Administration Users Accounts Add_0e8dec/label_New password"), 0): Object 'Object Repository/Page_Mood Administration Users Accounts Add_0e8dec/label_New password' is visible

2022-01-16 06:25:26 - [MESSAGE][WARNING] - Timeout '0' is invalid. Using default page load timeout: '30'

2022-01-16 06:25:26 - [MESSAGE][PASSED] - Object 'Object Repository/Page_Mood Administration Users Accounts Add_0e8dec/label_New password' is visible

2022-01-16 06:25:26 - [TEST_STEP][PASSED] - click(findTestObject("Object Repository/Page_Mood Administration Users Accounts Add_0e8dec/em_Click to enter text")): Object: 'Object Repository/Page_Mood Administration Users Accounts Add_0e8dec/em_Click to enter text' is clicked on

2022-01-16 06:25:57 - [MESSAGE][INFO] - Unable to find the element located by 'By.xpath: //a[@id='yui_3_17_2_1_1642242441890_767']/span/span/em'. Please recheck the objects properties to make sure the desired element is located. 

2022-01-16 06:25:57 - [MESSAGE][WARNING] - [SELF-HEALING] Failed to find element with id 'Object Repository/Page_Mood Administration Users Accounts Add_0e8dec/em_Click to enter text'. Try using Self-healing.

2022-01-16 06:25:57 - [MESSAGE][WARNING] - [SELF-HEALING] The current locator of test object 'Object Repository/Page_Mood Administration Users Accounts Add_0e8dec/em_Click to enter text' was broken. Propose an alternative one: '(.//*[normalize-space(text()) and normalize-space(.)='New password'])[1]/following::em[1]'.

2022-01-16 06:25:57 - [MESSAGE][PASSED] - Object: 'Object Repository/Page_Mood Administration Users Accounts Add_0e8dec/em_Click to enter text' is clicked on

2022-01-16 06:25:57 - [TEST_STEP][PASSED] - setEncryptedText(findTestObject("Object Repository/Page_Mood Administration Users Accounts Add_0e8dec/input_New password_newpassword"), "Poyj66BFqQY="): Text ****** has been set on object 'Object Repository/Page_Mood Administration Users Accounts Add_0e8dec/input_New password_newpassword'

2022-01-16 06:25:58 - [MESSAGE][PASSED] - Text ****** has been set on object 'Object Repository/Page_Mood Administration Users Accounts Add_0e8dec/input_New password_newpassword'

2022-01-16 06:25:58 - [TEST_STEP][PASSED] - setText(findTestObject("Object Repository/Page_Mood Administration Users Accounts Add_0e8dec/input_First name_firstname"), "Dinh"): Text 'Dinh' is set on object 'Object Repository/Page_Mood Administration Users Accounts Add_0e8dec/input_First name_firstname'

2022-01-16 06:25:59 - [MESSAGE][PASSED] - Text 'Dinh' is set on object 'Object Repository/Page_Mood Administration Users Accounts Add_0e8dec/input_First name_firstname'

2022-01-16 06:25:59 - [TEST_STEP][PASSED] - click(findTestObject("Object Repository/Page_Mood Administration Users Accounts Add_0e8dec/div_Username                               _ccea4b")): Object: 'Object Repository/Page_Mood Administration Users Accounts Add_0e8dec/div_Username                               _ccea4b' is clicked on

2022-01-16 06:26:30 - [MESSAGE][INFO] - Unable to find the element located by 'By.xpath: //div[@id='yui_3_17_2_1_1642242441890_390']'. Please recheck the objects properties to make sure the desired element is located. 

2022-01-16 06:26:30 - [MESSAGE][WARNING] - [SELF-HEALING] Failed to find element with id 'Object Repository/Page_Mood Administration Users Accounts Add_0e8dec/div_Username                               _ccea4b'. Try using Self-healing.

2022-01-16 06:26:30 - [MESSAGE][WARNING] - [SELF-HEALING] The current locator of test object 'Object Repository/Page_Mood Administration Users Accounts Add_0e8dec/div_Username                               _ccea4b' was broken. Propose an alternative one: '//fieldset[@id='id_moodle']/div'.

2022-01-16 06:26:30 - [MESSAGE][PASSED] - Object: 'Object Repository/Page_Mood Administration Users Accounts Add_0e8dec/div_Username                               _ccea4b' is clicked on

2022-01-16 06:26:30 - [TEST_STEP][PASSED] - setText(findTestObject("Object Repository/Page_Mood Administration Users Accounts Add_0e8dec/input_Surname_lastname"), "Dinh"): Text 'Dinh' is set on object 'Object Repository/Page_Mood Administration Users Accounts Add_0e8dec/input_Surname_lastname'

2022-01-16 06:26:31 - [MESSAGE][PASSED] - Text 'Dinh' is set on object 'Object Repository/Page_Mood Administration Users Accounts Add_0e8dec/input_Surname_lastname'

2022-01-16 06:26:31 - [TEST_STEP][PASSED] - setText(findTestObject("Object Repository/Page_Mood Administration Users Accounts Add_0e8dec/input_Email address_email"), "dddinh@apcs.vn"): Text 'dddinh@apcs.vn' is set on object 'Object Repository/Page_Mood Administration Users Accounts Add_0e8dec/input_Email address_email'

2022-01-16 06:26:32 - [MESSAGE][PASSED] - Text 'dddinh@apcs.vn' is set on object 'Object Repository/Page_Mood Administration Users Accounts Add_0e8dec/input_Email address_email'

2022-01-16 06:26:32 - [TEST_STEP][PASSED] - waitForElementVisible(findTestObject("Object Repository/Page_Mood Administration Users Accounts Add_0e8dec/input_Address_submitbutton"), 0): Object 'Object Repository/Page_Mood Administration Users Accounts Add_0e8dec/input_Address_submitbutton' is visible

2022-01-16 06:26:32 - [MESSAGE][WARNING] - Timeout '0' is invalid. Using default page load timeout: '30'

2022-01-16 06:26:32 - [MESSAGE][PASSED] - Object 'Object Repository/Page_Mood Administration Users Accounts Add_0e8dec/input_Address_submitbutton' is visible

2022-01-16 06:26:32 - [TEST_STEP][PASSED] - click(findTestObject("Object Repository/Page_Mood Administration Users Accounts Add_0e8dec/input_Address_submitbutton")): Object: 'Object Repository/Page_Mood Administration Users Accounts Add_0e8dec/input_Address_submitbutton' is clicked on

2022-01-16 06:26:33 - [MESSAGE][PASSED] - Object: 'Object Repository/Page_Mood Administration Users Accounts Add_0e8dec/input_Address_submitbutton' is clicked on

2022-01-16 06:26:33 - [TEST_STEP][PASSED] - closeBrowser(): Browser is closed

2022-01-16 06:26:34 - [MESSAGE][PASSED] - Browser is closed]]></system-out>
         <system-err><![CDATA[]]></system-err>
      </testcase>
      <testcase name="Test Cases/test case 09" time="47.935" classname="Test Cases/test case 09" status="PASSED">
         <system-out><![CDATA[2022-01-16 06:26:34 - [TEST_CASE][PASSED] - Test Cases/test case 09: Test Cases/test case 09

2022-01-16 06:26:34 - [TEST_STEP][PASSED] - openBrowser(""): Browser is opened with url: ''

2022-01-16 06:26:34 - [MESSAGE][INFO] - Starting 'Chrome' driver

2022-01-16 06:26:34 - [MESSAGE][INFO] - Action delay is set to 0 milliseconds

2022-01-16 06:26:36 - [MESSAGE][PASSED] - Browser is opened with url: ''

2022-01-16 06:26:36 - [TEST_STEP][PASSED] - navigateToUrl("http://localhost/"): Navigate to 'http://localhost/' successfully

2022-01-16 06:26:37 - [MESSAGE][PASSED] - Navigate to 'http://localhost/' successfully

2022-01-16 06:26:37 - [TEST_STEP][PASSED] - click(findTestObject("Object Repository/Page_Moodle/a_Log in")): Object: 'Object Repository/Page_Moodle/a_Log in' is clicked on

2022-01-16 06:26:38 - [MESSAGE][PASSED] - Object: 'Object Repository/Page_Moodle/a_Log in' is clicked on

2022-01-16 06:26:38 - [TEST_STEP][PASSED] - setText(findTestObject("Object Repository/Page_Moodle Log in to the site/input_Username_username"), "admin"): Text 'admin' is set on object 'Object Repository/Page_Moodle Log in to the site/input_Username_username'

2022-01-16 06:26:38 - [MESSAGE][PASSED] - Text 'admin' is set on object 'Object Repository/Page_Moodle Log in to the site/input_Username_username'

2022-01-16 06:26:38 - [TEST_STEP][PASSED] - setEncryptedText(findTestObject("Object Repository/Page_Moodle Log in to the site/input_Password_password"), "r6H/uPCyCbQX7sAf5E1f3g=="): Text ****** has been set on object 'Object Repository/Page_Moodle Log in to the site/input_Password_password'

2022-01-16 06:26:39 - [MESSAGE][PASSED] - Text ****** has been set on object 'Object Repository/Page_Moodle Log in to the site/input_Password_password'

2022-01-16 06:26:39 - [TEST_STEP][PASSED] - click(findTestObject("Object Repository/Page_Moodle Log in to the site/button_Log in")): Object: 'Object Repository/Page_Moodle Log in to the site/button_Log in' is clicked on

2022-01-16 06:26:40 - [MESSAGE][PASSED] - Object: 'Object Repository/Page_Moodle Log in to the site/button_Log in' is clicked on

2022-01-16 06:26:40 - [TEST_STEP][PASSED] - click(findTestObject("Object Repository/Page_Dashboard/span_Site administration")): Object: 'Object Repository/Page_Dashboard/span_Site administration' is clicked on

2022-01-16 06:26:42 - [MESSAGE][PASSED] - Object: 'Object Repository/Page_Dashboard/span_Site administration' is clicked on

2022-01-16 06:26:42 - [TEST_STEP][PASSED] - click(findTestObject("Object Repository/Page_Mood Administration Search/a_Users")): Object: 'Object Repository/Page_Mood Administration Search/a_Users' is clicked on

2022-01-16 06:26:42 - [MESSAGE][PASSED] - Object: 'Object Repository/Page_Mood Administration Search/a_Users' is clicked on

2022-01-16 06:26:42 - [TEST_STEP][PASSED] - click(findTestObject("Object Repository/Page_Mood Administration Search/a_Add a new user")): Object: 'Object Repository/Page_Mood Administration Search/a_Add a new user' is clicked on

2022-01-16 06:26:43 - [MESSAGE][PASSED] - Object: 'Object Repository/Page_Mood Administration Search/a_Add a new user' is clicked on

2022-01-16 06:26:43 - [TEST_STEP][PASSED] - waitForElementVisible(findTestObject("Object Repository/Page_Mood Administration Users Accounts Add_0e8dec/label_Username"), 0): Object 'Object Repository/Page_Mood Administration Users Accounts Add_0e8dec/label_Username' is visible

2022-01-16 06:26:44 - [MESSAGE][WARNING] - Timeout '0' is invalid. Using default page load timeout: '30'

2022-01-16 06:26:44 - [MESSAGE][PASSED] - Object 'Object Repository/Page_Mood Administration Users Accounts Add_0e8dec/label_Username' is visible

2022-01-16 06:26:44 - [TEST_STEP][PASSED] - setText(findTestObject("Object Repository/Page_Mood Administration Users Accounts Add_0e8dec/input_Username_username"), "dddinh"): Text 'dddinh' is set on object 'Object Repository/Page_Mood Administration Users Accounts Add_0e8dec/input_Username_username'

2022-01-16 06:26:45 - [MESSAGE][PASSED] - Text 'dddinh' is set on object 'Object Repository/Page_Mood Administration Users Accounts Add_0e8dec/input_Username_username'

2022-01-16 06:26:45 - [TEST_STEP][PASSED] - waitForElementVisible(findTestObject("Object Repository/Page_Mood Administration Users Accounts Add_0e8dec/label_New password"), 0): Object 'Object Repository/Page_Mood Administration Users Accounts Add_0e8dec/label_New password' is visible

2022-01-16 06:26:45 - [MESSAGE][WARNING] - Timeout '0' is invalid. Using default page load timeout: '30'

2022-01-16 06:26:45 - [MESSAGE][PASSED] - Object 'Object Repository/Page_Mood Administration Users Accounts Add_0e8dec/label_New password' is visible

2022-01-16 06:26:45 - [TEST_STEP][PASSED] - click(findTestObject("Object Repository/Page_Mood Administration Users Accounts Add_0e8dec/em_Click to enter text")): Object: 'Object Repository/Page_Mood Administration Users Accounts Add_0e8dec/em_Click to enter text' is clicked on

2022-01-16 06:27:16 - [MESSAGE][INFO] - Unable to find the element located by 'By.xpath: //a[@id='yui_3_17_2_1_1642242441890_767']/span/span/em'. Please recheck the objects properties to make sure the desired element is located. 

2022-01-16 06:27:16 - [MESSAGE][WARNING] - [SELF-HEALING] Failed to find element with id 'Object Repository/Page_Mood Administration Users Accounts Add_0e8dec/em_Click to enter text'. Try using Self-healing.

2022-01-16 06:27:17 - [MESSAGE][WARNING] - [SELF-HEALING] The current locator of test object 'Object Repository/Page_Mood Administration Users Accounts Add_0e8dec/em_Click to enter text' was broken. Propose an alternative one: '(.//*[normalize-space(text()) and normalize-space(.)='New password'])[1]/following::em[1]'.

2022-01-16 06:27:17 - [MESSAGE][PASSED] - Object: 'Object Repository/Page_Mood Administration Users Accounts Add_0e8dec/em_Click to enter text' is clicked on

2022-01-16 06:27:17 - [TEST_STEP][PASSED] - setEncryptedText(findTestObject("Object Repository/Page_Mood Administration Users Accounts Add_0e8dec/input_New password_newpassword"), "o9w1gihRZMDFxbRmKPFkOQ=="): Text ****** has been set on object 'Object Repository/Page_Mood Administration Users Accounts Add_0e8dec/input_New password_newpassword'

2022-01-16 06:27:17 - [MESSAGE][PASSED] - Text ****** has been set on object 'Object Repository/Page_Mood Administration Users Accounts Add_0e8dec/input_New password_newpassword'

2022-01-16 06:27:17 - [TEST_STEP][PASSED] - setText(findTestObject("Object Repository/Page_Mood Administration Users Accounts Add_0e8dec/input_First name_firstname"), "Dinh Dang"): Text 'Dinh Dang' is set on object 'Object Repository/Page_Mood Administration Users Accounts Add_0e8dec/input_First name_firstname'

2022-01-16 06:27:18 - [MESSAGE][PASSED] - Text 'Dinh Dang' is set on object 'Object Repository/Page_Mood Administration Users Accounts Add_0e8dec/input_First name_firstname'

2022-01-16 06:27:18 - [TEST_STEP][PASSED] - setText(findTestObject("Object Repository/Page_Mood Administration Users Accounts Add_0e8dec/input_Surname_lastname"), "Dinh"): Text 'Dinh' is set on object 'Object Repository/Page_Mood Administration Users Accounts Add_0e8dec/input_Surname_lastname'

2022-01-16 06:27:19 - [MESSAGE][PASSED] - Text 'Dinh' is set on object 'Object Repository/Page_Mood Administration Users Accounts Add_0e8dec/input_Surname_lastname'

2022-01-16 06:27:19 - [TEST_STEP][PASSED] - setText(findTestObject("Object Repository/Page_Mood Administration Users Accounts Add_0e8dec/input_Email address_email"), "dddinh"): Text 'dddinh' is set on object 'Object Repository/Page_Mood Administration Users Accounts Add_0e8dec/input_Email address_email'

2022-01-16 06:27:20 - [MESSAGE][PASSED] - Text 'dddinh' is set on object 'Object Repository/Page_Mood Administration Users Accounts Add_0e8dec/input_Email address_email'

2022-01-16 06:27:20 - [TEST_STEP][PASSED] - waitForElementVisible(findTestObject("Object Repository/Page_Mood Administration Users Accounts Add_0e8dec/input_Address_submitbutton"), 0): Object 'Object Repository/Page_Mood Administration Users Accounts Add_0e8dec/input_Address_submitbutton' is visible

2022-01-16 06:27:20 - [MESSAGE][WARNING] - Timeout '0' is invalid. Using default page load timeout: '30'

2022-01-16 06:27:20 - [MESSAGE][PASSED] - Object 'Object Repository/Page_Mood Administration Users Accounts Add_0e8dec/input_Address_submitbutton' is visible

2022-01-16 06:27:20 - [TEST_STEP][PASSED] - click(findTestObject("Object Repository/Page_Mood Administration Users Accounts Add_0e8dec/input_Address_submitbutton")): Object: 'Object Repository/Page_Mood Administration Users Accounts Add_0e8dec/input_Address_submitbutton' is clicked on

2022-01-16 06:27:21 - [MESSAGE][PASSED] - Object: 'Object Repository/Page_Mood Administration Users Accounts Add_0e8dec/input_Address_submitbutton' is clicked on

2022-01-16 06:27:21 - [TEST_STEP][PASSED] - closeBrowser(): Browser is closed

2022-01-16 06:27:22 - [MESSAGE][PASSED] - Browser is closed]]></system-out>
         <system-err><![CDATA[]]></system-err>
      </testcase>
      <testcase name="Test Cases/test case 10" time="110.536" classname="Test Cases/test case 10" status="PASSED">
         <system-out><![CDATA[2022-01-16 06:27:22 - [TEST_CASE][PASSED] - Test Cases/test case 10: Test Cases/test case 10

2022-01-16 06:27:22 - [TEST_STEP][PASSED] - openBrowser(""): Browser is opened with url: ''

2022-01-16 06:27:22 - [MESSAGE][INFO] - Starting 'Chrome' driver

2022-01-16 06:27:22 - [MESSAGE][INFO] - Action delay is set to 0 milliseconds

2022-01-16 06:27:23 - [MESSAGE][PASSED] - Browser is opened with url: ''

2022-01-16 06:27:23 - [TEST_STEP][PASSED] - navigateToUrl("http://localhost/"): Navigate to 'http://localhost/' successfully

2022-01-16 06:27:24 - [MESSAGE][PASSED] - Navigate to 'http://localhost/' successfully

2022-01-16 06:27:24 - [TEST_STEP][PASSED] - click(findTestObject("Object Repository/Page_Moodle/a_Log in")): Object: 'Object Repository/Page_Moodle/a_Log in' is clicked on

2022-01-16 06:27:25 - [MESSAGE][PASSED] - Object: 'Object Repository/Page_Moodle/a_Log in' is clicked on

2022-01-16 06:27:25 - [TEST_STEP][PASSED] - setText(findTestObject("Object Repository/Page_Moodle Log in to the site/input_Username_username"), "admin"): Text 'admin' is set on object 'Object Repository/Page_Moodle Log in to the site/input_Username_username'

2022-01-16 06:27:26 - [MESSAGE][PASSED] - Text 'admin' is set on object 'Object Repository/Page_Moodle Log in to the site/input_Username_username'

2022-01-16 06:27:26 - [TEST_STEP][PASSED] - setEncryptedText(findTestObject("Object Repository/Page_Moodle Log in to the site/input_Password_password"), "r6H/uPCyCbQX7sAf5E1f3g=="): Text ****** has been set on object 'Object Repository/Page_Moodle Log in to the site/input_Password_password'

2022-01-16 06:27:26 - [MESSAGE][PASSED] - Text ****** has been set on object 'Object Repository/Page_Moodle Log in to the site/input_Password_password'

2022-01-16 06:27:26 - [TEST_STEP][PASSED] - click(findTestObject("Object Repository/Page_Moodle Log in to the site/button_Log in")): Object: 'Object Repository/Page_Moodle Log in to the site/button_Log in' is clicked on

2022-01-16 06:27:27 - [MESSAGE][PASSED] - Object: 'Object Repository/Page_Moodle Log in to the site/button_Log in' is clicked on

2022-01-16 06:27:27 - [TEST_STEP][PASSED] - click(findTestObject("Object Repository/Page_Dashboard/span_Site administration")): Object: 'Object Repository/Page_Dashboard/span_Site administration' is clicked on

2022-01-16 06:27:29 - [MESSAGE][PASSED] - Object: 'Object Repository/Page_Dashboard/span_Site administration' is clicked on

2022-01-16 06:27:29 - [TEST_STEP][PASSED] - click(findTestObject("Object Repository/Page_Mood Administration Search/a_Users")): Object: 'Object Repository/Page_Mood Administration Search/a_Users' is clicked on

2022-01-16 06:27:29 - [MESSAGE][PASSED] - Object: 'Object Repository/Page_Mood Administration Search/a_Users' is clicked on

2022-01-16 06:27:29 - [TEST_STEP][PASSED] - click(findTestObject("Object Repository/Page_Mood Administration Search/a_Add a new user")): Object: 'Object Repository/Page_Mood Administration Search/a_Add a new user' is clicked on

2022-01-16 06:27:31 - [MESSAGE][PASSED] - Object: 'Object Repository/Page_Mood Administration Search/a_Add a new user' is clicked on

2022-01-16 06:27:31 - [TEST_STEP][PASSED] - waitForElementVisible(findTestObject("Object Repository/Page_Mood Administration Users Accounts Add_0e8dec/label_Username"), 0): Object 'Object Repository/Page_Mood Administration Users Accounts Add_0e8dec/label_Username' is visible

2022-01-16 06:27:31 - [MESSAGE][WARNING] - Timeout '0' is invalid. Using default page load timeout: '30'

2022-01-16 06:27:32 - [MESSAGE][PASSED] - Object 'Object Repository/Page_Mood Administration Users Accounts Add_0e8dec/label_Username' is visible

2022-01-16 06:27:32 - [TEST_STEP][PASSED] - setText(findTestObject("Object Repository/Page_Mood Administration Users Accounts Add_0e8dec/input_Username_username"), "dddinh"): Text 'dddinh' is set on object 'Object Repository/Page_Mood Administration Users Accounts Add_0e8dec/input_Username_username'

2022-01-16 06:27:32 - [MESSAGE][PASSED] - Text 'dddinh' is set on object 'Object Repository/Page_Mood Administration Users Accounts Add_0e8dec/input_Username_username'

2022-01-16 06:27:32 - [TEST_STEP][PASSED] - waitForElementVisible(findTestObject("Object Repository/Page_Mood Administration Users Accounts Add_0e8dec/label_New password"), 0): Object 'Object Repository/Page_Mood Administration Users Accounts Add_0e8dec/label_New password' is visible

2022-01-16 06:27:32 - [MESSAGE][WARNING] - Timeout '0' is invalid. Using default page load timeout: '30'

2022-01-16 06:27:33 - [MESSAGE][PASSED] - Object 'Object Repository/Page_Mood Administration Users Accounts Add_0e8dec/label_New password' is visible

2022-01-16 06:27:33 - [TEST_STEP][PASSED] - click(findTestObject("Object Repository/Page_Mood Administration Users Accounts Add_0e8dec/em_Click to enter text")): Object: 'Object Repository/Page_Mood Administration Users Accounts Add_0e8dec/em_Click to enter text' is clicked on

2022-01-16 06:28:04 - [MESSAGE][INFO] - Unable to find the element located by 'By.xpath: //a[@id='yui_3_17_2_1_1642242441890_767']/span/span/em'. Please recheck the objects properties to make sure the desired element is located. 

2022-01-16 06:28:04 - [MESSAGE][WARNING] - [SELF-HEALING] Failed to find element with id 'Object Repository/Page_Mood Administration Users Accounts Add_0e8dec/em_Click to enter text'. Try using Self-healing.

2022-01-16 06:28:04 - [MESSAGE][WARNING] - [SELF-HEALING] The current locator of test object 'Object Repository/Page_Mood Administration Users Accounts Add_0e8dec/em_Click to enter text' was broken. Propose an alternative one: '(.//*[normalize-space(text()) and normalize-space(.)='New password'])[1]/following::em[1]'.

2022-01-16 06:28:04 - [MESSAGE][PASSED] - Object: 'Object Repository/Page_Mood Administration Users Accounts Add_0e8dec/em_Click to enter text' is clicked on

2022-01-16 06:28:04 - [TEST_STEP][PASSED] - setEncryptedText(findTestObject("Object Repository/Page_Mood Administration Users Accounts Add_0e8dec/input_New password_newpassword"), "o9w1gihRZMDFxbRmKPFkOQ=="): Text ****** has been set on object 'Object Repository/Page_Mood Administration Users Accounts Add_0e8dec/input_New password_newpassword'

2022-01-16 06:28:05 - [MESSAGE][PASSED] - Text ****** has been set on object 'Object Repository/Page_Mood Administration Users Accounts Add_0e8dec/input_New password_newpassword'

2022-01-16 06:28:05 - [TEST_STEP][PASSED] - setText(findTestObject("Object Repository/Page_Mood Administration Users Accounts Add_0e8dec/input_First name_firstname"), "Dinh Dang"): Text 'Dinh Dang' is set on object 'Object Repository/Page_Mood Administration Users Accounts Add_0e8dec/input_First name_firstname'

2022-01-16 06:28:06 - [MESSAGE][PASSED] - Text 'Dinh Dang' is set on object 'Object Repository/Page_Mood Administration Users Accounts Add_0e8dec/input_First name_firstname'

2022-01-16 06:28:06 - [TEST_STEP][PASSED] - setText(findTestObject("Object Repository/Page_Mood Administration Users Accounts Add_0e8dec/input_Surname_lastname"), "Dinh"): Text 'Dinh' is set on object 'Object Repository/Page_Mood Administration Users Accounts Add_0e8dec/input_Surname_lastname'

2022-01-16 06:28:06 - [MESSAGE][PASSED] - Text 'Dinh' is set on object 'Object Repository/Page_Mood Administration Users Accounts Add_0e8dec/input_Surname_lastname'

2022-01-16 06:28:06 - [TEST_STEP][PASSED] - setText(findTestObject("Object Repository/Page_Mood Administration Users Accounts Add_0e8dec/input_Email address_email"), "dddinh19@gmail.com"): Text 'dddinh19@gmail.com' is set on object 'Object Repository/Page_Mood Administration Users Accounts Add_0e8dec/input_Email address_email'

2022-01-16 06:28:07 - [MESSAGE][PASSED] - Text 'dddinh19@gmail.com' is set on object 'Object Repository/Page_Mood Administration Users Accounts Add_0e8dec/input_Email address_email'

2022-01-16 06:28:07 - [TEST_STEP][PASSED] - waitForElementVisible(findTestObject("Object Repository/Page_Mood Administration Users Accounts Add_0e8dec/input_Address_cancel"), 0): Object 'Object Repository/Page_Mood Administration Users Accounts Add_0e8dec/input_Address_cancel' is visible

2022-01-16 06:28:07 - [MESSAGE][WARNING] - Timeout '0' is invalid. Using default page load timeout: '30'

2022-01-16 06:28:08 - [MESSAGE][PASSED] - Object 'Object Repository/Page_Mood Administration Users Accounts Add_0e8dec/input_Address_cancel' is visible

2022-01-16 06:28:08 - [TEST_STEP][PASSED] - click(findTestObject("Object Repository/Page_Mood Administration Users Accounts Add_0e8dec/input_Address_cancel")): Object: 'Object Repository/Page_Mood Administration Users Accounts Add_0e8dec/input_Address_cancel' is clicked on

2022-01-16 06:28:09 - [MESSAGE][PASSED] - Object: 'Object Repository/Page_Mood Administration Users Accounts Add_0e8dec/input_Address_cancel' is clicked on

2022-01-16 06:28:09 - [TEST_STEP][PASSED] - waitForElementVisible(findTestObject("Object Repository/Page_Error/button_Continue"), 0): Object 'Object Repository/Page_Error/button_Continue' is visible

2022-01-16 06:28:09 - [MESSAGE][WARNING] - Timeout '0' is invalid. Using default page load timeout: '30'

2022-01-16 06:28:40 - [MESSAGE][INFO] - Unable to find the element located by 'By.xpath: //button[@id='single_button61e18c0eb0ab214']'. Please recheck the objects properties to make sure the desired element is located. 

2022-01-16 06:28:40 - [MESSAGE][WARNING] - [SELF-HEALING] Failed to find element with id 'Object Repository/Page_Error/button_Continue'. Try using Self-healing.

2022-01-16 06:28:40 - [MESSAGE][WARNING] - [SELF-HEALING] The current locator of test object 'Object Repository/Page_Error/button_Continue' was broken. Propose an alternative one: '//section[@id='region-main']/div/div[2]/form/button'.

2022-01-16 06:28:40 - [MESSAGE][PASSED] - Object 'Object Repository/Page_Error/button_Continue' is visible

2022-01-16 06:28:40 - [TEST_STEP][PASSED] - click(findTestObject("Object Repository/Page_Error/button_Continue")): Object: 'Object Repository/Page_Error/button_Continue' is clicked on

2022-01-16 06:29:11 - [MESSAGE][INFO] - Unable to find the element located by 'By.xpath: //button[@id='single_button61e18c0eb0ab214']'. Please recheck the objects properties to make sure the desired element is located. 

2022-01-16 06:29:11 - [MESSAGE][WARNING] - [SELF-HEALING] Failed to find element with id 'Object Repository/Page_Error/button_Continue'. Try using Self-healing.

2022-01-16 06:29:11 - [MESSAGE][WARNING] - [SELF-HEALING] The current locator of test object 'Object Repository/Page_Error/button_Continue' was broken. Propose an alternative one: '//section[@id='region-main']/div/div[2]/form/button'.

2022-01-16 06:29:12 - [MESSAGE][PASSED] - Object: 'Object Repository/Page_Error/button_Continue' is clicked on

2022-01-16 06:29:12 - [TEST_STEP][PASSED] - closeBrowser(): Browser is closed

2022-01-16 06:29:13 - [MESSAGE][PASSED] - Browser is closed]]></system-out>
         <system-err><![CDATA[]]></system-err>
      </testcase>
      <testcase name="Test Cases/test case 11" time="256.145" classname="Test Cases/test case 11" status="PASSED">
         <system-out><![CDATA[2022-01-16 06:29:13 - [TEST_CASE][PASSED] - Test Cases/test case 11: Test Cases/test case 11

2022-01-16 06:29:13 - [TEST_STEP][PASSED] - openBrowser(""): Browser is opened with url: ''

2022-01-16 06:29:13 - [MESSAGE][INFO] - Starting 'Chrome' driver

2022-01-16 06:29:13 - [MESSAGE][INFO] - Action delay is set to 0 milliseconds

2022-01-16 06:29:14 - [MESSAGE][PASSED] - Browser is opened with url: ''

2022-01-16 06:29:14 - [TEST_STEP][PASSED] - navigateToUrl("http://localhost/"): Navigate to 'http://localhost/' successfully

2022-01-16 06:29:15 - [MESSAGE][PASSED] - Navigate to 'http://localhost/' successfully

2022-01-16 06:29:15 - [TEST_STEP][PASSED] - click(findTestObject("Object Repository/Page_Moodle/a_Log in")): Object: 'Object Repository/Page_Moodle/a_Log in' is clicked on

2022-01-16 06:29:16 - [MESSAGE][PASSED] - Object: 'Object Repository/Page_Moodle/a_Log in' is clicked on

2022-01-16 06:29:16 - [TEST_STEP][PASSED] - setText(findTestObject("Object Repository/Page_Moodle Log in to the site/input_Username_username"), "admin"): Text 'admin' is set on object 'Object Repository/Page_Moodle Log in to the site/input_Username_username'

2022-01-16 06:29:17 - [MESSAGE][PASSED] - Text 'admin' is set on object 'Object Repository/Page_Moodle Log in to the site/input_Username_username'

2022-01-16 06:29:17 - [TEST_STEP][PASSED] - setEncryptedText(findTestObject("Object Repository/Page_Moodle Log in to the site/input_Password_password"), "r6H/uPCyCbQX7sAf5E1f3g=="): Text ****** has been set on object 'Object Repository/Page_Moodle Log in to the site/input_Password_password'

2022-01-16 06:29:17 - [MESSAGE][PASSED] - Text ****** has been set on object 'Object Repository/Page_Moodle Log in to the site/input_Password_password'

2022-01-16 06:29:17 - [TEST_STEP][PASSED] - click(findTestObject("Object Repository/Page_Moodle Log in to the site/button_Log in")): Object: 'Object Repository/Page_Moodle Log in to the site/button_Log in' is clicked on

2022-01-16 06:29:18 - [MESSAGE][PASSED] - Object: 'Object Repository/Page_Moodle Log in to the site/button_Log in' is clicked on

2022-01-16 06:29:18 - [TEST_STEP][PASSED] - verifyElementText(findTestObject("Object Repository/Page_Dashboard/span_Site administration"), "Site administration"): Actual text and expected text of test object 'Object Repository/Page_Dashboard/span_Site administration' are matched.

2022-01-16 06:29:19 - [MESSAGE][PASSED] - Actual text and expected text of test object 'Object Repository/Page_Dashboard/span_Site administration' are matched.

2022-01-16 06:29:19 - [TEST_STEP][PASSED] - click(findTestObject("Object Repository/Page_Dashboard/span_Site administration")): Object: 'Object Repository/Page_Dashboard/span_Site administration' is clicked on

2022-01-16 06:29:20 - [MESSAGE][PASSED] - Object: 'Object Repository/Page_Dashboard/span_Site administration' is clicked on

2022-01-16 06:29:20 - [TEST_STEP][PASSED] - click(findTestObject("Object Repository/Page_Mood Administration Search/a_Courses")): Object: 'Object Repository/Page_Mood Administration Search/a_Courses' is clicked on

2022-01-16 06:29:21 - [MESSAGE][PASSED] - Object: 'Object Repository/Page_Mood Administration Search/a_Courses' is clicked on

2022-01-16 06:29:21 - [TEST_STEP][PASSED] - click(findTestObject("Object Repository/Page_Mood Administration Search/a_Add a new course")): Object: 'Object Repository/Page_Mood Administration Search/a_Add a new course' is clicked on

2022-01-16 06:29:22 - [MESSAGE][PASSED] - Object: 'Object Repository/Page_Mood Administration Search/a_Add a new course' is clicked on

2022-01-16 06:29:22 - [TEST_STEP][PASSED] - waitForElementVisible(findTestObject("Object Repository/Page_Mood Add a new course/input_Course full name_fullname"), 0): Object 'Object Repository/Page_Mood Add a new course/input_Course full name_fullname' is visible

2022-01-16 06:29:22 - [MESSAGE][WARNING] - Timeout '0' is invalid. Using default page load timeout: '30'

2022-01-16 06:29:23 - [MESSAGE][PASSED] - Object 'Object Repository/Page_Mood Add a new course/input_Course full name_fullname' is visible

2022-01-16 06:29:23 - [TEST_STEP][PASSED] - setText(findTestObject("Object Repository/Page_Mood Add a new course/input_Course full name_fullname"), "Statistics"): Text 'Statistics' is set on object 'Object Repository/Page_Mood Add a new course/input_Course full name_fullname'

2022-01-16 06:29:24 - [MESSAGE][PASSED] - Text 'Statistics' is set on object 'Object Repository/Page_Mood Add a new course/input_Course full name_fullname'

2022-01-16 06:29:24 - [TEST_STEP][PASSED] - setText(findTestObject("Object Repository/Page_Mood Add a new course/input_Course short name_shortname"), "Stats"): Text 'Stats' is set on object 'Object Repository/Page_Mood Add a new course/input_Course short name_shortname'

2022-01-16 06:29:25 - [MESSAGE][PASSED] - Text 'Stats' is set on object 'Object Repository/Page_Mood Add a new course/input_Course short name_shortname'

2022-01-16 06:29:25 - [TEST_STEP][PASSED] - waitForElementVisible(findTestObject("Object Repository/Page_Mood Add a new course/p_Course start date"), 0): Object 'Object Repository/Page_Mood Add a new course/p_Course start date' is visible

2022-01-16 06:29:25 - [MESSAGE][WARNING] - Timeout '0' is invalid. Using default page load timeout: '30'

2022-01-16 06:29:25 - [MESSAGE][PASSED] - Object 'Object Repository/Page_Mood Add a new course/p_Course start date' is visible

2022-01-16 06:29:25 - [TEST_STEP][PASSED] - selectOptionByValue(findTestObject("Object Repository/Page_Mood Add a new course/select_1        2        3        4        _45ea30"), "13", true): All options with value '13' are selected in object 'Object Repository/Page_Mood Add a new course/select_1        2        3        4        _45ea30'  using regular expression

2022-01-16 06:29:26 - [MESSAGE][PASSED] - All options with value '13' are selected in object 'Object Repository/Page_Mood Add a new course/select_1        2        3        4        _45ea30'  using regular expression

2022-01-16 06:29:26 - [TEST_STEP][PASSED] - selectOptionByValue(findTestObject("Object Repository/Page_Mood Add a new course/select_1        2        3        4        _45ea30_1"), "13", true): All options with value '13' are selected in object 'Object Repository/Page_Mood Add a new course/select_1        2        3        4        _45ea30_1'  using regular expression

2022-01-16 06:29:27 - [MESSAGE][PASSED] - All options with value '13' are selected in object 'Object Repository/Page_Mood Add a new course/select_1        2        3        4        _45ea30_1'  using regular expression

2022-01-16 06:29:27 - [TEST_STEP][PASSED] - waitForElementVisible(findTestObject("Object Repository/Page_Mood Add a new course/input__saveanddisplay"), 0): Object 'Object Repository/Page_Mood Add a new course/input__saveanddisplay' is visible

2022-01-16 06:29:27 - [MESSAGE][WARNING] - Timeout '0' is invalid. Using default page load timeout: '30'

2022-01-16 06:29:28 - [MESSAGE][PASSED] - Object 'Object Repository/Page_Mood Add a new course/input__saveanddisplay' is visible

2022-01-16 06:29:28 - [TEST_STEP][PASSED] - click(findTestObject("Object Repository/Page_Mood Add a new course/input__saveanddisplay")): Object: 'Object Repository/Page_Mood Add a new course/input__saveanddisplay' is clicked on

2022-01-16 06:29:29 - [MESSAGE][PASSED] - Object: 'Object Repository/Page_Mood Add a new course/input__saveanddisplay' is clicked on

2022-01-16 06:29:29 - [TEST_STEP][PASSED] - waitForElementVisible(findTestObject("Object Repository/Page_Stats Participants/input_Participants_btn btn-secondary my-1"), 0): Object 'Object Repository/Page_Stats Participants/input_Participants_btn btn-secondary my-1' is visible

2022-01-16 06:29:29 - [MESSAGE][WARNING] - Timeout '0' is invalid. Using default page load timeout: '30'

2022-01-16 06:29:29 - [MESSAGE][PASSED] - Object 'Object Repository/Page_Stats Participants/input_Participants_btn btn-secondary my-1' is visible

2022-01-16 06:29:29 - [TEST_STEP][PASSED] - click(findTestObject("Object Repository/Page_Stats Participants/input_Participants_btn btn-secondary my-1")): Object: 'Object Repository/Page_Stats Participants/input_Participants_btn btn-secondary my-1' is clicked on

2022-01-16 06:29:30 - [MESSAGE][PASSED] - Object: 'Object Repository/Page_Stats Participants/input_Participants_btn btn-secondary my-1' is clicked on

2022-01-16 06:29:30 - [TEST_STEP][PASSED] - click(findTestObject("Object Repository/Page_Stats Participants/span_")): Object: 'Object Repository/Page_Stats Participants/span_' is clicked on

2022-01-16 06:30:01 - [MESSAGE][INFO] - Unable to find the element located by 'By.xpath: //span[@id='form_autocomplete_downarrow-1642275051251']'. Please recheck the objects properties to make sure the desired element is located. 

2022-01-16 06:30:01 - [MESSAGE][WARNING] - [SELF-HEALING] Failed to find element with id 'Object Repository/Page_Stats Participants/span_'. Try using Self-healing.

2022-01-16 06:30:01 - [MESSAGE][WARNING] - [SELF-HEALING] The current locator of test object 'Object Repository/Page_Stats Participants/span_' was broken. Propose an alternative one: '//div[@id='fitem_id_userlist']/div[2]/div[3]/span'.

2022-01-16 06:30:01 - [MESSAGE][PASSED] - Object: 'Object Repository/Page_Stats Participants/span_' is clicked on

2022-01-16 06:30:01 - [TEST_STEP][PASSED] - click(findTestObject("Object Repository/Page_Stats Participants/li_Quach Minh Khoi    qmkhoi19gmail.com")): Object: 'Object Repository/Page_Stats Participants/li_Quach Minh Khoi    qmkhoi19gmail.com' is clicked on

2022-01-16 06:30:32 - [MESSAGE][INFO] - Unable to find the element located by 'By.xpath: //li[@id='form_autocomplete_suggestions-1642275051251-0']'. Please recheck the objects properties to make sure the desired element is located. 

2022-01-16 06:30:32 - [MESSAGE][WARNING] - [SELF-HEALING] Failed to find element with id 'Object Repository/Page_Stats Participants/li_Quach Minh Khoi    qmkhoi19gmail.com'. Try using Self-healing.

2022-01-16 06:30:32 - [MESSAGE][WARNING] - [SELF-HEALING] The current locator of test object 'Object Repository/Page_Stats Participants/li_Quach Minh Khoi    qmkhoi19gmail.com' was broken. Propose an alternative one: '(.//*[normalize-space(text()) and normalize-space(.)='▼'])[1]/following::li[1]'.

2022-01-16 06:30:33 - [MESSAGE][PASSED] - Object: 'Object Repository/Page_Stats Participants/li_Quach Minh Khoi    qmkhoi19gmail.com' is clicked on

2022-01-16 06:30:33 - [TEST_STEP][PASSED] - selectOptionByValue(findTestObject("Object Repository/Page_Stats Participants/select_Quach Minh Khoi    qmkhoi19gmail.com_d68a25"), "17", true): All options with value '17' are selected in object 'Object Repository/Page_Stats Participants/select_Quach Minh Khoi    qmkhoi19gmail.com_d68a25'  using regular expression

2022-01-16 06:30:34 - [MESSAGE][PASSED] - All options with value '17' are selected in object 'Object Repository/Page_Stats Participants/select_Quach Minh Khoi    qmkhoi19gmail.com_d68a25'  using regular expression

2022-01-16 06:30:34 - [TEST_STEP][PASSED] - selectOptionByValue(findTestObject("Object Repository/Page_Stats Participants/select_Quach Minh Khoi    qmkhoi19gmail.com_d68a25"), "17", true): All options with value '17' are selected in object 'Object Repository/Page_Stats Participants/select_Quach Minh Khoi    qmkhoi19gmail.com_d68a25'  using regular expression

2022-01-16 06:30:35 - [MESSAGE][PASSED] - All options with value '17' are selected in object 'Object Repository/Page_Stats Participants/select_Quach Minh Khoi    qmkhoi19gmail.com_d68a25'  using regular expression

2022-01-16 06:30:35 - [TEST_STEP][PASSED] - selectOptionByValue(findTestObject("Object Repository/Page_Stats Participants/select_Quach Minh Khoi    qmkhoi19gmail.com_d68a25"), "17", true): All options with value '17' are selected in object 'Object Repository/Page_Stats Participants/select_Quach Minh Khoi    qmkhoi19gmail.com_d68a25'  using regular expression

2022-01-16 06:30:35 - [MESSAGE][PASSED] - All options with value '17' are selected in object 'Object Repository/Page_Stats Participants/select_Quach Minh Khoi    qmkhoi19gmail.com_d68a25'  using regular expression

2022-01-16 06:30:35 - [TEST_STEP][PASSED] - selectOptionByValue(findTestObject("Object Repository/Page_Stats Participants/select_Quach Minh Khoi    qmkhoi19gmail.com_d68a25"), "17", true): All options with value '17' are selected in object 'Object Repository/Page_Stats Participants/select_Quach Minh Khoi    qmkhoi19gmail.com_d68a25'  using regular expression

2022-01-16 06:30:36 - [MESSAGE][PASSED] - All options with value '17' are selected in object 'Object Repository/Page_Stats Participants/select_Quach Minh Khoi    qmkhoi19gmail.com_d68a25'  using regular expression

2022-01-16 06:30:36 - [TEST_STEP][PASSED] - click(findTestObject("Object Repository/Page_Stats Participants/button_Enrol users")): Object: 'Object Repository/Page_Stats Participants/button_Enrol users' is clicked on

2022-01-16 06:31:07 - [MESSAGE][INFO] - Unable to find the element located by 'By.xpath: //button[@id='yui_3_17_2_1_1642275051002_262']'. Please recheck the objects properties to make sure the desired element is located. 

2022-01-16 06:31:07 - [MESSAGE][WARNING] - [SELF-HEALING] Failed to find element with id 'Object Repository/Page_Stats Participants/button_Enrol users'. Try using Self-healing.

2022-01-16 06:31:08 - [MESSAGE][WARNING] - [SELF-HEALING] The current locator of test object 'Object Repository/Page_Stats Participants/button_Enrol users' was broken. Propose an alternative one: '(.//*[normalize-space(text()) and normalize-space(.)='Minute'])[1]/following::button[1]'.

2022-01-16 06:31:08 - [MESSAGE][PASSED] - Object: 'Object Repository/Page_Stats Participants/button_Enrol users' is clicked on

2022-01-16 06:31:08 - [TEST_STEP][PASSED] - click(findTestObject("Object Repository/Page_Stats Participants/a_Admin User")): Object: 'Object Repository/Page_Stats Participants/a_Admin User' is clicked on

2022-01-16 06:31:08 - [MESSAGE][PASSED] - Object: 'Object Repository/Page_Stats Participants/a_Admin User' is clicked on

2022-01-16 06:31:08 - [TEST_STEP][PASSED] - click(findTestObject("Object Repository/Page_Stats Participants/span_Log out")): Object: 'Object Repository/Page_Stats Participants/span_Log out' is clicked on

2022-01-16 06:31:09 - [MESSAGE][PASSED] - Object: 'Object Repository/Page_Stats Participants/span_Log out' is clicked on

2022-01-16 06:31:09 - [TEST_STEP][PASSED] - click(findTestObject("Object Repository/Page_Moodle/a_Log in")): Object: 'Object Repository/Page_Moodle/a_Log in' is clicked on

2022-01-16 06:31:10 - [MESSAGE][PASSED] - Object: 'Object Repository/Page_Moodle/a_Log in' is clicked on

2022-01-16 06:31:10 - [TEST_STEP][PASSED] - setText(findTestObject("Object Repository/Page_Moodle Log in to the site/input_Username_username"), "qmkhoi"): Text 'qmkhoi' is set on object 'Object Repository/Page_Moodle Log in to the site/input_Username_username'

2022-01-16 06:31:11 - [MESSAGE][PASSED] - Text 'qmkhoi' is set on object 'Object Repository/Page_Moodle Log in to the site/input_Username_username'

2022-01-16 06:31:11 - [TEST_STEP][PASSED] - setEncryptedText(findTestObject("Object Repository/Page_Moodle Log in to the site/input_Password_password"), "eiP2h/EMT1hJlGmKEGA7sg=="): Text ****** has been set on object 'Object Repository/Page_Moodle Log in to the site/input_Password_password'

2022-01-16 06:31:11 - [MESSAGE][PASSED] - Text ****** has been set on object 'Object Repository/Page_Moodle Log in to the site/input_Password_password'

2022-01-16 06:31:11 - [TEST_STEP][PASSED] - click(findTestObject("Object Repository/Page_Moodle Log in to the site/button_Log in")): Object: 'Object Repository/Page_Moodle Log in to the site/button_Log in' is clicked on

2022-01-16 06:31:12 - [MESSAGE][PASSED] - Object: 'Object Repository/Page_Moodle Log in to the site/button_Log in' is clicked on

2022-01-16 06:31:12 - [TEST_STEP][PASSED] - verifyElementText(findTestObject("Object Repository/Page_Dashboard/span_Stats"), "Stats"): Actual text and expected text of test object 'Object Repository/Page_Dashboard/span_Stats' are matched.

2022-01-16 06:31:13 - [MESSAGE][PASSED] - Actual text and expected text of test object 'Object Repository/Page_Dashboard/span_Stats' are matched.

2022-01-16 06:31:13 - [TEST_STEP][PASSED] - click(findTestObject("Object Repository/Page_Dashboard/a_Quach Minh Khoi")): Object: 'Object Repository/Page_Dashboard/a_Quach Minh Khoi' is clicked on

2022-01-16 06:31:14 - [MESSAGE][PASSED] - Object: 'Object Repository/Page_Dashboard/a_Quach Minh Khoi' is clicked on

2022-01-16 06:31:14 - [TEST_STEP][PASSED] - click(findTestObject("Object Repository/Page_Dashboard/span_Log out")): Object: 'Object Repository/Page_Dashboard/span_Log out' is clicked on

2022-01-16 06:31:14 - [MESSAGE][PASSED] - Object: 'Object Repository/Page_Dashboard/span_Log out' is clicked on

2022-01-16 06:31:14 - [TEST_STEP][PASSED] - click(findTestObject("Object Repository/Page_Moodle/a_Log in")): Object: 'Object Repository/Page_Moodle/a_Log in' is clicked on

2022-01-16 06:31:15 - [MESSAGE][PASSED] - Object: 'Object Repository/Page_Moodle/a_Log in' is clicked on

2022-01-16 06:31:15 - [TEST_STEP][PASSED] - setText(findTestObject("Object Repository/Page_Moodle Log in to the site/input_Username_username"), "admin"): Text 'admin' is set on object 'Object Repository/Page_Moodle Log in to the site/input_Username_username'

2022-01-16 06:31:16 - [MESSAGE][PASSED] - Text 'admin' is set on object 'Object Repository/Page_Moodle Log in to the site/input_Username_username'

2022-01-16 06:31:16 - [TEST_STEP][PASSED] - setEncryptedText(findTestObject("Object Repository/Page_Moodle Log in to the site/input_Password_password"), "r6H/uPCyCbQX7sAf5E1f3g=="): Text ****** has been set on object 'Object Repository/Page_Moodle Log in to the site/input_Password_password'

2022-01-16 06:31:16 - [MESSAGE][PASSED] - Text ****** has been set on object 'Object Repository/Page_Moodle Log in to the site/input_Password_password'

2022-01-16 06:31:16 - [TEST_STEP][PASSED] - click(findTestObject("Object Repository/Page_Moodle Log in to the site/button_Log in")): Object: 'Object Repository/Page_Moodle Log in to the site/button_Log in' is clicked on

2022-01-16 06:31:17 - [MESSAGE][PASSED] - Object: 'Object Repository/Page_Moodle Log in to the site/button_Log in' is clicked on

2022-01-16 06:31:17 - [TEST_STEP][PASSED] - click(findTestObject("Object Repository/Page_Dashboard/span_Site administration")): Object: 'Object Repository/Page_Dashboard/span_Site administration' is clicked on

2022-01-16 06:31:19 - [MESSAGE][PASSED] - Object: 'Object Repository/Page_Dashboard/span_Site administration' is clicked on

2022-01-16 06:31:19 - [TEST_STEP][PASSED] - click(findTestObject("Object Repository/Page_Mood Administration Search/a_Courses")): Object: 'Object Repository/Page_Mood Administration Search/a_Courses' is clicked on

2022-01-16 06:31:20 - [MESSAGE][PASSED] - Object: 'Object Repository/Page_Mood Administration Search/a_Courses' is clicked on

2022-01-16 06:31:20 - [TEST_STEP][PASSED] - click(findTestObject("Object Repository/Page_Mood Administration Search/a_Manage courses and categories")): Object: 'Object Repository/Page_Mood Administration Search/a_Manage courses and categories' is clicked on

2022-01-16 06:31:21 - [MESSAGE][PASSED] - Object: 'Object Repository/Page_Mood Administration Search/a_Manage courses and categories' is clicked on

2022-01-16 06:31:21 - [TEST_STEP][PASSED] - waitForElementVisible(findTestObject("Object Repository/Page_Course and category management/div_Statistics bulk action selectionStatistics"), 0): Object 'Object Repository/Page_Course and category management/div_Statistics bulk action selectionStatistics' is visible

2022-01-16 06:31:21 - [MESSAGE][WARNING] - Timeout '0' is invalid. Using default page load timeout: '30'

2022-01-16 06:31:52 - [MESSAGE][INFO] - Unable to find the element located by 'By.xpath: //div[@id='yui_3_17_2_1_1642275183792_317']'. Please recheck the objects properties to make sure the desired element is located. 

2022-01-16 06:31:52 - [MESSAGE][WARNING] - [SELF-HEALING] Failed to find element with id 'Object Repository/Page_Course and category management/div_Statistics bulk action selectionStatistics'. Try using Self-healing.

2022-01-16 06:31:52 - [MESSAGE][WARNING] - [SELF-HEALING] The current locator of test object 'Object Repository/Page_Course and category management/div_Statistics bulk action selectionStatistics' was broken. Propose an alternative one: '(.//*[normalize-space(text()) and normalize-space(.)='All'])[1]/following::div[1]'.

2022-01-16 06:31:52 - [MESSAGE][PASSED] - Object 'Object Repository/Page_Course and category management/div_Statistics bulk action selectionStatistics' is visible

2022-01-16 06:31:52 - [TEST_STEP][PASSED] - verifyElementText(findTestObject("Object Repository/Page_Course and category management/a_Statistics"), "Statistics"): Actual text and expected text of test object 'Object Repository/Page_Course and category management/a_Statistics' are matched.

2022-01-16 06:32:23 - [MESSAGE][INFO] - Unable to find the element located by 'By.xpath: //a[@id='yui_3_17_2_1_1642275183792_325']'. Please recheck the objects properties to make sure the desired element is located. 

2022-01-16 06:32:23 - [MESSAGE][WARNING] - [SELF-HEALING] Failed to find element with id 'Object Repository/Page_Course and category management/a_Statistics'. Try using Self-healing.

2022-01-16 06:32:24 - [MESSAGE][WARNING] - [SELF-HEALING] The current locator of test object 'Object Repository/Page_Course and category management/a_Statistics' was broken. Propose an alternative one: '//a[contains(text(),'Statistics')]'.

2022-01-16 06:32:24 - [MESSAGE][PASSED] - Actual text and expected text of test object 'Object Repository/Page_Course and category management/a_Statistics' are matched.

2022-01-16 06:32:24 - [TEST_STEP][PASSED] - click(findTestObject("Object Repository/Page_Course and category management/i_Statistics_yui_3_17_2_1_1642275183792_327")): Object: 'Object Repository/Page_Course and category management/i_Statistics_yui_3_17_2_1_1642275183792_327' is clicked on

2022-01-16 06:32:55 - [MESSAGE][INFO] - Unable to find the element located by 'By.xpath: //i[@id='yui_3_17_2_1_1642275183792_327']'. Please recheck the objects properties to make sure the desired element is located. 

2022-01-16 06:32:55 - [MESSAGE][WARNING] - [SELF-HEALING] Failed to find element with id 'Object Repository/Page_Course and category management/i_Statistics_yui_3_17_2_1_1642275183792_327'. Try using Self-healing.

2022-01-16 06:32:55 - [MESSAGE][WARNING] - [SELF-HEALING] The current locator of test object 'Object Repository/Page_Course and category management/i_Statistics_yui_3_17_2_1_1642275183792_327' was broken. Propose an alternative one: '//span/a[3]/i'.

2022-01-16 06:32:55 - [MESSAGE][PASSED] - Object: 'Object Repository/Page_Course and category management/i_Statistics_yui_3_17_2_1_1642275183792_327' is clicked on

2022-01-16 06:32:55 - [TEST_STEP][PASSED] - click(findTestObject("Object Repository/Page_Mood Delete Stats/button_Delete")): Object: 'Object Repository/Page_Mood Delete Stats/button_Delete' is clicked on

2022-01-16 06:33:26 - [MESSAGE][INFO] - Unable to find the element located by 'By.xpath: //button[@id='single_button61e32188cdcac14']'. Please recheck the objects properties to make sure the desired element is located. 

2022-01-16 06:33:26 - [MESSAGE][WARNING] - [SELF-HEALING] Failed to find element with id 'Object Repository/Page_Mood Delete Stats/button_Delete'. Try using Self-healing.

2022-01-16 06:33:27 - [MESSAGE][WARNING] - [SELF-HEALING] The current locator of test object 'Object Repository/Page_Mood Delete Stats/button_Delete' was broken. Propose an alternative one: '//div[@id='modal-footer']/div/div/form/button'.

2022-01-16 06:33:28 - [MESSAGE][PASSED] - Object: 'Object Repository/Page_Mood Delete Stats/button_Delete' is clicked on

2022-01-16 06:33:28 - [TEST_STEP][PASSED] - verifyElementText(findTestObject("Object Repository/Page_Mood Deleting Stats/h2_Deleting Stats"), "Deleting Stats"): Actual text and expected text of test object 'Object Repository/Page_Mood Deleting Stats/h2_Deleting Stats' are matched.

2022-01-16 06:33:28 - [MESSAGE][PASSED] - Actual text and expected text of test object 'Object Repository/Page_Mood Deleting Stats/h2_Deleting Stats' are matched.

2022-01-16 06:33:28 - [TEST_STEP][PASSED] - closeBrowser(): Browser is closed

2022-01-16 06:33:29 - [MESSAGE][PASSED] - Browser is closed]]></system-out>
         <system-err><![CDATA[]]></system-err>
      </testcase>
      <testcase name="Test Cases/test case 12" time="258.586" classname="Test Cases/test case 12" status="PASSED">
         <system-out><![CDATA[2022-01-16 06:33:29 - [TEST_CASE][PASSED] - Test Cases/test case 12: Test Cases/test case 12

2022-01-16 06:33:29 - [TEST_STEP][PASSED] - openBrowser(""): Browser is opened with url: ''

2022-01-16 06:33:29 - [MESSAGE][INFO] - Starting 'Chrome' driver

2022-01-16 06:33:29 - [MESSAGE][INFO] - Action delay is set to 0 milliseconds

2022-01-16 06:33:30 - [MESSAGE][PASSED] - Browser is opened with url: ''

2022-01-16 06:33:30 - [TEST_STEP][PASSED] - navigateToUrl("http://localhost/"): Navigate to 'http://localhost/' successfully

2022-01-16 06:33:31 - [MESSAGE][PASSED] - Navigate to 'http://localhost/' successfully

2022-01-16 06:33:31 - [TEST_STEP][PASSED] - click(findTestObject("Object Repository/Page_Moodle/a_Log in")): Object: 'Object Repository/Page_Moodle/a_Log in' is clicked on

2022-01-16 06:33:32 - [MESSAGE][PASSED] - Object: 'Object Repository/Page_Moodle/a_Log in' is clicked on

2022-01-16 06:33:32 - [TEST_STEP][PASSED] - setText(findTestObject("Object Repository/Page_Moodle Log in to the site/input_Username_username"), "admin"): Text 'admin' is set on object 'Object Repository/Page_Moodle Log in to the site/input_Username_username'

2022-01-16 06:33:33 - [MESSAGE][PASSED] - Text 'admin' is set on object 'Object Repository/Page_Moodle Log in to the site/input_Username_username'

2022-01-16 06:33:33 - [TEST_STEP][PASSED] - setEncryptedText(findTestObject("Object Repository/Page_Moodle Log in to the site/input_Password_password"), "r6H/uPCyCbQX7sAf5E1f3g=="): Text ****** has been set on object 'Object Repository/Page_Moodle Log in to the site/input_Password_password'

2022-01-16 06:33:33 - [MESSAGE][PASSED] - Text ****** has been set on object 'Object Repository/Page_Moodle Log in to the site/input_Password_password'

2022-01-16 06:33:33 - [TEST_STEP][PASSED] - click(findTestObject("Object Repository/Page_Moodle Log in to the site/button_Log in")): Object: 'Object Repository/Page_Moodle Log in to the site/button_Log in' is clicked on

2022-01-16 06:33:34 - [MESSAGE][PASSED] - Object: 'Object Repository/Page_Moodle Log in to the site/button_Log in' is clicked on

2022-01-16 06:33:34 - [TEST_STEP][PASSED] - click(findTestObject("Object Repository/Page_Dashboard/span_Site administration")): Object: 'Object Repository/Page_Dashboard/span_Site administration' is clicked on

2022-01-16 06:33:36 - [MESSAGE][PASSED] - Object: 'Object Repository/Page_Dashboard/span_Site administration' is clicked on

2022-01-16 06:33:36 - [TEST_STEP][PASSED] - click(findTestObject("Object Repository/Page_Mood Administration Search/a_Courses")): Object: 'Object Repository/Page_Mood Administration Search/a_Courses' is clicked on

2022-01-16 06:33:37 - [MESSAGE][PASSED] - Object: 'Object Repository/Page_Mood Administration Search/a_Courses' is clicked on

2022-01-16 06:33:37 - [TEST_STEP][PASSED] - click(findTestObject("Object Repository/Page_Mood Administration Search/a_Manage courses and categories")): Object: 'Object Repository/Page_Mood Administration Search/a_Manage courses and categories' is clicked on

2022-01-16 06:33:38 - [MESSAGE][PASSED] - Object: 'Object Repository/Page_Mood Administration Search/a_Manage courses and categories' is clicked on

2022-01-16 06:33:38 - [TEST_STEP][PASSED] - click(findTestObject("Object Repository/Page_Course and category management/a_Create new course")): Object: 'Object Repository/Page_Course and category management/a_Create new course' is clicked on

2022-01-16 06:34:09 - [MESSAGE][INFO] - Unable to find the element located by 'By.xpath: //div[@id='yui_3_17_2_1_1642173112741_71']/div/div/a'. Please recheck the objects properties to make sure the desired element is located. 

2022-01-16 06:34:09 - [MESSAGE][WARNING] - [SELF-HEALING] Failed to find element with id 'Object Repository/Page_Course and category management/a_Create new course'. Try using Self-healing.

2022-01-16 06:34:09 - [MESSAGE][WARNING] - [SELF-HEALING] The current locator of test object 'Object Repository/Page_Course and category management/a_Create new course' was broken. Propose an alternative one: '//a[contains(text(),'Create new course')]'.

2022-01-16 06:34:10 - [MESSAGE][PASSED] - Object: 'Object Repository/Page_Course and category management/a_Create new course' is clicked on

2022-01-16 06:34:10 - [TEST_STEP][PASSED] - waitForElementVisible(findTestObject("Object Repository/Page_Mood Add a new course/label_Course full name"), 0): Object 'Object Repository/Page_Mood Add a new course/label_Course full name' is visible

2022-01-16 06:34:10 - [MESSAGE][WARNING] - Timeout '0' is invalid. Using default page load timeout: '30'

2022-01-16 06:34:11 - [MESSAGE][PASSED] - Object 'Object Repository/Page_Mood Add a new course/label_Course full name' is visible

2022-01-16 06:34:11 - [TEST_STEP][PASSED] - setText(findTestObject("Object Repository/Page_Mood Add a new course/input_Course full name_fullname"), "Statistics"): Text 'Statistics' is set on object 'Object Repository/Page_Mood Add a new course/input_Course full name_fullname'

2022-01-16 06:34:12 - [MESSAGE][PASSED] - Text 'Statistics' is set on object 'Object Repository/Page_Mood Add a new course/input_Course full name_fullname'

2022-01-16 06:34:12 - [TEST_STEP][PASSED] - setText(findTestObject("Object Repository/Page_Mood Add a new course/input_Course short name_shortname"), "Stats"): Text 'Stats' is set on object 'Object Repository/Page_Mood Add a new course/input_Course short name_shortname'

2022-01-16 06:34:13 - [MESSAGE][PASSED] - Text 'Stats' is set on object 'Object Repository/Page_Mood Add a new course/input_Course short name_shortname'

2022-01-16 06:34:13 - [TEST_STEP][PASSED] - waitForElementVisible(findTestObject("Object Repository/Page_Mood Add a new course/p_Course start date"), 0): Object 'Object Repository/Page_Mood Add a new course/p_Course start date' is visible

2022-01-16 06:34:13 - [MESSAGE][WARNING] - Timeout '0' is invalid. Using default page load timeout: '30'

2022-01-16 06:34:13 - [MESSAGE][PASSED] - Object 'Object Repository/Page_Mood Add a new course/p_Course start date' is visible

2022-01-16 06:34:13 - [TEST_STEP][PASSED] - selectOptionByValue(findTestObject("Object Repository/Page_Mood Add a new course/select_1        2        3        4        _45ea30"), "13", true): All options with value '13' are selected in object 'Object Repository/Page_Mood Add a new course/select_1        2        3        4        _45ea30'  using regular expression

2022-01-16 06:34:14 - [MESSAGE][PASSED] - All options with value '13' are selected in object 'Object Repository/Page_Mood Add a new course/select_1        2        3        4        _45ea30'  using regular expression

2022-01-16 06:34:14 - [TEST_STEP][PASSED] - selectOptionByValue(findTestObject("Object Repository/Page_Mood Add a new course/select_1        2        3        4        _45ea30_1"), "13", true): All options with value '13' are selected in object 'Object Repository/Page_Mood Add a new course/select_1        2        3        4        _45ea30_1'  using regular expression

2022-01-16 06:34:16 - [MESSAGE][PASSED] - All options with value '13' are selected in object 'Object Repository/Page_Mood Add a new course/select_1        2        3        4        _45ea30_1'  using regular expression

2022-01-16 06:34:16 - [TEST_STEP][PASSED] - waitForElementVisible(findTestObject("Object Repository/Page_Mood Add a new course/input__saveanddisplay"), 0): Object 'Object Repository/Page_Mood Add a new course/input__saveanddisplay' is visible

2022-01-16 06:34:16 - [MESSAGE][WARNING] - Timeout '0' is invalid. Using default page load timeout: '30'

2022-01-16 06:34:16 - [MESSAGE][PASSED] - Object 'Object Repository/Page_Mood Add a new course/input__saveanddisplay' is visible

2022-01-16 06:34:16 - [TEST_STEP][PASSED] - click(findTestObject("Object Repository/Page_Mood Add a new course/input__saveanddisplay")): Object: 'Object Repository/Page_Mood Add a new course/input__saveanddisplay' is clicked on

2022-01-16 06:34:17 - [MESSAGE][PASSED] - Object: 'Object Repository/Page_Mood Add a new course/input__saveanddisplay' is clicked on

2022-01-16 06:34:17 - [TEST_STEP][PASSED] - waitForElementVisible(findTestObject("Object Repository/Page_Stats Participants/input_Participants_btn btn-secondary my-1"), 0): Object 'Object Repository/Page_Stats Participants/input_Participants_btn btn-secondary my-1' is visible

2022-01-16 06:34:17 - [MESSAGE][WARNING] - Timeout '0' is invalid. Using default page load timeout: '30'

2022-01-16 06:34:17 - [MESSAGE][PASSED] - Object 'Object Repository/Page_Stats Participants/input_Participants_btn btn-secondary my-1' is visible

2022-01-16 06:34:17 - [TEST_STEP][PASSED] - click(findTestObject("Object Repository/Page_Stats Participants/input_Participants_btn btn-secondary my-1")): Object: 'Object Repository/Page_Stats Participants/input_Participants_btn btn-secondary my-1' is clicked on

2022-01-16 06:34:18 - [MESSAGE][PASSED] - Object: 'Object Repository/Page_Stats Participants/input_Participants_btn btn-secondary my-1' is clicked on

2022-01-16 06:34:18 - [TEST_STEP][PASSED] - click(findTestObject("Object Repository/Page_Stats Participants/span_")): Object: 'Object Repository/Page_Stats Participants/span_' is clicked on

2022-01-16 06:34:49 - [MESSAGE][INFO] - Unable to find the element located by 'By.xpath: //span[@id='form_autocomplete_downarrow-1642275051251']'. Please recheck the objects properties to make sure the desired element is located. 

2022-01-16 06:34:49 - [MESSAGE][WARNING] - [SELF-HEALING] Failed to find element with id 'Object Repository/Page_Stats Participants/span_'. Try using Self-healing.

2022-01-16 06:34:49 - [MESSAGE][WARNING] - [SELF-HEALING] The current locator of test object 'Object Repository/Page_Stats Participants/span_' was broken. Propose an alternative one: '//div[@id='fitem_id_userlist']/div[2]/div[3]/span'.

2022-01-16 06:34:49 - [MESSAGE][PASSED] - Object: 'Object Repository/Page_Stats Participants/span_' is clicked on

2022-01-16 06:34:49 - [TEST_STEP][PASSED] - click(findTestObject("Object Repository/Page_Stats Participants/span_Quach Minh Khoi")): Object: 'Object Repository/Page_Stats Participants/span_Quach Minh Khoi' is clicked on

2022-01-16 06:35:21 - [MESSAGE][INFO] - Unable to find the element located by 'By.xpath: //li[@id='form_autocomplete_suggestions-1642173244309-0']/span/span'. Please recheck the objects properties to make sure the desired element is located. 

2022-01-16 06:35:21 - [MESSAGE][WARNING] - [SELF-HEALING] Failed to find element with id 'Object Repository/Page_Stats Participants/span_Quach Minh Khoi'. Try using Self-healing.

2022-01-16 06:35:21 - [MESSAGE][WARNING] - [SELF-HEALING] The current locator of test object 'Object Repository/Page_Stats Participants/span_Quach Minh Khoi' was broken. Propose an alternative one: '(.//*[normalize-space(text()) and normalize-space(.)='▼'])[1]/following::span[2]'.

2022-01-16 06:35:21 - [MESSAGE][PASSED] - Object: 'Object Repository/Page_Stats Participants/span_Quach Minh Khoi' is clicked on

2022-01-16 06:35:21 - [TEST_STEP][PASSED] - selectOptionByValue(findTestObject("Object Repository/Page_Stats Participants/select_Quach Minh Khoi    qmkhoi19gmail.com_d68a25"), "17", true): All options with value '17' are selected in object 'Object Repository/Page_Stats Participants/select_Quach Minh Khoi    qmkhoi19gmail.com_d68a25'  using regular expression

2022-01-16 06:35:22 - [MESSAGE][PASSED] - All options with value '17' are selected in object 'Object Repository/Page_Stats Participants/select_Quach Minh Khoi    qmkhoi19gmail.com_d68a25'  using regular expression

2022-01-16 06:35:22 - [TEST_STEP][PASSED] - selectOptionByValue(findTestObject("Object Repository/Page_Stats Participants/select_Quach Minh Khoi    qmkhoi19gmail.com_d68a25"), "17", true): All options with value '17' are selected in object 'Object Repository/Page_Stats Participants/select_Quach Minh Khoi    qmkhoi19gmail.com_d68a25'  using regular expression

2022-01-16 06:35:23 - [MESSAGE][PASSED] - All options with value '17' are selected in object 'Object Repository/Page_Stats Participants/select_Quach Minh Khoi    qmkhoi19gmail.com_d68a25'  using regular expression

2022-01-16 06:35:23 - [TEST_STEP][PASSED] - selectOptionByValue(findTestObject("Object Repository/Page_Stats Participants/select_Quach Minh Khoi    qmkhoi19gmail.com_d68a25"), "17", true): All options with value '17' are selected in object 'Object Repository/Page_Stats Participants/select_Quach Minh Khoi    qmkhoi19gmail.com_d68a25'  using regular expression

2022-01-16 06:35:24 - [MESSAGE][PASSED] - All options with value '17' are selected in object 'Object Repository/Page_Stats Participants/select_Quach Minh Khoi    qmkhoi19gmail.com_d68a25'  using regular expression

2022-01-16 06:35:24 - [TEST_STEP][PASSED] - selectOptionByValue(findTestObject("Object Repository/Page_Stats Participants/select_Quach Minh Khoi    qmkhoi19gmail.com_d68a25"), "17", true): All options with value '17' are selected in object 'Object Repository/Page_Stats Participants/select_Quach Minh Khoi    qmkhoi19gmail.com_d68a25'  using regular expression

2022-01-16 06:35:25 - [MESSAGE][PASSED] - All options with value '17' are selected in object 'Object Repository/Page_Stats Participants/select_Quach Minh Khoi    qmkhoi19gmail.com_d68a25'  using regular expression

2022-01-16 06:35:25 - [TEST_STEP][PASSED] - click(findTestObject("Object Repository/Page_Stats Participants/label_Assign role")): Object: 'Object Repository/Page_Stats Participants/label_Assign role' is clicked on

2022-01-16 06:35:25 - [MESSAGE][PASSED] - Object: 'Object Repository/Page_Stats Participants/label_Assign role' is clicked on

2022-01-16 06:35:25 - [TEST_STEP][PASSED] - click(findTestObject("Object Repository/Page_Stats Participants/button_Enrol users")): Object: 'Object Repository/Page_Stats Participants/button_Enrol users' is clicked on

2022-01-16 06:35:57 - [MESSAGE][INFO] - Unable to find the element located by 'By.xpath: //button[@id='yui_3_17_2_1_1642275051002_262']'. Please recheck the objects properties to make sure the desired element is located. 

2022-01-16 06:35:57 - [MESSAGE][WARNING] - [SELF-HEALING] Failed to find element with id 'Object Repository/Page_Stats Participants/button_Enrol users'. Try using Self-healing.

2022-01-16 06:35:57 - [MESSAGE][WARNING] - [SELF-HEALING] The current locator of test object 'Object Repository/Page_Stats Participants/button_Enrol users' was broken. Propose an alternative one: '(.//*[normalize-space(text()) and normalize-space(.)='Minute'])[1]/following::button[1]'.

2022-01-16 06:35:57 - [MESSAGE][PASSED] - Object: 'Object Repository/Page_Stats Participants/button_Enrol users' is clicked on

2022-01-16 06:35:57 - [TEST_STEP][PASSED] - click(findTestObject("Object Repository/Page_Stats Participants/a_Admin User")): Object: 'Object Repository/Page_Stats Participants/a_Admin User' is clicked on

2022-01-16 06:35:58 - [MESSAGE][PASSED] - Object: 'Object Repository/Page_Stats Participants/a_Admin User' is clicked on

2022-01-16 06:35:58 - [TEST_STEP][PASSED] - click(findTestObject("Object Repository/Page_Stats Participants/span_Log out")): Object: 'Object Repository/Page_Stats Participants/span_Log out' is clicked on

2022-01-16 06:35:58 - [MESSAGE][PASSED] - Object: 'Object Repository/Page_Stats Participants/span_Log out' is clicked on

2022-01-16 06:35:58 - [TEST_STEP][PASSED] - click(findTestObject("Object Repository/Page_Moodle/a_Log in")): Object: 'Object Repository/Page_Moodle/a_Log in' is clicked on

2022-01-16 06:35:59 - [MESSAGE][PASSED] - Object: 'Object Repository/Page_Moodle/a_Log in' is clicked on

2022-01-16 06:35:59 - [TEST_STEP][PASSED] - setText(findTestObject("Object Repository/Page_Moodle Log in to the site/input_Username_username"), "qmkhoi"): Text 'qmkhoi' is set on object 'Object Repository/Page_Moodle Log in to the site/input_Username_username'

2022-01-16 06:36:00 - [MESSAGE][PASSED] - Text 'qmkhoi' is set on object 'Object Repository/Page_Moodle Log in to the site/input_Username_username'

2022-01-16 06:36:00 - [TEST_STEP][PASSED] - setEncryptedText(findTestObject("Object Repository/Page_Moodle Log in to the site/input_Password_password"), "eiP2h/EMT1hJlGmKEGA7sg=="): Text ****** has been set on object 'Object Repository/Page_Moodle Log in to the site/input_Password_password'

2022-01-16 06:36:00 - [MESSAGE][PASSED] - Text ****** has been set on object 'Object Repository/Page_Moodle Log in to the site/input_Password_password'

2022-01-16 06:36:00 - [TEST_STEP][PASSED] - click(findTestObject("Object Repository/Page_Moodle Log in to the site/button_Log in")): Object: 'Object Repository/Page_Moodle Log in to the site/button_Log in' is clicked on

2022-01-16 06:36:01 - [MESSAGE][PASSED] - Object: 'Object Repository/Page_Moodle Log in to the site/button_Log in' is clicked on

2022-01-16 06:36:01 - [TEST_STEP][PASSED] - verifyElementText(findTestObject("Object Repository/Page_Dashboard/span_Stats"), "Stats"): Actual text and expected text of test object 'Object Repository/Page_Dashboard/span_Stats' are matched.

2022-01-16 06:36:03 - [MESSAGE][PASSED] - Actual text and expected text of test object 'Object Repository/Page_Dashboard/span_Stats' are matched.

2022-01-16 06:36:03 - [TEST_STEP][PASSED] - click(findTestObject("Object Repository/Page_Dashboard/a_Quach Minh Khoi")): Object: 'Object Repository/Page_Dashboard/a_Quach Minh Khoi' is clicked on

2022-01-16 06:36:03 - [MESSAGE][PASSED] - Object: 'Object Repository/Page_Dashboard/a_Quach Minh Khoi' is clicked on

2022-01-16 06:36:03 - [TEST_STEP][PASSED] - click(findTestObject("Object Repository/Page_Dashboard/span_Log out")): Object: 'Object Repository/Page_Dashboard/span_Log out' is clicked on

2022-01-16 06:36:04 - [MESSAGE][PASSED] - Object: 'Object Repository/Page_Dashboard/span_Log out' is clicked on

2022-01-16 06:36:04 - [TEST_STEP][PASSED] - click(findTestObject("Object Repository/Page_Moodle/a_Log in")): Object: 'Object Repository/Page_Moodle/a_Log in' is clicked on

2022-01-16 06:36:05 - [MESSAGE][PASSED] - Object: 'Object Repository/Page_Moodle/a_Log in' is clicked on

2022-01-16 06:36:05 - [TEST_STEP][PASSED] - setText(findTestObject("Object Repository/Page_Moodle Log in to the site/input_Username_username"), "admin"): Text 'admin' is set on object 'Object Repository/Page_Moodle Log in to the site/input_Username_username'

2022-01-16 06:36:06 - [MESSAGE][PASSED] - Text 'admin' is set on object 'Object Repository/Page_Moodle Log in to the site/input_Username_username'

2022-01-16 06:36:06 - [TEST_STEP][PASSED] - setEncryptedText(findTestObject("Object Repository/Page_Moodle Log in to the site/input_Password_password"), "r6H/uPCyCbQX7sAf5E1f3g=="): Text ****** has been set on object 'Object Repository/Page_Moodle Log in to the site/input_Password_password'

2022-01-16 06:36:06 - [MESSAGE][PASSED] - Text ****** has been set on object 'Object Repository/Page_Moodle Log in to the site/input_Password_password'

2022-01-16 06:36:06 - [TEST_STEP][PASSED] - click(findTestObject("Object Repository/Page_Moodle Log in to the site/button_Log in")): Object: 'Object Repository/Page_Moodle Log in to the site/button_Log in' is clicked on

2022-01-16 06:36:07 - [MESSAGE][PASSED] - Object: 'Object Repository/Page_Moodle Log in to the site/button_Log in' is clicked on

2022-01-16 06:36:07 - [TEST_STEP][PASSED] - click(findTestObject("Object Repository/Page_Dashboard/span_Site administration")): Object: 'Object Repository/Page_Dashboard/span_Site administration' is clicked on

2022-01-16 06:36:09 - [MESSAGE][PASSED] - Object: 'Object Repository/Page_Dashboard/span_Site administration' is clicked on

2022-01-16 06:36:09 - [TEST_STEP][PASSED] - click(findTestObject("Object Repository/Page_Mood Administration Search/a_Courses")): Object: 'Object Repository/Page_Mood Administration Search/a_Courses' is clicked on

2022-01-16 06:36:10 - [MESSAGE][PASSED] - Object: 'Object Repository/Page_Mood Administration Search/a_Courses' is clicked on

2022-01-16 06:36:10 - [TEST_STEP][PASSED] - click(findTestObject("Object Repository/Page_Mood Administration Search/a_Manage courses and categories")): Object: 'Object Repository/Page_Mood Administration Search/a_Manage courses and categories' is clicked on

2022-01-16 06:36:10 - [MESSAGE][PASSED] - Object: 'Object Repository/Page_Mood Administration Search/a_Manage courses and categories' is clicked on

2022-01-16 06:36:10 - [TEST_STEP][PASSED] - waitForElementVisible(findTestObject("Object Repository/Page_Course and category management/a_Statistics"), 0): Object 'Object Repository/Page_Course and category management/a_Statistics' is visible

2022-01-16 06:36:10 - [MESSAGE][WARNING] - Timeout '0' is invalid. Using default page load timeout: '30'

2022-01-16 06:36:41 - [MESSAGE][INFO] - Unable to find the element located by 'By.xpath: //a[@id='yui_3_17_2_1_1642275183792_325']'. Please recheck the objects properties to make sure the desired element is located. 

2022-01-16 06:36:41 - [MESSAGE][WARNING] - [SELF-HEALING] Failed to find element with id 'Object Repository/Page_Course and category management/a_Statistics'. Try using Self-healing.

2022-01-16 06:36:42 - [MESSAGE][WARNING] - [SELF-HEALING] The current locator of test object 'Object Repository/Page_Course and category management/a_Statistics' was broken. Propose an alternative one: '//a[contains(text(),'Statistics')]'.

2022-01-16 06:36:42 - [MESSAGE][PASSED] - Object 'Object Repository/Page_Course and category management/a_Statistics' is visible

2022-01-16 06:36:42 - [TEST_STEP][PASSED] - click(findTestObject("Object Repository/Page_Course and category management/i_Statistics_yui_3_17_2_1_1642173463341_325")): Object: 'Object Repository/Page_Course and category management/i_Statistics_yui_3_17_2_1_1642173463341_325' is clicked on

2022-01-16 06:37:13 - [MESSAGE][INFO] - Unable to find the element located by 'By.xpath: //i[@id='yui_3_17_2_1_1642173463341_325']'. Please recheck the objects properties to make sure the desired element is located. 

2022-01-16 06:37:13 - [MESSAGE][WARNING] - [SELF-HEALING] Failed to find element with id 'Object Repository/Page_Course and category management/i_Statistics_yui_3_17_2_1_1642173463341_325'. Try using Self-healing.

2022-01-16 06:37:13 - [MESSAGE][WARNING] - [SELF-HEALING] The current locator of test object 'Object Repository/Page_Course and category management/i_Statistics_yui_3_17_2_1_1642173463341_325' was broken. Propose an alternative one: '//span/a[3]/i'.

2022-01-16 06:37:13 - [MESSAGE][PASSED] - Object: 'Object Repository/Page_Course and category management/i_Statistics_yui_3_17_2_1_1642173463341_325' is clicked on

2022-01-16 06:37:13 - [TEST_STEP][PASSED] - click(findTestObject("Object Repository/Page_Mood Delete Stats/button_Delete")): Object: 'Object Repository/Page_Mood Delete Stats/button_Delete' is clicked on

2022-01-16 06:37:45 - [MESSAGE][INFO] - Unable to find the element located by 'By.xpath: //button[@id='single_button61e32188cdcac14']'. Please recheck the objects properties to make sure the desired element is located. 

2022-01-16 06:37:45 - [MESSAGE][WARNING] - [SELF-HEALING] Failed to find element with id 'Object Repository/Page_Mood Delete Stats/button_Delete'. Try using Self-healing.

2022-01-16 06:37:45 - [MESSAGE][WARNING] - [SELF-HEALING] The current locator of test object 'Object Repository/Page_Mood Delete Stats/button_Delete' was broken. Propose an alternative one: '//div[@id='modal-footer']/div/div/form/button'.

2022-01-16 06:37:46 - [MESSAGE][PASSED] - Object: 'Object Repository/Page_Mood Delete Stats/button_Delete' is clicked on

2022-01-16 06:37:46 - [TEST_STEP][PASSED] - click(findTestObject("Object Repository/Page_Mood Deleting Stats/section_Deleting Stats        Deleted - Com_528425")): Object: 'Object Repository/Page_Mood Deleting Stats/section_Deleting Stats        Deleted - Com_528425' is clicked on

2022-01-16 06:37:46 - [MESSAGE][PASSED] - Object: 'Object Repository/Page_Mood Deleting Stats/section_Deleting Stats        Deleted - Com_528425' is clicked on

2022-01-16 06:37:46 - [TEST_STEP][PASSED] - verifyElementText(findTestObject("Object Repository/Page_Mood Deleting Stats/h2_Deleting Stats"), "Deleting Stats"): Actual text and expected text of test object 'Object Repository/Page_Mood Deleting Stats/h2_Deleting Stats' are matched.

2022-01-16 06:37:47 - [MESSAGE][PASSED] - Actual text and expected text of test object 'Object Repository/Page_Mood Deleting Stats/h2_Deleting Stats' are matched.

2022-01-16 06:37:47 - [TEST_STEP][PASSED] - closeBrowser(): Browser is closed

2022-01-16 06:37:47 - [MESSAGE][PASSED] - Browser is closed]]></system-out>
         <system-err><![CDATA[]]></system-err>
      </testcase>
      <testcase name="Test Cases/test case 13" time="43.662" classname="Test Cases/test case 13" status="PASSED">
         <system-out><![CDATA[2022-01-16 06:37:47 - [TEST_CASE][PASSED] - Test Cases/test case 13: Test Cases/test case 13

2022-01-16 06:37:48 - [TEST_STEP][PASSED] - openBrowser(""): Browser is opened with url: ''

2022-01-16 06:37:48 - [MESSAGE][INFO] - Starting 'Chrome' driver

2022-01-16 06:37:48 - [MESSAGE][INFO] - Action delay is set to 0 milliseconds

2022-01-16 06:37:49 - [MESSAGE][PASSED] - Browser is opened with url: ''

2022-01-16 06:37:49 - [TEST_STEP][PASSED] - navigateToUrl("http://localhost/"): Navigate to 'http://localhost/' successfully

2022-01-16 06:37:50 - [MESSAGE][PASSED] - Navigate to 'http://localhost/' successfully

2022-01-16 06:37:50 - [TEST_STEP][PASSED] - click(findTestObject("Object Repository/Page_Moodle/a_Log in")): Object: 'Object Repository/Page_Moodle/a_Log in' is clicked on

2022-01-16 06:37:51 - [MESSAGE][PASSED] - Object: 'Object Repository/Page_Moodle/a_Log in' is clicked on

2022-01-16 06:37:51 - [TEST_STEP][PASSED] - setText(findTestObject("Object Repository/Page_Moodle Log in to the site/input_Username_username"), "admin"): Text 'admin' is set on object 'Object Repository/Page_Moodle Log in to the site/input_Username_username'

2022-01-16 06:37:51 - [MESSAGE][PASSED] - Text 'admin' is set on object 'Object Repository/Page_Moodle Log in to the site/input_Username_username'

2022-01-16 06:37:51 - [TEST_STEP][PASSED] - setEncryptedText(findTestObject("Object Repository/Page_Moodle Log in to the site/input_Password_password"), "r6H/uPCyCbQX7sAf5E1f3g=="): Text ****** has been set on object 'Object Repository/Page_Moodle Log in to the site/input_Password_password'

2022-01-16 06:37:52 - [MESSAGE][PASSED] - Text ****** has been set on object 'Object Repository/Page_Moodle Log in to the site/input_Password_password'

2022-01-16 06:37:52 - [TEST_STEP][PASSED] - click(findTestObject("Object Repository/Page_Moodle Log in to the site/button_Log in")): Object: 'Object Repository/Page_Moodle Log in to the site/button_Log in' is clicked on

2022-01-16 06:37:53 - [MESSAGE][PASSED] - Object: 'Object Repository/Page_Moodle Log in to the site/button_Log in' is clicked on

2022-01-16 06:37:53 - [TEST_STEP][PASSED] - verifyElementText(findTestObject("Object Repository/Page_Dashboard/span_Site administration"), "Site administration"): Actual text and expected text of test object 'Object Repository/Page_Dashboard/span_Site administration' are matched.

2022-01-16 06:37:54 - [MESSAGE][PASSED] - Actual text and expected text of test object 'Object Repository/Page_Dashboard/span_Site administration' are matched.

2022-01-16 06:37:54 - [TEST_STEP][PASSED] - click(findTestObject("Object Repository/Page_Dashboard/span_Site administration")): Object: 'Object Repository/Page_Dashboard/span_Site administration' is clicked on

2022-01-16 06:37:55 - [MESSAGE][PASSED] - Object: 'Object Repository/Page_Dashboard/span_Site administration' is clicked on

2022-01-16 06:37:55 - [TEST_STEP][PASSED] - click(findTestObject("Object Repository/Page_Mood Administration Search/a_Courses")): Object: 'Object Repository/Page_Mood Administration Search/a_Courses' is clicked on

2022-01-16 06:37:56 - [MESSAGE][PASSED] - Object: 'Object Repository/Page_Mood Administration Search/a_Courses' is clicked on

2022-01-16 06:37:56 - [TEST_STEP][PASSED] - click(findTestObject("Object Repository/Page_Mood Administration Search/a_Add a new course")): Object: 'Object Repository/Page_Mood Administration Search/a_Add a new course' is clicked on

2022-01-16 06:37:57 - [MESSAGE][PASSED] - Object: 'Object Repository/Page_Mood Administration Search/a_Add a new course' is clicked on

2022-01-16 06:37:57 - [TEST_STEP][PASSED] - verifyElementText(findTestObject("Object Repository/Page_Mood Add a new course/h2_Add a new course"), "Add a new course"): Actual text and expected text of test object 'Object Repository/Page_Mood Add a new course/h2_Add a new course' are matched.

2022-01-16 06:38:28 - [MESSAGE][INFO] - Unable to find the element located by 'By.xpath: //div[@id='yui_3_17_2_1_1642243253552_65']/h2'. Please recheck the objects properties to make sure the desired element is located. 

2022-01-16 06:38:28 - [MESSAGE][WARNING] - [SELF-HEALING] Failed to find element with id 'Object Repository/Page_Mood Add a new course/h2_Add a new course'. Try using Self-healing.

2022-01-16 06:38:29 - [MESSAGE][WARNING] - [SELF-HEALING] The current locator of test object 'Object Repository/Page_Mood Add a new course/h2_Add a new course' was broken. Propose an alternative one: '(.//*[normalize-space(text()) and normalize-space(.)='Add a new course'])[1]/following::h2[1]'.

2022-01-16 06:38:29 - [MESSAGE][PASSED] - Actual text and expected text of test object 'Object Repository/Page_Mood Add a new course/h2_Add a new course' are matched.

2022-01-16 06:38:29 - [TEST_STEP][PASSED] - waitForElementVisible(findTestObject("Object Repository/Page_Mood Add a new course/input__saveanddisplay"), 0): Object 'Object Repository/Page_Mood Add a new course/input__saveanddisplay' is visible

2022-01-16 06:38:29 - [MESSAGE][WARNING] - Timeout '0' is invalid. Using default page load timeout: '30'

2022-01-16 06:38:29 - [MESSAGE][PASSED] - Object 'Object Repository/Page_Mood Add a new course/input__saveanddisplay' is visible

2022-01-16 06:38:29 - [TEST_STEP][PASSED] - click(findTestObject("Object Repository/Page_Mood Add a new course/input__saveanddisplay")): Object: 'Object Repository/Page_Mood Add a new course/input__saveanddisplay' is clicked on

2022-01-16 06:38:29 - [MESSAGE][PASSED] - Object: 'Object Repository/Page_Mood Add a new course/input__saveanddisplay' is clicked on

2022-01-16 06:38:29 - [TEST_STEP][PASSED] - verifyElementText(findTestObject("Object Repository/Page_Mood Add a new course/div_- Missing full name"), "- Missing full name"): Actual text and expected text of test object 'Object Repository/Page_Mood Add a new course/div_- Missing full name' are matched.

2022-01-16 06:38:30 - [MESSAGE][PASSED] - Actual text and expected text of test object 'Object Repository/Page_Mood Add a new course/div_- Missing full name' are matched.

2022-01-16 06:38:30 - [TEST_STEP][PASSED] - verifyElementText(findTestObject("Object Repository/Page_Mood Add a new course/div_- Missing short name"), "- Missing short name"): Actual text and expected text of test object 'Object Repository/Page_Mood Add a new course/div_- Missing short name' are matched.

2022-01-16 06:38:30 - [MESSAGE][PASSED] - Actual text and expected text of test object 'Object Repository/Page_Mood Add a new course/div_- Missing short name' are matched.

2022-01-16 06:38:30 - [TEST_STEP][PASSED] - closeBrowser(): Browser is closed

2022-01-16 06:38:31 - [MESSAGE][PASSED] - Browser is closed]]></system-out>
         <system-err><![CDATA[]]></system-err>
      </testcase>
      <testcase name="Test Cases/test case 14" time="47.012" classname="Test Cases/test case 14" status="PASSED">
         <system-out><![CDATA[2022-01-16 06:38:31 - [TEST_CASE][PASSED] - Test Cases/test case 14: Test Cases/test case 14

2022-01-16 06:38:31 - [TEST_STEP][PASSED] - openBrowser(""): Browser is opened with url: ''

2022-01-16 06:38:31 - [MESSAGE][INFO] - Starting 'Chrome' driver

2022-01-16 06:38:31 - [MESSAGE][INFO] - Action delay is set to 0 milliseconds

2022-01-16 06:38:32 - [MESSAGE][PASSED] - Browser is opened with url: ''

2022-01-16 06:38:32 - [TEST_STEP][PASSED] - navigateToUrl("http://localhost/"): Navigate to 'http://localhost/' successfully

2022-01-16 06:38:34 - [MESSAGE][PASSED] - Navigate to 'http://localhost/' successfully

2022-01-16 06:38:34 - [TEST_STEP][PASSED] - click(findTestObject("Object Repository/Page_Moodle/a_Log in")): Object: 'Object Repository/Page_Moodle/a_Log in' is clicked on

2022-01-16 06:38:34 - [MESSAGE][PASSED] - Object: 'Object Repository/Page_Moodle/a_Log in' is clicked on

2022-01-16 06:38:34 - [TEST_STEP][PASSED] - setText(findTestObject("Object Repository/Page_Moodle Log in to the site/input_Username_username"), "admin"): Text 'admin' is set on object 'Object Repository/Page_Moodle Log in to the site/input_Username_username'

2022-01-16 06:38:35 - [MESSAGE][PASSED] - Text 'admin' is set on object 'Object Repository/Page_Moodle Log in to the site/input_Username_username'

2022-01-16 06:38:35 - [TEST_STEP][PASSED] - setEncryptedText(findTestObject("Object Repository/Page_Moodle Log in to the site/input_Password_password"), "r6H/uPCyCbQX7sAf5E1f3g=="): Text ****** has been set on object 'Object Repository/Page_Moodle Log in to the site/input_Password_password'

2022-01-16 06:38:36 - [MESSAGE][PASSED] - Text ****** has been set on object 'Object Repository/Page_Moodle Log in to the site/input_Password_password'

2022-01-16 06:38:36 - [TEST_STEP][PASSED] - click(findTestObject("Object Repository/Page_Moodle Log in to the site/button_Log in")): Object: 'Object Repository/Page_Moodle Log in to the site/button_Log in' is clicked on

2022-01-16 06:38:37 - [MESSAGE][PASSED] - Object: 'Object Repository/Page_Moodle Log in to the site/button_Log in' is clicked on

2022-01-16 06:38:37 - [TEST_STEP][PASSED] - verifyElementText(findTestObject("Object Repository/Page_Dashboard/span_Site administration"), "Site administration"): Actual text and expected text of test object 'Object Repository/Page_Dashboard/span_Site administration' are matched.

2022-01-16 06:38:38 - [MESSAGE][PASSED] - Actual text and expected text of test object 'Object Repository/Page_Dashboard/span_Site administration' are matched.

2022-01-16 06:38:38 - [TEST_STEP][PASSED] - click(findTestObject("Object Repository/Page_Dashboard/span_Site administration")): Object: 'Object Repository/Page_Dashboard/span_Site administration' is clicked on

2022-01-16 06:38:39 - [MESSAGE][PASSED] - Object: 'Object Repository/Page_Dashboard/span_Site administration' is clicked on

2022-01-16 06:38:39 - [TEST_STEP][PASSED] - click(findTestObject("Object Repository/Page_Mood Administration Search/a_Courses")): Object: 'Object Repository/Page_Mood Administration Search/a_Courses' is clicked on

2022-01-16 06:38:39 - [MESSAGE][PASSED] - Object: 'Object Repository/Page_Mood Administration Search/a_Courses' is clicked on

2022-01-16 06:38:39 - [TEST_STEP][PASSED] - click(findTestObject("Object Repository/Page_Mood Administration Search/a_Add a new course")): Object: 'Object Repository/Page_Mood Administration Search/a_Add a new course' is clicked on

2022-01-16 06:38:41 - [MESSAGE][PASSED] - Object: 'Object Repository/Page_Mood Administration Search/a_Add a new course' is clicked on

2022-01-16 06:38:41 - [TEST_STEP][PASSED] - verifyElementText(findTestObject("Object Repository/Page_Mood Add a new course/h2_Add a new course"), "Add a new course"): Actual text and expected text of test object 'Object Repository/Page_Mood Add a new course/h2_Add a new course' are matched.

2022-01-16 06:39:12 - [MESSAGE][INFO] - Unable to find the element located by 'By.xpath: //div[@id='yui_3_17_2_1_1642243253552_65']/h2'. Please recheck the objects properties to make sure the desired element is located. 

2022-01-16 06:39:12 - [MESSAGE][WARNING] - [SELF-HEALING] Failed to find element with id 'Object Repository/Page_Mood Add a new course/h2_Add a new course'. Try using Self-healing.

2022-01-16 06:39:12 - [MESSAGE][WARNING] - [SELF-HEALING] The current locator of test object 'Object Repository/Page_Mood Add a new course/h2_Add a new course' was broken. Propose an alternative one: '(.//*[normalize-space(text()) and normalize-space(.)='Add a new course'])[1]/following::h2[1]'.

2022-01-16 06:39:12 - [MESSAGE][PASSED] - Actual text and expected text of test object 'Object Repository/Page_Mood Add a new course/h2_Add a new course' are matched.

2022-01-16 06:39:12 - [TEST_STEP][PASSED] - click(findTestObject("Object Repository/Page_Mood Add a new course/input_Course short name_shortname")): Object: 'Object Repository/Page_Mood Add a new course/input_Course short name_shortname' is clicked on

2022-01-16 06:39:13 - [MESSAGE][PASSED] - Object: 'Object Repository/Page_Mood Add a new course/input_Course short name_shortname' is clicked on

2022-01-16 06:39:13 - [TEST_STEP][PASSED] - setText(findTestObject("Object Repository/Page_Mood Add a new course/input_Course short name_shortname"), "Stats"): Text 'Stats' is set on object 'Object Repository/Page_Mood Add a new course/input_Course short name_shortname'

2022-01-16 06:39:13 - [MESSAGE][PASSED] - Text 'Stats' is set on object 'Object Repository/Page_Mood Add a new course/input_Course short name_shortname'

2022-01-16 06:39:13 - [TEST_STEP][PASSED] - waitForElementVisible(findTestObject("Object Repository/Page_Mood Add a new course/p_Course start date"), 0): Object 'Object Repository/Page_Mood Add a new course/p_Course start date' is visible

2022-01-16 06:39:13 - [MESSAGE][WARNING] - Timeout '0' is invalid. Using default page load timeout: '30'

2022-01-16 06:39:14 - [MESSAGE][PASSED] - Object 'Object Repository/Page_Mood Add a new course/p_Course start date' is visible

2022-01-16 06:39:14 - [TEST_STEP][PASSED] - selectOptionByValue(findTestObject("Object Repository/Page_Mood Add a new course/select_1        2        3        4        _45ea30"), "13", true): All options with value '13' are selected in object 'Object Repository/Page_Mood Add a new course/select_1        2        3        4        _45ea30'  using regular expression

2022-01-16 06:39:15 - [MESSAGE][PASSED] - All options with value '13' are selected in object 'Object Repository/Page_Mood Add a new course/select_1        2        3        4        _45ea30'  using regular expression

2022-01-16 06:39:15 - [TEST_STEP][PASSED] - selectOptionByValue(findTestObject("Object Repository/Page_Mood Add a new course/select_1        2        3        4        _45ea30_1"), "13", true): All options with value '13' are selected in object 'Object Repository/Page_Mood Add a new course/select_1        2        3        4        _45ea30_1'  using regular expression

2022-01-16 06:39:16 - [MESSAGE][PASSED] - All options with value '13' are selected in object 'Object Repository/Page_Mood Add a new course/select_1        2        3        4        _45ea30_1'  using regular expression

2022-01-16 06:39:16 - [TEST_STEP][PASSED] - waitForElementVisible(findTestObject("Object Repository/Page_Mood Add a new course/input__saveanddisplay"), 0): Object 'Object Repository/Page_Mood Add a new course/input__saveanddisplay' is visible

2022-01-16 06:39:16 - [MESSAGE][WARNING] - Timeout '0' is invalid. Using default page load timeout: '30'

2022-01-16 06:39:16 - [MESSAGE][PASSED] - Object 'Object Repository/Page_Mood Add a new course/input__saveanddisplay' is visible

2022-01-16 06:39:16 - [TEST_STEP][PASSED] - click(findTestObject("Object Repository/Page_Mood Add a new course/input__saveanddisplay")): Object: 'Object Repository/Page_Mood Add a new course/input__saveanddisplay' is clicked on

2022-01-16 06:39:17 - [MESSAGE][PASSED] - Object: 'Object Repository/Page_Mood Add a new course/input__saveanddisplay' is clicked on

2022-01-16 06:39:17 - [TEST_STEP][PASSED] - verifyElementText(findTestObject("Object Repository/Page_Mood Add a new course/div_- Missing full name"), "- Missing full name"): Actual text and expected text of test object 'Object Repository/Page_Mood Add a new course/div_- Missing full name' are matched.

2022-01-16 06:39:17 - [MESSAGE][PASSED] - Actual text and expected text of test object 'Object Repository/Page_Mood Add a new course/div_- Missing full name' are matched.

2022-01-16 06:39:17 - [TEST_STEP][PASSED] - closeBrowser(): Browser is closed

2022-01-16 06:39:18 - [MESSAGE][PASSED] - Browser is closed]]></system-out>
         <system-err><![CDATA[]]></system-err>
      </testcase>
      <testcase name="Test Cases/test case 15" time="21.186" classname="Test Cases/test case 15" status="PASSED">
         <system-out><![CDATA[2022-01-16 06:39:18 - [TEST_CASE][PASSED] - Test Cases/test case 15: Test Cases/test case 15

2022-01-16 06:39:18 - [TEST_STEP][PASSED] - openBrowser(""): Browser is opened with url: ''

2022-01-16 06:39:18 - [MESSAGE][INFO] - Starting 'Chrome' driver

2022-01-16 06:39:18 - [MESSAGE][INFO] - Action delay is set to 0 milliseconds

2022-01-16 06:39:19 - [MESSAGE][PASSED] - Browser is opened with url: ''

2022-01-16 06:39:19 - [TEST_STEP][PASSED] - navigateToUrl("http://localhost/"): Navigate to 'http://localhost/' successfully

2022-01-16 06:39:21 - [MESSAGE][PASSED] - Navigate to 'http://localhost/' successfully

2022-01-16 06:39:21 - [TEST_STEP][PASSED] - click(findTestObject("Object Repository/Page_Moodle/a_Log in")): Object: 'Object Repository/Page_Moodle/a_Log in' is clicked on

2022-01-16 06:39:21 - [MESSAGE][PASSED] - Object: 'Object Repository/Page_Moodle/a_Log in' is clicked on

2022-01-16 06:39:21 - [TEST_STEP][PASSED] - setText(findTestObject("Object Repository/Page_Moodle Log in to the site/input_Username_username"), "admin"): Text 'admin' is set on object 'Object Repository/Page_Moodle Log in to the site/input_Username_username'

2022-01-16 06:39:22 - [MESSAGE][PASSED] - Text 'admin' is set on object 'Object Repository/Page_Moodle Log in to the site/input_Username_username'

2022-01-16 06:39:22 - [TEST_STEP][PASSED] - setEncryptedText(findTestObject("Object Repository/Page_Moodle Log in to the site/input_Password_password"), "r6H/uPCyCbQX7sAf5E1f3g=="): Text ****** has been set on object 'Object Repository/Page_Moodle Log in to the site/input_Password_password'

2022-01-16 06:39:23 - [MESSAGE][PASSED] - Text ****** has been set on object 'Object Repository/Page_Moodle Log in to the site/input_Password_password'

2022-01-16 06:39:23 - [TEST_STEP][PASSED] - click(findTestObject("Object Repository/Page_Moodle Log in to the site/button_Log in")): Object: 'Object Repository/Page_Moodle Log in to the site/button_Log in' is clicked on

2022-01-16 06:39:24 - [MESSAGE][PASSED] - Object: 'Object Repository/Page_Moodle Log in to the site/button_Log in' is clicked on

2022-01-16 06:39:24 - [TEST_STEP][PASSED] - verifyElementText(findTestObject("Object Repository/Page_Dashboard/span_Site administration"), "Site administration"): Actual text and expected text of test object 'Object Repository/Page_Dashboard/span_Site administration' are matched.

2022-01-16 06:39:25 - [MESSAGE][PASSED] - Actual text and expected text of test object 'Object Repository/Page_Dashboard/span_Site administration' are matched.

2022-01-16 06:39:25 - [TEST_STEP][PASSED] - click(findTestObject("Object Repository/Page_Dashboard/span_Site administration")): Object: 'Object Repository/Page_Dashboard/span_Site administration' is clicked on

2022-01-16 06:39:26 - [MESSAGE][PASSED] - Object: 'Object Repository/Page_Dashboard/span_Site administration' is clicked on

2022-01-16 06:39:26 - [TEST_STEP][PASSED] - click(findTestObject("Object Repository/Page_Mood Administration Search/a_Courses")): Object: 'Object Repository/Page_Mood Administration Search/a_Courses' is clicked on

2022-01-16 06:39:27 - [MESSAGE][PASSED] - Object: 'Object Repository/Page_Mood Administration Search/a_Courses' is clicked on

2022-01-16 06:39:27 - [TEST_STEP][PASSED] - click(findTestObject("Object Repository/Page_Mood Administration Search/a_Add a new course")): Object: 'Object Repository/Page_Mood Administration Search/a_Add a new course' is clicked on

2022-01-16 06:39:28 - [MESSAGE][PASSED] - Object: 'Object Repository/Page_Mood Administration Search/a_Add a new course' is clicked on

2022-01-16 06:39:28 - [TEST_STEP][PASSED] - waitForElementVisible(findTestObject("Object Repository/Page_Mood Add a new course/input_Course full name_fullname"), 0): Object 'Object Repository/Page_Mood Add a new course/input_Course full name_fullname' is visible

2022-01-16 06:39:28 - [MESSAGE][WARNING] - Timeout '0' is invalid. Using default page load timeout: '30'

2022-01-16 06:39:29 - [MESSAGE][PASSED] - Object 'Object Repository/Page_Mood Add a new course/input_Course full name_fullname' is visible

2022-01-16 06:39:29 - [TEST_STEP][PASSED] - setText(findTestObject("Object Repository/Page_Mood Add a new course/input_Course full name_fullname"), "Statistics"): Text 'Statistics' is set on object 'Object Repository/Page_Mood Add a new course/input_Course full name_fullname'

2022-01-16 06:39:30 - [MESSAGE][PASSED] - Text 'Statistics' is set on object 'Object Repository/Page_Mood Add a new course/input_Course full name_fullname'

2022-01-16 06:39:30 - [TEST_STEP][PASSED] - setText(findTestObject("Object Repository/Page_Mood Add a new course/input_Course short name_shortname"), "Stats"): Text 'Stats' is set on object 'Object Repository/Page_Mood Add a new course/input_Course short name_shortname'

2022-01-16 06:39:30 - [MESSAGE][PASSED] - Text 'Stats' is set on object 'Object Repository/Page_Mood Add a new course/input_Course short name_shortname'

2022-01-16 06:39:30 - [TEST_STEP][PASSED] - waitForElementVisible(findTestObject("Object Repository/Page_Mood Add a new course/p_Course start date"), 0): Object 'Object Repository/Page_Mood Add a new course/p_Course start date' is visible

2022-01-16 06:39:30 - [MESSAGE][WARNING] - Timeout '0' is invalid. Using default page load timeout: '30'

2022-01-16 06:39:31 - [MESSAGE][PASSED] - Object 'Object Repository/Page_Mood Add a new course/p_Course start date' is visible

2022-01-16 06:39:31 - [TEST_STEP][PASSED] - selectOptionByValue(findTestObject("Object Repository/Page_Mood Add a new course/select_1        2        3        4        _45ea30"), "13", true): All options with value '13' are selected in object 'Object Repository/Page_Mood Add a new course/select_1        2        3        4        _45ea30'  using regular expression

2022-01-16 06:39:32 - [MESSAGE][PASSED] - All options with value '13' are selected in object 'Object Repository/Page_Mood Add a new course/select_1        2        3        4        _45ea30'  using regular expression

2022-01-16 06:39:32 - [TEST_STEP][PASSED] - selectOptionByValue(findTestObject("Object Repository/Page_Mood Add a new course/select_1        2        3        4        _45ea30_1"), "13", true): All options with value '13' are selected in object 'Object Repository/Page_Mood Add a new course/select_1        2        3        4        _45ea30_1'  using regular expression

2022-01-16 06:39:33 - [MESSAGE][PASSED] - All options with value '13' are selected in object 'Object Repository/Page_Mood Add a new course/select_1        2        3        4        _45ea30_1'  using regular expression

2022-01-16 06:39:33 - [TEST_STEP][PASSED] - selectOptionByValue(findTestObject("Object Repository/Page_Mood Add a new course/select_1900        1901        1902        _6405c9"), "2021", true): All options with value '2021' are selected in object 'Object Repository/Page_Mood Add a new course/select_1900        1901        1902        _6405c9'  using regular expression

2022-01-16 06:39:36 - [MESSAGE][PASSED] - All options with value '2021' are selected in object 'Object Repository/Page_Mood Add a new course/select_1900        1901        1902        _6405c9'  using regular expression

2022-01-16 06:39:36 - [TEST_STEP][PASSED] - waitForElementVisible(findTestObject("Object Repository/Page_Mood Add a new course/input__saveanddisplay"), 0): Object 'Object Repository/Page_Mood Add a new course/input__saveanddisplay' is visible

2022-01-16 06:39:36 - [MESSAGE][WARNING] - Timeout '0' is invalid. Using default page load timeout: '30'

2022-01-16 06:39:36 - [MESSAGE][PASSED] - Object 'Object Repository/Page_Mood Add a new course/input__saveanddisplay' is visible

2022-01-16 06:39:36 - [TEST_STEP][PASSED] - click(findTestObject("Object Repository/Page_Mood Add a new course/input__saveanddisplay")): Object: 'Object Repository/Page_Mood Add a new course/input__saveanddisplay' is clicked on

2022-01-16 06:39:37 - [MESSAGE][PASSED] - Object: 'Object Repository/Page_Mood Add a new course/input__saveanddisplay' is clicked on

2022-01-16 06:39:37 - [TEST_STEP][PASSED] - verifyElementText(findTestObject("Object Repository/Page_Mood Add a new course/div_The course end date must be after the s_271b34"), "The course end date must be after the start date."): Actual text and expected text of test object 'Object Repository/Page_Mood Add a new course/div_The course end date must be after the s_271b34' are matched.

2022-01-16 06:39:39 - [MESSAGE][PASSED] - Actual text and expected text of test object 'Object Repository/Page_Mood Add a new course/div_The course end date must be after the s_271b34' are matched.

2022-01-16 06:39:39 - [TEST_STEP][PASSED] - closeBrowser(): Browser is closed

2022-01-16 06:39:39 - [MESSAGE][PASSED] - Browser is closed]]></system-out>
         <system-err><![CDATA[]]></system-err>
      </testcase>
      <testcase name="Test Cases/test case 16" time="17.21" classname="Test Cases/test case 16" status="PASSED">
         <system-out><![CDATA[2022-01-16 06:39:39 - [TEST_CASE][PASSED] - Test Cases/test case 16: Test Cases/test case 16

2022-01-16 06:39:39 - [TEST_STEP][PASSED] - openBrowser(""): Browser is opened with url: ''

2022-01-16 06:39:39 - [MESSAGE][INFO] - Starting 'Chrome' driver

2022-01-16 06:39:39 - [MESSAGE][INFO] - Action delay is set to 0 milliseconds

2022-01-16 06:39:41 - [MESSAGE][PASSED] - Browser is opened with url: ''

2022-01-16 06:39:41 - [TEST_STEP][PASSED] - navigateToUrl("http://localhost/"): Navigate to 'http://localhost/' successfully

2022-01-16 06:39:42 - [MESSAGE][PASSED] - Navigate to 'http://localhost/' successfully

2022-01-16 06:39:42 - [TEST_STEP][PASSED] - click(findTestObject("Object Repository/Page_Moodle/a_Log in")): Object: 'Object Repository/Page_Moodle/a_Log in' is clicked on

2022-01-16 06:39:43 - [MESSAGE][PASSED] - Object: 'Object Repository/Page_Moodle/a_Log in' is clicked on

2022-01-16 06:39:43 - [TEST_STEP][PASSED] - setText(findTestObject("Object Repository/Page_Moodle Log in to the site/input_Username_username"), "admin"): Text 'admin' is set on object 'Object Repository/Page_Moodle Log in to the site/input_Username_username'

2022-01-16 06:39:43 - [MESSAGE][PASSED] - Text 'admin' is set on object 'Object Repository/Page_Moodle Log in to the site/input_Username_username'

2022-01-16 06:39:43 - [TEST_STEP][PASSED] - setEncryptedText(findTestObject("Object Repository/Page_Moodle Log in to the site/input_Password_password"), "r6H/uPCyCbQX7sAf5E1f3g=="): Text ****** has been set on object 'Object Repository/Page_Moodle Log in to the site/input_Password_password'

2022-01-16 06:39:44 - [MESSAGE][PASSED] - Text ****** has been set on object 'Object Repository/Page_Moodle Log in to the site/input_Password_password'

2022-01-16 06:39:44 - [TEST_STEP][PASSED] - click(findTestObject("Object Repository/Page_Moodle Log in to the site/button_Log in")): Object: 'Object Repository/Page_Moodle Log in to the site/button_Log in' is clicked on

2022-01-16 06:39:45 - [MESSAGE][PASSED] - Object: 'Object Repository/Page_Moodle Log in to the site/button_Log in' is clicked on

2022-01-16 06:39:45 - [TEST_STEP][PASSED] - verifyElementText(findTestObject("Object Repository/Page_Dashboard/span_Site administration"), "Site administration"): Actual text and expected text of test object 'Object Repository/Page_Dashboard/span_Site administration' are matched.

2022-01-16 06:39:46 - [MESSAGE][PASSED] - Actual text and expected text of test object 'Object Repository/Page_Dashboard/span_Site administration' are matched.

2022-01-16 06:39:46 - [TEST_STEP][PASSED] - click(findTestObject("Object Repository/Page_Dashboard/span_Site administration")): Object: 'Object Repository/Page_Dashboard/span_Site administration' is clicked on

2022-01-16 06:39:47 - [MESSAGE][PASSED] - Object: 'Object Repository/Page_Dashboard/span_Site administration' is clicked on

2022-01-16 06:39:47 - [TEST_STEP][PASSED] - click(findTestObject("Object Repository/Page_Mood Administration Search/a_Courses")): Object: 'Object Repository/Page_Mood Administration Search/a_Courses' is clicked on

2022-01-16 06:39:48 - [MESSAGE][PASSED] - Object: 'Object Repository/Page_Mood Administration Search/a_Courses' is clicked on

2022-01-16 06:39:48 - [TEST_STEP][PASSED] - click(findTestObject("Object Repository/Page_Mood Administration Search/a_Add a new course")): Object: 'Object Repository/Page_Mood Administration Search/a_Add a new course' is clicked on

2022-01-16 06:39:49 - [MESSAGE][PASSED] - Object: 'Object Repository/Page_Mood Administration Search/a_Add a new course' is clicked on

2022-01-16 06:39:49 - [TEST_STEP][PASSED] - waitForElementVisible(findTestObject("Object Repository/Page_Mood Add a new course/label_Course full name"), 0): Object 'Object Repository/Page_Mood Add a new course/label_Course full name' is visible

2022-01-16 06:39:49 - [MESSAGE][WARNING] - Timeout '0' is invalid. Using default page load timeout: '30'

2022-01-16 06:39:50 - [MESSAGE][PASSED] - Object 'Object Repository/Page_Mood Add a new course/label_Course full name' is visible

2022-01-16 06:39:50 - [TEST_STEP][PASSED] - setText(findTestObject("Object Repository/Page_Mood Add a new course/input_Course full name_fullname"), "Statistics"): Text 'Statistics' is set on object 'Object Repository/Page_Mood Add a new course/input_Course full name_fullname'

2022-01-16 06:39:51 - [MESSAGE][PASSED] - Text 'Statistics' is set on object 'Object Repository/Page_Mood Add a new course/input_Course full name_fullname'

2022-01-16 06:39:51 - [TEST_STEP][PASSED] - setText(findTestObject("Object Repository/Page_Mood Add a new course/input_Course short name_shortname"), "Stats"): Text 'Stats' is set on object 'Object Repository/Page_Mood Add a new course/input_Course short name_shortname'

2022-01-16 06:39:52 - [MESSAGE][PASSED] - Text 'Stats' is set on object 'Object Repository/Page_Mood Add a new course/input_Course short name_shortname'

2022-01-16 06:39:52 - [TEST_STEP][PASSED] - waitForElementVisible(findTestObject("Object Repository/Page_Mood Add a new course/p_Course start date"), 0): Object 'Object Repository/Page_Mood Add a new course/p_Course start date' is visible

2022-01-16 06:39:52 - [MESSAGE][WARNING] - Timeout '0' is invalid. Using default page load timeout: '30'

2022-01-16 06:39:52 - [MESSAGE][PASSED] - Object 'Object Repository/Page_Mood Add a new course/p_Course start date' is visible

2022-01-16 06:39:52 - [TEST_STEP][PASSED] - selectOptionByValue(findTestObject("Object Repository/Page_Mood Add a new course/select_1        2        3        4        _45ea30"), "13", true): All options with value '13' are selected in object 'Object Repository/Page_Mood Add a new course/select_1        2        3        4        _45ea30'  using regular expression

2022-01-16 06:39:53 - [MESSAGE][PASSED] - All options with value '13' are selected in object 'Object Repository/Page_Mood Add a new course/select_1        2        3        4        _45ea30'  using regular expression

2022-01-16 06:39:53 - [TEST_STEP][PASSED] - selectOptionByValue(findTestObject("Object Repository/Page_Mood Add a new course/select_1        2        3        4        _45ea30_1"), "13", true): All options with value '13' are selected in object 'Object Repository/Page_Mood Add a new course/select_1        2        3        4        _45ea30_1'  using regular expression

2022-01-16 06:39:54 - [MESSAGE][PASSED] - All options with value '13' are selected in object 'Object Repository/Page_Mood Add a new course/select_1        2        3        4        _45ea30_1'  using regular expression

2022-01-16 06:39:54 - [TEST_STEP][PASSED] - waitForElementVisible(findTestObject("Object Repository/Page_Mood Add a new course/input__cancel"), 0): Object 'Object Repository/Page_Mood Add a new course/input__cancel' is visible

2022-01-16 06:39:54 - [MESSAGE][WARNING] - Timeout '0' is invalid. Using default page load timeout: '30'

2022-01-16 06:39:55 - [MESSAGE][PASSED] - Object 'Object Repository/Page_Mood Add a new course/input__cancel' is visible

2022-01-16 06:39:55 - [TEST_STEP][PASSED] - click(findTestObject("Object Repository/Page_Mood Add a new course/input__cancel")): Object: 'Object Repository/Page_Mood Add a new course/input__cancel' is clicked on

2022-01-16 06:39:55 - [MESSAGE][PASSED] - Object: 'Object Repository/Page_Mood Add a new course/input__cancel' is clicked on

2022-01-16 06:39:55 - [TEST_STEP][PASSED] - verifyElementVisible(findTestObject("Object Repository/Page_Mood All courses/section_Search courses                     _a46e39")): Object 'Object Repository/Page_Mood All courses/section_Search courses                     _a46e39' is visible

2022-01-16 06:39:56 - [MESSAGE][PASSED] - Object 'Object Repository/Page_Mood All courses/section_Search courses                     _a46e39' is visible

2022-01-16 06:39:56 - [TEST_STEP][PASSED] - closeBrowser(): Browser is closed

2022-01-16 06:39:56 - [MESSAGE][PASSED] - Browser is closed]]></system-out>
         <system-err><![CDATA[]]></system-err>
      </testcase>
      <testcase name="Test Cases/test case 17" time="71.481" classname="Test Cases/test case 17" status="PASSED">
         <system-out><![CDATA[2022-01-16 06:39:56 - [TEST_CASE][PASSED] - Test Cases/test case 17: Test Cases/test case 17

2022-01-16 06:39:57 - [TEST_STEP][PASSED] - openBrowser(""): Browser is opened with url: ''

2022-01-16 06:39:57 - [MESSAGE][INFO] - Starting 'Chrome' driver

2022-01-16 06:39:57 - [MESSAGE][INFO] - Action delay is set to 0 milliseconds

2022-01-16 06:39:58 - [MESSAGE][PASSED] - Browser is opened with url: ''

2022-01-16 06:39:58 - [TEST_STEP][PASSED] - navigateToUrl("http://localhost/"): Navigate to 'http://localhost/' successfully

2022-01-16 06:39:59 - [MESSAGE][PASSED] - Navigate to 'http://localhost/' successfully

2022-01-16 06:39:59 - [TEST_STEP][PASSED] - click(findTestObject("Object Repository/Page_Moodle/a_Log in")): Object: 'Object Repository/Page_Moodle/a_Log in' is clicked on

2022-01-16 06:40:00 - [MESSAGE][PASSED] - Object: 'Object Repository/Page_Moodle/a_Log in' is clicked on

2022-01-16 06:40:00 - [TEST_STEP][PASSED] - setText(findTestObject("Object Repository/Page_Moodle Log in to the site/input_Username_username"), "admin"): Text 'admin' is set on object 'Object Repository/Page_Moodle Log in to the site/input_Username_username'

2022-01-16 06:40:01 - [MESSAGE][PASSED] - Text 'admin' is set on object 'Object Repository/Page_Moodle Log in to the site/input_Username_username'

2022-01-16 06:40:01 - [TEST_STEP][PASSED] - setEncryptedText(findTestObject("Object Repository/Page_Moodle Log in to the site/input_Password_password"), "r6H/uPCyCbQX7sAf5E1f3g=="): Text ****** has been set on object 'Object Repository/Page_Moodle Log in to the site/input_Password_password'

2022-01-16 06:40:01 - [MESSAGE][PASSED] - Text ****** has been set on object 'Object Repository/Page_Moodle Log in to the site/input_Password_password'

2022-01-16 06:40:01 - [TEST_STEP][PASSED] - click(findTestObject("Object Repository/Page_Moodle Log in to the site/button_Log in")): Object: 'Object Repository/Page_Moodle Log in to the site/button_Log in' is clicked on

2022-01-16 06:40:02 - [MESSAGE][PASSED] - Object: 'Object Repository/Page_Moodle Log in to the site/button_Log in' is clicked on

2022-01-16 06:40:02 - [TEST_STEP][PASSED] - verifyElementText(findTestObject("Object Repository/Page_Dashboard/a_Introduction to Computer Science"), "Introduction to Computer Science"): Actual text and expected text of test object 'Object Repository/Page_Dashboard/a_Introduction to Computer Science' are matched.

2022-01-16 06:40:33 - [MESSAGE][INFO] - Unable to find the element located by 'By.xpath: //section[@id='inst32']/div/div/ul/li/div/a'. Please recheck the objects properties to make sure the desired element is located. 

2022-01-16 06:40:33 - [MESSAGE][WARNING] - [SELF-HEALING] Failed to find element with id 'Object Repository/Page_Dashboard/a_Introduction to Computer Science'. Try using Self-healing.

2022-01-16 06:40:34 - [MESSAGE][WARNING] - [SELF-HEALING] The current locator of test object 'Object Repository/Page_Dashboard/a_Introduction to Computer Science' was broken. Propose an alternative one: '//a[contains(text(),'Introduction to Computer Science')]'.

2022-01-16 06:40:34 - [MESSAGE][PASSED] - Actual text and expected text of test object 'Object Repository/Page_Dashboard/a_Introduction to Computer Science' are matched.

2022-01-16 06:40:34 - [TEST_STEP][PASSED] - click(findTestObject("Object Repository/Page_Dashboard/a_Introduction to Computer Science")): Object: 'Object Repository/Page_Dashboard/a_Introduction to Computer Science' is clicked on

2022-01-16 06:41:05 - [MESSAGE][INFO] - Unable to find the element located by 'By.xpath: //section[@id='inst32']/div/div/ul/li/div/a'. Please recheck the objects properties to make sure the desired element is located. 

2022-01-16 06:41:05 - [MESSAGE][WARNING] - [SELF-HEALING] Failed to find element with id 'Object Repository/Page_Dashboard/a_Introduction to Computer Science'. Try using Self-healing.

2022-01-16 06:41:05 - [MESSAGE][WARNING] - [SELF-HEALING] The current locator of test object 'Object Repository/Page_Dashboard/a_Introduction to Computer Science' was broken. Propose an alternative one: '//a[contains(text(),'Introduction to Computer Science')]'.

2022-01-16 06:41:05 - [MESSAGE][PASSED] - Object: 'Object Repository/Page_Dashboard/a_Introduction to Computer Science' is clicked on

2022-01-16 06:41:05 - [TEST_STEP][PASSED] - verifyElementText(findTestObject("Object Repository/Page_Course Introduction to Computer Science/span_Grades"), "Grades"): Actual text and expected text of test object 'Object Repository/Page_Course Introduction to Computer Science/span_Grades' are matched.

2022-01-16 06:41:06 - [MESSAGE][PASSED] - Actual text and expected text of test object 'Object Repository/Page_Course Introduction to Computer Science/span_Grades' are matched.

2022-01-16 06:41:06 - [TEST_STEP][PASSED] - click(findTestObject("Object Repository/Page_Course Introduction to Computer Science/span_Grades")): Object: 'Object Repository/Page_Course Introduction to Computer Science/span_Grades' is clicked on

2022-01-16 06:41:07 - [MESSAGE][PASSED] - Object: 'Object Repository/Page_Course Introduction to Computer Science/span_Grades' is clicked on

2022-01-16 06:41:07 - [TEST_STEP][PASSED] - verifyElementText(findTestObject("Object Repository/Page_Grades View/h3_All participants 22"), "All participants: 2/2"): Actual text and expected text of test object 'Object Repository/Page_Grades View/h3_All participants 22' are matched.

2022-01-16 06:41:07 - [MESSAGE][PASSED] - Actual text and expected text of test object 'Object Repository/Page_Grades View/h3_All participants 22' are matched.

2022-01-16 06:41:07 - [TEST_STEP][PASSED] - closeBrowser(): Browser is closed

2022-01-16 06:41:08 - [MESSAGE][PASSED] - Browser is closed]]></system-out>
         <system-err><![CDATA[]]></system-err>
      </testcase>
      <testcase name="Test Cases/test case 18" time="138.517" classname="Test Cases/test case 18" status="PASSED">
         <system-out><![CDATA[2022-01-16 06:41:08 - [TEST_CASE][PASSED] - Test Cases/test case 18: Test Cases/test case 18

2022-01-16 06:41:08 - [TEST_STEP][PASSED] - openBrowser(""): Browser is opened with url: ''

2022-01-16 06:41:08 - [MESSAGE][INFO] - Starting 'Chrome' driver

2022-01-16 06:41:08 - [MESSAGE][INFO] - Action delay is set to 0 milliseconds

2022-01-16 06:41:09 - [MESSAGE][PASSED] - Browser is opened with url: ''

2022-01-16 06:41:09 - [TEST_STEP][PASSED] - navigateToUrl("http://localhost/"): Navigate to 'http://localhost/' successfully

2022-01-16 06:41:10 - [MESSAGE][PASSED] - Navigate to 'http://localhost/' successfully

2022-01-16 06:41:10 - [TEST_STEP][PASSED] - click(findTestObject("Object Repository/Page_Moodle/a_Log in")): Object: 'Object Repository/Page_Moodle/a_Log in' is clicked on

2022-01-16 06:41:11 - [MESSAGE][PASSED] - Object: 'Object Repository/Page_Moodle/a_Log in' is clicked on

2022-01-16 06:41:11 - [TEST_STEP][PASSED] - setText(findTestObject("Object Repository/Page_Moodle Log in to the site/input_Username_username"), "admin"): Text 'admin' is set on object 'Object Repository/Page_Moodle Log in to the site/input_Username_username'

2022-01-16 06:41:12 - [MESSAGE][PASSED] - Text 'admin' is set on object 'Object Repository/Page_Moodle Log in to the site/input_Username_username'

2022-01-16 06:41:12 - [TEST_STEP][PASSED] - setEncryptedText(findTestObject("Object Repository/Page_Moodle Log in to the site/input_Password_password"), "r6H/uPCyCbQX7sAf5E1f3g=="): Text ****** has been set on object 'Object Repository/Page_Moodle Log in to the site/input_Password_password'

2022-01-16 06:41:13 - [MESSAGE][PASSED] - Text ****** has been set on object 'Object Repository/Page_Moodle Log in to the site/input_Password_password'

2022-01-16 06:41:13 - [TEST_STEP][PASSED] - click(findTestObject("Object Repository/Page_Moodle Log in to the site/button_Log in")): Object: 'Object Repository/Page_Moodle Log in to the site/button_Log in' is clicked on

2022-01-16 06:41:14 - [MESSAGE][PASSED] - Object: 'Object Repository/Page_Moodle Log in to the site/button_Log in' is clicked on

2022-01-16 06:41:14 - [TEST_STEP][PASSED] - verifyElementText(findTestObject("Object Repository/Page_Dashboard/span_Site administration"), "Site administration"): Actual text and expected text of test object 'Object Repository/Page_Dashboard/span_Site administration' are matched.

2022-01-16 06:41:15 - [MESSAGE][PASSED] - Actual text and expected text of test object 'Object Repository/Page_Dashboard/span_Site administration' are matched.

2022-01-16 06:41:15 - [TEST_STEP][PASSED] - click(findTestObject("Object Repository/Page_Dashboard/span_Site administration")): Object: 'Object Repository/Page_Dashboard/span_Site administration' is clicked on

2022-01-16 06:41:16 - [MESSAGE][PASSED] - Object: 'Object Repository/Page_Dashboard/span_Site administration' is clicked on

2022-01-16 06:41:16 - [TEST_STEP][PASSED] - click(findTestObject("Object Repository/Page_Mood Administration Search/a_Courses")): Object: 'Object Repository/Page_Mood Administration Search/a_Courses' is clicked on

2022-01-16 06:41:16 - [MESSAGE][PASSED] - Object: 'Object Repository/Page_Mood Administration Search/a_Courses' is clicked on

2022-01-16 06:41:16 - [TEST_STEP][PASSED] - click(findTestObject("Object Repository/Page_Mood Administration Search/a_Manage courses and categories")): Object: 'Object Repository/Page_Mood Administration Search/a_Manage courses and categories' is clicked on

2022-01-16 06:41:17 - [MESSAGE][PASSED] - Object: 'Object Repository/Page_Mood Administration Search/a_Manage courses and categories' is clicked on

2022-01-16 06:41:17 - [TEST_STEP][PASSED] - verifyElementText(findTestObject("Object Repository/Page_Course and category management/a_Introduction to Computer Science"), "Introduction to Computer Science"): Actual text and expected text of test object 'Object Repository/Page_Course and category management/a_Introduction to Computer Science' are matched.

2022-01-16 06:41:49 - [MESSAGE][INFO] - Unable to find the element located by 'By.xpath: //a[@id='yui_3_17_2_1_1642250295888_263']'. Please recheck the objects properties to make sure the desired element is located. 

2022-01-16 06:41:49 - [MESSAGE][WARNING] - [SELF-HEALING] Failed to find element with id 'Object Repository/Page_Course and category management/a_Introduction to Computer Science'. Try using Self-healing.

2022-01-16 06:41:49 - [MESSAGE][WARNING] - [SELF-HEALING] The current locator of test object 'Object Repository/Page_Course and category management/a_Introduction to Computer Science' was broken. Propose an alternative one: '//a[contains(text(),'Introduction to Computer Science')]'.

2022-01-16 06:41:49 - [MESSAGE][PASSED] - Actual text and expected text of test object 'Object Repository/Page_Course and category management/a_Introduction to Computer Science' are matched.

2022-01-16 06:41:49 - [TEST_STEP][PASSED] - click(findTestObject("Object Repository/Page_Course and category management/a_Introduction to Computer Science")): Object: 'Object Repository/Page_Course and category management/a_Introduction to Computer Science' is clicked on

2022-01-16 06:42:20 - [MESSAGE][INFO] - Unable to find the element located by 'By.xpath: //a[@id='yui_3_17_2_1_1642250295888_263']'. Please recheck the objects properties to make sure the desired element is located. 

2022-01-16 06:42:20 - [MESSAGE][WARNING] - [SELF-HEALING] Failed to find element with id 'Object Repository/Page_Course and category management/a_Introduction to Computer Science'. Try using Self-healing.

2022-01-16 06:42:20 - [MESSAGE][WARNING] - [SELF-HEALING] The current locator of test object 'Object Repository/Page_Course and category management/a_Introduction to Computer Science' was broken. Propose an alternative one: '//a[contains(text(),'Introduction to Computer Science')]'.

2022-01-16 06:42:21 - [MESSAGE][PASSED] - Object: 'Object Repository/Page_Course and category management/a_Introduction to Computer Science' is clicked on

2022-01-16 06:42:21 - [TEST_STEP][PASSED] - waitForElementVisible(findTestObject("Object Repository/Page_Course and category management/a_View"), 0): Object 'Object Repository/Page_Course and category management/a_View' is visible

2022-01-16 06:42:21 - [MESSAGE][WARNING] - Timeout '0' is invalid. Using default page load timeout: '30'

2022-01-16 06:42:52 - [MESSAGE][INFO] - Unable to find the element located by 'By.xpath: //a[@id='action_link61e2c0502601360']'. Please recheck the objects properties to make sure the desired element is located. 

2022-01-16 06:42:52 - [MESSAGE][WARNING] - [SELF-HEALING] Failed to find element with id 'Object Repository/Page_Course and category management/a_View'. Try using Self-healing.

2022-01-16 06:42:52 - [MESSAGE][WARNING] - [SELF-HEALING] The current locator of test object 'Object Repository/Page_Course and category management/a_View' was broken. Propose an alternative one: '//div[@id='course-detail']/div/div[2]/div/a'.

2022-01-16 06:42:53 - [MESSAGE][PASSED] - Object 'Object Repository/Page_Course and category management/a_View' is visible

2022-01-16 06:42:53 - [TEST_STEP][PASSED] - click(findTestObject("Object Repository/Page_Course and category management/a_View")): Object: 'Object Repository/Page_Course and category management/a_View' is clicked on

2022-01-16 06:43:24 - [MESSAGE][INFO] - Unable to find the element located by 'By.xpath: //a[@id='action_link61e2c0502601360']'. Please recheck the objects properties to make sure the desired element is located. 

2022-01-16 06:43:24 - [MESSAGE][WARNING] - [SELF-HEALING] Failed to find element with id 'Object Repository/Page_Course and category management/a_View'. Try using Self-healing.

2022-01-16 06:43:24 - [MESSAGE][WARNING] - [SELF-HEALING] The current locator of test object 'Object Repository/Page_Course and category management/a_View' was broken. Propose an alternative one: '//div[@id='course-detail']/div/div[2]/div/a'.

2022-01-16 06:43:24 - [MESSAGE][PASSED] - Object: 'Object Repository/Page_Course and category management/a_View' is clicked on

2022-01-16 06:43:24 - [TEST_STEP][PASSED] - click(findTestObject("Object Repository/Page_Course Introduction to Computer Science/span_Grades")): Object: 'Object Repository/Page_Course Introduction to Computer Science/span_Grades' is clicked on

2022-01-16 06:43:25 - [MESSAGE][PASSED] - Object: 'Object Repository/Page_Course Introduction to Computer Science/span_Grades' is clicked on

2022-01-16 06:43:25 - [TEST_STEP][PASSED] - verifyElementText(findTestObject("Object Repository/Page_Grades View/h3_All participants 22"), "All participants: 2/2"): Actual text and expected text of test object 'Object Repository/Page_Grades View/h3_All participants 22' are matched.

2022-01-16 06:43:26 - [MESSAGE][PASSED] - Actual text and expected text of test object 'Object Repository/Page_Grades View/h3_All participants 22' are matched.

2022-01-16 06:43:26 - [TEST_STEP][PASSED] - closeBrowser(): Browser is closed

2022-01-16 06:43:26 - [MESSAGE][PASSED] - Browser is closed]]></system-out>
         <system-err><![CDATA[]]></system-err>
      </testcase>
      <testcase name="Test Cases/test case 19" time="10.923" classname="Test Cases/test case 19" status="PASSED">
         <system-out><![CDATA[2022-01-16 06:43:26 - [TEST_CASE][PASSED] - Test Cases/test case 19: Test Cases/test case 19

2022-01-16 06:43:27 - [TEST_STEP][PASSED] - openBrowser(""): Browser is opened with url: ''

2022-01-16 06:43:27 - [MESSAGE][INFO] - Starting 'Chrome' driver

2022-01-16 06:43:27 - [MESSAGE][INFO] - Action delay is set to 0 milliseconds

2022-01-16 06:43:28 - [MESSAGE][PASSED] - Browser is opened with url: ''

2022-01-16 06:43:28 - [TEST_STEP][PASSED] - navigateToUrl("http://localhost/"): Navigate to 'http://localhost/' successfully

2022-01-16 06:43:29 - [MESSAGE][PASSED] - Navigate to 'http://localhost/' successfully

2022-01-16 06:43:29 - [TEST_STEP][PASSED] - click(findTestObject("Object Repository/Page_Moodle/a_Log in")): Object: 'Object Repository/Page_Moodle/a_Log in' is clicked on

2022-01-16 06:43:30 - [MESSAGE][PASSED] - Object: 'Object Repository/Page_Moodle/a_Log in' is clicked on

2022-01-16 06:43:30 - [TEST_STEP][PASSED] - setText(findTestObject("Object Repository/Page_Moodle Log in to the site/input_Username_username"), "admin"): Text 'admin' is set on object 'Object Repository/Page_Moodle Log in to the site/input_Username_username'

2022-01-16 06:43:31 - [MESSAGE][PASSED] - Text 'admin' is set on object 'Object Repository/Page_Moodle Log in to the site/input_Username_username'

2022-01-16 06:43:31 - [TEST_STEP][PASSED] - setEncryptedText(findTestObject("Object Repository/Page_Moodle Log in to the site/input_Password_password"), "r6H/uPCyCbQX7sAf5E1f3g=="): Text ****** has been set on object 'Object Repository/Page_Moodle Log in to the site/input_Password_password'

2022-01-16 06:43:31 - [MESSAGE][PASSED] - Text ****** has been set on object 'Object Repository/Page_Moodle Log in to the site/input_Password_password'

2022-01-16 06:43:31 - [TEST_STEP][PASSED] - click(findTestObject("Object Repository/Page_Moodle Log in to the site/button_Log in")): Object: 'Object Repository/Page_Moodle Log in to the site/button_Log in' is clicked on

2022-01-16 06:43:32 - [MESSAGE][PASSED] - Object: 'Object Repository/Page_Moodle Log in to the site/button_Log in' is clicked on

2022-01-16 06:43:32 - [TEST_STEP][PASSED] - verifyElementText(findTestObject("Object Repository/Page_Dashboard/span_Site home"), "Site home"): Actual text and expected text of test object 'Object Repository/Page_Dashboard/span_Site home' are matched.

2022-01-16 06:43:33 - [MESSAGE][PASSED] - Actual text and expected text of test object 'Object Repository/Page_Dashboard/span_Site home' are matched.

2022-01-16 06:43:33 - [TEST_STEP][PASSED] - click(findTestObject("Object Repository/Page_Dashboard/a_Site home")): Object: 'Object Repository/Page_Dashboard/a_Site home' is clicked on

2022-01-16 06:43:34 - [MESSAGE][PASSED] - Object: 'Object Repository/Page_Dashboard/a_Site home' is clicked on

2022-01-16 06:43:34 - [TEST_STEP][PASSED] - verifyElementText(findTestObject("Object Repository/Page_Moodle/a_Introduction to Computer Science"), "Introduction to Computer Science"): Actual text and expected text of test object 'Object Repository/Page_Moodle/a_Introduction to Computer Science' are matched.

2022-01-16 06:43:35 - [MESSAGE][PASSED] - Actual text and expected text of test object 'Object Repository/Page_Moodle/a_Introduction to Computer Science' are matched.

2022-01-16 06:43:35 - [TEST_STEP][PASSED] - click(findTestObject("Object Repository/Page_Moodle/a_Introduction to Computer Science")): Object: 'Object Repository/Page_Moodle/a_Introduction to Computer Science' is clicked on

2022-01-16 06:43:35 - [MESSAGE][PASSED] - Object: 'Object Repository/Page_Moodle/a_Introduction to Computer Science' is clicked on

2022-01-16 06:43:35 - [TEST_STEP][PASSED] - click(findTestObject("Object Repository/Page_Course Introduction to Computer Science/span_Grades")): Object: 'Object Repository/Page_Course Introduction to Computer Science/span_Grades' is clicked on

2022-01-16 06:43:36 - [MESSAGE][PASSED] - Object: 'Object Repository/Page_Course Introduction to Computer Science/span_Grades' is clicked on

2022-01-16 06:43:36 - [TEST_STEP][PASSED] - verifyElementText(findTestObject("Object Repository/Page_Grades View/h3_All participants 22"), "All participants: 2/2"): Actual text and expected text of test object 'Object Repository/Page_Grades View/h3_All participants 22' are matched.

2022-01-16 06:43:37 - [MESSAGE][PASSED] - Actual text and expected text of test object 'Object Repository/Page_Grades View/h3_All participants 22' are matched.

2022-01-16 06:43:37 - [TEST_STEP][PASSED] - closeBrowser(): Browser is closed

2022-01-16 06:43:37 - [MESSAGE][PASSED] - Browser is closed]]></system-out>
         <system-err><![CDATA[]]></system-err>
      </testcase>
      <testcase name="Test Cases/test case 20" time="297.188" classname="Test Cases/test case 20" status="PASSED">
         <system-out><![CDATA[2022-01-16 06:43:37 - [TEST_CASE][PASSED] - Test Cases/test case 20: Test Cases/test case 20

2022-01-16 06:43:38 - [TEST_STEP][PASSED] - openBrowser(""): Browser is opened with url: ''

2022-01-16 06:43:38 - [MESSAGE][INFO] - Starting 'Chrome' driver

2022-01-16 06:43:38 - [MESSAGE][INFO] - Action delay is set to 0 milliseconds

2022-01-16 06:43:39 - [MESSAGE][PASSED] - Browser is opened with url: ''

2022-01-16 06:43:39 - [TEST_STEP][PASSED] - navigateToUrl("http://localhost/"): Navigate to 'http://localhost/' successfully

2022-01-16 06:43:40 - [MESSAGE][PASSED] - Navigate to 'http://localhost/' successfully

2022-01-16 06:43:40 - [TEST_STEP][PASSED] - click(findTestObject("Object Repository/Page_Moodle/a_Log in")): Object: 'Object Repository/Page_Moodle/a_Log in' is clicked on

2022-01-16 06:43:41 - [MESSAGE][PASSED] - Object: 'Object Repository/Page_Moodle/a_Log in' is clicked on

2022-01-16 06:43:41 - [TEST_STEP][PASSED] - setText(findTestObject("Object Repository/Page_Moodle Log in to the site/input_Username_username"), "admin"): Text 'admin' is set on object 'Object Repository/Page_Moodle Log in to the site/input_Username_username'

2022-01-16 06:43:42 - [MESSAGE][PASSED] - Text 'admin' is set on object 'Object Repository/Page_Moodle Log in to the site/input_Username_username'

2022-01-16 06:43:42 - [TEST_STEP][PASSED] - setEncryptedText(findTestObject("Object Repository/Page_Moodle Log in to the site/input_Password_password"), "r6H/uPCyCbQX7sAf5E1f3g=="): Text ****** has been set on object 'Object Repository/Page_Moodle Log in to the site/input_Password_password'

2022-01-16 06:43:42 - [MESSAGE][PASSED] - Text ****** has been set on object 'Object Repository/Page_Moodle Log in to the site/input_Password_password'

2022-01-16 06:43:42 - [TEST_STEP][PASSED] - click(findTestObject("Object Repository/Page_Moodle Log in to the site/button_Log in")): Object: 'Object Repository/Page_Moodle Log in to the site/button_Log in' is clicked on

2022-01-16 06:43:43 - [MESSAGE][PASSED] - Object: 'Object Repository/Page_Moodle Log in to the site/button_Log in' is clicked on

2022-01-16 06:43:43 - [TEST_STEP][PASSED] - verifyElementText(findTestObject("Page_Dashboard/a_Introduction to Computer Science"), "Introduction to Computer Science"): Actual text and expected text of test object 'Object Repository/Page_Dashboard/a_Introduction to Computer Science' are matched.

2022-01-16 06:44:14 - [MESSAGE][INFO] - Unable to find the element located by 'By.xpath: //section[@id='inst32']/div/div/ul/li/div/a'. Please recheck the objects properties to make sure the desired element is located. 

2022-01-16 06:44:14 - [MESSAGE][WARNING] - [SELF-HEALING] Failed to find element with id 'Object Repository/Page_Dashboard/a_Introduction to Computer Science'. Try using Self-healing.

2022-01-16 06:44:15 - [MESSAGE][WARNING] - [SELF-HEALING] The current locator of test object 'Object Repository/Page_Dashboard/a_Introduction to Computer Science' was broken. Propose an alternative one: '//a[contains(text(),'Introduction to Computer Science')]'.

2022-01-16 06:44:15 - [MESSAGE][PASSED] - Actual text and expected text of test object 'Object Repository/Page_Dashboard/a_Introduction to Computer Science' are matched.

2022-01-16 06:44:15 - [TEST_STEP][PASSED] - click(findTestObject("Page_Dashboard/a_Introduction to Computer Science")): Object: 'Object Repository/Page_Dashboard/a_Introduction to Computer Science' is clicked on

2022-01-16 06:44:46 - [MESSAGE][INFO] - Unable to find the element located by 'By.xpath: //section[@id='inst32']/div/div/ul/li/div/a'. Please recheck the objects properties to make sure the desired element is located. 

2022-01-16 06:44:46 - [MESSAGE][WARNING] - [SELF-HEALING] Failed to find element with id 'Object Repository/Page_Dashboard/a_Introduction to Computer Science'. Try using Self-healing.

2022-01-16 06:44:46 - [MESSAGE][WARNING] - [SELF-HEALING] The current locator of test object 'Object Repository/Page_Dashboard/a_Introduction to Computer Science' was broken. Propose an alternative one: '//a[contains(text(),'Introduction to Computer Science')]'.

2022-01-16 06:44:46 - [MESSAGE][PASSED] - Object: 'Object Repository/Page_Dashboard/a_Introduction to Computer Science' is clicked on

2022-01-16 06:44:46 - [TEST_STEP][PASSED] - click(findTestObject("Object Repository/Page_Course Introduction to Computer Science/span_Calendar")): Object: 'Object Repository/Page_Course Introduction to Computer Science/span_Calendar' is clicked on

2022-01-16 06:44:47 - [MESSAGE][PASSED] - Object: 'Object Repository/Page_Course Introduction to Computer Science/span_Calendar' is clicked on

2022-01-16 06:44:47 - [TEST_STEP][PASSED] - waitForElementVisible(findTestObject("Object Repository/Page_IntroCS Calendar Detailed month view J_1643b4/button_New event"), 0): Object 'Object Repository/Page_IntroCS Calendar Detailed month view J_1643b4/button_New event' is visible

2022-01-16 06:44:47 - [MESSAGE][WARNING] - Timeout '0' is invalid. Using default page load timeout: '30'

2022-01-16 06:45:18 - [MESSAGE][INFO] - Unable to find the element located by 'By.xpath: //div[@id='calendar-month-61e1ad5d6c69d61e1ad5d02f2e16']/div/button'. Please recheck the objects properties to make sure the desired element is located. 

2022-01-16 06:45:18 - [MESSAGE][WARNING] - [SELF-HEALING] Failed to find element with id 'Object Repository/Page_IntroCS Calendar Detailed month view J_1643b4/button_New event'. Try using Self-healing.

2022-01-16 06:45:19 - [MESSAGE][WARNING] - [SELF-HEALING] The current locator of test object 'Object Repository/Page_IntroCS Calendar Detailed month view J_1643b4/button_New event' was broken. Propose an alternative one: '(.//*[normalize-space(text()) and normalize-space(.)='List of courses'])[1]/following::button[1]'.

2022-01-16 06:45:19 - [MESSAGE][PASSED] - Object 'Object Repository/Page_IntroCS Calendar Detailed month view J_1643b4/button_New event' is visible

2022-01-16 06:45:19 - [TEST_STEP][PASSED] - click(findTestObject("Object Repository/Page_IntroCS Calendar Detailed month view J_1643b4/button_New event")): Object: 'Object Repository/Page_IntroCS Calendar Detailed month view J_1643b4/button_New event' is clicked on

2022-01-16 06:45:50 - [MESSAGE][INFO] - Unable to find the element located by 'By.xpath: //div[@id='calendar-month-61e1ad5d6c69d61e1ad5d02f2e16']/div/button'. Please recheck the objects properties to make sure the desired element is located. 

2022-01-16 06:45:50 - [MESSAGE][WARNING] - [SELF-HEALING] Failed to find element with id 'Object Repository/Page_IntroCS Calendar Detailed month view J_1643b4/button_New event'. Try using Self-healing.

2022-01-16 06:45:50 - [MESSAGE][WARNING] - [SELF-HEALING] The current locator of test object 'Object Repository/Page_IntroCS Calendar Detailed month view J_1643b4/button_New event' was broken. Propose an alternative one: '(.//*[normalize-space(text()) and normalize-space(.)='List of courses'])[1]/following::button[1]'.

2022-01-16 06:45:50 - [MESSAGE][PASSED] - Object: 'Object Repository/Page_IntroCS Calendar Detailed month view J_1643b4/button_New event' is clicked on

2022-01-16 06:45:50 - [TEST_STEP][PASSED] - setText(findTestObject("Object Repository/Page_IntroCS Calendar Detailed month view J_1643b4/input_Event title_name"), "Seminar for Final Examination"): Text 'Seminar for Final Examination' is set on object 'Object Repository/Page_IntroCS Calendar Detailed month view J_1643b4/input_Event title_name'

2022-01-16 06:45:52 - [MESSAGE][PASSED] - Text 'Seminar for Final Examination' is set on object 'Object Repository/Page_IntroCS Calendar Detailed month view J_1643b4/input_Event title_name'

2022-01-16 06:45:52 - [TEST_STEP][PASSED] - selectOptionByValue(findTestObject("Object Repository/Page_IntroCS Calendar Detailed month view J_1643b4/select_1        2        3        4        _45ea30"), "26", true): All options with value '26' are selected in object 'Object Repository/Page_IntroCS Calendar Detailed month view J_1643b4/select_1        2        3        4        _45ea30'  using regular expression

2022-01-16 06:45:54 - [MESSAGE][PASSED] - All options with value '26' are selected in object 'Object Repository/Page_IntroCS Calendar Detailed month view J_1643b4/select_1        2        3        4        _45ea30'  using regular expression

2022-01-16 06:45:54 - [TEST_STEP][PASSED] - selectOptionByValue(findTestObject("Object Repository/Page_IntroCS Calendar Detailed month view J_1643b4/select_00        01        02        03    _f6e37b"), "0", true): All options with value '0' are selected in object 'Object Repository/Page_IntroCS Calendar Detailed month view J_1643b4/select_00        01        02        03    _f6e37b'  using regular expression

2022-01-16 06:45:55 - [MESSAGE][PASSED] - All options with value '0' are selected in object 'Object Repository/Page_IntroCS Calendar Detailed month view J_1643b4/select_00        01        02        03    _f6e37b'  using regular expression

2022-01-16 06:45:55 - [TEST_STEP][PASSED] - selectOptionByValue(findTestObject("Object Repository/Page_IntroCS Calendar Detailed month view J_1643b4/select_00        01        02        03    _f6e37b_1"), "0", true): All options with value '0' are selected in object 'Object Repository/Page_IntroCS Calendar Detailed month view J_1643b4/select_00        01        02        03    _f6e37b_1'  using regular expression

2022-01-16 06:45:56 - [MESSAGE][PASSED] - All options with value '0' are selected in object 'Object Repository/Page_IntroCS Calendar Detailed month view J_1643b4/select_00        01        02        03    _f6e37b_1'  using regular expression

2022-01-16 06:45:56 - [TEST_STEP][PASSED] - click(findTestObject("Object Repository/Page_IntroCS Calendar Detailed month view J_1643b4/button_Save")): Object: 'Object Repository/Page_IntroCS Calendar Detailed month view J_1643b4/button_Save' is clicked on

2022-01-16 06:46:27 - [MESSAGE][INFO] - Unable to find the element located by 'By.xpath: //button[@id='yui_3_17_2_1_1642179933493_604']'. Please recheck the objects properties to make sure the desired element is located. 

2022-01-16 06:46:27 - [MESSAGE][WARNING] - [SELF-HEALING] Failed to find element with id 'Object Repository/Page_IntroCS Calendar Detailed month view J_1643b4/button_Save'. Try using Self-healing.

2022-01-16 06:46:28 - [MESSAGE][WARNING] - [SELF-HEALING] The current locator of test object 'Object Repository/Page_IntroCS Calendar Detailed month view J_1643b4/button_Save' was broken. Propose an alternative one: '(.//*[normalize-space(text()) and normalize-space(.)='Repeat weekly, creating altogether'])[1]/following::button[1]'.

2022-01-16 06:46:28 - [MESSAGE][PASSED] - Object: 'Object Repository/Page_IntroCS Calendar Detailed month view J_1643b4/button_Save' is clicked on

2022-01-16 06:46:28 - [TEST_STEP][PASSED] - click(findTestObject("Object Repository/Page_IntroCS Calendar Detailed month view J_1643b4/span_Seminar for Final Examination")): Object: 'Object Repository/Page_IntroCS Calendar Detailed month view J_1643b4/span_Seminar for Final Examination' is clicked on

2022-01-16 06:46:59 - [MESSAGE][INFO] - Unable to find the element located by 'By.xpath: //a[@id='yui_3_17_2_1_1642179933493_2024']/span[2]'. Please recheck the objects properties to make sure the desired element is located. 

2022-01-16 06:46:59 - [MESSAGE][WARNING] - [SELF-HEALING] Failed to find element with id 'Object Repository/Page_IntroCS Calendar Detailed month view J_1643b4/span_Seminar for Final Examination'. Try using Self-healing.

2022-01-16 06:46:59 - [MESSAGE][WARNING] - [SELF-HEALING] The current locator of test object 'Object Repository/Page_IntroCS Calendar Detailed month view J_1643b4/span_Seminar for Final Examination' was broken. Propose an alternative one: '(.//*[normalize-space(text()) and normalize-space(.)='No events, Tuesday, 25 January'])[2]/following::span[4]'.

2022-01-16 06:46:59 - [MESSAGE][PASSED] - Object: 'Object Repository/Page_IntroCS Calendar Detailed month view J_1643b4/span_Seminar for Final Examination' is clicked on

2022-01-16 06:46:59 - [TEST_STEP][PASSED] - waitForElementVisible(findTestObject("Object Repository/Page_IntroCS Calendar Detailed month view J_1643b4/button_Delete"), 0): Object 'Object Repository/Page_IntroCS Calendar Detailed month view J_1643b4/button_Delete' is visible

2022-01-16 06:46:59 - [MESSAGE][WARNING] - Timeout '0' is invalid. Using default page load timeout: '30'

2022-01-16 06:47:30 - [MESSAGE][INFO] - Unable to find the element located by 'By.xpath: //button[@id='yui_3_17_2_1_1642179933493_2046']'. Please recheck the objects properties to make sure the desired element is located. 

2022-01-16 06:47:30 - [MESSAGE][WARNING] - [SELF-HEALING] Failed to find element with id 'Object Repository/Page_IntroCS Calendar Detailed month view J_1643b4/button_Delete'. Try using Self-healing.

2022-01-16 06:47:31 - [MESSAGE][WARNING] - [SELF-HEALING] The current locator of test object 'Object Repository/Page_IntroCS Calendar Detailed month view J_1643b4/button_Delete' was broken. Propose an alternative one: '(.//*[normalize-space(text()) and normalize-space(.)='Course event'])[1]/following::button[1]'.

2022-01-16 06:47:31 - [MESSAGE][PASSED] - Object 'Object Repository/Page_IntroCS Calendar Detailed month view J_1643b4/button_Delete' is visible

2022-01-16 06:47:31 - [TEST_STEP][PASSED] - click(findTestObject("Object Repository/Page_IntroCS Calendar Detailed month view J_1643b4/button_Delete")): Object: 'Object Repository/Page_IntroCS Calendar Detailed month view J_1643b4/button_Delete' is clicked on

2022-01-16 06:48:02 - [MESSAGE][INFO] - Unable to find the element located by 'By.xpath: //button[@id='yui_3_17_2_1_1642179933493_2046']'. Please recheck the objects properties to make sure the desired element is located. 

2022-01-16 06:48:02 - [MESSAGE][WARNING] - [SELF-HEALING] Failed to find element with id 'Object Repository/Page_IntroCS Calendar Detailed month view J_1643b4/button_Delete'. Try using Self-healing.

2022-01-16 06:48:02 - [MESSAGE][WARNING] - [SELF-HEALING] The current locator of test object 'Object Repository/Page_IntroCS Calendar Detailed month view J_1643b4/button_Delete' was broken. Propose an alternative one: '(.//*[normalize-space(text()) and normalize-space(.)='Course event'])[1]/following::button[1]'.

2022-01-16 06:48:02 - [MESSAGE][PASSED] - Object: 'Object Repository/Page_IntroCS Calendar Detailed month view J_1643b4/button_Delete' is clicked on

2022-01-16 06:48:02 - [TEST_STEP][PASSED] - click(findTestObject("Object Repository/Page_IntroCS Calendar Detailed month view J_1643b4/button_Delete event")): Object: 'Object Repository/Page_IntroCS Calendar Detailed month view J_1643b4/button_Delete event' is clicked on

2022-01-16 06:48:34 - [MESSAGE][INFO] - Unable to find the element located by 'By.xpath: //button[@id='yui_3_17_2_1_1642179933493_2066']'. Please recheck the objects properties to make sure the desired element is located. 

2022-01-16 06:48:34 - [MESSAGE][WARNING] - [SELF-HEALING] Failed to find element with id 'Object Repository/Page_IntroCS Calendar Detailed month view J_1643b4/button_Delete event'. Try using Self-healing.

2022-01-16 06:48:34 - [MESSAGE][WARNING] - [SELF-HEALING] The current locator of test object 'Object Repository/Page_IntroCS Calendar Detailed month view J_1643b4/button_Delete event' was broken. Propose an alternative one: '(.//*[normalize-space(text()) and normalize-space(.)=concat('Are you sure you want to delete the ', '"', 'Seminar for Final Examination', '"', ' event?')])[1]/following::button[1]'.

2022-01-16 06:48:34 - [MESSAGE][PASSED] - Object: 'Object Repository/Page_IntroCS Calendar Detailed month view J_1643b4/button_Delete event' is clicked on

2022-01-16 06:48:34 - [TEST_STEP][PASSED] - closeBrowser(): Browser is closed

2022-01-16 06:48:35 - [MESSAGE][PASSED] - Browser is closed]]></system-out>
         <system-err><![CDATA[]]></system-err>
      </testcase>
      <testcase name="Test Cases/test case 21" time="235.012" classname="Test Cases/test case 21" status="PASSED">
         <system-out><![CDATA[2022-01-16 06:48:35 - [TEST_CASE][PASSED] - Test Cases/test case 21: Test Cases/test case 21

2022-01-16 06:48:35 - [TEST_STEP][PASSED] - openBrowser(""): Browser is opened with url: ''

2022-01-16 06:48:35 - [MESSAGE][INFO] - Starting 'Chrome' driver

2022-01-16 06:48:35 - [MESSAGE][INFO] - Action delay is set to 0 milliseconds

2022-01-16 06:48:36 - [MESSAGE][PASSED] - Browser is opened with url: ''

2022-01-16 06:48:36 - [TEST_STEP][PASSED] - navigateToUrl("http://localhost/"): Navigate to 'http://localhost/' successfully

2022-01-16 06:48:37 - [MESSAGE][PASSED] - Navigate to 'http://localhost/' successfully

2022-01-16 06:48:37 - [TEST_STEP][PASSED] - click(findTestObject("Object Repository/Page_Moodle/a_Log in")): Object: 'Object Repository/Page_Moodle/a_Log in' is clicked on

2022-01-16 06:48:38 - [MESSAGE][PASSED] - Object: 'Object Repository/Page_Moodle/a_Log in' is clicked on

2022-01-16 06:48:38 - [TEST_STEP][PASSED] - setText(findTestObject("Object Repository/Page_Moodle Log in to the site/input_Username_username"), "admin"): Text 'admin' is set on object 'Object Repository/Page_Moodle Log in to the site/input_Username_username'

2022-01-16 06:48:39 - [MESSAGE][PASSED] - Text 'admin' is set on object 'Object Repository/Page_Moodle Log in to the site/input_Username_username'

2022-01-16 06:48:39 - [TEST_STEP][PASSED] - setEncryptedText(findTestObject("Object Repository/Page_Moodle Log in to the site/input_Password_password"), "r6H/uPCyCbQX7sAf5E1f3g=="): Text ****** has been set on object 'Object Repository/Page_Moodle Log in to the site/input_Password_password'

2022-01-16 06:48:39 - [MESSAGE][PASSED] - Text ****** has been set on object 'Object Repository/Page_Moodle Log in to the site/input_Password_password'

2022-01-16 06:48:39 - [TEST_STEP][PASSED] - click(findTestObject("Object Repository/Page_Moodle Log in to the site/button_Log in")): Object: 'Object Repository/Page_Moodle Log in to the site/button_Log in' is clicked on

2022-01-16 06:48:40 - [MESSAGE][PASSED] - Object: 'Object Repository/Page_Moodle Log in to the site/button_Log in' is clicked on

2022-01-16 06:48:40 - [TEST_STEP][PASSED] - click(findTestObject("Object Repository/Page_Dashboard/span_Site home")): Object: 'Object Repository/Page_Dashboard/span_Site home' is clicked on

2022-01-16 06:48:42 - [MESSAGE][PASSED] - Object: 'Object Repository/Page_Dashboard/span_Site home' is clicked on

2022-01-16 06:48:42 - [TEST_STEP][PASSED] - verifyElementText(findTestObject("Page_Moodle/a_Introduction to Computer Science"), "Introduction to Computer Science"): Actual text and expected text of test object 'Object Repository/Page_Moodle/a_Introduction to Computer Science' are matched.

2022-01-16 06:48:42 - [MESSAGE][PASSED] - Actual text and expected text of test object 'Object Repository/Page_Moodle/a_Introduction to Computer Science' are matched.

2022-01-16 06:48:42 - [TEST_STEP][PASSED] - click(findTestObject("Page_Moodle/a_Introduction to Computer Science")): Object: 'Object Repository/Page_Moodle/a_Introduction to Computer Science' is clicked on

2022-01-16 06:48:43 - [MESSAGE][PASSED] - Object: 'Object Repository/Page_Moodle/a_Introduction to Computer Science' is clicked on

2022-01-16 06:48:43 - [TEST_STEP][PASSED] - click(findTestObject("Object Repository/Page_Course Introduction to Computer Science/a_Calendar")): Object: 'Object Repository/Page_Course Introduction to Computer Science/a_Calendar' is clicked on

2022-01-16 06:48:44 - [MESSAGE][PASSED] - Object: 'Object Repository/Page_Course Introduction to Computer Science/a_Calendar' is clicked on

2022-01-16 06:48:44 - [TEST_STEP][PASSED] - waitForElementVisible(findTestObject("Object Repository/Page_IntroCS Calendar Detailed month view J_1643b4/button_New event"), 0): Object 'Object Repository/Page_IntroCS Calendar Detailed month view J_1643b4/button_New event' is visible

2022-01-16 06:48:44 - [MESSAGE][WARNING] - Timeout '0' is invalid. Using default page load timeout: '30'

2022-01-16 06:49:15 - [MESSAGE][INFO] - Unable to find the element located by 'By.xpath: //div[@id='calendar-month-61e1ad5d6c69d61e1ad5d02f2e16']/div/button'. Please recheck the objects properties to make sure the desired element is located. 

2022-01-16 06:49:15 - [MESSAGE][WARNING] - [SELF-HEALING] Failed to find element with id 'Object Repository/Page_IntroCS Calendar Detailed month view J_1643b4/button_New event'. Try using Self-healing.

2022-01-16 06:49:15 - [MESSAGE][WARNING] - [SELF-HEALING] The current locator of test object 'Object Repository/Page_IntroCS Calendar Detailed month view J_1643b4/button_New event' was broken. Propose an alternative one: '(.//*[normalize-space(text()) and normalize-space(.)='List of courses'])[1]/following::button[1]'.

2022-01-16 06:49:15 - [MESSAGE][PASSED] - Object 'Object Repository/Page_IntroCS Calendar Detailed month view J_1643b4/button_New event' is visible

2022-01-16 06:49:15 - [TEST_STEP][PASSED] - click(findTestObject("Object Repository/Page_IntroCS Calendar Detailed month view J_1643b4/button_New event")): Object: 'Object Repository/Page_IntroCS Calendar Detailed month view J_1643b4/button_New event' is clicked on

2022-01-16 06:49:46 - [MESSAGE][INFO] - Unable to find the element located by 'By.xpath: //div[@id='calendar-month-61e1ad5d6c69d61e1ad5d02f2e16']/div/button'. Please recheck the objects properties to make sure the desired element is located. 

2022-01-16 06:49:46 - [MESSAGE][WARNING] - [SELF-HEALING] Failed to find element with id 'Object Repository/Page_IntroCS Calendar Detailed month view J_1643b4/button_New event'. Try using Self-healing.

2022-01-16 06:49:47 - [MESSAGE][WARNING] - [SELF-HEALING] The current locator of test object 'Object Repository/Page_IntroCS Calendar Detailed month view J_1643b4/button_New event' was broken. Propose an alternative one: '(.//*[normalize-space(text()) and normalize-space(.)='List of courses'])[1]/following::button[1]'.

2022-01-16 06:49:47 - [MESSAGE][PASSED] - Object: 'Object Repository/Page_IntroCS Calendar Detailed month view J_1643b4/button_New event' is clicked on

2022-01-16 06:49:47 - [TEST_STEP][PASSED] - setText(findTestObject("Object Repository/Page_IntroCS Calendar Detailed month view J_1643b4/input_Event title_name"), "Seminar for Final Examination"): Text 'Seminar for Final Examination' is set on object 'Object Repository/Page_IntroCS Calendar Detailed month view J_1643b4/input_Event title_name'

2022-01-16 06:49:49 - [MESSAGE][PASSED] - Text 'Seminar for Final Examination' is set on object 'Object Repository/Page_IntroCS Calendar Detailed month view J_1643b4/input_Event title_name'

2022-01-16 06:49:49 - [TEST_STEP][PASSED] - selectOptionByValue(findTestObject("Object Repository/Page_IntroCS Calendar Detailed month view J_1643b4/select_1        2        3        4        _45ea30"), "26", true): All options with value '26' are selected in object 'Object Repository/Page_IntroCS Calendar Detailed month view J_1643b4/select_1        2        3        4        _45ea30'  using regular expression

2022-01-16 06:49:50 - [MESSAGE][PASSED] - All options with value '26' are selected in object 'Object Repository/Page_IntroCS Calendar Detailed month view J_1643b4/select_1        2        3        4        _45ea30'  using regular expression

2022-01-16 06:49:50 - [TEST_STEP][PASSED] - selectOptionByValue(findTestObject("Object Repository/Page_IntroCS Calendar Detailed month view J_1643b4/select_00        01        02        03    _f6e37b"), "0", true): All options with value '0' are selected in object 'Object Repository/Page_IntroCS Calendar Detailed month view J_1643b4/select_00        01        02        03    _f6e37b'  using regular expression

2022-01-16 06:49:51 - [MESSAGE][PASSED] - All options with value '0' are selected in object 'Object Repository/Page_IntroCS Calendar Detailed month view J_1643b4/select_00        01        02        03    _f6e37b'  using regular expression

2022-01-16 06:49:51 - [TEST_STEP][PASSED] - click(findTestObject("Object Repository/Page_IntroCS Calendar Detailed month view J_1643b4/button_Save")): Object: 'Object Repository/Page_IntroCS Calendar Detailed month view J_1643b4/button_Save' is clicked on

2022-01-16 06:50:22 - [MESSAGE][INFO] - Unable to find the element located by 'By.xpath: //button[@id='yui_3_17_2_1_1642179933493_604']'. Please recheck the objects properties to make sure the desired element is located. 

2022-01-16 06:50:22 - [MESSAGE][WARNING] - [SELF-HEALING] Failed to find element with id 'Object Repository/Page_IntroCS Calendar Detailed month view J_1643b4/button_Save'. Try using Self-healing.

2022-01-16 06:50:23 - [MESSAGE][WARNING] - [SELF-HEALING] The current locator of test object 'Object Repository/Page_IntroCS Calendar Detailed month view J_1643b4/button_Save' was broken. Propose an alternative one: '(.//*[normalize-space(text()) and normalize-space(.)='Repeat weekly, creating altogether'])[1]/following::button[1]'.

2022-01-16 06:50:23 - [MESSAGE][PASSED] - Object: 'Object Repository/Page_IntroCS Calendar Detailed month view J_1643b4/button_Save' is clicked on

2022-01-16 06:50:23 - [TEST_STEP][PASSED] - click(findTestObject("Object Repository/Page_IntroCS Calendar Detailed month view J_1643b4/span_Seminar for Final Examination")): Object: 'Object Repository/Page_IntroCS Calendar Detailed month view J_1643b4/span_Seminar for Final Examination' is clicked on

2022-01-16 06:50:54 - [MESSAGE][INFO] - Unable to find the element located by 'By.xpath: //a[@id='yui_3_17_2_1_1642179933493_2024']/span[2]'. Please recheck the objects properties to make sure the desired element is located. 

2022-01-16 06:50:54 - [MESSAGE][WARNING] - [SELF-HEALING] Failed to find element with id 'Object Repository/Page_IntroCS Calendar Detailed month view J_1643b4/span_Seminar for Final Examination'. Try using Self-healing.

2022-01-16 06:50:54 - [MESSAGE][WARNING] - [SELF-HEALING] The current locator of test object 'Object Repository/Page_IntroCS Calendar Detailed month view J_1643b4/span_Seminar for Final Examination' was broken. Propose an alternative one: '(.//*[normalize-space(text()) and normalize-space(.)='No events, Tuesday, 25 January'])[2]/following::span[4]'.

2022-01-16 06:50:54 - [MESSAGE][PASSED] - Object: 'Object Repository/Page_IntroCS Calendar Detailed month view J_1643b4/span_Seminar for Final Examination' is clicked on

2022-01-16 06:50:54 - [TEST_STEP][PASSED] - waitForElementVisible(findTestObject("Object Repository/Page_IntroCS Calendar Detailed month view J_1643b4/button_Delete"), 0): Object 'Object Repository/Page_IntroCS Calendar Detailed month view J_1643b4/button_Delete' is visible

2022-01-16 06:50:54 - [MESSAGE][WARNING] - Timeout '0' is invalid. Using default page load timeout: '30'

2022-01-16 06:51:26 - [MESSAGE][INFO] - Unable to find the element located by 'By.xpath: //button[@id='yui_3_17_2_1_1642179933493_2046']'. Please recheck the objects properties to make sure the desired element is located. 

2022-01-16 06:51:26 - [MESSAGE][WARNING] - [SELF-HEALING] Failed to find element with id 'Object Repository/Page_IntroCS Calendar Detailed month view J_1643b4/button_Delete'. Try using Self-healing.

2022-01-16 06:51:26 - [MESSAGE][WARNING] - [SELF-HEALING] The current locator of test object 'Object Repository/Page_IntroCS Calendar Detailed month view J_1643b4/button_Delete' was broken. Propose an alternative one: '(.//*[normalize-space(text()) and normalize-space(.)='Course event'])[1]/following::button[1]'.

2022-01-16 06:51:26 - [MESSAGE][PASSED] - Object 'Object Repository/Page_IntroCS Calendar Detailed month view J_1643b4/button_Delete' is visible

2022-01-16 06:51:26 - [TEST_STEP][PASSED] - click(findTestObject("Object Repository/Page_IntroCS Calendar Detailed month view J_1643b4/button_Delete")): Object: 'Object Repository/Page_IntroCS Calendar Detailed month view J_1643b4/button_Delete' is clicked on

2022-01-16 06:51:57 - [MESSAGE][INFO] - Unable to find the element located by 'By.xpath: //button[@id='yui_3_17_2_1_1642179933493_2046']'. Please recheck the objects properties to make sure the desired element is located. 

2022-01-16 06:51:57 - [MESSAGE][WARNING] - [SELF-HEALING] Failed to find element with id 'Object Repository/Page_IntroCS Calendar Detailed month view J_1643b4/button_Delete'. Try using Self-healing.

2022-01-16 06:51:57 - [MESSAGE][WARNING] - [SELF-HEALING] The current locator of test object 'Object Repository/Page_IntroCS Calendar Detailed month view J_1643b4/button_Delete' was broken. Propose an alternative one: '(.//*[normalize-space(text()) and normalize-space(.)='Course event'])[1]/following::button[1]'.

2022-01-16 06:51:57 - [MESSAGE][PASSED] - Object: 'Object Repository/Page_IntroCS Calendar Detailed month view J_1643b4/button_Delete' is clicked on

2022-01-16 06:51:57 - [TEST_STEP][PASSED] - click(findTestObject("Object Repository/Page_IntroCS Calendar Detailed month view J_1643b4/button_Delete event")): Object: 'Object Repository/Page_IntroCS Calendar Detailed month view J_1643b4/button_Delete event' is clicked on

2022-01-16 06:52:29 - [MESSAGE][INFO] - Unable to find the element located by 'By.xpath: //button[@id='yui_3_17_2_1_1642179933493_2066']'. Please recheck the objects properties to make sure the desired element is located. 

2022-01-16 06:52:29 - [MESSAGE][WARNING] - [SELF-HEALING] Failed to find element with id 'Object Repository/Page_IntroCS Calendar Detailed month view J_1643b4/button_Delete event'. Try using Self-healing.

2022-01-16 06:52:29 - [MESSAGE][WARNING] - [SELF-HEALING] The current locator of test object 'Object Repository/Page_IntroCS Calendar Detailed month view J_1643b4/button_Delete event' was broken. Propose an alternative one: '(.//*[normalize-space(text()) and normalize-space(.)=concat('Are you sure you want to delete the ', '"', 'Seminar for Final Examination', '"', ' event?')])[1]/following::button[1]'.

2022-01-16 06:52:29 - [MESSAGE][PASSED] - Object: 'Object Repository/Page_IntroCS Calendar Detailed month view J_1643b4/button_Delete event' is clicked on

2022-01-16 06:52:29 - [TEST_STEP][PASSED] - closeBrowser(): Browser is closed

2022-01-16 06:52:30 - [MESSAGE][PASSED] - Browser is closed]]></system-out>
         <system-err><![CDATA[]]></system-err>
      </testcase>
      <testcase name="Test Cases/test case 22" time="205.176" classname="Test Cases/test case 22" status="PASSED">
         <system-out><![CDATA[2022-01-16 06:52:30 - [TEST_CASE][PASSED] - Test Cases/test case 22: Test Cases/test case 22

2022-01-16 06:52:30 - [TEST_STEP][PASSED] - openBrowser(""): Browser is opened with url: ''

2022-01-16 06:52:30 - [MESSAGE][INFO] - Starting 'Chrome' driver

2022-01-16 06:52:30 - [MESSAGE][INFO] - Action delay is set to 0 milliseconds

2022-01-16 06:52:31 - [MESSAGE][PASSED] - Browser is opened with url: ''

2022-01-16 06:52:31 - [TEST_STEP][PASSED] - navigateToUrl("http://localhost/"): Navigate to 'http://localhost/' successfully

2022-01-16 06:52:32 - [MESSAGE][PASSED] - Navigate to 'http://localhost/' successfully

2022-01-16 06:52:32 - [TEST_STEP][PASSED] - click(findTestObject("Object Repository/Page_Moodle/a_Log in")): Object: 'Object Repository/Page_Moodle/a_Log in' is clicked on

2022-01-16 06:52:33 - [MESSAGE][PASSED] - Object: 'Object Repository/Page_Moodle/a_Log in' is clicked on

2022-01-16 06:52:33 - [TEST_STEP][PASSED] - setText(findTestObject("Object Repository/Page_Moodle Log in to the site/input_Username_username"), "admin"): Text 'admin' is set on object 'Object Repository/Page_Moodle Log in to the site/input_Username_username'

2022-01-16 06:52:34 - [MESSAGE][PASSED] - Text 'admin' is set on object 'Object Repository/Page_Moodle Log in to the site/input_Username_username'

2022-01-16 06:52:34 - [TEST_STEP][PASSED] - setEncryptedText(findTestObject("Object Repository/Page_Moodle Log in to the site/input_Password_password"), "r6H/uPCyCbQX7sAf5E1f3g=="): Text ****** has been set on object 'Object Repository/Page_Moodle Log in to the site/input_Password_password'

2022-01-16 06:52:34 - [MESSAGE][PASSED] - Text ****** has been set on object 'Object Repository/Page_Moodle Log in to the site/input_Password_password'

2022-01-16 06:52:34 - [TEST_STEP][PASSED] - click(findTestObject("Object Repository/Page_Moodle Log in to the site/button_Log in")): Object: 'Object Repository/Page_Moodle Log in to the site/button_Log in' is clicked on

2022-01-16 06:52:35 - [MESSAGE][PASSED] - Object: 'Object Repository/Page_Moodle Log in to the site/button_Log in' is clicked on

2022-01-16 06:52:35 - [TEST_STEP][PASSED] - waitForElementVisible(findTestObject("Object Repository/Page_Dashboard/a_January 2022"), 0): Object 'Object Repository/Page_Dashboard/a_January 2022' is visible

2022-01-16 06:52:35 - [MESSAGE][WARNING] - Timeout '0' is invalid. Using default page load timeout: '30'

2022-01-16 06:52:36 - [MESSAGE][PASSED] - Object 'Object Repository/Page_Dashboard/a_January 2022' is visible

2022-01-16 06:52:36 - [TEST_STEP][PASSED] - click(findTestObject("Object Repository/Page_Dashboard/a_January 2022")): Object: 'Object Repository/Page_Dashboard/a_January 2022' is clicked on

2022-01-16 06:52:37 - [MESSAGE][PASSED] - Object: 'Object Repository/Page_Dashboard/a_January 2022' is clicked on

2022-01-16 06:52:37 - [TEST_STEP][PASSED] - click(findTestObject("Object Repository/Page_Mood Calendar Detailed month view Janu_18fc56/button_New event")): Object: 'Object Repository/Page_Mood Calendar Detailed month view Janu_18fc56/button_New event' is clicked on

2022-01-16 06:53:09 - [MESSAGE][INFO] - Unable to find the element located by 'By.xpath: //div[@id='calendar-month-61e2c4d64109f61e2c4d60f67516']/div/button'. Please recheck the objects properties to make sure the desired element is located. 

2022-01-16 06:53:09 - [MESSAGE][WARNING] - [SELF-HEALING] Failed to find element with id 'Object Repository/Page_Mood Calendar Detailed month view Janu_18fc56/button_New event'. Try using Self-healing.

2022-01-16 06:53:09 - [MESSAGE][WARNING] - [SELF-HEALING] The current locator of test object 'Object Repository/Page_Mood Calendar Detailed month view Janu_18fc56/button_New event' was broken. Propose an alternative one: '(.//*[normalize-space(text()) and normalize-space(.)='List of courses'])[1]/following::button[1]'.

2022-01-16 06:53:09 - [MESSAGE][PASSED] - Object: 'Object Repository/Page_Mood Calendar Detailed month view Janu_18fc56/button_New event' is clicked on

2022-01-16 06:53:09 - [TEST_STEP][PASSED] - setText(findTestObject("Object Repository/Page_Mood Calendar Detailed month view Janu_18fc56/input_Event title_name"), "Seminar for Final Examination"): Text 'Seminar for Final Examination' is set on object 'Object Repository/Page_Mood Calendar Detailed month view Janu_18fc56/input_Event title_name'

2022-01-16 06:53:11 - [MESSAGE][PASSED] - Text 'Seminar for Final Examination' is set on object 'Object Repository/Page_Mood Calendar Detailed month view Janu_18fc56/input_Event title_name'

2022-01-16 06:53:11 - [TEST_STEP][PASSED] - selectOptionByValue(findTestObject("Object Repository/Page_Mood Calendar Detailed month view Janu_18fc56/select_1        2        3        4        _45ea30"), "26", true): All options with value '26' are selected in object 'Object Repository/Page_Mood Calendar Detailed month view Janu_18fc56/select_1        2        3        4        _45ea30'  using regular expression

2022-01-16 06:53:12 - [MESSAGE][PASSED] - All options with value '26' are selected in object 'Object Repository/Page_Mood Calendar Detailed month view Janu_18fc56/select_1        2        3        4        _45ea30'  using regular expression

2022-01-16 06:53:12 - [TEST_STEP][PASSED] - selectOptionByValue(findTestObject("Object Repository/Page_Mood Calendar Detailed month view Janu_18fc56/select_00        01        02        03    _f6e37b"), "0", true): All options with value '0' are selected in object 'Object Repository/Page_Mood Calendar Detailed month view Janu_18fc56/select_00        01        02        03    _f6e37b'  using regular expression

2022-01-16 06:53:13 - [MESSAGE][PASSED] - All options with value '0' are selected in object 'Object Repository/Page_Mood Calendar Detailed month view Janu_18fc56/select_00        01        02        03    _f6e37b'  using regular expression

2022-01-16 06:53:13 - [TEST_STEP][PASSED] - click(findTestObject("Object Repository/Page_Mood Calendar Detailed month view Janu_18fc56/button_Save")): Object: 'Object Repository/Page_Mood Calendar Detailed month view Janu_18fc56/button_Save' is clicked on

2022-01-16 06:53:45 - [MESSAGE][INFO] - Unable to find the element located by 'By.xpath: //button[@id='yui_3_17_2_1_1642251478287_1318']'. Please recheck the objects properties to make sure the desired element is located. 

2022-01-16 06:53:45 - [MESSAGE][WARNING] - [SELF-HEALING] Failed to find element with id 'Object Repository/Page_Mood Calendar Detailed month view Janu_18fc56/button_Save'. Try using Self-healing.

2022-01-16 06:53:45 - [MESSAGE][WARNING] - [SELF-HEALING] The current locator of test object 'Object Repository/Page_Mood Calendar Detailed month view Janu_18fc56/button_Save' was broken. Propose an alternative one: '(.//*[normalize-space(text()) and normalize-space(.)='Repeat weekly, creating altogether'])[1]/following::button[1]'.

2022-01-16 06:53:45 - [MESSAGE][PASSED] - Object: 'Object Repository/Page_Mood Calendar Detailed month view Janu_18fc56/button_Save' is clicked on

2022-01-16 06:53:45 - [TEST_STEP][PASSED] - click(findTestObject("Object Repository/Page_Mood Calendar Detailed month view Janu_18fc56/span_Seminar for Final Examination")): Object: 'Object Repository/Page_Mood Calendar Detailed month view Janu_18fc56/span_Seminar for Final Examination' is clicked on

2022-01-16 06:54:16 - [MESSAGE][INFO] - Unable to find the element located by 'By.xpath: //a[@id='yui_3_17_2_1_1642179747286_1999']/span[2]'. Please recheck the objects properties to make sure the desired element is located. 

2022-01-16 06:54:16 - [MESSAGE][WARNING] - [SELF-HEALING] Failed to find element with id 'Object Repository/Page_Mood Calendar Detailed month view Janu_18fc56/span_Seminar for Final Examination'. Try using Self-healing.

2022-01-16 06:54:16 - [MESSAGE][WARNING] - [SELF-HEALING] The current locator of test object 'Object Repository/Page_Mood Calendar Detailed month view Janu_18fc56/span_Seminar for Final Examination' was broken. Propose an alternative one: '(.//*[normalize-space(text()) and normalize-space(.)='No events, Tuesday, 25 January'])[2]/following::span[4]'.

2022-01-16 06:54:16 - [MESSAGE][PASSED] - Object: 'Object Repository/Page_Mood Calendar Detailed month view Janu_18fc56/span_Seminar for Final Examination' is clicked on

2022-01-16 06:54:16 - [TEST_STEP][PASSED] - waitForElementVisible(findTestObject("Object Repository/Page_Mood Calendar Detailed month view Janu_18fc56/button_Delete"), 0): Object 'Object Repository/Page_Mood Calendar Detailed month view Janu_18fc56/button_Delete' is visible

2022-01-16 06:54:16 - [MESSAGE][WARNING] - Timeout '0' is invalid. Using default page load timeout: '30'

2022-01-16 06:54:48 - [MESSAGE][INFO] - Unable to find the element located by 'By.xpath: //button[@id='yui_3_17_2_1_1642219203535_1997']'. Please recheck the objects properties to make sure the desired element is located. 

2022-01-16 06:54:48 - [MESSAGE][WARNING] - [SELF-HEALING] Failed to find element with id 'Object Repository/Page_Mood Calendar Detailed month view Janu_18fc56/button_Delete'. Try using Self-healing.

2022-01-16 06:54:49 - [MESSAGE][INFO] - Unable to find the element located by 'By.xpath: (.//*[normalize-space(text()) and normalize-space(.)='Introduction to Computer Science'])[3]/following::button[1]'. Please recheck the objects properties to make sure the desired element is located. 

2022-01-16 06:54:49 - [MESSAGE][WARNING] - [SELF-HEALING] The current locator of test object 'Object Repository/Page_Mood Calendar Detailed month view Janu_18fc56/button_Delete' was broken. Propose an alternative one: '(.//*[normalize-space(text()) and normalize-space(.)='User event'])[1]/following::button[1]'.

2022-01-16 06:54:49 - [MESSAGE][PASSED] - Object 'Object Repository/Page_Mood Calendar Detailed month view Janu_18fc56/button_Delete' is visible

2022-01-16 06:54:49 - [TEST_STEP][PASSED] - click(findTestObject("Object Repository/Page_Mood Calendar Detailed month view Janu_18fc56/button_Delete")): Object: 'Object Repository/Page_Mood Calendar Detailed month view Janu_18fc56/button_Delete' is clicked on

2022-01-16 06:55:20 - [MESSAGE][INFO] - Unable to find the element located by 'By.xpath: //button[@id='yui_3_17_2_1_1642219203535_1997']'. Please recheck the objects properties to make sure the desired element is located. 

2022-01-16 06:55:20 - [MESSAGE][WARNING] - [SELF-HEALING] Failed to find element with id 'Object Repository/Page_Mood Calendar Detailed month view Janu_18fc56/button_Delete'. Try using Self-healing.

2022-01-16 06:55:21 - [MESSAGE][INFO] - Unable to find the element located by 'By.xpath: (.//*[normalize-space(text()) and normalize-space(.)='Introduction to Computer Science'])[3]/following::button[1]'. Please recheck the objects properties to make sure the desired element is located. 

2022-01-16 06:55:21 - [MESSAGE][WARNING] - [SELF-HEALING] The current locator of test object 'Object Repository/Page_Mood Calendar Detailed month view Janu_18fc56/button_Delete' was broken. Propose an alternative one: '(.//*[normalize-space(text()) and normalize-space(.)='User event'])[1]/following::button[1]'.

2022-01-16 06:55:22 - [MESSAGE][PASSED] - Object: 'Object Repository/Page_Mood Calendar Detailed month view Janu_18fc56/button_Delete' is clicked on

2022-01-16 06:55:22 - [TEST_STEP][PASSED] - click(findTestObject("Object Repository/Page_Mood Calendar Detailed month view Janu_18fc56/button_Delete event")): Object: 'Object Repository/Page_Mood Calendar Detailed month view Janu_18fc56/button_Delete event' is clicked on

2022-01-16 06:55:53 - [MESSAGE][INFO] - Unable to find the element located by 'By.xpath: //button[@id='yui_3_17_2_1_1642219203535_2017']'. Please recheck the objects properties to make sure the desired element is located. 

2022-01-16 06:55:53 - [MESSAGE][WARNING] - [SELF-HEALING] Failed to find element with id 'Object Repository/Page_Mood Calendar Detailed month view Janu_18fc56/button_Delete event'. Try using Self-healing.

2022-01-16 06:55:54 - [MESSAGE][INFO] - Unable to find the element located by 'By.xpath: (.//*[normalize-space(text()) and normalize-space(.)=concat('Are you sure you want to delete the ', '"', 'Festival at uni', '"', ' event?')])[1]/following::button[1]'. Please recheck the objects properties to make sure the desired element is located. 

2022-01-16 06:55:54 - [MESSAGE][WARNING] - [SELF-HEALING] The current locator of test object 'Object Repository/Page_Mood Calendar Detailed month view Janu_18fc56/button_Delete event' was broken. Propose an alternative one: '(.//*[normalize-space(text()) and normalize-space(.)='Delete event'])[1]/following::button[2]'.

2022-01-16 06:55:54 - [MESSAGE][PASSED] - Object: 'Object Repository/Page_Mood Calendar Detailed month view Janu_18fc56/button_Delete event' is clicked on

2022-01-16 06:55:54 - [TEST_STEP][PASSED] - closeBrowser(): Browser is closed

2022-01-16 06:55:55 - [MESSAGE][PASSED] - Browser is closed]]></system-out>
         <system-err><![CDATA[]]></system-err>
      </testcase>
      <testcase name="Test Cases/test case 23" time="103.514" classname="Test Cases/test case 23" status="PASSED">
         <system-out><![CDATA[2022-01-16 06:55:55 - [TEST_CASE][PASSED] - Test Cases/test case 23: Test Cases/test case 23

2022-01-16 06:55:55 - [TEST_STEP][PASSED] - openBrowser(""): Browser is opened with url: ''

2022-01-16 06:55:55 - [MESSAGE][INFO] - Starting 'Chrome' driver

2022-01-16 06:55:55 - [MESSAGE][INFO] - Action delay is set to 0 milliseconds

2022-01-16 06:55:56 - [MESSAGE][PASSED] - Browser is opened with url: ''

2022-01-16 06:55:56 - [TEST_STEP][PASSED] - navigateToUrl("http://localhost/"): Navigate to 'http://localhost/' successfully

2022-01-16 06:55:57 - [MESSAGE][PASSED] - Navigate to 'http://localhost/' successfully

2022-01-16 06:55:57 - [TEST_STEP][PASSED] - click(findTestObject("Object Repository/Page_Moodle/a_Log in")): Object: 'Object Repository/Page_Moodle/a_Log in' is clicked on

2022-01-16 06:55:58 - [MESSAGE][PASSED] - Object: 'Object Repository/Page_Moodle/a_Log in' is clicked on

2022-01-16 06:55:58 - [TEST_STEP][PASSED] - setText(findTestObject("Object Repository/Page_Moodle Log in to the site/input_Username_username"), "admin"): Text 'admin' is set on object 'Object Repository/Page_Moodle Log in to the site/input_Username_username'

2022-01-16 06:55:59 - [MESSAGE][PASSED] - Text 'admin' is set on object 'Object Repository/Page_Moodle Log in to the site/input_Username_username'

2022-01-16 06:55:59 - [TEST_STEP][PASSED] - setEncryptedText(findTestObject("Object Repository/Page_Moodle Log in to the site/input_Password_password"), "r6H/uPCyCbQX7sAf5E1f3g=="): Text ****** has been set on object 'Object Repository/Page_Moodle Log in to the site/input_Password_password'

2022-01-16 06:55:59 - [MESSAGE][PASSED] - Text ****** has been set on object 'Object Repository/Page_Moodle Log in to the site/input_Password_password'

2022-01-16 06:55:59 - [TEST_STEP][PASSED] - click(findTestObject("Object Repository/Page_Moodle Log in to the site/button_Log in")): Object: 'Object Repository/Page_Moodle Log in to the site/button_Log in' is clicked on

2022-01-16 06:56:00 - [MESSAGE][PASSED] - Object: 'Object Repository/Page_Moodle Log in to the site/button_Log in' is clicked on

2022-01-16 06:56:00 - [TEST_STEP][PASSED] - verifyElementText(findTestObject("Object Repository/Page_Dashboard/span_Calendar"), "Calendar"): Actual text and expected text of test object 'Object Repository/Page_Dashboard/span_Calendar' are matched.

2022-01-16 06:56:02 - [MESSAGE][PASSED] - Actual text and expected text of test object 'Object Repository/Page_Dashboard/span_Calendar' are matched.

2022-01-16 06:56:02 - [TEST_STEP][PASSED] - click(findTestObject("Object Repository/Page_Dashboard/span_Calendar")): Object: 'Object Repository/Page_Dashboard/span_Calendar' is clicked on

2022-01-16 06:56:02 - [MESSAGE][PASSED] - Object: 'Object Repository/Page_Dashboard/span_Calendar' is clicked on

2022-01-16 06:56:02 - [TEST_STEP][PASSED] - waitForElementVisible(findTestObject("Object Repository/Page_Mood Calendar Detailed month view Janu_18fc56/button_New event"), 0): Object 'Object Repository/Page_Mood Calendar Detailed month view Janu_18fc56/button_New event' is visible

2022-01-16 06:56:03 - [MESSAGE][WARNING] - Timeout '0' is invalid. Using default page load timeout: '30'

2022-01-16 06:56:34 - [MESSAGE][INFO] - Unable to find the element located by 'By.xpath: //div[@id='calendar-month-61e2c4d64109f61e2c4d60f67516']/div/button'. Please recheck the objects properties to make sure the desired element is located. 

2022-01-16 06:56:34 - [MESSAGE][WARNING] - [SELF-HEALING] Failed to find element with id 'Object Repository/Page_Mood Calendar Detailed month view Janu_18fc56/button_New event'. Try using Self-healing.

2022-01-16 06:56:34 - [MESSAGE][WARNING] - [SELF-HEALING] The current locator of test object 'Object Repository/Page_Mood Calendar Detailed month view Janu_18fc56/button_New event' was broken. Propose an alternative one: '(.//*[normalize-space(text()) and normalize-space(.)='List of courses'])[1]/following::button[1]'.

2022-01-16 06:56:34 - [MESSAGE][PASSED] - Object 'Object Repository/Page_Mood Calendar Detailed month view Janu_18fc56/button_New event' is visible

2022-01-16 06:56:34 - [TEST_STEP][PASSED] - click(findTestObject("Object Repository/Page_Mood Calendar Detailed month view Janu_18fc56/button_New event")): Object: 'Object Repository/Page_Mood Calendar Detailed month view Janu_18fc56/button_New event' is clicked on

2022-01-16 06:57:05 - [MESSAGE][INFO] - Unable to find the element located by 'By.xpath: //div[@id='calendar-month-61e2c4d64109f61e2c4d60f67516']/div/button'. Please recheck the objects properties to make sure the desired element is located. 

2022-01-16 06:57:05 - [MESSAGE][WARNING] - [SELF-HEALING] Failed to find element with id 'Object Repository/Page_Mood Calendar Detailed month view Janu_18fc56/button_New event'. Try using Self-healing.

2022-01-16 06:57:05 - [MESSAGE][WARNING] - [SELF-HEALING] The current locator of test object 'Object Repository/Page_Mood Calendar Detailed month view Janu_18fc56/button_New event' was broken. Propose an alternative one: '(.//*[normalize-space(text()) and normalize-space(.)='List of courses'])[1]/following::button[1]'.

2022-01-16 06:57:05 - [MESSAGE][PASSED] - Object: 'Object Repository/Page_Mood Calendar Detailed month view Janu_18fc56/button_New event' is clicked on

2022-01-16 06:57:05 - [TEST_STEP][PASSED] - click(findTestObject("Object Repository/Page_Mood Calendar Detailed month view Janu_18fc56/button_Save")): Object: 'Object Repository/Page_Mood Calendar Detailed month view Janu_18fc56/button_Save' is clicked on

2022-01-16 06:57:37 - [MESSAGE][INFO] - Unable to find the element located by 'By.xpath: //button[@id='yui_3_17_2_1_1642251478287_1318']'. Please recheck the objects properties to make sure the desired element is located. 

2022-01-16 06:57:37 - [MESSAGE][WARNING] - [SELF-HEALING] Failed to find element with id 'Object Repository/Page_Mood Calendar Detailed month view Janu_18fc56/button_Save'. Try using Self-healing.

2022-01-16 06:57:37 - [MESSAGE][WARNING] - [SELF-HEALING] The current locator of test object 'Object Repository/Page_Mood Calendar Detailed month view Janu_18fc56/button_Save' was broken. Propose an alternative one: '(.//*[normalize-space(text()) and normalize-space(.)='Repeat weekly, creating altogether'])[1]/following::button[1]'.

2022-01-16 06:57:37 - [MESSAGE][PASSED] - Object: 'Object Repository/Page_Mood Calendar Detailed month view Janu_18fc56/button_Save' is clicked on

2022-01-16 06:57:37 - [TEST_STEP][PASSED] - verifyElementText(findTestObject("Object Repository/Page_Mood Calendar Detailed month view Janu_18fc56/div_- Required"), "- Required"): Actual text and expected text of test object 'Object Repository/Page_Mood Calendar Detailed month view Janu_18fc56/div_- Required' are matched.

2022-01-16 06:57:38 - [MESSAGE][PASSED] - Actual text and expected text of test object 'Object Repository/Page_Mood Calendar Detailed month view Janu_18fc56/div_- Required' are matched.

2022-01-16 06:57:38 - [TEST_STEP][PASSED] - closeBrowser(): Browser is closed

2022-01-16 06:57:38 - [MESSAGE][PASSED] - Browser is closed]]></system-out>
         <system-err><![CDATA[]]></system-err>
      </testcase>
      <testcase name="Test Cases/test case 24" time="144.991" classname="Test Cases/test case 24" status="PASSED">
         <system-out><![CDATA[2022-01-16 06:57:38 - [TEST_CASE][PASSED] - Test Cases/test case 24: Test Cases/test case 24

2022-01-16 06:57:38 - [TEST_STEP][PASSED] - openBrowser(""): Browser is opened with url: ''

2022-01-16 06:57:38 - [MESSAGE][INFO] - Starting 'Chrome' driver

2022-01-16 06:57:39 - [MESSAGE][INFO] - Action delay is set to 0 milliseconds

2022-01-16 06:57:40 - [MESSAGE][PASSED] - Browser is opened with url: ''

2022-01-16 06:57:40 - [TEST_STEP][PASSED] - navigateToUrl("http://localhost/"): Navigate to 'http://localhost/' successfully

2022-01-16 06:57:41 - [MESSAGE][PASSED] - Navigate to 'http://localhost/' successfully

2022-01-16 06:57:41 - [TEST_STEP][PASSED] - click(findTestObject("Object Repository/Page_Moodle/a_Log in")): Object: 'Object Repository/Page_Moodle/a_Log in' is clicked on

2022-01-16 06:57:42 - [MESSAGE][PASSED] - Object: 'Object Repository/Page_Moodle/a_Log in' is clicked on

2022-01-16 06:57:42 - [TEST_STEP][PASSED] - setText(findTestObject("Object Repository/Page_Moodle Log in to the site/input_Username_username"), "admin"): Text 'admin' is set on object 'Object Repository/Page_Moodle Log in to the site/input_Username_username'

2022-01-16 06:57:42 - [MESSAGE][PASSED] - Text 'admin' is set on object 'Object Repository/Page_Moodle Log in to the site/input_Username_username'

2022-01-16 06:57:42 - [TEST_STEP][PASSED] - setEncryptedText(findTestObject("Object Repository/Page_Moodle Log in to the site/input_Password_password"), "r6H/uPCyCbQX7sAf5E1f3g=="): Text ****** has been set on object 'Object Repository/Page_Moodle Log in to the site/input_Password_password'

2022-01-16 06:57:43 - [MESSAGE][PASSED] - Text ****** has been set on object 'Object Repository/Page_Moodle Log in to the site/input_Password_password'

2022-01-16 06:57:43 - [TEST_STEP][PASSED] - click(findTestObject("Object Repository/Page_Moodle Log in to the site/button_Log in")): Object: 'Object Repository/Page_Moodle Log in to the site/button_Log in' is clicked on

2022-01-16 06:57:44 - [MESSAGE][PASSED] - Object: 'Object Repository/Page_Moodle Log in to the site/button_Log in' is clicked on

2022-01-16 06:57:44 - [TEST_STEP][PASSED] - verifyElementText(findTestObject("Object Repository/Page_Dashboard/span_Calendar"), "Calendar"): Actual text and expected text of test object 'Object Repository/Page_Dashboard/span_Calendar' are matched.

2022-01-16 06:57:45 - [MESSAGE][PASSED] - Actual text and expected text of test object 'Object Repository/Page_Dashboard/span_Calendar' are matched.

2022-01-16 06:57:45 - [TEST_STEP][PASSED] - click(findTestObject("Object Repository/Page_Dashboard/span_Calendar")): Object: 'Object Repository/Page_Dashboard/span_Calendar' is clicked on

2022-01-16 06:57:46 - [MESSAGE][PASSED] - Object: 'Object Repository/Page_Dashboard/span_Calendar' is clicked on

2022-01-16 06:57:46 - [TEST_STEP][PASSED] - waitForElementVisible(findTestObject("Object Repository/Page_Mood Calendar Detailed month view Janu_18fc56/button_New event"), 0): Object 'Object Repository/Page_Mood Calendar Detailed month view Janu_18fc56/button_New event' is visible

2022-01-16 06:57:46 - [MESSAGE][WARNING] - Timeout '0' is invalid. Using default page load timeout: '30'

2022-01-16 06:58:17 - [MESSAGE][INFO] - Unable to find the element located by 'By.xpath: //div[@id='calendar-month-61e2c4d64109f61e2c4d60f67516']/div/button'. Please recheck the objects properties to make sure the desired element is located. 

2022-01-16 06:58:17 - [MESSAGE][WARNING] - [SELF-HEALING] Failed to find element with id 'Object Repository/Page_Mood Calendar Detailed month view Janu_18fc56/button_New event'. Try using Self-healing.

2022-01-16 06:58:17 - [MESSAGE][WARNING] - [SELF-HEALING] The current locator of test object 'Object Repository/Page_Mood Calendar Detailed month view Janu_18fc56/button_New event' was broken. Propose an alternative one: '(.//*[normalize-space(text()) and normalize-space(.)='List of courses'])[1]/following::button[1]'.

2022-01-16 06:58:17 - [MESSAGE][PASSED] - Object 'Object Repository/Page_Mood Calendar Detailed month view Janu_18fc56/button_New event' is visible

2022-01-16 06:58:17 - [TEST_STEP][PASSED] - click(findTestObject("Object Repository/Page_Mood Calendar Detailed month view Janu_18fc56/button_New event")): Object: 'Object Repository/Page_Mood Calendar Detailed month view Janu_18fc56/button_New event' is clicked on

2022-01-16 06:58:48 - [MESSAGE][INFO] - Unable to find the element located by 'By.xpath: //div[@id='calendar-month-61e2c4d64109f61e2c4d60f67516']/div/button'. Please recheck the objects properties to make sure the desired element is located. 

2022-01-16 06:58:48 - [MESSAGE][WARNING] - [SELF-HEALING] Failed to find element with id 'Object Repository/Page_Mood Calendar Detailed month view Janu_18fc56/button_New event'. Try using Self-healing.

2022-01-16 06:58:49 - [MESSAGE][WARNING] - [SELF-HEALING] The current locator of test object 'Object Repository/Page_Mood Calendar Detailed month view Janu_18fc56/button_New event' was broken. Propose an alternative one: '(.//*[normalize-space(text()) and normalize-space(.)='List of courses'])[1]/following::button[1]'.

2022-01-16 06:58:49 - [MESSAGE][PASSED] - Object: 'Object Repository/Page_Mood Calendar Detailed month view Janu_18fc56/button_New event' is clicked on

2022-01-16 06:58:49 - [TEST_STEP][PASSED] - setText(findTestObject("Object Repository/Page_Mood Calendar Detailed month view Janu_18fc56/input_Event title_name"), "Holiday"): Text 'Holiday' is set on object 'Object Repository/Page_Mood Calendar Detailed month view Janu_18fc56/input_Event title_name'

2022-01-16 06:58:50 - [MESSAGE][PASSED] - Text 'Holiday' is set on object 'Object Repository/Page_Mood Calendar Detailed month view Janu_18fc56/input_Event title_name'

2022-01-16 06:58:50 - [TEST_STEP][PASSED] - selectOptionByValue(findTestObject("Object Repository/Page_Mood Calendar Detailed month view Janu_18fc56/select_1        2        3        4        _45ea30"), "26", true): All options with value '26' are selected in object 'Object Repository/Page_Mood Calendar Detailed month view Janu_18fc56/select_1        2        3        4        _45ea30'  using regular expression

2022-01-16 06:58:52 - [MESSAGE][PASSED] - All options with value '26' are selected in object 'Object Repository/Page_Mood Calendar Detailed month view Janu_18fc56/select_1        2        3        4        _45ea30'  using regular expression

2022-01-16 06:58:52 - [TEST_STEP][PASSED] - selectOptionByValue(findTestObject("Object Repository/Page_Mood Calendar Detailed month view Janu_18fc56/select_00        01        02        03    _f6e37b"), "0", true): All options with value '0' are selected in object 'Object Repository/Page_Mood Calendar Detailed month view Janu_18fc56/select_00        01        02        03    _f6e37b'  using regular expression

2022-01-16 06:58:53 - [MESSAGE][PASSED] - All options with value '0' are selected in object 'Object Repository/Page_Mood Calendar Detailed month view Janu_18fc56/select_00        01        02        03    _f6e37b'  using regular expression

2022-01-16 06:58:53 - [TEST_STEP][PASSED] - selectOptionByValue(findTestObject("Object Repository/Page_Mood Calendar Detailed month view Janu_18fc56/select_00        01        02        03    _f6e37b_1"), "0", true): All options with value '0' are selected in object 'Object Repository/Page_Mood Calendar Detailed month view Janu_18fc56/select_00        01        02        03    _f6e37b_1'  using regular expression

2022-01-16 06:58:54 - [MESSAGE][PASSED] - All options with value '0' are selected in object 'Object Repository/Page_Mood Calendar Detailed month view Janu_18fc56/select_00        01        02        03    _f6e37b_1'  using regular expression

2022-01-16 06:58:54 - [TEST_STEP][PASSED] - click(findTestObject("Object Repository/Page_Mood Calendar Detailed month view Janu_18fc56/a_Show more")): Object: 'Object Repository/Page_Mood Calendar Detailed month view Janu_18fc56/a_Show more' is clicked on

2022-01-16 06:59:26 - [MESSAGE][INFO] - Unable to find the element located by 'By.xpath: //a[@id='yui_3_17_2_1_1642251478287_609']'. Please recheck the objects properties to make sure the desired element is located. 

2022-01-16 06:59:26 - [MESSAGE][WARNING] - [SELF-HEALING] Failed to find element with id 'Object Repository/Page_Mood Calendar Detailed month view Janu_18fc56/a_Show more'. Try using Self-healing.

2022-01-16 06:59:26 - [MESSAGE][WARNING] - [SELF-HEALING] The current locator of test object 'Object Repository/Page_Mood Calendar Detailed month view Janu_18fc56/a_Show more' was broken. Propose an alternative one: '//a[contains(text(),'Show more...')]'.

2022-01-16 06:59:26 - [MESSAGE][PASSED] - Object: 'Object Repository/Page_Mood Calendar Detailed month view Janu_18fc56/a_Show more' is clicked on

2022-01-16 06:59:26 - [TEST_STEP][PASSED] - click(findTestObject("Object Repository/Page_Mood Calendar Detailed month view Janu_18fc56/label_Until")): Object: 'Object Repository/Page_Mood Calendar Detailed month view Janu_18fc56/label_Until' is clicked on

2022-01-16 06:59:27 - [MESSAGE][PASSED] - Object: 'Object Repository/Page_Mood Calendar Detailed month view Janu_18fc56/label_Until' is clicked on

2022-01-16 06:59:27 - [TEST_STEP][PASSED] - selectOptionByValue(findTestObject("Object Repository/Page_Mood Calendar Detailed month view Janu_18fc56/select_1900        1901        1902        _6405c9"), "2021", true): All options with value '2021' are selected in object 'Object Repository/Page_Mood Calendar Detailed month view Janu_18fc56/select_1900        1901        1902        _6405c9'  using regular expression

2022-01-16 06:59:30 - [MESSAGE][PASSED] - All options with value '2021' are selected in object 'Object Repository/Page_Mood Calendar Detailed month view Janu_18fc56/select_1900        1901        1902        _6405c9'  using regular expression

2022-01-16 06:59:30 - [TEST_STEP][PASSED] - click(findTestObject("Object Repository/Page_Mood Calendar Detailed month view Janu_18fc56/button_Save")): Object: 'Object Repository/Page_Mood Calendar Detailed month view Janu_18fc56/button_Save' is clicked on

2022-01-16 07:00:01 - [MESSAGE][INFO] - Unable to find the element located by 'By.xpath: //button[@id='yui_3_17_2_1_1642251478287_1318']'. Please recheck the objects properties to make sure the desired element is located. 

2022-01-16 07:00:01 - [MESSAGE][WARNING] - [SELF-HEALING] Failed to find element with id 'Object Repository/Page_Mood Calendar Detailed month view Janu_18fc56/button_Save'. Try using Self-healing.

2022-01-16 07:00:01 - [MESSAGE][WARNING] - [SELF-HEALING] The current locator of test object 'Object Repository/Page_Mood Calendar Detailed month view Janu_18fc56/button_Save' was broken. Propose an alternative one: '(.//*[normalize-space(text()) and normalize-space(.)='Repeat weekly, creating altogether'])[1]/following::button[1]'.

2022-01-16 07:00:01 - [MESSAGE][PASSED] - Object: 'Object Repository/Page_Mood Calendar Detailed month view Janu_18fc56/button_Save' is clicked on

2022-01-16 07:00:01 - [TEST_STEP][PASSED] - verifyElementText(findTestObject("Object Repository/Page_Mood Calendar Detailed month view Janu_18fc56/div_The date and time you selected for dura_28074d"), "The date and time you selected for duration until is before the start time of the event. Please correct this before proceeding."): Actual text and expected text of test object 'Object Repository/Page_Mood Calendar Detailed month view Janu_18fc56/div_The date and time you selected for dura_28074d' are matched.

2022-01-16 07:00:03 - [MESSAGE][PASSED] - Actual text and expected text of test object 'Object Repository/Page_Mood Calendar Detailed month view Janu_18fc56/div_The date and time you selected for dura_28074d' are matched.

2022-01-16 07:00:03 - [TEST_STEP][PASSED] - closeBrowser(): Browser is closed

2022-01-16 07:00:03 - [MESSAGE][PASSED] - Browser is closed]]></system-out>
         <system-err><![CDATA[]]></system-err>
      </testcase>
      <testcase name="Test Cases/test case 25" time="172.223" classname="Test Cases/test case 25" status="PASSED">
         <system-out><![CDATA[2022-01-16 07:00:03 - [TEST_CASE][PASSED] - Test Cases/test case 25: Test Cases/test case 25

2022-01-16 07:00:03 - [TEST_STEP][PASSED] - openBrowser(""): Browser is opened with url: ''

2022-01-16 07:00:03 - [MESSAGE][INFO] - Starting 'Chrome' driver

2022-01-16 07:00:03 - [MESSAGE][INFO] - Action delay is set to 0 milliseconds

2022-01-16 07:00:05 - [MESSAGE][PASSED] - Browser is opened with url: ''

2022-01-16 07:00:05 - [TEST_STEP][PASSED] - navigateToUrl("http://localhost/"): Navigate to 'http://localhost/' successfully

2022-01-16 07:00:06 - [MESSAGE][PASSED] - Navigate to 'http://localhost/' successfully

2022-01-16 07:00:06 - [TEST_STEP][PASSED] - click(findTestObject("Object Repository/Page_Moodle/a_Log in")): Object: 'Object Repository/Page_Moodle/a_Log in' is clicked on

2022-01-16 07:00:07 - [MESSAGE][PASSED] - Object: 'Object Repository/Page_Moodle/a_Log in' is clicked on

2022-01-16 07:00:07 - [TEST_STEP][PASSED] - setText(findTestObject("Object Repository/Page_Moodle Log in to the site/input_Username_username"), "nmthu"): Text 'nmthu' is set on object 'Object Repository/Page_Moodle Log in to the site/input_Username_username'

2022-01-16 07:00:07 - [MESSAGE][PASSED] - Text 'nmthu' is set on object 'Object Repository/Page_Moodle Log in to the site/input_Username_username'

2022-01-16 07:00:07 - [TEST_STEP][PASSED] - setEncryptedText(findTestObject("Object Repository/Page_Moodle Log in to the site/input_Password_password"), "zm/yZ1suVYniggK+4Jo9ew=="): Text ****** has been set on object 'Object Repository/Page_Moodle Log in to the site/input_Password_password'

2022-01-16 07:00:08 - [MESSAGE][PASSED] - Text ****** has been set on object 'Object Repository/Page_Moodle Log in to the site/input_Password_password'

2022-01-16 07:00:08 - [TEST_STEP][PASSED] - click(findTestObject("Object Repository/Page_Moodle Log in to the site/button_Log in")): Object: 'Object Repository/Page_Moodle Log in to the site/button_Log in' is clicked on

2022-01-16 07:00:09 - [MESSAGE][PASSED] - Object: 'Object Repository/Page_Moodle Log in to the site/button_Log in' is clicked on

2022-01-16 07:00:09 - [TEST_STEP][PASSED] - verifyElementText(findTestObject("Page_Dashboard/a_All courses"), "All courses"): Actual text and expected text of test object 'Object Repository/Page_Dashboard/a_All courses' are matched.

2022-01-16 07:00:40 - [MESSAGE][INFO] - Unable to find the element located by 'By.xpath: //section[@id='inst52']/div/div/div/a'. Please recheck the objects properties to make sure the desired element is located. 

2022-01-16 07:00:40 - [MESSAGE][WARNING] - [SELF-HEALING] Failed to find element with id 'Object Repository/Page_Dashboard/a_All courses'. Try using Self-healing.

2022-01-16 07:00:40 - [MESSAGE][INFO] - [SELF-HEALING] Failed Locator: '//section[@id='inst52']/div/div/div/a'.

2022-01-16 07:00:41 - [MESSAGE][INFO] - [SELF-HEALING] Working Locator: '//a[contains(text(),'All courses')]'.

2022-01-16 07:00:41 - [MESSAGE][INFO] - [SELF-HEALING] Screenshot: D:/Test-Automation-SE-Bonus/Test-Automation-SE-Bonus/Reports/Self-healing/Object Repository/Page_Dashboard/a_All courses_link.png

2022-01-16 07:00:41 - [MESSAGE][WARNING] - [SELF-HEALING] The current locator of test object 'Object Repository/Page_Dashboard/a_All courses' was broken. Propose an alternative one: '//a[contains(text(),'All courses')]'.

2022-01-16 07:00:41 - [MESSAGE][PASSED] - Actual text and expected text of test object 'Object Repository/Page_Dashboard/a_All courses' are matched.

2022-01-16 07:00:41 - [TEST_STEP][PASSED] - click(findTestObject("Object Repository/Page_Dashboard/a_All courses")): Object: 'Object Repository/Page_Dashboard/a_All courses' is clicked on

2022-01-16 07:01:12 - [MESSAGE][INFO] - Unable to find the element located by 'By.xpath: //section[@id='inst52']/div/div/div/a'. Please recheck the objects properties to make sure the desired element is located. 

2022-01-16 07:01:12 - [MESSAGE][WARNING] - [SELF-HEALING] Failed to find element with id 'Object Repository/Page_Dashboard/a_All courses'. Try using Self-healing.

2022-01-16 07:01:12 - [MESSAGE][WARNING] - [SELF-HEALING] The current locator of test object 'Object Repository/Page_Dashboard/a_All courses' was broken. Propose an alternative one: '//a[contains(text(),'All courses')]'.

2022-01-16 07:01:13 - [MESSAGE][PASSED] - Object: 'Object Repository/Page_Dashboard/a_All courses' is clicked on

2022-01-16 07:01:13 - [TEST_STEP][PASSED] - verifyElementText(findTestObject("Page_Mood All courses/a_Mathemetics"), "Mathemetics"): Actual text and expected text of test object 'Object Repository/Page_Mood All courses/a_Mathemetics' are matched.

2022-01-16 07:01:13 - [MESSAGE][PASSED] - Actual text and expected text of test object 'Object Repository/Page_Mood All courses/a_Mathemetics' are matched.

2022-01-16 07:01:13 - [TEST_STEP][PASSED] - click(findTestObject("Object Repository/Page_Mood All courses/a_Mathemetics")): Object: 'Object Repository/Page_Mood All courses/a_Mathemetics' is clicked on

2022-01-16 07:01:14 - [MESSAGE][PASSED] - Object: 'Object Repository/Page_Mood All courses/a_Mathemetics' is clicked on

2022-01-16 07:01:14 - [TEST_STEP][PASSED] - waitForElementVisible(findTestObject("Object Repository/Page_Math/input_No enrolment key required_submitbutton"), 0): Object 'Object Repository/Page_Math/input_No enrolment key required_submitbutton' is visible

2022-01-16 07:01:14 - [MESSAGE][WARNING] - Timeout '0' is invalid. Using default page load timeout: '30'

2022-01-16 07:01:14 - [MESSAGE][PASSED] - Object 'Object Repository/Page_Math/input_No enrolment key required_submitbutton' is visible

2022-01-16 07:01:14 - [TEST_STEP][PASSED] - click(findTestObject("Object Repository/Page_Math/input_No enrolment key required_submitbutton")): Object: 'Object Repository/Page_Math/input_No enrolment key required_submitbutton' is clicked on

2022-01-16 07:01:17 - [MESSAGE][PASSED] - Object: 'Object Repository/Page_Math/input_No enrolment key required_submitbutton' is clicked on

2022-01-16 07:01:17 - [TEST_STEP][PASSED] - verifyElementVisible(findTestObject("Object Repository/Page_Course Mathemetics/div_You are enrolled in the course")): Object 'Object Repository/Page_Course Mathemetics/div_You are enrolled in the course' is visible

2022-01-16 07:01:18 - [MESSAGE][PASSED] - Object 'Object Repository/Page_Course Mathemetics/div_You are enrolled in the course' is visible

2022-01-16 07:01:18 - [TEST_STEP][PASSED] - click(findTestObject("Object Repository/Page_Course Mathemetics/a_Mathemetics_action-menu-toggle-2")): Object: 'Object Repository/Page_Course Mathemetics/a_Mathemetics_action-menu-toggle-2' is clicked on

2022-01-16 07:01:18 - [MESSAGE][PASSED] - Object: 'Object Repository/Page_Course Mathemetics/a_Mathemetics_action-menu-toggle-2' is clicked on

2022-01-16 07:01:18 - [TEST_STEP][PASSED] - click(findTestObject("Object Repository/Page_Course Mathemetics/a_Unenrol me from Math")): Object: 'Object Repository/Page_Course Mathemetics/a_Unenrol me from Math' is clicked on

2022-01-16 07:01:49 - [MESSAGE][INFO] - Unable to find the element located by 'By.xpath: //a[@id='action_link61e2439977cb812']'. Please recheck the objects properties to make sure the desired element is located. 

2022-01-16 07:01:49 - [MESSAGE][WARNING] - [SELF-HEALING] Failed to find element with id 'Object Repository/Page_Course Mathemetics/a_Unenrol me from Math'. Try using Self-healing.

2022-01-16 07:01:49 - [MESSAGE][WARNING] - [SELF-HEALING] The current locator of test object 'Object Repository/Page_Course Mathemetics/a_Unenrol me from Math' was broken. Propose an alternative one: '//div[@id='action-menu-2-menu']/div/a'.

2022-01-16 07:01:50 - [MESSAGE][PASSED] - Object: 'Object Repository/Page_Course Mathemetics/a_Unenrol me from Math' is clicked on

2022-01-16 07:01:50 - [TEST_STEP][PASSED] - verifyElementClickable(findTestObject("Object Repository/Page_Self enrolment (Student)/button_Continue")): Object 'Object Repository/Page_Self enrolment (Student)/button_Continue' is clickable

2022-01-16 07:02:21 - [MESSAGE][INFO] - Unable to find the element located by 'By.xpath: //button[@id='single_button61e243a5d81b213']'. Please recheck the objects properties to make sure the desired element is located. 

2022-01-16 07:02:21 - [MESSAGE][WARNING] - [SELF-HEALING] Failed to find element with id 'Object Repository/Page_Self enrolment (Student)/button_Continue'. Try using Self-healing.

2022-01-16 07:02:21 - [MESSAGE][WARNING] - [SELF-HEALING] The current locator of test object 'Object Repository/Page_Self enrolment (Student)/button_Continue' was broken. Propose an alternative one: '//div[@id='modal-footer']/div/div/form/button'.

2022-01-16 07:02:21 - [MESSAGE][PASSED] - Object 'Object Repository/Page_Self enrolment (Student)/button_Continue' is clickable

2022-01-16 07:02:21 - [TEST_STEP][PASSED] - click(findTestObject("Object Repository/Page_Self enrolment (Student)/button_Continue")): Object: 'Object Repository/Page_Self enrolment (Student)/button_Continue' is clicked on

2022-01-16 07:02:53 - [MESSAGE][INFO] - Unable to find the element located by 'By.xpath: //button[@id='single_button61e243a5d81b213']'. Please recheck the objects properties to make sure the desired element is located. 

2022-01-16 07:02:53 - [MESSAGE][WARNING] - [SELF-HEALING] Failed to find element with id 'Object Repository/Page_Self enrolment (Student)/button_Continue'. Try using Self-healing.

2022-01-16 07:02:53 - [MESSAGE][WARNING] - [SELF-HEALING] The current locator of test object 'Object Repository/Page_Self enrolment (Student)/button_Continue' was broken. Propose an alternative one: '//div[@id='modal-footer']/div/div/form/button'.

2022-01-16 07:02:53 - [MESSAGE][PASSED] - Object: 'Object Repository/Page_Self enrolment (Student)/button_Continue' is clicked on

2022-01-16 07:02:53 - [TEST_STEP][PASSED] - verifyElementVisible(findTestObject("Object Repository/Page_Dashboard/div_You are unenrolled from the course Mathemetics")): Object 'Object Repository/Page_Dashboard/div_You are unenrolled from the course Mathemetics' is visible

2022-01-16 07:02:55 - [MESSAGE][PASSED] - Object 'Object Repository/Page_Dashboard/div_You are unenrolled from the course Mathemetics' is visible

2022-01-16 07:02:55 - [TEST_STEP][PASSED] - closeBrowser(): Browser is closed

2022-01-16 07:02:55 - [MESSAGE][PASSED] - Browser is closed]]></system-out>
         <system-err><![CDATA[]]></system-err>
      </testcase>
      <testcase name="Test Cases/test case 26" time="78.34" classname="Test Cases/test case 26" status="PASSED">
         <system-out><![CDATA[2022-01-16 07:02:55 - [TEST_CASE][PASSED] - Test Cases/test case 26: Test Cases/test case 26

2022-01-16 07:02:56 - [TEST_STEP][PASSED] - openBrowser(""): Browser is opened with url: ''

2022-01-16 07:02:56 - [MESSAGE][INFO] - Starting 'Chrome' driver

2022-01-16 07:02:56 - [MESSAGE][INFO] - Action delay is set to 0 milliseconds

2022-01-16 07:02:57 - [MESSAGE][PASSED] - Browser is opened with url: ''

2022-01-16 07:02:57 - [TEST_STEP][PASSED] - navigateToUrl("http://localhost/"): Navigate to 'http://localhost/' successfully

2022-01-16 07:02:58 - [MESSAGE][PASSED] - Navigate to 'http://localhost/' successfully

2022-01-16 07:02:58 - [TEST_STEP][PASSED] - click(findTestObject("Object Repository/Page_Moodle/a_Log in")): Object: 'Object Repository/Page_Moodle/a_Log in' is clicked on

2022-01-16 07:02:59 - [MESSAGE][PASSED] - Object: 'Object Repository/Page_Moodle/a_Log in' is clicked on

2022-01-16 07:02:59 - [TEST_STEP][PASSED] - setText(findTestObject("Object Repository/Page_Moodle Log in to the site/input_Username_username"), "nmthu"): Text 'nmthu' is set on object 'Object Repository/Page_Moodle Log in to the site/input_Username_username'

2022-01-16 07:03:00 - [MESSAGE][PASSED] - Text 'nmthu' is set on object 'Object Repository/Page_Moodle Log in to the site/input_Username_username'

2022-01-16 07:03:00 - [TEST_STEP][PASSED] - setEncryptedText(findTestObject("Object Repository/Page_Moodle Log in to the site/input_Password_password"), "zm/yZ1suVYniggK+4Jo9ew=="): Text ****** has been set on object 'Object Repository/Page_Moodle Log in to the site/input_Password_password'

2022-01-16 07:03:00 - [MESSAGE][PASSED] - Text ****** has been set on object 'Object Repository/Page_Moodle Log in to the site/input_Password_password'

2022-01-16 07:03:00 - [TEST_STEP][PASSED] - click(findTestObject("Object Repository/Page_Moodle Log in to the site/form_document.getElementById(anchor).value _70e5d4")): Object: 'Object Repository/Page_Moodle Log in to the site/form_document.getElementById(anchor).value _70e5d4' is clicked on

2022-01-16 07:03:00 - [MESSAGE][PASSED] - Object: 'Object Repository/Page_Moodle Log in to the site/form_document.getElementById(anchor).value _70e5d4' is clicked on

2022-01-16 07:03:00 - [TEST_STEP][PASSED] - click(findTestObject("Object Repository/Page_Moodle Log in to the site/button_Log in")): Object: 'Object Repository/Page_Moodle Log in to the site/button_Log in' is clicked on

2022-01-16 07:03:01 - [MESSAGE][PASSED] - Object: 'Object Repository/Page_Moodle Log in to the site/button_Log in' is clicked on

2022-01-16 07:03:01 - [TEST_STEP][PASSED] - click(findTestObject("Object Repository/Page_Dashboard/span_Site home")): Object: 'Object Repository/Page_Dashboard/span_Site home' is clicked on

2022-01-16 07:03:03 - [MESSAGE][PASSED] - Object: 'Object Repository/Page_Dashboard/span_Site home' is clicked on

2022-01-16 07:03:03 - [TEST_STEP][PASSED] - verifyElementText(findTestObject("Page_Moodle/a_Mathemetics"), "Mathemetics"): Actual text and expected text of test object 'Object Repository/Page_Moodle/a_Mathemetics' are matched.

2022-01-16 07:03:03 - [MESSAGE][PASSED] - Actual text and expected text of test object 'Object Repository/Page_Moodle/a_Mathemetics' are matched.

2022-01-16 07:03:03 - [TEST_STEP][PASSED] - click(findTestObject("Object Repository/Page_Moodle/a_Mathemetics")): Object: 'Object Repository/Page_Moodle/a_Mathemetics' is clicked on

2022-01-16 07:03:04 - [MESSAGE][PASSED] - Object: 'Object Repository/Page_Moodle/a_Mathemetics' is clicked on

2022-01-16 07:03:04 - [TEST_STEP][PASSED] - waitForElementVisible(findTestObject("Object Repository/Page_Math/input_No enrolment key required_submitbutton"), 0): Object 'Object Repository/Page_Math/input_No enrolment key required_submitbutton' is visible

2022-01-16 07:03:04 - [MESSAGE][WARNING] - Timeout '0' is invalid. Using default page load timeout: '30'

2022-01-16 07:03:04 - [MESSAGE][PASSED] - Object 'Object Repository/Page_Math/input_No enrolment key required_submitbutton' is visible

2022-01-16 07:03:04 - [TEST_STEP][PASSED] - click(findTestObject("Object Repository/Page_Math/input_No enrolment key required_submitbutton")): Object: 'Object Repository/Page_Math/input_No enrolment key required_submitbutton' is clicked on

2022-01-16 07:03:07 - [MESSAGE][PASSED] - Object: 'Object Repository/Page_Math/input_No enrolment key required_submitbutton' is clicked on

2022-01-16 07:03:07 - [TEST_STEP][PASSED] - verifyElementVisible(findTestObject("Object Repository/Page_Course Mathemetics/div_You are enrolled in the course")): Object 'Object Repository/Page_Course Mathemetics/div_You are enrolled in the course' is visible

2022-01-16 07:03:08 - [MESSAGE][PASSED] - Object 'Object Repository/Page_Course Mathemetics/div_You are enrolled in the course' is visible

2022-01-16 07:03:08 - [TEST_STEP][PASSED] - click(findTestObject("Object Repository/Page_Course Mathemetics/a_Mathemetics_action-menu-toggle-2")): Object: 'Object Repository/Page_Course Mathemetics/a_Mathemetics_action-menu-toggle-2' is clicked on

2022-01-16 07:03:08 - [MESSAGE][PASSED] - Object: 'Object Repository/Page_Course Mathemetics/a_Mathemetics_action-menu-toggle-2' is clicked on

2022-01-16 07:03:08 - [TEST_STEP][PASSED] - click(findTestObject("Object Repository/Page_Course Mathemetics/a_Unenrol me from Math")): Object: 'Object Repository/Page_Course Mathemetics/a_Unenrol me from Math' is clicked on

2022-01-16 07:03:39 - [MESSAGE][INFO] - Unable to find the element located by 'By.xpath: //a[@id='action_link61e2439977cb812']'. Please recheck the objects properties to make sure the desired element is located. 

2022-01-16 07:03:39 - [MESSAGE][WARNING] - [SELF-HEALING] Failed to find element with id 'Object Repository/Page_Course Mathemetics/a_Unenrol me from Math'. Try using Self-healing.

2022-01-16 07:03:39 - [MESSAGE][WARNING] - [SELF-HEALING] The current locator of test object 'Object Repository/Page_Course Mathemetics/a_Unenrol me from Math' was broken. Propose an alternative one: '//div[@id='action-menu-2-menu']/div/a'.

2022-01-16 07:03:40 - [MESSAGE][PASSED] - Object: 'Object Repository/Page_Course Mathemetics/a_Unenrol me from Math' is clicked on

2022-01-16 07:03:40 - [TEST_STEP][PASSED] - click(findTestObject("Object Repository/Page_Self enrolment (Student)/button_Continue")): Object: 'Object Repository/Page_Self enrolment (Student)/button_Continue' is clicked on

2022-01-16 07:04:11 - [MESSAGE][INFO] - Unable to find the element located by 'By.xpath: //button[@id='single_button61e243a5d81b213']'. Please recheck the objects properties to make sure the desired element is located. 

2022-01-16 07:04:11 - [MESSAGE][WARNING] - [SELF-HEALING] Failed to find element with id 'Object Repository/Page_Self enrolment (Student)/button_Continue'. Try using Self-healing.

2022-01-16 07:04:11 - [MESSAGE][WARNING] - [SELF-HEALING] The current locator of test object 'Object Repository/Page_Self enrolment (Student)/button_Continue' was broken. Propose an alternative one: '//div[@id='modal-footer']/div/div/form/button'.

2022-01-16 07:04:12 - [MESSAGE][PASSED] - Object: 'Object Repository/Page_Self enrolment (Student)/button_Continue' is clicked on

2022-01-16 07:04:12 - [TEST_STEP][PASSED] - verifyElementVisible(findTestObject("Object Repository/Page_Dashboard/div_You are unenrolled from the course Mathemetics")): Object 'Object Repository/Page_Dashboard/div_You are unenrolled from the course Mathemetics' is visible

2022-01-16 07:04:13 - [MESSAGE][PASSED] - Object 'Object Repository/Page_Dashboard/div_You are unenrolled from the course Mathemetics' is visible

2022-01-16 07:04:13 - [TEST_STEP][PASSED] - closeBrowser(): Browser is closed

2022-01-16 07:04:14 - [MESSAGE][PASSED] - Browser is closed]]></system-out>
         <system-err><![CDATA[]]></system-err>
      </testcase>
      <testcase name="Test Cases/test case 27" time="9.274" classname="Test Cases/test case 27" status="PASSED">
         <system-out><![CDATA[2022-01-16 07:04:14 - [TEST_CASE][PASSED] - Test Cases/test case 27: Test Cases/test case 27

2022-01-16 07:04:14 - [TEST_STEP][PASSED] - openBrowser(""): Browser is opened with url: ''

2022-01-16 07:04:14 - [MESSAGE][INFO] - Starting 'Chrome' driver

2022-01-16 07:04:14 - [MESSAGE][INFO] - Action delay is set to 0 milliseconds

2022-01-16 07:04:15 - [MESSAGE][PASSED] - Browser is opened with url: ''

2022-01-16 07:04:15 - [TEST_STEP][PASSED] - navigateToUrl("http://localhost/"): Navigate to 'http://localhost/' successfully

2022-01-16 07:04:16 - [MESSAGE][PASSED] - Navigate to 'http://localhost/' successfully

2022-01-16 07:04:16 - [TEST_STEP][PASSED] - click(findTestObject("Object Repository/Page_Moodle/a_Log in")): Object: 'Object Repository/Page_Moodle/a_Log in' is clicked on

2022-01-16 07:04:17 - [MESSAGE][PASSED] - Object: 'Object Repository/Page_Moodle/a_Log in' is clicked on

2022-01-16 07:04:17 - [TEST_STEP][PASSED] - setText(findTestObject("Object Repository/Page_Moodle Log in to the site/input_Username_username"), "nmthu"): Text 'nmthu' is set on object 'Object Repository/Page_Moodle Log in to the site/input_Username_username'

2022-01-16 07:04:18 - [MESSAGE][PASSED] - Text 'nmthu' is set on object 'Object Repository/Page_Moodle Log in to the site/input_Username_username'

2022-01-16 07:04:18 - [TEST_STEP][PASSED] - setEncryptedText(findTestObject("Object Repository/Page_Moodle Log in to the site/input_Password_password"), "zm/yZ1suVYniggK+4Jo9ew=="): Text ****** has been set on object 'Object Repository/Page_Moodle Log in to the site/input_Password_password'

2022-01-16 07:04:19 - [MESSAGE][PASSED] - Text ****** has been set on object 'Object Repository/Page_Moodle Log in to the site/input_Password_password'

2022-01-16 07:04:19 - [TEST_STEP][PASSED] - click(findTestObject("Object Repository/Page_Moodle Log in to the site/button_Log in")): Object: 'Object Repository/Page_Moodle Log in to the site/button_Log in' is clicked on

2022-01-16 07:04:20 - [MESSAGE][PASSED] - Object: 'Object Repository/Page_Moodle Log in to the site/button_Log in' is clicked on

2022-01-16 07:04:20 - [TEST_STEP][PASSED] - verifyElementText(findTestObject("Object Repository/Page_Dashboard/span_Calendar"), "Calendar"): Actual text and expected text of test object 'Object Repository/Page_Dashboard/span_Calendar' are matched.

2022-01-16 07:04:21 - [MESSAGE][PASSED] - Actual text and expected text of test object 'Object Repository/Page_Dashboard/span_Calendar' are matched.

2022-01-16 07:04:21 - [TEST_STEP][PASSED] - click(findTestObject("Object Repository/Page_Dashboard/span_Calendar")): Object: 'Object Repository/Page_Dashboard/span_Calendar' is clicked on

2022-01-16 07:04:22 - [MESSAGE][PASSED] - Object: 'Object Repository/Page_Dashboard/span_Calendar' is clicked on

2022-01-16 07:04:22 - [TEST_STEP][PASSED] - click(findTestObject("Object Repository/Page_Mood Calendar Detailed month view Janu_18fc56/a_23")): Object: 'Object Repository/Page_Mood Calendar Detailed month view Janu_18fc56/a_23' is clicked on

2022-01-16 07:04:22 - [MESSAGE][PASSED] - Object: 'Object Repository/Page_Mood Calendar Detailed month view Janu_18fc56/a_23' is clicked on

2022-01-16 07:04:22 - [TEST_STEP][PASSED] - closeBrowser(): Browser is closed

2022-01-16 07:04:23 - [MESSAGE][PASSED] - Browser is closed]]></system-out>
         <system-err><![CDATA[]]></system-err>
      </testcase>
      <testcase name="Test Cases/test case 28" time="74.663" classname="Test Cases/test case 28" status="FAILED">
         <failure type="FAILED" message="Test Cases/test case 28 FAILED.
Reason:
com.kms.katalon.core.exception.StepFailedException: Unable to verify object 'Object Repository/Page_Dashboard/a_January 2022' to be clickable
	at com.kms.katalon.core.webui.keyword.internal.WebUIKeywordMain.stepFailed(WebUIKeywordMain.groovy:64)
	at com.kms.katalon.core.webui.keyword.internal.WebUIKeywordMain.runKeyword(WebUIKeywordMain.groovy:26)
	at com.kms.katalon.core.webui.keyword.builtin.VerifyElementClickableKeyword.verifyElementClickable(VerifyElementClickableKeyword.groovy:96)
	at com.kms.katalon.core.webui.keyword.builtin.VerifyElementClickableKeyword.execute(VerifyElementClickableKeyword.groovy:67)
	at com.kms.katalon.core.keyword.internal.KeywordExecutor.executeKeywordForPlatform(KeywordExecutor.groovy:74)
	at com.kms.katalon.core.webui.keyword.WebUiBuiltInKeywords.verifyElementClickable(WebUiBuiltInKeywords.groovy:566)
	at com.kms.katalon.core.webui.keyword.WebUiBuiltInKeywords$verifyElementClickable$10.call(Unknown Source)
	at test case 28.run(test case 28:34)
	at com.kms.katalon.core.main.ScriptEngine.run(ScriptEngine.java:194)
	at com.kms.katalon.core.main.ScriptEngine.runScriptAsRawText(ScriptEngine.java:119)
	at com.kms.katalon.core.main.TestCaseExecutor.runScript(TestCaseExecutor.java:442)
	at com.kms.katalon.core.main.TestCaseExecutor.doExecute(TestCaseExecutor.java:433)
	at com.kms.katalon.core.main.TestCaseExecutor.processExecutionPhase(TestCaseExecutor.java:412)
	at com.kms.katalon.core.main.TestCaseExecutor.accessMainPhase(TestCaseExecutor.java:404)
	at com.kms.katalon.core.main.TestCaseExecutor.execute(TestCaseExecutor.java:281)
	at com.kms.katalon.core.main.TestSuiteExecutor.accessTestCaseMainPhase(TestSuiteExecutor.java:202)
	at com.kms.katalon.core.main.TestSuiteExecutor.accessTestSuiteMainPhase(TestSuiteExecutor.java:164)
	at com.kms.katalon.core.main.TestSuiteExecutor.execute(TestSuiteExecutor.java:105)
	at com.kms.katalon.core.main.TestCaseMain.startTestSuite(TestCaseMain.java:181)
	at com.kms.katalon.core.main.TestCaseMain$startTestSuite$0.call(Unknown Source)
	at TempTestSuite1642288640577.run(TempTestSuite1642288640577.groovy:36)
Caused by: com.kms.katalon.core.exception.StepFailedException: Web element with id: 'Object Repository/Page_Dashboard/a_January 2022' located by '//div[@id='month-mini-2022-1-1']/table/caption/span[2]/a' not found
	at com.kms.katalon.core.webui.keyword.internal.WebUIKeywordMain.stepFailed(WebUIKeywordMain.groovy:64)
	at com.kms.katalon.core.webui.keyword.builtin.VerifyElementClickableKeyword$_verifyElementClickable_closure1.doCall(VerifyElementClickableKeyword.groovy:88)
	at com.kms.katalon.core.webui.keyword.builtin.VerifyElementClickableKeyword$_verifyElementClickable_closure1.call(VerifyElementClickableKeyword.groovy)
	at com.kms.katalon.core.webui.keyword.internal.WebUIKeywordMain.runKeyword(WebUIKeywordMain.groovy:20)
	... 19 more
"/>
         <system-out><![CDATA[2022-01-16 07:04:23 - [TEST_CASE][FAILED] - Test Cases/test case 28: Test Cases/test case 28 FAILED.
Reason:
com.kms.katalon.core.exception.StepFailedException: Unable to verify object 'Object Repository/Page_Dashboard/a_January 2022' to be clickable
	at com.kms.katalon.core.webui.keyword.internal.WebUIKeywordMain.stepFailed(WebUIKeywordMain.groovy:64)
	at com.kms.katalon.core.webui.keyword.internal.WebUIKeywordMain.runKeyword(WebUIKeywordMain.groovy:26)
	at com.kms.katalon.core.webui.keyword.builtin.VerifyElementClickableKeyword.verifyElementClickable(VerifyElementClickableKeyword.groovy:96)
	at com.kms.katalon.core.webui.keyword.builtin.VerifyElementClickableKeyword.execute(VerifyElementClickableKeyword.groovy:67)
	at com.kms.katalon.core.keyword.internal.KeywordExecutor.executeKeywordForPlatform(KeywordExecutor.groovy:74)
	at com.kms.katalon.core.webui.keyword.WebUiBuiltInKeywords.verifyElementClickable(WebUiBuiltInKeywords.groovy:566)
	at com.kms.katalon.core.webui.keyword.WebUiBuiltInKeywords$verifyElementClickable$10.call(Unknown Source)
	at test case 28.run(test case 28:34)
	at com.kms.katalon.core.main.ScriptEngine.run(ScriptEngine.java:194)
	at com.kms.katalon.core.main.ScriptEngine.runScriptAsRawText(ScriptEngine.java:119)
	at com.kms.katalon.core.main.TestCaseExecutor.runScript(TestCaseExecutor.java:442)
	at com.kms.katalon.core.main.TestCaseExecutor.doExecute(TestCaseExecutor.java:433)
	at com.kms.katalon.core.main.TestCaseExecutor.processExecutionPhase(TestCaseExecutor.java:412)
	at com.kms.katalon.core.main.TestCaseExecutor.accessMainPhase(TestCaseExecutor.java:404)
	at com.kms.katalon.core.main.TestCaseExecutor.execute(TestCaseExecutor.java:281)
	at com.kms.katalon.core.main.TestSuiteExecutor.accessTestCaseMainPhase(TestSuiteExecutor.java:202)
	at com.kms.katalon.core.main.TestSuiteExecutor.accessTestSuiteMainPhase(TestSuiteExecutor.java:164)
	at com.kms.katalon.core.main.TestSuiteExecutor.execute(TestSuiteExecutor.java:105)
	at com.kms.katalon.core.main.TestCaseMain.startTestSuite(TestCaseMain.java:181)
	at com.kms.katalon.core.main.TestCaseMain$startTestSuite$0.call(Unknown Source)
	at TempTestSuite1642288640577.run(TempTestSuite1642288640577.groovy:36)
Caused by: com.kms.katalon.core.exception.StepFailedException: Web element with id: 'Object Repository/Page_Dashboard/a_January 2022' located by '//div[@id='month-mini-2022-1-1']/table/caption/span[2]/a' not found
	at com.kms.katalon.core.webui.keyword.internal.WebUIKeywordMain.stepFailed(WebUIKeywordMain.groovy:64)
	at com.kms.katalon.core.webui.keyword.builtin.VerifyElementClickableKeyword$_verifyElementClickable_closure1.doCall(VerifyElementClickableKeyword.groovy:88)
	at com.kms.katalon.core.webui.keyword.builtin.VerifyElementClickableKeyword$_verifyElementClickable_closure1.call(VerifyElementClickableKeyword.groovy)
	at com.kms.katalon.core.webui.keyword.internal.WebUIKeywordMain.runKeyword(WebUIKeywordMain.groovy:20)
	... 19 more


2022-01-16 07:04:23 - [TEST_STEP][PASSED] - openBrowser(""): Browser is opened with url: ''

2022-01-16 07:04:23 - [MESSAGE][INFO] - Starting 'Chrome' driver

2022-01-16 07:04:23 - [MESSAGE][INFO] - Action delay is set to 0 milliseconds

2022-01-16 07:04:24 - [MESSAGE][PASSED] - Browser is opened with url: ''

2022-01-16 07:04:24 - [TEST_STEP][PASSED] - navigateToUrl("http://localhost/"): Navigate to 'http://localhost/' successfully

2022-01-16 07:04:26 - [MESSAGE][PASSED] - Navigate to 'http://localhost/' successfully

2022-01-16 07:04:26 - [TEST_STEP][PASSED] - click(findTestObject("Object Repository/Page_Moodle/a_Log in")): Object: 'Object Repository/Page_Moodle/a_Log in' is clicked on

2022-01-16 07:04:26 - [MESSAGE][PASSED] - Object: 'Object Repository/Page_Moodle/a_Log in' is clicked on

2022-01-16 07:04:26 - [TEST_STEP][PASSED] - setText(findTestObject("Object Repository/Page_Moodle Log in to the site/input_Username_username"), "nmthu"): Text 'nmthu' is set on object 'Object Repository/Page_Moodle Log in to the site/input_Username_username'

2022-01-16 07:04:27 - [MESSAGE][PASSED] - Text 'nmthu' is set on object 'Object Repository/Page_Moodle Log in to the site/input_Username_username'

2022-01-16 07:04:27 - [TEST_STEP][PASSED] - setEncryptedText(findTestObject("Object Repository/Page_Moodle Log in to the site/input_Password_password"), "zm/yZ1suVYniggK+4Jo9ew=="): Text ****** has been set on object 'Object Repository/Page_Moodle Log in to the site/input_Password_password'

2022-01-16 07:04:28 - [MESSAGE][PASSED] - Text ****** has been set on object 'Object Repository/Page_Moodle Log in to the site/input_Password_password'

2022-01-16 07:04:28 - [TEST_STEP][PASSED] - click(findTestObject("Object Repository/Page_Moodle Log in to the site/button_Log in")): Object: 'Object Repository/Page_Moodle Log in to the site/button_Log in' is clicked on

2022-01-16 07:04:29 - [MESSAGE][PASSED] - Object: 'Object Repository/Page_Moodle Log in to the site/button_Log in' is clicked on

2022-01-16 07:04:29 - [TEST_STEP][PASSED] - verifyElementVisible(findTestObject("Object Repository/Page_Dashboard/div_Calendar                               _78b00d")): Object 'Object Repository/Page_Dashboard/div_Calendar                               _78b00d' is visible

2022-01-16 07:05:00 - [MESSAGE][INFO] - Unable to find the element located by 'By.xpath: //section[@id='inst171']/div'. Please recheck the objects properties to make sure the desired element is located. 

2022-01-16 07:05:00 - [MESSAGE][WARNING] - [SELF-HEALING] Failed to find element with id 'Object Repository/Page_Dashboard/div_Calendar                               _78b00d'. Try using Self-healing.

2022-01-16 07:05:00 - [MESSAGE][WARNING] - [SELF-HEALING] The current locator of test object 'Object Repository/Page_Dashboard/div_Calendar                               _78b00d' was broken. Propose an alternative one: '(.//*[normalize-space(text()) and normalize-space(.)='You have no badges to display'])[1]/following::div[1]'.

2022-01-16 07:05:00 - [MESSAGE][PASSED] - Object 'Object Repository/Page_Dashboard/div_Calendar                               _78b00d' is visible

2022-01-16 07:05:00 - [TEST_STEP][FAILED] - verifyElementClickable(findTestObject("Object Repository/Page_Dashboard/a_January 2022")): Unable to verify object 'Object Repository/Page_Dashboard/a_January 2022' to be clickable (Root cause: com.kms.katalon.core.exception.StepFailedException: Unable to verify object 'Object Repository/Page_Dashboard/a_January 2022' to be clickable
	at com.kms.katalon.core.webui.keyword.internal.WebUIKeywordMain.stepFailed(WebUIKeywordMain.groovy:64)
	at com.kms.katalon.core.webui.keyword.internal.WebUIKeywordMain.runKeyword(WebUIKeywordMain.groovy:26)
	at com.kms.katalon.core.webui.keyword.builtin.VerifyElementClickableKeyword.verifyElementClickable(VerifyElementClickableKeyword.groovy:96)
	at com.kms.katalon.core.webui.keyword.builtin.VerifyElementClickableKeyword.execute(VerifyElementClickableKeyword.groovy:67)
	at com.kms.katalon.core.keyword.internal.KeywordExecutor.executeKeywordForPlatform(KeywordExecutor.groovy:74)
	at com.kms.katalon.core.webui.keyword.WebUiBuiltInKeywords.verifyElementClickable(WebUiBuiltInKeywords.groovy:566)
	at com.kms.katalon.core.webui.keyword.WebUiBuiltInKeywords$verifyElementClickable$10.call(Unknown Source)
	at test case 28.run(test case 28:34)
	at com.kms.katalon.core.main.ScriptEngine.run(ScriptEngine.java:194)
	at com.kms.katalon.core.main.ScriptEngine.runScriptAsRawText(ScriptEngine.java:119)
	at com.kms.katalon.core.main.TestCaseExecutor.runScript(TestCaseExecutor.java:442)
	at com.kms.katalon.core.main.TestCaseExecutor.doExecute(TestCaseExecutor.java:433)
	at com.kms.katalon.core.main.TestCaseExecutor.processExecutionPhase(TestCaseExecutor.java:412)
	at com.kms.katalon.core.main.TestCaseExecutor.accessMainPhase(TestCaseExecutor.java:404)
	at com.kms.katalon.core.main.TestCaseExecutor.execute(TestCaseExecutor.java:281)
	at com.kms.katalon.core.main.TestSuiteExecutor.accessTestCaseMainPhase(TestSuiteExecutor.java:202)
	at com.kms.katalon.core.main.TestSuiteExecutor.accessTestSuiteMainPhase(TestSuiteExecutor.java:164)
	at com.kms.katalon.core.main.TestSuiteExecutor.execute(TestSuiteExecutor.java:105)
	at com.kms.katalon.core.main.TestCaseMain.startTestSuite(TestCaseMain.java:181)
	at com.kms.katalon.core.main.TestCaseMain$startTestSuite$0.call(Unknown Source)
	at TempTestSuite1642288640577.run(TempTestSuite1642288640577.groovy:36)
Caused by: com.kms.katalon.core.exception.StepFailedException: Web element with id: 'Object Repository/Page_Dashboard/a_January 2022' located by '//div[@id='month-mini-2022-1-1']/table/caption/span[2]/a' not found
	at com.kms.katalon.core.webui.keyword.internal.WebUIKeywordMain.stepFailed(WebUIKeywordMain.groovy:64)
	at com.kms.katalon.core.webui.keyword.builtin.VerifyElementClickableKeyword$_verifyElementClickable_closure1.doCall(VerifyElementClickableKeyword.groovy:88)
	at com.kms.katalon.core.webui.keyword.builtin.VerifyElementClickableKeyword$_verifyElementClickable_closure1.call(VerifyElementClickableKeyword.groovy)
	at com.kms.katalon.core.webui.keyword.internal.WebUIKeywordMain.runKeyword(WebUIKeywordMain.groovy:20)
	... 19 more
)

2022-01-16 07:05:31 - [MESSAGE][INFO] - Unable to find the element located by 'By.xpath: //div[@id='month-mini-2022-1-1']/table/caption/span[2]/a'. Please recheck the objects properties to make sure the desired element is located. 

2022-01-16 07:05:31 - [MESSAGE][WARNING] - [SELF-HEALING] Failed to find element with id 'Object Repository/Page_Dashboard/a_January 2022'. Try using Self-healing.

2022-01-16 07:05:32 - [MESSAGE][INFO] - Unable to find the element located by 'By.xpath: //a[contains(text(),'January 2022')]'. Please recheck the objects properties to make sure the desired element is located. 

2022-01-16 07:05:32 - [MESSAGE][INFO] - [SELF-HEALING] Failed Locator: '//div[@id='month-mini-2022-1-1']/table/caption/span[2]/a'.

2022-01-16 07:05:33 - [MESSAGE][INFO] - [SELF-HEALING] Failed Locator: '//a[contains(text(),'January 2022')]'.

2022-01-16 07:05:33 - [MESSAGE][INFO] - [SELF-HEALING] Failed Locator: '(.//*[normalize-space(text()) and normalize-space(.)='|'])[1]/following::a[1]'.

2022-01-16 07:05:33 - [MESSAGE][INFO] - [SELF-HEALING] Failed Locator: '(.//*[normalize-space(text()) and normalize-space(.)='◄'])[1]/following::a[1]'.

2022-01-16 07:05:34 - [MESSAGE][INFO] - [SELF-HEALING] Failed Locator: '(.//*[normalize-space(text()) and normalize-space(.)='|'])[2]/preceding::a[1]'.

2022-01-16 07:05:34 - [MESSAGE][INFO] - [SELF-HEALING] Failed Locator: '(.//*[normalize-space(text()) and normalize-space(.)='►'])[1]/preceding::a[1]'.

2022-01-16 07:05:34 - [MESSAGE][INFO] - [SELF-HEALING] Failed Locator: '//*/text()[normalize-space(.)='January 2022']/parent::*'.

2022-01-16 07:05:34 - [MESSAGE][INFO] - [SELF-HEALING] Failed Locator: '//a[@href='http://localhost/calendar/view.php?view=month&time=1642266000']'.

2022-01-16 07:05:35 - [MESSAGE][INFO] - [SELF-HEALING] Failed Locator: '//span[2]/a'.

2022-01-16 07:05:35 - [MESSAGE][INFO] - [SELF-HEALING] Failed Locator: '//a[@href='http://localhost/calendar/view.php?view=month&time=1642179600']'.

2022-01-16 07:05:35 - [MESSAGE][INFO] - [SELF-HEALING] Failed Locator: '//a[@href='http://localhost/calendar/view.php?view=month&time=1642093200']'.

2022-01-16 07:05:35 - [MESSAGE][INFO] - [SELF-HEALING] Failed Locator: '//div[@id='month-mini-2022-1-3']/table/caption/span[2]/a'.

2022-01-16 07:05:36 - [MESSAGE][INFO] - Unable to find the element located by 'By.xpath: //*[@href = 'http://localhost/calendar/view.php?view=month&time=1642266000' and @title = 'This month' and (text() = 'January 2022' or . = 'January 2022')]'. Please recheck the objects properties to make sure the desired element is located. 

2022-01-16 07:05:37 - [MESSAGE][INFO] - Unable to find the element located by 'By.cssSelector: a[title="This month"]'. Please recheck the objects properties to make sure the desired element is located. 

2022-01-16 07:05:38 - [MESSAGE][FAILED] - Web element with id: 'Object Repository/Page_Dashboard/a_January 2022' located by '//div[@id='month-mini-2022-1-1']/table/caption/span[2]/a' not found (Root cause: com.kms.katalon.core.exception.StepFailedException: Web element with id: 'Object Repository/Page_Dashboard/a_January 2022' located by '//div[@id='month-mini-2022-1-1']/table/caption/span[2]/a' not found
	at com.kms.katalon.core.webui.keyword.internal.WebUIKeywordMain.stepFailed(WebUIKeywordMain.groovy:64)
	at com.kms.katalon.core.webui.keyword.builtin.VerifyElementClickableKeyword$_verifyElementClickable_closure1.doCall(VerifyElementClickableKeyword.groovy:88)
	at com.kms.katalon.core.webui.keyword.builtin.VerifyElementClickableKeyword$_verifyElementClickable_closure1.call(VerifyElementClickableKeyword.groovy)
	at com.kms.katalon.core.webui.keyword.internal.WebUIKeywordMain.runKeyword(WebUIKeywordMain.groovy:20)
	at com.kms.katalon.core.webui.keyword.builtin.VerifyElementClickableKeyword.verifyElementClickable(VerifyElementClickableKeyword.groovy:96)
	at com.kms.katalon.core.webui.keyword.builtin.VerifyElementClickableKeyword.execute(VerifyElementClickableKeyword.groovy:67)
	at com.kms.katalon.core.keyword.internal.KeywordExecutor.executeKeywordForPlatform(KeywordExecutor.groovy:74)
	at com.kms.katalon.core.webui.keyword.WebUiBuiltInKeywords.verifyElementClickable(WebUiBuiltInKeywords.groovy:566)
	at com.kms.katalon.core.webui.keyword.WebUiBuiltInKeywords$verifyElementClickable$10.call(Unknown Source)
	at test case 28.run(test case 28:34)
	at com.kms.katalon.core.main.ScriptEngine.run(ScriptEngine.java:194)
	at com.kms.katalon.core.main.ScriptEngine.runScriptAsRawText(ScriptEngine.java:119)
	at com.kms.katalon.core.main.TestCaseExecutor.runScript(TestCaseExecutor.java:442)
	at com.kms.katalon.core.main.TestCaseExecutor.doExecute(TestCaseExecutor.java:433)
	at com.kms.katalon.core.main.TestCaseExecutor.processExecutionPhase(TestCaseExecutor.java:412)
	at com.kms.katalon.core.main.TestCaseExecutor.accessMainPhase(TestCaseExecutor.java:404)
	at com.kms.katalon.core.main.TestCaseExecutor.execute(TestCaseExecutor.java:281)
	at com.kms.katalon.core.main.TestSuiteExecutor.accessTestCaseMainPhase(TestSuiteExecutor.java:202)
	at com.kms.katalon.core.main.TestSuiteExecutor.accessTestSuiteMainPhase(TestSuiteExecutor.java:164)
	at com.kms.katalon.core.main.TestSuiteExecutor.execute(TestSuiteExecutor.java:105)
	at com.kms.katalon.core.main.TestCaseMain.startTestSuite(TestCaseMain.java:181)
	at com.kms.katalon.core.main.TestCaseMain$startTestSuite$0.call(Unknown Source)
	at TempTestSuite1642288640577.run(TempTestSuite1642288640577.groovy:36)
)
[[ATTACHMENT|D:\\Test-Automation-SE-Bonus\\Test-Automation-SE-Bonus\\Reports\\20220116_061720\\Run all test cases\\20220116_061720\\1642291538002.png]]

2022-01-16 07:05:38 - [MESSAGE][FAILED] - Unable to verify object 'Object Repository/Page_Dashboard/a_January 2022' to be clickable (Root cause: com.kms.katalon.core.exception.StepFailedException: Unable to verify object 'Object Repository/Page_Dashboard/a_January 2022' to be clickable
	at com.kms.katalon.core.webui.keyword.internal.WebUIKeywordMain.stepFailed(WebUIKeywordMain.groovy:64)
	at com.kms.katalon.core.webui.keyword.internal.WebUIKeywordMain.runKeyword(WebUIKeywordMain.groovy:26)
	at com.kms.katalon.core.webui.keyword.builtin.VerifyElementClickableKeyword.verifyElementClickable(VerifyElementClickableKeyword.groovy:96)
	at com.kms.katalon.core.webui.keyword.builtin.VerifyElementClickableKeyword.execute(VerifyElementClickableKeyword.groovy:67)
	at com.kms.katalon.core.keyword.internal.KeywordExecutor.executeKeywordForPlatform(KeywordExecutor.groovy:74)
	at com.kms.katalon.core.webui.keyword.WebUiBuiltInKeywords.verifyElementClickable(WebUiBuiltInKeywords.groovy:566)
	at com.kms.katalon.core.webui.keyword.WebUiBuiltInKeywords$verifyElementClickable$10.call(Unknown Source)
	at test case 28.run(test case 28:34)
	at com.kms.katalon.core.main.ScriptEngine.run(ScriptEngine.java:194)
	at com.kms.katalon.core.main.ScriptEngine.runScriptAsRawText(ScriptEngine.java:119)
	at com.kms.katalon.core.main.TestCaseExecutor.runScript(TestCaseExecutor.java:442)
	at com.kms.katalon.core.main.TestCaseExecutor.doExecute(TestCaseExecutor.java:433)
	at com.kms.katalon.core.main.TestCaseExecutor.processExecutionPhase(TestCaseExecutor.java:412)
	at com.kms.katalon.core.main.TestCaseExecutor.accessMainPhase(TestCaseExecutor.java:404)
	at com.kms.katalon.core.main.TestCaseExecutor.execute(TestCaseExecutor.java:281)
	at com.kms.katalon.core.main.TestSuiteExecutor.accessTestCaseMainPhase(TestSuiteExecutor.java:202)
	at com.kms.katalon.core.main.TestSuiteExecutor.accessTestSuiteMainPhase(TestSuiteExecutor.java:164)
	at com.kms.katalon.core.main.TestSuiteExecutor.execute(TestSuiteExecutor.java:105)
	at com.kms.katalon.core.main.TestCaseMain.startTestSuite(TestCaseMain.java:181)
	at com.kms.katalon.core.main.TestCaseMain$startTestSuite$0.call(Unknown Source)
	at TempTestSuite1642288640577.run(TempTestSuite1642288640577.groovy:36)
Caused by: com.kms.katalon.core.exception.StepFailedException: Web element with id: 'Object Repository/Page_Dashboard/a_January 2022' located by '//div[@id='month-mini-2022-1-1']/table/caption/span[2]/a' not found
	at com.kms.katalon.core.webui.keyword.internal.WebUIKeywordMain.stepFailed(WebUIKeywordMain.groovy:64)
	at com.kms.katalon.core.webui.keyword.builtin.VerifyElementClickableKeyword$_verifyElementClickable_closure1.doCall(VerifyElementClickableKeyword.groovy:88)
	at com.kms.katalon.core.webui.keyword.builtin.VerifyElementClickableKeyword$_verifyElementClickable_closure1.call(VerifyElementClickableKeyword.groovy)
	at com.kms.katalon.core.webui.keyword.internal.WebUIKeywordMain.runKeyword(WebUIKeywordMain.groovy:20)
	... 19 more
)
[[ATTACHMENT|D:\\Test-Automation-SE-Bonus\\Test-Automation-SE-Bonus\\Reports\\20220116_061720\\Run all test cases\\20220116_061720\\1642291538139.png]]]]></system-out>
         <system-err><![CDATA[2022-01-16 07:04:23 - [TEST_CASE][FAILED] - Test Cases/test case 28: Test Cases/test case 28 FAILED.
Reason:
com.kms.katalon.core.exception.StepFailedException: Unable to verify object 'Object Repository/Page_Dashboard/a_January 2022' to be clickable
	at com.kms.katalon.core.webui.keyword.internal.WebUIKeywordMain.stepFailed(WebUIKeywordMain.groovy:64)
	at com.kms.katalon.core.webui.keyword.internal.WebUIKeywordMain.runKeyword(WebUIKeywordMain.groovy:26)
	at com.kms.katalon.core.webui.keyword.builtin.VerifyElementClickableKeyword.verifyElementClickable(VerifyElementClickableKeyword.groovy:96)
	at com.kms.katalon.core.webui.keyword.builtin.VerifyElementClickableKeyword.execute(VerifyElementClickableKeyword.groovy:67)
	at com.kms.katalon.core.keyword.internal.KeywordExecutor.executeKeywordForPlatform(KeywordExecutor.groovy:74)
	at com.kms.katalon.core.webui.keyword.WebUiBuiltInKeywords.verifyElementClickable(WebUiBuiltInKeywords.groovy:566)
	at com.kms.katalon.core.webui.keyword.WebUiBuiltInKeywords$verifyElementClickable$10.call(Unknown Source)
	at test case 28.run(test case 28:34)
	at com.kms.katalon.core.main.ScriptEngine.run(ScriptEngine.java:194)
	at com.kms.katalon.core.main.ScriptEngine.runScriptAsRawText(ScriptEngine.java:119)
	at com.kms.katalon.core.main.TestCaseExecutor.runScript(TestCaseExecutor.java:442)
	at com.kms.katalon.core.main.TestCaseExecutor.doExecute(TestCaseExecutor.java:433)
	at com.kms.katalon.core.main.TestCaseExecutor.processExecutionPhase(TestCaseExecutor.java:412)
	at com.kms.katalon.core.main.TestCaseExecutor.accessMainPhase(TestCaseExecutor.java:404)
	at com.kms.katalon.core.main.TestCaseExecutor.execute(TestCaseExecutor.java:281)
	at com.kms.katalon.core.main.TestSuiteExecutor.accessTestCaseMainPhase(TestSuiteExecutor.java:202)
	at com.kms.katalon.core.main.TestSuiteExecutor.accessTestSuiteMainPhase(TestSuiteExecutor.java:164)
	at com.kms.katalon.core.main.TestSuiteExecutor.execute(TestSuiteExecutor.java:105)
	at com.kms.katalon.core.main.TestCaseMain.startTestSuite(TestCaseMain.java:181)
	at com.kms.katalon.core.main.TestCaseMain$startTestSuite$0.call(Unknown Source)
	at TempTestSuite1642288640577.run(TempTestSuite1642288640577.groovy:36)
Caused by: com.kms.katalon.core.exception.StepFailedException: Web element with id: 'Object Repository/Page_Dashboard/a_January 2022' located by '//div[@id='month-mini-2022-1-1']/table/caption/span[2]/a' not found
	at com.kms.katalon.core.webui.keyword.internal.WebUIKeywordMain.stepFailed(WebUIKeywordMain.groovy:64)
	at com.kms.katalon.core.webui.keyword.builtin.VerifyElementClickableKeyword$_verifyElementClickable_closure1.doCall(VerifyElementClickableKeyword.groovy:88)
	at com.kms.katalon.core.webui.keyword.builtin.VerifyElementClickableKeyword$_verifyElementClickable_closure1.call(VerifyElementClickableKeyword.groovy)
	at com.kms.katalon.core.webui.keyword.internal.WebUIKeywordMain.runKeyword(WebUIKeywordMain.groovy:20)
	... 19 more]]></system-err>
      </testcase>
      <testcase name="Test Cases/test case 29" time="69.881" classname="Test Cases/test case 29" status="PASSED">
         <system-out><![CDATA[2022-01-16 07:05:38 - [TEST_CASE][PASSED] - Test Cases/test case 29: Test Cases/test case 29

2022-01-16 07:05:38 - [TEST_STEP][PASSED] - openBrowser(""): Browser is opened with url: ''

2022-01-16 07:05:38 - [MESSAGE][WARNING] - A browser is already opened. Closing browser and opening a new one

2022-01-16 07:05:39 - [MESSAGE][INFO] - Starting 'Chrome' driver

2022-01-16 07:05:39 - [MESSAGE][INFO] - Action delay is set to 0 milliseconds

2022-01-16 07:05:40 - [MESSAGE][PASSED] - Browser is opened with url: ''

2022-01-16 07:05:40 - [TEST_STEP][PASSED] - navigateToUrl("http://localhost/"): Navigate to 'http://localhost/' successfully

2022-01-16 07:05:41 - [MESSAGE][PASSED] - Navigate to 'http://localhost/' successfully

2022-01-16 07:05:41 - [TEST_STEP][PASSED] - click(findTestObject("Object Repository/Page_Moodle/a_Log in")): Object: 'Object Repository/Page_Moodle/a_Log in' is clicked on

2022-01-16 07:05:42 - [MESSAGE][PASSED] - Object: 'Object Repository/Page_Moodle/a_Log in' is clicked on

2022-01-16 07:05:42 - [TEST_STEP][PASSED] - setText(findTestObject("Object Repository/Page_Moodle Log in to the site/input_Username_username"), "nmthu"): Text 'nmthu' is set on object 'Object Repository/Page_Moodle Log in to the site/input_Username_username'

2022-01-16 07:05:43 - [MESSAGE][PASSED] - Text 'nmthu' is set on object 'Object Repository/Page_Moodle Log in to the site/input_Username_username'

2022-01-16 07:05:43 - [TEST_STEP][PASSED] - setEncryptedText(findTestObject("Object Repository/Page_Moodle Log in to the site/input_Password_password"), "zm/yZ1suVYniggK+4Jo9ew=="): Text ****** has been set on object 'Object Repository/Page_Moodle Log in to the site/input_Password_password'

2022-01-16 07:05:43 - [MESSAGE][PASSED] - Text ****** has been set on object 'Object Repository/Page_Moodle Log in to the site/input_Password_password'

2022-01-16 07:05:43 - [TEST_STEP][PASSED] - click(findTestObject("Object Repository/Page_Moodle Log in to the site/button_Log in")): Object: 'Object Repository/Page_Moodle Log in to the site/button_Log in' is clicked on

2022-01-16 07:05:44 - [MESSAGE][PASSED] - Object: 'Object Repository/Page_Moodle Log in to the site/button_Log in' is clicked on

2022-01-16 07:05:44 - [TEST_STEP][PASSED] - verifyElementText(findTestObject("Object Repository/Page_Dashboard/a_3 weeks for Tet"), "3 weeks for Tet"): Actual text and expected text of test object 'Object Repository/Page_Dashboard/a_3 weeks for Tet' are matched.

2022-01-16 07:06:15 - [MESSAGE][INFO] - Unable to find the element located by 'By.xpath: //div[@id='month-upcoming-mini-61e168c90490d61e168c8223124']/div/a'. Please recheck the objects properties to make sure the desired element is located. 

2022-01-16 07:06:15 - [MESSAGE][WARNING] - [SELF-HEALING] Failed to find element with id 'Object Repository/Page_Dashboard/a_3 weeks for Tet'. Try using Self-healing.

2022-01-16 07:06:16 - [MESSAGE][WARNING] - [SELF-HEALING] The current locator of test object 'Object Repository/Page_Dashboard/a_3 weeks for Tet' was broken. Propose an alternative one: '//a[contains(text(),'3 weeks for Tet')]'.

2022-01-16 07:06:16 - [MESSAGE][PASSED] - Actual text and expected text of test object 'Object Repository/Page_Dashboard/a_3 weeks for Tet' are matched.

2022-01-16 07:06:16 - [TEST_STEP][PASSED] - click(findTestObject("Object Repository/Page_Dashboard/a_3 weeks for Tet")): Object: 'Object Repository/Page_Dashboard/a_3 weeks for Tet' is clicked on

2022-01-16 07:06:47 - [MESSAGE][INFO] - Unable to find the element located by 'By.xpath: //div[@id='month-upcoming-mini-61e168c90490d61e168c8223124']/div/a'. Please recheck the objects properties to make sure the desired element is located. 

2022-01-16 07:06:47 - [MESSAGE][WARNING] - [SELF-HEALING] Failed to find element with id 'Object Repository/Page_Dashboard/a_3 weeks for Tet'. Try using Self-healing.

2022-01-16 07:06:47 - [MESSAGE][WARNING] - [SELF-HEALING] The current locator of test object 'Object Repository/Page_Dashboard/a_3 weeks for Tet' was broken. Propose an alternative one: '//a[contains(text(),'3 weeks for Tet')]'.

2022-01-16 07:06:47 - [MESSAGE][PASSED] - Object: 'Object Repository/Page_Dashboard/a_3 weeks for Tet' is clicked on

2022-01-16 07:06:47 - [TEST_STEP][PASSED] - closeBrowser(): Browser is closed

2022-01-16 07:06:48 - [MESSAGE][PASSED] - Browser is closed]]></system-out>
         <system-err><![CDATA[]]></system-err>
      </testcase>
      <testcase name="Test Cases/test case 30" time="264.495" classname="Test Cases/test case 30" status="PASSED">
         <system-out><![CDATA[2022-01-16 07:06:48 - [TEST_CASE][PASSED] - Test Cases/test case 30: Test Cases/test case 30

2022-01-16 07:06:48 - [TEST_STEP][PASSED] - openBrowser(""): Browser is opened with url: ''

2022-01-16 07:06:48 - [MESSAGE][INFO] - Starting 'Chrome' driver

2022-01-16 07:06:48 - [MESSAGE][INFO] - Action delay is set to 0 milliseconds

2022-01-16 07:06:49 - [MESSAGE][PASSED] - Browser is opened with url: ''

2022-01-16 07:06:49 - [TEST_STEP][PASSED] - navigateToUrl("http://localhost/"): Navigate to 'http://localhost/' successfully

2022-01-16 07:06:50 - [MESSAGE][PASSED] - Navigate to 'http://localhost/' successfully

2022-01-16 07:06:50 - [TEST_STEP][PASSED] - click(findTestObject("Object Repository/Page_Moodle/a_Log in")): Object: 'Object Repository/Page_Moodle/a_Log in' is clicked on

2022-01-16 07:06:51 - [MESSAGE][PASSED] - Object: 'Object Repository/Page_Moodle/a_Log in' is clicked on

2022-01-16 07:06:51 - [TEST_STEP][PASSED] - setText(findTestObject("Object Repository/Page_Moodle Log in to the site/input_Username_username"), "nmthu"): Text 'nmthu' is set on object 'Object Repository/Page_Moodle Log in to the site/input_Username_username'

2022-01-16 07:06:52 - [MESSAGE][PASSED] - Text 'nmthu' is set on object 'Object Repository/Page_Moodle Log in to the site/input_Username_username'

2022-01-16 07:06:52 - [TEST_STEP][PASSED] - setEncryptedText(findTestObject("Object Repository/Page_Moodle Log in to the site/input_Password_password"), "zm/yZ1suVYniggK+4Jo9ew=="): Text ****** has been set on object 'Object Repository/Page_Moodle Log in to the site/input_Password_password'

2022-01-16 07:06:52 - [MESSAGE][PASSED] - Text ****** has been set on object 'Object Repository/Page_Moodle Log in to the site/input_Password_password'

2022-01-16 07:06:52 - [TEST_STEP][PASSED] - click(findTestObject("Object Repository/Page_Moodle Log in to the site/button_Log in")): Object: 'Object Repository/Page_Moodle Log in to the site/button_Log in' is clicked on

2022-01-16 07:06:53 - [MESSAGE][PASSED] - Object: 'Object Repository/Page_Moodle Log in to the site/button_Log in' is clicked on

2022-01-16 07:06:53 - [TEST_STEP][PASSED] - click(findTestObject("Object Repository/Page_Dashboard/span_Calendar")): Object: 'Object Repository/Page_Dashboard/span_Calendar' is clicked on

2022-01-16 07:06:55 - [MESSAGE][PASSED] - Object: 'Object Repository/Page_Dashboard/span_Calendar' is clicked on

2022-01-16 07:06:55 - [TEST_STEP][PASSED] - focus(findTestObject("Page_Mood Calendar Detailed month view Janu_18fc56/button_New event")): Object: 'Object Repository/Page_Mood Calendar Detailed month view Janu_18fc56/button_New event' is focused

2022-01-16 07:07:26 - [MESSAGE][INFO] - Unable to find the element located by 'By.xpath: //div[@id='calendar-month-61e2c4d64109f61e2c4d60f67516']/div/button'. Please recheck the objects properties to make sure the desired element is located. 

2022-01-16 07:07:26 - [MESSAGE][WARNING] - [SELF-HEALING] Failed to find element with id 'Object Repository/Page_Mood Calendar Detailed month view Janu_18fc56/button_New event'. Try using Self-healing.

2022-01-16 07:07:26 - [MESSAGE][WARNING] - [SELF-HEALING] The current locator of test object 'Object Repository/Page_Mood Calendar Detailed month view Janu_18fc56/button_New event' was broken. Propose an alternative one: '(.//*[normalize-space(text()) and normalize-space(.)='List of courses'])[1]/following::button[1]'.

2022-01-16 07:07:26 - [MESSAGE][PASSED] - Object: 'Object Repository/Page_Mood Calendar Detailed month view Janu_18fc56/button_New event' is focused

2022-01-16 07:07:26 - [TEST_STEP][PASSED] - click(findTestObject("Object Repository/Page_Mood Calendar Detailed month view Janu_18fc56/button_New event")): Object: 'Object Repository/Page_Mood Calendar Detailed month view Janu_18fc56/button_New event' is clicked on

2022-01-16 07:07:57 - [MESSAGE][INFO] - Unable to find the element located by 'By.xpath: //div[@id='calendar-month-61e2c4d64109f61e2c4d60f67516']/div/button'. Please recheck the objects properties to make sure the desired element is located. 

2022-01-16 07:07:57 - [MESSAGE][WARNING] - [SELF-HEALING] Failed to find element with id 'Object Repository/Page_Mood Calendar Detailed month view Janu_18fc56/button_New event'. Try using Self-healing.

2022-01-16 07:07:57 - [MESSAGE][WARNING] - [SELF-HEALING] The current locator of test object 'Object Repository/Page_Mood Calendar Detailed month view Janu_18fc56/button_New event' was broken. Propose an alternative one: '(.//*[normalize-space(text()) and normalize-space(.)='List of courses'])[1]/following::button[1]'.

2022-01-16 07:07:57 - [MESSAGE][PASSED] - Object: 'Object Repository/Page_Mood Calendar Detailed month view Janu_18fc56/button_New event' is clicked on

2022-01-16 07:07:57 - [TEST_STEP][PASSED] - setText(findTestObject("Object Repository/Page_Mood Calendar Detailed month view Janu_18fc56/input_Event title_name"), "Festival at uni"): Text 'Festival at uni' is set on object 'Object Repository/Page_Mood Calendar Detailed month view Janu_18fc56/input_Event title_name'

2022-01-16 07:07:59 - [MESSAGE][PASSED] - Text 'Festival at uni' is set on object 'Object Repository/Page_Mood Calendar Detailed month view Janu_18fc56/input_Event title_name'

2022-01-16 07:07:59 - [TEST_STEP][PASSED] - selectOptionByValue(findTestObject("Object Repository/Page_Mood Calendar Detailed month view Janu_18fc56/select_1        2        3        4        _45ea30"), "26", true): All options with value '26' are selected in object 'Object Repository/Page_Mood Calendar Detailed month view Janu_18fc56/select_1        2        3        4        _45ea30'  using regular expression

2022-01-16 07:08:00 - [MESSAGE][PASSED] - All options with value '26' are selected in object 'Object Repository/Page_Mood Calendar Detailed month view Janu_18fc56/select_1        2        3        4        _45ea30'  using regular expression

2022-01-16 07:08:00 - [TEST_STEP][PASSED] - click(findTestObject("Object Repository/Page_Mood Calendar Detailed month view Janu_18fc56/button_Save")): Object: 'Object Repository/Page_Mood Calendar Detailed month view Janu_18fc56/button_Save' is clicked on

2022-01-16 07:08:32 - [MESSAGE][INFO] - Unable to find the element located by 'By.xpath: //button[@id='yui_3_17_2_1_1642251478287_1318']'. Please recheck the objects properties to make sure the desired element is located. 

2022-01-16 07:08:32 - [MESSAGE][WARNING] - [SELF-HEALING] Failed to find element with id 'Object Repository/Page_Mood Calendar Detailed month view Janu_18fc56/button_Save'. Try using Self-healing.

2022-01-16 07:08:32 - [MESSAGE][WARNING] - [SELF-HEALING] The current locator of test object 'Object Repository/Page_Mood Calendar Detailed month view Janu_18fc56/button_Save' was broken. Propose an alternative one: '(.//*[normalize-space(text()) and normalize-space(.)='Repeat weekly, creating altogether'])[1]/following::button[1]'.

2022-01-16 07:08:32 - [MESSAGE][PASSED] - Object: 'Object Repository/Page_Mood Calendar Detailed month view Janu_18fc56/button_Save' is clicked on

2022-01-16 07:08:32 - [TEST_STEP][PASSED] - verifyElementVisible(findTestObject("Object Repository/Page_Mood Calendar Detailed month view Janu_18fc56/a_Festival at uni")): Object 'Object Repository/Page_Mood Calendar Detailed month view Janu_18fc56/a_Festival at uni' is visible

2022-01-16 07:09:03 - [MESSAGE][INFO] - Unable to find the element located by 'By.xpath: //a[@id='yui_3_17_2_1_1642219203535_1975']'. Please recheck the objects properties to make sure the desired element is located. 

2022-01-16 07:09:03 - [MESSAGE][WARNING] - [SELF-HEALING] Failed to find element with id 'Object Repository/Page_Mood Calendar Detailed month view Janu_18fc56/a_Festival at uni'. Try using Self-healing.

2022-01-16 07:09:03 - [MESSAGE][WARNING] - [SELF-HEALING] The current locator of test object 'Object Repository/Page_Mood Calendar Detailed month view Janu_18fc56/a_Festival at uni' was broken. Propose an alternative one: '(.//*[normalize-space(text()) and normalize-space(.)='No events, Tuesday, 25 January'])[2]/following::a[2]'.

2022-01-16 07:09:03 - [MESSAGE][PASSED] - Object 'Object Repository/Page_Mood Calendar Detailed month view Janu_18fc56/a_Festival at uni' is visible

2022-01-16 07:09:03 - [TEST_STEP][PASSED] - click(findTestObject("Object Repository/Page_Mood Calendar Detailed month view Janu_18fc56/a_Festival at uni")): Object: 'Object Repository/Page_Mood Calendar Detailed month view Janu_18fc56/a_Festival at uni' is clicked on

2022-01-16 07:09:34 - [MESSAGE][INFO] - Unable to find the element located by 'By.xpath: //a[@id='yui_3_17_2_1_1642219203535_1975']'. Please recheck the objects properties to make sure the desired element is located. 

2022-01-16 07:09:34 - [MESSAGE][WARNING] - [SELF-HEALING] Failed to find element with id 'Object Repository/Page_Mood Calendar Detailed month view Janu_18fc56/a_Festival at uni'. Try using Self-healing.

2022-01-16 07:09:35 - [MESSAGE][WARNING] - [SELF-HEALING] The current locator of test object 'Object Repository/Page_Mood Calendar Detailed month view Janu_18fc56/a_Festival at uni' was broken. Propose an alternative one: '(.//*[normalize-space(text()) and normalize-space(.)='No events, Tuesday, 25 January'])[2]/following::a[2]'.

2022-01-16 07:09:35 - [MESSAGE][PASSED] - Object: 'Object Repository/Page_Mood Calendar Detailed month view Janu_18fc56/a_Festival at uni' is clicked on

2022-01-16 07:09:35 - [TEST_STEP][PASSED] - verifyElementClickable(findTestObject("Object Repository/Page_Mood Calendar Detailed month view Janu_18fc56/button_Delete")): Object 'Object Repository/Page_Mood Calendar Detailed month view Janu_18fc56/button_Delete' is clickable

2022-01-16 07:10:06 - [MESSAGE][INFO] - Unable to find the element located by 'By.xpath: //button[@id='yui_3_17_2_1_1642219203535_1997']'. Please recheck the objects properties to make sure the desired element is located. 

2022-01-16 07:10:06 - [MESSAGE][WARNING] - [SELF-HEALING] Failed to find element with id 'Object Repository/Page_Mood Calendar Detailed month view Janu_18fc56/button_Delete'. Try using Self-healing.

2022-01-16 07:10:07 - [MESSAGE][INFO] - Unable to find the element located by 'By.xpath: (.//*[normalize-space(text()) and normalize-space(.)='Introduction to Computer Science'])[3]/following::button[1]'. Please recheck the objects properties to make sure the desired element is located. 

2022-01-16 07:10:07 - [MESSAGE][WARNING] - [SELF-HEALING] The current locator of test object 'Object Repository/Page_Mood Calendar Detailed month view Janu_18fc56/button_Delete' was broken. Propose an alternative one: '(.//*[normalize-space(text()) and normalize-space(.)='User event'])[1]/following::button[1]'.

2022-01-16 07:10:07 - [MESSAGE][PASSED] - Object 'Object Repository/Page_Mood Calendar Detailed month view Janu_18fc56/button_Delete' is clickable

2022-01-16 07:10:07 - [TEST_STEP][PASSED] - click(findTestObject("Object Repository/Page_Mood Calendar Detailed month view Janu_18fc56/button_Delete")): Object: 'Object Repository/Page_Mood Calendar Detailed month view Janu_18fc56/button_Delete' is clicked on

2022-01-16 07:10:38 - [MESSAGE][INFO] - Unable to find the element located by 'By.xpath: //button[@id='yui_3_17_2_1_1642219203535_1997']'. Please recheck the objects properties to make sure the desired element is located. 

2022-01-16 07:10:38 - [MESSAGE][WARNING] - [SELF-HEALING] Failed to find element with id 'Object Repository/Page_Mood Calendar Detailed month view Janu_18fc56/button_Delete'. Try using Self-healing.

2022-01-16 07:10:40 - [MESSAGE][INFO] - Unable to find the element located by 'By.xpath: (.//*[normalize-space(text()) and normalize-space(.)='Introduction to Computer Science'])[3]/following::button[1]'. Please recheck the objects properties to make sure the desired element is located. 

2022-01-16 07:10:40 - [MESSAGE][WARNING] - [SELF-HEALING] The current locator of test object 'Object Repository/Page_Mood Calendar Detailed month view Janu_18fc56/button_Delete' was broken. Propose an alternative one: '(.//*[normalize-space(text()) and normalize-space(.)='User event'])[1]/following::button[1]'.

2022-01-16 07:10:40 - [MESSAGE][PASSED] - Object: 'Object Repository/Page_Mood Calendar Detailed month view Janu_18fc56/button_Delete' is clicked on

2022-01-16 07:10:40 - [TEST_STEP][PASSED] - click(findTestObject("Object Repository/Page_Mood Calendar Detailed month view Janu_18fc56/button_Delete event")): Object: 'Object Repository/Page_Mood Calendar Detailed month view Janu_18fc56/button_Delete event' is clicked on

2022-01-16 07:11:11 - [MESSAGE][INFO] - Unable to find the element located by 'By.xpath: //button[@id='yui_3_17_2_1_1642219203535_2017']'. Please recheck the objects properties to make sure the desired element is located. 

2022-01-16 07:11:11 - [MESSAGE][WARNING] - [SELF-HEALING] Failed to find element with id 'Object Repository/Page_Mood Calendar Detailed month view Janu_18fc56/button_Delete event'. Try using Self-healing.

2022-01-16 07:11:11 - [MESSAGE][WARNING] - [SELF-HEALING] The current locator of test object 'Object Repository/Page_Mood Calendar Detailed month view Janu_18fc56/button_Delete event' was broken. Propose an alternative one: '(.//*[normalize-space(text()) and normalize-space(.)=concat('Are you sure you want to delete the ', '"', 'Festival at uni', '"', ' event?')])[1]/following::button[1]'.

2022-01-16 07:11:11 - [MESSAGE][PASSED] - Object: 'Object Repository/Page_Mood Calendar Detailed month view Janu_18fc56/button_Delete event' is clicked on

2022-01-16 07:11:11 - [TEST_STEP][PASSED] - closeBrowser(): Browser is closed

2022-01-16 07:11:12 - [MESSAGE][PASSED] - Browser is closed]]></system-out>
         <system-err><![CDATA[]]></system-err>
      </testcase>
      <testcase name="Test Cases/test case 31" time="74.744" classname="Test Cases/test case 31" status="FAILED">
         <failure type="FAILED" message="Test Cases/test case 31 FAILED.
Reason:
com.kms.katalon.core.exception.StepFailedException: Unable to click on object 'Object Repository/Page_Dashboard/a_January 2022'
	at com.kms.katalon.core.webui.keyword.internal.WebUIKeywordMain.stepFailed(WebUIKeywordMain.groovy:64)
	at com.kms.katalon.core.webui.keyword.internal.WebUIKeywordMain.runKeyword(WebUIKeywordMain.groovy:26)
	at com.kms.katalon.core.webui.keyword.builtin.ClickKeyword.click(ClickKeyword.groovy:74)
	at com.kms.katalon.core.webui.keyword.builtin.ClickKeyword.execute(ClickKeyword.groovy:40)
	at com.kms.katalon.core.keyword.internal.KeywordExecutor.executeKeywordForPlatform(KeywordExecutor.groovy:74)
	at com.kms.katalon.core.webui.keyword.WebUiBuiltInKeywords.click(WebUiBuiltInKeywords.groovy:620)
	at com.kms.katalon.core.webui.keyword.WebUiBuiltInKeywords$click$1.call(Unknown Source)
	at test case 31.run(test case 31:34)
	at com.kms.katalon.core.main.ScriptEngine.run(ScriptEngine.java:194)
	at com.kms.katalon.core.main.ScriptEngine.runScriptAsRawText(ScriptEngine.java:119)
	at com.kms.katalon.core.main.TestCaseExecutor.runScript(TestCaseExecutor.java:442)
	at com.kms.katalon.core.main.TestCaseExecutor.doExecute(TestCaseExecutor.java:433)
	at com.kms.katalon.core.main.TestCaseExecutor.processExecutionPhase(TestCaseExecutor.java:412)
	at com.kms.katalon.core.main.TestCaseExecutor.accessMainPhase(TestCaseExecutor.java:404)
	at com.kms.katalon.core.main.TestCaseExecutor.execute(TestCaseExecutor.java:281)
	at com.kms.katalon.core.main.TestSuiteExecutor.accessTestCaseMainPhase(TestSuiteExecutor.java:202)
	at com.kms.katalon.core.main.TestSuiteExecutor.accessTestSuiteMainPhase(TestSuiteExecutor.java:164)
	at com.kms.katalon.core.main.TestSuiteExecutor.execute(TestSuiteExecutor.java:105)
	at com.kms.katalon.core.main.TestCaseMain.startTestSuite(TestCaseMain.java:181)
	at com.kms.katalon.core.main.TestCaseMain$startTestSuite$0.call(Unknown Source)
	at TempTestSuite1642288640577.run(TempTestSuite1642288640577.groovy:36)
Caused by: com.kms.katalon.core.webui.exception.WebElementNotFoundException: Web element with id: 'Object Repository/Page_Dashboard/a_January 2022' located by '//div[@id='month-mini-2022-1-1']/table/caption/span[2]/a' not found
	at com.kms.katalon.core.webui.common.WebUiCommonHelper.findWebElement(WebUiCommonHelper.java:1368)
	at com.kms.katalon.core.webui.keyword.internal.WebUIAbstractKeyword.findWebElement(WebUIAbstractKeyword.groovy:27)
	at com.kms.katalon.core.webui.keyword.builtin.ClickKeyword$_click_closure1.doCall(ClickKeyword.groovy:65)
	at com.kms.katalon.core.webui.keyword.builtin.ClickKeyword$_click_closure1.call(ClickKeyword.groovy)
	at com.kms.katalon.core.webui.keyword.internal.WebUIKeywordMain.runKeyword(WebUIKeywordMain.groovy:20)
	... 19 more
"/>
         <system-out><![CDATA[2022-01-16 07:11:12 - [TEST_CASE][FAILED] - Test Cases/test case 31: Test Cases/test case 31 FAILED.
Reason:
com.kms.katalon.core.exception.StepFailedException: Unable to click on object 'Object Repository/Page_Dashboard/a_January 2022'
	at com.kms.katalon.core.webui.keyword.internal.WebUIKeywordMain.stepFailed(WebUIKeywordMain.groovy:64)
	at com.kms.katalon.core.webui.keyword.internal.WebUIKeywordMain.runKeyword(WebUIKeywordMain.groovy:26)
	at com.kms.katalon.core.webui.keyword.builtin.ClickKeyword.click(ClickKeyword.groovy:74)
	at com.kms.katalon.core.webui.keyword.builtin.ClickKeyword.execute(ClickKeyword.groovy:40)
	at com.kms.katalon.core.keyword.internal.KeywordExecutor.executeKeywordForPlatform(KeywordExecutor.groovy:74)
	at com.kms.katalon.core.webui.keyword.WebUiBuiltInKeywords.click(WebUiBuiltInKeywords.groovy:620)
	at com.kms.katalon.core.webui.keyword.WebUiBuiltInKeywords$click$1.call(Unknown Source)
	at test case 31.run(test case 31:34)
	at com.kms.katalon.core.main.ScriptEngine.run(ScriptEngine.java:194)
	at com.kms.katalon.core.main.ScriptEngine.runScriptAsRawText(ScriptEngine.java:119)
	at com.kms.katalon.core.main.TestCaseExecutor.runScript(TestCaseExecutor.java:442)
	at com.kms.katalon.core.main.TestCaseExecutor.doExecute(TestCaseExecutor.java:433)
	at com.kms.katalon.core.main.TestCaseExecutor.processExecutionPhase(TestCaseExecutor.java:412)
	at com.kms.katalon.core.main.TestCaseExecutor.accessMainPhase(TestCaseExecutor.java:404)
	at com.kms.katalon.core.main.TestCaseExecutor.execute(TestCaseExecutor.java:281)
	at com.kms.katalon.core.main.TestSuiteExecutor.accessTestCaseMainPhase(TestSuiteExecutor.java:202)
	at com.kms.katalon.core.main.TestSuiteExecutor.accessTestSuiteMainPhase(TestSuiteExecutor.java:164)
	at com.kms.katalon.core.main.TestSuiteExecutor.execute(TestSuiteExecutor.java:105)
	at com.kms.katalon.core.main.TestCaseMain.startTestSuite(TestCaseMain.java:181)
	at com.kms.katalon.core.main.TestCaseMain$startTestSuite$0.call(Unknown Source)
	at TempTestSuite1642288640577.run(TempTestSuite1642288640577.groovy:36)
Caused by: com.kms.katalon.core.webui.exception.WebElementNotFoundException: Web element with id: 'Object Repository/Page_Dashboard/a_January 2022' located by '//div[@id='month-mini-2022-1-1']/table/caption/span[2]/a' not found
	at com.kms.katalon.core.webui.common.WebUiCommonHelper.findWebElement(WebUiCommonHelper.java:1368)
	at com.kms.katalon.core.webui.keyword.internal.WebUIAbstractKeyword.findWebElement(WebUIAbstractKeyword.groovy:27)
	at com.kms.katalon.core.webui.keyword.builtin.ClickKeyword$_click_closure1.doCall(ClickKeyword.groovy:65)
	at com.kms.katalon.core.webui.keyword.builtin.ClickKeyword$_click_closure1.call(ClickKeyword.groovy)
	at com.kms.katalon.core.webui.keyword.internal.WebUIKeywordMain.runKeyword(WebUIKeywordMain.groovy:20)
	... 19 more


2022-01-16 07:11:12 - [TEST_STEP][PASSED] - openBrowser(""): Browser is opened with url: ''

2022-01-16 07:11:12 - [MESSAGE][INFO] - Starting 'Chrome' driver

2022-01-16 07:11:12 - [MESSAGE][INFO] - Action delay is set to 0 milliseconds

2022-01-16 07:11:13 - [MESSAGE][PASSED] - Browser is opened with url: ''

2022-01-16 07:11:13 - [TEST_STEP][PASSED] - navigateToUrl("http://localhost/"): Navigate to 'http://localhost/' successfully

2022-01-16 07:11:15 - [MESSAGE][PASSED] - Navigate to 'http://localhost/' successfully

2022-01-16 07:11:15 - [TEST_STEP][PASSED] - click(findTestObject("Object Repository/Page_Moodle/a_Log in")): Object: 'Object Repository/Page_Moodle/a_Log in' is clicked on

2022-01-16 07:11:15 - [MESSAGE][PASSED] - Object: 'Object Repository/Page_Moodle/a_Log in' is clicked on

2022-01-16 07:11:15 - [TEST_STEP][PASSED] - setText(findTestObject("Object Repository/Page_Moodle Log in to the site/input_Username_username"), "nmthu"): Text 'nmthu' is set on object 'Object Repository/Page_Moodle Log in to the site/input_Username_username'

2022-01-16 07:11:16 - [MESSAGE][PASSED] - Text 'nmthu' is set on object 'Object Repository/Page_Moodle Log in to the site/input_Username_username'

2022-01-16 07:11:16 - [TEST_STEP][PASSED] - setEncryptedText(findTestObject("Object Repository/Page_Moodle Log in to the site/input_Password_password"), "zm/yZ1suVYniggK+4Jo9ew=="): Text ****** has been set on object 'Object Repository/Page_Moodle Log in to the site/input_Password_password'

2022-01-16 07:11:17 - [MESSAGE][PASSED] - Text ****** has been set on object 'Object Repository/Page_Moodle Log in to the site/input_Password_password'

2022-01-16 07:11:17 - [TEST_STEP][PASSED] - click(findTestObject("Object Repository/Page_Moodle Log in to the site/button_Log in")): Object: 'Object Repository/Page_Moodle Log in to the site/button_Log in' is clicked on

2022-01-16 07:11:18 - [MESSAGE][PASSED] - Object: 'Object Repository/Page_Moodle Log in to the site/button_Log in' is clicked on

2022-01-16 07:11:18 - [TEST_STEP][PASSED] - verifyElementVisible(findTestObject("Object Repository/Page_Dashboard/div_Calendar                               _78b00d")): Object 'Object Repository/Page_Dashboard/div_Calendar                               _78b00d' is visible

2022-01-16 07:11:49 - [MESSAGE][INFO] - Unable to find the element located by 'By.xpath: //section[@id='inst171']/div'. Please recheck the objects properties to make sure the desired element is located. 

2022-01-16 07:11:49 - [MESSAGE][WARNING] - [SELF-HEALING] Failed to find element with id 'Object Repository/Page_Dashboard/div_Calendar                               _78b00d'. Try using Self-healing.

2022-01-16 07:11:49 - [MESSAGE][WARNING] - [SELF-HEALING] The current locator of test object 'Object Repository/Page_Dashboard/div_Calendar                               _78b00d' was broken. Propose an alternative one: '(.//*[normalize-space(text()) and normalize-space(.)='You have no badges to display'])[1]/following::div[1]'.

2022-01-16 07:11:49 - [MESSAGE][PASSED] - Object 'Object Repository/Page_Dashboard/div_Calendar                               _78b00d' is visible

2022-01-16 07:11:49 - [TEST_STEP][FAILED] - click(findTestObject("Object Repository/Page_Dashboard/a_January 2022")): Unable to click on object 'Object Repository/Page_Dashboard/a_January 2022' (Root cause: com.kms.katalon.core.exception.StepFailedException: Unable to click on object 'Object Repository/Page_Dashboard/a_January 2022'
	at com.kms.katalon.core.webui.keyword.internal.WebUIKeywordMain.stepFailed(WebUIKeywordMain.groovy:64)
	at com.kms.katalon.core.webui.keyword.internal.WebUIKeywordMain.runKeyword(WebUIKeywordMain.groovy:26)
	at com.kms.katalon.core.webui.keyword.builtin.ClickKeyword.click(ClickKeyword.groovy:74)
	at com.kms.katalon.core.webui.keyword.builtin.ClickKeyword.execute(ClickKeyword.groovy:40)
	at com.kms.katalon.core.keyword.internal.KeywordExecutor.executeKeywordForPlatform(KeywordExecutor.groovy:74)
	at com.kms.katalon.core.webui.keyword.WebUiBuiltInKeywords.click(WebUiBuiltInKeywords.groovy:620)
	at com.kms.katalon.core.webui.keyword.WebUiBuiltInKeywords$click$1.call(Unknown Source)
	at test case 31.run(test case 31:34)
	at com.kms.katalon.core.main.ScriptEngine.run(ScriptEngine.java:194)
	at com.kms.katalon.core.main.ScriptEngine.runScriptAsRawText(ScriptEngine.java:119)
	at com.kms.katalon.core.main.TestCaseExecutor.runScript(TestCaseExecutor.java:442)
	at com.kms.katalon.core.main.TestCaseExecutor.doExecute(TestCaseExecutor.java:433)
	at com.kms.katalon.core.main.TestCaseExecutor.processExecutionPhase(TestCaseExecutor.java:412)
	at com.kms.katalon.core.main.TestCaseExecutor.accessMainPhase(TestCaseExecutor.java:404)
	at com.kms.katalon.core.main.TestCaseExecutor.execute(TestCaseExecutor.java:281)
	at com.kms.katalon.core.main.TestSuiteExecutor.accessTestCaseMainPhase(TestSuiteExecutor.java:202)
	at com.kms.katalon.core.main.TestSuiteExecutor.accessTestSuiteMainPhase(TestSuiteExecutor.java:164)
	at com.kms.katalon.core.main.TestSuiteExecutor.execute(TestSuiteExecutor.java:105)
	at com.kms.katalon.core.main.TestCaseMain.startTestSuite(TestCaseMain.java:181)
	at com.kms.katalon.core.main.TestCaseMain$startTestSuite$0.call(Unknown Source)
	at TempTestSuite1642288640577.run(TempTestSuite1642288640577.groovy:36)
Caused by: com.kms.katalon.core.webui.exception.WebElementNotFoundException: Web element with id: 'Object Repository/Page_Dashboard/a_January 2022' located by '//div[@id='month-mini-2022-1-1']/table/caption/span[2]/a' not found
	at com.kms.katalon.core.webui.common.WebUiCommonHelper.findWebElement(WebUiCommonHelper.java:1368)
	at com.kms.katalon.core.webui.keyword.internal.WebUIAbstractKeyword.findWebElement(WebUIAbstractKeyword.groovy:27)
	at com.kms.katalon.core.webui.keyword.builtin.ClickKeyword$_click_closure1.doCall(ClickKeyword.groovy:65)
	at com.kms.katalon.core.webui.keyword.builtin.ClickKeyword$_click_closure1.call(ClickKeyword.groovy)
	at com.kms.katalon.core.webui.keyword.internal.WebUIKeywordMain.runKeyword(WebUIKeywordMain.groovy:20)
	at com.kms.katalon.core.webui.keyword.builtin.ClickKeyword.click(ClickKeyword.groovy:74)
	at com.kms.katalon.core.webui.keyword.builtin.ClickKeyword.execute(ClickKeyword.groovy:40)
	at com.kms.katalon.core.keyword.internal.KeywordExecutor.executeKeywordForPlatform(KeywordExecutor.groovy:74)
	at com.kms.katalon.core.webui.keyword.WebUiBuiltInKeywords.click(WebUiBuiltInKeywords.groovy:620)
	at com.kms.katalon.core.webui.keyword.WebUiBuiltInKeywords$click$1.call(Unknown Source)
	at Script1642162911472.run(Script1642162911472.groovy:34)
	... 13 more
)

2022-01-16 07:12:20 - [MESSAGE][INFO] - Unable to find the element located by 'By.xpath: //div[@id='month-mini-2022-1-1']/table/caption/span[2]/a'. Please recheck the objects properties to make sure the desired element is located. 

2022-01-16 07:12:20 - [MESSAGE][WARNING] - [SELF-HEALING] Failed to find element with id 'Object Repository/Page_Dashboard/a_January 2022'. Try using Self-healing.

2022-01-16 07:12:21 - [MESSAGE][INFO] - Unable to find the element located by 'By.xpath: //a[contains(text(),'January 2022')]'. Please recheck the objects properties to make sure the desired element is located. 

2022-01-16 07:12:22 - [MESSAGE][INFO] - [SELF-HEALING] Failed Locator: '//div[@id='month-mini-2022-1-1']/table/caption/span[2]/a'.

2022-01-16 07:12:22 - [MESSAGE][INFO] - [SELF-HEALING] Failed Locator: '//a[contains(text(),'January 2022')]'.

2022-01-16 07:12:22 - [MESSAGE][INFO] - [SELF-HEALING] Failed Locator: '(.//*[normalize-space(text()) and normalize-space(.)='|'])[1]/following::a[1]'.

2022-01-16 07:12:22 - [MESSAGE][INFO] - [SELF-HEALING] Failed Locator: '(.//*[normalize-space(text()) and normalize-space(.)='◄'])[1]/following::a[1]'.

2022-01-16 07:12:23 - [MESSAGE][INFO] - [SELF-HEALING] Failed Locator: '(.//*[normalize-space(text()) and normalize-space(.)='|'])[2]/preceding::a[1]'.

2022-01-16 07:12:23 - [MESSAGE][INFO] - [SELF-HEALING] Failed Locator: '(.//*[normalize-space(text()) and normalize-space(.)='►'])[1]/preceding::a[1]'.

2022-01-16 07:12:23 - [MESSAGE][INFO] - [SELF-HEALING] Failed Locator: '//*/text()[normalize-space(.)='January 2022']/parent::*'.

2022-01-16 07:12:24 - [MESSAGE][INFO] - [SELF-HEALING] Failed Locator: '//a[@href='http://localhost/calendar/view.php?view=month&time=1642266000']'.

2022-01-16 07:12:24 - [MESSAGE][INFO] - [SELF-HEALING] Failed Locator: '//span[2]/a'.

2022-01-16 07:12:24 - [MESSAGE][INFO] - [SELF-HEALING] Failed Locator: '//a[@href='http://localhost/calendar/view.php?view=month&time=1642179600']'.

2022-01-16 07:12:24 - [MESSAGE][INFO] - [SELF-HEALING] Failed Locator: '//a[@href='http://localhost/calendar/view.php?view=month&time=1642093200']'.

2022-01-16 07:12:25 - [MESSAGE][INFO] - [SELF-HEALING] Failed Locator: '//div[@id='month-mini-2022-1-3']/table/caption/span[2]/a'.

2022-01-16 07:12:26 - [MESSAGE][INFO] - Unable to find the element located by 'By.xpath: //*[@href = 'http://localhost/calendar/view.php?view=month&time=1642266000' and @title = 'This month' and (text() = 'January 2022' or . = 'January 2022')]'. Please recheck the objects properties to make sure the desired element is located. 

2022-01-16 07:12:27 - [MESSAGE][INFO] - Unable to find the element located by 'By.cssSelector: a[title="This month"]'. Please recheck the objects properties to make sure the desired element is located. 

2022-01-16 07:12:27 - [MESSAGE][FAILED] - Unable to click on object 'Object Repository/Page_Dashboard/a_January 2022' (Root cause: com.kms.katalon.core.exception.StepFailedException: Unable to click on object 'Object Repository/Page_Dashboard/a_January 2022'
	at com.kms.katalon.core.webui.keyword.internal.WebUIKeywordMain.stepFailed(WebUIKeywordMain.groovy:64)
	at com.kms.katalon.core.webui.keyword.internal.WebUIKeywordMain.runKeyword(WebUIKeywordMain.groovy:26)
	at com.kms.katalon.core.webui.keyword.builtin.ClickKeyword.click(ClickKeyword.groovy:74)
	at com.kms.katalon.core.webui.keyword.builtin.ClickKeyword.execute(ClickKeyword.groovy:40)
	at com.kms.katalon.core.keyword.internal.KeywordExecutor.executeKeywordForPlatform(KeywordExecutor.groovy:74)
	at com.kms.katalon.core.webui.keyword.WebUiBuiltInKeywords.click(WebUiBuiltInKeywords.groovy:620)
	at com.kms.katalon.core.webui.keyword.WebUiBuiltInKeywords$click$1.call(Unknown Source)
	at test case 31.run(test case 31:34)
	at com.kms.katalon.core.main.ScriptEngine.run(ScriptEngine.java:194)
	at com.kms.katalon.core.main.ScriptEngine.runScriptAsRawText(ScriptEngine.java:119)
	at com.kms.katalon.core.main.TestCaseExecutor.runScript(TestCaseExecutor.java:442)
	at com.kms.katalon.core.main.TestCaseExecutor.doExecute(TestCaseExecutor.java:433)
	at com.kms.katalon.core.main.TestCaseExecutor.processExecutionPhase(TestCaseExecutor.java:412)
	at com.kms.katalon.core.main.TestCaseExecutor.accessMainPhase(TestCaseExecutor.java:404)
	at com.kms.katalon.core.main.TestCaseExecutor.execute(TestCaseExecutor.java:281)
	at com.kms.katalon.core.main.TestSuiteExecutor.accessTestCaseMainPhase(TestSuiteExecutor.java:202)
	at com.kms.katalon.core.main.TestSuiteExecutor.accessTestSuiteMainPhase(TestSuiteExecutor.java:164)
	at com.kms.katalon.core.main.TestSuiteExecutor.execute(TestSuiteExecutor.java:105)
	at com.kms.katalon.core.main.TestCaseMain.startTestSuite(TestCaseMain.java:181)
	at com.kms.katalon.core.main.TestCaseMain$startTestSuite$0.call(Unknown Source)
	at TempTestSuite1642288640577.run(TempTestSuite1642288640577.groovy:36)
Caused by: com.kms.katalon.core.webui.exception.WebElementNotFoundException: Web element with id: 'Object Repository/Page_Dashboard/a_January 2022' located by '//div[@id='month-mini-2022-1-1']/table/caption/span[2]/a' not found
	at com.kms.katalon.core.webui.common.WebUiCommonHelper.findWebElement(WebUiCommonHelper.java:1368)
	at com.kms.katalon.core.webui.keyword.internal.WebUIAbstractKeyword.findWebElement(WebUIAbstractKeyword.groovy:27)
	at com.kms.katalon.core.webui.keyword.builtin.ClickKeyword$_click_closure1.doCall(ClickKeyword.groovy:65)
	at com.kms.katalon.core.webui.keyword.builtin.ClickKeyword$_click_closure1.call(ClickKeyword.groovy)
	at com.kms.katalon.core.webui.keyword.internal.WebUIKeywordMain.runKeyword(WebUIKeywordMain.groovy:20)
	at com.kms.katalon.core.webui.keyword.builtin.ClickKeyword.click(ClickKeyword.groovy:74)
	at com.kms.katalon.core.webui.keyword.builtin.ClickKeyword.execute(ClickKeyword.groovy:40)
	at com.kms.katalon.core.keyword.internal.KeywordExecutor.executeKeywordForPlatform(KeywordExecutor.groovy:74)
	at com.kms.katalon.core.webui.keyword.WebUiBuiltInKeywords.click(WebUiBuiltInKeywords.groovy:620)
	at com.kms.katalon.core.webui.keyword.WebUiBuiltInKeywords$click$1.call(Unknown Source)
	at Script1642162911472.run(Script1642162911472.groovy:34)
	... 13 more
)
[[ATTACHMENT|D:\\Test-Automation-SE-Bonus\\Test-Automation-SE-Bonus\\Reports\\20220116_061720\\Run all test cases\\20220116_061720\\1642291947255.png]]]]></system-out>
         <system-err><![CDATA[2022-01-16 07:11:12 - [TEST_CASE][FAILED] - Test Cases/test case 31: Test Cases/test case 31 FAILED.
Reason:
com.kms.katalon.core.exception.StepFailedException: Unable to click on object 'Object Repository/Page_Dashboard/a_January 2022'
	at com.kms.katalon.core.webui.keyword.internal.WebUIKeywordMain.stepFailed(WebUIKeywordMain.groovy:64)
	at com.kms.katalon.core.webui.keyword.internal.WebUIKeywordMain.runKeyword(WebUIKeywordMain.groovy:26)
	at com.kms.katalon.core.webui.keyword.builtin.ClickKeyword.click(ClickKeyword.groovy:74)
	at com.kms.katalon.core.webui.keyword.builtin.ClickKeyword.execute(ClickKeyword.groovy:40)
	at com.kms.katalon.core.keyword.internal.KeywordExecutor.executeKeywordForPlatform(KeywordExecutor.groovy:74)
	at com.kms.katalon.core.webui.keyword.WebUiBuiltInKeywords.click(WebUiBuiltInKeywords.groovy:620)
	at com.kms.katalon.core.webui.keyword.WebUiBuiltInKeywords$click$1.call(Unknown Source)
	at test case 31.run(test case 31:34)
	at com.kms.katalon.core.main.ScriptEngine.run(ScriptEngine.java:194)
	at com.kms.katalon.core.main.ScriptEngine.runScriptAsRawText(ScriptEngine.java:119)
	at com.kms.katalon.core.main.TestCaseExecutor.runScript(TestCaseExecutor.java:442)
	at com.kms.katalon.core.main.TestCaseExecutor.doExecute(TestCaseExecutor.java:433)
	at com.kms.katalon.core.main.TestCaseExecutor.processExecutionPhase(TestCaseExecutor.java:412)
	at com.kms.katalon.core.main.TestCaseExecutor.accessMainPhase(TestCaseExecutor.java:404)
	at com.kms.katalon.core.main.TestCaseExecutor.execute(TestCaseExecutor.java:281)
	at com.kms.katalon.core.main.TestSuiteExecutor.accessTestCaseMainPhase(TestSuiteExecutor.java:202)
	at com.kms.katalon.core.main.TestSuiteExecutor.accessTestSuiteMainPhase(TestSuiteExecutor.java:164)
	at com.kms.katalon.core.main.TestSuiteExecutor.execute(TestSuiteExecutor.java:105)
	at com.kms.katalon.core.main.TestCaseMain.startTestSuite(TestCaseMain.java:181)
	at com.kms.katalon.core.main.TestCaseMain$startTestSuite$0.call(Unknown Source)
	at TempTestSuite1642288640577.run(TempTestSuite1642288640577.groovy:36)
Caused by: com.kms.katalon.core.webui.exception.WebElementNotFoundException: Web element with id: 'Object Repository/Page_Dashboard/a_January 2022' located by '//div[@id='month-mini-2022-1-1']/table/caption/span[2]/a' not found
	at com.kms.katalon.core.webui.common.WebUiCommonHelper.findWebElement(WebUiCommonHelper.java:1368)
	at com.kms.katalon.core.webui.keyword.internal.WebUIAbstractKeyword.findWebElement(WebUIAbstractKeyword.groovy:27)
	at com.kms.katalon.core.webui.keyword.builtin.ClickKeyword$_click_closure1.doCall(ClickKeyword.groovy:65)
	at com.kms.katalon.core.webui.keyword.builtin.ClickKeyword$_click_closure1.call(ClickKeyword.groovy)
	at com.kms.katalon.core.webui.keyword.internal.WebUIKeywordMain.runKeyword(WebUIKeywordMain.groovy:20)
	... 19 more]]></system-err>
      </testcase>
      <testcase name="Test Cases/test case 32" time="75.111" classname="Test Cases/test case 32" status="FAILED">
         <failure type="FAILED" message="Test Cases/test case 32 FAILED.
Reason:
com.kms.katalon.core.exception.StepFailedException: Unable to click on object 'Object Repository/Page_Dashboard/a_January 2022'
	at com.kms.katalon.core.webui.keyword.internal.WebUIKeywordMain.stepFailed(WebUIKeywordMain.groovy:64)
	at com.kms.katalon.core.webui.keyword.internal.WebUIKeywordMain.runKeyword(WebUIKeywordMain.groovy:26)
	at com.kms.katalon.core.webui.keyword.builtin.ClickKeyword.click(ClickKeyword.groovy:74)
	at com.kms.katalon.core.webui.keyword.builtin.ClickKeyword.execute(ClickKeyword.groovy:40)
	at com.kms.katalon.core.keyword.internal.KeywordExecutor.executeKeywordForPlatform(KeywordExecutor.groovy:74)
	at com.kms.katalon.core.webui.keyword.WebUiBuiltInKeywords.click(WebUiBuiltInKeywords.groovy:620)
	at com.kms.katalon.core.webui.keyword.WebUiBuiltInKeywords$click$1.call(Unknown Source)
	at test case 32.run(test case 32:34)
	at com.kms.katalon.core.main.ScriptEngine.run(ScriptEngine.java:194)
	at com.kms.katalon.core.main.ScriptEngine.runScriptAsRawText(ScriptEngine.java:119)
	at com.kms.katalon.core.main.TestCaseExecutor.runScript(TestCaseExecutor.java:442)
	at com.kms.katalon.core.main.TestCaseExecutor.doExecute(TestCaseExecutor.java:433)
	at com.kms.katalon.core.main.TestCaseExecutor.processExecutionPhase(TestCaseExecutor.java:412)
	at com.kms.katalon.core.main.TestCaseExecutor.accessMainPhase(TestCaseExecutor.java:404)
	at com.kms.katalon.core.main.TestCaseExecutor.execute(TestCaseExecutor.java:281)
	at com.kms.katalon.core.main.TestSuiteExecutor.accessTestCaseMainPhase(TestSuiteExecutor.java:202)
	at com.kms.katalon.core.main.TestSuiteExecutor.accessTestSuiteMainPhase(TestSuiteExecutor.java:164)
	at com.kms.katalon.core.main.TestSuiteExecutor.execute(TestSuiteExecutor.java:105)
	at com.kms.katalon.core.main.TestCaseMain.startTestSuite(TestCaseMain.java:181)
	at com.kms.katalon.core.main.TestCaseMain$startTestSuite$0.call(Unknown Source)
	at TempTestSuite1642288640577.run(TempTestSuite1642288640577.groovy:36)
Caused by: com.kms.katalon.core.webui.exception.WebElementNotFoundException: Web element with id: 'Object Repository/Page_Dashboard/a_January 2022' located by '//div[@id='month-mini-2022-1-1']/table/caption/span[2]/a' not found
	at com.kms.katalon.core.webui.common.WebUiCommonHelper.findWebElement(WebUiCommonHelper.java:1368)
	at com.kms.katalon.core.webui.keyword.internal.WebUIAbstractKeyword.findWebElement(WebUIAbstractKeyword.groovy:27)
	at com.kms.katalon.core.webui.keyword.builtin.ClickKeyword$_click_closure1.doCall(ClickKeyword.groovy:65)
	at com.kms.katalon.core.webui.keyword.builtin.ClickKeyword$_click_closure1.call(ClickKeyword.groovy)
	at com.kms.katalon.core.webui.keyword.internal.WebUIKeywordMain.runKeyword(WebUIKeywordMain.groovy:20)
	... 19 more
"/>
         <system-out><![CDATA[2022-01-16 07:12:27 - [TEST_CASE][FAILED] - Test Cases/test case 32: Test Cases/test case 32 FAILED.
Reason:
com.kms.katalon.core.exception.StepFailedException: Unable to click on object 'Object Repository/Page_Dashboard/a_January 2022'
	at com.kms.katalon.core.webui.keyword.internal.WebUIKeywordMain.stepFailed(WebUIKeywordMain.groovy:64)
	at com.kms.katalon.core.webui.keyword.internal.WebUIKeywordMain.runKeyword(WebUIKeywordMain.groovy:26)
	at com.kms.katalon.core.webui.keyword.builtin.ClickKeyword.click(ClickKeyword.groovy:74)
	at com.kms.katalon.core.webui.keyword.builtin.ClickKeyword.execute(ClickKeyword.groovy:40)
	at com.kms.katalon.core.keyword.internal.KeywordExecutor.executeKeywordForPlatform(KeywordExecutor.groovy:74)
	at com.kms.katalon.core.webui.keyword.WebUiBuiltInKeywords.click(WebUiBuiltInKeywords.groovy:620)
	at com.kms.katalon.core.webui.keyword.WebUiBuiltInKeywords$click$1.call(Unknown Source)
	at test case 32.run(test case 32:34)
	at com.kms.katalon.core.main.ScriptEngine.run(ScriptEngine.java:194)
	at com.kms.katalon.core.main.ScriptEngine.runScriptAsRawText(ScriptEngine.java:119)
	at com.kms.katalon.core.main.TestCaseExecutor.runScript(TestCaseExecutor.java:442)
	at com.kms.katalon.core.main.TestCaseExecutor.doExecute(TestCaseExecutor.java:433)
	at com.kms.katalon.core.main.TestCaseExecutor.processExecutionPhase(TestCaseExecutor.java:412)
	at com.kms.katalon.core.main.TestCaseExecutor.accessMainPhase(TestCaseExecutor.java:404)
	at com.kms.katalon.core.main.TestCaseExecutor.execute(TestCaseExecutor.java:281)
	at com.kms.katalon.core.main.TestSuiteExecutor.accessTestCaseMainPhase(TestSuiteExecutor.java:202)
	at com.kms.katalon.core.main.TestSuiteExecutor.accessTestSuiteMainPhase(TestSuiteExecutor.java:164)
	at com.kms.katalon.core.main.TestSuiteExecutor.execute(TestSuiteExecutor.java:105)
	at com.kms.katalon.core.main.TestCaseMain.startTestSuite(TestCaseMain.java:181)
	at com.kms.katalon.core.main.TestCaseMain$startTestSuite$0.call(Unknown Source)
	at TempTestSuite1642288640577.run(TempTestSuite1642288640577.groovy:36)
Caused by: com.kms.katalon.core.webui.exception.WebElementNotFoundException: Web element with id: 'Object Repository/Page_Dashboard/a_January 2022' located by '//div[@id='month-mini-2022-1-1']/table/caption/span[2]/a' not found
	at com.kms.katalon.core.webui.common.WebUiCommonHelper.findWebElement(WebUiCommonHelper.java:1368)
	at com.kms.katalon.core.webui.keyword.internal.WebUIAbstractKeyword.findWebElement(WebUIAbstractKeyword.groovy:27)
	at com.kms.katalon.core.webui.keyword.builtin.ClickKeyword$_click_closure1.doCall(ClickKeyword.groovy:65)
	at com.kms.katalon.core.webui.keyword.builtin.ClickKeyword$_click_closure1.call(ClickKeyword.groovy)
	at com.kms.katalon.core.webui.keyword.internal.WebUIKeywordMain.runKeyword(WebUIKeywordMain.groovy:20)
	... 19 more


2022-01-16 07:12:27 - [TEST_STEP][PASSED] - openBrowser(""): Browser is opened with url: ''

2022-01-16 07:12:27 - [MESSAGE][WARNING] - A browser is already opened. Closing browser and opening a new one

2022-01-16 07:12:28 - [MESSAGE][INFO] - Starting 'Chrome' driver

2022-01-16 07:12:28 - [MESSAGE][INFO] - Action delay is set to 0 milliseconds

2022-01-16 07:12:29 - [MESSAGE][PASSED] - Browser is opened with url: ''

2022-01-16 07:12:29 - [TEST_STEP][PASSED] - navigateToUrl("http://localhost/"): Navigate to 'http://localhost/' successfully

2022-01-16 07:12:30 - [MESSAGE][PASSED] - Navigate to 'http://localhost/' successfully

2022-01-16 07:12:30 - [TEST_STEP][PASSED] - click(findTestObject("Object Repository/Page_Moodle/a_Log in")): Object: 'Object Repository/Page_Moodle/a_Log in' is clicked on

2022-01-16 07:12:31 - [MESSAGE][PASSED] - Object: 'Object Repository/Page_Moodle/a_Log in' is clicked on

2022-01-16 07:12:31 - [TEST_STEP][PASSED] - setText(findTestObject("Object Repository/Page_Moodle Log in to the site/input_Username_username"), "nmthu"): Text 'nmthu' is set on object 'Object Repository/Page_Moodle Log in to the site/input_Username_username'

2022-01-16 07:12:32 - [MESSAGE][PASSED] - Text 'nmthu' is set on object 'Object Repository/Page_Moodle Log in to the site/input_Username_username'

2022-01-16 07:12:32 - [TEST_STEP][PASSED] - setEncryptedText(findTestObject("Object Repository/Page_Moodle Log in to the site/input_Password_password"), "zm/yZ1suVYniggK+4Jo9ew=="): Text ****** has been set on object 'Object Repository/Page_Moodle Log in to the site/input_Password_password'

2022-01-16 07:12:32 - [MESSAGE][PASSED] - Text ****** has been set on object 'Object Repository/Page_Moodle Log in to the site/input_Password_password'

2022-01-16 07:12:32 - [TEST_STEP][PASSED] - click(findTestObject("Object Repository/Page_Moodle Log in to the site/button_Log in")): Object: 'Object Repository/Page_Moodle Log in to the site/button_Log in' is clicked on

2022-01-16 07:12:33 - [MESSAGE][PASSED] - Object: 'Object Repository/Page_Moodle Log in to the site/button_Log in' is clicked on

2022-01-16 07:12:33 - [TEST_STEP][PASSED] - verifyElementVisible(findTestObject("Object Repository/Page_Dashboard/div_Calendar                               _78b00d")): Object 'Object Repository/Page_Dashboard/div_Calendar                               _78b00d' is visible

2022-01-16 07:13:04 - [MESSAGE][INFO] - Unable to find the element located by 'By.xpath: //section[@id='inst171']/div'. Please recheck the objects properties to make sure the desired element is located. 

2022-01-16 07:13:04 - [MESSAGE][WARNING] - [SELF-HEALING] Failed to find element with id 'Object Repository/Page_Dashboard/div_Calendar                               _78b00d'. Try using Self-healing.

2022-01-16 07:13:04 - [MESSAGE][WARNING] - [SELF-HEALING] The current locator of test object 'Object Repository/Page_Dashboard/div_Calendar                               _78b00d' was broken. Propose an alternative one: '(.//*[normalize-space(text()) and normalize-space(.)='You have no badges to display'])[1]/following::div[1]'.

2022-01-16 07:13:04 - [MESSAGE][PASSED] - Object 'Object Repository/Page_Dashboard/div_Calendar                               _78b00d' is visible

2022-01-16 07:13:04 - [TEST_STEP][FAILED] - click(findTestObject("Object Repository/Page_Dashboard/a_January 2022")): Unable to click on object 'Object Repository/Page_Dashboard/a_January 2022' (Root cause: com.kms.katalon.core.exception.StepFailedException: Unable to click on object 'Object Repository/Page_Dashboard/a_January 2022'
	at com.kms.katalon.core.webui.keyword.internal.WebUIKeywordMain.stepFailed(WebUIKeywordMain.groovy:64)
	at com.kms.katalon.core.webui.keyword.internal.WebUIKeywordMain.runKeyword(WebUIKeywordMain.groovy:26)
	at com.kms.katalon.core.webui.keyword.builtin.ClickKeyword.click(ClickKeyword.groovy:74)
	at com.kms.katalon.core.webui.keyword.builtin.ClickKeyword.execute(ClickKeyword.groovy:40)
	at com.kms.katalon.core.keyword.internal.KeywordExecutor.executeKeywordForPlatform(KeywordExecutor.groovy:74)
	at com.kms.katalon.core.webui.keyword.WebUiBuiltInKeywords.click(WebUiBuiltInKeywords.groovy:620)
	at com.kms.katalon.core.webui.keyword.WebUiBuiltInKeywords$click$1.call(Unknown Source)
	at test case 32.run(test case 32:34)
	at com.kms.katalon.core.main.ScriptEngine.run(ScriptEngine.java:194)
	at com.kms.katalon.core.main.ScriptEngine.runScriptAsRawText(ScriptEngine.java:119)
	at com.kms.katalon.core.main.TestCaseExecutor.runScript(TestCaseExecutor.java:442)
	at com.kms.katalon.core.main.TestCaseExecutor.doExecute(TestCaseExecutor.java:433)
	at com.kms.katalon.core.main.TestCaseExecutor.processExecutionPhase(TestCaseExecutor.java:412)
	at com.kms.katalon.core.main.TestCaseExecutor.accessMainPhase(TestCaseExecutor.java:404)
	at com.kms.katalon.core.main.TestCaseExecutor.execute(TestCaseExecutor.java:281)
	at com.kms.katalon.core.main.TestSuiteExecutor.accessTestCaseMainPhase(TestSuiteExecutor.java:202)
	at com.kms.katalon.core.main.TestSuiteExecutor.accessTestSuiteMainPhase(TestSuiteExecutor.java:164)
	at com.kms.katalon.core.main.TestSuiteExecutor.execute(TestSuiteExecutor.java:105)
	at com.kms.katalon.core.main.TestCaseMain.startTestSuite(TestCaseMain.java:181)
	at com.kms.katalon.core.main.TestCaseMain$startTestSuite$0.call(Unknown Source)
	at TempTestSuite1642288640577.run(TempTestSuite1642288640577.groovy:36)
Caused by: com.kms.katalon.core.webui.exception.WebElementNotFoundException: Web element with id: 'Object Repository/Page_Dashboard/a_January 2022' located by '//div[@id='month-mini-2022-1-1']/table/caption/span[2]/a' not found
	at com.kms.katalon.core.webui.common.WebUiCommonHelper.findWebElement(WebUiCommonHelper.java:1368)
	at com.kms.katalon.core.webui.keyword.internal.WebUIAbstractKeyword.findWebElement(WebUIAbstractKeyword.groovy:27)
	at com.kms.katalon.core.webui.keyword.builtin.ClickKeyword$_click_closure1.doCall(ClickKeyword.groovy:65)
	at com.kms.katalon.core.webui.keyword.builtin.ClickKeyword$_click_closure1.call(ClickKeyword.groovy)
	at com.kms.katalon.core.webui.keyword.internal.WebUIKeywordMain.runKeyword(WebUIKeywordMain.groovy:20)
	at com.kms.katalon.core.webui.keyword.builtin.ClickKeyword.click(ClickKeyword.groovy:74)
	at com.kms.katalon.core.webui.keyword.builtin.ClickKeyword.execute(ClickKeyword.groovy:40)
	at com.kms.katalon.core.keyword.internal.KeywordExecutor.executeKeywordForPlatform(KeywordExecutor.groovy:74)
	at com.kms.katalon.core.webui.keyword.WebUiBuiltInKeywords.click(WebUiBuiltInKeywords.groovy:620)
	at com.kms.katalon.core.webui.keyword.WebUiBuiltInKeywords$click$1.call(Unknown Source)
	at Script1642163262723.run(Script1642163262723.groovy:34)
	... 13 more
)

2022-01-16 07:13:36 - [MESSAGE][INFO] - Unable to find the element located by 'By.xpath: //div[@id='month-mini-2022-1-1']/table/caption/span[2]/a'. Please recheck the objects properties to make sure the desired element is located. 

2022-01-16 07:13:36 - [MESSAGE][WARNING] - [SELF-HEALING] Failed to find element with id 'Object Repository/Page_Dashboard/a_January 2022'. Try using Self-healing.

2022-01-16 07:13:37 - [MESSAGE][INFO] - Unable to find the element located by 'By.xpath: //a[contains(text(),'January 2022')]'. Please recheck the objects properties to make sure the desired element is located. 

2022-01-16 07:13:37 - [MESSAGE][INFO] - [SELF-HEALING] Failed Locator: '//div[@id='month-mini-2022-1-1']/table/caption/span[2]/a'.

2022-01-16 07:13:37 - [MESSAGE][INFO] - [SELF-HEALING] Failed Locator: '//a[contains(text(),'January 2022')]'.

2022-01-16 07:13:37 - [MESSAGE][INFO] - [SELF-HEALING] Failed Locator: '(.//*[normalize-space(text()) and normalize-space(.)='|'])[1]/following::a[1]'.

2022-01-16 07:13:38 - [MESSAGE][INFO] - [SELF-HEALING] Failed Locator: '(.//*[normalize-space(text()) and normalize-space(.)='◄'])[1]/following::a[1]'.

2022-01-16 07:13:38 - [MESSAGE][INFO] - [SELF-HEALING] Failed Locator: '(.//*[normalize-space(text()) and normalize-space(.)='|'])[2]/preceding::a[1]'.

2022-01-16 07:13:38 - [MESSAGE][INFO] - [SELF-HEALING] Failed Locator: '(.//*[normalize-space(text()) and normalize-space(.)='►'])[1]/preceding::a[1]'.

2022-01-16 07:13:38 - [MESSAGE][INFO] - [SELF-HEALING] Failed Locator: '//*/text()[normalize-space(.)='January 2022']/parent::*'.

2022-01-16 07:13:39 - [MESSAGE][INFO] - [SELF-HEALING] Failed Locator: '//a[@href='http://localhost/calendar/view.php?view=month&time=1642266000']'.

2022-01-16 07:13:39 - [MESSAGE][INFO] - [SELF-HEALING] Failed Locator: '//span[2]/a'.

2022-01-16 07:13:39 - [MESSAGE][INFO] - [SELF-HEALING] Failed Locator: '//a[@href='http://localhost/calendar/view.php?view=month&time=1642179600']'.

2022-01-16 07:13:40 - [MESSAGE][INFO] - [SELF-HEALING] Failed Locator: '//a[@href='http://localhost/calendar/view.php?view=month&time=1642093200']'.

2022-01-16 07:13:40 - [MESSAGE][INFO] - [SELF-HEALING] Failed Locator: '//div[@id='month-mini-2022-1-3']/table/caption/span[2]/a'.

2022-01-16 07:13:41 - [MESSAGE][INFO] - Unable to find the element located by 'By.xpath: //*[@href = 'http://localhost/calendar/view.php?view=month&time=1642266000' and @title = 'This month' and (text() = 'January 2022' or . = 'January 2022')]'. Please recheck the objects properties to make sure the desired element is located. 

2022-01-16 07:13:42 - [MESSAGE][INFO] - Unable to find the element located by 'By.cssSelector: a[title="This month"]'. Please recheck the objects properties to make sure the desired element is located. 

2022-01-16 07:13:42 - [MESSAGE][FAILED] - Unable to click on object 'Object Repository/Page_Dashboard/a_January 2022' (Root cause: com.kms.katalon.core.exception.StepFailedException: Unable to click on object 'Object Repository/Page_Dashboard/a_January 2022'
	at com.kms.katalon.core.webui.keyword.internal.WebUIKeywordMain.stepFailed(WebUIKeywordMain.groovy:64)
	at com.kms.katalon.core.webui.keyword.internal.WebUIKeywordMain.runKeyword(WebUIKeywordMain.groovy:26)
	at com.kms.katalon.core.webui.keyword.builtin.ClickKeyword.click(ClickKeyword.groovy:74)
	at com.kms.katalon.core.webui.keyword.builtin.ClickKeyword.execute(ClickKeyword.groovy:40)
	at com.kms.katalon.core.keyword.internal.KeywordExecutor.executeKeywordForPlatform(KeywordExecutor.groovy:74)
	at com.kms.katalon.core.webui.keyword.WebUiBuiltInKeywords.click(WebUiBuiltInKeywords.groovy:620)
	at com.kms.katalon.core.webui.keyword.WebUiBuiltInKeywords$click$1.call(Unknown Source)
	at test case 32.run(test case 32:34)
	at com.kms.katalon.core.main.ScriptEngine.run(ScriptEngine.java:194)
	at com.kms.katalon.core.main.ScriptEngine.runScriptAsRawText(ScriptEngine.java:119)
	at com.kms.katalon.core.main.TestCaseExecutor.runScript(TestCaseExecutor.java:442)
	at com.kms.katalon.core.main.TestCaseExecutor.doExecute(TestCaseExecutor.java:433)
	at com.kms.katalon.core.main.TestCaseExecutor.processExecutionPhase(TestCaseExecutor.java:412)
	at com.kms.katalon.core.main.TestCaseExecutor.accessMainPhase(TestCaseExecutor.java:404)
	at com.kms.katalon.core.main.TestCaseExecutor.execute(TestCaseExecutor.java:281)
	at com.kms.katalon.core.main.TestSuiteExecutor.accessTestCaseMainPhase(TestSuiteExecutor.java:202)
	at com.kms.katalon.core.main.TestSuiteExecutor.accessTestSuiteMainPhase(TestSuiteExecutor.java:164)
	at com.kms.katalon.core.main.TestSuiteExecutor.execute(TestSuiteExecutor.java:105)
	at com.kms.katalon.core.main.TestCaseMain.startTestSuite(TestCaseMain.java:181)
	at com.kms.katalon.core.main.TestCaseMain$startTestSuite$0.call(Unknown Source)
	at TempTestSuite1642288640577.run(TempTestSuite1642288640577.groovy:36)
Caused by: com.kms.katalon.core.webui.exception.WebElementNotFoundException: Web element with id: 'Object Repository/Page_Dashboard/a_January 2022' located by '//div[@id='month-mini-2022-1-1']/table/caption/span[2]/a' not found
	at com.kms.katalon.core.webui.common.WebUiCommonHelper.findWebElement(WebUiCommonHelper.java:1368)
	at com.kms.katalon.core.webui.keyword.internal.WebUIAbstractKeyword.findWebElement(WebUIAbstractKeyword.groovy:27)
	at com.kms.katalon.core.webui.keyword.builtin.ClickKeyword$_click_closure1.doCall(ClickKeyword.groovy:65)
	at com.kms.katalon.core.webui.keyword.builtin.ClickKeyword$_click_closure1.call(ClickKeyword.groovy)
	at com.kms.katalon.core.webui.keyword.internal.WebUIKeywordMain.runKeyword(WebUIKeywordMain.groovy:20)
	at com.kms.katalon.core.webui.keyword.builtin.ClickKeyword.click(ClickKeyword.groovy:74)
	at com.kms.katalon.core.webui.keyword.builtin.ClickKeyword.execute(ClickKeyword.groovy:40)
	at com.kms.katalon.core.keyword.internal.KeywordExecutor.executeKeywordForPlatform(KeywordExecutor.groovy:74)
	at com.kms.katalon.core.webui.keyword.WebUiBuiltInKeywords.click(WebUiBuiltInKeywords.groovy:620)
	at com.kms.katalon.core.webui.keyword.WebUiBuiltInKeywords$click$1.call(Unknown Source)
	at Script1642163262723.run(Script1642163262723.groovy:34)
	... 13 more
)
[[ATTACHMENT|D:\\Test-Automation-SE-Bonus\\Test-Automation-SE-Bonus\\Reports\\20220116_061720\\Run all test cases\\20220116_061720\\1642292022345.png]]]]></system-out>
         <system-err><![CDATA[2022-01-16 07:12:27 - [TEST_CASE][FAILED] - Test Cases/test case 32: Test Cases/test case 32 FAILED.
Reason:
com.kms.katalon.core.exception.StepFailedException: Unable to click on object 'Object Repository/Page_Dashboard/a_January 2022'
	at com.kms.katalon.core.webui.keyword.internal.WebUIKeywordMain.stepFailed(WebUIKeywordMain.groovy:64)
	at com.kms.katalon.core.webui.keyword.internal.WebUIKeywordMain.runKeyword(WebUIKeywordMain.groovy:26)
	at com.kms.katalon.core.webui.keyword.builtin.ClickKeyword.click(ClickKeyword.groovy:74)
	at com.kms.katalon.core.webui.keyword.builtin.ClickKeyword.execute(ClickKeyword.groovy:40)
	at com.kms.katalon.core.keyword.internal.KeywordExecutor.executeKeywordForPlatform(KeywordExecutor.groovy:74)
	at com.kms.katalon.core.webui.keyword.WebUiBuiltInKeywords.click(WebUiBuiltInKeywords.groovy:620)
	at com.kms.katalon.core.webui.keyword.WebUiBuiltInKeywords$click$1.call(Unknown Source)
	at test case 32.run(test case 32:34)
	at com.kms.katalon.core.main.ScriptEngine.run(ScriptEngine.java:194)
	at com.kms.katalon.core.main.ScriptEngine.runScriptAsRawText(ScriptEngine.java:119)
	at com.kms.katalon.core.main.TestCaseExecutor.runScript(TestCaseExecutor.java:442)
	at com.kms.katalon.core.main.TestCaseExecutor.doExecute(TestCaseExecutor.java:433)
	at com.kms.katalon.core.main.TestCaseExecutor.processExecutionPhase(TestCaseExecutor.java:412)
	at com.kms.katalon.core.main.TestCaseExecutor.accessMainPhase(TestCaseExecutor.java:404)
	at com.kms.katalon.core.main.TestCaseExecutor.execute(TestCaseExecutor.java:281)
	at com.kms.katalon.core.main.TestSuiteExecutor.accessTestCaseMainPhase(TestSuiteExecutor.java:202)
	at com.kms.katalon.core.main.TestSuiteExecutor.accessTestSuiteMainPhase(TestSuiteExecutor.java:164)
	at com.kms.katalon.core.main.TestSuiteExecutor.execute(TestSuiteExecutor.java:105)
	at com.kms.katalon.core.main.TestCaseMain.startTestSuite(TestCaseMain.java:181)
	at com.kms.katalon.core.main.TestCaseMain$startTestSuite$0.call(Unknown Source)
	at TempTestSuite1642288640577.run(TempTestSuite1642288640577.groovy:36)
Caused by: com.kms.katalon.core.webui.exception.WebElementNotFoundException: Web element with id: 'Object Repository/Page_Dashboard/a_January 2022' located by '//div[@id='month-mini-2022-1-1']/table/caption/span[2]/a' not found
	at com.kms.katalon.core.webui.common.WebUiCommonHelper.findWebElement(WebUiCommonHelper.java:1368)
	at com.kms.katalon.core.webui.keyword.internal.WebUIAbstractKeyword.findWebElement(WebUIAbstractKeyword.groovy:27)
	at com.kms.katalon.core.webui.keyword.builtin.ClickKeyword$_click_closure1.doCall(ClickKeyword.groovy:65)
	at com.kms.katalon.core.webui.keyword.builtin.ClickKeyword$_click_closure1.call(ClickKeyword.groovy)
	at com.kms.katalon.core.webui.keyword.internal.WebUIKeywordMain.runKeyword(WebUIKeywordMain.groovy:20)
	... 19 more]]></system-err>
      </testcase>
      <testcase name="Test Cases/test case 33" time="228.894" classname="Test Cases/test case 33" status="PASSED">
         <system-out><![CDATA[2022-01-16 07:13:42 - [TEST_CASE][PASSED] - Test Cases/test case 33: Test Cases/test case 33

2022-01-16 07:13:42 - [TEST_STEP][PASSED] - openBrowser(""): Browser is opened with url: ''

2022-01-16 07:13:42 - [MESSAGE][WARNING] - A browser is already opened. Closing browser and opening a new one

2022-01-16 07:13:43 - [MESSAGE][INFO] - Starting 'Chrome' driver

2022-01-16 07:13:43 - [MESSAGE][INFO] - Action delay is set to 0 milliseconds

2022-01-16 07:13:44 - [MESSAGE][PASSED] - Browser is opened with url: ''

2022-01-16 07:13:44 - [TEST_STEP][PASSED] - navigateToUrl("http://localhost/"): Navigate to 'http://localhost/' successfully

2022-01-16 07:13:45 - [MESSAGE][PASSED] - Navigate to 'http://localhost/' successfully

2022-01-16 07:13:45 - [TEST_STEP][PASSED] - click(findTestObject("Object Repository/Page_Moodle/a_Log in")): Object: 'Object Repository/Page_Moodle/a_Log in' is clicked on

2022-01-16 07:13:46 - [MESSAGE][PASSED] - Object: 'Object Repository/Page_Moodle/a_Log in' is clicked on

2022-01-16 07:13:46 - [TEST_STEP][PASSED] - setText(findTestObject("Object Repository/Page_Moodle Log in to the site/input_Username_username"), "nmthu"): Text 'nmthu' is set on object 'Object Repository/Page_Moodle Log in to the site/input_Username_username'

2022-01-16 07:13:47 - [MESSAGE][PASSED] - Text 'nmthu' is set on object 'Object Repository/Page_Moodle Log in to the site/input_Username_username'

2022-01-16 07:13:47 - [TEST_STEP][PASSED] - setEncryptedText(findTestObject("Object Repository/Page_Moodle Log in to the site/input_Password_password"), "zm/yZ1suVYniggK+4Jo9ew=="): Text ****** has been set on object 'Object Repository/Page_Moodle Log in to the site/input_Password_password'

2022-01-16 07:13:47 - [MESSAGE][PASSED] - Text ****** has been set on object 'Object Repository/Page_Moodle Log in to the site/input_Password_password'

2022-01-16 07:13:47 - [TEST_STEP][PASSED] - click(findTestObject("Object Repository/Page_Moodle Log in to the site/button_Log in")): Object: 'Object Repository/Page_Moodle Log in to the site/button_Log in' is clicked on

2022-01-16 07:13:48 - [MESSAGE][PASSED] - Object: 'Object Repository/Page_Moodle Log in to the site/button_Log in' is clicked on

2022-01-16 07:13:48 - [TEST_STEP][PASSED] - verifyElementVisible(findTestObject("Object Repository/Page_Dashboard/i_See all_icon fa fa-comment fa-fw")): Object 'Object Repository/Page_Dashboard/i_See all_icon fa fa-comment fa-fw' is visible

2022-01-16 07:14:19 - [MESSAGE][INFO] - Unable to find the element located by 'By.xpath: //a[@id='message-drawer-toggle-61e170f2da1f961e170f0da18a9']/i'. Please recheck the objects properties to make sure the desired element is located. 

2022-01-16 07:14:19 - [MESSAGE][WARNING] - [SELF-HEALING] Failed to find element with id 'Object Repository/Page_Dashboard/i_See all_icon fa fa-comment fa-fw'. Try using Self-healing.

2022-01-16 07:14:20 - [MESSAGE][WARNING] - [SELF-HEALING] The current locator of test object 'Object Repository/Page_Dashboard/i_See all_icon fa fa-comment fa-fw' was broken. Propose an alternative one: '//div[2]/a/i'.

2022-01-16 07:14:20 - [MESSAGE][PASSED] - Object 'Object Repository/Page_Dashboard/i_See all_icon fa fa-comment fa-fw' is visible

2022-01-16 07:14:20 - [TEST_STEP][PASSED] - click(findTestObject("Object Repository/Page_Dashboard/i_See all_icon fa fa-comment fa-fw")): Object: 'Object Repository/Page_Dashboard/i_See all_icon fa fa-comment fa-fw' is clicked on

2022-01-16 07:14:51 - [MESSAGE][INFO] - Unable to find the element located by 'By.xpath: //a[@id='message-drawer-toggle-61e170f2da1f961e170f0da18a9']/i'. Please recheck the objects properties to make sure the desired element is located. 

2022-01-16 07:14:51 - [MESSAGE][WARNING] - [SELF-HEALING] Failed to find element with id 'Object Repository/Page_Dashboard/i_See all_icon fa fa-comment fa-fw'. Try using Self-healing.

2022-01-16 07:14:51 - [MESSAGE][WARNING] - [SELF-HEALING] The current locator of test object 'Object Repository/Page_Dashboard/i_See all_icon fa fa-comment fa-fw' was broken. Propose an alternative one: '//div[2]/a/i'.

2022-01-16 07:14:51 - [MESSAGE][PASSED] - Object: 'Object Repository/Page_Dashboard/i_See all_icon fa fa-comment fa-fw' is clicked on

2022-01-16 07:14:51 - [TEST_STEP][PASSED] - setText(findTestObject("Object Repository/Page_Dashboard/input_Messages selected_form-control"), "Nguyen Minh Thu"): Text 'Nguyen Minh Thu' is set on object 'Object Repository/Page_Dashboard/input_Messages selected_form-control'

2022-01-16 07:14:52 - [MESSAGE][PASSED] - Text 'Nguyen Minh Thu' is set on object 'Object Repository/Page_Dashboard/input_Messages selected_form-control'

2022-01-16 07:14:52 - [TEST_STEP][PASSED] - click(findTestObject("Object Repository/Page_Dashboard/i_Messages selected_icon fa fa-search fa-fw")): Object: 'Object Repository/Page_Dashboard/i_Messages selected_icon fa fa-search fa-fw' is clicked on

2022-01-16 07:15:23 - [MESSAGE][INFO] - Unable to find the element located by 'By.xpath: //div[@id='yui_3_17_2_1_1642164467055_202']/div[4]/div/div/div/button/span/i'. Please recheck the objects properties to make sure the desired element is located. 

2022-01-16 07:15:23 - [MESSAGE][WARNING] - [SELF-HEALING] Failed to find element with id 'Object Repository/Page_Dashboard/i_Messages selected_icon fa fa-search fa-fw'. Try using Self-healing.

2022-01-16 07:15:24 - [MESSAGE][WARNING] - [SELF-HEALING] The current locator of test object 'Object Repository/Page_Dashboard/i_Messages selected_icon fa fa-search fa-fw' was broken. Propose an alternative one: '//button/span/i'.

2022-01-16 07:15:24 - [MESSAGE][PASSED] - Object: 'Object Repository/Page_Dashboard/i_Messages selected_icon fa fa-search fa-fw' is clicked on

2022-01-16 07:15:24 - [TEST_STEP][PASSED] - click(findTestObject("Object Repository/Page_Dashboard/span_Nguyen Minh Thu")): Object: 'Object Repository/Page_Dashboard/span_Nguyen Minh Thu' is clicked on

2022-01-16 07:15:55 - [MESSAGE][INFO] - Unable to find the element located by 'By.xpath: //div[@id='yui_3_17_2_1_1642164467055_197']/div[6]/div/div/div/div[2]/div/a/h6/span'. Please recheck the objects properties to make sure the desired element is located. 

2022-01-16 07:15:55 - [MESSAGE][WARNING] - [SELF-HEALING] Failed to find element with id 'Object Repository/Page_Dashboard/span_Nguyen Minh Thu'. Try using Self-healing.

2022-01-16 07:15:55 - [MESSAGE][WARNING] - [SELF-HEALING] The current locator of test object 'Object Repository/Page_Dashboard/span_Nguyen Minh Thu' was broken. Propose an alternative one: '(.//*[normalize-space(text()) and normalize-space(.)='Non-contacts'])[1]/following::span[1]'.

2022-01-16 07:15:55 - [MESSAGE][PASSED] - Object: 'Object Repository/Page_Dashboard/span_Nguyen Minh Thu' is clicked on

2022-01-16 07:15:55 - [TEST_STEP][PASSED] - setText(findTestObject("Object Repository/Page_Dashboard/textarea_Use enter to send_yui_3_17_2_1_164_3ccbd5"), "Hello"): Text 'Hello' is set on object 'Object Repository/Page_Dashboard/textarea_Use enter to send_yui_3_17_2_1_164_3ccbd5'

2022-01-16 07:16:27 - [MESSAGE][INFO] - Unable to find the element located by 'By.xpath: //textarea[@id='yui_3_17_2_1_1642164467055_223']'. Please recheck the objects properties to make sure the desired element is located. 

2022-01-16 07:16:27 - [MESSAGE][WARNING] - [SELF-HEALING] Failed to find element with id 'Object Repository/Page_Dashboard/textarea_Use enter to send_yui_3_17_2_1_164_3ccbd5'. Try using Self-healing.

2022-01-16 07:16:27 - [MESSAGE][WARNING] - [SELF-HEALING] The current locator of test object 'Object Repository/Page_Dashboard/textarea_Use enter to send_yui_3_17_2_1_164_3ccbd5' was broken. Propose an alternative one: '//textarea'.

2022-01-16 07:16:58 - [MESSAGE][INFO] - Unable to find the element located by 'By.xpath: //textarea[@id='yui_3_17_2_1_1642164467055_223']'. Please recheck the objects properties to make sure the desired element is located. 

2022-01-16 07:16:58 - [MESSAGE][WARNING] - [SELF-HEALING] Failed to find element with id 'Object Repository/Page_Dashboard/textarea_Use enter to send_yui_3_17_2_1_164_3ccbd5'. Try using Self-healing.

2022-01-16 07:16:59 - [MESSAGE][WARNING] - [SELF-HEALING] The current locator of test object 'Object Repository/Page_Dashboard/textarea_Use enter to send_yui_3_17_2_1_164_3ccbd5' was broken. Propose an alternative one: '//textarea'.

2022-01-16 07:16:59 - [MESSAGE][PASSED] - Text 'Hello' is set on object 'Object Repository/Page_Dashboard/textarea_Use enter to send_yui_3_17_2_1_164_3ccbd5'

2022-01-16 07:16:59 - [TEST_STEP][PASSED] - click(findTestObject("Object Repository/Page_Dashboard/button__btn btn-link btn-icon icon-size-3 m_754a09")): Object: 'Object Repository/Page_Dashboard/button__btn btn-link btn-icon icon-size-3 m_754a09' is clicked on

2022-01-16 07:17:30 - [MESSAGE][INFO] - Unable to find the element located by 'By.xpath: //div[@id='yui_3_17_2_1_1642164467055_224']/div/button[2]'. Please recheck the objects properties to make sure the desired element is located. 

2022-01-16 07:17:30 - [MESSAGE][WARNING] - [SELF-HEALING] Failed to find element with id 'Object Repository/Page_Dashboard/button__btn btn-link btn-icon icon-size-3 m_754a09'. Try using Self-healing.

2022-01-16 07:17:30 - [MESSAGE][WARNING] - [SELF-HEALING] The current locator of test object 'Object Repository/Page_Dashboard/button__btn btn-link btn-icon icon-size-3 m_754a09' was broken. Propose an alternative one: '(.//*[normalize-space(text()) and normalize-space(.)='😠'])[1]/following::button[2]'.

2022-01-16 07:17:30 - [MESSAGE][PASSED] - Object: 'Object Repository/Page_Dashboard/button__btn btn-link btn-icon icon-size-3 m_754a09' is clicked on

2022-01-16 07:17:30 - [TEST_STEP][PASSED] - closeBrowser(): Browser is closed

2022-01-16 07:17:31 - [MESSAGE][PASSED] - Browser is closed]]></system-out>
         <system-err><![CDATA[]]></system-err>
      </testcase>
      <testcase name="Test Cases/test case 34" time="37.606" classname="Test Cases/test case 34" status="FAILED">
         <failure type="FAILED" message="Test Cases/test case 34 FAILED.
Reason:
com.kms.katalon.core.exception.StepFailedException: Verify element text of test object 'Object Repository/Page_Dashboard/h5_Online users' FAILED.
	at com.kms.katalon.core.webui.keyword.internal.WebUIKeywordMain.stepFailed(WebUIKeywordMain.groovy:64)
	at com.kms.katalon.core.webui.keyword.internal.WebUIKeywordMain.runKeyword(WebUIKeywordMain.groovy:26)
	at com.kms.katalon.core.webui.keyword.builtin.VerifyElementTextKeyword.verifyElementText(VerifyElementTextKeyword.groovy:72)
	at com.kms.katalon.core.webui.keyword.builtin.VerifyElementTextKeyword.execute(VerifyElementTextKeyword.groovy:40)
	at com.kms.katalon.core.keyword.internal.KeywordExecutor.executeKeywordForPlatform(KeywordExecutor.groovy:74)
	at com.kms.katalon.core.webui.keyword.WebUiBuiltInKeywords.verifyElementText(WebUiBuiltInKeywords.groovy:4749)
	at com.kms.katalon.core.webui.keyword.WebUiBuiltInKeywords$verifyElementText$7.call(Unknown Source)
	at test case 34.run(test case 34:34)
	at com.kms.katalon.core.main.ScriptEngine.run(ScriptEngine.java:194)
	at com.kms.katalon.core.main.ScriptEngine.runScriptAsRawText(ScriptEngine.java:119)
	at com.kms.katalon.core.main.TestCaseExecutor.runScript(TestCaseExecutor.java:442)
	at com.kms.katalon.core.main.TestCaseExecutor.doExecute(TestCaseExecutor.java:433)
	at com.kms.katalon.core.main.TestCaseExecutor.processExecutionPhase(TestCaseExecutor.java:412)
	at com.kms.katalon.core.main.TestCaseExecutor.accessMainPhase(TestCaseExecutor.java:404)
	at com.kms.katalon.core.main.TestCaseExecutor.execute(TestCaseExecutor.java:281)
	at com.kms.katalon.core.main.TestSuiteExecutor.accessTestCaseMainPhase(TestSuiteExecutor.java:202)
	at com.kms.katalon.core.main.TestSuiteExecutor.accessTestSuiteMainPhase(TestSuiteExecutor.java:164)
	at com.kms.katalon.core.main.TestSuiteExecutor.execute(TestSuiteExecutor.java:105)
	at com.kms.katalon.core.main.TestCaseMain.startTestSuite(TestCaseMain.java:181)
	at com.kms.katalon.core.main.TestCaseMain$startTestSuite$0.call(Unknown Source)
	at TempTestSuite1642288640577.run(TempTestSuite1642288640577.groovy:36)
Caused by: com.kms.katalon.core.exception.StepFailedException: Actual text 'Latest badges' and expected text 'Online users' of test object 'Object Repository/Page_Dashboard/h5_Online users' are NOT matched.
	at com.kms.katalon.core.webui.keyword.internal.WebUIKeywordMain.stepFailed(WebUIKeywordMain.groovy:64)
	at com.kms.katalon.core.webui.keyword.builtin.VerifyElementTextKeyword$_verifyElementText_closure1.doCall(VerifyElementTextKeyword.groovy:57)
	at com.kms.katalon.core.webui.keyword.builtin.VerifyElementTextKeyword$_verifyElementText_closure1.call(VerifyElementTextKeyword.groovy)
	at com.kms.katalon.core.webui.keyword.internal.WebUIKeywordMain.runKeyword(WebUIKeywordMain.groovy:20)
	... 19 more
"/>
         <system-out><![CDATA[2022-01-16 07:17:31 - [TEST_CASE][FAILED] - Test Cases/test case 34: Test Cases/test case 34 FAILED.
Reason:
com.kms.katalon.core.exception.StepFailedException: Verify element text of test object 'Object Repository/Page_Dashboard/h5_Online users' FAILED.
	at com.kms.katalon.core.webui.keyword.internal.WebUIKeywordMain.stepFailed(WebUIKeywordMain.groovy:64)
	at com.kms.katalon.core.webui.keyword.internal.WebUIKeywordMain.runKeyword(WebUIKeywordMain.groovy:26)
	at com.kms.katalon.core.webui.keyword.builtin.VerifyElementTextKeyword.verifyElementText(VerifyElementTextKeyword.groovy:72)
	at com.kms.katalon.core.webui.keyword.builtin.VerifyElementTextKeyword.execute(VerifyElementTextKeyword.groovy:40)
	at com.kms.katalon.core.keyword.internal.KeywordExecutor.executeKeywordForPlatform(KeywordExecutor.groovy:74)
	at com.kms.katalon.core.webui.keyword.WebUiBuiltInKeywords.verifyElementText(WebUiBuiltInKeywords.groovy:4749)
	at com.kms.katalon.core.webui.keyword.WebUiBuiltInKeywords$verifyElementText$7.call(Unknown Source)
	at test case 34.run(test case 34:34)
	at com.kms.katalon.core.main.ScriptEngine.run(ScriptEngine.java:194)
	at com.kms.katalon.core.main.ScriptEngine.runScriptAsRawText(ScriptEngine.java:119)
	at com.kms.katalon.core.main.TestCaseExecutor.runScript(TestCaseExecutor.java:442)
	at com.kms.katalon.core.main.TestCaseExecutor.doExecute(TestCaseExecutor.java:433)
	at com.kms.katalon.core.main.TestCaseExecutor.processExecutionPhase(TestCaseExecutor.java:412)
	at com.kms.katalon.core.main.TestCaseExecutor.accessMainPhase(TestCaseExecutor.java:404)
	at com.kms.katalon.core.main.TestCaseExecutor.execute(TestCaseExecutor.java:281)
	at com.kms.katalon.core.main.TestSuiteExecutor.accessTestCaseMainPhase(TestSuiteExecutor.java:202)
	at com.kms.katalon.core.main.TestSuiteExecutor.accessTestSuiteMainPhase(TestSuiteExecutor.java:164)
	at com.kms.katalon.core.main.TestSuiteExecutor.execute(TestSuiteExecutor.java:105)
	at com.kms.katalon.core.main.TestCaseMain.startTestSuite(TestCaseMain.java:181)
	at com.kms.katalon.core.main.TestCaseMain$startTestSuite$0.call(Unknown Source)
	at TempTestSuite1642288640577.run(TempTestSuite1642288640577.groovy:36)
Caused by: com.kms.katalon.core.exception.StepFailedException: Actual text 'Latest badges' and expected text 'Online users' of test object 'Object Repository/Page_Dashboard/h5_Online users' are NOT matched.
	at com.kms.katalon.core.webui.keyword.internal.WebUIKeywordMain.stepFailed(WebUIKeywordMain.groovy:64)
	at com.kms.katalon.core.webui.keyword.builtin.VerifyElementTextKeyword$_verifyElementText_closure1.doCall(VerifyElementTextKeyword.groovy:57)
	at com.kms.katalon.core.webui.keyword.builtin.VerifyElementTextKeyword$_verifyElementText_closure1.call(VerifyElementTextKeyword.groovy)
	at com.kms.katalon.core.webui.keyword.internal.WebUIKeywordMain.runKeyword(WebUIKeywordMain.groovy:20)
	... 19 more


2022-01-16 07:17:31 - [TEST_STEP][PASSED] - openBrowser(""): Browser is opened with url: ''

2022-01-16 07:17:31 - [MESSAGE][INFO] - Starting 'Chrome' driver

2022-01-16 07:17:31 - [MESSAGE][INFO] - Action delay is set to 0 milliseconds

2022-01-16 07:17:32 - [MESSAGE][PASSED] - Browser is opened with url: ''

2022-01-16 07:17:32 - [TEST_STEP][PASSED] - navigateToUrl("http://localhost/"): Navigate to 'http://localhost/' successfully

2022-01-16 07:17:33 - [MESSAGE][PASSED] - Navigate to 'http://localhost/' successfully

2022-01-16 07:17:33 - [TEST_STEP][PASSED] - click(findTestObject("Object Repository/Page_Moodle/a_Log in")): Object: 'Object Repository/Page_Moodle/a_Log in' is clicked on

2022-01-16 07:17:34 - [MESSAGE][PASSED] - Object: 'Object Repository/Page_Moodle/a_Log in' is clicked on

2022-01-16 07:17:34 - [TEST_STEP][PASSED] - setText(findTestObject("Object Repository/Page_Moodle Log in to the site/input_Username_username"), "nmthu"): Text 'nmthu' is set on object 'Object Repository/Page_Moodle Log in to the site/input_Username_username'

2022-01-16 07:17:35 - [MESSAGE][PASSED] - Text 'nmthu' is set on object 'Object Repository/Page_Moodle Log in to the site/input_Username_username'

2022-01-16 07:17:35 - [TEST_STEP][PASSED] - setEncryptedText(findTestObject("Object Repository/Page_Moodle Log in to the site/input_Password_password"), "zm/yZ1suVYniggK+4Jo9ew=="): Text ****** has been set on object 'Object Repository/Page_Moodle Log in to the site/input_Password_password'

2022-01-16 07:17:35 - [MESSAGE][PASSED] - Text ****** has been set on object 'Object Repository/Page_Moodle Log in to the site/input_Password_password'

2022-01-16 07:17:35 - [TEST_STEP][PASSED] - click(findTestObject("Object Repository/Page_Moodle Log in to the site/form_document.getElementById(anchor).value _70e5d4")): Object: 'Object Repository/Page_Moodle Log in to the site/form_document.getElementById(anchor).value _70e5d4' is clicked on

2022-01-16 07:17:36 - [MESSAGE][PASSED] - Object: 'Object Repository/Page_Moodle Log in to the site/form_document.getElementById(anchor).value _70e5d4' is clicked on

2022-01-16 07:17:36 - [TEST_STEP][PASSED] - click(findTestObject("Object Repository/Page_Moodle Log in to the site/button_Log in")): Object: 'Object Repository/Page_Moodle Log in to the site/button_Log in' is clicked on

2022-01-16 07:17:37 - [MESSAGE][PASSED] - Object: 'Object Repository/Page_Moodle Log in to the site/button_Log in' is clicked on

2022-01-16 07:17:37 - [TEST_STEP][FAILED] - verifyElementText(findTestObject("Object Repository/Page_Dashboard/h5_Online users"), "Online users"): Verify element text of test object 'Object Repository/Page_Dashboard/h5_Online users' FAILED. (Root cause: com.kms.katalon.core.exception.StepFailedException: Verify element text of test object 'Object Repository/Page_Dashboard/h5_Online users' FAILED.
	at com.kms.katalon.core.webui.keyword.internal.WebUIKeywordMain.stepFailed(WebUIKeywordMain.groovy:64)
	at com.kms.katalon.core.webui.keyword.internal.WebUIKeywordMain.runKeyword(WebUIKeywordMain.groovy:26)
	at com.kms.katalon.core.webui.keyword.builtin.VerifyElementTextKeyword.verifyElementText(VerifyElementTextKeyword.groovy:72)
	at com.kms.katalon.core.webui.keyword.builtin.VerifyElementTextKeyword.execute(VerifyElementTextKeyword.groovy:40)
	at com.kms.katalon.core.keyword.internal.KeywordExecutor.executeKeywordForPlatform(KeywordExecutor.groovy:74)
	at com.kms.katalon.core.webui.keyword.WebUiBuiltInKeywords.verifyElementText(WebUiBuiltInKeywords.groovy:4749)
	at com.kms.katalon.core.webui.keyword.WebUiBuiltInKeywords$verifyElementText$7.call(Unknown Source)
	at test case 34.run(test case 34:34)
	at com.kms.katalon.core.main.ScriptEngine.run(ScriptEngine.java:194)
	at com.kms.katalon.core.main.ScriptEngine.runScriptAsRawText(ScriptEngine.java:119)
	at com.kms.katalon.core.main.TestCaseExecutor.runScript(TestCaseExecutor.java:442)
	at com.kms.katalon.core.main.TestCaseExecutor.doExecute(TestCaseExecutor.java:433)
	at com.kms.katalon.core.main.TestCaseExecutor.processExecutionPhase(TestCaseExecutor.java:412)
	at com.kms.katalon.core.main.TestCaseExecutor.accessMainPhase(TestCaseExecutor.java:404)
	at com.kms.katalon.core.main.TestCaseExecutor.execute(TestCaseExecutor.java:281)
	at com.kms.katalon.core.main.TestSuiteExecutor.accessTestCaseMainPhase(TestSuiteExecutor.java:202)
	at com.kms.katalon.core.main.TestSuiteExecutor.accessTestSuiteMainPhase(TestSuiteExecutor.java:164)
	at com.kms.katalon.core.main.TestSuiteExecutor.execute(TestSuiteExecutor.java:105)
	at com.kms.katalon.core.main.TestCaseMain.startTestSuite(TestCaseMain.java:181)
	at com.kms.katalon.core.main.TestCaseMain$startTestSuite$0.call(Unknown Source)
	at TempTestSuite1642288640577.run(TempTestSuite1642288640577.groovy:36)
Caused by: com.kms.katalon.core.exception.StepFailedException: Actual text 'Latest badges' and expected text 'Online users' of test object 'Object Repository/Page_Dashboard/h5_Online users' are NOT matched.
	at com.kms.katalon.core.webui.keyword.internal.WebUIKeywordMain.stepFailed(WebUIKeywordMain.groovy:64)
	at com.kms.katalon.core.webui.keyword.builtin.VerifyElementTextKeyword$_verifyElementText_closure1.doCall(VerifyElementTextKeyword.groovy:57)
	at com.kms.katalon.core.webui.keyword.builtin.VerifyElementTextKeyword$_verifyElementText_closure1.call(VerifyElementTextKeyword.groovy)
	at com.kms.katalon.core.webui.keyword.internal.WebUIKeywordMain.runKeyword(WebUIKeywordMain.groovy:20)
	... 19 more
)

2022-01-16 07:18:08 - [MESSAGE][INFO] - Unable to find the element located by 'By.xpath: //h5[@id='instance-169-header']'. Please recheck the objects properties to make sure the desired element is located. 

2022-01-16 07:18:08 - [MESSAGE][WARNING] - [SELF-HEALING] Failed to find element with id 'Object Repository/Page_Dashboard/h5_Online users'. Try using Self-healing.

2022-01-16 07:18:08 - [MESSAGE][WARNING] - [SELF-HEALING] The current locator of test object 'Object Repository/Page_Dashboard/h5_Online users' was broken. Propose an alternative one: '(.//*[normalize-space(text()) and normalize-space(.)='Manage private files...'])[1]/following::h5[1]'.

2022-01-16 07:18:08 - [MESSAGE][FAILED] - Actual text 'Latest badges' and expected text 'Online users' of test object 'Object Repository/Page_Dashboard/h5_Online users' are NOT matched. (Root cause: com.kms.katalon.core.exception.StepFailedException: Actual text 'Latest badges' and expected text 'Online users' of test object 'Object Repository/Page_Dashboard/h5_Online users' are NOT matched.
	at com.kms.katalon.core.webui.keyword.internal.WebUIKeywordMain.stepFailed(WebUIKeywordMain.groovy:64)
	at com.kms.katalon.core.webui.keyword.builtin.VerifyElementTextKeyword$_verifyElementText_closure1.doCall(VerifyElementTextKeyword.groovy:57)
	at com.kms.katalon.core.webui.keyword.builtin.VerifyElementTextKeyword$_verifyElementText_closure1.call(VerifyElementTextKeyword.groovy)
	at com.kms.katalon.core.webui.keyword.internal.WebUIKeywordMain.runKeyword(WebUIKeywordMain.groovy:20)
	at com.kms.katalon.core.webui.keyword.builtin.VerifyElementTextKeyword.verifyElementText(VerifyElementTextKeyword.groovy:72)
	at com.kms.katalon.core.webui.keyword.builtin.VerifyElementTextKeyword.execute(VerifyElementTextKeyword.groovy:40)
	at com.kms.katalon.core.keyword.internal.KeywordExecutor.executeKeywordForPlatform(KeywordExecutor.groovy:74)
	at com.kms.katalon.core.webui.keyword.WebUiBuiltInKeywords.verifyElementText(WebUiBuiltInKeywords.groovy:4749)
	at com.kms.katalon.core.webui.keyword.WebUiBuiltInKeywords$verifyElementText$7.call(Unknown Source)
	at test case 34.run(test case 34:34)
	at com.kms.katalon.core.main.ScriptEngine.run(ScriptEngine.java:194)
	at com.kms.katalon.core.main.ScriptEngine.runScriptAsRawText(ScriptEngine.java:119)
	at com.kms.katalon.core.main.TestCaseExecutor.runScript(TestCaseExecutor.java:442)
	at com.kms.katalon.core.main.TestCaseExecutor.doExecute(TestCaseExecutor.java:433)
	at com.kms.katalon.core.main.TestCaseExecutor.processExecutionPhase(TestCaseExecutor.java:412)
	at com.kms.katalon.core.main.TestCaseExecutor.accessMainPhase(TestCaseExecutor.java:404)
	at com.kms.katalon.core.main.TestCaseExecutor.execute(TestCaseExecutor.java:281)
	at com.kms.katalon.core.main.TestSuiteExecutor.accessTestCaseMainPhase(TestSuiteExecutor.java:202)
	at com.kms.katalon.core.main.TestSuiteExecutor.accessTestSuiteMainPhase(TestSuiteExecutor.java:164)
	at com.kms.katalon.core.main.TestSuiteExecutor.execute(TestSuiteExecutor.java:105)
	at com.kms.katalon.core.main.TestCaseMain.startTestSuite(TestCaseMain.java:181)
	at com.kms.katalon.core.main.TestCaseMain$startTestSuite$0.call(Unknown Source)
	at TempTestSuite1642288640577.run(TempTestSuite1642288640577.groovy:36)
)
[[ATTACHMENT|D:\\Test-Automation-SE-Bonus\\Test-Automation-SE-Bonus\\Reports\\20220116_061720\\Run all test cases\\20220116_061720\\1642292288756.png]]

2022-01-16 07:18:08 - [MESSAGE][FAILED] - Verify element text of test object 'Object Repository/Page_Dashboard/h5_Online users' FAILED. (Root cause: com.kms.katalon.core.exception.StepFailedException: Verify element text of test object 'Object Repository/Page_Dashboard/h5_Online users' FAILED.
	at com.kms.katalon.core.webui.keyword.internal.WebUIKeywordMain.stepFailed(WebUIKeywordMain.groovy:64)
	at com.kms.katalon.core.webui.keyword.internal.WebUIKeywordMain.runKeyword(WebUIKeywordMain.groovy:26)
	at com.kms.katalon.core.webui.keyword.builtin.VerifyElementTextKeyword.verifyElementText(VerifyElementTextKeyword.groovy:72)
	at com.kms.katalon.core.webui.keyword.builtin.VerifyElementTextKeyword.execute(VerifyElementTextKeyword.groovy:40)
	at com.kms.katalon.core.keyword.internal.KeywordExecutor.executeKeywordForPlatform(KeywordExecutor.groovy:74)
	at com.kms.katalon.core.webui.keyword.WebUiBuiltInKeywords.verifyElementText(WebUiBuiltInKeywords.groovy:4749)
	at com.kms.katalon.core.webui.keyword.WebUiBuiltInKeywords$verifyElementText$7.call(Unknown Source)
	at test case 34.run(test case 34:34)
	at com.kms.katalon.core.main.ScriptEngine.run(ScriptEngine.java:194)
	at com.kms.katalon.core.main.ScriptEngine.runScriptAsRawText(ScriptEngine.java:119)
	at com.kms.katalon.core.main.TestCaseExecutor.runScript(TestCaseExecutor.java:442)
	at com.kms.katalon.core.main.TestCaseExecutor.doExecute(TestCaseExecutor.java:433)
	at com.kms.katalon.core.main.TestCaseExecutor.processExecutionPhase(TestCaseExecutor.java:412)
	at com.kms.katalon.core.main.TestCaseExecutor.accessMainPhase(TestCaseExecutor.java:404)
	at com.kms.katalon.core.main.TestCaseExecutor.execute(TestCaseExecutor.java:281)
	at com.kms.katalon.core.main.TestSuiteExecutor.accessTestCaseMainPhase(TestSuiteExecutor.java:202)
	at com.kms.katalon.core.main.TestSuiteExecutor.accessTestSuiteMainPhase(TestSuiteExecutor.java:164)
	at com.kms.katalon.core.main.TestSuiteExecutor.execute(TestSuiteExecutor.java:105)
	at com.kms.katalon.core.main.TestCaseMain.startTestSuite(TestCaseMain.java:181)
	at com.kms.katalon.core.main.TestCaseMain$startTestSuite$0.call(Unknown Source)
	at TempTestSuite1642288640577.run(TempTestSuite1642288640577.groovy:36)
Caused by: com.kms.katalon.core.exception.StepFailedException: Actual text 'Latest badges' and expected text 'Online users' of test object 'Object Repository/Page_Dashboard/h5_Online users' are NOT matched.
	at com.kms.katalon.core.webui.keyword.internal.WebUIKeywordMain.stepFailed(WebUIKeywordMain.groovy:64)
	at com.kms.katalon.core.webui.keyword.builtin.VerifyElementTextKeyword$_verifyElementText_closure1.doCall(VerifyElementTextKeyword.groovy:57)
	at com.kms.katalon.core.webui.keyword.builtin.VerifyElementTextKeyword$_verifyElementText_closure1.call(VerifyElementTextKeyword.groovy)
	at com.kms.katalon.core.webui.keyword.internal.WebUIKeywordMain.runKeyword(WebUIKeywordMain.groovy:20)
	... 19 more
)
[[ATTACHMENT|D:\\Test-Automation-SE-Bonus\\Test-Automation-SE-Bonus\\Reports\\20220116_061720\\Run all test cases\\20220116_061720\\1642292288873.png]]]]></system-out>
         <system-err><![CDATA[2022-01-16 07:17:31 - [TEST_CASE][FAILED] - Test Cases/test case 34: Test Cases/test case 34 FAILED.
Reason:
com.kms.katalon.core.exception.StepFailedException: Verify element text of test object 'Object Repository/Page_Dashboard/h5_Online users' FAILED.
	at com.kms.katalon.core.webui.keyword.internal.WebUIKeywordMain.stepFailed(WebUIKeywordMain.groovy:64)
	at com.kms.katalon.core.webui.keyword.internal.WebUIKeywordMain.runKeyword(WebUIKeywordMain.groovy:26)
	at com.kms.katalon.core.webui.keyword.builtin.VerifyElementTextKeyword.verifyElementText(VerifyElementTextKeyword.groovy:72)
	at com.kms.katalon.core.webui.keyword.builtin.VerifyElementTextKeyword.execute(VerifyElementTextKeyword.groovy:40)
	at com.kms.katalon.core.keyword.internal.KeywordExecutor.executeKeywordForPlatform(KeywordExecutor.groovy:74)
	at com.kms.katalon.core.webui.keyword.WebUiBuiltInKeywords.verifyElementText(WebUiBuiltInKeywords.groovy:4749)
	at com.kms.katalon.core.webui.keyword.WebUiBuiltInKeywords$verifyElementText$7.call(Unknown Source)
	at test case 34.run(test case 34:34)
	at com.kms.katalon.core.main.ScriptEngine.run(ScriptEngine.java:194)
	at com.kms.katalon.core.main.ScriptEngine.runScriptAsRawText(ScriptEngine.java:119)
	at com.kms.katalon.core.main.TestCaseExecutor.runScript(TestCaseExecutor.java:442)
	at com.kms.katalon.core.main.TestCaseExecutor.doExecute(TestCaseExecutor.java:433)
	at com.kms.katalon.core.main.TestCaseExecutor.processExecutionPhase(TestCaseExecutor.java:412)
	at com.kms.katalon.core.main.TestCaseExecutor.accessMainPhase(TestCaseExecutor.java:404)
	at com.kms.katalon.core.main.TestCaseExecutor.execute(TestCaseExecutor.java:281)
	at com.kms.katalon.core.main.TestSuiteExecutor.accessTestCaseMainPhase(TestSuiteExecutor.java:202)
	at com.kms.katalon.core.main.TestSuiteExecutor.accessTestSuiteMainPhase(TestSuiteExecutor.java:164)
	at com.kms.katalon.core.main.TestSuiteExecutor.execute(TestSuiteExecutor.java:105)
	at com.kms.katalon.core.main.TestCaseMain.startTestSuite(TestCaseMain.java:181)
	at com.kms.katalon.core.main.TestCaseMain$startTestSuite$0.call(Unknown Source)
	at TempTestSuite1642288640577.run(TempTestSuite1642288640577.groovy:36)
Caused by: com.kms.katalon.core.exception.StepFailedException: Actual text 'Latest badges' and expected text 'Online users' of test object 'Object Repository/Page_Dashboard/h5_Online users' are NOT matched.
	at com.kms.katalon.core.webui.keyword.internal.WebUIKeywordMain.stepFailed(WebUIKeywordMain.groovy:64)
	at com.kms.katalon.core.webui.keyword.builtin.VerifyElementTextKeyword$_verifyElementText_closure1.doCall(VerifyElementTextKeyword.groovy:57)
	at com.kms.katalon.core.webui.keyword.builtin.VerifyElementTextKeyword$_verifyElementText_closure1.call(VerifyElementTextKeyword.groovy)
	at com.kms.katalon.core.webui.keyword.internal.WebUIKeywordMain.runKeyword(WebUIKeywordMain.groovy:20)
	... 19 more]]></system-err>
      </testcase>
      <testcase name="Test Cases/test case 35" time="268.164" classname="Test Cases/test case 35" status="PASSED">
         <system-out><![CDATA[2022-01-16 07:18:08 - [TEST_CASE][PASSED] - Test Cases/test case 35: Test Cases/test case 35

2022-01-16 07:18:09 - [TEST_STEP][PASSED] - openBrowser(""): Browser is opened with url: ''

2022-01-16 07:18:09 - [MESSAGE][WARNING] - A browser is already opened. Closing browser and opening a new one

2022-01-16 07:18:09 - [MESSAGE][INFO] - Starting 'Chrome' driver

2022-01-16 07:18:09 - [MESSAGE][INFO] - Action delay is set to 0 milliseconds

2022-01-16 07:18:11 - [MESSAGE][PASSED] - Browser is opened with url: ''

2022-01-16 07:18:11 - [TEST_STEP][PASSED] - navigateToUrl("http://localhost/"): Navigate to 'http://localhost/' successfully

2022-01-16 07:18:12 - [MESSAGE][PASSED] - Navigate to 'http://localhost/' successfully

2022-01-16 07:18:12 - [TEST_STEP][PASSED] - click(findTestObject("Object Repository/Page_Moodle/a_Log in")): Object: 'Object Repository/Page_Moodle/a_Log in' is clicked on

2022-01-16 07:18:12 - [MESSAGE][PASSED] - Object: 'Object Repository/Page_Moodle/a_Log in' is clicked on

2022-01-16 07:18:12 - [TEST_STEP][PASSED] - doubleClick(findTestObject("Object Repository/Page_Moodle Log in to the site/input_Username_username")): Object: 'Object Repository/Page_Moodle Log in to the site/input_Username_username' is double clicked on

2022-01-16 07:18:13 - [MESSAGE][PASSED] - Object: 'Object Repository/Page_Moodle Log in to the site/input_Username_username' is double clicked on

2022-01-16 07:18:13 - [TEST_STEP][PASSED] - setText(findTestObject("Object Repository/Page_Moodle Log in to the site/input_Username_username"), "nmthu"): Text 'nmthu' is set on object 'Object Repository/Page_Moodle Log in to the site/input_Username_username'

2022-01-16 07:18:14 - [MESSAGE][PASSED] - Text 'nmthu' is set on object 'Object Repository/Page_Moodle Log in to the site/input_Username_username'

2022-01-16 07:18:14 - [TEST_STEP][PASSED] - setEncryptedText(findTestObject("Object Repository/Page_Moodle Log in to the site/input_Password_password"), "zm/yZ1suVYniggK+4Jo9ew=="): Text ****** has been set on object 'Object Repository/Page_Moodle Log in to the site/input_Password_password'

2022-01-16 07:18:14 - [MESSAGE][PASSED] - Text ****** has been set on object 'Object Repository/Page_Moodle Log in to the site/input_Password_password'

2022-01-16 07:18:14 - [TEST_STEP][PASSED] - click(findTestObject("Object Repository/Page_Moodle Log in to the site/button_Log in")): Object: 'Object Repository/Page_Moodle Log in to the site/button_Log in' is clicked on

2022-01-16 07:18:15 - [MESSAGE][PASSED] - Object: 'Object Repository/Page_Moodle Log in to the site/button_Log in' is clicked on

2022-01-16 07:18:15 - [TEST_STEP][PASSED] - verifyElementText(findTestObject("Object Repository/Page_Dashboard/span_IntroCS"), "IntroCS"): Actual text and expected text of test object 'Object Repository/Page_Dashboard/span_IntroCS' are matched.

2022-01-16 07:18:16 - [MESSAGE][PASSED] - Actual text and expected text of test object 'Object Repository/Page_Dashboard/span_IntroCS' are matched.

2022-01-16 07:18:16 - [TEST_STEP][PASSED] - click(findTestObject("Object Repository/Page_Dashboard/span_IntroCS")): Object: 'Object Repository/Page_Dashboard/span_IntroCS' is clicked on

2022-01-16 07:18:17 - [MESSAGE][PASSED] - Object: 'Object Repository/Page_Dashboard/span_IntroCS' is clicked on

2022-01-16 07:18:17 - [TEST_STEP][PASSED] - verifyElementText(findTestObject("Object Repository/Page_Course Introduction to Computer Science/span_Participants"), "Participants"): Actual text and expected text of test object 'Object Repository/Page_Course Introduction to Computer Science/span_Participants' are matched.

2022-01-16 07:18:18 - [MESSAGE][PASSED] - Actual text and expected text of test object 'Object Repository/Page_Course Introduction to Computer Science/span_Participants' are matched.

2022-01-16 07:18:18 - [TEST_STEP][PASSED] - click(findTestObject("Object Repository/Page_Course Introduction to Computer Science/span_Participants")): Object: 'Object Repository/Page_Course Introduction to Computer Science/span_Participants' is clicked on

2022-01-16 07:18:18 - [MESSAGE][PASSED] - Object: 'Object Repository/Page_Course Introduction to Computer Science/span_Participants' is clicked on

2022-01-16 07:18:18 - [TEST_STEP][PASSED] - waitForElementVisible(findTestObject("Object Repository/Page_IntroCS Participants/select_Select                        Keywor_5ec06e"), 0): Object 'Object Repository/Page_IntroCS Participants/select_Select                        Keywor_5ec06e' is visible

2022-01-16 07:18:18 - [MESSAGE][WARNING] - Timeout '0' is invalid. Using default page load timeout: '30'

2022-01-16 07:18:49 - [MESSAGE][INFO] - Unable to find the element located by 'By.xpath: //select[@id='core_user-local-participantsfilter-filterrow-filtertype-61e2d22d9e97461e2d22d8e5d113']'. Please recheck the objects properties to make sure the desired element is located. 

2022-01-16 07:18:49 - [MESSAGE][WARNING] - [SELF-HEALING] Failed to find element with id 'Object Repository/Page_IntroCS Participants/select_Select                        Keywor_5ec06e'. Try using Self-healing.

2022-01-16 07:18:50 - [MESSAGE][WARNING] - [SELF-HEALING] The current locator of test object 'Object Repository/Page_IntroCS Participants/select_Select                        Keywor_5ec06e' was broken. Propose an alternative one: '(.//*[normalize-space(text()) and normalize-space(.)='Filter type'])[1]/following::select[1]'.

2022-01-16 07:18:50 - [MESSAGE][PASSED] - Object 'Object Repository/Page_IntroCS Participants/select_Select                        Keywor_5ec06e' is visible

2022-01-16 07:18:50 - [TEST_STEP][PASSED] - selectOptionByValue(findTestObject("Object Repository/Page_IntroCS Participants/select_Select                        Keywor_5ec06e"), "keywords", true): All options with value 'keywords' are selected in object 'Object Repository/Page_IntroCS Participants/select_Select                        Keywor_5ec06e'  using regular expression

2022-01-16 07:19:21 - [MESSAGE][INFO] - Unable to find the element located by 'By.xpath: //select[@id='core_user-local-participantsfilter-filterrow-filtertype-61e2d22d9e97461e2d22d8e5d113']'. Please recheck the objects properties to make sure the desired element is located. 

2022-01-16 07:19:21 - [MESSAGE][WARNING] - [SELF-HEALING] Failed to find element with id 'Object Repository/Page_IntroCS Participants/select_Select                        Keywor_5ec06e'. Try using Self-healing.

2022-01-16 07:19:21 - [MESSAGE][WARNING] - [SELF-HEALING] The current locator of test object 'Object Repository/Page_IntroCS Participants/select_Select                        Keywor_5ec06e' was broken. Propose an alternative one: '(.//*[normalize-space(text()) and normalize-space(.)='Filter type'])[1]/following::select[1]'.

2022-01-16 07:19:22 - [MESSAGE][PASSED] - All options with value 'keywords' are selected in object 'Object Repository/Page_IntroCS Participants/select_Select                        Keywor_5ec06e'  using regular expression

2022-01-16 07:19:22 - [TEST_STEP][PASSED] - setText(findTestObject("Object Repository/Page_IntroCS Participants/input_Keyword_form_autocomplete_input-16422_b4d395"), "Quach Minh Khoi"): Text 'Quach Minh Khoi' is set on object 'Object Repository/Page_IntroCS Participants/input_Keyword_form_autocomplete_input-16422_b4d395'

2022-01-16 07:19:53 - [MESSAGE][INFO] - Unable to find the element located by 'By.xpath: //input[@id='form_autocomplete_input-1642254329788']'. Please recheck the objects properties to make sure the desired element is located. 

2022-01-16 07:19:53 - [MESSAGE][WARNING] - [SELF-HEALING] Failed to find element with id 'Object Repository/Page_IntroCS Participants/input_Keyword_form_autocomplete_input-16422_b4d395'. Try using Self-healing.

2022-01-16 07:19:53 - [MESSAGE][WARNING] - [SELF-HEALING] The current locator of test object 'Object Repository/Page_IntroCS Participants/input_Keyword_form_autocomplete_input-16422_b4d395' was broken. Propose an alternative one: '//input'.

2022-01-16 07:20:24 - [MESSAGE][INFO] - Unable to find the element located by 'By.xpath: //input[@id='form_autocomplete_input-1642254329788']'. Please recheck the objects properties to make sure the desired element is located. 

2022-01-16 07:20:24 - [MESSAGE][WARNING] - [SELF-HEALING] Failed to find element with id 'Object Repository/Page_IntroCS Participants/input_Keyword_form_autocomplete_input-16422_b4d395'. Try using Self-healing.

2022-01-16 07:20:25 - [MESSAGE][WARNING] - [SELF-HEALING] The current locator of test object 'Object Repository/Page_IntroCS Participants/input_Keyword_form_autocomplete_input-16422_b4d395' was broken. Propose an alternative one: '//input'.

2022-01-16 07:20:25 - [MESSAGE][PASSED] - Text 'Quach Minh Khoi' is set on object 'Object Repository/Page_IntroCS Participants/input_Keyword_form_autocomplete_input-16422_b4d395'

2022-01-16 07:20:25 - [TEST_STEP][PASSED] - click(findTestObject("Object Repository/Page_IntroCS Participants/button_Apply filters")): Object: 'Object Repository/Page_IntroCS Participants/button_Apply filters' is clicked on

2022-01-16 07:20:25 - [MESSAGE][PASSED] - Object: 'Object Repository/Page_IntroCS Participants/button_Apply filters' is clicked on

2022-01-16 07:20:25 - [TEST_STEP][PASSED] - selectOptionByValue(findTestObject("Object Repository/Page_IntroCS Participants/select_Quach Minh Khoi"), "Quach Minh Khoi", true): All options with value 'Quach Minh Khoi' are selected in object 'Object Repository/Page_IntroCS Participants/select_Quach Minh Khoi'  using regular expression

2022-01-16 07:20:27 - [MESSAGE][PASSED] - All options with value 'Quach Minh Khoi' are selected in object 'Object Repository/Page_IntroCS Participants/select_Quach Minh Khoi'  using regular expression

2022-01-16 07:20:27 - [TEST_STEP][PASSED] - click(findTestObject("Object Repository/Page_IntroCS Participants/button_Apply filters_1")): Object: 'Object Repository/Page_IntroCS Participants/button_Apply filters_1' is clicked on

2022-01-16 07:20:59 - [MESSAGE][INFO] - Unable to find the element located by 'By.xpath: //button[@id='yui_3_17_2_1_1642254329585_27']'. Please recheck the objects properties to make sure the desired element is located. 

2022-01-16 07:20:59 - [MESSAGE][WARNING] - [SELF-HEALING] Failed to find element with id 'Object Repository/Page_IntroCS Participants/button_Apply filters_1'. Try using Self-healing.

2022-01-16 07:20:59 - [MESSAGE][WARNING] - [SELF-HEALING] The current locator of test object 'Object Repository/Page_IntroCS Participants/button_Apply filters_1' was broken. Propose an alternative one: '(.//*[normalize-space(text()) and normalize-space(.)='Clear filters'])[1]/following::button[1]'.

2022-01-16 07:20:59 - [MESSAGE][PASSED] - Object: 'Object Repository/Page_IntroCS Participants/button_Apply filters_1' is clicked on

2022-01-16 07:20:59 - [TEST_STEP][PASSED] - verifyElementText(findTestObject("Object Repository/Page_IntroCS Participants/a_Quach Minh Khoi"), "Quach Minh Khoi"): Actual text and expected text of test object 'Object Repository/Page_IntroCS Participants/a_Quach Minh Khoi' are matched.

2022-01-16 07:20:59 - [MESSAGE][PASSED] - Actual text and expected text of test object 'Object Repository/Page_IntroCS Participants/a_Quach Minh Khoi' are matched.

2022-01-16 07:20:59 - [TEST_STEP][PASSED] - click(findTestObject("Object Repository/Page_IntroCS Participants/a_Quach Minh Khoi")): Object: 'Object Repository/Page_IntroCS Participants/a_Quach Minh Khoi' is clicked on

2022-01-16 07:21:00 - [MESSAGE][PASSED] - Object: 'Object Repository/Page_IntroCS Participants/a_Quach Minh Khoi' is clicked on

2022-01-16 07:21:00 - [TEST_STEP][PASSED] - waitForElementVisible(findTestObject("Object Repository/Page_Introduction to Computer Science Perso_363e4d/span_Message"), 0): Object 'Object Repository/Page_Introduction to Computer Science Perso_363e4d/span_Message' is visible

2022-01-16 07:21:00 - [MESSAGE][WARNING] - Timeout '0' is invalid. Using default page load timeout: '30'

2022-01-16 07:21:01 - [MESSAGE][PASSED] - Object 'Object Repository/Page_Introduction to Computer Science Perso_363e4d/span_Message' is visible

2022-01-16 07:21:01 - [TEST_STEP][PASSED] - click(findTestObject("Object Repository/Page_Introduction to Computer Science Perso_363e4d/span_Message")): Object: 'Object Repository/Page_Introduction to Computer Science Perso_363e4d/span_Message' is clicked on

2022-01-16 07:21:01 - [MESSAGE][PASSED] - Object: 'Object Repository/Page_Introduction to Computer Science Perso_363e4d/span_Message' is clicked on

2022-01-16 07:21:01 - [TEST_STEP][PASSED] - setText(findTestObject("Object Repository/Page_Introduction to Computer Science Perso_363e4d/textarea_Use enter to send_yui_3_17_2_1_164_27b639"), "Hello"): Text 'Hello' is set on object 'Object Repository/Page_Introduction to Computer Science Perso_363e4d/textarea_Use enter to send_yui_3_17_2_1_164_27b639'

2022-01-16 07:21:33 - [MESSAGE][INFO] - Unable to find the element located by 'By.xpath: //textarea[@id='yui_3_17_2_1_1642254375574_35']'. Please recheck the objects properties to make sure the desired element is located. 

2022-01-16 07:21:33 - [MESSAGE][WARNING] - [SELF-HEALING] Failed to find element with id 'Object Repository/Page_Introduction to Computer Science Perso_363e4d/textarea_Use enter to send_yui_3_17_2_1_164_27b639'. Try using Self-healing.

2022-01-16 07:21:33 - [MESSAGE][WARNING] - [SELF-HEALING] The current locator of test object 'Object Repository/Page_Introduction to Computer Science Perso_363e4d/textarea_Use enter to send_yui_3_17_2_1_164_27b639' was broken. Propose an alternative one: '//textarea'.

2022-01-16 07:22:04 - [MESSAGE][INFO] - Unable to find the element located by 'By.xpath: //textarea[@id='yui_3_17_2_1_1642254375574_35']'. Please recheck the objects properties to make sure the desired element is located. 

2022-01-16 07:22:04 - [MESSAGE][WARNING] - [SELF-HEALING] Failed to find element with id 'Object Repository/Page_Introduction to Computer Science Perso_363e4d/textarea_Use enter to send_yui_3_17_2_1_164_27b639'. Try using Self-healing.

2022-01-16 07:22:04 - [MESSAGE][WARNING] - [SELF-HEALING] The current locator of test object 'Object Repository/Page_Introduction to Computer Science Perso_363e4d/textarea_Use enter to send_yui_3_17_2_1_164_27b639' was broken. Propose an alternative one: '//textarea'.

2022-01-16 07:22:04 - [MESSAGE][PASSED] - Text 'Hello' is set on object 'Object Repository/Page_Introduction to Computer Science Perso_363e4d/textarea_Use enter to send_yui_3_17_2_1_164_27b639'

2022-01-16 07:22:04 - [TEST_STEP][PASSED] - click(findTestObject("Object Repository/Page_Introduction to Computer Science Perso_363e4d/i__icon fa fa-paper-plane fa-fw")): Object: 'Object Repository/Page_Introduction to Computer Science Perso_363e4d/i__icon fa fa-paper-plane fa-fw' is clicked on

2022-01-16 07:22:36 - [MESSAGE][INFO] - Unable to find the element located by 'By.xpath: //div[@id='yui_3_17_2_1_1642254375574_36']/div/button[2]/span/i'. Please recheck the objects properties to make sure the desired element is located. 

2022-01-16 07:22:36 - [MESSAGE][WARNING] - [SELF-HEALING] Failed to find element with id 'Object Repository/Page_Introduction to Computer Science Perso_363e4d/i__icon fa fa-paper-plane fa-fw'. Try using Self-healing.

2022-01-16 07:22:36 - [MESSAGE][WARNING] - [SELF-HEALING] The current locator of test object 'Object Repository/Page_Introduction to Computer Science Perso_363e4d/i__icon fa fa-paper-plane fa-fw' was broken. Propose an alternative one: '//button[2]/span/i'.

2022-01-16 07:22:36 - [MESSAGE][PASSED] - Object: 'Object Repository/Page_Introduction to Computer Science Perso_363e4d/i__icon fa fa-paper-plane fa-fw' is clicked on

2022-01-16 07:22:36 - [TEST_STEP][PASSED] - closeBrowser(): Browser is closed

2022-01-16 07:22:37 - [MESSAGE][PASSED] - Browser is closed]]></system-out>
         <system-err><![CDATA[]]></system-err>
      </testcase>
      <testcase name="Test Cases/test case 36" time="104.255" classname="Test Cases/test case 36" status="PASSED">
         <system-out><![CDATA[2022-01-16 07:22:37 - [TEST_CASE][PASSED] - Test Cases/test case 36: Test Cases/test case 36

2022-01-16 07:22:37 - [TEST_STEP][PASSED] - openBrowser(""): Browser is opened with url: ''

2022-01-16 07:22:37 - [MESSAGE][INFO] - Starting 'Chrome' driver

2022-01-16 07:22:37 - [MESSAGE][INFO] - Action delay is set to 0 milliseconds

2022-01-16 07:22:38 - [MESSAGE][PASSED] - Browser is opened with url: ''

2022-01-16 07:22:38 - [TEST_STEP][PASSED] - navigateToUrl("http://localhost/"): Navigate to 'http://localhost/' successfully

2022-01-16 07:22:39 - [MESSAGE][PASSED] - Navigate to 'http://localhost/' successfully

2022-01-16 07:22:39 - [TEST_STEP][PASSED] - click(findTestObject("Object Repository/Page_Moodle/a_Log in")): Object: 'Object Repository/Page_Moodle/a_Log in' is clicked on

2022-01-16 07:22:40 - [MESSAGE][PASSED] - Object: 'Object Repository/Page_Moodle/a_Log in' is clicked on

2022-01-16 07:22:40 - [TEST_STEP][PASSED] - setText(findTestObject("Object Repository/Page_Moodle Log in to the site/input_Username_username"), "nmthu"): Text 'nmthu' is set on object 'Object Repository/Page_Moodle Log in to the site/input_Username_username'

2022-01-16 07:22:41 - [MESSAGE][PASSED] - Text 'nmthu' is set on object 'Object Repository/Page_Moodle Log in to the site/input_Username_username'

2022-01-16 07:22:41 - [TEST_STEP][PASSED] - setEncryptedText(findTestObject("Object Repository/Page_Moodle Log in to the site/input_Password_password"), "zm/yZ1suVYniggK+4Jo9ew=="): Text ****** has been set on object 'Object Repository/Page_Moodle Log in to the site/input_Password_password'

2022-01-16 07:22:41 - [MESSAGE][PASSED] - Text ****** has been set on object 'Object Repository/Page_Moodle Log in to the site/input_Password_password'

2022-01-16 07:22:41 - [TEST_STEP][PASSED] - click(findTestObject("Object Repository/Page_Moodle Log in to the site/button_Log in")): Object: 'Object Repository/Page_Moodle Log in to the site/button_Log in' is clicked on

2022-01-16 07:22:42 - [MESSAGE][PASSED] - Object: 'Object Repository/Page_Moodle Log in to the site/button_Log in' is clicked on

2022-01-16 07:22:42 - [TEST_STEP][PASSED] - verifyElementText(findTestObject("Object Repository/Page_Dashboard/span_Site home"), "Site home"): Actual text and expected text of test object 'Object Repository/Page_Dashboard/span_Site home' are matched.

2022-01-16 07:22:43 - [MESSAGE][PASSED] - Actual text and expected text of test object 'Object Repository/Page_Dashboard/span_Site home' are matched.

2022-01-16 07:22:43 - [TEST_STEP][PASSED] - click(findTestObject("Object Repository/Page_Dashboard/span_Site home")): Object: 'Object Repository/Page_Dashboard/span_Site home' is clicked on

2022-01-16 07:22:44 - [MESSAGE][PASSED] - Object: 'Object Repository/Page_Dashboard/span_Site home' is clicked on

2022-01-16 07:22:44 - [TEST_STEP][PASSED] - click(findTestObject("Object Repository/Page_Moodle/a_Tran Minh Triet")): Object: 'Object Repository/Page_Moodle/a_Tran Minh Triet' is clicked on

2022-01-16 07:22:45 - [MESSAGE][PASSED] - Object: 'Object Repository/Page_Moodle/a_Tran Minh Triet' is clicked on

2022-01-16 07:22:45 - [TEST_STEP][PASSED] - click(findTestObject("Object Repository/Page_Tran Minh Triet Public profile/span_Message")): Object: 'Object Repository/Page_Tran Minh Triet Public profile/span_Message' is clicked on

2022-01-16 07:22:46 - [MESSAGE][PASSED] - Object: 'Object Repository/Page_Tran Minh Triet Public profile/span_Message' is clicked on

2022-01-16 07:22:46 - [TEST_STEP][PASSED] - setText(findTestObject("Object Repository/Page_Tran Minh Triet Public profile/textarea_Use enter to send_yui_3_17_2_1_164_393869"), "Hello"): Text 'Hello' is set on object 'Object Repository/Page_Tran Minh Triet Public profile/textarea_Use enter to send_yui_3_17_2_1_164_393869'

2022-01-16 07:23:17 - [MESSAGE][INFO] - Unable to find the element located by 'By.xpath: //textarea[@id='yui_3_17_2_1_1642165102142_38']'. Please recheck the objects properties to make sure the desired element is located. 

2022-01-16 07:23:17 - [MESSAGE][WARNING] - [SELF-HEALING] Failed to find element with id 'Object Repository/Page_Tran Minh Triet Public profile/textarea_Use enter to send_yui_3_17_2_1_164_393869'. Try using Self-healing.

2022-01-16 07:23:17 - [MESSAGE][WARNING] - [SELF-HEALING] The current locator of test object 'Object Repository/Page_Tran Minh Triet Public profile/textarea_Use enter to send_yui_3_17_2_1_164_393869' was broken. Propose an alternative one: '//textarea'.

2022-01-16 07:23:48 - [MESSAGE][INFO] - Unable to find the element located by 'By.xpath: //textarea[@id='yui_3_17_2_1_1642165102142_38']'. Please recheck the objects properties to make sure the desired element is located. 

2022-01-16 07:23:48 - [MESSAGE][WARNING] - [SELF-HEALING] Failed to find element with id 'Object Repository/Page_Tran Minh Triet Public profile/textarea_Use enter to send_yui_3_17_2_1_164_393869'. Try using Self-healing.

2022-01-16 07:23:49 - [MESSAGE][WARNING] - [SELF-HEALING] The current locator of test object 'Object Repository/Page_Tran Minh Triet Public profile/textarea_Use enter to send_yui_3_17_2_1_164_393869' was broken. Propose an alternative one: '//textarea'.

2022-01-16 07:23:49 - [MESSAGE][PASSED] - Text 'Hello' is set on object 'Object Repository/Page_Tran Minh Triet Public profile/textarea_Use enter to send_yui_3_17_2_1_164_393869'

2022-01-16 07:23:49 - [TEST_STEP][PASSED] - click(findTestObject("Object Repository/Page_Tran Minh Triet Public profile/button__btn btn-link btn-icon icon-size-3 m_754a09")): Object: 'Object Repository/Page_Tran Minh Triet Public profile/button__btn btn-link btn-icon icon-size-3 m_754a09' is clicked on

2022-01-16 07:24:20 - [MESSAGE][INFO] - Unable to find the element located by 'By.xpath: //div[@id='yui_3_17_2_1_1642165102142_39']/div/button[2]'. Please recheck the objects properties to make sure the desired element is located. 

2022-01-16 07:24:20 - [MESSAGE][WARNING] - [SELF-HEALING] Failed to find element with id 'Object Repository/Page_Tran Minh Triet Public profile/button__btn btn-link btn-icon icon-size-3 m_754a09'. Try using Self-healing.

2022-01-16 07:24:20 - [MESSAGE][WARNING] - [SELF-HEALING] The current locator of test object 'Object Repository/Page_Tran Minh Triet Public profile/button__btn btn-link btn-icon icon-size-3 m_754a09' was broken. Propose an alternative one: '(.//*[normalize-space(text()) and normalize-space(.)='😠'])[1]/following::button[2]'.

2022-01-16 07:24:20 - [MESSAGE][PASSED] - Object: 'Object Repository/Page_Tran Minh Triet Public profile/button__btn btn-link btn-icon icon-size-3 m_754a09' is clicked on

2022-01-16 07:24:20 - [TEST_STEP][PASSED] - closeBrowser(): Browser is closed

2022-01-16 07:24:21 - [MESSAGE][PASSED] - Browser is closed]]></system-out>
         <system-err><![CDATA[]]></system-err>
      </testcase>
      <testcase name="Test Cases/test case 37" time="207.52" classname="Test Cases/test case 37" status="PASSED">
         <system-out><![CDATA[2022-01-16 07:24:21 - [TEST_CASE][PASSED] - Test Cases/test case 37: Test Cases/test case 37

2022-01-16 07:24:21 - [TEST_STEP][PASSED] - openBrowser(""): Browser is opened with url: ''

2022-01-16 07:24:21 - [MESSAGE][INFO] - Starting 'Chrome' driver

2022-01-16 07:24:21 - [MESSAGE][INFO] - Action delay is set to 0 milliseconds

2022-01-16 07:24:22 - [MESSAGE][PASSED] - Browser is opened with url: ''

2022-01-16 07:24:22 - [TEST_STEP][PASSED] - navigateToUrl("http://localhost/"): Navigate to 'http://localhost/' successfully

2022-01-16 07:24:23 - [MESSAGE][PASSED] - Navigate to 'http://localhost/' successfully

2022-01-16 07:24:23 - [TEST_STEP][PASSED] - click(findTestObject("Object Repository/Page_Moodle/a_Log in")): Object: 'Object Repository/Page_Moodle/a_Log in' is clicked on

2022-01-16 07:24:24 - [MESSAGE][PASSED] - Object: 'Object Repository/Page_Moodle/a_Log in' is clicked on

2022-01-16 07:24:24 - [TEST_STEP][PASSED] - setText(findTestObject("Object Repository/Page_Moodle Log in to the site/input_Username_username"), "nmthu"): Text 'nmthu' is set on object 'Object Repository/Page_Moodle Log in to the site/input_Username_username'

2022-01-16 07:24:25 - [MESSAGE][PASSED] - Text 'nmthu' is set on object 'Object Repository/Page_Moodle Log in to the site/input_Username_username'

2022-01-16 07:24:25 - [TEST_STEP][PASSED] - setEncryptedText(findTestObject("Object Repository/Page_Moodle Log in to the site/input_Password_password"), "zm/yZ1suVYniggK+4Jo9ew=="): Text ****** has been set on object 'Object Repository/Page_Moodle Log in to the site/input_Password_password'

2022-01-16 07:24:25 - [MESSAGE][PASSED] - Text ****** has been set on object 'Object Repository/Page_Moodle Log in to the site/input_Password_password'

2022-01-16 07:24:25 - [TEST_STEP][PASSED] - click(findTestObject("Object Repository/Page_Moodle Log in to the site/button_Log in")): Object: 'Object Repository/Page_Moodle Log in to the site/button_Log in' is clicked on

2022-01-16 07:24:26 - [MESSAGE][PASSED] - Object: 'Object Repository/Page_Moodle Log in to the site/button_Log in' is clicked on

2022-01-16 07:24:26 - [TEST_STEP][PASSED] - verifyElementText(findTestObject("Object Repository/Page_Dashboard/span_IntroCS"), "IntroCS"): Actual text and expected text of test object 'Object Repository/Page_Dashboard/span_IntroCS' are matched.

2022-01-16 07:24:27 - [MESSAGE][PASSED] - Actual text and expected text of test object 'Object Repository/Page_Dashboard/span_IntroCS' are matched.

2022-01-16 07:24:27 - [TEST_STEP][PASSED] - click(findTestObject("Object Repository/Page_Dashboard/span_IntroCS")): Object: 'Object Repository/Page_Dashboard/span_IntroCS' is clicked on

2022-01-16 07:24:28 - [MESSAGE][PASSED] - Object: 'Object Repository/Page_Dashboard/span_IntroCS' is clicked on

2022-01-16 07:24:28 - [TEST_STEP][PASSED] - click(findTestObject("Object Repository/Page_Course Introduction to Computer Science/span_Participants")): Object: 'Object Repository/Page_Course Introduction to Computer Science/span_Participants' is clicked on

2022-01-16 07:24:29 - [MESSAGE][PASSED] - Object: 'Object Repository/Page_Course Introduction to Computer Science/span_Participants' is clicked on

2022-01-16 07:24:29 - [TEST_STEP][PASSED] - waitForElementVisible(findTestObject("Object Repository/Page_IntroCS Participants/select_Select                        Keywor_5ec06e"), 0): Object 'Object Repository/Page_IntroCS Participants/select_Select                        Keywor_5ec06e' is visible

2022-01-16 07:24:29 - [MESSAGE][WARNING] - Timeout '0' is invalid. Using default page load timeout: '30'

2022-01-16 07:25:00 - [MESSAGE][INFO] - Unable to find the element located by 'By.xpath: //select[@id='core_user-local-participantsfilter-filterrow-filtertype-61e2d22d9e97461e2d22d8e5d113']'. Please recheck the objects properties to make sure the desired element is located. 

2022-01-16 07:25:00 - [MESSAGE][WARNING] - [SELF-HEALING] Failed to find element with id 'Object Repository/Page_IntroCS Participants/select_Select                        Keywor_5ec06e'. Try using Self-healing.

2022-01-16 07:25:01 - [MESSAGE][WARNING] - [SELF-HEALING] The current locator of test object 'Object Repository/Page_IntroCS Participants/select_Select                        Keywor_5ec06e' was broken. Propose an alternative one: '(.//*[normalize-space(text()) and normalize-space(.)='Filter type'])[1]/following::select[1]'.

2022-01-16 07:25:01 - [MESSAGE][PASSED] - Object 'Object Repository/Page_IntroCS Participants/select_Select                        Keywor_5ec06e' is visible

2022-01-16 07:25:01 - [TEST_STEP][PASSED] - selectOptionByValue(findTestObject("Object Repository/Page_IntroCS Participants/select_Select                        Keywor_5ec06e"), "roles", true): All options with value 'roles' are selected in object 'Object Repository/Page_IntroCS Participants/select_Select                        Keywor_5ec06e'  using regular expression

2022-01-16 07:25:32 - [MESSAGE][INFO] - Unable to find the element located by 'By.xpath: //select[@id='core_user-local-participantsfilter-filterrow-filtertype-61e2d22d9e97461e2d22d8e5d113']'. Please recheck the objects properties to make sure the desired element is located. 

2022-01-16 07:25:32 - [MESSAGE][WARNING] - [SELF-HEALING] Failed to find element with id 'Object Repository/Page_IntroCS Participants/select_Select                        Keywor_5ec06e'. Try using Self-healing.

2022-01-16 07:25:32 - [MESSAGE][WARNING] - [SELF-HEALING] The current locator of test object 'Object Repository/Page_IntroCS Participants/select_Select                        Keywor_5ec06e' was broken. Propose an alternative one: '(.//*[normalize-space(text()) and normalize-space(.)='Filter type'])[1]/following::select[1]'.

2022-01-16 07:25:33 - [MESSAGE][PASSED] - All options with value 'roles' are selected in object 'Object Repository/Page_IntroCS Participants/select_Select                        Keywor_5ec06e'  using regular expression

2022-01-16 07:25:33 - [TEST_STEP][PASSED] - click(findTestObject("Object Repository/Page_IntroCS Participants/span_")): Object: 'Object Repository/Page_IntroCS Participants/span_' is clicked on

2022-01-16 07:26:04 - [MESSAGE][INFO] - Unable to find the element located by 'By.xpath: //span[@id='form_autocomplete_downarrow-1642254893905']'. Please recheck the objects properties to make sure the desired element is located. 

2022-01-16 07:26:04 - [MESSAGE][WARNING] - [SELF-HEALING] Failed to find element with id 'Object Repository/Page_IntroCS Participants/span_'. Try using Self-healing.

2022-01-16 07:26:04 - [MESSAGE][WARNING] - [SELF-HEALING] The current locator of test object 'Object Repository/Page_IntroCS Participants/span_' was broken. Propose an alternative one: '(.//*[normalize-space(text()) and normalize-space(.)='Roles'])[2]/following::span[1]'.

2022-01-16 07:26:04 - [MESSAGE][PASSED] - Object: 'Object Repository/Page_IntroCS Participants/span_' is clicked on

2022-01-16 07:26:04 - [TEST_STEP][PASSED] - verifyElementText(findTestObject("Object Repository/Page_IntroCS Participants/li_Teacher"), "Teacher"): Actual text and expected text of test object 'Object Repository/Page_IntroCS Participants/li_Teacher' are matched.

2022-01-16 07:26:05 - [MESSAGE][PASSED] - Actual text and expected text of test object 'Object Repository/Page_IntroCS Participants/li_Teacher' are matched.

2022-01-16 07:26:05 - [TEST_STEP][PASSED] - click(findTestObject("Object Repository/Page_IntroCS Participants/li_Teacher")): Object: 'Object Repository/Page_IntroCS Participants/li_Teacher' is clicked on

2022-01-16 07:26:05 - [MESSAGE][PASSED] - Object: 'Object Repository/Page_IntroCS Participants/li_Teacher' is clicked on

2022-01-16 07:26:05 - [TEST_STEP][PASSED] - selectOptionByValue(findTestObject("Object Repository/Page_IntroCS Participants/select_No roles                    Course c_9336fa"), "3", true): All options with value '3' are selected in object 'Object Repository/Page_IntroCS Participants/select_No roles                    Course c_9336fa'  using regular expression

2022-01-16 07:26:07 - [MESSAGE][PASSED] - All options with value '3' are selected in object 'Object Repository/Page_IntroCS Participants/select_No roles                    Course c_9336fa'  using regular expression

2022-01-16 07:26:07 - [TEST_STEP][PASSED] - selectOptionByValue(findTestObject("Object Repository/Page_IntroCS Participants/select_No roles                    Course c_9336fa"), "3", true): All options with value '3' are selected in object 'Object Repository/Page_IntroCS Participants/select_No roles                    Course c_9336fa'  using regular expression

2022-01-16 07:26:08 - [MESSAGE][PASSED] - All options with value '3' are selected in object 'Object Repository/Page_IntroCS Participants/select_No roles                    Course c_9336fa'  using regular expression

2022-01-16 07:26:08 - [TEST_STEP][PASSED] - selectOptionByValue(findTestObject("Object Repository/Page_IntroCS Participants/select_No roles                    Course c_9336fa"), "3", true): All options with value '3' are selected in object 'Object Repository/Page_IntroCS Participants/select_No roles                    Course c_9336fa'  using regular expression

2022-01-16 07:26:09 - [MESSAGE][PASSED] - All options with value '3' are selected in object 'Object Repository/Page_IntroCS Participants/select_No roles                    Course c_9336fa'  using regular expression

2022-01-16 07:26:09 - [TEST_STEP][PASSED] - selectOptionByValue(findTestObject("Object Repository/Page_IntroCS Participants/select_No roles                    Course c_9336fa"), "3", true): All options with value '3' are selected in object 'Object Repository/Page_IntroCS Participants/select_No roles                    Course c_9336fa'  using regular expression

2022-01-16 07:26:09 - [MESSAGE][PASSED] - All options with value '3' are selected in object 'Object Repository/Page_IntroCS Participants/select_No roles                    Course c_9336fa'  using regular expression

2022-01-16 07:26:09 - [TEST_STEP][PASSED] - selectOptionByValue(findTestObject("Object Repository/Page_IntroCS Participants/select_No roles                    Course c_9336fa"), "3", true): All options with value '3' are selected in object 'Object Repository/Page_IntroCS Participants/select_No roles                    Course c_9336fa'  using regular expression

2022-01-16 07:26:10 - [MESSAGE][PASSED] - All options with value '3' are selected in object 'Object Repository/Page_IntroCS Participants/select_No roles                    Course c_9336fa'  using regular expression

2022-01-16 07:26:10 - [TEST_STEP][PASSED] - click(findTestObject("Object Repository/Page_IntroCS Participants/button_Apply filters")): Object: 'Object Repository/Page_IntroCS Participants/button_Apply filters' is clicked on

2022-01-16 07:26:11 - [MESSAGE][PASSED] - Object: 'Object Repository/Page_IntroCS Participants/button_Apply filters' is clicked on

2022-01-16 07:26:11 - [TEST_STEP][PASSED] - click(findTestObject("Object Repository/Page_IntroCS Participants/section_Participants                       _399b9a")): Object: 'Object Repository/Page_IntroCS Participants/section_Participants                       _399b9a' is clicked on

2022-01-16 07:26:11 - [MESSAGE][PASSED] - Object: 'Object Repository/Page_IntroCS Participants/section_Participants                       _399b9a' is clicked on

2022-01-16 07:26:11 - [TEST_STEP][PASSED] - verifyElementText(findTestObject("Object Repository/Page_IntroCS Participants/a_Tran Minh Triet"), "Tran Minh Triet"): Actual text and expected text of test object 'Object Repository/Page_IntroCS Participants/a_Tran Minh Triet' are matched.

2022-01-16 07:26:12 - [MESSAGE][PASSED] - Actual text and expected text of test object 'Object Repository/Page_IntroCS Participants/a_Tran Minh Triet' are matched.

2022-01-16 07:26:12 - [TEST_STEP][PASSED] - click(findTestObject("Object Repository/Page_IntroCS Participants/a_Tran Minh Triet")): Object: 'Object Repository/Page_IntroCS Participants/a_Tran Minh Triet' is clicked on

2022-01-16 07:26:12 - [MESSAGE][PASSED] - Object: 'Object Repository/Page_IntroCS Participants/a_Tran Minh Triet' is clicked on

2022-01-16 07:26:12 - [TEST_STEP][PASSED] - waitForElementVisible(findTestObject("Object Repository/Page_Introduction to Computer Science Perso_abbbf2/span_Message"), 0): Object 'Object Repository/Page_Introduction to Computer Science Perso_abbbf2/span_Message' is visible

2022-01-16 07:26:12 - [MESSAGE][WARNING] - Timeout '0' is invalid. Using default page load timeout: '30'

2022-01-16 07:26:13 - [MESSAGE][PASSED] - Object 'Object Repository/Page_Introduction to Computer Science Perso_abbbf2/span_Message' is visible

2022-01-16 07:26:13 - [TEST_STEP][PASSED] - click(findTestObject("Object Repository/Page_Introduction to Computer Science Perso_abbbf2/span_Message")): Object: 'Object Repository/Page_Introduction to Computer Science Perso_abbbf2/span_Message' is clicked on

2022-01-16 07:26:13 - [MESSAGE][PASSED] - Object: 'Object Repository/Page_Introduction to Computer Science Perso_abbbf2/span_Message' is clicked on

2022-01-16 07:26:13 - [TEST_STEP][PASSED] - setText(findTestObject("Object Repository/Page_Introduction to Computer Science Perso_abbbf2/textarea_Use enter to send_yui_3_17_2_1_164_06a8dd"), "Hello"): Text 'Hello' is set on object 'Object Repository/Page_Introduction to Computer Science Perso_abbbf2/textarea_Use enter to send_yui_3_17_2_1_164_06a8dd'

2022-01-16 07:26:45 - [MESSAGE][INFO] - Unable to find the element located by 'By.xpath: //textarea[@id='yui_3_17_2_1_1642254941870_35']'. Please recheck the objects properties to make sure the desired element is located. 

2022-01-16 07:26:45 - [MESSAGE][WARNING] - [SELF-HEALING] Failed to find element with id 'Object Repository/Page_Introduction to Computer Science Perso_abbbf2/textarea_Use enter to send_yui_3_17_2_1_164_06a8dd'. Try using Self-healing.

2022-01-16 07:26:45 - [MESSAGE][WARNING] - [SELF-HEALING] The current locator of test object 'Object Repository/Page_Introduction to Computer Science Perso_abbbf2/textarea_Use enter to send_yui_3_17_2_1_164_06a8dd' was broken. Propose an alternative one: '//textarea'.

2022-01-16 07:27:16 - [MESSAGE][INFO] - Unable to find the element located by 'By.xpath: //textarea[@id='yui_3_17_2_1_1642254941870_35']'. Please recheck the objects properties to make sure the desired element is located. 

2022-01-16 07:27:16 - [MESSAGE][WARNING] - [SELF-HEALING] Failed to find element with id 'Object Repository/Page_Introduction to Computer Science Perso_abbbf2/textarea_Use enter to send_yui_3_17_2_1_164_06a8dd'. Try using Self-healing.

2022-01-16 07:27:16 - [MESSAGE][WARNING] - [SELF-HEALING] The current locator of test object 'Object Repository/Page_Introduction to Computer Science Perso_abbbf2/textarea_Use enter to send_yui_3_17_2_1_164_06a8dd' was broken. Propose an alternative one: '//textarea'.

2022-01-16 07:27:16 - [MESSAGE][PASSED] - Text 'Hello' is set on object 'Object Repository/Page_Introduction to Computer Science Perso_abbbf2/textarea_Use enter to send_yui_3_17_2_1_164_06a8dd'

2022-01-16 07:27:16 - [TEST_STEP][PASSED] - click(findTestObject("Object Repository/Page_Introduction to Computer Science Perso_abbbf2/i__icon fa fa-paper-plane fa-fw")): Object: 'Object Repository/Page_Introduction to Computer Science Perso_abbbf2/i__icon fa fa-paper-plane fa-fw' is clicked on

2022-01-16 07:27:47 - [MESSAGE][INFO] - Unable to find the element located by 'By.xpath: //div[@id='yui_3_17_2_1_1642254941870_36']/div/button[2]/span/i'. Please recheck the objects properties to make sure the desired element is located. 

2022-01-16 07:27:47 - [MESSAGE][WARNING] - [SELF-HEALING] Failed to find element with id 'Object Repository/Page_Introduction to Computer Science Perso_abbbf2/i__icon fa fa-paper-plane fa-fw'. Try using Self-healing.

2022-01-16 07:27:48 - [MESSAGE][WARNING] - [SELF-HEALING] The current locator of test object 'Object Repository/Page_Introduction to Computer Science Perso_abbbf2/i__icon fa fa-paper-plane fa-fw' was broken. Propose an alternative one: '//button[2]/span/i'.

2022-01-16 07:27:48 - [MESSAGE][PASSED] - Object: 'Object Repository/Page_Introduction to Computer Science Perso_abbbf2/i__icon fa fa-paper-plane fa-fw' is clicked on

2022-01-16 07:27:48 - [TEST_STEP][PASSED] - closeBrowser(): Browser is closed

2022-01-16 07:27:48 - [MESSAGE][PASSED] - Browser is closed]]></system-out>
         <system-err><![CDATA[]]></system-err>
      </testcase>
      <testcase name="Test Cases/test case 38" time="103.328" classname="Test Cases/test case 38" status="PASSED">
         <system-out><![CDATA[2022-01-16 07:27:48 - [TEST_CASE][PASSED] - Test Cases/test case 38: Test Cases/test case 38

2022-01-16 07:27:49 - [TEST_STEP][PASSED] - openBrowser(""): Browser is opened with url: ''

2022-01-16 07:27:49 - [MESSAGE][INFO] - Starting 'Chrome' driver

2022-01-16 07:27:49 - [MESSAGE][INFO] - Action delay is set to 0 milliseconds

2022-01-16 07:27:50 - [MESSAGE][PASSED] - Browser is opened with url: ''

2022-01-16 07:27:50 - [TEST_STEP][PASSED] - navigateToUrl("http://localhost/"): Navigate to 'http://localhost/' successfully

2022-01-16 07:27:51 - [MESSAGE][PASSED] - Navigate to 'http://localhost/' successfully

2022-01-16 07:27:51 - [TEST_STEP][PASSED] - click(findTestObject("Object Repository/Page_Moodle/a_Log in")): Object: 'Object Repository/Page_Moodle/a_Log in' is clicked on

2022-01-16 07:27:52 - [MESSAGE][PASSED] - Object: 'Object Repository/Page_Moodle/a_Log in' is clicked on

2022-01-16 07:27:52 - [TEST_STEP][PASSED] - setText(findTestObject("Object Repository/Page_Moodle Log in to the site/input_Username_username"), "qmkhoi"): Text 'qmkhoi' is set on object 'Object Repository/Page_Moodle Log in to the site/input_Username_username'

2022-01-16 07:27:53 - [MESSAGE][PASSED] - Text 'qmkhoi' is set on object 'Object Repository/Page_Moodle Log in to the site/input_Username_username'

2022-01-16 07:27:53 - [TEST_STEP][PASSED] - setEncryptedText(findTestObject("Object Repository/Page_Moodle Log in to the site/input_Password_password"), "eiP2h/EMT1hJlGmKEGA7sg=="): Text ****** has been set on object 'Object Repository/Page_Moodle Log in to the site/input_Password_password'

2022-01-16 07:27:53 - [MESSAGE][PASSED] - Text ****** has been set on object 'Object Repository/Page_Moodle Log in to the site/input_Password_password'

2022-01-16 07:27:53 - [TEST_STEP][PASSED] - click(findTestObject("Object Repository/Page_Moodle Log in to the site/button_Log in")): Object: 'Object Repository/Page_Moodle Log in to the site/button_Log in' is clicked on

2022-01-16 07:27:54 - [MESSAGE][PASSED] - Object: 'Object Repository/Page_Moodle Log in to the site/button_Log in' is clicked on

2022-01-16 07:27:54 - [TEST_STEP][PASSED] - click(findTestObject("Object Repository/Page_Dashboard/a_Quach Minh Khoi")): Object: 'Object Repository/Page_Dashboard/a_Quach Minh Khoi' is clicked on

2022-01-16 07:27:55 - [MESSAGE][PASSED] - Object: 'Object Repository/Page_Dashboard/a_Quach Minh Khoi' is clicked on

2022-01-16 07:27:55 - [TEST_STEP][PASSED] - click(findTestObject("Object Repository/Page_Dashboard/span_Grades")): Object: 'Object Repository/Page_Dashboard/span_Grades' is clicked on

2022-01-16 07:27:56 - [MESSAGE][PASSED] - Object: 'Object Repository/Page_Dashboard/span_Grades' is clicked on

2022-01-16 07:27:56 - [TEST_STEP][PASSED] - verifyElementText(findTestObject("Page_Grades - Quach Minh Khoi/a_Introduction to Computer Science"), "Introduction to Computer Science"): Actual text and expected text of test object 'Object Repository/Page_Grades - Quach Minh Khoi/a_Introduction to Computer Science' are matched.

2022-01-16 07:28:27 - [MESSAGE][INFO] - Unable to find the element located by 'By.xpath: //td[@id='grade-report-overview-3_r0_c0']/a'. Please recheck the objects properties to make sure the desired element is located. 

2022-01-16 07:28:27 - [MESSAGE][WARNING] - [SELF-HEALING] Failed to find element with id 'Object Repository/Page_Grades - Quach Minh Khoi/a_Introduction to Computer Science'. Try using Self-healing.

2022-01-16 07:28:28 - [MESSAGE][WARNING] - [SELF-HEALING] The current locator of test object 'Object Repository/Page_Grades - Quach Minh Khoi/a_Introduction to Computer Science' was broken. Propose an alternative one: '//a[contains(text(),'Introduction to Computer Science')]'.

2022-01-16 07:28:28 - [MESSAGE][PASSED] - Actual text and expected text of test object 'Object Repository/Page_Grades - Quach Minh Khoi/a_Introduction to Computer Science' are matched.

2022-01-16 07:28:28 - [TEST_STEP][PASSED] - click(findTestObject("Object Repository/Page_Grades - Quach Minh Khoi/a_Introduction to Computer Science")): Object: 'Object Repository/Page_Grades - Quach Minh Khoi/a_Introduction to Computer Science' is clicked on

2022-01-16 07:28:59 - [MESSAGE][INFO] - Unable to find the element located by 'By.xpath: //td[@id='grade-report-overview-3_r0_c0']/a'. Please recheck the objects properties to make sure the desired element is located. 

2022-01-16 07:28:59 - [MESSAGE][WARNING] - [SELF-HEALING] Failed to find element with id 'Object Repository/Page_Grades - Quach Minh Khoi/a_Introduction to Computer Science'. Try using Self-healing.

2022-01-16 07:28:59 - [MESSAGE][WARNING] - [SELF-HEALING] The current locator of test object 'Object Repository/Page_Grades - Quach Minh Khoi/a_Introduction to Computer Science' was broken. Propose an alternative one: '//a[contains(text(),'Introduction to Computer Science')]'.

2022-01-16 07:29:00 - [MESSAGE][PASSED] - Object: 'Object Repository/Page_Grades - Quach Minh Khoi/a_Introduction to Computer Science' is clicked on

2022-01-16 07:29:00 - [TEST_STEP][PASSED] - verifyElementText(findTestObject("Object Repository/Page_IntroCS Activity report (grade)/span_Course total"), "Course total"): Actual text and expected text of test object 'Object Repository/Page_IntroCS Activity report (grade)/span_Course total' are matched.

2022-01-16 07:29:31 - [MESSAGE][INFO] - Unable to find the element located by 'By.xpath: //th[@id='row_9_3']/span'. Please recheck the objects properties to make sure the desired element is located. 

2022-01-16 07:29:31 - [MESSAGE][WARNING] - [SELF-HEALING] Failed to find element with id 'Object Repository/Page_IntroCS Activity report (grade)/span_Course total'. Try using Self-healing.

2022-01-16 07:29:31 - [MESSAGE][WARNING] - [SELF-HEALING] The current locator of test object 'Object Repository/Page_IntroCS Activity report (grade)/span_Course total' was broken. Propose an alternative one: '(.//*[normalize-space(text()) and normalize-space(.)='Introduction to Computer Science'])[1]/following::span[1]'.

2022-01-16 07:29:31 - [MESSAGE][PASSED] - Actual text and expected text of test object 'Object Repository/Page_IntroCS Activity report (grade)/span_Course total' are matched.

2022-01-16 07:29:31 - [TEST_STEP][PASSED] - closeBrowser(): Browser is closed

2022-01-16 07:29:32 - [MESSAGE][PASSED] - Browser is closed]]></system-out>
         <system-err><![CDATA[]]></system-err>
      </testcase>
      <testcase name="Test Cases/test case 39" time="42.179" classname="Test Cases/test case 39" status="PASSED">
         <system-out><![CDATA[2022-01-16 07:29:32 - [TEST_CASE][PASSED] - Test Cases/test case 39: Test Cases/test case 39

2022-01-16 07:29:32 - [TEST_STEP][PASSED] - openBrowser(""): Browser is opened with url: ''

2022-01-16 07:29:32 - [MESSAGE][INFO] - Starting 'Chrome' driver

2022-01-16 07:29:32 - [MESSAGE][INFO] - Action delay is set to 0 milliseconds

2022-01-16 07:29:33 - [MESSAGE][PASSED] - Browser is opened with url: ''

2022-01-16 07:29:33 - [TEST_STEP][PASSED] - navigateToUrl("http://localhost/"): Navigate to 'http://localhost/' successfully

2022-01-16 07:29:34 - [MESSAGE][PASSED] - Navigate to 'http://localhost/' successfully

2022-01-16 07:29:34 - [TEST_STEP][PASSED] - click(findTestObject("Object Repository/Page_Moodle/a_Log in")): Object: 'Object Repository/Page_Moodle/a_Log in' is clicked on

2022-01-16 07:29:35 - [MESSAGE][PASSED] - Object: 'Object Repository/Page_Moodle/a_Log in' is clicked on

2022-01-16 07:29:35 - [TEST_STEP][PASSED] - setText(findTestObject("Object Repository/Page_Moodle Log in to the site/input_Username_username"), "qmkhoi"): Text 'qmkhoi' is set on object 'Object Repository/Page_Moodle Log in to the site/input_Username_username'

2022-01-16 07:29:36 - [MESSAGE][PASSED] - Text 'qmkhoi' is set on object 'Object Repository/Page_Moodle Log in to the site/input_Username_username'

2022-01-16 07:29:36 - [TEST_STEP][PASSED] - setEncryptedText(findTestObject("Object Repository/Page_Moodle Log in to the site/input_Password_password"), "eiP2h/EMT1hJlGmKEGA7sg=="): Text ****** has been set on object 'Object Repository/Page_Moodle Log in to the site/input_Password_password'

2022-01-16 07:29:36 - [MESSAGE][PASSED] - Text ****** has been set on object 'Object Repository/Page_Moodle Log in to the site/input_Password_password'

2022-01-16 07:29:36 - [TEST_STEP][PASSED] - click(findTestObject("Object Repository/Page_Moodle Log in to the site/button_Log in")): Object: 'Object Repository/Page_Moodle Log in to the site/button_Log in' is clicked on

2022-01-16 07:29:37 - [MESSAGE][PASSED] - Object: 'Object Repository/Page_Moodle Log in to the site/button_Log in' is clicked on

2022-01-16 07:29:37 - [TEST_STEP][PASSED] - click(findTestObject("Object Repository/Page_Dashboard/a_Quach Minh Khoi")): Object: 'Object Repository/Page_Dashboard/a_Quach Minh Khoi' is clicked on

2022-01-16 07:29:39 - [MESSAGE][PASSED] - Object: 'Object Repository/Page_Dashboard/a_Quach Minh Khoi' is clicked on

2022-01-16 07:29:39 - [TEST_STEP][PASSED] - click(findTestObject("Object Repository/Page_Dashboard/a_Profile")): Object: 'Object Repository/Page_Dashboard/a_Profile' is clicked on

2022-01-16 07:29:40 - [MESSAGE][PASSED] - Object: 'Object Repository/Page_Dashboard/a_Profile' is clicked on

2022-01-16 07:29:40 - [TEST_STEP][PASSED] - verifyElementText(findTestObject("Page_Quach Minh Khoi Public profile/a_Introduction to Computer Science"), "Introduction to Computer Science"): Actual text and expected text of test object 'Object Repository/Page_Quach Minh Khoi Public profile/a_Introduction to Computer Science' are matched.

2022-01-16 07:29:40 - [MESSAGE][PASSED] - Actual text and expected text of test object 'Object Repository/Page_Quach Minh Khoi Public profile/a_Introduction to Computer Science' are matched.

2022-01-16 07:29:40 - [TEST_STEP][PASSED] - click(findTestObject("Object Repository/Page_Quach Minh Khoi Public profile/a_Introduction to Computer Science")): Object: 'Object Repository/Page_Quach Minh Khoi Public profile/a_Introduction to Computer Science' is clicked on

2022-01-16 07:29:41 - [MESSAGE][PASSED] - Object: 'Object Repository/Page_Quach Minh Khoi Public profile/a_Introduction to Computer Science' is clicked on

2022-01-16 07:29:41 - [TEST_STEP][PASSED] - click(findTestObject("Object Repository/Page_Introduction to Computer Science Perso_363e4d/a_Grades")): Object: 'Object Repository/Page_Introduction to Computer Science Perso_363e4d/a_Grades' is clicked on

2022-01-16 07:29:42 - [MESSAGE][PASSED] - Object: 'Object Repository/Page_Introduction to Computer Science Perso_363e4d/a_Grades' is clicked on

2022-01-16 07:29:42 - [TEST_STEP][PASSED] - verifyElementText(findTestObject("Object Repository/Page_IntroCS Activity report (grade)/span_Course total"), "Course total"): Actual text and expected text of test object 'Object Repository/Page_IntroCS Activity report (grade)/span_Course total' are matched.

2022-01-16 07:30:13 - [MESSAGE][INFO] - Unable to find the element located by 'By.xpath: //th[@id='row_9_3']/span'. Please recheck the objects properties to make sure the desired element is located. 

2022-01-16 07:30:13 - [MESSAGE][WARNING] - [SELF-HEALING] Failed to find element with id 'Object Repository/Page_IntroCS Activity report (grade)/span_Course total'. Try using Self-healing.

2022-01-16 07:30:13 - [MESSAGE][WARNING] - [SELF-HEALING] The current locator of test object 'Object Repository/Page_IntroCS Activity report (grade)/span_Course total' was broken. Propose an alternative one: '(.//*[normalize-space(text()) and normalize-space(.)='Introduction to Computer Science'])[1]/following::span[1]'.

2022-01-16 07:30:13 - [MESSAGE][PASSED] - Actual text and expected text of test object 'Object Repository/Page_IntroCS Activity report (grade)/span_Course total' are matched.

2022-01-16 07:30:13 - [TEST_STEP][PASSED] - closeBrowser(): Browser is closed

2022-01-16 07:30:14 - [MESSAGE][PASSED] - Browser is closed]]></system-out>
         <system-err><![CDATA[]]></system-err>
      </testcase>
      <testcase name="Test Cases/test case 40" time="9.62" classname="Test Cases/test case 40" status="PASSED">
         <system-out><![CDATA[2022-01-16 07:30:14 - [TEST_CASE][PASSED] - Test Cases/test case 40: Test Cases/test case 40

2022-01-16 07:30:14 - [TEST_STEP][PASSED] - openBrowser(""): Browser is opened with url: ''

2022-01-16 07:30:14 - [MESSAGE][INFO] - Starting 'Chrome' driver

2022-01-16 07:30:14 - [MESSAGE][INFO] - Action delay is set to 0 milliseconds

2022-01-16 07:30:15 - [MESSAGE][PASSED] - Browser is opened with url: ''

2022-01-16 07:30:15 - [TEST_STEP][PASSED] - navigateToUrl("http://localhost/"): Navigate to 'http://localhost/' successfully

2022-01-16 07:30:16 - [MESSAGE][PASSED] - Navigate to 'http://localhost/' successfully

2022-01-16 07:30:16 - [TEST_STEP][PASSED] - click(findTestObject("Object Repository/Page_Moodle/a_Log in")): Object: 'Object Repository/Page_Moodle/a_Log in' is clicked on

2022-01-16 07:30:17 - [MESSAGE][PASSED] - Object: 'Object Repository/Page_Moodle/a_Log in' is clicked on

2022-01-16 07:30:17 - [TEST_STEP][PASSED] - setText(findTestObject("Object Repository/Page_Moodle Log in to the site/input_Username_username"), "qmkhoi"): Text 'qmkhoi' is set on object 'Object Repository/Page_Moodle Log in to the site/input_Username_username'

2022-01-16 07:30:18 - [MESSAGE][PASSED] - Text 'qmkhoi' is set on object 'Object Repository/Page_Moodle Log in to the site/input_Username_username'

2022-01-16 07:30:18 - [TEST_STEP][PASSED] - setEncryptedText(findTestObject("Object Repository/Page_Moodle Log in to the site/input_Password_password"), "eiP2h/EMT1hJlGmKEGA7sg=="): Text ****** has been set on object 'Object Repository/Page_Moodle Log in to the site/input_Password_password'

2022-01-16 07:30:19 - [MESSAGE][PASSED] - Text ****** has been set on object 'Object Repository/Page_Moodle Log in to the site/input_Password_password'

2022-01-16 07:30:19 - [TEST_STEP][PASSED] - click(findTestObject("Object Repository/Page_Moodle Log in to the site/button_Log in")): Object: 'Object Repository/Page_Moodle Log in to the site/button_Log in' is clicked on

2022-01-16 07:30:20 - [MESSAGE][PASSED] - Object: 'Object Repository/Page_Moodle Log in to the site/button_Log in' is clicked on

2022-01-16 07:30:20 - [TEST_STEP][PASSED] - verifyElementText(findTestObject("Object Repository/Page_Dashboard/span_IntroCS"), "IntroCS"): Actual text and expected text of test object 'Object Repository/Page_Dashboard/span_IntroCS' are matched.

2022-01-16 07:30:21 - [MESSAGE][PASSED] - Actual text and expected text of test object 'Object Repository/Page_Dashboard/span_IntroCS' are matched.

2022-01-16 07:30:21 - [TEST_STEP][PASSED] - click(findTestObject("Object Repository/Page_Dashboard/span_IntroCS")): Object: 'Object Repository/Page_Dashboard/span_IntroCS' is clicked on

2022-01-16 07:30:22 - [MESSAGE][PASSED] - Object: 'Object Repository/Page_Dashboard/span_IntroCS' is clicked on

2022-01-16 07:30:22 - [TEST_STEP][PASSED] - click(findTestObject("Object Repository/Page_Course Introduction to Computer Science/span_Grades")): Object: 'Object Repository/Page_Course Introduction to Computer Science/span_Grades' is clicked on

2022-01-16 07:30:22 - [MESSAGE][PASSED] - Object: 'Object Repository/Page_Course Introduction to Computer Science/span_Grades' is clicked on

2022-01-16 07:30:22 - [TEST_STEP][PASSED] - verifyElementText(findTestObject("Object Repository/Page_Grades View/h2_User report - Quach Minh Khoi"), "User report - Quach Minh Khoi"): Actual text and expected text of test object 'Object Repository/Page_Grades View/h2_User report - Quach Minh Khoi' are matched.

2022-01-16 07:30:23 - [MESSAGE][PASSED] - Actual text and expected text of test object 'Object Repository/Page_Grades View/h2_User report - Quach Minh Khoi' are matched.

2022-01-16 07:30:23 - [TEST_STEP][PASSED] - closeBrowser(): Browser is closed

2022-01-16 07:30:24 - [MESSAGE][PASSED] - Browser is closed]]></system-out>
         <system-err><![CDATA[]]></system-err>
      </testcase>
      <testcase name="Test Cases/test case 41" time="173.139" classname="Test Cases/test case 41" status="PASSED">
         <system-out><![CDATA[2022-01-16 07:30:24 - [TEST_CASE][PASSED] - Test Cases/test case 41: Test Cases/test case 41

2022-01-16 07:30:24 - [TEST_STEP][PASSED] - openBrowser(""): Browser is opened with url: ''

2022-01-16 07:30:24 - [MESSAGE][INFO] - Starting 'Chrome' driver

2022-01-16 07:30:24 - [MESSAGE][INFO] - Action delay is set to 0 milliseconds

2022-01-16 07:30:25 - [MESSAGE][PASSED] - Browser is opened with url: ''

2022-01-16 07:30:25 - [TEST_STEP][PASSED] - navigateToUrl("http://localhost/"): Navigate to 'http://localhost/' successfully

2022-01-16 07:30:26 - [MESSAGE][PASSED] - Navigate to 'http://localhost/' successfully

2022-01-16 07:30:26 - [TEST_STEP][PASSED] - click(findTestObject("Object Repository/Page_Moodle/a_Log in")): Object: 'Object Repository/Page_Moodle/a_Log in' is clicked on

2022-01-16 07:30:27 - [MESSAGE][PASSED] - Object: 'Object Repository/Page_Moodle/a_Log in' is clicked on

2022-01-16 07:30:27 - [TEST_STEP][PASSED] - setText(findTestObject("Object Repository/Page_Moodle Log in to the site/input_Username_username"), "tmtriet"): Text 'tmtriet' is set on object 'Object Repository/Page_Moodle Log in to the site/input_Username_username'

2022-01-16 07:30:28 - [MESSAGE][PASSED] - Text 'tmtriet' is set on object 'Object Repository/Page_Moodle Log in to the site/input_Username_username'

2022-01-16 07:30:28 - [TEST_STEP][PASSED] - setEncryptedText(findTestObject("Object Repository/Page_Moodle Log in to the site/input_Password_password"), "NMz1A57fMJEpXGm/T4cXeQ=="): Text ****** has been set on object 'Object Repository/Page_Moodle Log in to the site/input_Password_password'

2022-01-16 07:30:28 - [MESSAGE][PASSED] - Text ****** has been set on object 'Object Repository/Page_Moodle Log in to the site/input_Password_password'

2022-01-16 07:30:28 - [TEST_STEP][PASSED] - click(findTestObject("Object Repository/Page_Moodle Log in to the site/button_Log in")): Object: 'Object Repository/Page_Moodle Log in to the site/button_Log in' is clicked on

2022-01-16 07:30:29 - [MESSAGE][PASSED] - Object: 'Object Repository/Page_Moodle Log in to the site/button_Log in' is clicked on

2022-01-16 07:30:29 - [TEST_STEP][PASSED] - verifyElementText(findTestObject("Page_Dashboard/span_IntroCS"), "IntroCS"): Actual text and expected text of test object 'Object Repository/Page_Dashboard/span_IntroCS' are matched.

2022-01-16 07:30:30 - [MESSAGE][PASSED] - Actual text and expected text of test object 'Object Repository/Page_Dashboard/span_IntroCS' are matched.

2022-01-16 07:30:30 - [TEST_STEP][PASSED] - click(findTestObject("Object Repository/Page_Dashboard/span_IntroCS")): Object: 'Object Repository/Page_Dashboard/span_IntroCS' is clicked on

2022-01-16 07:30:31 - [MESSAGE][PASSED] - Object: 'Object Repository/Page_Dashboard/span_IntroCS' is clicked on

2022-01-16 07:30:31 - [TEST_STEP][PASSED] - waitForElementPresent(findTestObject("Object Repository/Page_Course Introduction to Computer Science/span_Announcements Forum"), 0): Object 'Object Repository/Page_Course Introduction to Computer Science/span_Announcements Forum' is present

2022-01-16 07:30:31 - [MESSAGE][WARNING] - Timeout '0' is invalid. Using default page load timeout: '30'

2022-01-16 07:30:32 - [MESSAGE][PASSED] - Object 'Object Repository/Page_Course Introduction to Computer Science/span_Announcements Forum' is present

2022-01-16 07:30:32 - [TEST_STEP][PASSED] - click(findTestObject("Object Repository/Page_Course Introduction to Computer Science/span_Announcements Forum")): Object: 'Object Repository/Page_Course Introduction to Computer Science/span_Announcements Forum' is clicked on

2022-01-16 07:30:33 - [MESSAGE][PASSED] - Object: 'Object Repository/Page_Course Introduction to Computer Science/span_Announcements Forum' is clicked on

2022-01-16 07:30:33 - [TEST_STEP][PASSED] - click(findTestObject("Object Repository/Page_Announcements/a_Add a new topic")): Object: 'Object Repository/Page_Announcements/a_Add a new topic' is clicked on

2022-01-16 07:31:04 - [MESSAGE][INFO] - Unable to find the element located by 'By.xpath: //a[@id='yui_3_17_2_1_1642209133848_492']'. Please recheck the objects properties to make sure the desired element is located. 

2022-01-16 07:31:04 - [MESSAGE][WARNING] - [SELF-HEALING] Failed to find element with id 'Object Repository/Page_Announcements/a_Add a new topic'. Try using Self-healing.

2022-01-16 07:31:04 - [MESSAGE][WARNING] - [SELF-HEALING] The current locator of test object 'Object Repository/Page_Announcements/a_Add a new topic' was broken. Propose an alternative one: '//a[contains(text(),'Add a new topic')]'.

2022-01-16 07:31:04 - [MESSAGE][PASSED] - Object: 'Object Repository/Page_Announcements/a_Add a new topic' is clicked on

2022-01-16 07:31:04 - [TEST_STEP][PASSED] - setText(findTestObject("Object Repository/Page_Announcements/input_Subject_subject"), "Announcement for Tet holiday"): Text 'Announcement for Tet holiday' is set on object 'Object Repository/Page_Announcements/input_Subject_subject'

2022-01-16 07:31:05 - [MESSAGE][PASSED] - Text 'Announcement for Tet holiday' is set on object 'Object Repository/Page_Announcements/input_Subject_subject'

2022-01-16 07:31:05 - [TEST_STEP][PASSED] - click(findTestObject("Object Repository/Page_Announcements/p")): Object: 'Object Repository/Page_Announcements/p' is clicked on

2022-01-16 07:31:05 - [MESSAGE][PASSED] - Object: 'Object Repository/Page_Announcements/p' is clicked on

2022-01-16 07:31:05 - [TEST_STEP][PASSED] - setText(findTestObject("Object Repository/Page_Announcements/div_Wish you have a nice break"), "Wish you have a nice break"): Text 'Wish you have a nice break' is set on object 'Object Repository/Page_Announcements/div_Wish you have a nice break'

2022-01-16 07:31:07 - [MESSAGE][PASSED] - Text 'Wish you have a nice break' is set on object 'Object Repository/Page_Announcements/div_Wish you have a nice break'

2022-01-16 07:31:07 - [TEST_STEP][PASSED] - waitForElementPresent(findTestObject("Object Repository/Page_Announcements/input_Message_submitbutton"), 0): Object 'Object Repository/Page_Announcements/input_Message_submitbutton' is present

2022-01-16 07:31:07 - [MESSAGE][WARNING] - Timeout '0' is invalid. Using default page load timeout: '30'

2022-01-16 07:31:07 - [MESSAGE][PASSED] - Object 'Object Repository/Page_Announcements/input_Message_submitbutton' is present

2022-01-16 07:31:07 - [TEST_STEP][PASSED] - click(findTestObject("Object Repository/Page_Announcements/input_Message_submitbutton")): Object: 'Object Repository/Page_Announcements/input_Message_submitbutton' is clicked on

2022-01-16 07:31:08 - [MESSAGE][PASSED] - Object: 'Object Repository/Page_Announcements/input_Message_submitbutton' is clicked on

2022-01-16 07:31:08 - [TEST_STEP][PASSED] - verifyElementText(findTestObject("Object Repository/Page_Announcements/p_Your post was successfully added"), "Your post was successfully added."): Actual text and expected text of test object 'Object Repository/Page_Announcements/p_Your post was successfully added' are matched.

2022-01-16 07:31:09 - [MESSAGE][PASSED] - Actual text and expected text of test object 'Object Repository/Page_Announcements/p_Your post was successfully added' are matched.

2022-01-16 07:31:09 - [TEST_STEP][PASSED] - verifyElementText(findTestObject("Object Repository/Page_Announcements/p_You have 30 mins to edit it if you want t_c2beca"), "You have 30 mins to edit it if you want to make any changes."): Actual text and expected text of test object 'Object Repository/Page_Announcements/p_You have 30 mins to edit it if you want t_c2beca' are matched.

2022-01-16 07:31:40 - [MESSAGE][INFO] - Unable to find the element located by 'By.xpath: //div[@id='yui_3_17_2_1_1642208221973_481']/p[2]'. Please recheck the objects properties to make sure the desired element is located. 

2022-01-16 07:31:40 - [MESSAGE][WARNING] - [SELF-HEALING] Failed to find element with id 'Object Repository/Page_Announcements/p_You have 30 mins to edit it if you want t_c2beca'. Try using Self-healing.

2022-01-16 07:31:40 - [MESSAGE][WARNING] - [SELF-HEALING] The current locator of test object 'Object Repository/Page_Announcements/p_You have 30 mins to edit it if you want t_c2beca' was broken. Propose an alternative one: '(.//*[normalize-space(text()) and normalize-space(.)='×'])[1]/following::p[2]'.

2022-01-16 07:31:40 - [MESSAGE][PASSED] - Actual text and expected text of test object 'Object Repository/Page_Announcements/p_You have 30 mins to edit it if you want t_c2beca' are matched.

2022-01-16 07:31:40 - [TEST_STEP][PASSED] - click(findTestObject("Object Repository/Page_Announcements/a_Announcement for Tet holiday")): Object: 'Object Repository/Page_Announcements/a_Announcement for Tet holiday' is clicked on

2022-01-16 07:32:11 - [MESSAGE][INFO] - Unable to find the element located by 'By.xpath: //a[@id='yui_3_17_2_1_1642208221973_514']'. Please recheck the objects properties to make sure the desired element is located. 

2022-01-16 07:32:11 - [MESSAGE][WARNING] - [SELF-HEALING] Failed to find element with id 'Object Repository/Page_Announcements/a_Announcement for Tet holiday'. Try using Self-healing.

2022-01-16 07:32:11 - [MESSAGE][WARNING] - [SELF-HEALING] The current locator of test object 'Object Repository/Page_Announcements/a_Announcement for Tet holiday' was broken. Propose an alternative one: '//a[contains(text(),'Announcement for Tet holiday')]'.

2022-01-16 07:32:12 - [MESSAGE][PASSED] - Object: 'Object Repository/Page_Announcements/a_Announcement for Tet holiday' is clicked on

2022-01-16 07:32:12 - [TEST_STEP][PASSED] - click(findTestObject("Object Repository/Page_IntroCS Announcement for Tet holiday/a_Delete")): Object: 'Object Repository/Page_IntroCS Announcement for Tet holiday/a_Delete' is clicked on

2022-01-16 07:32:43 - [MESSAGE][INFO] - Unable to find the element located by 'By.xpath: //article[@id='p9']/div/div/div/div[2]/div[2]/div/a[3]'. Please recheck the objects properties to make sure the desired element is located. 

2022-01-16 07:32:43 - [MESSAGE][WARNING] - [SELF-HEALING] Failed to find element with id 'Object Repository/Page_IntroCS Announcement for Tet holiday/a_Delete'. Try using Self-healing.

2022-01-16 07:32:43 - [MESSAGE][WARNING] - [SELF-HEALING] The current locator of test object 'Object Repository/Page_IntroCS Announcement for Tet holiday/a_Delete' was broken. Propose an alternative one: '//a[contains(text(),'Delete')]'.

2022-01-16 07:32:43 - [MESSAGE][PASSED] - Object: 'Object Repository/Page_IntroCS Announcement for Tet holiday/a_Delete' is clicked on

2022-01-16 07:32:43 - [TEST_STEP][PASSED] - click(findTestObject("Object Repository/Page_IntroCS/button_Continue")): Object: 'Object Repository/Page_IntroCS/button_Continue' is clicked on

2022-01-16 07:33:15 - [MESSAGE][INFO] - Unable to find the element located by 'By.xpath: //button[@id='single_button61e21bf6295b614']'. Please recheck the objects properties to make sure the desired element is located. 

2022-01-16 07:33:15 - [MESSAGE][WARNING] - [SELF-HEALING] Failed to find element with id 'Object Repository/Page_IntroCS/button_Continue'. Try using Self-healing.

2022-01-16 07:33:15 - [MESSAGE][WARNING] - [SELF-HEALING] The current locator of test object 'Object Repository/Page_IntroCS/button_Continue' was broken. Propose an alternative one: '//div[@id='modal-footer']/div/div/form/button'.

2022-01-16 07:33:15 - [MESSAGE][PASSED] - Object: 'Object Repository/Page_IntroCS/button_Continue' is clicked on

2022-01-16 07:33:15 - [TEST_STEP][PASSED] - verifyElementPresent(findTestObject("Object Repository/Page_Announcements/div_Discussion deleted"), 0): Object 'Object Repository/Page_Announcements/div_Discussion deleted' is present

2022-01-16 07:33:16 - [MESSAGE][WARNING] - Timeout '0' is invalid. Using default page load timeout: '30'

2022-01-16 07:33:16 - [MESSAGE][PASSED] - Object 'Object Repository/Page_Announcements/div_Discussion deleted' is present

2022-01-16 07:33:16 - [TEST_STEP][PASSED] - closeBrowser(): Browser is closed

2022-01-16 07:33:17 - [MESSAGE][PASSED] - Browser is closed]]></system-out>
         <system-err><![CDATA[]]></system-err>
      </testcase>
      <testcase name="Test Cases/test case 42" time="311.703" classname="Test Cases/test case 42" status="PASSED">
         <system-out><![CDATA[2022-01-16 07:33:17 - [TEST_CASE][PASSED] - Test Cases/test case 42: Test Cases/test case 42

2022-01-16 07:33:17 - [TEST_STEP][PASSED] - openBrowser(""): Browser is opened with url: ''

2022-01-16 07:33:17 - [MESSAGE][INFO] - Starting 'Chrome' driver

2022-01-16 07:33:17 - [MESSAGE][INFO] - Action delay is set to 0 milliseconds

2022-01-16 07:33:18 - [MESSAGE][PASSED] - Browser is opened with url: ''

2022-01-16 07:33:18 - [TEST_STEP][PASSED] - navigateToUrl("http://localhost/"): Navigate to 'http://localhost/' successfully

2022-01-16 07:33:19 - [MESSAGE][PASSED] - Navigate to 'http://localhost/' successfully

2022-01-16 07:33:19 - [TEST_STEP][PASSED] - click(findTestObject("Object Repository/Page_Moodle/a_Log in")): Object: 'Object Repository/Page_Moodle/a_Log in' is clicked on

2022-01-16 07:33:20 - [MESSAGE][PASSED] - Object: 'Object Repository/Page_Moodle/a_Log in' is clicked on

2022-01-16 07:33:20 - [TEST_STEP][PASSED] - setText(findTestObject("Object Repository/Page_Moodle Log in to the site/input_Username_username"), "tmtriet"): Text 'tmtriet' is set on object 'Object Repository/Page_Moodle Log in to the site/input_Username_username'

2022-01-16 07:33:21 - [MESSAGE][PASSED] - Text 'tmtriet' is set on object 'Object Repository/Page_Moodle Log in to the site/input_Username_username'

2022-01-16 07:33:21 - [TEST_STEP][PASSED] - setEncryptedText(findTestObject("Object Repository/Page_Moodle Log in to the site/input_Password_password"), "NMz1A57fMJEpXGm/T4cXeQ=="): Text ****** has been set on object 'Object Repository/Page_Moodle Log in to the site/input_Password_password'

2022-01-16 07:33:21 - [MESSAGE][PASSED] - Text ****** has been set on object 'Object Repository/Page_Moodle Log in to the site/input_Password_password'

2022-01-16 07:33:21 - [TEST_STEP][PASSED] - click(findTestObject("Object Repository/Page_Moodle Log in to the site/button_Log in")): Object: 'Object Repository/Page_Moodle Log in to the site/button_Log in' is clicked on

2022-01-16 07:33:22 - [MESSAGE][PASSED] - Object: 'Object Repository/Page_Moodle Log in to the site/button_Log in' is clicked on

2022-01-16 07:33:22 - [TEST_STEP][PASSED] - verifyElementText(findTestObject("Page_Dashboard/span_IntroCS"), "IntroCS"): Actual text and expected text of test object 'Object Repository/Page_Dashboard/span_IntroCS' are matched.

2022-01-16 07:33:23 - [MESSAGE][PASSED] - Actual text and expected text of test object 'Object Repository/Page_Dashboard/span_IntroCS' are matched.

2022-01-16 07:33:23 - [TEST_STEP][PASSED] - click(findTestObject("Object Repository/Page_Dashboard/span_IntroCS")): Object: 'Object Repository/Page_Dashboard/span_IntroCS' is clicked on

2022-01-16 07:33:24 - [MESSAGE][PASSED] - Object: 'Object Repository/Page_Dashboard/span_IntroCS' is clicked on

2022-01-16 07:33:24 - [TEST_STEP][PASSED] - verifyElementPresent(findTestObject("Object Repository/Page_Course Introduction to Computer Science/span_Announcements Forum"), 0): Object 'Object Repository/Page_Course Introduction to Computer Science/span_Announcements Forum' is present

2022-01-16 07:33:24 - [MESSAGE][WARNING] - Timeout '0' is invalid. Using default page load timeout: '30'

2022-01-16 07:33:25 - [MESSAGE][PASSED] - Object 'Object Repository/Page_Course Introduction to Computer Science/span_Announcements Forum' is present

2022-01-16 07:33:25 - [TEST_STEP][PASSED] - click(findTestObject("Object Repository/Page_Course Introduction to Computer Science/span_Announcements Forum")): Object: 'Object Repository/Page_Course Introduction to Computer Science/span_Announcements Forum' is clicked on

2022-01-16 07:33:26 - [MESSAGE][PASSED] - Object: 'Object Repository/Page_Course Introduction to Computer Science/span_Announcements Forum' is clicked on

2022-01-16 07:33:26 - [TEST_STEP][PASSED] - click(findTestObject("Object Repository/Page_Announcements/a_Add a new topic")): Object: 'Object Repository/Page_Announcements/a_Add a new topic' is clicked on

2022-01-16 07:33:57 - [MESSAGE][INFO] - Unable to find the element located by 'By.xpath: //a[@id='yui_3_17_2_1_1642209133848_492']'. Please recheck the objects properties to make sure the desired element is located. 

2022-01-16 07:33:57 - [MESSAGE][WARNING] - [SELF-HEALING] Failed to find element with id 'Object Repository/Page_Announcements/a_Add a new topic'. Try using Self-healing.

2022-01-16 07:33:57 - [MESSAGE][WARNING] - [SELF-HEALING] The current locator of test object 'Object Repository/Page_Announcements/a_Add a new topic' was broken. Propose an alternative one: '//a[contains(text(),'Add a new topic')]'.

2022-01-16 07:33:57 - [MESSAGE][PASSED] - Object: 'Object Repository/Page_Announcements/a_Add a new topic' is clicked on

2022-01-16 07:33:57 - [TEST_STEP][PASSED] - setText(findTestObject("Object Repository/Page_Announcements/input_Subject_subject"), "Announcement for Tet holiday"): Text 'Announcement for Tet holiday' is set on object 'Object Repository/Page_Announcements/input_Subject_subject'

2022-01-16 07:33:58 - [MESSAGE][PASSED] - Text 'Announcement for Tet holiday' is set on object 'Object Repository/Page_Announcements/input_Subject_subject'

2022-01-16 07:33:58 - [TEST_STEP][PASSED] - setText(findTestObject("Object Repository/Page_Announcements/div_Wish you have a nice break"), "Wish you have a nice break"): Text 'Wish you have a nice break' is set on object 'Object Repository/Page_Announcements/div_Wish you have a nice break'

2022-01-16 07:33:59 - [MESSAGE][PASSED] - Text 'Wish you have a nice break' is set on object 'Object Repository/Page_Announcements/div_Wish you have a nice break'

2022-01-16 07:33:59 - [TEST_STEP][PASSED] - click(findTestObject("Object Repository/Page_Announcements/div_Message")): Object: 'Object Repository/Page_Announcements/div_Message' is clicked on

2022-01-16 07:34:00 - [MESSAGE][PASSED] - Object: 'Object Repository/Page_Announcements/div_Message' is clicked on

2022-01-16 07:34:00 - [TEST_STEP][PASSED] - waitForElementPresent(findTestObject("Object Repository/Page_Announcements/input_Cancel_advancedadddiscussion"), 0): Object 'Object Repository/Page_Announcements/input_Cancel_advancedadddiscussion' is present

2022-01-16 07:34:00 - [MESSAGE][WARNING] - Timeout '0' is invalid. Using default page load timeout: '30'

2022-01-16 07:34:00 - [MESSAGE][PASSED] - Object 'Object Repository/Page_Announcements/input_Cancel_advancedadddiscussion' is present

2022-01-16 07:34:00 - [TEST_STEP][PASSED] - click(findTestObject("Object Repository/Page_Announcements/input_Cancel_advancedadddiscussion")): Object: 'Object Repository/Page_Announcements/input_Cancel_advancedadddiscussion' is clicked on

2022-01-16 07:34:01 - [MESSAGE][PASSED] - Object: 'Object Repository/Page_Announcements/input_Cancel_advancedadddiscussion' is clicked on

2022-01-16 07:34:01 - [TEST_STEP][PASSED] - waitForElementPresent(findTestObject("Object Repository/Page_IntroCS Add a new topic/a_Display period"), 0): Object 'Object Repository/Page_IntroCS Add a new topic/a_Display period' is present

2022-01-16 07:34:01 - [MESSAGE][WARNING] - Timeout '0' is invalid. Using default page load timeout: '30'

2022-01-16 07:34:32 - [MESSAGE][INFO] - Unable to find the element located by 'By.xpath: //a[@id='yui_3_17_2_1_1642208154690_58']'. Please recheck the objects properties to make sure the desired element is located. 

2022-01-16 07:34:32 - [MESSAGE][WARNING] - [SELF-HEALING] Failed to find element with id 'Object Repository/Page_IntroCS Add a new topic/a_Display period'. Try using Self-healing.

2022-01-16 07:34:32 - [MESSAGE][WARNING] - [SELF-HEALING] The current locator of test object 'Object Repository/Page_IntroCS Add a new topic/a_Display period' was broken. Propose an alternative one: '//a[contains(text(),'Display period')]'.

2022-01-16 07:34:32 - [MESSAGE][PASSED] - Object 'Object Repository/Page_IntroCS Add a new topic/a_Display period' is present

2022-01-16 07:34:32 - [TEST_STEP][PASSED] - click(findTestObject("Object Repository/Page_IntroCS Add a new topic/a_Display period")): Object: 'Object Repository/Page_IntroCS Add a new topic/a_Display period' is clicked on

2022-01-16 07:35:04 - [MESSAGE][INFO] - Unable to find the element located by 'By.xpath: //a[@id='yui_3_17_2_1_1642208154690_58']'. Please recheck the objects properties to make sure the desired element is located. 

2022-01-16 07:35:04 - [MESSAGE][WARNING] - [SELF-HEALING] Failed to find element with id 'Object Repository/Page_IntroCS Add a new topic/a_Display period'. Try using Self-healing.

2022-01-16 07:35:04 - [MESSAGE][WARNING] - [SELF-HEALING] The current locator of test object 'Object Repository/Page_IntroCS Add a new topic/a_Display period' was broken. Propose an alternative one: '//a[contains(text(),'Display period')]'.

2022-01-16 07:35:04 - [MESSAGE][PASSED] - Object: 'Object Repository/Page_IntroCS Add a new topic/a_Display period' is clicked on

2022-01-16 07:35:04 - [TEST_STEP][PASSED] - click(findTestObject("Object Repository/Page_IntroCS Add a new topic/input_Enable_timestartenabled")): Object: 'Object Repository/Page_IntroCS Add a new topic/input_Enable_timestartenabled' is clicked on

2022-01-16 07:35:04 - [MESSAGE][PASSED] - Object: 'Object Repository/Page_IntroCS Add a new topic/input_Enable_timestartenabled' is clicked on

2022-01-16 07:35:04 - [TEST_STEP][PASSED] - click(findTestObject("Object Repository/Page_IntroCS Add a new topic/input_Enable_timeendenabled")): Object: 'Object Repository/Page_IntroCS Add a new topic/input_Enable_timeendenabled' is clicked on

2022-01-16 07:35:05 - [MESSAGE][PASSED] - Object: 'Object Repository/Page_IntroCS Add a new topic/input_Enable_timeendenabled' is clicked on

2022-01-16 07:35:05 - [TEST_STEP][PASSED] - selectOptionByValue(findTestObject("Object Repository/Page_IntroCS Add a new topic/select_1        2        3        4        _45ea30"), "24", true): All options with value '24' are selected in object 'Object Repository/Page_IntroCS Add a new topic/select_1        2        3        4        _45ea30'  using regular expression

2022-01-16 07:35:07 - [MESSAGE][PASSED] - All options with value '24' are selected in object 'Object Repository/Page_IntroCS Add a new topic/select_1        2        3        4        _45ea30'  using regular expression

2022-01-16 07:35:07 - [TEST_STEP][PASSED] - selectOptionByValue(findTestObject("Object Repository/Page_IntroCS Add a new topic/select_00        01        02        03    _f6e37b"), "0", true): All options with value '0' are selected in object 'Object Repository/Page_IntroCS Add a new topic/select_00        01        02        03    _f6e37b'  using regular expression

2022-01-16 07:35:08 - [MESSAGE][PASSED] - All options with value '0' are selected in object 'Object Repository/Page_IntroCS Add a new topic/select_00        01        02        03    _f6e37b'  using regular expression

2022-01-16 07:35:08 - [TEST_STEP][PASSED] - selectOptionByValue(findTestObject("Object Repository/Page_IntroCS Add a new topic/select_00        01        02        03    _f6e37b_1"), "1", true): All options with value '1' are selected in object 'Object Repository/Page_IntroCS Add a new topic/select_00        01        02        03    _f6e37b_1'  using regular expression

2022-01-16 07:35:09 - [MESSAGE][PASSED] - All options with value '1' are selected in object 'Object Repository/Page_IntroCS Add a new topic/select_00        01        02        03    _f6e37b_1'  using regular expression

2022-01-16 07:35:09 - [TEST_STEP][PASSED] - selectOptionByValue(findTestObject("Object Repository/Page_IntroCS Add a new topic/select_00        01        02        03    _f6e37b_1"), "0", true): All options with value '0' are selected in object 'Object Repository/Page_IntroCS Add a new topic/select_00        01        02        03    _f6e37b_1'  using regular expression

2022-01-16 07:35:11 - [MESSAGE][PASSED] - All options with value '0' are selected in object 'Object Repository/Page_IntroCS Add a new topic/select_00        01        02        03    _f6e37b_1'  using regular expression

2022-01-16 07:35:11 - [TEST_STEP][PASSED] - selectOptionByValue(findTestObject("Object Repository/Page_IntroCS Add a new topic/select_1        2        3        4        _45ea30_1"), "14", true): All options with value '14' are selected in object 'Object Repository/Page_IntroCS Add a new topic/select_1        2        3        4        _45ea30_1'  using regular expression

2022-01-16 07:35:12 - [MESSAGE][PASSED] - All options with value '14' are selected in object 'Object Repository/Page_IntroCS Add a new topic/select_1        2        3        4        _45ea30_1'  using regular expression

2022-01-16 07:35:12 - [TEST_STEP][PASSED] - selectOptionByValue(findTestObject("Object Repository/Page_IntroCS Add a new topic/select_January        February        March_78ea2e"), "2", true): All options with value '2' are selected in object 'Object Repository/Page_IntroCS Add a new topic/select_January        February        March_78ea2e'  using regular expression

2022-01-16 07:35:13 - [MESSAGE][PASSED] - All options with value '2' are selected in object 'Object Repository/Page_IntroCS Add a new topic/select_January        February        March_78ea2e'  using regular expression

2022-01-16 07:35:13 - [TEST_STEP][PASSED] - selectOptionByValue(findTestObject("Object Repository/Page_IntroCS Add a new topic/select_00        01        02        03    _f6e37b_1_2"), "0", true): All options with value '0' are selected in object 'Object Repository/Page_IntroCS Add a new topic/select_00        01        02        03    _f6e37b_1_2'  using regular expression

2022-01-16 07:35:14 - [MESSAGE][PASSED] - All options with value '0' are selected in object 'Object Repository/Page_IntroCS Add a new topic/select_00        01        02        03    _f6e37b_1_2'  using regular expression

2022-01-16 07:35:14 - [TEST_STEP][PASSED] - selectOptionByValue(findTestObject("Object Repository/Page_IntroCS Add a new topic/select_00        01        02        03    _f6e37b_1_2_3"), "0", true): All options with value '0' are selected in object 'Object Repository/Page_IntroCS Add a new topic/select_00        01        02        03    _f6e37b_1_2_3'  using regular expression

2022-01-16 07:35:15 - [MESSAGE][PASSED] - All options with value '0' are selected in object 'Object Repository/Page_IntroCS Add a new topic/select_00        01        02        03    _f6e37b_1_2_3'  using regular expression

2022-01-16 07:35:15 - [TEST_STEP][PASSED] - click(findTestObject("Object Repository/Page_IntroCS Add a new topic/input__submitbutton")): Object: 'Object Repository/Page_IntroCS Add a new topic/input__submitbutton' is clicked on

2022-01-16 07:35:16 - [MESSAGE][PASSED] - Object: 'Object Repository/Page_IntroCS Add a new topic/input__submitbutton' is clicked on

2022-01-16 07:35:16 - [TEST_STEP][PASSED] - click(findTestObject("Object Repository/Page_Announcements/p_Your post was successfully added")): Object: 'Object Repository/Page_Announcements/p_Your post was successfully added' is clicked on

2022-01-16 07:35:17 - [MESSAGE][PASSED] - Object: 'Object Repository/Page_Announcements/p_Your post was successfully added' is clicked on

2022-01-16 07:35:17 - [TEST_STEP][PASSED] - verifyElementText(findTestObject("Object Repository/Page_Announcements/p_Your post was successfully added_1"), "Your post was successfully added."): Actual text and expected text of test object 'Object Repository/Page_Announcements/p_Your post was successfully added_1' are matched.

2022-01-16 07:35:48 - [MESSAGE][INFO] - Unable to find the element located by 'By.xpath: //p[@id='yui_3_17_2_1_1642208221973_480']'. Please recheck the objects properties to make sure the desired element is located. 

2022-01-16 07:35:48 - [MESSAGE][WARNING] - [SELF-HEALING] Failed to find element with id 'Object Repository/Page_Announcements/p_Your post was successfully added_1'. Try using Self-healing.

2022-01-16 07:35:48 - [MESSAGE][WARNING] - [SELF-HEALING] The current locator of test object 'Object Repository/Page_Announcements/p_Your post was successfully added_1' was broken. Propose an alternative one: '(.//*[normalize-space(text()) and normalize-space(.)='×'])[1]/following::p[1]'.

2022-01-16 07:35:48 - [MESSAGE][PASSED] - Actual text and expected text of test object 'Object Repository/Page_Announcements/p_Your post was successfully added_1' are matched.

2022-01-16 07:35:48 - [TEST_STEP][PASSED] - verifyElementText(findTestObject("Object Repository/Page_Announcements/p_You have 30 mins to edit it if you want t_c2beca"), "You have 30 mins to edit it if you want to make any changes."): Actual text and expected text of test object 'Object Repository/Page_Announcements/p_You have 30 mins to edit it if you want t_c2beca' are matched.

2022-01-16 07:36:20 - [MESSAGE][INFO] - Unable to find the element located by 'By.xpath: //div[@id='yui_3_17_2_1_1642208221973_481']/p[2]'. Please recheck the objects properties to make sure the desired element is located. 

2022-01-16 07:36:20 - [MESSAGE][WARNING] - [SELF-HEALING] Failed to find element with id 'Object Repository/Page_Announcements/p_You have 30 mins to edit it if you want t_c2beca'. Try using Self-healing.

2022-01-16 07:36:20 - [MESSAGE][WARNING] - [SELF-HEALING] The current locator of test object 'Object Repository/Page_Announcements/p_You have 30 mins to edit it if you want t_c2beca' was broken. Propose an alternative one: '(.//*[normalize-space(text()) and normalize-space(.)='×'])[1]/following::p[2]'.

2022-01-16 07:36:20 - [MESSAGE][PASSED] - Actual text and expected text of test object 'Object Repository/Page_Announcements/p_You have 30 mins to edit it if you want t_c2beca' are matched.

2022-01-16 07:36:20 - [TEST_STEP][PASSED] - verifyElementVisible(findTestObject("Object Repository/Page_Announcements/button_Timed"), STOP_ON_FAILURE): Object 'Object Repository/Page_Announcements/button_Timed' is visible

2022-01-16 07:36:51 - [MESSAGE][INFO] - Unable to find the element located by 'By.xpath: //button[@id='yui_3_17_2_1_1642208221973_501']'. Please recheck the objects properties to make sure the desired element is located. 

2022-01-16 07:36:51 - [MESSAGE][WARNING] - [SELF-HEALING] Failed to find element with id 'Object Repository/Page_Announcements/button_Timed'. Try using Self-healing.

2022-01-16 07:36:51 - [MESSAGE][WARNING] - [SELF-HEALING] The current locator of test object 'Object Repository/Page_Announcements/button_Timed' was broken. Propose an alternative one: '(.//*[normalize-space(text()) and normalize-space(.)='Locked'])[1]/following::button[1]'.

2022-01-16 07:36:51 - [MESSAGE][PASSED] - Object 'Object Repository/Page_Announcements/button_Timed' is visible

2022-01-16 07:36:51 - [TEST_STEP][PASSED] - click(findTestObject("Object Repository/Page_Announcements/a_Announcement for Tet holiday")): Object: 'Object Repository/Page_Announcements/a_Announcement for Tet holiday' is clicked on

2022-01-16 07:37:23 - [MESSAGE][INFO] - Unable to find the element located by 'By.xpath: //a[@id='yui_3_17_2_1_1642208221973_514']'. Please recheck the objects properties to make sure the desired element is located. 

2022-01-16 07:37:23 - [MESSAGE][WARNING] - [SELF-HEALING] Failed to find element with id 'Object Repository/Page_Announcements/a_Announcement for Tet holiday'. Try using Self-healing.

2022-01-16 07:37:23 - [MESSAGE][WARNING] - [SELF-HEALING] The current locator of test object 'Object Repository/Page_Announcements/a_Announcement for Tet holiday' was broken. Propose an alternative one: '//a[contains(text(),'Announcement for Tet holiday')]'.

2022-01-16 07:37:23 - [MESSAGE][PASSED] - Object: 'Object Repository/Page_Announcements/a_Announcement for Tet holiday' is clicked on

2022-01-16 07:37:23 - [TEST_STEP][PASSED] - click(findTestObject("Object Repository/Page_IntroCS Announcement for Tet holiday/a_Delete")): Object: 'Object Repository/Page_IntroCS Announcement for Tet holiday/a_Delete' is clicked on

2022-01-16 07:37:54 - [MESSAGE][INFO] - Unable to find the element located by 'By.xpath: //article[@id='p9']/div/div/div/div[2]/div[2]/div/a[3]'. Please recheck the objects properties to make sure the desired element is located. 

2022-01-16 07:37:54 - [MESSAGE][WARNING] - [SELF-HEALING] Failed to find element with id 'Object Repository/Page_IntroCS Announcement for Tet holiday/a_Delete'. Try using Self-healing.

2022-01-16 07:37:55 - [MESSAGE][WARNING] - [SELF-HEALING] The current locator of test object 'Object Repository/Page_IntroCS Announcement for Tet holiday/a_Delete' was broken. Propose an alternative one: '//a[contains(text(),'Delete')]'.

2022-01-16 07:37:55 - [MESSAGE][PASSED] - Object: 'Object Repository/Page_IntroCS Announcement for Tet holiday/a_Delete' is clicked on

2022-01-16 07:37:55 - [TEST_STEP][PASSED] - click(findTestObject("Object Repository/Page_IntroCS/button_Continue")): Object: 'Object Repository/Page_IntroCS/button_Continue' is clicked on

2022-01-16 07:38:26 - [MESSAGE][INFO] - Unable to find the element located by 'By.xpath: //button[@id='single_button61e21bf6295b614']'. Please recheck the objects properties to make sure the desired element is located. 

2022-01-16 07:38:26 - [MESSAGE][WARNING] - [SELF-HEALING] Failed to find element with id 'Object Repository/Page_IntroCS/button_Continue'. Try using Self-healing.

2022-01-16 07:38:27 - [MESSAGE][WARNING] - [SELF-HEALING] The current locator of test object 'Object Repository/Page_IntroCS/button_Continue' was broken. Propose an alternative one: '//div[@id='modal-footer']/div/div/form/button'.

2022-01-16 07:38:27 - [MESSAGE][PASSED] - Object: 'Object Repository/Page_IntroCS/button_Continue' is clicked on

2022-01-16 07:38:27 - [TEST_STEP][PASSED] - verifyElementVisible(findTestObject("Object Repository/Page_Announcements/div_Discussion deleted"), STOP_ON_FAILURE): Object 'Object Repository/Page_Announcements/div_Discussion deleted' is visible

2022-01-16 07:38:28 - [MESSAGE][PASSED] - Object 'Object Repository/Page_Announcements/div_Discussion deleted' is visible

2022-01-16 07:38:28 - [TEST_STEP][PASSED] - closeBrowser(): Browser is closed

2022-01-16 07:38:28 - [MESSAGE][PASSED] - Browser is closed]]></system-out>
         <system-err><![CDATA[]]></system-err>
      </testcase>
      <testcase name="Test Cases/test case 43" time="43.059" classname="Test Cases/test case 43" status="PASSED">
         <system-out><![CDATA[2022-01-16 07:38:28 - [TEST_CASE][PASSED] - Test Cases/test case 43: Test Cases/test case 43

2022-01-16 07:38:29 - [TEST_STEP][PASSED] - openBrowser(""): Browser is opened with url: ''

2022-01-16 07:38:29 - [MESSAGE][INFO] - Starting 'Chrome' driver

2022-01-16 07:38:29 - [MESSAGE][INFO] - Action delay is set to 0 milliseconds

2022-01-16 07:38:30 - [MESSAGE][PASSED] - Browser is opened with url: ''

2022-01-16 07:38:30 - [TEST_STEP][PASSED] - navigateToUrl("http://localhost/"): Navigate to 'http://localhost/' successfully

2022-01-16 07:38:31 - [MESSAGE][PASSED] - Navigate to 'http://localhost/' successfully

2022-01-16 07:38:31 - [TEST_STEP][PASSED] - click(findTestObject("Object Repository/Page_Moodle/a_Log in")): Object: 'Object Repository/Page_Moodle/a_Log in' is clicked on

2022-01-16 07:38:32 - [MESSAGE][PASSED] - Object: 'Object Repository/Page_Moodle/a_Log in' is clicked on

2022-01-16 07:38:32 - [TEST_STEP][PASSED] - setText(findTestObject("Object Repository/Page_Moodle Log in to the site/input_Username_username"), "tmtriet"): Text 'tmtriet' is set on object 'Object Repository/Page_Moodle Log in to the site/input_Username_username'

2022-01-16 07:38:33 - [MESSAGE][PASSED] - Text 'tmtriet' is set on object 'Object Repository/Page_Moodle Log in to the site/input_Username_username'

2022-01-16 07:38:33 - [TEST_STEP][PASSED] - setEncryptedText(findTestObject("Object Repository/Page_Moodle Log in to the site/input_Password_password"), "NMz1A57fMJEpXGm/T4cXeQ=="): Text ****** has been set on object 'Object Repository/Page_Moodle Log in to the site/input_Password_password'

2022-01-16 07:38:33 - [MESSAGE][PASSED] - Text ****** has been set on object 'Object Repository/Page_Moodle Log in to the site/input_Password_password'

2022-01-16 07:38:33 - [TEST_STEP][PASSED] - click(findTestObject("Object Repository/Page_Moodle Log in to the site/button_Log in")): Object: 'Object Repository/Page_Moodle Log in to the site/button_Log in' is clicked on

2022-01-16 07:38:34 - [MESSAGE][PASSED] - Object: 'Object Repository/Page_Moodle Log in to the site/button_Log in' is clicked on

2022-01-16 07:38:34 - [TEST_STEP][PASSED] - verifyElementText(findTestObject("Page_Dashboard/span_IntroCS"), "IntroCS"): Actual text and expected text of test object 'Object Repository/Page_Dashboard/span_IntroCS' are matched.

2022-01-16 07:38:35 - [MESSAGE][PASSED] - Actual text and expected text of test object 'Object Repository/Page_Dashboard/span_IntroCS' are matched.

2022-01-16 07:38:35 - [TEST_STEP][PASSED] - click(findTestObject("Object Repository/Page_Dashboard/span_IntroCS")): Object: 'Object Repository/Page_Dashboard/span_IntroCS' is clicked on

2022-01-16 07:38:36 - [MESSAGE][PASSED] - Object: 'Object Repository/Page_Dashboard/span_IntroCS' is clicked on

2022-01-16 07:38:36 - [TEST_STEP][PASSED] - verifyElementPresent(findTestObject("Object Repository/Page_Course Introduction to Computer Science/span_Announcements Forum"), 0): Object 'Object Repository/Page_Course Introduction to Computer Science/span_Announcements Forum' is present

2022-01-16 07:38:36 - [MESSAGE][WARNING] - Timeout '0' is invalid. Using default page load timeout: '30'

2022-01-16 07:38:37 - [MESSAGE][PASSED] - Object 'Object Repository/Page_Course Introduction to Computer Science/span_Announcements Forum' is present

2022-01-16 07:38:37 - [TEST_STEP][PASSED] - click(findTestObject("Object Repository/Page_Course Introduction to Computer Science/span_Announcements Forum")): Object: 'Object Repository/Page_Course Introduction to Computer Science/span_Announcements Forum' is clicked on

2022-01-16 07:38:37 - [MESSAGE][PASSED] - Object: 'Object Repository/Page_Course Introduction to Computer Science/span_Announcements Forum' is clicked on

2022-01-16 07:38:37 - [TEST_STEP][PASSED] - click(findTestObject("Object Repository/Page_Announcements/a_Add a new topic")): Object: 'Object Repository/Page_Announcements/a_Add a new topic' is clicked on

2022-01-16 07:39:09 - [MESSAGE][INFO] - Unable to find the element located by 'By.xpath: //a[@id='yui_3_17_2_1_1642209133848_492']'. Please recheck the objects properties to make sure the desired element is located. 

2022-01-16 07:39:09 - [MESSAGE][WARNING] - [SELF-HEALING] Failed to find element with id 'Object Repository/Page_Announcements/a_Add a new topic'. Try using Self-healing.

2022-01-16 07:39:09 - [MESSAGE][WARNING] - [SELF-HEALING] The current locator of test object 'Object Repository/Page_Announcements/a_Add a new topic' was broken. Propose an alternative one: '//a[contains(text(),'Add a new topic')]'.

2022-01-16 07:39:09 - [MESSAGE][PASSED] - Object: 'Object Repository/Page_Announcements/a_Add a new topic' is clicked on

2022-01-16 07:39:09 - [TEST_STEP][PASSED] - waitForElementVisible(findTestObject("Object Repository/Page_Announcements/input_Message_submitbutton"), 0): Object 'Object Repository/Page_Announcements/input_Message_submitbutton' is visible

2022-01-16 07:39:09 - [MESSAGE][WARNING] - Timeout '0' is invalid. Using default page load timeout: '30'

2022-01-16 07:39:10 - [MESSAGE][PASSED] - Object 'Object Repository/Page_Announcements/input_Message_submitbutton' is visible

2022-01-16 07:39:10 - [TEST_STEP][PASSED] - click(findTestObject("Object Repository/Page_Announcements/input_Message_submitbutton")): Object: 'Object Repository/Page_Announcements/input_Message_submitbutton' is clicked on

2022-01-16 07:39:10 - [MESSAGE][PASSED] - Object: 'Object Repository/Page_Announcements/input_Message_submitbutton' is clicked on

2022-01-16 07:39:10 - [TEST_STEP][PASSED] - verifyElementText(findTestObject("Object Repository/Page_Announcements/div_- Required"), "- Required"): Actual text and expected text of test object 'Object Repository/Page_Announcements/div_- Required' are matched.

2022-01-16 07:39:10 - [MESSAGE][PASSED] - Actual text and expected text of test object 'Object Repository/Page_Announcements/div_- Required' are matched.

2022-01-16 07:39:10 - [TEST_STEP][PASSED] - verifyElementText(findTestObject("Object Repository/Page_Announcements/div_- Required_1"), "- Required"): Actual text and expected text of test object 'Object Repository/Page_Announcements/div_- Required_1' are matched.

2022-01-16 07:39:11 - [MESSAGE][PASSED] - Actual text and expected text of test object 'Object Repository/Page_Announcements/div_- Required_1' are matched.

2022-01-16 07:39:11 - [TEST_STEP][PASSED] - closeBrowser(): Browser is closed

2022-01-16 07:39:11 - [MESSAGE][PASSED] - Browser is closed]]></system-out>
         <system-err><![CDATA[]]></system-err>
      </testcase>
      <testcase name="Test Cases/test case 44" time="242.169" classname="Test Cases/test case 44" status="PASSED">
         <system-out><![CDATA[2022-01-16 07:39:11 - [TEST_CASE][PASSED] - Test Cases/test case 44: Test Cases/test case 44

2022-01-16 07:39:12 - [TEST_STEP][PASSED] - openBrowser(""): Browser is opened with url: ''

2022-01-16 07:39:12 - [MESSAGE][INFO] - Starting 'Chrome' driver

2022-01-16 07:39:12 - [MESSAGE][INFO] - Action delay is set to 0 milliseconds

2022-01-16 07:39:13 - [MESSAGE][PASSED] - Browser is opened with url: ''

2022-01-16 07:39:13 - [TEST_STEP][PASSED] - navigateToUrl("http://localhost/"): Navigate to 'http://localhost/' successfully

2022-01-16 07:39:14 - [MESSAGE][PASSED] - Navigate to 'http://localhost/' successfully

2022-01-16 07:39:14 - [TEST_STEP][PASSED] - click(findTestObject("Object Repository/Page_Moodle/a_Log in")): Object: 'Object Repository/Page_Moodle/a_Log in' is clicked on

2022-01-16 07:39:15 - [MESSAGE][PASSED] - Object: 'Object Repository/Page_Moodle/a_Log in' is clicked on

2022-01-16 07:39:15 - [TEST_STEP][PASSED] - setText(findTestObject("Object Repository/Page_Moodle Log in to the site/input_Username_username"), "tmtriet"): Text 'tmtriet' is set on object 'Object Repository/Page_Moodle Log in to the site/input_Username_username'

2022-01-16 07:39:16 - [MESSAGE][PASSED] - Text 'tmtriet' is set on object 'Object Repository/Page_Moodle Log in to the site/input_Username_username'

2022-01-16 07:39:16 - [TEST_STEP][PASSED] - setEncryptedText(findTestObject("Object Repository/Page_Moodle Log in to the site/input_Password_password"), "NMz1A57fMJEpXGm/T4cXeQ=="): Text ****** has been set on object 'Object Repository/Page_Moodle Log in to the site/input_Password_password'

2022-01-16 07:39:16 - [MESSAGE][PASSED] - Text ****** has been set on object 'Object Repository/Page_Moodle Log in to the site/input_Password_password'

2022-01-16 07:39:16 - [TEST_STEP][PASSED] - click(findTestObject("Object Repository/Page_Moodle Log in to the site/button_Log in")): Object: 'Object Repository/Page_Moodle Log in to the site/button_Log in' is clicked on

2022-01-16 07:39:17 - [MESSAGE][PASSED] - Object: 'Object Repository/Page_Moodle Log in to the site/button_Log in' is clicked on

2022-01-16 07:39:17 - [TEST_STEP][PASSED] - verifyElementText(findTestObject("Page_Dashboard/span_IntroCS"), "IntroCS"): Actual text and expected text of test object 'Object Repository/Page_Dashboard/span_IntroCS' are matched.

2022-01-16 07:39:18 - [MESSAGE][PASSED] - Actual text and expected text of test object 'Object Repository/Page_Dashboard/span_IntroCS' are matched.

2022-01-16 07:39:18 - [TEST_STEP][PASSED] - click(findTestObject("Object Repository/Page_Dashboard/span_IntroCS")): Object: 'Object Repository/Page_Dashboard/span_IntroCS' is clicked on

2022-01-16 07:39:19 - [MESSAGE][PASSED] - Object: 'Object Repository/Page_Dashboard/span_IntroCS' is clicked on

2022-01-16 07:39:19 - [TEST_STEP][PASSED] - waitForElementVisible(findTestObject("Object Repository/Page_Course Introduction to Computer Science/button_Turn editing on"), 0): Object 'Object Repository/Page_Course Introduction to Computer Science/button_Turn editing on' is visible

2022-01-16 07:39:19 - [MESSAGE][WARNING] - Timeout '0' is invalid. Using default page load timeout: '30'

2022-01-16 07:39:50 - [MESSAGE][INFO] - Unable to find the element located by 'By.xpath: //button[@id='single_button61e328e173a791']'. Please recheck the objects properties to make sure the desired element is located. 

2022-01-16 07:39:50 - [MESSAGE][WARNING] - [SELF-HEALING] Failed to find element with id 'Object Repository/Page_Course Introduction to Computer Science/button_Turn editing on'. Try using Self-healing.

2022-01-16 07:39:51 - [MESSAGE][WARNING] - [SELF-HEALING] The current locator of test object 'Object Repository/Page_Course Introduction to Computer Science/button_Turn editing on' was broken. Propose an alternative one: '//header[@id='page-header']/div/div/div/div[2]/div[2]/div/form/button'.

2022-01-16 07:39:51 - [MESSAGE][PASSED] - Object 'Object Repository/Page_Course Introduction to Computer Science/button_Turn editing on' is visible

2022-01-16 07:39:51 - [TEST_STEP][PASSED] - click(findTestObject("Object Repository/Page_Course Introduction to Computer Science/button_Turn editing on")): Object: 'Object Repository/Page_Course Introduction to Computer Science/button_Turn editing on' is clicked on

2022-01-16 07:40:22 - [MESSAGE][INFO] - Unable to find the element located by 'By.xpath: //button[@id='single_button61e328e173a791']'. Please recheck the objects properties to make sure the desired element is located. 

2022-01-16 07:40:22 - [MESSAGE][WARNING] - [SELF-HEALING] Failed to find element with id 'Object Repository/Page_Course Introduction to Computer Science/button_Turn editing on'. Try using Self-healing.

2022-01-16 07:40:22 - [MESSAGE][WARNING] - [SELF-HEALING] The current locator of test object 'Object Repository/Page_Course Introduction to Computer Science/button_Turn editing on' was broken. Propose an alternative one: '//header[@id='page-header']/div/div/div/div[2]/div[2]/div/form/button'.

2022-01-16 07:40:23 - [MESSAGE][PASSED] - Object: 'Object Repository/Page_Course Introduction to Computer Science/button_Turn editing on' is clicked on

2022-01-16 07:40:23 - [TEST_STEP][PASSED] - verifyElementText(findTestObject("Object Repository/Page_Course Introduction to Computer Science/a_Topic 1"), "Topic 1"): Actual text and expected text of test object 'Object Repository/Page_Course Introduction to Computer Science/a_Topic 1' are matched.

2022-01-16 07:40:54 - [MESSAGE][INFO] - Unable to find the element located by 'By.xpath: //a[@id='yui_3_17_2_1_1642277100868_624']'. Please recheck the objects properties to make sure the desired element is located. 

2022-01-16 07:40:54 - [MESSAGE][WARNING] - [SELF-HEALING] Failed to find element with id 'Object Repository/Page_Course Introduction to Computer Science/a_Topic 1'. Try using Self-healing.

2022-01-16 07:40:54 - [MESSAGE][WARNING] - [SELF-HEALING] The current locator of test object 'Object Repository/Page_Course Introduction to Computer Science/a_Topic 1' was broken. Propose an alternative one: '//a[contains(text(),'Topic 1')]'.

2022-01-16 07:40:54 - [MESSAGE][PASSED] - Actual text and expected text of test object 'Object Repository/Page_Course Introduction to Computer Science/a_Topic 1' are matched.

2022-01-16 07:40:54 - [TEST_STEP][PASSED] - click(findTestObject("Object Repository/Page_Course Introduction to Computer Science/span_Add an activity or resource")): Object: 'Object Repository/Page_Course Introduction to Computer Science/span_Add an activity or resource' is clicked on

2022-01-16 07:41:25 - [MESSAGE][INFO] - Unable to find the element located by 'By.xpath: //span[@id='yui_3_17_2_1_1642277100868_640']'. Please recheck the objects properties to make sure the desired element is located. 

2022-01-16 07:41:25 - [MESSAGE][WARNING] - [SELF-HEALING] Failed to find element with id 'Object Repository/Page_Course Introduction to Computer Science/span_Add an activity or resource'. Try using Self-healing.

2022-01-16 07:41:25 - [MESSAGE][WARNING] - [SELF-HEALING] The current locator of test object 'Object Repository/Page_Course Introduction to Computer Science/span_Add an activity or resource' was broken. Propose an alternative one: '(.//*[normalize-space(text()) and normalize-space(.)='Add file(s) here'])[2]/following::span[1]'.

2022-01-16 07:41:25 - [MESSAGE][PASSED] - Object: 'Object Repository/Page_Course Introduction to Computer Science/span_Add an activity or resource' is clicked on

2022-01-16 07:41:25 - [TEST_STEP][PASSED] - waitForElementVisible(findTestObject("Object Repository/Page_Course Introduction to Computer Science/img_Recommended_icon icon"), 0): Object 'Object Repository/Page_Course Introduction to Computer Science/img_Recommended_icon icon' is visible

2022-01-16 07:41:25 - [MESSAGE][WARNING] - Timeout '0' is invalid. Using default page load timeout: '30'

2022-01-16 07:41:27 - [MESSAGE][PASSED] - Object 'Object Repository/Page_Course Introduction to Computer Science/img_Recommended_icon icon' is visible

2022-01-16 07:41:27 - [TEST_STEP][PASSED] - click(findTestObject("Object Repository/Page_Course Introduction to Computer Science/img_Recommended_icon icon")): Object: 'Object Repository/Page_Course Introduction to Computer Science/img_Recommended_icon icon' is clicked on

2022-01-16 07:41:28 - [MESSAGE][PASSED] - Object: 'Object Repository/Page_Course Introduction to Computer Science/img_Recommended_icon icon' is clicked on

2022-01-16 07:41:28 - [TEST_STEP][PASSED] - waitForElementVisible(findTestObject("Object Repository/Page_Editing Assignment/input_Assignment name_name"), 0): Object 'Object Repository/Page_Editing Assignment/input_Assignment name_name' is visible

2022-01-16 07:41:28 - [MESSAGE][WARNING] - Timeout '0' is invalid. Using default page load timeout: '30'

2022-01-16 07:41:29 - [MESSAGE][PASSED] - Object 'Object Repository/Page_Editing Assignment/input_Assignment name_name' is visible

2022-01-16 07:41:29 - [TEST_STEP][PASSED] - setText(findTestObject("Object Repository/Page_Editing Assignment/input_Assignment name_name"), "Midterm"): Text 'Midterm' is set on object 'Object Repository/Page_Editing Assignment/input_Assignment name_name'

2022-01-16 07:41:30 - [MESSAGE][PASSED] - Text 'Midterm' is set on object 'Object Repository/Page_Editing Assignment/input_Assignment name_name'

2022-01-16 07:41:30 - [TEST_STEP][PASSED] - waitForElementVisible(findTestObject("Object Repository/Page_Editing Assignment/p_Allow submissions from"), 0): Object 'Object Repository/Page_Editing Assignment/p_Allow submissions from' is visible

2022-01-16 07:41:30 - [MESSAGE][WARNING] - Timeout '0' is invalid. Using default page load timeout: '30'

2022-01-16 07:41:30 - [MESSAGE][PASSED] - Object 'Object Repository/Page_Editing Assignment/p_Allow submissions from' is visible

2022-01-16 07:41:30 - [TEST_STEP][PASSED] - selectOptionByValue(findTestObject("Object Repository/Page_Editing Assignment/select_1        2        3        4        _45ea30"), "14", true): All options with value '14' are selected in object 'Object Repository/Page_Editing Assignment/select_1        2        3        4        _45ea30'  using regular expression

2022-01-16 07:41:32 - [MESSAGE][PASSED] - All options with value '14' are selected in object 'Object Repository/Page_Editing Assignment/select_1        2        3        4        _45ea30'  using regular expression

2022-01-16 07:41:32 - [TEST_STEP][PASSED] - selectOptionByValue(findTestObject("Object Repository/Page_Editing Assignment/select_1        2        3        4        _45ea30_1"), "20", true): All options with value '20' are selected in object 'Object Repository/Page_Editing Assignment/select_1        2        3        4        _45ea30_1'  using regular expression

2022-01-16 07:41:33 - [MESSAGE][PASSED] - All options with value '20' are selected in object 'Object Repository/Page_Editing Assignment/select_1        2        3        4        _45ea30_1'  using regular expression

2022-01-16 07:41:33 - [TEST_STEP][PASSED] - selectOptionByValue(findTestObject("Object Repository/Page_Editing Assignment/select_1        2        3        4        _45ea30_1_2"), "23", true): All options with value '23' are selected in object 'Object Repository/Page_Editing Assignment/select_1        2        3        4        _45ea30_1_2'  using regular expression

2022-01-16 07:41:34 - [MESSAGE][PASSED] - All options with value '23' are selected in object 'Object Repository/Page_Editing Assignment/select_1        2        3        4        _45ea30_1_2'  using regular expression

2022-01-16 07:41:34 - [TEST_STEP][PASSED] - waitForElementVisible(findTestObject("Object Repository/Page_Editing Assignment/input_Upon activity completion_submitbutton2"), 0): Object 'Object Repository/Page_Editing Assignment/input_Upon activity completion_submitbutton2' is visible

2022-01-16 07:41:34 - [MESSAGE][WARNING] - Timeout '0' is invalid. Using default page load timeout: '30'

2022-01-16 07:41:35 - [MESSAGE][PASSED] - Object 'Object Repository/Page_Editing Assignment/input_Upon activity completion_submitbutton2' is visible

2022-01-16 07:41:35 - [TEST_STEP][PASSED] - click(findTestObject("Object Repository/Page_Editing Assignment/input_Upon activity completion_submitbutton2")): Object: 'Object Repository/Page_Editing Assignment/input_Upon activity completion_submitbutton2' is clicked on

2022-01-16 07:41:36 - [MESSAGE][PASSED] - Object: 'Object Repository/Page_Editing Assignment/input_Upon activity completion_submitbutton2' is clicked on

2022-01-16 07:41:36 - [TEST_STEP][PASSED] - verifyElementVisible(findTestObject("Object Repository/Page_Course Introduction to Computer Science/li_Midterm Assignment                      _cd70c9")): Object 'Object Repository/Page_Course Introduction to Computer Science/li_Midterm Assignment                      _cd70c9' is visible

2022-01-16 07:42:07 - [MESSAGE][INFO] - Unable to find the element located by 'By.xpath: //li[@id='module-14']'. Please recheck the objects properties to make sure the desired element is located. 

2022-01-16 07:42:07 - [MESSAGE][WARNING] - [SELF-HEALING] Failed to find element with id 'Object Repository/Page_Course Introduction to Computer Science/li_Midterm Assignment                      _cd70c9'. Try using Self-healing.

2022-01-16 07:42:07 - [MESSAGE][WARNING] - [SELF-HEALING] The current locator of test object 'Object Repository/Page_Course Introduction to Computer Science/li_Midterm Assignment                      _cd70c9' was broken. Propose an alternative one: '(.//*[normalize-space(text()) and normalize-space(.)='Topic 1'])[2]/following::li[1]'.

2022-01-16 07:42:07 - [MESSAGE][PASSED] - Object 'Object Repository/Page_Course Introduction to Computer Science/li_Midterm Assignment                      _cd70c9' is visible

2022-01-16 07:42:07 - [TEST_STEP][PASSED] - click(findTestObject("Object Repository/Page_Course Introduction to Computer Science/a_Edit")): Object: 'Object Repository/Page_Course Introduction to Computer Science/a_Edit' is clicked on

2022-01-16 07:42:08 - [MESSAGE][PASSED] - Object: 'Object Repository/Page_Course Introduction to Computer Science/a_Edit' is clicked on

2022-01-16 07:42:08 - [TEST_STEP][PASSED] - click(findTestObject("Object Repository/Page_Course Introduction to Computer Science/span_Delete")): Object: 'Object Repository/Page_Course Introduction to Computer Science/span_Delete' is clicked on

2022-01-16 07:42:08 - [MESSAGE][PASSED] - Object: 'Object Repository/Page_Course Introduction to Computer Science/span_Delete' is clicked on

2022-01-16 07:42:08 - [TEST_STEP][PASSED] - verifyElementClickable(findTestObject("Object Repository/Page_Course Introduction to Computer Science/button_Yes")): Object 'Object Repository/Page_Course Introduction to Computer Science/button_Yes' is clickable

2022-01-16 07:42:09 - [MESSAGE][PASSED] - Object 'Object Repository/Page_Course Introduction to Computer Science/button_Yes' is clickable

2022-01-16 07:42:09 - [TEST_STEP][PASSED] - click(findTestObject("Object Repository/Page_Course Introduction to Computer Science/button_Yes")): Object: 'Object Repository/Page_Course Introduction to Computer Science/button_Yes' is clicked on

2022-01-16 07:42:09 - [MESSAGE][PASSED] - Object: 'Object Repository/Page_Course Introduction to Computer Science/button_Yes' is clicked on

2022-01-16 07:42:09 - [TEST_STEP][PASSED] - mouseOver(findTestObject("Object Repository/Page_Course Introduction to Computer Science/button_Turn editing off")): Object: 'Object Repository/Page_Course Introduction to Computer Science/button_Turn editing off' is hovered

2022-01-16 07:42:41 - [MESSAGE][INFO] - Unable to find the element located by 'By.xpath: //button[@id='single_button61e329966b4c91']'. Please recheck the objects properties to make sure the desired element is located. 

2022-01-16 07:42:41 - [MESSAGE][WARNING] - [SELF-HEALING] Failed to find element with id 'Object Repository/Page_Course Introduction to Computer Science/button_Turn editing off'. Try using Self-healing.

2022-01-16 07:42:41 - [MESSAGE][WARNING] - [SELF-HEALING] The current locator of test object 'Object Repository/Page_Course Introduction to Computer Science/button_Turn editing off' was broken. Propose an alternative one: '//header[@id='page-header']/div/div/div/div[2]/div[2]/div/form/button'.

2022-01-16 07:42:41 - [MESSAGE][PASSED] - Object: 'Object Repository/Page_Course Introduction to Computer Science/button_Turn editing off' is hovered

2022-01-16 07:42:41 - [TEST_STEP][PASSED] - click(findTestObject("Object Repository/Page_Course Introduction to Computer Science/button_Turn editing off")): Object: 'Object Repository/Page_Course Introduction to Computer Science/button_Turn editing off' is clicked on

2022-01-16 07:43:12 - [MESSAGE][INFO] - Unable to find the element located by 'By.xpath: //button[@id='single_button61e329966b4c91']'. Please recheck the objects properties to make sure the desired element is located. 

2022-01-16 07:43:12 - [MESSAGE][WARNING] - [SELF-HEALING] Failed to find element with id 'Object Repository/Page_Course Introduction to Computer Science/button_Turn editing off'. Try using Self-healing.

2022-01-16 07:43:12 - [MESSAGE][WARNING] - [SELF-HEALING] The current locator of test object 'Object Repository/Page_Course Introduction to Computer Science/button_Turn editing off' was broken. Propose an alternative one: '//header[@id='page-header']/div/div/div/div[2]/div[2]/div/form/button'.

2022-01-16 07:43:13 - [MESSAGE][PASSED] - Object: 'Object Repository/Page_Course Introduction to Computer Science/button_Turn editing off' is clicked on

2022-01-16 07:43:13 - [TEST_STEP][PASSED] - closeBrowser(): Browser is closed

2022-01-16 07:43:14 - [MESSAGE][PASSED] - Browser is closed]]></system-out>
         <system-err><![CDATA[]]></system-err>
      </testcase>
      <testcase name="Test Cases/test case 45" time="139.373" classname="Test Cases/test case 45" status="PASSED">
         <system-out><![CDATA[2022-01-16 07:43:14 - [TEST_CASE][PASSED] - Test Cases/test case 45: Test Cases/test case 45

2022-01-16 07:43:14 - [TEST_STEP][PASSED] - openBrowser(""): Browser is opened with url: ''

2022-01-16 07:43:14 - [MESSAGE][INFO] - Starting 'Chrome' driver

2022-01-16 07:43:14 - [MESSAGE][INFO] - Action delay is set to 0 milliseconds

2022-01-16 07:43:15 - [MESSAGE][PASSED] - Browser is opened with url: ''

2022-01-16 07:43:15 - [TEST_STEP][PASSED] - navigateToUrl("http://localhost/"): Navigate to 'http://localhost/' successfully

2022-01-16 07:43:16 - [MESSAGE][PASSED] - Navigate to 'http://localhost/' successfully

2022-01-16 07:43:16 - [TEST_STEP][PASSED] - click(findTestObject("Object Repository/Page_Moodle/a_Log in")): Object: 'Object Repository/Page_Moodle/a_Log in' is clicked on

2022-01-16 07:43:17 - [MESSAGE][PASSED] - Object: 'Object Repository/Page_Moodle/a_Log in' is clicked on

2022-01-16 07:43:17 - [TEST_STEP][PASSED] - setText(findTestObject("Object Repository/Page_Moodle Log in to the site/input_Username_username"), "tmtriet"): Text 'tmtriet' is set on object 'Object Repository/Page_Moodle Log in to the site/input_Username_username'

2022-01-16 07:43:18 - [MESSAGE][PASSED] - Text 'tmtriet' is set on object 'Object Repository/Page_Moodle Log in to the site/input_Username_username'

2022-01-16 07:43:18 - [TEST_STEP][PASSED] - setEncryptedText(findTestObject("Object Repository/Page_Moodle Log in to the site/input_Password_password"), "NMz1A57fMJEpXGm/T4cXeQ=="): Text ****** has been set on object 'Object Repository/Page_Moodle Log in to the site/input_Password_password'

2022-01-16 07:43:18 - [MESSAGE][PASSED] - Text ****** has been set on object 'Object Repository/Page_Moodle Log in to the site/input_Password_password'

2022-01-16 07:43:18 - [TEST_STEP][PASSED] - click(findTestObject("Object Repository/Page_Moodle Log in to the site/button_Log in")): Object: 'Object Repository/Page_Moodle Log in to the site/button_Log in' is clicked on

2022-01-16 07:43:19 - [MESSAGE][PASSED] - Object: 'Object Repository/Page_Moodle Log in to the site/button_Log in' is clicked on

2022-01-16 07:43:19 - [TEST_STEP][PASSED] - verifyElementText(findTestObject("Page_Dashboard/span_IntroCS"), "IntroCS"): Actual text and expected text of test object 'Object Repository/Page_Dashboard/span_IntroCS' are matched.

2022-01-16 07:43:20 - [MESSAGE][PASSED] - Actual text and expected text of test object 'Object Repository/Page_Dashboard/span_IntroCS' are matched.

2022-01-16 07:43:20 - [TEST_STEP][PASSED] - click(findTestObject("Object Repository/Page_Dashboard/span_IntroCS")): Object: 'Object Repository/Page_Dashboard/span_IntroCS' is clicked on

2022-01-16 07:43:21 - [MESSAGE][PASSED] - Object: 'Object Repository/Page_Dashboard/span_IntroCS' is clicked on

2022-01-16 07:43:21 - [TEST_STEP][PASSED] - waitForElementVisible(findTestObject("Object Repository/Page_Course Introduction to Computer Science/button_Turn editing on"), 0): Object 'Object Repository/Page_Course Introduction to Computer Science/button_Turn editing on' is visible

2022-01-16 07:43:21 - [MESSAGE][WARNING] - Timeout '0' is invalid. Using default page load timeout: '30'

2022-01-16 07:43:52 - [MESSAGE][INFO] - Unable to find the element located by 'By.xpath: //button[@id='single_button61e328e173a791']'. Please recheck the objects properties to make sure the desired element is located. 

2022-01-16 07:43:52 - [MESSAGE][WARNING] - [SELF-HEALING] Failed to find element with id 'Object Repository/Page_Course Introduction to Computer Science/button_Turn editing on'. Try using Self-healing.

2022-01-16 07:43:53 - [MESSAGE][WARNING] - [SELF-HEALING] The current locator of test object 'Object Repository/Page_Course Introduction to Computer Science/button_Turn editing on' was broken. Propose an alternative one: '//header[@id='page-header']/div/div/div/div[2]/div[2]/div/form/button'.

2022-01-16 07:43:53 - [MESSAGE][PASSED] - Object 'Object Repository/Page_Course Introduction to Computer Science/button_Turn editing on' is visible

2022-01-16 07:43:53 - [TEST_STEP][PASSED] - click(findTestObject("Object Repository/Page_Course Introduction to Computer Science/button_Turn editing on")): Object: 'Object Repository/Page_Course Introduction to Computer Science/button_Turn editing on' is clicked on

2022-01-16 07:44:24 - [MESSAGE][INFO] - Unable to find the element located by 'By.xpath: //button[@id='single_button61e328e173a791']'. Please recheck the objects properties to make sure the desired element is located. 

2022-01-16 07:44:24 - [MESSAGE][WARNING] - [SELF-HEALING] Failed to find element with id 'Object Repository/Page_Course Introduction to Computer Science/button_Turn editing on'. Try using Self-healing.

2022-01-16 07:44:24 - [MESSAGE][WARNING] - [SELF-HEALING] The current locator of test object 'Object Repository/Page_Course Introduction to Computer Science/button_Turn editing on' was broken. Propose an alternative one: '//header[@id='page-header']/div/div/div/div[2]/div[2]/div/form/button'.

2022-01-16 07:44:25 - [MESSAGE][PASSED] - Object: 'Object Repository/Page_Course Introduction to Computer Science/button_Turn editing on' is clicked on

2022-01-16 07:44:25 - [TEST_STEP][PASSED] - verifyElementText(findTestObject("Object Repository/Page_Course Introduction to Computer Science/a_Topic 1"), "Topic 1"): Actual text and expected text of test object 'Object Repository/Page_Course Introduction to Computer Science/a_Topic 1' are matched.

2022-01-16 07:44:56 - [MESSAGE][INFO] - Unable to find the element located by 'By.xpath: //a[@id='yui_3_17_2_1_1642277100868_624']'. Please recheck the objects properties to make sure the desired element is located. 

2022-01-16 07:44:56 - [MESSAGE][WARNING] - [SELF-HEALING] Failed to find element with id 'Object Repository/Page_Course Introduction to Computer Science/a_Topic 1'. Try using Self-healing.

2022-01-16 07:44:56 - [MESSAGE][WARNING] - [SELF-HEALING] The current locator of test object 'Object Repository/Page_Course Introduction to Computer Science/a_Topic 1' was broken. Propose an alternative one: '//a[contains(text(),'Topic 1')]'.

2022-01-16 07:44:56 - [MESSAGE][PASSED] - Actual text and expected text of test object 'Object Repository/Page_Course Introduction to Computer Science/a_Topic 1' are matched.

2022-01-16 07:44:56 - [TEST_STEP][PASSED] - click(findTestObject("Object Repository/Page_Course Introduction to Computer Science/span_Add an activity or resource")): Object: 'Object Repository/Page_Course Introduction to Computer Science/span_Add an activity or resource' is clicked on

2022-01-16 07:45:27 - [MESSAGE][INFO] - Unable to find the element located by 'By.xpath: //span[@id='yui_3_17_2_1_1642277100868_640']'. Please recheck the objects properties to make sure the desired element is located. 

2022-01-16 07:45:27 - [MESSAGE][WARNING] - [SELF-HEALING] Failed to find element with id 'Object Repository/Page_Course Introduction to Computer Science/span_Add an activity or resource'. Try using Self-healing.

2022-01-16 07:45:28 - [MESSAGE][WARNING] - [SELF-HEALING] The current locator of test object 'Object Repository/Page_Course Introduction to Computer Science/span_Add an activity or resource' was broken. Propose an alternative one: '(.//*[normalize-space(text()) and normalize-space(.)='Add file(s) here'])[2]/following::span[1]'.

2022-01-16 07:45:28 - [MESSAGE][PASSED] - Object: 'Object Repository/Page_Course Introduction to Computer Science/span_Add an activity or resource' is clicked on

2022-01-16 07:45:28 - [TEST_STEP][PASSED] - waitForElementVisible(findTestObject("Object Repository/Page_Course Introduction to Computer Science/img_Recommended_icon icon"), 0): Object 'Object Repository/Page_Course Introduction to Computer Science/img_Recommended_icon icon' is visible

2022-01-16 07:45:28 - [MESSAGE][WARNING] - Timeout '0' is invalid. Using default page load timeout: '30'

2022-01-16 07:45:29 - [MESSAGE][PASSED] - Object 'Object Repository/Page_Course Introduction to Computer Science/img_Recommended_icon icon' is visible

2022-01-16 07:45:29 - [TEST_STEP][PASSED] - click(findTestObject("Object Repository/Page_Course Introduction to Computer Science/img_Recommended_icon icon")): Object: 'Object Repository/Page_Course Introduction to Computer Science/img_Recommended_icon icon' is clicked on

2022-01-16 07:45:30 - [MESSAGE][PASSED] - Object: 'Object Repository/Page_Course Introduction to Computer Science/img_Recommended_icon icon' is clicked on

2022-01-16 07:45:30 - [TEST_STEP][PASSED] - waitForElementVisible(findTestObject("Object Repository/Page_Editing Assignment/input_Upon activity completion_submitbutton2"), 0): Object 'Object Repository/Page_Editing Assignment/input_Upon activity completion_submitbutton2' is visible

2022-01-16 07:45:30 - [MESSAGE][WARNING] - Timeout '0' is invalid. Using default page load timeout: '30'

2022-01-16 07:45:31 - [MESSAGE][PASSED] - Object 'Object Repository/Page_Editing Assignment/input_Upon activity completion_submitbutton2' is visible

2022-01-16 07:45:31 - [TEST_STEP][PASSED] - click(findTestObject("Object Repository/Page_Editing Assignment/input_Upon activity completion_submitbutton2")): Object: 'Object Repository/Page_Editing Assignment/input_Upon activity completion_submitbutton2' is clicked on

2022-01-16 07:45:32 - [MESSAGE][PASSED] - Object: 'Object Repository/Page_Editing Assignment/input_Upon activity completion_submitbutton2' is clicked on

2022-01-16 07:45:32 - [TEST_STEP][PASSED] - verifyElementText(findTestObject("Object Repository/Page_Editing Assignment/div_- You must supply a value here"), "- You must supply a value here."): Actual text and expected text of test object 'Object Repository/Page_Editing Assignment/div_- You must supply a value here' are matched.

2022-01-16 07:45:32 - [MESSAGE][PASSED] - Actual text and expected text of test object 'Object Repository/Page_Editing Assignment/div_- You must supply a value here' are matched.

2022-01-16 07:45:32 - [TEST_STEP][PASSED] - closeBrowser(): Browser is closed

2022-01-16 07:45:33 - [MESSAGE][PASSED] - Browser is closed]]></system-out>
         <system-err><![CDATA[]]></system-err>
      </testcase>
      <testcase name="Test Cases/test case 46" time="338.454" classname="Test Cases/test case 46" status="PASSED">
         <system-out><![CDATA[2022-01-16 07:45:33 - [TEST_CASE][PASSED] - Test Cases/test case 46: Test Cases/test case 46

2022-01-16 07:45:33 - [TEST_STEP][PASSED] - openBrowser(""): Browser is opened with url: ''

2022-01-16 07:45:33 - [MESSAGE][INFO] - Starting 'Chrome' driver

2022-01-16 07:45:33 - [MESSAGE][INFO] - Action delay is set to 0 milliseconds

2022-01-16 07:45:34 - [MESSAGE][PASSED] - Browser is opened with url: ''

2022-01-16 07:45:34 - [TEST_STEP][PASSED] - navigateToUrl("http://localhost/"): Navigate to 'http://localhost/' successfully

2022-01-16 07:45:36 - [MESSAGE][PASSED] - Navigate to 'http://localhost/' successfully

2022-01-16 07:45:36 - [TEST_STEP][PASSED] - click(findTestObject("Object Repository/Page_Moodle/a_Log in")): Object: 'Object Repository/Page_Moodle/a_Log in' is clicked on

2022-01-16 07:45:36 - [MESSAGE][PASSED] - Object: 'Object Repository/Page_Moodle/a_Log in' is clicked on

2022-01-16 07:45:36 - [TEST_STEP][PASSED] - setText(findTestObject("Object Repository/Page_Moodle Log in to the site/input_Username_username"), "tmtriet"): Text 'tmtriet' is set on object 'Object Repository/Page_Moodle Log in to the site/input_Username_username'

2022-01-16 07:45:37 - [MESSAGE][PASSED] - Text 'tmtriet' is set on object 'Object Repository/Page_Moodle Log in to the site/input_Username_username'

2022-01-16 07:45:37 - [TEST_STEP][PASSED] - setEncryptedText(findTestObject("Object Repository/Page_Moodle Log in to the site/input_Password_password"), "NMz1A57fMJEpXGm/T4cXeQ=="): Text ****** has been set on object 'Object Repository/Page_Moodle Log in to the site/input_Password_password'

2022-01-16 07:45:38 - [MESSAGE][PASSED] - Text ****** has been set on object 'Object Repository/Page_Moodle Log in to the site/input_Password_password'

2022-01-16 07:45:38 - [TEST_STEP][PASSED] - click(findTestObject("Object Repository/Page_Moodle Log in to the site/button_Log in")): Object: 'Object Repository/Page_Moodle Log in to the site/button_Log in' is clicked on

2022-01-16 07:45:39 - [MESSAGE][PASSED] - Object: 'Object Repository/Page_Moodle Log in to the site/button_Log in' is clicked on

2022-01-16 07:45:39 - [TEST_STEP][PASSED] - verifyElementText(findTestObject("Object Repository/Page_Dashboard/span_IntroCS"), "IntroCS"): Actual text and expected text of test object 'Object Repository/Page_Dashboard/span_IntroCS' are matched.

2022-01-16 07:45:40 - [MESSAGE][PASSED] - Actual text and expected text of test object 'Object Repository/Page_Dashboard/span_IntroCS' are matched.

2022-01-16 07:45:40 - [TEST_STEP][PASSED] - click(findTestObject("Object Repository/Page_Dashboard/span_IntroCS")): Object: 'Object Repository/Page_Dashboard/span_IntroCS' is clicked on

2022-01-16 07:45:41 - [MESSAGE][PASSED] - Object: 'Object Repository/Page_Dashboard/span_IntroCS' is clicked on

2022-01-16 07:45:41 - [TEST_STEP][PASSED] - verifyElementText(findTestObject("Object Repository/Page_Course Introduction to Computer Science/h1_Introduction to Computer Science"), "Introduction to Computer Science"): Actual text and expected text of test object 'Object Repository/Page_Course Introduction to Computer Science/h1_Introduction to Computer Science' are matched.

2022-01-16 07:45:41 - [MESSAGE][PASSED] - Actual text and expected text of test object 'Object Repository/Page_Course Introduction to Computer Science/h1_Introduction to Computer Science' are matched.

2022-01-16 07:45:41 - [TEST_STEP][PASSED] - click(findTestObject("Object Repository/Page_Course Introduction to Computer Science/button_Turn editing on")): Object: 'Object Repository/Page_Course Introduction to Computer Science/button_Turn editing on' is clicked on

2022-01-16 07:46:12 - [MESSAGE][INFO] - Unable to find the element located by 'By.xpath: //button[@id='single_button61e328e173a791']'. Please recheck the objects properties to make sure the desired element is located. 

2022-01-16 07:46:12 - [MESSAGE][WARNING] - [SELF-HEALING] Failed to find element with id 'Object Repository/Page_Course Introduction to Computer Science/button_Turn editing on'. Try using Self-healing.

2022-01-16 07:46:13 - [MESSAGE][WARNING] - [SELF-HEALING] The current locator of test object 'Object Repository/Page_Course Introduction to Computer Science/button_Turn editing on' was broken. Propose an alternative one: '//header[@id='page-header']/div/div/div/div[2]/div[2]/div/form/button'.

2022-01-16 07:46:13 - [MESSAGE][PASSED] - Object: 'Object Repository/Page_Course Introduction to Computer Science/button_Turn editing on' is clicked on

2022-01-16 07:46:13 - [TEST_STEP][PASSED] - verifyElementText(findTestObject("Object Repository/Page_Course Introduction to Computer Science/a_Topic 1"), "Topic 1"): Actual text and expected text of test object 'Object Repository/Page_Course Introduction to Computer Science/a_Topic 1' are matched.

2022-01-16 07:46:44 - [MESSAGE][INFO] - Unable to find the element located by 'By.xpath: //a[@id='yui_3_17_2_1_1642277100868_624']'. Please recheck the objects properties to make sure the desired element is located. 

2022-01-16 07:46:44 - [MESSAGE][WARNING] - [SELF-HEALING] Failed to find element with id 'Object Repository/Page_Course Introduction to Computer Science/a_Topic 1'. Try using Self-healing.

2022-01-16 07:46:44 - [MESSAGE][WARNING] - [SELF-HEALING] The current locator of test object 'Object Repository/Page_Course Introduction to Computer Science/a_Topic 1' was broken. Propose an alternative one: '//a[contains(text(),'Topic 1')]'.

2022-01-16 07:46:44 - [MESSAGE][PASSED] - Actual text and expected text of test object 'Object Repository/Page_Course Introduction to Computer Science/a_Topic 1' are matched.

2022-01-16 07:46:44 - [TEST_STEP][PASSED] - click(findTestObject("Object Repository/Page_Course Introduction to Computer Science/span_Add an activity or resource")): Object: 'Object Repository/Page_Course Introduction to Computer Science/span_Add an activity or resource' is clicked on

2022-01-16 07:47:16 - [MESSAGE][INFO] - Unable to find the element located by 'By.xpath: //span[@id='yui_3_17_2_1_1642277100868_640']'. Please recheck the objects properties to make sure the desired element is located. 

2022-01-16 07:47:16 - [MESSAGE][WARNING] - [SELF-HEALING] Failed to find element with id 'Object Repository/Page_Course Introduction to Computer Science/span_Add an activity or resource'. Try using Self-healing.

2022-01-16 07:47:16 - [MESSAGE][WARNING] - [SELF-HEALING] The current locator of test object 'Object Repository/Page_Course Introduction to Computer Science/span_Add an activity or resource' was broken. Propose an alternative one: '(.//*[normalize-space(text()) and normalize-space(.)='Add file(s) here'])[2]/following::span[1]'.

2022-01-16 07:47:16 - [MESSAGE][PASSED] - Object: 'Object Repository/Page_Course Introduction to Computer Science/span_Add an activity or resource' is clicked on

2022-01-16 07:47:16 - [TEST_STEP][PASSED] - waitForElementVisible(findTestObject("Object Repository/Page_Course Introduction to Computer Science/a_Quiz"), 0): Object 'Object Repository/Page_Course Introduction to Computer Science/a_Quiz' is visible

2022-01-16 07:47:16 - [MESSAGE][WARNING] - Timeout '0' is invalid. Using default page load timeout: '30'

2022-01-16 07:47:17 - [MESSAGE][PASSED] - Object 'Object Repository/Page_Course Introduction to Computer Science/a_Quiz' is visible

2022-01-16 07:47:17 - [TEST_STEP][PASSED] - click(findTestObject("Object Repository/Page_Course Introduction to Computer Science/a_Quiz")): Object: 'Object Repository/Page_Course Introduction to Computer Science/a_Quiz' is clicked on

2022-01-16 07:47:19 - [MESSAGE][PASSED] - Object: 'Object Repository/Page_Course Introduction to Computer Science/a_Quiz' is clicked on

2022-01-16 07:47:19 - [TEST_STEP][PASSED] - verifyElementText(findTestObject("Object Repository/Page_Editing Quiz/label_Name_1"), "Name"): Actual text and expected text of test object 'Object Repository/Page_Editing Quiz/label_Name_1' are matched.

2022-01-16 07:47:50 - [MESSAGE][INFO] - Unable to find the element located by 'By.xpath: //label[@id='yui_3_17_2_1_1642277140089_2441']'. Please recheck the objects properties to make sure the desired element is located. 

2022-01-16 07:47:50 - [MESSAGE][WARNING] - [SELF-HEALING] Failed to find element with id 'Object Repository/Page_Editing Quiz/label_Name_1'. Try using Self-healing.

2022-01-16 07:47:50 - [MESSAGE][WARNING] - [SELF-HEALING] The current locator of test object 'Object Repository/Page_Editing Quiz/label_Name_1' was broken. Propose an alternative one: '(.//*[normalize-space(text()) and normalize-space(.)='Adding a new Quiz to Topic 1'])[2]/following::label[1]'.

2022-01-16 07:47:50 - [MESSAGE][PASSED] - Actual text and expected text of test object 'Object Repository/Page_Editing Quiz/label_Name_1' are matched.

2022-01-16 07:47:50 - [TEST_STEP][PASSED] - setText(findTestObject("Object Repository/Page_Editing Quiz/input_Name_name"), "Quiz 1"): Text 'Quiz 1' is set on object 'Object Repository/Page_Editing Quiz/input_Name_name'

2022-01-16 07:47:51 - [MESSAGE][PASSED] - Text 'Quiz 1' is set on object 'Object Repository/Page_Editing Quiz/input_Name_name'

2022-01-16 07:47:51 - [TEST_STEP][PASSED] - verifyElementClickable(findTestObject("Object Repository/Page_Editing Quiz/a_Timing")): Object 'Object Repository/Page_Editing Quiz/a_Timing' is clickable

2022-01-16 07:48:22 - [MESSAGE][INFO] - Unable to find the element located by 'By.xpath: //a[@id='yui_3_17_2_1_1642277140089_67']'. Please recheck the objects properties to make sure the desired element is located. 

2022-01-16 07:48:22 - [MESSAGE][WARNING] - [SELF-HEALING] Failed to find element with id 'Object Repository/Page_Editing Quiz/a_Timing'. Try using Self-healing.

2022-01-16 07:48:22 - [MESSAGE][WARNING] - [SELF-HEALING] The current locator of test object 'Object Repository/Page_Editing Quiz/a_Timing' was broken. Propose an alternative one: '//a[contains(text(),'Timing')]'.

2022-01-16 07:48:23 - [MESSAGE][PASSED] - Object 'Object Repository/Page_Editing Quiz/a_Timing' is clickable

2022-01-16 07:48:23 - [TEST_STEP][PASSED] - click(findTestObject("Object Repository/Page_Editing Quiz/a_Timing")): Object: 'Object Repository/Page_Editing Quiz/a_Timing' is clicked on

2022-01-16 07:48:54 - [MESSAGE][INFO] - Unable to find the element located by 'By.xpath: //a[@id='yui_3_17_2_1_1642277140089_67']'. Please recheck the objects properties to make sure the desired element is located. 

2022-01-16 07:48:54 - [MESSAGE][WARNING] - [SELF-HEALING] Failed to find element with id 'Object Repository/Page_Editing Quiz/a_Timing'. Try using Self-healing.

2022-01-16 07:48:54 - [MESSAGE][WARNING] - [SELF-HEALING] The current locator of test object 'Object Repository/Page_Editing Quiz/a_Timing' was broken. Propose an alternative one: '//a[contains(text(),'Timing')]'.

2022-01-16 07:48:54 - [MESSAGE][PASSED] - Object: 'Object Repository/Page_Editing Quiz/a_Timing' is clicked on

2022-01-16 07:48:54 - [TEST_STEP][PASSED] - click(findTestObject("Object Repository/Page_Editing Quiz/input_Enable_timeopenenabled")): Object: 'Object Repository/Page_Editing Quiz/input_Enable_timeopenenabled' is clicked on

2022-01-16 07:48:55 - [MESSAGE][PASSED] - Object: 'Object Repository/Page_Editing Quiz/input_Enable_timeopenenabled' is clicked on

2022-01-16 07:48:55 - [TEST_STEP][PASSED] - click(findTestObject("Object Repository/Page_Editing Quiz/input_Enable_timecloseenabled")): Object: 'Object Repository/Page_Editing Quiz/input_Enable_timecloseenabled' is clicked on

2022-01-16 07:48:55 - [MESSAGE][PASSED] - Object: 'Object Repository/Page_Editing Quiz/input_Enable_timecloseenabled' is clicked on

2022-01-16 07:48:55 - [TEST_STEP][PASSED] - click(findTestObject("Object Repository/Page_Editing Quiz/input_Enable_timelimitenabled")): Object: 'Object Repository/Page_Editing Quiz/input_Enable_timelimitenabled' is clicked on

2022-01-16 07:48:56 - [MESSAGE][PASSED] - Object: 'Object Repository/Page_Editing Quiz/input_Enable_timelimitenabled' is clicked on

2022-01-16 07:48:56 - [TEST_STEP][PASSED] - selectOptionByValue(findTestObject("Object Repository/Page_Editing Quiz/select_1        2        3        4        _45ea30"), "14", true): All options with value '14' are selected in object 'Object Repository/Page_Editing Quiz/select_1        2        3        4        _45ea30'  using regular expression

2022-01-16 07:48:57 - [MESSAGE][PASSED] - All options with value '14' are selected in object 'Object Repository/Page_Editing Quiz/select_1        2        3        4        _45ea30'  using regular expression

2022-01-16 07:48:57 - [TEST_STEP][PASSED] - selectOptionByValue(findTestObject("Object Repository/Page_Editing Quiz/select_1        2        3        4        _45ea30_1"), "20", true): All options with value '20' are selected in object 'Object Repository/Page_Editing Quiz/select_1        2        3        4        _45ea30_1'  using regular expression

2022-01-16 07:48:58 - [MESSAGE][PASSED] - All options with value '20' are selected in object 'Object Repository/Page_Editing Quiz/select_1        2        3        4        _45ea30_1'  using regular expression

2022-01-16 07:48:58 - [TEST_STEP][PASSED] - setText(findTestObject("Object Repository/Page_Editing Quiz/input_Time_timelimitnumber"), "20"): Text '20' is set on object 'Object Repository/Page_Editing Quiz/input_Time_timelimitnumber'

2022-01-16 07:48:59 - [MESSAGE][PASSED] - Text '20' is set on object 'Object Repository/Page_Editing Quiz/input_Time_timelimitnumber'

2022-01-16 07:48:59 - [TEST_STEP][PASSED] - selectOptionByValue(findTestObject("Object Repository/Page_Editing Quiz/select_weeks        days        hours      _586059"), "1", true): All options with value '1' are selected in object 'Object Repository/Page_Editing Quiz/select_weeks        days        hours      _586059'  using regular expression

2022-01-16 07:49:00 - [MESSAGE][PASSED] - All options with value '1' are selected in object 'Object Repository/Page_Editing Quiz/select_weeks        days        hours      _586059'  using regular expression

2022-01-16 07:49:00 - [TEST_STEP][PASSED] - waitForElementVisible(findTestObject("Object Repository/Page_Editing Quiz/input_Upon activity completion_submitbutton"), 0): Object 'Object Repository/Page_Editing Quiz/input_Upon activity completion_submitbutton' is visible

2022-01-16 07:49:00 - [MESSAGE][WARNING] - Timeout '0' is invalid. Using default page load timeout: '30'

2022-01-16 07:49:01 - [MESSAGE][PASSED] - Object 'Object Repository/Page_Editing Quiz/input_Upon activity completion_submitbutton' is visible

2022-01-16 07:49:01 - [TEST_STEP][PASSED] - click(findTestObject("Object Repository/Page_Editing Quiz/input_Upon activity completion_submitbutton")): Object: 'Object Repository/Page_Editing Quiz/input_Upon activity completion_submitbutton' is clicked on

2022-01-16 07:49:02 - [MESSAGE][PASSED] - Object: 'Object Repository/Page_Editing Quiz/input_Upon activity completion_submitbutton' is clicked on

2022-01-16 07:49:02 - [TEST_STEP][PASSED] - waitForElementVisible(findTestObject("Object Repository/Page_IntroCS Quiz 1/button_Back to the course"), 0): Object 'Object Repository/Page_IntroCS Quiz 1/button_Back to the course' is visible

2022-01-16 07:49:02 - [MESSAGE][WARNING] - Timeout '0' is invalid. Using default page load timeout: '30'

2022-01-16 07:49:33 - [MESSAGE][INFO] - Unable to find the element located by 'By.xpath: //button[@id='single_button61e32989936d262']'. Please recheck the objects properties to make sure the desired element is located. 

2022-01-16 07:49:33 - [MESSAGE][WARNING] - [SELF-HEALING] Failed to find element with id 'Object Repository/Page_IntroCS Quiz 1/button_Back to the course'. Try using Self-healing.

2022-01-16 07:49:33 - [MESSAGE][WARNING] - [SELF-HEALING] The current locator of test object 'Object Repository/Page_IntroCS Quiz 1/button_Back to the course' was broken. Propose an alternative one: '//section[@id='region-main']/div[2]/div[3]/div[2]/form/button'.

2022-01-16 07:49:33 - [MESSAGE][PASSED] - Object 'Object Repository/Page_IntroCS Quiz 1/button_Back to the course' is visible

2022-01-16 07:49:33 - [TEST_STEP][PASSED] - click(findTestObject("Object Repository/Page_IntroCS Quiz 1/button_Back to the course")): Object: 'Object Repository/Page_IntroCS Quiz 1/button_Back to the course' is clicked on

2022-01-16 07:50:05 - [MESSAGE][INFO] - Unable to find the element located by 'By.xpath: //button[@id='single_button61e32989936d262']'. Please recheck the objects properties to make sure the desired element is located. 

2022-01-16 07:50:05 - [MESSAGE][WARNING] - [SELF-HEALING] Failed to find element with id 'Object Repository/Page_IntroCS Quiz 1/button_Back to the course'. Try using Self-healing.

2022-01-16 07:50:05 - [MESSAGE][WARNING] - [SELF-HEALING] The current locator of test object 'Object Repository/Page_IntroCS Quiz 1/button_Back to the course' was broken. Propose an alternative one: '//section[@id='region-main']/div[2]/div[3]/div[2]/form/button'.

2022-01-16 07:50:05 - [MESSAGE][PASSED] - Object: 'Object Repository/Page_IntroCS Quiz 1/button_Back to the course' is clicked on

2022-01-16 07:50:05 - [TEST_STEP][PASSED] - verifyElementVisible(findTestObject("Object Repository/Page_Course Introduction to Computer Science/li_Quiz 1                                  _38519f")): Object 'Object Repository/Page_Course Introduction to Computer Science/li_Quiz 1                                  _38519f' is visible

2022-01-16 07:50:36 - [MESSAGE][INFO] - Unable to find the element located by 'By.xpath: //li[@id='module-31']'. Please recheck the objects properties to make sure the desired element is located. 

2022-01-16 07:50:36 - [MESSAGE][WARNING] - [SELF-HEALING] Failed to find element with id 'Object Repository/Page_Course Introduction to Computer Science/li_Quiz 1                                  _38519f'. Try using Self-healing.

2022-01-16 07:50:37 - [MESSAGE][WARNING] - [SELF-HEALING] The current locator of test object 'Object Repository/Page_Course Introduction to Computer Science/li_Quiz 1                                  _38519f' was broken. Propose an alternative one: '(.//*[normalize-space(text()) and normalize-space(.)='Topic 1'])[2]/following::li[1]'.

2022-01-16 07:50:37 - [MESSAGE][PASSED] - Object 'Object Repository/Page_Course Introduction to Computer Science/li_Quiz 1                                  _38519f' is visible

2022-01-16 07:50:37 - [TEST_STEP][PASSED] - click(findTestObject("Object Repository/Page_Course Introduction to Computer Science/a_Edit")): Object: 'Object Repository/Page_Course Introduction to Computer Science/a_Edit' is clicked on

2022-01-16 07:50:37 - [MESSAGE][PASSED] - Object: 'Object Repository/Page_Course Introduction to Computer Science/a_Edit' is clicked on

2022-01-16 07:50:37 - [TEST_STEP][PASSED] - click(findTestObject("Object Repository/Page_Course Introduction to Computer Science/span_Delete")): Object: 'Object Repository/Page_Course Introduction to Computer Science/span_Delete' is clicked on

2022-01-16 07:50:38 - [MESSAGE][PASSED] - Object: 'Object Repository/Page_Course Introduction to Computer Science/span_Delete' is clicked on

2022-01-16 07:50:38 - [TEST_STEP][PASSED] - waitForElementVisible(findTestObject("Object Repository/Page_Course Introduction to Computer Science/button_Yes"), 0): Object 'Object Repository/Page_Course Introduction to Computer Science/button_Yes' is visible

2022-01-16 07:50:38 - [MESSAGE][WARNING] - Timeout '0' is invalid. Using default page load timeout: '30'

2022-01-16 07:50:38 - [MESSAGE][PASSED] - Object 'Object Repository/Page_Course Introduction to Computer Science/button_Yes' is visible

2022-01-16 07:50:38 - [TEST_STEP][PASSED] - click(findTestObject("Object Repository/Page_Course Introduction to Computer Science/button_Yes")): Object: 'Object Repository/Page_Course Introduction to Computer Science/button_Yes' is clicked on

2022-01-16 07:50:39 - [MESSAGE][PASSED] - Object: 'Object Repository/Page_Course Introduction to Computer Science/button_Yes' is clicked on

2022-01-16 07:50:39 - [TEST_STEP][PASSED] - click(findTestObject("Object Repository/Page_Course Introduction to Computer Science/button_Turn editing off")): Object: 'Object Repository/Page_Course Introduction to Computer Science/button_Turn editing off' is clicked on

2022-01-16 07:51:10 - [MESSAGE][INFO] - Unable to find the element located by 'By.xpath: //button[@id='single_button61e329966b4c91']'. Please recheck the objects properties to make sure the desired element is located. 

2022-01-16 07:51:10 - [MESSAGE][WARNING] - [SELF-HEALING] Failed to find element with id 'Object Repository/Page_Course Introduction to Computer Science/button_Turn editing off'. Try using Self-healing.

2022-01-16 07:51:10 - [MESSAGE][WARNING] - [SELF-HEALING] The current locator of test object 'Object Repository/Page_Course Introduction to Computer Science/button_Turn editing off' was broken. Propose an alternative one: '//header[@id='page-header']/div/div/div/div[2]/div[2]/div/form/button'.

2022-01-16 07:51:11 - [MESSAGE][PASSED] - Object: 'Object Repository/Page_Course Introduction to Computer Science/button_Turn editing off' is clicked on

2022-01-16 07:51:11 - [TEST_STEP][PASSED] - closeBrowser(): Browser is closed

2022-01-16 07:51:11 - [MESSAGE][PASSED] - Browser is closed]]></system-out>
         <system-err><![CDATA[]]></system-err>
      </testcase>
      <testcase name="Test Cases/test case 47" time="10.012" classname="Test Cases/test case 47" status="PASSED">
         <system-out><![CDATA[2022-01-16 07:51:11 - [TEST_CASE][PASSED] - Test Cases/test case 47: Test Cases/test case 47

2022-01-16 07:51:12 - [TEST_STEP][PASSED] - openBrowser(""): Browser is opened with url: ''

2022-01-16 07:51:12 - [MESSAGE][INFO] - Starting 'Chrome' driver

2022-01-16 07:51:12 - [MESSAGE][INFO] - Action delay is set to 0 milliseconds

2022-01-16 07:51:13 - [MESSAGE][PASSED] - Browser is opened with url: ''

2022-01-16 07:51:13 - [TEST_STEP][PASSED] - navigateToUrl("http://localhost/"): Navigate to 'http://localhost/' successfully

2022-01-16 07:51:14 - [MESSAGE][PASSED] - Navigate to 'http://localhost/' successfully

2022-01-16 07:51:14 - [TEST_STEP][PASSED] - click(findTestObject("Object Repository/Page_Moodle/a_Log in")): Object: 'Object Repository/Page_Moodle/a_Log in' is clicked on

2022-01-16 07:51:15 - [MESSAGE][PASSED] - Object: 'Object Repository/Page_Moodle/a_Log in' is clicked on

2022-01-16 07:51:15 - [TEST_STEP][PASSED] - setText(findTestObject("Object Repository/Page_Moodle Log in to the site/input_Username_username"), "tmtriet"): Text 'tmtriet' is set on object 'Object Repository/Page_Moodle Log in to the site/input_Username_username'

2022-01-16 07:51:16 - [MESSAGE][PASSED] - Text 'tmtriet' is set on object 'Object Repository/Page_Moodle Log in to the site/input_Username_username'

2022-01-16 07:51:16 - [TEST_STEP][PASSED] - setEncryptedText(findTestObject("Object Repository/Page_Moodle Log in to the site/input_Password_password"), "NMz1A57fMJEpXGm/T4cXeQ=="): Text ****** has been set on object 'Object Repository/Page_Moodle Log in to the site/input_Password_password'

2022-01-16 07:51:16 - [MESSAGE][PASSED] - Text ****** has been set on object 'Object Repository/Page_Moodle Log in to the site/input_Password_password'

2022-01-16 07:51:16 - [TEST_STEP][PASSED] - click(findTestObject("Object Repository/Page_Moodle Log in to the site/button_Log in")): Object: 'Object Repository/Page_Moodle Log in to the site/button_Log in' is clicked on

2022-01-16 07:51:17 - [MESSAGE][PASSED] - Object: 'Object Repository/Page_Moodle Log in to the site/button_Log in' is clicked on

2022-01-16 07:51:17 - [TEST_STEP][PASSED] - click(findTestObject("Object Repository/Page_Dashboard/a_Tran Minh Triet")): Object: 'Object Repository/Page_Dashboard/a_Tran Minh Triet' is clicked on

2022-01-16 07:51:18 - [MESSAGE][PASSED] - Object: 'Object Repository/Page_Dashboard/a_Tran Minh Triet' is clicked on

2022-01-16 07:51:18 - [TEST_STEP][PASSED] - click(findTestObject("Object Repository/Page_Dashboard/span_Grades")): Object: 'Object Repository/Page_Dashboard/span_Grades' is clicked on

2022-01-16 07:51:19 - [MESSAGE][PASSED] - Object: 'Object Repository/Page_Dashboard/span_Grades' is clicked on

2022-01-16 07:51:19 - [TEST_STEP][PASSED] - verifyElementText(findTestObject("Page_Grades - Tran Minh Triet/a_Introduction to Computer Science"), "Introduction to Computer Science"): Actual text and expected text of test object 'Object Repository/Page_Grades - Tran Minh Triet/a_Introduction to Computer Science' are matched.

2022-01-16 07:51:20 - [MESSAGE][PASSED] - Actual text and expected text of test object 'Object Repository/Page_Grades - Tran Minh Triet/a_Introduction to Computer Science' are matched.

2022-01-16 07:51:20 - [TEST_STEP][PASSED] - click(findTestObject("Object Repository/Page_Grades - Tran Minh Triet/a_Introduction to Computer Science")): Object: 'Object Repository/Page_Grades - Tran Minh Triet/a_Introduction to Computer Science' is clicked on

2022-01-16 07:51:20 - [MESSAGE][PASSED] - Object: 'Object Repository/Page_Grades - Tran Minh Triet/a_Introduction to Computer Science' is clicked on

2022-01-16 07:51:20 - [TEST_STEP][PASSED] - verifyElementText(findTestObject("Object Repository/Page_Grades View/h2_Grader report"), "Grader report"): Actual text and expected text of test object 'Object Repository/Page_Grades View/h2_Grader report' are matched.

2022-01-16 07:51:21 - [MESSAGE][PASSED] - Actual text and expected text of test object 'Object Repository/Page_Grades View/h2_Grader report' are matched.

2022-01-16 07:51:21 - [TEST_STEP][PASSED] - closeBrowser(): Browser is closed

2022-01-16 07:51:21 - [MESSAGE][PASSED] - Browser is closed]]></system-out>
         <system-err><![CDATA[]]></system-err>
      </testcase>
      <testcase name="Test Cases/test case 48" time="10.943" classname="Test Cases/test case 48" status="PASSED">
         <system-out><![CDATA[2022-01-16 07:51:21 - [TEST_CASE][PASSED] - Test Cases/test case 48: Test Cases/test case 48

2022-01-16 07:51:22 - [TEST_STEP][PASSED] - openBrowser(""): Browser is opened with url: ''

2022-01-16 07:51:22 - [MESSAGE][INFO] - Starting 'Chrome' driver

2022-01-16 07:51:22 - [MESSAGE][INFO] - Action delay is set to 0 milliseconds

2022-01-16 07:51:23 - [MESSAGE][PASSED] - Browser is opened with url: ''

2022-01-16 07:51:23 - [TEST_STEP][PASSED] - navigateToUrl("http://localhost/"): Navigate to 'http://localhost/' successfully

2022-01-16 07:51:24 - [MESSAGE][PASSED] - Navigate to 'http://localhost/' successfully

2022-01-16 07:51:24 - [TEST_STEP][PASSED] - click(findTestObject("Object Repository/Page_Moodle/a_Log in")): Object: 'Object Repository/Page_Moodle/a_Log in' is clicked on

2022-01-16 07:51:25 - [MESSAGE][PASSED] - Object: 'Object Repository/Page_Moodle/a_Log in' is clicked on

2022-01-16 07:51:25 - [TEST_STEP][PASSED] - setText(findTestObject("Object Repository/Page_Moodle Log in to the site/input_Username_username"), "tmtriet"): Text 'tmtriet' is set on object 'Object Repository/Page_Moodle Log in to the site/input_Username_username'

2022-01-16 07:51:26 - [MESSAGE][PASSED] - Text 'tmtriet' is set on object 'Object Repository/Page_Moodle Log in to the site/input_Username_username'

2022-01-16 07:51:26 - [TEST_STEP][PASSED] - setEncryptedText(findTestObject("Object Repository/Page_Moodle Log in to the site/input_Password_password"), "NMz1A57fMJEpXGm/T4cXeQ=="): Text ****** has been set on object 'Object Repository/Page_Moodle Log in to the site/input_Password_password'

2022-01-16 07:51:26 - [MESSAGE][PASSED] - Text ****** has been set on object 'Object Repository/Page_Moodle Log in to the site/input_Password_password'

2022-01-16 07:51:26 - [TEST_STEP][PASSED] - click(findTestObject("Object Repository/Page_Moodle Log in to the site/button_Log in")): Object: 'Object Repository/Page_Moodle Log in to the site/button_Log in' is clicked on

2022-01-16 07:51:27 - [MESSAGE][PASSED] - Object: 'Object Repository/Page_Moodle Log in to the site/button_Log in' is clicked on

2022-01-16 07:51:27 - [TEST_STEP][PASSED] - click(findTestObject("Object Repository/Page_Dashboard/a_Tran Minh Triet")): Object: 'Object Repository/Page_Dashboard/a_Tran Minh Triet' is clicked on

2022-01-16 07:51:28 - [MESSAGE][PASSED] - Object: 'Object Repository/Page_Dashboard/a_Tran Minh Triet' is clicked on

2022-01-16 07:51:28 - [TEST_STEP][PASSED] - click(findTestObject("Object Repository/Page_Dashboard/span_Profile")): Object: 'Object Repository/Page_Dashboard/span_Profile' is clicked on

2022-01-16 07:51:29 - [MESSAGE][PASSED] - Object: 'Object Repository/Page_Dashboard/span_Profile' is clicked on

2022-01-16 07:51:29 - [TEST_STEP][PASSED] - verifyElementText(findTestObject("Page_Tran Minh Triet Public profile/a_Introduction to Computer Science"), "Introduction to Computer Science"): Actual text and expected text of test object 'Object Repository/Page_Tran Minh Triet Public profile/a_Introduction to Computer Science' are matched.

2022-01-16 07:51:30 - [MESSAGE][PASSED] - Actual text and expected text of test object 'Object Repository/Page_Tran Minh Triet Public profile/a_Introduction to Computer Science' are matched.

2022-01-16 07:51:30 - [TEST_STEP][PASSED] - click(findTestObject("Object Repository/Page_Tran Minh Triet Public profile/a_Introduction to Computer Science")): Object: 'Object Repository/Page_Tran Minh Triet Public profile/a_Introduction to Computer Science' is clicked on

2022-01-16 07:51:30 - [MESSAGE][PASSED] - Object: 'Object Repository/Page_Tran Minh Triet Public profile/a_Introduction to Computer Science' is clicked on

2022-01-16 07:51:30 - [TEST_STEP][PASSED] - click(findTestObject("Object Repository/Page_Introduction to Computer Science Perso_abbbf2/span_Grades")): Object: 'Object Repository/Page_Introduction to Computer Science Perso_abbbf2/span_Grades' is clicked on

2022-01-16 07:51:31 - [MESSAGE][PASSED] - Object: 'Object Repository/Page_Introduction to Computer Science Perso_abbbf2/span_Grades' is clicked on

2022-01-16 07:51:31 - [TEST_STEP][PASSED] - verifyElementText(findTestObject("Object Repository/Page_Grades View/h2_Grader report"), "Grader report"): Actual text and expected text of test object 'Object Repository/Page_Grades View/h2_Grader report' are matched.

2022-01-16 07:51:32 - [MESSAGE][PASSED] - Actual text and expected text of test object 'Object Repository/Page_Grades View/h2_Grader report' are matched.

2022-01-16 07:51:32 - [TEST_STEP][PASSED] - closeBrowser(): Browser is closed

2022-01-16 07:51:32 - [MESSAGE][PASSED] - Browser is closed]]></system-out>
         <system-err><![CDATA[]]></system-err>
      </testcase>
      <testcase name="Test Cases/test case 49" time="9.568" classname="Test Cases/test case 49" status="PASSED">
         <system-out><![CDATA[2022-01-16 07:51:32 - [TEST_CASE][PASSED] - Test Cases/test case 49: Test Cases/test case 49

2022-01-16 07:51:33 - [TEST_STEP][PASSED] - openBrowser(""): Browser is opened with url: ''

2022-01-16 07:51:33 - [MESSAGE][INFO] - Starting 'Chrome' driver

2022-01-16 07:51:33 - [MESSAGE][INFO] - Action delay is set to 0 milliseconds

2022-01-16 07:51:34 - [MESSAGE][PASSED] - Browser is opened with url: ''

2022-01-16 07:51:34 - [TEST_STEP][PASSED] - navigateToUrl("http://localhost/"): Navigate to 'http://localhost/' successfully

2022-01-16 07:51:35 - [MESSAGE][PASSED] - Navigate to 'http://localhost/' successfully

2022-01-16 07:51:35 - [TEST_STEP][PASSED] - click(findTestObject("Object Repository/Page_Moodle/a_Log in")): Object: 'Object Repository/Page_Moodle/a_Log in' is clicked on

2022-01-16 07:51:36 - [MESSAGE][PASSED] - Object: 'Object Repository/Page_Moodle/a_Log in' is clicked on

2022-01-16 07:51:36 - [TEST_STEP][PASSED] - setText(findTestObject("Object Repository/Page_Moodle Log in to the site/input_Username_username"), "tmtriet"): Text 'tmtriet' is set on object 'Object Repository/Page_Moodle Log in to the site/input_Username_username'

2022-01-16 07:51:36 - [MESSAGE][PASSED] - Text 'tmtriet' is set on object 'Object Repository/Page_Moodle Log in to the site/input_Username_username'

2022-01-16 07:51:36 - [TEST_STEP][PASSED] - setEncryptedText(findTestObject("Object Repository/Page_Moodle Log in to the site/input_Password_password"), "NMz1A57fMJEpXGm/T4cXeQ=="): Text ****** has been set on object 'Object Repository/Page_Moodle Log in to the site/input_Password_password'

2022-01-16 07:51:37 - [MESSAGE][PASSED] - Text ****** has been set on object 'Object Repository/Page_Moodle Log in to the site/input_Password_password'

2022-01-16 07:51:37 - [TEST_STEP][PASSED] - click(findTestObject("Object Repository/Page_Moodle Log in to the site/button_Log in")): Object: 'Object Repository/Page_Moodle Log in to the site/button_Log in' is clicked on

2022-01-16 07:51:38 - [MESSAGE][PASSED] - Object: 'Object Repository/Page_Moodle Log in to the site/button_Log in' is clicked on

2022-01-16 07:51:38 - [TEST_STEP][PASSED] - verifyElementText(findTestObject("Page_Dashboard/span_IntroCS"), "IntroCS"): Actual text and expected text of test object 'Object Repository/Page_Dashboard/span_IntroCS' are matched.

2022-01-16 07:51:39 - [MESSAGE][PASSED] - Actual text and expected text of test object 'Object Repository/Page_Dashboard/span_IntroCS' are matched.

2022-01-16 07:51:39 - [TEST_STEP][PASSED] - click(findTestObject("Object Repository/Page_Dashboard/span_IntroCS")): Object: 'Object Repository/Page_Dashboard/span_IntroCS' is clicked on

2022-01-16 07:51:40 - [MESSAGE][PASSED] - Object: 'Object Repository/Page_Dashboard/span_IntroCS' is clicked on

2022-01-16 07:51:40 - [TEST_STEP][PASSED] - click(findTestObject("Object Repository/Page_Course Introduction to Computer Science/span_Grades")): Object: 'Object Repository/Page_Course Introduction to Computer Science/span_Grades' is clicked on

2022-01-16 07:51:41 - [MESSAGE][PASSED] - Object: 'Object Repository/Page_Course Introduction to Computer Science/span_Grades' is clicked on

2022-01-16 07:51:41 - [TEST_STEP][PASSED] - verifyElementText(findTestObject("Object Repository/Page_Grades View/h2_Grader report"), "Grader report"): Actual text and expected text of test object 'Object Repository/Page_Grades View/h2_Grader report' are matched.

2022-01-16 07:51:41 - [MESSAGE][PASSED] - Actual text and expected text of test object 'Object Repository/Page_Grades View/h2_Grader report' are matched.

2022-01-16 07:51:41 - [TEST_STEP][PASSED] - closeBrowser(): Browser is closed

2022-01-16 07:51:42 - [MESSAGE][PASSED] - Browser is closed]]></system-out>
         <system-err><![CDATA[]]></system-err>
      </testcase>
      <testcase name="Test Cases/test case 50" time="106.282" classname="Test Cases/test case 50" status="FAILED">
         <failure type="FAILED" message="Test Cases/test case 50 FAILED.
Reason:
com.kms.katalon.core.exception.StepFailedException: Unable to click on object 'Object Repository/Page_Dashboard/a_January 2022'
	at com.kms.katalon.core.webui.keyword.internal.WebUIKeywordMain.stepFailed(WebUIKeywordMain.groovy:64)
	at com.kms.katalon.core.webui.keyword.internal.WebUIKeywordMain.runKeyword(WebUIKeywordMain.groovy:26)
	at com.kms.katalon.core.webui.keyword.builtin.ClickKeyword.click(ClickKeyword.groovy:74)
	at com.kms.katalon.core.webui.keyword.builtin.ClickKeyword.execute(ClickKeyword.groovy:40)
	at com.kms.katalon.core.keyword.internal.KeywordExecutor.executeKeywordForPlatform(KeywordExecutor.groovy:74)
	at com.kms.katalon.core.webui.keyword.WebUiBuiltInKeywords.click(WebUiBuiltInKeywords.groovy:620)
	at com.kms.katalon.core.webui.keyword.WebUiBuiltInKeywords$click$1.call(Unknown Source)
	at test case 50.run(test case 50:36)
	at com.kms.katalon.core.main.ScriptEngine.run(ScriptEngine.java:194)
	at com.kms.katalon.core.main.ScriptEngine.runScriptAsRawText(ScriptEngine.java:119)
	at com.kms.katalon.core.main.TestCaseExecutor.runScript(TestCaseExecutor.java:442)
	at com.kms.katalon.core.main.TestCaseExecutor.doExecute(TestCaseExecutor.java:433)
	at com.kms.katalon.core.main.TestCaseExecutor.processExecutionPhase(TestCaseExecutor.java:412)
	at com.kms.katalon.core.main.TestCaseExecutor.accessMainPhase(TestCaseExecutor.java:404)
	at com.kms.katalon.core.main.TestCaseExecutor.execute(TestCaseExecutor.java:281)
	at com.kms.katalon.core.main.TestSuiteExecutor.accessTestCaseMainPhase(TestSuiteExecutor.java:202)
	at com.kms.katalon.core.main.TestSuiteExecutor.accessTestSuiteMainPhase(TestSuiteExecutor.java:164)
	at com.kms.katalon.core.main.TestSuiteExecutor.execute(TestSuiteExecutor.java:105)
	at com.kms.katalon.core.main.TestCaseMain.startTestSuite(TestCaseMain.java:181)
	at com.kms.katalon.core.main.TestCaseMain$startTestSuite$0.call(Unknown Source)
	at TempTestSuite1642288640577.run(TempTestSuite1642288640577.groovy:36)
Caused by: com.kms.katalon.core.webui.exception.WebElementNotFoundException: Web element with id: 'Object Repository/Page_Dashboard/a_January 2022' located by '//div[@id='month-mini-2022-1-1']/table/caption/span[2]/a' not found
	at com.kms.katalon.core.webui.common.WebUiCommonHelper.findWebElement(WebUiCommonHelper.java:1368)
	at com.kms.katalon.core.webui.keyword.internal.WebUIAbstractKeyword.findWebElement(WebUIAbstractKeyword.groovy:27)
	at com.kms.katalon.core.webui.keyword.builtin.ClickKeyword$_click_closure1.doCall(ClickKeyword.groovy:65)
	at com.kms.katalon.core.webui.keyword.builtin.ClickKeyword$_click_closure1.call(ClickKeyword.groovy)
	at com.kms.katalon.core.webui.keyword.internal.WebUIKeywordMain.runKeyword(WebUIKeywordMain.groovy:20)
	... 19 more
"/>
         <system-out><![CDATA[2022-01-16 07:51:42 - [TEST_CASE][FAILED] - Test Cases/test case 50: Test Cases/test case 50 FAILED.
Reason:
com.kms.katalon.core.exception.StepFailedException: Unable to click on object 'Object Repository/Page_Dashboard/a_January 2022'
	at com.kms.katalon.core.webui.keyword.internal.WebUIKeywordMain.stepFailed(WebUIKeywordMain.groovy:64)
	at com.kms.katalon.core.webui.keyword.internal.WebUIKeywordMain.runKeyword(WebUIKeywordMain.groovy:26)
	at com.kms.katalon.core.webui.keyword.builtin.ClickKeyword.click(ClickKeyword.groovy:74)
	at com.kms.katalon.core.webui.keyword.builtin.ClickKeyword.execute(ClickKeyword.groovy:40)
	at com.kms.katalon.core.keyword.internal.KeywordExecutor.executeKeywordForPlatform(KeywordExecutor.groovy:74)
	at com.kms.katalon.core.webui.keyword.WebUiBuiltInKeywords.click(WebUiBuiltInKeywords.groovy:620)
	at com.kms.katalon.core.webui.keyword.WebUiBuiltInKeywords$click$1.call(Unknown Source)
	at test case 50.run(test case 50:36)
	at com.kms.katalon.core.main.ScriptEngine.run(ScriptEngine.java:194)
	at com.kms.katalon.core.main.ScriptEngine.runScriptAsRawText(ScriptEngine.java:119)
	at com.kms.katalon.core.main.TestCaseExecutor.runScript(TestCaseExecutor.java:442)
	at com.kms.katalon.core.main.TestCaseExecutor.doExecute(TestCaseExecutor.java:433)
	at com.kms.katalon.core.main.TestCaseExecutor.processExecutionPhase(TestCaseExecutor.java:412)
	at com.kms.katalon.core.main.TestCaseExecutor.accessMainPhase(TestCaseExecutor.java:404)
	at com.kms.katalon.core.main.TestCaseExecutor.execute(TestCaseExecutor.java:281)
	at com.kms.katalon.core.main.TestSuiteExecutor.accessTestCaseMainPhase(TestSuiteExecutor.java:202)
	at com.kms.katalon.core.main.TestSuiteExecutor.accessTestSuiteMainPhase(TestSuiteExecutor.java:164)
	at com.kms.katalon.core.main.TestSuiteExecutor.execute(TestSuiteExecutor.java:105)
	at com.kms.katalon.core.main.TestCaseMain.startTestSuite(TestCaseMain.java:181)
	at com.kms.katalon.core.main.TestCaseMain$startTestSuite$0.call(Unknown Source)
	at TempTestSuite1642288640577.run(TempTestSuite1642288640577.groovy:36)
Caused by: com.kms.katalon.core.webui.exception.WebElementNotFoundException: Web element with id: 'Object Repository/Page_Dashboard/a_January 2022' located by '//div[@id='month-mini-2022-1-1']/table/caption/span[2]/a' not found
	at com.kms.katalon.core.webui.common.WebUiCommonHelper.findWebElement(WebUiCommonHelper.java:1368)
	at com.kms.katalon.core.webui.keyword.internal.WebUIAbstractKeyword.findWebElement(WebUIAbstractKeyword.groovy:27)
	at com.kms.katalon.core.webui.keyword.builtin.ClickKeyword$_click_closure1.doCall(ClickKeyword.groovy:65)
	at com.kms.katalon.core.webui.keyword.builtin.ClickKeyword$_click_closure1.call(ClickKeyword.groovy)
	at com.kms.katalon.core.webui.keyword.internal.WebUIKeywordMain.runKeyword(WebUIKeywordMain.groovy:20)
	... 19 more


2022-01-16 07:51:42 - [TEST_STEP][PASSED] - openBrowser(""): Browser is opened with url: ''

2022-01-16 07:51:42 - [MESSAGE][INFO] - Starting 'Chrome' driver

2022-01-16 07:51:42 - [MESSAGE][INFO] - Action delay is set to 0 milliseconds

2022-01-16 07:51:43 - [MESSAGE][PASSED] - Browser is opened with url: ''

2022-01-16 07:51:43 - [TEST_STEP][PASSED] - navigateToUrl("http://localhost/"): Navigate to 'http://localhost/' successfully

2022-01-16 07:51:45 - [MESSAGE][PASSED] - Navigate to 'http://localhost/' successfully

2022-01-16 07:51:45 - [TEST_STEP][PASSED] - click(findTestObject("Object Repository/Page_Moodle/a_Log in")): Object: 'Object Repository/Page_Moodle/a_Log in' is clicked on

2022-01-16 07:51:45 - [MESSAGE][PASSED] - Object: 'Object Repository/Page_Moodle/a_Log in' is clicked on

2022-01-16 07:51:45 - [TEST_STEP][PASSED] - setText(findTestObject("Object Repository/Page_Moodle Log in to the site/input_Username_username"), "tmtriet"): Text 'tmtriet' is set on object 'Object Repository/Page_Moodle Log in to the site/input_Username_username'

2022-01-16 07:51:46 - [MESSAGE][PASSED] - Text 'tmtriet' is set on object 'Object Repository/Page_Moodle Log in to the site/input_Username_username'

2022-01-16 07:51:46 - [TEST_STEP][PASSED] - setEncryptedText(findTestObject("Object Repository/Page_Moodle Log in to the site/input_Password_password"), "NMz1A57fMJEpXGm/T4cXeQ=="): Text ****** has been set on object 'Object Repository/Page_Moodle Log in to the site/input_Password_password'

2022-01-16 07:51:47 - [MESSAGE][PASSED] - Text ****** has been set on object 'Object Repository/Page_Moodle Log in to the site/input_Password_password'

2022-01-16 07:51:47 - [TEST_STEP][PASSED] - click(findTestObject("Object Repository/Page_Moodle Log in to the site/button_Log in")): Object: 'Object Repository/Page_Moodle Log in to the site/button_Log in' is clicked on

2022-01-16 07:51:47 - [MESSAGE][PASSED] - Object: 'Object Repository/Page_Moodle Log in to the site/button_Log in' is clicked on

2022-01-16 07:51:47 - [TEST_STEP][PASSED] - click(findTestObject("Object Repository/Page_Dashboard/section_Calendar                           _8b64df")): Object: 'Object Repository/Page_Dashboard/section_Calendar                           _8b64df' is clicked on

2022-01-16 07:52:19 - [MESSAGE][INFO] - Unable to find the element located by 'By.xpath: //section[@id='inst37']'. Please recheck the objects properties to make sure the desired element is located. 

2022-01-16 07:52:19 - [MESSAGE][WARNING] - [SELF-HEALING] Failed to find element with id 'Object Repository/Page_Dashboard/section_Calendar                           _8b64df'. Try using Self-healing.

2022-01-16 07:52:19 - [MESSAGE][WARNING] - [SELF-HEALING] The current locator of test object 'Object Repository/Page_Dashboard/section_Calendar                           _8b64df' was broken. Propose an alternative one: '//aside[@id='block-region-side-pre']/section[5]'.

2022-01-16 07:52:19 - [MESSAGE][PASSED] - Object: 'Object Repository/Page_Dashboard/section_Calendar                           _8b64df' is clicked on

2022-01-16 07:52:19 - [TEST_STEP][PASSED] - verifyElementVisible(findTestObject("Object Repository/Page_Dashboard/div_Calendar                               _78b00d")): Object 'Object Repository/Page_Dashboard/div_Calendar                               _78b00d' is visible

2022-01-16 07:52:50 - [MESSAGE][INFO] - Unable to find the element located by 'By.xpath: //section[@id='inst171']/div'. Please recheck the objects properties to make sure the desired element is located. 

2022-01-16 07:52:50 - [MESSAGE][WARNING] - [SELF-HEALING] Failed to find element with id 'Object Repository/Page_Dashboard/div_Calendar                               _78b00d'. Try using Self-healing.

2022-01-16 07:52:50 - [MESSAGE][WARNING] - [SELF-HEALING] The current locator of test object 'Object Repository/Page_Dashboard/div_Calendar                               _78b00d' was broken. Propose an alternative one: '(.//*[normalize-space(text()) and normalize-space(.)='You have no badges to display'])[1]/following::div[1]'.

2022-01-16 07:52:51 - [MESSAGE][PASSED] - Object 'Object Repository/Page_Dashboard/div_Calendar                               _78b00d' is visible

2022-01-16 07:52:51 - [TEST_STEP][FAILED] - click(findTestObject("Object Repository/Page_Dashboard/a_January 2022")): Unable to click on object 'Object Repository/Page_Dashboard/a_January 2022' (Root cause: com.kms.katalon.core.exception.StepFailedException: Unable to click on object 'Object Repository/Page_Dashboard/a_January 2022'
	at com.kms.katalon.core.webui.keyword.internal.WebUIKeywordMain.stepFailed(WebUIKeywordMain.groovy:64)
	at com.kms.katalon.core.webui.keyword.internal.WebUIKeywordMain.runKeyword(WebUIKeywordMain.groovy:26)
	at com.kms.katalon.core.webui.keyword.builtin.ClickKeyword.click(ClickKeyword.groovy:74)
	at com.kms.katalon.core.webui.keyword.builtin.ClickKeyword.execute(ClickKeyword.groovy:40)
	at com.kms.katalon.core.keyword.internal.KeywordExecutor.executeKeywordForPlatform(KeywordExecutor.groovy:74)
	at com.kms.katalon.core.webui.keyword.WebUiBuiltInKeywords.click(WebUiBuiltInKeywords.groovy:620)
	at com.kms.katalon.core.webui.keyword.WebUiBuiltInKeywords$click$1.call(Unknown Source)
	at test case 50.run(test case 50:36)
	at com.kms.katalon.core.main.ScriptEngine.run(ScriptEngine.java:194)
	at com.kms.katalon.core.main.ScriptEngine.runScriptAsRawText(ScriptEngine.java:119)
	at com.kms.katalon.core.main.TestCaseExecutor.runScript(TestCaseExecutor.java:442)
	at com.kms.katalon.core.main.TestCaseExecutor.doExecute(TestCaseExecutor.java:433)
	at com.kms.katalon.core.main.TestCaseExecutor.processExecutionPhase(TestCaseExecutor.java:412)
	at com.kms.katalon.core.main.TestCaseExecutor.accessMainPhase(TestCaseExecutor.java:404)
	at com.kms.katalon.core.main.TestCaseExecutor.execute(TestCaseExecutor.java:281)
	at com.kms.katalon.core.main.TestSuiteExecutor.accessTestCaseMainPhase(TestSuiteExecutor.java:202)
	at com.kms.katalon.core.main.TestSuiteExecutor.accessTestSuiteMainPhase(TestSuiteExecutor.java:164)
	at com.kms.katalon.core.main.TestSuiteExecutor.execute(TestSuiteExecutor.java:105)
	at com.kms.katalon.core.main.TestCaseMain.startTestSuite(TestCaseMain.java:181)
	at com.kms.katalon.core.main.TestCaseMain$startTestSuite$0.call(Unknown Source)
	at TempTestSuite1642288640577.run(TempTestSuite1642288640577.groovy:36)
Caused by: com.kms.katalon.core.webui.exception.WebElementNotFoundException: Web element with id: 'Object Repository/Page_Dashboard/a_January 2022' located by '//div[@id='month-mini-2022-1-1']/table/caption/span[2]/a' not found
	at com.kms.katalon.core.webui.common.WebUiCommonHelper.findWebElement(WebUiCommonHelper.java:1368)
	at com.kms.katalon.core.webui.keyword.internal.WebUIAbstractKeyword.findWebElement(WebUIAbstractKeyword.groovy:27)
	at com.kms.katalon.core.webui.keyword.builtin.ClickKeyword$_click_closure1.doCall(ClickKeyword.groovy:65)
	at com.kms.katalon.core.webui.keyword.builtin.ClickKeyword$_click_closure1.call(ClickKeyword.groovy)
	at com.kms.katalon.core.webui.keyword.internal.WebUIKeywordMain.runKeyword(WebUIKeywordMain.groovy:20)
	at com.kms.katalon.core.webui.keyword.builtin.ClickKeyword.click(ClickKeyword.groovy:74)
	at com.kms.katalon.core.webui.keyword.builtin.ClickKeyword.execute(ClickKeyword.groovy:40)
	at com.kms.katalon.core.keyword.internal.KeywordExecutor.executeKeywordForPlatform(KeywordExecutor.groovy:74)
	at com.kms.katalon.core.webui.keyword.WebUiBuiltInKeywords.click(WebUiBuiltInKeywords.groovy:620)
	at com.kms.katalon.core.webui.keyword.WebUiBuiltInKeywords$click$1.call(Unknown Source)
	at Script1642213494779.run(Script1642213494779.groovy:36)
	... 13 more
)

2022-01-16 07:53:22 - [MESSAGE][INFO] - Unable to find the element located by 'By.xpath: //div[@id='month-mini-2022-1-1']/table/caption/span[2]/a'. Please recheck the objects properties to make sure the desired element is located. 

2022-01-16 07:53:22 - [MESSAGE][WARNING] - [SELF-HEALING] Failed to find element with id 'Object Repository/Page_Dashboard/a_January 2022'. Try using Self-healing.

2022-01-16 07:53:23 - [MESSAGE][INFO] - Unable to find the element located by 'By.xpath: //a[contains(text(),'January 2022')]'. Please recheck the objects properties to make sure the desired element is located. 

2022-01-16 07:53:23 - [MESSAGE][INFO] - [SELF-HEALING] Failed Locator: '//div[@id='month-mini-2022-1-1']/table/caption/span[2]/a'.

2022-01-16 07:53:23 - [MESSAGE][INFO] - [SELF-HEALING] Failed Locator: '//a[contains(text(),'January 2022')]'.

2022-01-16 07:53:24 - [MESSAGE][INFO] - [SELF-HEALING] Failed Locator: '(.//*[normalize-space(text()) and normalize-space(.)='|'])[1]/following::a[1]'.

2022-01-16 07:53:24 - [MESSAGE][INFO] - [SELF-HEALING] Failed Locator: '(.//*[normalize-space(text()) and normalize-space(.)='◄'])[1]/following::a[1]'.

2022-01-16 07:53:24 - [MESSAGE][INFO] - [SELF-HEALING] Failed Locator: '(.//*[normalize-space(text()) and normalize-space(.)='|'])[2]/preceding::a[1]'.

2022-01-16 07:53:24 - [MESSAGE][INFO] - [SELF-HEALING] Failed Locator: '(.//*[normalize-space(text()) and normalize-space(.)='►'])[1]/preceding::a[1]'.

2022-01-16 07:53:25 - [MESSAGE][INFO] - [SELF-HEALING] Failed Locator: '//*/text()[normalize-space(.)='January 2022']/parent::*'.

2022-01-16 07:53:25 - [MESSAGE][INFO] - [SELF-HEALING] Failed Locator: '//a[@href='http://localhost/calendar/view.php?view=month&time=1642266000']'.

2022-01-16 07:53:25 - [MESSAGE][INFO] - [SELF-HEALING] Failed Locator: '//span[2]/a'.

2022-01-16 07:53:25 - [MESSAGE][INFO] - [SELF-HEALING] Failed Locator: '//a[@href='http://localhost/calendar/view.php?view=month&time=1642179600']'.

2022-01-16 07:53:26 - [MESSAGE][INFO] - [SELF-HEALING] Failed Locator: '//a[@href='http://localhost/calendar/view.php?view=month&time=1642093200']'.

2022-01-16 07:53:26 - [MESSAGE][INFO] - [SELF-HEALING] Failed Locator: '//div[@id='month-mini-2022-1-3']/table/caption/span[2]/a'.

2022-01-16 07:53:27 - [MESSAGE][INFO] - Unable to find the element located by 'By.xpath: //*[@href = 'http://localhost/calendar/view.php?view=month&time=1642266000' and @title = 'This month' and (text() = 'January 2022' or . = 'January 2022')]'. Please recheck the objects properties to make sure the desired element is located. 

2022-01-16 07:53:28 - [MESSAGE][INFO] - Unable to find the element located by 'By.cssSelector: a[title="This month"]'. Please recheck the objects properties to make sure the desired element is located. 

2022-01-16 07:53:28 - [MESSAGE][FAILED] - Unable to click on object 'Object Repository/Page_Dashboard/a_January 2022' (Root cause: com.kms.katalon.core.exception.StepFailedException: Unable to click on object 'Object Repository/Page_Dashboard/a_January 2022'
	at com.kms.katalon.core.webui.keyword.internal.WebUIKeywordMain.stepFailed(WebUIKeywordMain.groovy:64)
	at com.kms.katalon.core.webui.keyword.internal.WebUIKeywordMain.runKeyword(WebUIKeywordMain.groovy:26)
	at com.kms.katalon.core.webui.keyword.builtin.ClickKeyword.click(ClickKeyword.groovy:74)
	at com.kms.katalon.core.webui.keyword.builtin.ClickKeyword.execute(ClickKeyword.groovy:40)
	at com.kms.katalon.core.keyword.internal.KeywordExecutor.executeKeywordForPlatform(KeywordExecutor.groovy:74)
	at com.kms.katalon.core.webui.keyword.WebUiBuiltInKeywords.click(WebUiBuiltInKeywords.groovy:620)
	at com.kms.katalon.core.webui.keyword.WebUiBuiltInKeywords$click$1.call(Unknown Source)
	at test case 50.run(test case 50:36)
	at com.kms.katalon.core.main.ScriptEngine.run(ScriptEngine.java:194)
	at com.kms.katalon.core.main.ScriptEngine.runScriptAsRawText(ScriptEngine.java:119)
	at com.kms.katalon.core.main.TestCaseExecutor.runScript(TestCaseExecutor.java:442)
	at com.kms.katalon.core.main.TestCaseExecutor.doExecute(TestCaseExecutor.java:433)
	at com.kms.katalon.core.main.TestCaseExecutor.processExecutionPhase(TestCaseExecutor.java:412)
	at com.kms.katalon.core.main.TestCaseExecutor.accessMainPhase(TestCaseExecutor.java:404)
	at com.kms.katalon.core.main.TestCaseExecutor.execute(TestCaseExecutor.java:281)
	at com.kms.katalon.core.main.TestSuiteExecutor.accessTestCaseMainPhase(TestSuiteExecutor.java:202)
	at com.kms.katalon.core.main.TestSuiteExecutor.accessTestSuiteMainPhase(TestSuiteExecutor.java:164)
	at com.kms.katalon.core.main.TestSuiteExecutor.execute(TestSuiteExecutor.java:105)
	at com.kms.katalon.core.main.TestCaseMain.startTestSuite(TestCaseMain.java:181)
	at com.kms.katalon.core.main.TestCaseMain$startTestSuite$0.call(Unknown Source)
	at TempTestSuite1642288640577.run(TempTestSuite1642288640577.groovy:36)
Caused by: com.kms.katalon.core.webui.exception.WebElementNotFoundException: Web element with id: 'Object Repository/Page_Dashboard/a_January 2022' located by '//div[@id='month-mini-2022-1-1']/table/caption/span[2]/a' not found
	at com.kms.katalon.core.webui.common.WebUiCommonHelper.findWebElement(WebUiCommonHelper.java:1368)
	at com.kms.katalon.core.webui.keyword.internal.WebUIAbstractKeyword.findWebElement(WebUIAbstractKeyword.groovy:27)
	at com.kms.katalon.core.webui.keyword.builtin.ClickKeyword$_click_closure1.doCall(ClickKeyword.groovy:65)
	at com.kms.katalon.core.webui.keyword.builtin.ClickKeyword$_click_closure1.call(ClickKeyword.groovy)
	at com.kms.katalon.core.webui.keyword.internal.WebUIKeywordMain.runKeyword(WebUIKeywordMain.groovy:20)
	at com.kms.katalon.core.webui.keyword.builtin.ClickKeyword.click(ClickKeyword.groovy:74)
	at com.kms.katalon.core.webui.keyword.builtin.ClickKeyword.execute(ClickKeyword.groovy:40)
	at com.kms.katalon.core.keyword.internal.KeywordExecutor.executeKeywordForPlatform(KeywordExecutor.groovy:74)
	at com.kms.katalon.core.webui.keyword.WebUiBuiltInKeywords.click(WebUiBuiltInKeywords.groovy:620)
	at com.kms.katalon.core.webui.keyword.WebUiBuiltInKeywords$click$1.call(Unknown Source)
	at Script1642213494779.run(Script1642213494779.groovy:36)
	... 13 more
)
[[ATTACHMENT|D:\\Test-Automation-SE-Bonus\\Test-Automation-SE-Bonus\\Reports\\20220116_061720\\Run all test cases\\20220116_061720\\1642294408664.png]]]]></system-out>
         <system-err><![CDATA[2022-01-16 07:51:42 - [TEST_CASE][FAILED] - Test Cases/test case 50: Test Cases/test case 50 FAILED.
Reason:
com.kms.katalon.core.exception.StepFailedException: Unable to click on object 'Object Repository/Page_Dashboard/a_January 2022'
	at com.kms.katalon.core.webui.keyword.internal.WebUIKeywordMain.stepFailed(WebUIKeywordMain.groovy:64)
	at com.kms.katalon.core.webui.keyword.internal.WebUIKeywordMain.runKeyword(WebUIKeywordMain.groovy:26)
	at com.kms.katalon.core.webui.keyword.builtin.ClickKeyword.click(ClickKeyword.groovy:74)
	at com.kms.katalon.core.webui.keyword.builtin.ClickKeyword.execute(ClickKeyword.groovy:40)
	at com.kms.katalon.core.keyword.internal.KeywordExecutor.executeKeywordForPlatform(KeywordExecutor.groovy:74)
	at com.kms.katalon.core.webui.keyword.WebUiBuiltInKeywords.click(WebUiBuiltInKeywords.groovy:620)
	at com.kms.katalon.core.webui.keyword.WebUiBuiltInKeywords$click$1.call(Unknown Source)
	at test case 50.run(test case 50:36)
	at com.kms.katalon.core.main.ScriptEngine.run(ScriptEngine.java:194)
	at com.kms.katalon.core.main.ScriptEngine.runScriptAsRawText(ScriptEngine.java:119)
	at com.kms.katalon.core.main.TestCaseExecutor.runScript(TestCaseExecutor.java:442)
	at com.kms.katalon.core.main.TestCaseExecutor.doExecute(TestCaseExecutor.java:433)
	at com.kms.katalon.core.main.TestCaseExecutor.processExecutionPhase(TestCaseExecutor.java:412)
	at com.kms.katalon.core.main.TestCaseExecutor.accessMainPhase(TestCaseExecutor.java:404)
	at com.kms.katalon.core.main.TestCaseExecutor.execute(TestCaseExecutor.java:281)
	at com.kms.katalon.core.main.TestSuiteExecutor.accessTestCaseMainPhase(TestSuiteExecutor.java:202)
	at com.kms.katalon.core.main.TestSuiteExecutor.accessTestSuiteMainPhase(TestSuiteExecutor.java:164)
	at com.kms.katalon.core.main.TestSuiteExecutor.execute(TestSuiteExecutor.java:105)
	at com.kms.katalon.core.main.TestCaseMain.startTestSuite(TestCaseMain.java:181)
	at com.kms.katalon.core.main.TestCaseMain$startTestSuite$0.call(Unknown Source)
	at TempTestSuite1642288640577.run(TempTestSuite1642288640577.groovy:36)
Caused by: com.kms.katalon.core.webui.exception.WebElementNotFoundException: Web element with id: 'Object Repository/Page_Dashboard/a_January 2022' located by '//div[@id='month-mini-2022-1-1']/table/caption/span[2]/a' not found
	at com.kms.katalon.core.webui.common.WebUiCommonHelper.findWebElement(WebUiCommonHelper.java:1368)
	at com.kms.katalon.core.webui.keyword.internal.WebUIAbstractKeyword.findWebElement(WebUIAbstractKeyword.groovy:27)
	at com.kms.katalon.core.webui.keyword.builtin.ClickKeyword$_click_closure1.doCall(ClickKeyword.groovy:65)
	at com.kms.katalon.core.webui.keyword.builtin.ClickKeyword$_click_closure1.call(ClickKeyword.groovy)
	at com.kms.katalon.core.webui.keyword.internal.WebUIKeywordMain.runKeyword(WebUIKeywordMain.groovy:20)
	... 19 more]]></system-err>
      </testcase>
      <system-out><![CDATA[2022-01-16 06:17:30 - [TEST_SUITE][FAILED] - Run all test cases: Test Cases/test case 28 FAILED.
Reason:
com.kms.katalon.core.exception.StepFailedException: Unable to verify object 'Object Repository/Page_Dashboard/a_January 2022' to be clickable
	at com.kms.katalon.core.webui.keyword.internal.WebUIKeywordMain.stepFailed(WebUIKeywordMain.groovy:64)
	at com.kms.katalon.core.webui.keyword.internal.WebUIKeywordMain.runKeyword(WebUIKeywordMain.groovy:26)
	at com.kms.katalon.core.webui.keyword.builtin.VerifyElementClickableKeyword.verifyElementClickable(VerifyElementClickableKeyword.groovy:96)
	at com.kms.katalon.core.webui.keyword.builtin.VerifyElementClickableKeyword.execute(VerifyElementClickableKeyword.groovy:67)
	at com.kms.katalon.core.keyword.internal.KeywordExecutor.executeKeywordForPlatform(KeywordExecutor.groovy:74)
	at com.kms.katalon.core.webui.keyword.WebUiBuiltInKeywords.verifyElementClickable(WebUiBuiltInKeywords.groovy:566)
	at com.kms.katalon.core.webui.keyword.WebUiBuiltInKeywords$verifyElementClickable$10.call(Unknown Source)
	at test case 28.run(test case 28:34)
	at com.kms.katalon.core.main.ScriptEngine.run(ScriptEngine.java:194)
	at com.kms.katalon.core.main.ScriptEngine.runScriptAsRawText(ScriptEngine.java:119)
	at com.kms.katalon.core.main.TestCaseExecutor.runScript(TestCaseExecutor.java:442)
	at com.kms.katalon.core.main.TestCaseExecutor.doExecute(TestCaseExecutor.java:433)
	at com.kms.katalon.core.main.TestCaseExecutor.processExecutionPhase(TestCaseExecutor.java:412)
	at com.kms.katalon.core.main.TestCaseExecutor.accessMainPhase(TestCaseExecutor.java:404)
	at com.kms.katalon.core.main.TestCaseExecutor.execute(TestCaseExecutor.java:281)
	at com.kms.katalon.core.main.TestSuiteExecutor.accessTestCaseMainPhase(TestSuiteExecutor.java:202)
	at com.kms.katalon.core.main.TestSuiteExecutor.accessTestSuiteMainPhase(TestSuiteExecutor.java:164)
	at com.kms.katalon.core.main.TestSuiteExecutor.execute(TestSuiteExecutor.java:105)
	at com.kms.katalon.core.main.TestCaseMain.startTestSuite(TestCaseMain.java:181)
	at com.kms.katalon.core.main.TestCaseMain$startTestSuite$0.call(Unknown Source)
	at TempTestSuite1642288640577.run(TempTestSuite1642288640577.groovy:36)
Caused by: com.kms.katalon.core.exception.StepFailedException: Web element with id: 'Object Repository/Page_Dashboard/a_January 2022' located by '//div[@id='month-mini-2022-1-1']/table/caption/span[2]/a' not found
	at com.kms.katalon.core.webui.keyword.internal.WebUIKeywordMain.stepFailed(WebUIKeywordMain.groovy:64)
	at com.kms.katalon.core.webui.keyword.builtin.VerifyElementClickableKeyword$_verifyElementClickable_closure1.doCall(VerifyElementClickableKeyword.groovy:88)
	at com.kms.katalon.core.webui.keyword.builtin.VerifyElementClickableKeyword$_verifyElementClickable_closure1.call(VerifyElementClickableKeyword.groovy)
	at com.kms.katalon.core.webui.keyword.internal.WebUIKeywordMain.runKeyword(WebUIKeywordMain.groovy:20)
	... 19 more]]></system-out>
      <system-err><![CDATA[2022-01-16 06:17:30 - [TEST_SUITE][FAILED] - Run all test cases: Test Cases/test case 28 FAILED.
Reason:
com.kms.katalon.core.exception.StepFailedException: Unable to verify object 'Object Repository/Page_Dashboard/a_January 2022' to be clickable
	at com.kms.katalon.core.webui.keyword.internal.WebUIKeywordMain.stepFailed(WebUIKeywordMain.groovy:64)
	at com.kms.katalon.core.webui.keyword.internal.WebUIKeywordMain.runKeyword(WebUIKeywordMain.groovy:26)
	at com.kms.katalon.core.webui.keyword.builtin.VerifyElementClickableKeyword.verifyElementClickable(VerifyElementClickableKeyword.groovy:96)
	at com.kms.katalon.core.webui.keyword.builtin.VerifyElementClickableKeyword.execute(VerifyElementClickableKeyword.groovy:67)
	at com.kms.katalon.core.keyword.internal.KeywordExecutor.executeKeywordForPlatform(KeywordExecutor.groovy:74)
	at com.kms.katalon.core.webui.keyword.WebUiBuiltInKeywords.verifyElementClickable(WebUiBuiltInKeywords.groovy:566)
	at com.kms.katalon.core.webui.keyword.WebUiBuiltInKeywords$verifyElementClickable$10.call(Unknown Source)
	at test case 28.run(test case 28:34)
	at com.kms.katalon.core.main.ScriptEngine.run(ScriptEngine.java:194)
	at com.kms.katalon.core.main.ScriptEngine.runScriptAsRawText(ScriptEngine.java:119)
	at com.kms.katalon.core.main.TestCaseExecutor.runScript(TestCaseExecutor.java:442)
	at com.kms.katalon.core.main.TestCaseExecutor.doExecute(TestCaseExecutor.java:433)
	at com.kms.katalon.core.main.TestCaseExecutor.processExecutionPhase(TestCaseExecutor.java:412)
	at com.kms.katalon.core.main.TestCaseExecutor.accessMainPhase(TestCaseExecutor.java:404)
	at com.kms.katalon.core.main.TestCaseExecutor.execute(TestCaseExecutor.java:281)
	at com.kms.katalon.core.main.TestSuiteExecutor.accessTestCaseMainPhase(TestSuiteExecutor.java:202)
	at com.kms.katalon.core.main.TestSuiteExecutor.accessTestSuiteMainPhase(TestSuiteExecutor.java:164)
	at com.kms.katalon.core.main.TestSuiteExecutor.execute(TestSuiteExecutor.java:105)
	at com.kms.katalon.core.main.TestCaseMain.startTestSuite(TestCaseMain.java:181)
	at com.kms.katalon.core.main.TestCaseMain$startTestSuite$0.call(Unknown Source)
	at TempTestSuite1642288640577.run(TempTestSuite1642288640577.groovy:36)
Caused by: com.kms.katalon.core.exception.StepFailedException: Web element with id: 'Object Repository/Page_Dashboard/a_January 2022' located by '//div[@id='month-mini-2022-1-1']/table/caption/span[2]/a' not found
	at com.kms.katalon.core.webui.keyword.internal.WebUIKeywordMain.stepFailed(WebUIKeywordMain.groovy:64)
	at com.kms.katalon.core.webui.keyword.builtin.VerifyElementClickableKeyword$_verifyElementClickable_closure1.doCall(VerifyElementClickableKeyword.groovy:88)
	at com.kms.katalon.core.webui.keyword.builtin.VerifyElementClickableKeyword$_verifyElementClickable_closure1.call(VerifyElementClickableKeyword.groovy)
	at com.kms.katalon.core.webui.keyword.internal.WebUIKeywordMain.runKeyword(WebUIKeywordMain.groovy:20)
	... 19 more]]></system-err>
   </testsuite>
</testsuites>
