<?xml version="1.0" encoding="UTF-8"?>
<testsuites name="Run all test cases" time="5412.921" tests="50" failures="14" errors="0">
   <testsuite name="Run all test cases" tests="50" failures="14" errors="0" time="5412.921" skipped="0" timestamp="2022-01-17 05:56:55" hostname="LENOVO - host.docker.internal" id="Test Suites/Run all test cases">
      <properties>
         <property name="deviceName" value=""/>
         <property name="devicePlatform" value=""/>
         <property name="logFolder" value="D:\\Test-Automation-SE-Bonus\\Test-Automation-SE-Bonus\\Reports\\20220117_055646\\Run all test cases\\20220117_055646"/>
         <property name="logFiles" value="D:\\Test-Automation-SE-Bonus\\Test-Automation-SE-Bonus\\Reports\\20220117_055646\\Run all test cases\\20220117_055646\\execution0.log"/>
         <property name="attachments" value="D:\\Test-Automation-SE-Bonus\\Test-Automation-SE-Bonus\\Reports\\20220117_055646\\Run all test cases\\20220117_055646\\1642376452403.png, D:\\Test-Automation-SE-Bonus\\Test-Automation-SE-Bonus\\Reports\\20220117_055646\\Run all test cases\\20220117_055646\\1642376743397.png, D:\\Test-Automation-SE-Bonus\\Test-Automation-SE-Bonus\\Reports\\20220117_055646\\Run all test cases\\20220117_055646\\1642376743517.png, D:\\Test-Automation-SE-Bonus\\Test-Automation-SE-Bonus\\Reports\\20220117_055646\\Run all test cases\\20220117_055646\\1642376785422.png, D:\\Test-Automation-SE-Bonus\\Test-Automation-SE-Bonus\\Reports\\20220117_055646\\Run all test cases\\20220117_055646\\1642376826729.png, D:\\Test-Automation-SE-Bonus\\Test-Automation-SE-Bonus\\Reports\\20220117_055646\\Run all test cases\\20220117_055646\\1642376826858.png, D:\\Test-Automation-SE-Bonus\\Test-Automation-SE-Bonus\\Reports\\20220117_055646\\Run all test cases\\20220117_055646\\1642376870569.png, D:\\Test-Automation-SE-Bonus\\Test-Automation-SE-Bonus\\Reports\\20220117_055646\\Run all test cases\\20220117_055646\\1642376870703.png, D:\\Test-Automation-SE-Bonus\\Test-Automation-SE-Bonus\\Reports\\20220117_055646\\Run all test cases\\20220117_055646\\1642376912448.png, D:\\Test-Automation-SE-Bonus\\Test-Automation-SE-Bonus\\Reports\\20220117_055646\\Run all test cases\\20220117_055646\\1642376912570.png, D:\\Test-Automation-SE-Bonus\\Test-Automation-SE-Bonus\\Reports\\20220117_055646\\Run all test cases\\20220117_055646\\1642376953639.png, D:\\Test-Automation-SE-Bonus\\Test-Automation-SE-Bonus\\Reports\\20220117_055646\\Run all test cases\\20220117_055646\\1642376997169.png, D:\\Test-Automation-SE-Bonus\\Test-Automation-SE-Bonus\\Reports\\20220117_055646\\Run all test cases\\20220117_055646\\1642376997313.png, D:\\Test-Automation-SE-Bonus\\Test-Automation-SE-Bonus\\Reports\\20220117_055646\\Run all test cases\\20220117_055646\\1642377040996.png, D:\\Test-Automation-SE-Bonus\\Test-Automation-SE-Bonus\\Reports\\20220117_055646\\Run all test cases\\20220117_055646\\1642377041102.png, D:\\Test-Automation-SE-Bonus\\Test-Automation-SE-Bonus\\Reports\\20220117_055646\\Run all test cases\\20220117_055646\\1642377146959.png, D:\\Test-Automation-SE-Bonus\\Test-Automation-SE-Bonus\\Reports\\20220117_055646\\Run all test cases\\20220117_055646\\1642377189672.png, D:\\Test-Automation-SE-Bonus\\Test-Automation-SE-Bonus\\Reports\\20220117_055646\\Run all test cases\\20220117_055646\\1642377189792.png, D:\\Test-Automation-SE-Bonus\\Test-Automation-SE-Bonus\\Reports\\20220117_055646\\Run all test cases\\20220117_055646\\1642377250446.png, D:\\Test-Automation-SE-Bonus\\Test-Automation-SE-Bonus\\Reports\\20220117_055646\\Run all test cases\\20220117_055646\\1642377250694.png, D:\\Test-Automation-SE-Bonus\\Test-Automation-SE-Bonus\\Reports\\20220117_055646\\Run all test cases\\20220117_055646\\1642377318369.png, D:\\Test-Automation-SE-Bonus\\Test-Automation-SE-Bonus\\Reports\\20220117_055646\\Run all test cases\\20220117_055646\\1642377318586.png, D:\\Test-Automation-SE-Bonus\\Test-Automation-SE-Bonus\\Reports\\20220117_055646\\Run all test cases\\20220117_055646\\1642377377465.png, D:\\Test-Automation-SE-Bonus\\Test-Automation-SE-Bonus\\Reports\\20220117_055646\\Run all test cases\\20220117_055646\\1642377377691.png"/>
         <property name="hostName" value="LENOVO - host.docker.internal"/>
         <property name="os" value="Windows 10 64bit"/>
         <property name="katalonVersion" value="8.2.0.208"/>
         <property name="browser" value="Chrome 97.0.4692.71"/>
         <property name="hostAddress" value="192.168.1.8"/>
         <property name="sessionId" value="e853e9fe67d5e52e1091de09b00d2853"/>
         <property name="seleniumVersion" value="3.141.59"/>
         <property name="proxyInformation" value="ProxyInformation { proxyOption=NO_PROXY, proxyServerType=HTTP, username=, password=********, proxyServerAddress=, proxyServerPort=0, executionList=&quot;&quot;, isApplyToDesiredCapabilities=true }"/>
         <property name="platform" value="Windows 10"/>
      </properties>
      <testcase name="Test Cases/test case 01" time="8.372" classname="Test Cases/test case 01" status="PASSED">
         <system-out><![CDATA[2022-01-17 05:56:55 - [TEST_CASE][PASSED] - Test Cases/test case 01: Test Cases/test case 01

2022-01-17 05:56:55 - [TEST_STEP][PASSED] - openBrowser(""): Browser is opened with url: ''

2022-01-17 05:56:56 - [MESSAGE][INFO] - Starting 'Chrome' driver

2022-01-17 05:56:56 - [MESSAGE][INFO] - Action delay is set to 0 milliseconds

2022-01-17 05:56:58 - [MESSAGE][PASSED] - Browser is opened with url: ''

2022-01-17 05:56:58 - [TEST_STEP][PASSED] - navigateToUrl("http://localhost/"): Navigate to 'http://localhost/' successfully

2022-01-17 05:56:59 - [MESSAGE][PASSED] - Navigate to 'http://localhost/' successfully

2022-01-17 05:56:59 - [TEST_STEP][PASSED] - click(findTestObject("Object Repository/Page_Moodle/a_Log in")): Object: 'Object Repository/Page_Moodle/a_Log in' is clicked on

2022-01-17 05:57:00 - [MESSAGE][PASSED] - Object: 'Object Repository/Page_Moodle/a_Log in' is clicked on

2022-01-17 05:57:00 - [TEST_STEP][PASSED] - setText(findTestObject("Object Repository/Page_Moodle Log in to the site/input_Username_username"), "admin"): Text 'admin' is set on object 'Object Repository/Page_Moodle Log in to the site/input_Username_username'

2022-01-17 05:57:01 - [MESSAGE][PASSED] - Text 'admin' is set on object 'Object Repository/Page_Moodle Log in to the site/input_Username_username'

2022-01-17 05:57:01 - [TEST_STEP][PASSED] - setEncryptedText(findTestObject("Object Repository/Page_Moodle Log in to the site/input_Password_password"), "r6H/uPCyCbQX7sAf5E1f3g=="): Text ****** has been set on object 'Object Repository/Page_Moodle Log in to the site/input_Password_password'

2022-01-17 05:57:01 - [MESSAGE][PASSED] - Text ****** has been set on object 'Object Repository/Page_Moodle Log in to the site/input_Password_password'

2022-01-17 05:57:01 - [TEST_STEP][PASSED] - click(findTestObject("Object Repository/Page_Moodle Log in to the site/button_Log in")): Object: 'Object Repository/Page_Moodle Log in to the site/button_Log in' is clicked on

2022-01-17 05:57:03 - [MESSAGE][PASSED] - Object: 'Object Repository/Page_Moodle Log in to the site/button_Log in' is clicked on

2022-01-17 05:57:03 - [TEST_STEP][PASSED] - closeBrowser(): Browser is closed

2022-01-17 05:57:03 - [MESSAGE][PASSED] - Browser is closed]]></system-out>
         <system-err><![CDATA[]]></system-err>
      </testcase>
      <testcase name="Test Cases/test case 02" time="5.432" classname="Test Cases/test case 02" status="PASSED">
         <system-out><![CDATA[2022-01-17 05:57:03 - [TEST_CASE][PASSED] - Test Cases/test case 02: Test Cases/test case 02

2022-01-17 05:57:03 - [TEST_STEP][PASSED] - openBrowser(""): Browser is opened with url: ''

2022-01-17 05:57:03 - [MESSAGE][INFO] - Starting 'Chrome' driver

2022-01-17 05:57:03 - [MESSAGE][INFO] - Action delay is set to 0 milliseconds

2022-01-17 05:57:05 - [MESSAGE][PASSED] - Browser is opened with url: ''

2022-01-17 05:57:05 - [TEST_STEP][PASSED] - navigateToUrl("http://localhost/"): Navigate to 'http://localhost/' successfully

2022-01-17 05:57:05 - [MESSAGE][PASSED] - Navigate to 'http://localhost/' successfully

2022-01-17 05:57:05 - [TEST_STEP][PASSED] - click(findTestObject("Object Repository/Page_Moodle/a_Log in")): Object: 'Object Repository/Page_Moodle/a_Log in' is clicked on

2022-01-17 05:57:06 - [MESSAGE][PASSED] - Object: 'Object Repository/Page_Moodle/a_Log in' is clicked on

2022-01-17 05:57:06 - [TEST_STEP][PASSED] - setText(findTestObject("Object Repository/Page_Moodle Log in to the site/input_Username_username"), "qmkhoi19"): Text 'qmkhoi19' is set on object 'Object Repository/Page_Moodle Log in to the site/input_Username_username'

2022-01-17 05:57:07 - [MESSAGE][PASSED] - Text 'qmkhoi19' is set on object 'Object Repository/Page_Moodle Log in to the site/input_Username_username'

2022-01-17 05:57:07 - [TEST_STEP][PASSED] - setEncryptedText(findTestObject("Object Repository/Page_Moodle Log in to the site/input_Password_password"), "eiP2h/EMT1hJlGmKEGA7sg=="): Text ****** has been set on object 'Object Repository/Page_Moodle Log in to the site/input_Password_password'

2022-01-17 05:57:07 - [MESSAGE][PASSED] - Text ****** has been set on object 'Object Repository/Page_Moodle Log in to the site/input_Password_password'

2022-01-17 05:57:07 - [TEST_STEP][PASSED] - click(findTestObject("Object Repository/Page_Moodle Log in to the site/button_Log in")): Object: 'Object Repository/Page_Moodle Log in to the site/button_Log in' is clicked on

2022-01-17 05:57:08 - [MESSAGE][PASSED] - Object: 'Object Repository/Page_Moodle Log in to the site/button_Log in' is clicked on

2022-01-17 05:57:08 - [TEST_STEP][PASSED] - closeBrowser(): Browser is closed

2022-01-17 05:57:09 - [MESSAGE][PASSED] - Browser is closed]]></system-out>
         <system-err><![CDATA[]]></system-err>
      </testcase>
      <testcase name="Test Cases/test case 03" time="5.816" classname="Test Cases/test case 03" status="PASSED">
         <system-out><![CDATA[2022-01-17 05:57:09 - [TEST_CASE][PASSED] - Test Cases/test case 03: Test Cases/test case 03

2022-01-17 05:57:09 - [TEST_STEP][PASSED] - openBrowser(""): Browser is opened with url: ''

2022-01-17 05:57:09 - [MESSAGE][INFO] - Starting 'Chrome' driver

2022-01-17 05:57:09 - [MESSAGE][INFO] - Action delay is set to 0 milliseconds

2022-01-17 05:57:10 - [MESSAGE][PASSED] - Browser is opened with url: ''

2022-01-17 05:57:10 - [TEST_STEP][PASSED] - navigateToUrl("http://localhost/"): Navigate to 'http://localhost/' successfully

2022-01-17 05:57:11 - [MESSAGE][PASSED] - Navigate to 'http://localhost/' successfully

2022-01-17 05:57:11 - [TEST_STEP][PASSED] - click(findTestObject("Object Repository/Page_Moodle/a_Log in")): Object: 'Object Repository/Page_Moodle/a_Log in' is clicked on

2022-01-17 05:57:12 - [MESSAGE][PASSED] - Object: 'Object Repository/Page_Moodle/a_Log in' is clicked on

2022-01-17 05:57:12 - [TEST_STEP][PASSED] - setText(findTestObject("Object Repository/Page_Moodle Log in to the site/input_Username_username"), "tmtriet"): Text 'tmtriet' is set on object 'Object Repository/Page_Moodle Log in to the site/input_Username_username'

2022-01-17 05:57:13 - [MESSAGE][PASSED] - Text 'tmtriet' is set on object 'Object Repository/Page_Moodle Log in to the site/input_Username_username'

2022-01-17 05:57:13 - [TEST_STEP][PASSED] - setEncryptedText(findTestObject("Object Repository/Page_Moodle Log in to the site/input_Password_password"), "7zaGmpS+cDNyF13apsNnmA=="): Text ****** has been set on object 'Object Repository/Page_Moodle Log in to the site/input_Password_password'

2022-01-17 05:57:13 - [MESSAGE][PASSED] - Text ****** has been set on object 'Object Repository/Page_Moodle Log in to the site/input_Password_password'

2022-01-17 05:57:13 - [TEST_STEP][PASSED] - click(findTestObject("Object Repository/Page_Moodle Log in to the site/button_Log in")): Object: 'Object Repository/Page_Moodle Log in to the site/button_Log in' is clicked on

2022-01-17 05:57:14 - [MESSAGE][PASSED] - Object: 'Object Repository/Page_Moodle Log in to the site/button_Log in' is clicked on

2022-01-17 05:57:14 - [TEST_STEP][PASSED] - closeBrowser(): Browser is closed

2022-01-17 05:57:14 - [MESSAGE][PASSED] - Browser is closed]]></system-out>
         <system-err><![CDATA[]]></system-err>
      </testcase>
      <testcase name="Test Cases/test case 04" time="4.662" classname="Test Cases/test case 04" status="PASSED">
         <system-out><![CDATA[2022-01-17 05:57:14 - [TEST_CASE][PASSED] - Test Cases/test case 04: Test Cases/test case 04

2022-01-17 05:57:15 - [TEST_STEP][PASSED] - openBrowser(""): Browser is opened with url: ''

2022-01-17 05:57:15 - [MESSAGE][INFO] - Starting 'Chrome' driver

2022-01-17 05:57:15 - [MESSAGE][INFO] - Action delay is set to 0 milliseconds

2022-01-17 05:57:16 - [MESSAGE][PASSED] - Browser is opened with url: ''

2022-01-17 05:57:16 - [TEST_STEP][PASSED] - navigateToUrl("http://localhost/"): Navigate to 'http://localhost/' successfully

2022-01-17 05:57:17 - [MESSAGE][PASSED] - Navigate to 'http://localhost/' successfully

2022-01-17 05:57:17 - [TEST_STEP][PASSED] - click(findTestObject("Object Repository/Page_Moodle/a_Log in")): Object: 'Object Repository/Page_Moodle/a_Log in' is clicked on

2022-01-17 05:57:18 - [MESSAGE][PASSED] - Object: 'Object Repository/Page_Moodle/a_Log in' is clicked on

2022-01-17 05:57:18 - [TEST_STEP][PASSED] - click(findTestObject("Object Repository/Page_Moodle Log in to the site/button_Log in")): Object: 'Object Repository/Page_Moodle Log in to the site/button_Log in' is clicked on

2022-01-17 05:57:18 - [MESSAGE][PASSED] - Object: 'Object Repository/Page_Moodle Log in to the site/button_Log in' is clicked on

2022-01-17 05:57:18 - [TEST_STEP][PASSED] - closeBrowser(): Browser is closed

2022-01-17 05:57:19 - [MESSAGE][PASSED] - Browser is closed]]></system-out>
         <system-err><![CDATA[]]></system-err>
      </testcase>
      <testcase name="Test Cases/test case 05" time="4.944" classname="Test Cases/test case 05" status="PASSED">
         <system-out><![CDATA[2022-01-17 05:57:19 - [TEST_CASE][PASSED] - Test Cases/test case 05: Test Cases/test case 05

2022-01-17 05:57:19 - [TEST_STEP][PASSED] - openBrowser(""): Browser is opened with url: ''

2022-01-17 05:57:19 - [MESSAGE][INFO] - Starting 'Chrome' driver

2022-01-17 05:57:19 - [MESSAGE][INFO] - Action delay is set to 0 milliseconds

2022-01-17 05:57:21 - [MESSAGE][PASSED] - Browser is opened with url: ''

2022-01-17 05:57:21 - [TEST_STEP][PASSED] - navigateToUrl("http://localhost/"): Navigate to 'http://localhost/' successfully

2022-01-17 05:57:22 - [MESSAGE][PASSED] - Navigate to 'http://localhost/' successfully

2022-01-17 05:57:22 - [TEST_STEP][PASSED] - click(findTestObject("Object Repository/Page_Moodle/a_Log in")): Object: 'Object Repository/Page_Moodle/a_Log in' is clicked on

2022-01-17 05:57:22 - [MESSAGE][PASSED] - Object: 'Object Repository/Page_Moodle/a_Log in' is clicked on

2022-01-17 05:57:22 - [TEST_STEP][PASSED] - click(findTestObject("Object Repository/Page_Moodle Log in to the site/button_Log in as a guest")): Object: 'Object Repository/Page_Moodle Log in to the site/button_Log in as a guest' is clicked on

2022-01-17 05:57:23 - [MESSAGE][PASSED] - Object: 'Object Repository/Page_Moodle Log in to the site/button_Log in as a guest' is clicked on

2022-01-17 05:57:23 - [TEST_STEP][PASSED] - closeBrowser(): Browser is closed

2022-01-17 05:57:24 - [MESSAGE][PASSED] - Browser is closed]]></system-out>
         <system-err><![CDATA[]]></system-err>
      </testcase>
      <testcase name="Test Cases/test case 06" time="356.179" classname="Test Cases/test case 06" status="PASSED">
         <system-out><![CDATA[2022-01-17 05:57:24 - [TEST_CASE][PASSED] - Test Cases/test case 06: Test Cases/test case 06

2022-01-17 05:57:24 - [TEST_STEP][PASSED] - openBrowser(""): Browser is opened with url: ''

2022-01-17 05:57:24 - [MESSAGE][INFO] - Starting 'Chrome' driver

2022-01-17 05:57:24 - [MESSAGE][INFO] - Action delay is set to 0 milliseconds

2022-01-17 05:57:26 - [MESSAGE][PASSED] - Browser is opened with url: ''

2022-01-17 05:57:26 - [TEST_STEP][PASSED] - navigateToUrl("http://localhost/"): Navigate to 'http://localhost/' successfully

2022-01-17 05:57:27 - [MESSAGE][PASSED] - Navigate to 'http://localhost/' successfully

2022-01-17 05:57:27 - [TEST_STEP][PASSED] - click(findTestObject("Object Repository/Page_Moodle/a_Log in")): Object: 'Object Repository/Page_Moodle/a_Log in' is clicked on

2022-01-17 05:57:27 - [MESSAGE][PASSED] - Object: 'Object Repository/Page_Moodle/a_Log in' is clicked on

2022-01-17 05:57:27 - [TEST_STEP][PASSED] - setText(findTestObject("Object Repository/Page_Moodle Log in to the site/input_Username_username"), "admin"): Text 'admin' is set on object 'Object Repository/Page_Moodle Log in to the site/input_Username_username'

2022-01-17 05:57:28 - [MESSAGE][PASSED] - Text 'admin' is set on object 'Object Repository/Page_Moodle Log in to the site/input_Username_username'

2022-01-17 05:57:28 - [TEST_STEP][PASSED] - setEncryptedText(findTestObject("Object Repository/Page_Moodle Log in to the site/input_Password_password"), "r6H/uPCyCbQX7sAf5E1f3g=="): Text ****** has been set on object 'Object Repository/Page_Moodle Log in to the site/input_Password_password'

2022-01-17 05:57:29 - [MESSAGE][PASSED] - Text ****** has been set on object 'Object Repository/Page_Moodle Log in to the site/input_Password_password'

2022-01-17 05:57:29 - [TEST_STEP][PASSED] - click(findTestObject("Object Repository/Page_Moodle Log in to the site/button_Log in")): Object: 'Object Repository/Page_Moodle Log in to the site/button_Log in' is clicked on

2022-01-17 05:57:30 - [MESSAGE][PASSED] - Object: 'Object Repository/Page_Moodle Log in to the site/button_Log in' is clicked on

2022-01-17 05:57:30 - [TEST_STEP][PASSED] - click(findTestObject("Object Repository/Page_Dashboard/span_Site administration")): Object: 'Object Repository/Page_Dashboard/span_Site administration' is clicked on

2022-01-17 05:57:32 - [MESSAGE][PASSED] - Object: 'Object Repository/Page_Dashboard/span_Site administration' is clicked on

2022-01-17 05:57:32 - [TEST_STEP][PASSED] - click(findTestObject("Object Repository/Page_Mood Administration Search/a_Users")): Object: 'Object Repository/Page_Mood Administration Search/a_Users' is clicked on

2022-01-17 05:57:32 - [MESSAGE][PASSED] - Object: 'Object Repository/Page_Mood Administration Search/a_Users' is clicked on

2022-01-17 05:57:32 - [TEST_STEP][PASSED] - click(findTestObject("Object Repository/Page_Mood Administration Search/a_Add a new user")): Object: 'Object Repository/Page_Mood Administration Search/a_Add a new user' is clicked on

2022-01-17 05:57:34 - [MESSAGE][PASSED] - Object: 'Object Repository/Page_Mood Administration Search/a_Add a new user' is clicked on

2022-01-17 05:57:34 - [TEST_STEP][PASSED] - waitForElementVisible(findTestObject("Object Repository/Page_Mood Administration Users Accounts Add_0e8dec/label_Username"), 0): Object 'Object Repository/Page_Mood Administration Users Accounts Add_0e8dec/label_Username' is visible

2022-01-17 05:57:34 - [MESSAGE][WARNING] - Timeout '0' is invalid. Using default page load timeout: '30'

2022-01-17 05:57:35 - [MESSAGE][PASSED] - Object 'Object Repository/Page_Mood Administration Users Accounts Add_0e8dec/label_Username' is visible

2022-01-17 05:57:35 - [TEST_STEP][PASSED] - setText(findTestObject("Object Repository/Page_Mood Administration Users Accounts Add_0e8dec/input_Username_username"), "dddinh"): Text 'dddinh' is set on object 'Object Repository/Page_Mood Administration Users Accounts Add_0e8dec/input_Username_username'

2022-01-17 05:57:35 - [MESSAGE][PASSED] - Text 'dddinh' is set on object 'Object Repository/Page_Mood Administration Users Accounts Add_0e8dec/input_Username_username'

2022-01-17 05:57:35 - [TEST_STEP][PASSED] - waitForElementVisible(findTestObject("Object Repository/Page_Mood Administration Users Accounts Add_0e8dec/label_New password"), 0): Object 'Object Repository/Page_Mood Administration Users Accounts Add_0e8dec/label_New password' is visible

2022-01-17 05:57:35 - [MESSAGE][WARNING] - Timeout '0' is invalid. Using default page load timeout: '30'

2022-01-17 05:57:36 - [MESSAGE][PASSED] - Object 'Object Repository/Page_Mood Administration Users Accounts Add_0e8dec/label_New password' is visible

2022-01-17 05:57:36 - [TEST_STEP][PASSED] - click(findTestObject("Object Repository/Page_Mood Administration Users Accounts Add_0e8dec/em_Click to enter text")): Object: 'Object Repository/Page_Mood Administration Users Accounts Add_0e8dec/em_Click to enter text' is clicked on

2022-01-17 05:58:07 - [MESSAGE][INFO] - Unable to find the element located by 'By.xpath: //a[@id='yui_3_17_2_1_1642242441890_767']/span/span/em'. Please recheck the objects properties to make sure the desired element is located. 

2022-01-17 05:58:07 - [MESSAGE][WARNING] - [SELF-HEALING] Failed to find element with id 'Object Repository/Page_Mood Administration Users Accounts Add_0e8dec/em_Click to enter text'. Try using Self-healing.

2022-01-17 05:58:07 - [MESSAGE][WARNING] - [SELF-HEALING] The current locator of test object 'Object Repository/Page_Mood Administration Users Accounts Add_0e8dec/em_Click to enter text' was broken. Propose an alternative one: '(.//*[normalize-space(text()) and normalize-space(.)='New password'])[1]/following::em[1]'.

2022-01-17 05:58:07 - [MESSAGE][PASSED] - Object: 'Object Repository/Page_Mood Administration Users Accounts Add_0e8dec/em_Click to enter text' is clicked on

2022-01-17 05:58:07 - [TEST_STEP][PASSED] - setEncryptedText(findTestObject("Object Repository/Page_Mood Administration Users Accounts Add_0e8dec/input_New password_newpassword"), "o9w1gihRZMDFxbRmKPFkOQ=="): Text ****** has been set on object 'Object Repository/Page_Mood Administration Users Accounts Add_0e8dec/input_New password_newpassword'

2022-01-17 05:58:08 - [MESSAGE][PASSED] - Text ****** has been set on object 'Object Repository/Page_Mood Administration Users Accounts Add_0e8dec/input_New password_newpassword'

2022-01-17 05:58:08 - [TEST_STEP][PASSED] - setText(findTestObject("Object Repository/Page_Mood Administration Users Accounts Add_0e8dec/input_First name_firstname"), "Dinh Dang"): Text 'Dinh Dang' is set on object 'Object Repository/Page_Mood Administration Users Accounts Add_0e8dec/input_First name_firstname'

2022-01-17 05:58:09 - [MESSAGE][PASSED] - Text 'Dinh Dang' is set on object 'Object Repository/Page_Mood Administration Users Accounts Add_0e8dec/input_First name_firstname'

2022-01-17 05:58:09 - [TEST_STEP][PASSED] - setText(findTestObject("Object Repository/Page_Mood Administration Users Accounts Add_0e8dec/input_Surname_lastname"), "Dinh"): Text 'Dinh' is set on object 'Object Repository/Page_Mood Administration Users Accounts Add_0e8dec/input_Surname_lastname'

2022-01-17 05:58:10 - [MESSAGE][PASSED] - Text 'Dinh' is set on object 'Object Repository/Page_Mood Administration Users Accounts Add_0e8dec/input_Surname_lastname'

2022-01-17 05:58:10 - [TEST_STEP][PASSED] - setText(findTestObject("Object Repository/Page_Mood Administration Users Accounts Add_0e8dec/input_Email address_email"), "dddinh19@gmail.com"): Text 'dddinh19@gmail.com' is set on object 'Object Repository/Page_Mood Administration Users Accounts Add_0e8dec/input_Email address_email'

2022-01-17 05:58:10 - [MESSAGE][PASSED] - Text 'dddinh19@gmail.com' is set on object 'Object Repository/Page_Mood Administration Users Accounts Add_0e8dec/input_Email address_email'

2022-01-17 05:58:10 - [TEST_STEP][PASSED] - waitForElementVisible(findTestObject("Object Repository/Page_Mood Administration Users Accounts Add_0e8dec/input_Address_submitbutton"), 0): Object 'Object Repository/Page_Mood Administration Users Accounts Add_0e8dec/input_Address_submitbutton' is visible

2022-01-17 05:58:10 - [MESSAGE][WARNING] - Timeout '0' is invalid. Using default page load timeout: '30'

2022-01-17 05:58:11 - [MESSAGE][PASSED] - Object 'Object Repository/Page_Mood Administration Users Accounts Add_0e8dec/input_Address_submitbutton' is visible

2022-01-17 05:58:11 - [TEST_STEP][PASSED] - click(findTestObject("Object Repository/Page_Mood Administration Users Accounts Add_0e8dec/input_Address_submitbutton")): Object: 'Object Repository/Page_Mood Administration Users Accounts Add_0e8dec/input_Address_submitbutton' is clicked on

2022-01-17 05:58:12 - [MESSAGE][PASSED] - Object: 'Object Repository/Page_Mood Administration Users Accounts Add_0e8dec/input_Address_submitbutton' is clicked on

2022-01-17 05:58:12 - [TEST_STEP][PASSED] - waitForElementVisible(findTestObject("Object Repository/Page_Mood Administration Users Accounts Bro_af2de9/td_dddinh19gmail.com"), 0): Object 'Object Repository/Page_Mood Administration Users Accounts Bro_af2de9/td_dddinh19gmail.com' is visible

2022-01-17 05:58:12 - [MESSAGE][WARNING] - Timeout '0' is invalid. Using default page load timeout: '30'

2022-01-17 05:58:13 - [MESSAGE][PASSED] - Object 'Object Repository/Page_Mood Administration Users Accounts Bro_af2de9/td_dddinh19gmail.com' is visible

2022-01-17 05:58:13 - [TEST_STEP][PASSED] - click(findTestObject("Object Repository/Page_Mood Administration Users Accounts Bro_af2de9/a_Dinh Dang Dinh")): Object: 'Object Repository/Page_Mood Administration Users Accounts Bro_af2de9/a_Dinh Dang Dinh' is clicked on

2022-01-17 05:58:44 - [MESSAGE][INFO] - Unable to find the element located by 'By.xpath: //a[@id='yui_3_17_2_1_1642174179288_555']'. Please recheck the objects properties to make sure the desired element is located. 

2022-01-17 05:58:44 - [MESSAGE][WARNING] - [SELF-HEALING] Failed to find element with id 'Object Repository/Page_Mood Administration Users Accounts Bro_af2de9/a_Dinh Dang Dinh'. Try using Self-healing.

2022-01-17 05:58:44 - [MESSAGE][WARNING] - [SELF-HEALING] The current locator of test object 'Object Repository/Page_Mood Administration Users Accounts Bro_af2de9/a_Dinh Dang Dinh' was broken. Propose an alternative one: '//a[contains(text(),'Dinh Dang Dinh')]'.

2022-01-17 05:58:47 - [MESSAGE][PASSED] - Object: 'Object Repository/Page_Mood Administration Users Accounts Bro_af2de9/a_Dinh Dang Dinh' is clicked on

2022-01-17 05:58:47 - [TEST_STEP][PASSED] - click(findTestObject("Object Repository/Page_Dinh Dang Dinh Public profile/a_Users")): Object: 'Object Repository/Page_Dinh Dang Dinh Public profile/a_Users' is clicked on

2022-01-17 05:58:48 - [MESSAGE][PASSED] - Object: 'Object Repository/Page_Dinh Dang Dinh Public profile/a_Users' is clicked on

2022-01-17 05:58:48 - [TEST_STEP][PASSED] - waitForElementVisible(findTestObject("Object Repository/Page_Mood Participants/td_No groups"), 0): Object 'Object Repository/Page_Mood Participants/td_No groups' is visible

2022-01-17 05:58:48 - [MESSAGE][WARNING] - Timeout '0' is invalid. Using default page load timeout: '30'

2022-01-17 05:58:49 - [MESSAGE][PASSED] - Object 'Object Repository/Page_Mood Participants/td_No groups' is visible

2022-01-17 05:58:49 - [TEST_STEP][PASSED] - click(findTestObject("Object Repository/Page_Mood Participants/a_No roles")): Object: 'Object Repository/Page_Mood Participants/a_No roles' is clicked on

2022-01-17 05:58:49 - [MESSAGE][PASSED] - Object: 'Object Repository/Page_Mood Participants/a_No roles' is clicked on

2022-01-17 05:58:49 - [TEST_STEP][PASSED] - click(findTestObject("Object Repository/Page_Mood Participants/span_")): Object: 'Object Repository/Page_Mood Participants/span_' is clicked on

2022-01-17 05:59:21 - [MESSAGE][INFO] - Unable to find the element located by 'By.xpath: //span[@id='form_autocomplete_downarrow-1642174222631']'. Please recheck the objects properties to make sure the desired element is located. 

2022-01-17 05:59:21 - [MESSAGE][WARNING] - [SELF-HEALING] Failed to find element with id 'Object Repository/Page_Mood Participants/span_'. Try using Self-healing.

2022-01-17 05:59:21 - [MESSAGE][WARNING] - [SELF-HEALING] The current locator of test object 'Object Repository/Page_Mood Participants/span_' was broken. Propose an alternative one: '(.//*[normalize-space(text()) and normalize-space(.)='Selected items:'])[1]/following::span[2]'.

2022-01-17 05:59:21 - [MESSAGE][PASSED] - Object: 'Object Repository/Page_Mood Participants/span_' is clicked on

2022-01-17 05:59:21 - [TEST_STEP][PASSED] - click(findTestObject("Object Repository/Page_Mood Participants/li_Student")): Object: 'Object Repository/Page_Mood Participants/li_Student' is clicked on

2022-01-17 05:59:22 - [MESSAGE][PASSED] - Object: 'Object Repository/Page_Mood Participants/li_Student' is clicked on

2022-01-17 05:59:22 - [TEST_STEP][PASSED] - selectOptionByValue(findTestObject("Object Repository/Page_Mood Participants/select_ManagerTeacherNon-editing teacherStudent"), "5", true): All options with value '5' are selected in object 'Object Repository/Page_Mood Participants/select_ManagerTeacherNon-editing teacherStudent'  using regular expression

2022-01-17 05:59:53 - [MESSAGE][INFO] - Unable to find the element located by 'By.xpath: //select[@id='id_inplacevalue_74133699509967380152']'. Please recheck the objects properties to make sure the desired element is located. 

2022-01-17 05:59:53 - [MESSAGE][WARNING] - [SELF-HEALING] Failed to find element with id 'Object Repository/Page_Mood Participants/select_ManagerTeacherNon-editing teacherStudent'. Try using Self-healing.

2022-01-17 05:59:53 - [MESSAGE][WARNING] - [SELF-HEALING] The current locator of test object 'Object Repository/Page_Mood Participants/select_ManagerTeacherNon-editing teacherStudent' was broken. Propose an alternative one: '(.//*[normalize-space(text()) and normalize-space(.)=concat('Dinh Dang Dinh', "'", 's role assignments')])[1]/following::select[1]'.

2022-01-17 05:59:54 - [MESSAGE][PASSED] - All options with value '5' are selected in object 'Object Repository/Page_Mood Participants/select_ManagerTeacherNon-editing teacherStudent'  using regular expression

2022-01-17 05:59:54 - [TEST_STEP][PASSED] - selectOptionByValue(findTestObject("Object Repository/Page_Mood Participants/select_ManagerTeacherNon-editing teacherStudent"), "5", true): All options with value '5' are selected in object 'Object Repository/Page_Mood Participants/select_ManagerTeacherNon-editing teacherStudent'  using regular expression

2022-01-17 06:00:25 - [MESSAGE][INFO] - Unable to find the element located by 'By.xpath: //select[@id='id_inplacevalue_74133699509967380152']'. Please recheck the objects properties to make sure the desired element is located. 

2022-01-17 06:00:25 - [MESSAGE][WARNING] - [SELF-HEALING] Failed to find element with id 'Object Repository/Page_Mood Participants/select_ManagerTeacherNon-editing teacherStudent'. Try using Self-healing.

2022-01-17 06:00:25 - [MESSAGE][WARNING] - [SELF-HEALING] The current locator of test object 'Object Repository/Page_Mood Participants/select_ManagerTeacherNon-editing teacherStudent' was broken. Propose an alternative one: '(.//*[normalize-space(text()) and normalize-space(.)=concat('Dinh Dang Dinh', "'", 's role assignments')])[1]/following::select[1]'.

2022-01-17 06:00:26 - [MESSAGE][PASSED] - All options with value '5' are selected in object 'Object Repository/Page_Mood Participants/select_ManagerTeacherNon-editing teacherStudent'  using regular expression

2022-01-17 06:00:26 - [TEST_STEP][PASSED] - selectOptionByValue(findTestObject("Object Repository/Page_Mood Participants/select_ManagerTeacherNon-editing teacherStudent"), "5", true): All options with value '5' are selected in object 'Object Repository/Page_Mood Participants/select_ManagerTeacherNon-editing teacherStudent'  using regular expression

2022-01-17 06:00:57 - [MESSAGE][INFO] - Unable to find the element located by 'By.xpath: //select[@id='id_inplacevalue_74133699509967380152']'. Please recheck the objects properties to make sure the desired element is located. 

2022-01-17 06:00:57 - [MESSAGE][WARNING] - [SELF-HEALING] Failed to find element with id 'Object Repository/Page_Mood Participants/select_ManagerTeacherNon-editing teacherStudent'. Try using Self-healing.

2022-01-17 06:00:57 - [MESSAGE][WARNING] - [SELF-HEALING] The current locator of test object 'Object Repository/Page_Mood Participants/select_ManagerTeacherNon-editing teacherStudent' was broken. Propose an alternative one: '(.//*[normalize-space(text()) and normalize-space(.)=concat('Dinh Dang Dinh', "'", 's role assignments')])[1]/following::select[1]'.

2022-01-17 06:00:58 - [MESSAGE][PASSED] - All options with value '5' are selected in object 'Object Repository/Page_Mood Participants/select_ManagerTeacherNon-editing teacherStudent'  using regular expression

2022-01-17 06:00:58 - [TEST_STEP][PASSED] - selectOptionByValue(findTestObject("Object Repository/Page_Mood Participants/select_ManagerTeacherNon-editing teacherStudent"), "5", true): All options with value '5' are selected in object 'Object Repository/Page_Mood Participants/select_ManagerTeacherNon-editing teacherStudent'  using regular expression

2022-01-17 06:01:29 - [MESSAGE][INFO] - Unable to find the element located by 'By.xpath: //select[@id='id_inplacevalue_74133699509967380152']'. Please recheck the objects properties to make sure the desired element is located. 

2022-01-17 06:01:29 - [MESSAGE][WARNING] - [SELF-HEALING] Failed to find element with id 'Object Repository/Page_Mood Participants/select_ManagerTeacherNon-editing teacherStudent'. Try using Self-healing.

2022-01-17 06:01:29 - [MESSAGE][WARNING] - [SELF-HEALING] The current locator of test object 'Object Repository/Page_Mood Participants/select_ManagerTeacherNon-editing teacherStudent' was broken. Propose an alternative one: '(.//*[normalize-space(text()) and normalize-space(.)=concat('Dinh Dang Dinh', "'", 's role assignments')])[1]/following::select[1]'.

2022-01-17 06:01:30 - [MESSAGE][PASSED] - All options with value '5' are selected in object 'Object Repository/Page_Mood Participants/select_ManagerTeacherNon-editing teacherStudent'  using regular expression

2022-01-17 06:01:30 - [TEST_STEP][PASSED] - click(findTestObject("Object Repository/Page_Mood Participants/i_concat(Dinh Dang Dinh, , s role assignmen_ff9324")): Object: 'Object Repository/Page_Mood Participants/i_concat(Dinh Dang Dinh, , s role assignmen_ff9324' is clicked on

2022-01-17 06:02:01 - [MESSAGE][INFO] - Unable to find the element located by 'By.xpath: //span[@id='yui_3_17_2_1_1642174222490_21']/a/i'. Please recheck the objects properties to make sure the desired element is located. 

2022-01-17 06:02:01 - [MESSAGE][WARNING] - [SELF-HEALING] Failed to find element with id 'Object Repository/Page_Mood Participants/i_concat(Dinh Dang Dinh, , s role assignmen_ff9324'. Try using Self-healing.

2022-01-17 06:02:01 - [MESSAGE][WARNING] - [SELF-HEALING] The current locator of test object 'Object Repository/Page_Mood Participants/i_concat(Dinh Dang Dinh, , s role assignmen_ff9324' was broken. Propose an alternative one: '//span/a/i'.

2022-01-17 06:02:01 - [MESSAGE][PASSED] - Object: 'Object Repository/Page_Mood Participants/i_concat(Dinh Dang Dinh, , s role assignmen_ff9324' is clicked on

2022-01-17 06:02:01 - [TEST_STEP][PASSED] - click(findTestObject("Object Repository/Page_Mood Participants/a_Admin User")): Object: 'Object Repository/Page_Mood Participants/a_Admin User' is clicked on

2022-01-17 06:02:02 - [MESSAGE][PASSED] - Object: 'Object Repository/Page_Mood Participants/a_Admin User' is clicked on

2022-01-17 06:02:02 - [TEST_STEP][PASSED] - click(findTestObject("Object Repository/Page_Mood Participants/span_Log out")): Object: 'Object Repository/Page_Mood Participants/span_Log out' is clicked on

2022-01-17 06:02:03 - [MESSAGE][PASSED] - Object: 'Object Repository/Page_Mood Participants/span_Log out' is clicked on

2022-01-17 06:02:03 - [TEST_STEP][PASSED] - click(findTestObject("Object Repository/Page_Moodle/a_Log in")): Object: 'Object Repository/Page_Moodle/a_Log in' is clicked on

2022-01-17 06:02:04 - [MESSAGE][PASSED] - Object: 'Object Repository/Page_Moodle/a_Log in' is clicked on

2022-01-17 06:02:04 - [TEST_STEP][PASSED] - setText(findTestObject("Object Repository/Page_Moodle Log in to the site/input_Username_username"), "dddinh"): Text 'dddinh' is set on object 'Object Repository/Page_Moodle Log in to the site/input_Username_username'

2022-01-17 06:02:05 - [MESSAGE][PASSED] - Text 'dddinh' is set on object 'Object Repository/Page_Moodle Log in to the site/input_Username_username'

2022-01-17 06:02:05 - [TEST_STEP][PASSED] - setEncryptedText(findTestObject("Object Repository/Page_Moodle Log in to the site/input_Password_password"), "o9w1gihRZMDFxbRmKPFkOQ=="): Text ****** has been set on object 'Object Repository/Page_Moodle Log in to the site/input_Password_password'

2022-01-17 06:02:05 - [MESSAGE][PASSED] - Text ****** has been set on object 'Object Repository/Page_Moodle Log in to the site/input_Password_password'

2022-01-17 06:02:05 - [TEST_STEP][PASSED] - click(findTestObject("Object Repository/Page_Moodle Log in to the site/button_Log in")): Object: 'Object Repository/Page_Moodle Log in to the site/button_Log in' is clicked on

2022-01-17 06:02:06 - [MESSAGE][PASSED] - Object: 'Object Repository/Page_Moodle Log in to the site/button_Log in' is clicked on

2022-01-17 06:02:06 - [TEST_STEP][PASSED] - click(findTestObject("Object Repository/Page_Dashboard/a_Dinh Dang Dinh")): Object: 'Object Repository/Page_Dashboard/a_Dinh Dang Dinh' is clicked on

2022-01-17 06:02:07 - [MESSAGE][PASSED] - Object: 'Object Repository/Page_Dashboard/a_Dinh Dang Dinh' is clicked on

2022-01-17 06:02:07 - [TEST_STEP][PASSED] - click(findTestObject("Object Repository/Page_Dashboard/span_Log out")): Object: 'Object Repository/Page_Dashboard/span_Log out' is clicked on

2022-01-17 06:02:08 - [MESSAGE][PASSED] - Object: 'Object Repository/Page_Dashboard/span_Log out' is clicked on

2022-01-17 06:02:08 - [TEST_STEP][PASSED] - click(findTestObject("Object Repository/Page_Moodle/a_Log in")): Object: 'Object Repository/Page_Moodle/a_Log in' is clicked on

2022-01-17 06:02:09 - [MESSAGE][PASSED] - Object: 'Object Repository/Page_Moodle/a_Log in' is clicked on

2022-01-17 06:02:09 - [TEST_STEP][PASSED] - setText(findTestObject("Object Repository/Page_Moodle Log in to the site/input_Username_username"), "admin"): Text 'admin' is set on object 'Object Repository/Page_Moodle Log in to the site/input_Username_username'

2022-01-17 06:02:10 - [MESSAGE][PASSED] - Text 'admin' is set on object 'Object Repository/Page_Moodle Log in to the site/input_Username_username'

2022-01-17 06:02:10 - [TEST_STEP][PASSED] - setEncryptedText(findTestObject("Object Repository/Page_Moodle Log in to the site/input_Password_password"), "r6H/uPCyCbQX7sAf5E1f3g=="): Text ****** has been set on object 'Object Repository/Page_Moodle Log in to the site/input_Password_password'

2022-01-17 06:02:10 - [MESSAGE][PASSED] - Text ****** has been set on object 'Object Repository/Page_Moodle Log in to the site/input_Password_password'

2022-01-17 06:02:10 - [TEST_STEP][PASSED] - click(findTestObject("Object Repository/Page_Moodle Log in to the site/button_Log in")): Object: 'Object Repository/Page_Moodle Log in to the site/button_Log in' is clicked on

2022-01-17 06:02:11 - [MESSAGE][PASSED] - Object: 'Object Repository/Page_Moodle Log in to the site/button_Log in' is clicked on

2022-01-17 06:02:11 - [TEST_STEP][PASSED] - click(findTestObject("Object Repository/Page_Dashboard/span_Site administration")): Object: 'Object Repository/Page_Dashboard/span_Site administration' is clicked on

2022-01-17 06:02:13 - [MESSAGE][PASSED] - Object: 'Object Repository/Page_Dashboard/span_Site administration' is clicked on

2022-01-17 06:02:13 - [TEST_STEP][PASSED] - click(findTestObject("Object Repository/Page_Mood Administration Search/a_Users")): Object: 'Object Repository/Page_Mood Administration Search/a_Users' is clicked on

2022-01-17 06:02:14 - [MESSAGE][PASSED] - Object: 'Object Repository/Page_Mood Administration Search/a_Users' is clicked on

2022-01-17 06:02:14 - [TEST_STEP][PASSED] - click(findTestObject("Object Repository/Page_Mood Administration Search/a_Browse list of users")): Object: 'Object Repository/Page_Mood Administration Search/a_Browse list of users' is clicked on

2022-01-17 06:02:15 - [MESSAGE][PASSED] - Object: 'Object Repository/Page_Mood Administration Search/a_Browse list of users' is clicked on

2022-01-17 06:02:15 - [TEST_STEP][PASSED] - waitForElementVisible(findTestObject("Object Repository/Page_Mood Administration Users Accounts Bro_af2de9/td_dddinh19gmail.com"), 0): Object 'Object Repository/Page_Mood Administration Users Accounts Bro_af2de9/td_dddinh19gmail.com' is visible

2022-01-17 06:02:15 - [MESSAGE][WARNING] - Timeout '0' is invalid. Using default page load timeout: '30'

2022-01-17 06:02:15 - [MESSAGE][PASSED] - Object 'Object Repository/Page_Mood Administration Users Accounts Bro_af2de9/td_dddinh19gmail.com' is visible

2022-01-17 06:02:15 - [TEST_STEP][PASSED] - click(findTestObject("Object Repository/Page_Mood Administration Users Accounts Bro_af2de9/i_dddinh19gmail.com_icon fa fa-trash fa-fw")): Object: 'Object Repository/Page_Mood Administration Users Accounts Bro_af2de9/i_dddinh19gmail.com_icon fa fa-trash fa-fw' is clicked on

2022-01-17 06:02:46 - [MESSAGE][INFO] - Unable to find the element located by 'By.xpath: //a[@id='yui_3_17_2_1_1642174322054_556']/i'. Please recheck the objects properties to make sure the desired element is located. 

2022-01-17 06:02:46 - [MESSAGE][WARNING] - [SELF-HEALING] Failed to find element with id 'Object Repository/Page_Mood Administration Users Accounts Bro_af2de9/i_dddinh19gmail.com_icon fa fa-trash fa-fw'. Try using Self-healing.

2022-01-17 06:02:46 - [MESSAGE][WARNING] - [SELF-HEALING] The current locator of test object 'Object Repository/Page_Mood Administration Users Accounts Bro_af2de9/i_dddinh19gmail.com_icon fa fa-trash fa-fw' was broken. Propose an alternative one: '//tr[2]/td[6]/a/i'.

2022-01-17 06:02:47 - [MESSAGE][PASSED] - Object: 'Object Repository/Page_Mood Administration Users Accounts Bro_af2de9/i_dddinh19gmail.com_icon fa fa-trash fa-fw' is clicked on

2022-01-17 06:02:47 - [TEST_STEP][PASSED] - click(findTestObject("Object Repository/Page_Mood Administration Users Accounts Bro_af2de9/button_Delete")): Object: 'Object Repository/Page_Mood Administration Users Accounts Bro_af2de9/button_Delete' is clicked on

2022-01-17 06:03:18 - [MESSAGE][INFO] - Unable to find the element located by 'By.xpath: //button[@id='single_button61e1977d503fb15']'. Please recheck the objects properties to make sure the desired element is located. 

2022-01-17 06:03:18 - [MESSAGE][WARNING] - [SELF-HEALING] Failed to find element with id 'Object Repository/Page_Mood Administration Users Accounts Bro_af2de9/button_Delete'. Try using Self-healing.

2022-01-17 06:03:18 - [MESSAGE][WARNING] - [SELF-HEALING] The current locator of test object 'Object Repository/Page_Mood Administration Users Accounts Bro_af2de9/button_Delete' was broken. Propose an alternative one: '//div[@id='modal-footer']/div/div/form/button'.

2022-01-17 06:03:20 - [MESSAGE][PASSED] - Object: 'Object Repository/Page_Mood Administration Users Accounts Bro_af2de9/button_Delete' is clicked on

2022-01-17 06:03:20 - [TEST_STEP][PASSED] - closeBrowser(): Browser is closed

2022-01-17 06:03:20 - [MESSAGE][PASSED] - Browser is closed]]></system-out>
         <system-err><![CDATA[]]></system-err>
      </testcase>
      <testcase name="Test Cases/test case 07" time="81.643" classname="Test Cases/test case 07" status="PASSED">
         <system-out><![CDATA[2022-01-17 06:03:20 - [TEST_CASE][PASSED] - Test Cases/test case 07: Test Cases/test case 07

2022-01-17 06:03:20 - [TEST_STEP][PASSED] - openBrowser(""): Browser is opened with url: ''

2022-01-17 06:03:20 - [MESSAGE][INFO] - Starting 'Chrome' driver

2022-01-17 06:03:20 - [MESSAGE][INFO] - Action delay is set to 0 milliseconds

2022-01-17 06:03:22 - [MESSAGE][PASSED] - Browser is opened with url: ''

2022-01-17 06:03:22 - [TEST_STEP][PASSED] - navigateToUrl("http://localhost/"): Navigate to 'http://localhost/' successfully

2022-01-17 06:03:23 - [MESSAGE][PASSED] - Navigate to 'http://localhost/' successfully

2022-01-17 06:03:23 - [TEST_STEP][PASSED] - click(findTestObject("Object Repository/Page_Moodle/a_Log in")): Object: 'Object Repository/Page_Moodle/a_Log in' is clicked on

2022-01-17 06:03:24 - [MESSAGE][PASSED] - Object: 'Object Repository/Page_Moodle/a_Log in' is clicked on

2022-01-17 06:03:24 - [TEST_STEP][PASSED] - setText(findTestObject("Object Repository/Page_Moodle Log in to the site/input_Username_username"), "admin"): Text 'admin' is set on object 'Object Repository/Page_Moodle Log in to the site/input_Username_username'

2022-01-17 06:03:24 - [MESSAGE][PASSED] - Text 'admin' is set on object 'Object Repository/Page_Moodle Log in to the site/input_Username_username'

2022-01-17 06:03:24 - [TEST_STEP][PASSED] - setEncryptedText(findTestObject("Object Repository/Page_Moodle Log in to the site/input_Password_password"), "r6H/uPCyCbQX7sAf5E1f3g=="): Text ****** has been set on object 'Object Repository/Page_Moodle Log in to the site/input_Password_password'

2022-01-17 06:03:25 - [MESSAGE][PASSED] - Text ****** has been set on object 'Object Repository/Page_Moodle Log in to the site/input_Password_password'

2022-01-17 06:03:25 - [TEST_STEP][PASSED] - click(findTestObject("Object Repository/Page_Moodle Log in to the site/button_Log in")): Object: 'Object Repository/Page_Moodle Log in to the site/button_Log in' is clicked on

2022-01-17 06:03:26 - [MESSAGE][PASSED] - Object: 'Object Repository/Page_Moodle Log in to the site/button_Log in' is clicked on

2022-01-17 06:03:26 - [TEST_STEP][PASSED] - verifyElementText(findTestObject("Object Repository/Page_Dashboard/span_Site administration"), "Site administration"): Actual text and expected text of test object 'Object Repository/Page_Dashboard/span_Site administration' are matched.

2022-01-17 06:03:27 - [MESSAGE][PASSED] - Actual text and expected text of test object 'Object Repository/Page_Dashboard/span_Site administration' are matched.

2022-01-17 06:03:27 - [TEST_STEP][PASSED] - click(findTestObject("Object Repository/Page_Dashboard/span_Site administration")): Object: 'Object Repository/Page_Dashboard/span_Site administration' is clicked on

2022-01-17 06:03:28 - [MESSAGE][PASSED] - Object: 'Object Repository/Page_Dashboard/span_Site administration' is clicked on

2022-01-17 06:03:28 - [TEST_STEP][PASSED] - rightClick(findTestObject("Object Repository/Page_Mood Administration Search/a_Users")): Object: 'Object Repository/Page_Mood Administration Search/a_Users' is right clicked on

2022-01-17 06:03:29 - [MESSAGE][PASSED] - Object: 'Object Repository/Page_Mood Administration Search/a_Users' is right clicked on

2022-01-17 06:03:29 - [TEST_STEP][PASSED] - click(findTestObject("Object Repository/Page_Mood Administration Search/a_Users")): Object: 'Object Repository/Page_Mood Administration Search/a_Users' is clicked on

2022-01-17 06:03:29 - [MESSAGE][PASSED] - Object: 'Object Repository/Page_Mood Administration Search/a_Users' is clicked on

2022-01-17 06:03:29 - [TEST_STEP][PASSED] - click(findTestObject("Object Repository/Page_Mood Administration Search/a_Add a new user")): Object: 'Object Repository/Page_Mood Administration Search/a_Add a new user' is clicked on

2022-01-17 06:03:31 - [MESSAGE][PASSED] - Object: 'Object Repository/Page_Mood Administration Search/a_Add a new user' is clicked on

2022-01-17 06:03:31 - [TEST_STEP][PASSED] - waitForElementVisible(findTestObject("Object Repository/Page_Mood Administration Users Accounts Add_0e8dec/label_Username"), 0): Object 'Object Repository/Page_Mood Administration Users Accounts Add_0e8dec/label_Username' is visible

2022-01-17 06:03:31 - [MESSAGE][WARNING] - Timeout '0' is invalid. Using default page load timeout: '30'

2022-01-17 06:03:32 - [MESSAGE][PASSED] - Object 'Object Repository/Page_Mood Administration Users Accounts Add_0e8dec/label_Username' is visible

2022-01-17 06:03:32 - [TEST_STEP][PASSED] - setText(findTestObject("Object Repository/Page_Mood Administration Users Accounts Add_0e8dec/input_Username_username"), "qmkhoi"): Text 'qmkhoi' is set on object 'Object Repository/Page_Mood Administration Users Accounts Add_0e8dec/input_Username_username'

2022-01-17 06:03:32 - [MESSAGE][PASSED] - Text 'qmkhoi' is set on object 'Object Repository/Page_Mood Administration Users Accounts Add_0e8dec/input_Username_username'

2022-01-17 06:03:32 - [TEST_STEP][PASSED] - click(findTestObject("Object Repository/Page_Mood Administration Users Accounts Add_0e8dec/em_Click to enter text")): Object: 'Object Repository/Page_Mood Administration Users Accounts Add_0e8dec/em_Click to enter text' is clicked on

2022-01-17 06:04:03 - [MESSAGE][INFO] - Unable to find the element located by 'By.xpath: //a[@id='yui_3_17_2_1_1642242441890_767']/span/span/em'. Please recheck the objects properties to make sure the desired element is located. 

2022-01-17 06:04:03 - [MESSAGE][WARNING] - [SELF-HEALING] Failed to find element with id 'Object Repository/Page_Mood Administration Users Accounts Add_0e8dec/em_Click to enter text'. Try using Self-healing.

2022-01-17 06:04:04 - [MESSAGE][WARNING] - [SELF-HEALING] The current locator of test object 'Object Repository/Page_Mood Administration Users Accounts Add_0e8dec/em_Click to enter text' was broken. Propose an alternative one: '(.//*[normalize-space(text()) and normalize-space(.)='New password'])[1]/following::em[1]'.

2022-01-17 06:04:04 - [MESSAGE][PASSED] - Object: 'Object Repository/Page_Mood Administration Users Accounts Add_0e8dec/em_Click to enter text' is clicked on

2022-01-17 06:04:04 - [TEST_STEP][PASSED] - setEncryptedText(findTestObject("Object Repository/Page_Mood Administration Users Accounts Add_0e8dec/input_New password_newpassword"), "eiP2h/EMT1gGbs0OIJkleA=="): Text ****** has been set on object 'Object Repository/Page_Mood Administration Users Accounts Add_0e8dec/input_New password_newpassword'

2022-01-17 06:04:04 - [MESSAGE][PASSED] - Text ****** has been set on object 'Object Repository/Page_Mood Administration Users Accounts Add_0e8dec/input_New password_newpassword'

2022-01-17 06:04:04 - [TEST_STEP][PASSED] - waitForElementVisible(findTestObject("Object Repository/Page_Mood Administration Users Accounts Add_0e8dec/input_First name_firstname"), 0): Object 'Object Repository/Page_Mood Administration Users Accounts Add_0e8dec/input_First name_firstname' is visible

2022-01-17 06:04:04 - [MESSAGE][WARNING] - Timeout '0' is invalid. Using default page load timeout: '30'

2022-01-17 06:04:05 - [MESSAGE][PASSED] - Object 'Object Repository/Page_Mood Administration Users Accounts Add_0e8dec/input_First name_firstname' is visible

2022-01-17 06:04:05 - [TEST_STEP][PASSED] - setText(findTestObject("Object Repository/Page_Mood Administration Users Accounts Add_0e8dec/input_First name_firstname"), "Quach"): Text 'Quach' is set on object 'Object Repository/Page_Mood Administration Users Accounts Add_0e8dec/input_First name_firstname'

2022-01-17 06:04:05 - [MESSAGE][PASSED] - Text 'Quach' is set on object 'Object Repository/Page_Mood Administration Users Accounts Add_0e8dec/input_First name_firstname'

2022-01-17 06:04:05 - [TEST_STEP][PASSED] - click(findTestObject("Object Repository/Page_Mood Administration Users Accounts Add_0e8dec/div_Username                               _ccea4b")): Object: 'Object Repository/Page_Mood Administration Users Accounts Add_0e8dec/div_Username                               _ccea4b' is clicked on

2022-01-17 06:04:37 - [MESSAGE][INFO] - Unable to find the element located by 'By.xpath: //div[@id='yui_3_17_2_1_1642242441890_390']'. Please recheck the objects properties to make sure the desired element is located. 

2022-01-17 06:04:37 - [MESSAGE][WARNING] - [SELF-HEALING] Failed to find element with id 'Object Repository/Page_Mood Administration Users Accounts Add_0e8dec/div_Username                               _ccea4b'. Try using Self-healing.

2022-01-17 06:04:37 - [MESSAGE][WARNING] - [SELF-HEALING] The current locator of test object 'Object Repository/Page_Mood Administration Users Accounts Add_0e8dec/div_Username                               _ccea4b' was broken. Propose an alternative one: '//fieldset[@id='id_moodle']/div'.

2022-01-17 06:04:37 - [MESSAGE][PASSED] - Object: 'Object Repository/Page_Mood Administration Users Accounts Add_0e8dec/div_Username                               _ccea4b' is clicked on

2022-01-17 06:04:37 - [TEST_STEP][PASSED] - setText(findTestObject("Object Repository/Page_Mood Administration Users Accounts Add_0e8dec/input_Surname_lastname"), "Minh Khoi"): Text 'Minh Khoi' is set on object 'Object Repository/Page_Mood Administration Users Accounts Add_0e8dec/input_Surname_lastname'

2022-01-17 06:04:38 - [MESSAGE][PASSED] - Text 'Minh Khoi' is set on object 'Object Repository/Page_Mood Administration Users Accounts Add_0e8dec/input_Surname_lastname'

2022-01-17 06:04:38 - [TEST_STEP][PASSED] - setText(findTestObject("Object Repository/Page_Mood Administration Users Accounts Add_0e8dec/input_Email address_email"), "qmkhoi19@gmail.com"): Text 'qmkhoi19@gmail.com' is set on object 'Object Repository/Page_Mood Administration Users Accounts Add_0e8dec/input_Email address_email'

2022-01-17 06:04:38 - [MESSAGE][PASSED] - Text 'qmkhoi19@gmail.com' is set on object 'Object Repository/Page_Mood Administration Users Accounts Add_0e8dec/input_Email address_email'

2022-01-17 06:04:38 - [TEST_STEP][PASSED] - waitForElementVisible(findTestObject("Object Repository/Page_Mood Administration Users Accounts Add_0e8dec/input_Address_submitbutton"), 0): Object 'Object Repository/Page_Mood Administration Users Accounts Add_0e8dec/input_Address_submitbutton' is visible

2022-01-17 06:04:39 - [MESSAGE][WARNING] - Timeout '0' is invalid. Using default page load timeout: '30'

2022-01-17 06:04:39 - [MESSAGE][PASSED] - Object 'Object Repository/Page_Mood Administration Users Accounts Add_0e8dec/input_Address_submitbutton' is visible

2022-01-17 06:04:39 - [TEST_STEP][PASSED] - click(findTestObject("Object Repository/Page_Mood Administration Users Accounts Add_0e8dec/input_Address_submitbutton")): Object: 'Object Repository/Page_Mood Administration Users Accounts Add_0e8dec/input_Address_submitbutton' is clicked on

2022-01-17 06:04:40 - [MESSAGE][PASSED] - Object: 'Object Repository/Page_Mood Administration Users Accounts Add_0e8dec/input_Address_submitbutton' is clicked on

2022-01-17 06:04:40 - [TEST_STEP][PASSED] - verifyElementText(findTestObject("Object Repository/Page_Mood Administration Users Accounts Add_0e8dec/div_This username already exists, choose another"), "This username already exists, choose another"): Actual text and expected text of test object 'Object Repository/Page_Mood Administration Users Accounts Add_0e8dec/div_This username already exists, choose another' are matched.

2022-01-17 06:04:41 - [MESSAGE][PASSED] - Actual text and expected text of test object 'Object Repository/Page_Mood Administration Users Accounts Add_0e8dec/div_This username already exists, choose another' are matched.

2022-01-17 06:04:41 - [TEST_STEP][PASSED] - closeBrowser(): Browser is closed

2022-01-17 06:04:42 - [MESSAGE][PASSED] - Browser is closed]]></system-out>
         <system-err><![CDATA[]]></system-err>
      </testcase>
      <testcase name="Test Cases/test case 08" time="79.453" classname="Test Cases/test case 08" status="PASSED">
         <system-out><![CDATA[2022-01-17 06:04:42 - [TEST_CASE][PASSED] - Test Cases/test case 08: Test Cases/test case 08

2022-01-17 06:04:42 - [TEST_STEP][PASSED] - openBrowser(""): Browser is opened with url: ''

2022-01-17 06:04:42 - [MESSAGE][INFO] - Starting 'Chrome' driver

2022-01-17 06:04:42 - [MESSAGE][INFO] - Action delay is set to 0 milliseconds

2022-01-17 06:04:43 - [MESSAGE][PASSED] - Browser is opened with url: ''

2022-01-17 06:04:43 - [TEST_STEP][PASSED] - navigateToUrl("http://localhost/"): Navigate to 'http://localhost/' successfully

2022-01-17 06:04:44 - [MESSAGE][PASSED] - Navigate to 'http://localhost/' successfully

2022-01-17 06:04:44 - [TEST_STEP][PASSED] - click(findTestObject("Object Repository/Page_Moodle/a_Log in")): Object: 'Object Repository/Page_Moodle/a_Log in' is clicked on

2022-01-17 06:04:45 - [MESSAGE][PASSED] - Object: 'Object Repository/Page_Moodle/a_Log in' is clicked on

2022-01-17 06:04:45 - [TEST_STEP][PASSED] - setText(findTestObject("Object Repository/Page_Moodle Log in to the site/input_Username_username"), "admin"): Text 'admin' is set on object 'Object Repository/Page_Moodle Log in to the site/input_Username_username'

2022-01-17 06:04:46 - [MESSAGE][PASSED] - Text 'admin' is set on object 'Object Repository/Page_Moodle Log in to the site/input_Username_username'

2022-01-17 06:04:46 - [TEST_STEP][PASSED] - setEncryptedText(findTestObject("Object Repository/Page_Moodle Log in to the site/input_Password_password"), "r6H/uPCyCbQX7sAf5E1f3g=="): Text ****** has been set on object 'Object Repository/Page_Moodle Log in to the site/input_Password_password'

2022-01-17 06:04:46 - [MESSAGE][PASSED] - Text ****** has been set on object 'Object Repository/Page_Moodle Log in to the site/input_Password_password'

2022-01-17 06:04:46 - [TEST_STEP][PASSED] - click(findTestObject("Object Repository/Page_Moodle Log in to the site/button_Log in")): Object: 'Object Repository/Page_Moodle Log in to the site/button_Log in' is clicked on

2022-01-17 06:04:48 - [MESSAGE][PASSED] - Object: 'Object Repository/Page_Moodle Log in to the site/button_Log in' is clicked on

2022-01-17 06:04:48 - [TEST_STEP][PASSED] - click(findTestObject("Object Repository/Page_Dashboard/span_Site administration")): Object: 'Object Repository/Page_Dashboard/span_Site administration' is clicked on

2022-01-17 06:04:49 - [MESSAGE][PASSED] - Object: 'Object Repository/Page_Dashboard/span_Site administration' is clicked on

2022-01-17 06:04:49 - [TEST_STEP][PASSED] - click(findTestObject("Object Repository/Page_Mood Administration Search/a_Users")): Object: 'Object Repository/Page_Mood Administration Search/a_Users' is clicked on

2022-01-17 06:04:50 - [MESSAGE][PASSED] - Object: 'Object Repository/Page_Mood Administration Search/a_Users' is clicked on

2022-01-17 06:04:50 - [TEST_STEP][PASSED] - click(findTestObject("Object Repository/Page_Mood Administration Search/a_Add a new user")): Object: 'Object Repository/Page_Mood Administration Search/a_Add a new user' is clicked on

2022-01-17 06:04:51 - [MESSAGE][PASSED] - Object: 'Object Repository/Page_Mood Administration Search/a_Add a new user' is clicked on

2022-01-17 06:04:51 - [TEST_STEP][PASSED] - setText(findTestObject("Object Repository/Page_Mood Administration Users Accounts Add_0e8dec/input_Username_username"), "dddinh"): Text 'dddinh' is set on object 'Object Repository/Page_Mood Administration Users Accounts Add_0e8dec/input_Username_username'

2022-01-17 06:04:52 - [MESSAGE][PASSED] - Text 'dddinh' is set on object 'Object Repository/Page_Mood Administration Users Accounts Add_0e8dec/input_Username_username'

2022-01-17 06:04:52 - [TEST_STEP][PASSED] - waitForElementVisible(findTestObject("Object Repository/Page_Mood Administration Users Accounts Add_0e8dec/label_New password"), 0): Object 'Object Repository/Page_Mood Administration Users Accounts Add_0e8dec/label_New password' is visible

2022-01-17 06:04:53 - [MESSAGE][WARNING] - Timeout '0' is invalid. Using default page load timeout: '30'

2022-01-17 06:04:53 - [MESSAGE][PASSED] - Object 'Object Repository/Page_Mood Administration Users Accounts Add_0e8dec/label_New password' is visible

2022-01-17 06:04:53 - [TEST_STEP][PASSED] - click(findTestObject("Object Repository/Page_Mood Administration Users Accounts Add_0e8dec/em_Click to enter text")): Object: 'Object Repository/Page_Mood Administration Users Accounts Add_0e8dec/em_Click to enter text' is clicked on

2022-01-17 06:05:24 - [MESSAGE][INFO] - Unable to find the element located by 'By.xpath: //a[@id='yui_3_17_2_1_1642242441890_767']/span/span/em'. Please recheck the objects properties to make sure the desired element is located. 

2022-01-17 06:05:24 - [MESSAGE][WARNING] - [SELF-HEALING] Failed to find element with id 'Object Repository/Page_Mood Administration Users Accounts Add_0e8dec/em_Click to enter text'. Try using Self-healing.

2022-01-17 06:05:24 - [MESSAGE][WARNING] - [SELF-HEALING] The current locator of test object 'Object Repository/Page_Mood Administration Users Accounts Add_0e8dec/em_Click to enter text' was broken. Propose an alternative one: '(.//*[normalize-space(text()) and normalize-space(.)='New password'])[1]/following::em[1]'.

2022-01-17 06:05:24 - [MESSAGE][PASSED] - Object: 'Object Repository/Page_Mood Administration Users Accounts Add_0e8dec/em_Click to enter text' is clicked on

2022-01-17 06:05:24 - [TEST_STEP][PASSED] - setEncryptedText(findTestObject("Object Repository/Page_Mood Administration Users Accounts Add_0e8dec/input_New password_newpassword"), "Poyj66BFqQY="): Text ****** has been set on object 'Object Repository/Page_Mood Administration Users Accounts Add_0e8dec/input_New password_newpassword'

2022-01-17 06:05:25 - [MESSAGE][PASSED] - Text ****** has been set on object 'Object Repository/Page_Mood Administration Users Accounts Add_0e8dec/input_New password_newpassword'

2022-01-17 06:05:25 - [TEST_STEP][PASSED] - setText(findTestObject("Object Repository/Page_Mood Administration Users Accounts Add_0e8dec/input_First name_firstname"), "Dinh"): Text 'Dinh' is set on object 'Object Repository/Page_Mood Administration Users Accounts Add_0e8dec/input_First name_firstname'

2022-01-17 06:05:26 - [MESSAGE][PASSED] - Text 'Dinh' is set on object 'Object Repository/Page_Mood Administration Users Accounts Add_0e8dec/input_First name_firstname'

2022-01-17 06:05:26 - [TEST_STEP][PASSED] - click(findTestObject("Object Repository/Page_Mood Administration Users Accounts Add_0e8dec/div_Username                               _ccea4b")): Object: 'Object Repository/Page_Mood Administration Users Accounts Add_0e8dec/div_Username                               _ccea4b' is clicked on

2022-01-17 06:05:57 - [MESSAGE][INFO] - Unable to find the element located by 'By.xpath: //div[@id='yui_3_17_2_1_1642242441890_390']'. Please recheck the objects properties to make sure the desired element is located. 

2022-01-17 06:05:57 - [MESSAGE][WARNING] - [SELF-HEALING] Failed to find element with id 'Object Repository/Page_Mood Administration Users Accounts Add_0e8dec/div_Username                               _ccea4b'. Try using Self-healing.

2022-01-17 06:05:57 - [MESSAGE][WARNING] - [SELF-HEALING] The current locator of test object 'Object Repository/Page_Mood Administration Users Accounts Add_0e8dec/div_Username                               _ccea4b' was broken. Propose an alternative one: '//fieldset[@id='id_moodle']/div'.

2022-01-17 06:05:57 - [MESSAGE][PASSED] - Object: 'Object Repository/Page_Mood Administration Users Accounts Add_0e8dec/div_Username                               _ccea4b' is clicked on

2022-01-17 06:05:57 - [TEST_STEP][PASSED] - setText(findTestObject("Object Repository/Page_Mood Administration Users Accounts Add_0e8dec/input_Surname_lastname"), "Dinh"): Text 'Dinh' is set on object 'Object Repository/Page_Mood Administration Users Accounts Add_0e8dec/input_Surname_lastname'

2022-01-17 06:05:58 - [MESSAGE][PASSED] - Text 'Dinh' is set on object 'Object Repository/Page_Mood Administration Users Accounts Add_0e8dec/input_Surname_lastname'

2022-01-17 06:05:58 - [TEST_STEP][PASSED] - setText(findTestObject("Object Repository/Page_Mood Administration Users Accounts Add_0e8dec/input_Email address_email"), "dddinh@apcs.vn"): Text 'dddinh@apcs.vn' is set on object 'Object Repository/Page_Mood Administration Users Accounts Add_0e8dec/input_Email address_email'

2022-01-17 06:05:59 - [MESSAGE][PASSED] - Text 'dddinh@apcs.vn' is set on object 'Object Repository/Page_Mood Administration Users Accounts Add_0e8dec/input_Email address_email'

2022-01-17 06:05:59 - [TEST_STEP][PASSED] - waitForElementVisible(findTestObject("Object Repository/Page_Mood Administration Users Accounts Add_0e8dec/input_Address_submitbutton"), 0): Object 'Object Repository/Page_Mood Administration Users Accounts Add_0e8dec/input_Address_submitbutton' is visible

2022-01-17 06:05:59 - [MESSAGE][WARNING] - Timeout '0' is invalid. Using default page load timeout: '30'

2022-01-17 06:06:00 - [MESSAGE][PASSED] - Object 'Object Repository/Page_Mood Administration Users Accounts Add_0e8dec/input_Address_submitbutton' is visible

2022-01-17 06:06:00 - [TEST_STEP][PASSED] - click(findTestObject("Object Repository/Page_Mood Administration Users Accounts Add_0e8dec/input_Address_submitbutton")): Object: 'Object Repository/Page_Mood Administration Users Accounts Add_0e8dec/input_Address_submitbutton' is clicked on

2022-01-17 06:06:01 - [MESSAGE][PASSED] - Object: 'Object Repository/Page_Mood Administration Users Accounts Add_0e8dec/input_Address_submitbutton' is clicked on

2022-01-17 06:06:01 - [TEST_STEP][PASSED] - closeBrowser(): Browser is closed

2022-01-17 06:06:01 - [MESSAGE][PASSED] - Browser is closed]]></system-out>
         <system-err><![CDATA[]]></system-err>
      </testcase>
      <testcase name="Test Cases/test case 09" time="48.63" classname="Test Cases/test case 09" status="PASSED">
         <system-out><![CDATA[2022-01-17 06:06:01 - [TEST_CASE][PASSED] - Test Cases/test case 09: Test Cases/test case 09

2022-01-17 06:06:02 - [TEST_STEP][PASSED] - openBrowser(""): Browser is opened with url: ''

2022-01-17 06:06:02 - [MESSAGE][INFO] - Starting 'Chrome' driver

2022-01-17 06:06:02 - [MESSAGE][INFO] - Action delay is set to 0 milliseconds

2022-01-17 06:06:03 - [MESSAGE][PASSED] - Browser is opened with url: ''

2022-01-17 06:06:03 - [TEST_STEP][PASSED] - navigateToUrl("http://localhost/"): Navigate to 'http://localhost/' successfully

2022-01-17 06:06:04 - [MESSAGE][PASSED] - Navigate to 'http://localhost/' successfully

2022-01-17 06:06:04 - [TEST_STEP][PASSED] - click(findTestObject("Object Repository/Page_Moodle/a_Log in")): Object: 'Object Repository/Page_Moodle/a_Log in' is clicked on

2022-01-17 06:06:05 - [MESSAGE][PASSED] - Object: 'Object Repository/Page_Moodle/a_Log in' is clicked on

2022-01-17 06:06:05 - [TEST_STEP][PASSED] - setText(findTestObject("Object Repository/Page_Moodle Log in to the site/input_Username_username"), "admin"): Text 'admin' is set on object 'Object Repository/Page_Moodle Log in to the site/input_Username_username'

2022-01-17 06:06:06 - [MESSAGE][PASSED] - Text 'admin' is set on object 'Object Repository/Page_Moodle Log in to the site/input_Username_username'

2022-01-17 06:06:06 - [TEST_STEP][PASSED] - setEncryptedText(findTestObject("Object Repository/Page_Moodle Log in to the site/input_Password_password"), "r6H/uPCyCbQX7sAf5E1f3g=="): Text ****** has been set on object 'Object Repository/Page_Moodle Log in to the site/input_Password_password'

2022-01-17 06:06:06 - [MESSAGE][PASSED] - Text ****** has been set on object 'Object Repository/Page_Moodle Log in to the site/input_Password_password'

2022-01-17 06:06:06 - [TEST_STEP][PASSED] - click(findTestObject("Object Repository/Page_Moodle Log in to the site/button_Log in")): Object: 'Object Repository/Page_Moodle Log in to the site/button_Log in' is clicked on

2022-01-17 06:06:07 - [MESSAGE][PASSED] - Object: 'Object Repository/Page_Moodle Log in to the site/button_Log in' is clicked on

2022-01-17 06:06:07 - [TEST_STEP][PASSED] - click(findTestObject("Object Repository/Page_Dashboard/span_Site administration")): Object: 'Object Repository/Page_Dashboard/span_Site administration' is clicked on

2022-01-17 06:06:09 - [MESSAGE][PASSED] - Object: 'Object Repository/Page_Dashboard/span_Site administration' is clicked on

2022-01-17 06:06:09 - [TEST_STEP][PASSED] - click(findTestObject("Object Repository/Page_Mood Administration Search/a_Users")): Object: 'Object Repository/Page_Mood Administration Search/a_Users' is clicked on

2022-01-17 06:06:09 - [MESSAGE][PASSED] - Object: 'Object Repository/Page_Mood Administration Search/a_Users' is clicked on

2022-01-17 06:06:09 - [TEST_STEP][PASSED] - click(findTestObject("Object Repository/Page_Mood Administration Search/a_Add a new user")): Object: 'Object Repository/Page_Mood Administration Search/a_Add a new user' is clicked on

2022-01-17 06:06:10 - [MESSAGE][PASSED] - Object: 'Object Repository/Page_Mood Administration Search/a_Add a new user' is clicked on

2022-01-17 06:06:10 - [TEST_STEP][PASSED] - waitForElementVisible(findTestObject("Object Repository/Page_Mood Administration Users Accounts Add_0e8dec/label_Username"), 0): Object 'Object Repository/Page_Mood Administration Users Accounts Add_0e8dec/label_Username' is visible

2022-01-17 06:06:11 - [MESSAGE][WARNING] - Timeout '0' is invalid. Using default page load timeout: '30'

2022-01-17 06:06:12 - [MESSAGE][PASSED] - Object 'Object Repository/Page_Mood Administration Users Accounts Add_0e8dec/label_Username' is visible

2022-01-17 06:06:12 - [TEST_STEP][PASSED] - setText(findTestObject("Object Repository/Page_Mood Administration Users Accounts Add_0e8dec/input_Username_username"), "dddinh"): Text 'dddinh' is set on object 'Object Repository/Page_Mood Administration Users Accounts Add_0e8dec/input_Username_username'

2022-01-17 06:06:12 - [MESSAGE][PASSED] - Text 'dddinh' is set on object 'Object Repository/Page_Mood Administration Users Accounts Add_0e8dec/input_Username_username'

2022-01-17 06:06:12 - [TEST_STEP][PASSED] - waitForElementVisible(findTestObject("Object Repository/Page_Mood Administration Users Accounts Add_0e8dec/label_New password"), 0): Object 'Object Repository/Page_Mood Administration Users Accounts Add_0e8dec/label_New password' is visible

2022-01-17 06:06:12 - [MESSAGE][WARNING] - Timeout '0' is invalid. Using default page load timeout: '30'

2022-01-17 06:06:13 - [MESSAGE][PASSED] - Object 'Object Repository/Page_Mood Administration Users Accounts Add_0e8dec/label_New password' is visible

2022-01-17 06:06:13 - [TEST_STEP][PASSED] - click(findTestObject("Object Repository/Page_Mood Administration Users Accounts Add_0e8dec/em_Click to enter text")): Object: 'Object Repository/Page_Mood Administration Users Accounts Add_0e8dec/em_Click to enter text' is clicked on

2022-01-17 06:06:44 - [MESSAGE][INFO] - Unable to find the element located by 'By.xpath: //a[@id='yui_3_17_2_1_1642242441890_767']/span/span/em'. Please recheck the objects properties to make sure the desired element is located. 

2022-01-17 06:06:44 - [MESSAGE][WARNING] - [SELF-HEALING] Failed to find element with id 'Object Repository/Page_Mood Administration Users Accounts Add_0e8dec/em_Click to enter text'. Try using Self-healing.

2022-01-17 06:06:44 - [MESSAGE][WARNING] - [SELF-HEALING] The current locator of test object 'Object Repository/Page_Mood Administration Users Accounts Add_0e8dec/em_Click to enter text' was broken. Propose an alternative one: '(.//*[normalize-space(text()) and normalize-space(.)='New password'])[1]/following::em[1]'.

2022-01-17 06:06:44 - [MESSAGE][PASSED] - Object: 'Object Repository/Page_Mood Administration Users Accounts Add_0e8dec/em_Click to enter text' is clicked on

2022-01-17 06:06:44 - [TEST_STEP][PASSED] - setEncryptedText(findTestObject("Object Repository/Page_Mood Administration Users Accounts Add_0e8dec/input_New password_newpassword"), "o9w1gihRZMDFxbRmKPFkOQ=="): Text ****** has been set on object 'Object Repository/Page_Mood Administration Users Accounts Add_0e8dec/input_New password_newpassword'

2022-01-17 06:06:45 - [MESSAGE][PASSED] - Text ****** has been set on object 'Object Repository/Page_Mood Administration Users Accounts Add_0e8dec/input_New password_newpassword'

2022-01-17 06:06:45 - [TEST_STEP][PASSED] - setText(findTestObject("Object Repository/Page_Mood Administration Users Accounts Add_0e8dec/input_First name_firstname"), "Dinh Dang"): Text 'Dinh Dang' is set on object 'Object Repository/Page_Mood Administration Users Accounts Add_0e8dec/input_First name_firstname'

2022-01-17 06:06:46 - [MESSAGE][PASSED] - Text 'Dinh Dang' is set on object 'Object Repository/Page_Mood Administration Users Accounts Add_0e8dec/input_First name_firstname'

2022-01-17 06:06:46 - [TEST_STEP][PASSED] - setText(findTestObject("Object Repository/Page_Mood Administration Users Accounts Add_0e8dec/input_Surname_lastname"), "Dinh"): Text 'Dinh' is set on object 'Object Repository/Page_Mood Administration Users Accounts Add_0e8dec/input_Surname_lastname'

2022-01-17 06:06:47 - [MESSAGE][PASSED] - Text 'Dinh' is set on object 'Object Repository/Page_Mood Administration Users Accounts Add_0e8dec/input_Surname_lastname'

2022-01-17 06:06:47 - [TEST_STEP][PASSED] - setText(findTestObject("Object Repository/Page_Mood Administration Users Accounts Add_0e8dec/input_Email address_email"), "dddinh"): Text 'dddinh' is set on object 'Object Repository/Page_Mood Administration Users Accounts Add_0e8dec/input_Email address_email'

2022-01-17 06:06:48 - [MESSAGE][PASSED] - Text 'dddinh' is set on object 'Object Repository/Page_Mood Administration Users Accounts Add_0e8dec/input_Email address_email'

2022-01-17 06:06:48 - [TEST_STEP][PASSED] - waitForElementVisible(findTestObject("Object Repository/Page_Mood Administration Users Accounts Add_0e8dec/input_Address_submitbutton"), 0): Object 'Object Repository/Page_Mood Administration Users Accounts Add_0e8dec/input_Address_submitbutton' is visible

2022-01-17 06:06:48 - [MESSAGE][WARNING] - Timeout '0' is invalid. Using default page load timeout: '30'

2022-01-17 06:06:48 - [MESSAGE][PASSED] - Object 'Object Repository/Page_Mood Administration Users Accounts Add_0e8dec/input_Address_submitbutton' is visible

2022-01-17 06:06:48 - [TEST_STEP][PASSED] - click(findTestObject("Object Repository/Page_Mood Administration Users Accounts Add_0e8dec/input_Address_submitbutton")): Object: 'Object Repository/Page_Mood Administration Users Accounts Add_0e8dec/input_Address_submitbutton' is clicked on

2022-01-17 06:06:49 - [MESSAGE][PASSED] - Object: 'Object Repository/Page_Mood Administration Users Accounts Add_0e8dec/input_Address_submitbutton' is clicked on

2022-01-17 06:06:49 - [TEST_STEP][PASSED] - closeBrowser(): Browser is closed

2022-01-17 06:06:50 - [MESSAGE][PASSED] - Browser is closed]]></system-out>
         <system-err><![CDATA[]]></system-err>
      </testcase>
      <testcase name="Test Cases/test case 10" time="139.94" classname="Test Cases/test case 10" status="PASSED">
         <system-out><![CDATA[2022-01-17 06:06:50 - [TEST_CASE][PASSED] - Test Cases/test case 10: Test Cases/test case 10

2022-01-17 06:06:50 - [TEST_STEP][PASSED] - openBrowser(""): Browser is opened with url: ''

2022-01-17 06:06:50 - [MESSAGE][INFO] - Starting 'Chrome' driver

2022-01-17 06:06:50 - [MESSAGE][INFO] - Action delay is set to 0 milliseconds

2022-01-17 06:06:51 - [MESSAGE][PASSED] - Browser is opened with url: ''

2022-01-17 06:06:51 - [TEST_STEP][PASSED] - navigateToUrl("http://localhost/"): Navigate to 'http://localhost/' successfully

2022-01-17 06:06:52 - [MESSAGE][PASSED] - Navigate to 'http://localhost/' successfully

2022-01-17 06:06:52 - [TEST_STEP][PASSED] - click(findTestObject("Object Repository/Page_Moodle/a_Log in")): Object: 'Object Repository/Page_Moodle/a_Log in' is clicked on

2022-01-17 06:06:53 - [MESSAGE][PASSED] - Object: 'Object Repository/Page_Moodle/a_Log in' is clicked on

2022-01-17 06:06:53 - [TEST_STEP][PASSED] - setText(findTestObject("Object Repository/Page_Moodle Log in to the site/input_Username_username"), "admin"): Text 'admin' is set on object 'Object Repository/Page_Moodle Log in to the site/input_Username_username'

2022-01-17 06:06:53 - [MESSAGE][PASSED] - Text 'admin' is set on object 'Object Repository/Page_Moodle Log in to the site/input_Username_username'

2022-01-17 06:06:53 - [TEST_STEP][PASSED] - setEncryptedText(findTestObject("Object Repository/Page_Moodle Log in to the site/input_Password_password"), "r6H/uPCyCbQX7sAf5E1f3g=="): Text ****** has been set on object 'Object Repository/Page_Moodle Log in to the site/input_Password_password'

2022-01-17 06:06:54 - [MESSAGE][PASSED] - Text ****** has been set on object 'Object Repository/Page_Moodle Log in to the site/input_Password_password'

2022-01-17 06:06:54 - [TEST_STEP][PASSED] - click(findTestObject("Object Repository/Page_Moodle Log in to the site/button_Log in")): Object: 'Object Repository/Page_Moodle Log in to the site/button_Log in' is clicked on

2022-01-17 06:06:55 - [MESSAGE][PASSED] - Object: 'Object Repository/Page_Moodle Log in to the site/button_Log in' is clicked on

2022-01-17 06:06:55 - [TEST_STEP][PASSED] - click(findTestObject("Object Repository/Page_Dashboard/span_Site administration")): Object: 'Object Repository/Page_Dashboard/span_Site administration' is clicked on

2022-01-17 06:06:56 - [MESSAGE][PASSED] - Object: 'Object Repository/Page_Dashboard/span_Site administration' is clicked on

2022-01-17 06:06:56 - [TEST_STEP][PASSED] - click(findTestObject("Object Repository/Page_Mood Administration Search/a_Users")): Object: 'Object Repository/Page_Mood Administration Search/a_Users' is clicked on

2022-01-17 06:06:57 - [MESSAGE][PASSED] - Object: 'Object Repository/Page_Mood Administration Search/a_Users' is clicked on

2022-01-17 06:06:57 - [TEST_STEP][PASSED] - click(findTestObject("Object Repository/Page_Mood Administration Search/a_Add a new user")): Object: 'Object Repository/Page_Mood Administration Search/a_Add a new user' is clicked on

2022-01-17 06:07:00 - [MESSAGE][PASSED] - Object: 'Object Repository/Page_Mood Administration Search/a_Add a new user' is clicked on

2022-01-17 06:07:00 - [TEST_STEP][PASSED] - waitForElementVisible(findTestObject("Object Repository/Page_Mood Administration Users Accounts Add_0e8dec/label_Username"), 0): Object 'Object Repository/Page_Mood Administration Users Accounts Add_0e8dec/label_Username' is visible

2022-01-17 06:07:00 - [MESSAGE][WARNING] - Timeout '0' is invalid. Using default page load timeout: '30'

2022-01-17 06:07:02 - [MESSAGE][PASSED] - Object 'Object Repository/Page_Mood Administration Users Accounts Add_0e8dec/label_Username' is visible

2022-01-17 06:07:02 - [TEST_STEP][PASSED] - setText(findTestObject("Object Repository/Page_Mood Administration Users Accounts Add_0e8dec/input_Username_username"), "dddinh"): Text 'dddinh' is set on object 'Object Repository/Page_Mood Administration Users Accounts Add_0e8dec/input_Username_username'

2022-01-17 06:07:06 - [MESSAGE][PASSED] - Text 'dddinh' is set on object 'Object Repository/Page_Mood Administration Users Accounts Add_0e8dec/input_Username_username'

2022-01-17 06:07:06 - [TEST_STEP][PASSED] - waitForElementVisible(findTestObject("Object Repository/Page_Mood Administration Users Accounts Add_0e8dec/label_New password"), 0): Object 'Object Repository/Page_Mood Administration Users Accounts Add_0e8dec/label_New password' is visible

2022-01-17 06:07:06 - [MESSAGE][WARNING] - Timeout '0' is invalid. Using default page load timeout: '30'

2022-01-17 06:07:08 - [MESSAGE][PASSED] - Object 'Object Repository/Page_Mood Administration Users Accounts Add_0e8dec/label_New password' is visible

2022-01-17 06:07:08 - [TEST_STEP][PASSED] - click(findTestObject("Object Repository/Page_Mood Administration Users Accounts Add_0e8dec/em_Click to enter text")): Object: 'Object Repository/Page_Mood Administration Users Accounts Add_0e8dec/em_Click to enter text' is clicked on

2022-01-17 06:07:40 - [MESSAGE][INFO] - Unable to find the element located by 'By.xpath: //a[@id='yui_3_17_2_1_1642242441890_767']/span/span/em'. Please recheck the objects properties to make sure the desired element is located. 

2022-01-17 06:07:40 - [MESSAGE][WARNING] - [SELF-HEALING] Failed to find element with id 'Object Repository/Page_Mood Administration Users Accounts Add_0e8dec/em_Click to enter text'. Try using Self-healing.

2022-01-17 06:07:42 - [MESSAGE][WARNING] - [SELF-HEALING] The current locator of test object 'Object Repository/Page_Mood Administration Users Accounts Add_0e8dec/em_Click to enter text' was broken. Propose an alternative one: '(.//*[normalize-space(text()) and normalize-space(.)='New password'])[1]/following::em[1]'.

2022-01-17 06:07:42 - [MESSAGE][PASSED] - Object: 'Object Repository/Page_Mood Administration Users Accounts Add_0e8dec/em_Click to enter text' is clicked on

2022-01-17 06:07:42 - [TEST_STEP][PASSED] - setEncryptedText(findTestObject("Object Repository/Page_Mood Administration Users Accounts Add_0e8dec/input_New password_newpassword"), "o9w1gihRZMDFxbRmKPFkOQ=="): Text ****** has been set on object 'Object Repository/Page_Mood Administration Users Accounts Add_0e8dec/input_New password_newpassword'

2022-01-17 06:07:44 - [MESSAGE][PASSED] - Text ****** has been set on object 'Object Repository/Page_Mood Administration Users Accounts Add_0e8dec/input_New password_newpassword'

2022-01-17 06:07:44 - [TEST_STEP][PASSED] - setText(findTestObject("Object Repository/Page_Mood Administration Users Accounts Add_0e8dec/input_First name_firstname"), "Dinh Dang"): Text 'Dinh Dang' is set on object 'Object Repository/Page_Mood Administration Users Accounts Add_0e8dec/input_First name_firstname'

2022-01-17 06:07:48 - [MESSAGE][PASSED] - Text 'Dinh Dang' is set on object 'Object Repository/Page_Mood Administration Users Accounts Add_0e8dec/input_First name_firstname'

2022-01-17 06:07:48 - [TEST_STEP][PASSED] - setText(findTestObject("Object Repository/Page_Mood Administration Users Accounts Add_0e8dec/input_Surname_lastname"), "Dinh"): Text 'Dinh' is set on object 'Object Repository/Page_Mood Administration Users Accounts Add_0e8dec/input_Surname_lastname'

2022-01-17 06:07:52 - [MESSAGE][PASSED] - Text 'Dinh' is set on object 'Object Repository/Page_Mood Administration Users Accounts Add_0e8dec/input_Surname_lastname'

2022-01-17 06:07:52 - [TEST_STEP][PASSED] - setText(findTestObject("Object Repository/Page_Mood Administration Users Accounts Add_0e8dec/input_Email address_email"), "dddinh19@gmail.com"): Text 'dddinh19@gmail.com' is set on object 'Object Repository/Page_Mood Administration Users Accounts Add_0e8dec/input_Email address_email'

2022-01-17 06:07:56 - [MESSAGE][PASSED] - Text 'dddinh19@gmail.com' is set on object 'Object Repository/Page_Mood Administration Users Accounts Add_0e8dec/input_Email address_email'

2022-01-17 06:07:56 - [TEST_STEP][PASSED] - waitForElementVisible(findTestObject("Object Repository/Page_Mood Administration Users Accounts Add_0e8dec/input_Address_cancel"), 0): Object 'Object Repository/Page_Mood Administration Users Accounts Add_0e8dec/input_Address_cancel' is visible

2022-01-17 06:07:56 - [MESSAGE][WARNING] - Timeout '0' is invalid. Using default page load timeout: '30'

2022-01-17 06:07:58 - [MESSAGE][PASSED] - Object 'Object Repository/Page_Mood Administration Users Accounts Add_0e8dec/input_Address_cancel' is visible

2022-01-17 06:07:58 - [TEST_STEP][PASSED] - click(findTestObject("Object Repository/Page_Mood Administration Users Accounts Add_0e8dec/input_Address_cancel")): Object: 'Object Repository/Page_Mood Administration Users Accounts Add_0e8dec/input_Address_cancel' is clicked on

2022-01-17 06:08:00 - [MESSAGE][PASSED] - Object: 'Object Repository/Page_Mood Administration Users Accounts Add_0e8dec/input_Address_cancel' is clicked on

2022-01-17 06:08:00 - [TEST_STEP][PASSED] - waitForElementVisible(findTestObject("Object Repository/Page_Error/button_Continue"), 0): Object 'Object Repository/Page_Error/button_Continue' is visible

2022-01-17 06:08:01 - [MESSAGE][WARNING] - Timeout '0' is invalid. Using default page load timeout: '30'

2022-01-17 06:08:33 - [MESSAGE][INFO] - Unable to find the element located by 'By.xpath: //button[@id='single_button61e18c0eb0ab214']'. Please recheck the objects properties to make sure the desired element is located. 

2022-01-17 06:08:33 - [MESSAGE][WARNING] - [SELF-HEALING] Failed to find element with id 'Object Repository/Page_Error/button_Continue'. Try using Self-healing.

2022-01-17 06:08:35 - [MESSAGE][WARNING] - [SELF-HEALING] The current locator of test object 'Object Repository/Page_Error/button_Continue' was broken. Propose an alternative one: '//section[@id='region-main']/div/div[2]/form/button'.

2022-01-17 06:08:35 - [MESSAGE][PASSED] - Object 'Object Repository/Page_Error/button_Continue' is visible

2022-01-17 06:08:35 - [TEST_STEP][PASSED] - click(findTestObject("Object Repository/Page_Error/button_Continue")): Object: 'Object Repository/Page_Error/button_Continue' is clicked on

2022-01-17 06:09:07 - [MESSAGE][INFO] - Unable to find the element located by 'By.xpath: //button[@id='single_button61e18c0eb0ab214']'. Please recheck the objects properties to make sure the desired element is located. 

2022-01-17 06:09:07 - [MESSAGE][WARNING] - [SELF-HEALING] Failed to find element with id 'Object Repository/Page_Error/button_Continue'. Try using Self-healing.

2022-01-17 06:09:09 - [MESSAGE][WARNING] - [SELF-HEALING] The current locator of test object 'Object Repository/Page_Error/button_Continue' was broken. Propose an alternative one: '//section[@id='region-main']/div/div[2]/form/button'.

2022-01-17 06:09:09 - [MESSAGE][PASSED] - Object: 'Object Repository/Page_Error/button_Continue' is clicked on

2022-01-17 06:09:09 - [TEST_STEP][PASSED] - closeBrowser(): Browser is closed

2022-01-17 06:09:10 - [MESSAGE][PASSED] - Browser is closed]]></system-out>
         <system-err><![CDATA[]]></system-err>
      </testcase>
      <testcase name="Test Cases/test case 11" time="262.08" classname="Test Cases/test case 11" status="PASSED">
         <system-out><![CDATA[2022-01-17 06:09:10 - [TEST_CASE][PASSED] - Test Cases/test case 11: Test Cases/test case 11

2022-01-17 06:09:10 - [TEST_STEP][PASSED] - openBrowser(""): Browser is opened with url: ''

2022-01-17 06:09:10 - [MESSAGE][INFO] - Starting 'Chrome' driver

2022-01-17 06:09:10 - [MESSAGE][INFO] - Action delay is set to 0 milliseconds

2022-01-17 06:09:11 - [MESSAGE][PASSED] - Browser is opened with url: ''

2022-01-17 06:09:11 - [TEST_STEP][PASSED] - navigateToUrl("http://localhost/"): Navigate to 'http://localhost/' successfully

2022-01-17 06:09:12 - [MESSAGE][PASSED] - Navigate to 'http://localhost/' successfully

2022-01-17 06:09:12 - [TEST_STEP][PASSED] - click(findTestObject("Object Repository/Page_Moodle/a_Log in")): Object: 'Object Repository/Page_Moodle/a_Log in' is clicked on

2022-01-17 06:09:13 - [MESSAGE][PASSED] - Object: 'Object Repository/Page_Moodle/a_Log in' is clicked on

2022-01-17 06:09:13 - [TEST_STEP][PASSED] - setText(findTestObject("Object Repository/Page_Moodle Log in to the site/input_Username_username"), "admin"): Text 'admin' is set on object 'Object Repository/Page_Moodle Log in to the site/input_Username_username'

2022-01-17 06:09:14 - [MESSAGE][PASSED] - Text 'admin' is set on object 'Object Repository/Page_Moodle Log in to the site/input_Username_username'

2022-01-17 06:09:14 - [TEST_STEP][PASSED] - setEncryptedText(findTestObject("Object Repository/Page_Moodle Log in to the site/input_Password_password"), "r6H/uPCyCbQX7sAf5E1f3g=="): Text ****** has been set on object 'Object Repository/Page_Moodle Log in to the site/input_Password_password'

2022-01-17 06:09:14 - [MESSAGE][PASSED] - Text ****** has been set on object 'Object Repository/Page_Moodle Log in to the site/input_Password_password'

2022-01-17 06:09:14 - [TEST_STEP][PASSED] - click(findTestObject("Object Repository/Page_Moodle Log in to the site/button_Log in")): Object: 'Object Repository/Page_Moodle Log in to the site/button_Log in' is clicked on

2022-01-17 06:09:15 - [MESSAGE][PASSED] - Object: 'Object Repository/Page_Moodle Log in to the site/button_Log in' is clicked on

2022-01-17 06:09:15 - [TEST_STEP][PASSED] - verifyElementText(findTestObject("Object Repository/Page_Dashboard/span_Site administration"), "Site administration"): Actual text and expected text of test object 'Object Repository/Page_Dashboard/span_Site administration' are matched.

2022-01-17 06:09:17 - [MESSAGE][PASSED] - Actual text and expected text of test object 'Object Repository/Page_Dashboard/span_Site administration' are matched.

2022-01-17 06:09:17 - [TEST_STEP][PASSED] - click(findTestObject("Object Repository/Page_Dashboard/span_Site administration")): Object: 'Object Repository/Page_Dashboard/span_Site administration' is clicked on

2022-01-17 06:09:18 - [MESSAGE][PASSED] - Object: 'Object Repository/Page_Dashboard/span_Site administration' is clicked on

2022-01-17 06:09:18 - [TEST_STEP][PASSED] - click(findTestObject("Object Repository/Page_Mood Administration Search/a_Courses")): Object: 'Object Repository/Page_Mood Administration Search/a_Courses' is clicked on

2022-01-17 06:09:18 - [MESSAGE][PASSED] - Object: 'Object Repository/Page_Mood Administration Search/a_Courses' is clicked on

2022-01-17 06:09:18 - [TEST_STEP][PASSED] - click(findTestObject("Object Repository/Page_Mood Administration Search/a_Add a new course")): Object: 'Object Repository/Page_Mood Administration Search/a_Add a new course' is clicked on

2022-01-17 06:09:20 - [MESSAGE][PASSED] - Object: 'Object Repository/Page_Mood Administration Search/a_Add a new course' is clicked on

2022-01-17 06:09:20 - [TEST_STEP][PASSED] - waitForElementVisible(findTestObject("Object Repository/Page_Mood Add a new course/input_Course full name_fullname"), 0): Object 'Object Repository/Page_Mood Add a new course/input_Course full name_fullname' is visible

2022-01-17 06:09:20 - [MESSAGE][WARNING] - Timeout '0' is invalid. Using default page load timeout: '30'

2022-01-17 06:09:21 - [MESSAGE][PASSED] - Object 'Object Repository/Page_Mood Add a new course/input_Course full name_fullname' is visible

2022-01-17 06:09:21 - [TEST_STEP][PASSED] - setText(findTestObject("Object Repository/Page_Mood Add a new course/input_Course full name_fullname"), "Statistics"): Text 'Statistics' is set on object 'Object Repository/Page_Mood Add a new course/input_Course full name_fullname'

2022-01-17 06:09:22 - [MESSAGE][PASSED] - Text 'Statistics' is set on object 'Object Repository/Page_Mood Add a new course/input_Course full name_fullname'

2022-01-17 06:09:22 - [TEST_STEP][PASSED] - setText(findTestObject("Object Repository/Page_Mood Add a new course/input_Course short name_shortname"), "Stats"): Text 'Stats' is set on object 'Object Repository/Page_Mood Add a new course/input_Course short name_shortname'

2022-01-17 06:09:22 - [MESSAGE][PASSED] - Text 'Stats' is set on object 'Object Repository/Page_Mood Add a new course/input_Course short name_shortname'

2022-01-17 06:09:22 - [TEST_STEP][PASSED] - waitForElementVisible(findTestObject("Object Repository/Page_Mood Add a new course/p_Course start date"), 0): Object 'Object Repository/Page_Mood Add a new course/p_Course start date' is visible

2022-01-17 06:09:22 - [MESSAGE][WARNING] - Timeout '0' is invalid. Using default page load timeout: '30'

2022-01-17 06:09:23 - [MESSAGE][PASSED] - Object 'Object Repository/Page_Mood Add a new course/p_Course start date' is visible

2022-01-17 06:09:23 - [TEST_STEP][PASSED] - selectOptionByValue(findTestObject("Object Repository/Page_Mood Add a new course/select_1        2        3        4        _45ea30"), "13", true): All options with value '13' are selected in object 'Object Repository/Page_Mood Add a new course/select_1        2        3        4        _45ea30'  using regular expression

2022-01-17 06:09:24 - [MESSAGE][PASSED] - All options with value '13' are selected in object 'Object Repository/Page_Mood Add a new course/select_1        2        3        4        _45ea30'  using regular expression

2022-01-17 06:09:24 - [TEST_STEP][PASSED] - selectOptionByValue(findTestObject("Object Repository/Page_Mood Add a new course/select_1        2        3        4        _45ea30_1"), "13", true): All options with value '13' are selected in object 'Object Repository/Page_Mood Add a new course/select_1        2        3        4        _45ea30_1'  using regular expression

2022-01-17 06:09:25 - [MESSAGE][PASSED] - All options with value '13' are selected in object 'Object Repository/Page_Mood Add a new course/select_1        2        3        4        _45ea30_1'  using regular expression

2022-01-17 06:09:25 - [TEST_STEP][PASSED] - waitForElementVisible(findTestObject("Object Repository/Page_Mood Add a new course/input__saveanddisplay"), 0): Object 'Object Repository/Page_Mood Add a new course/input__saveanddisplay' is visible

2022-01-17 06:09:25 - [MESSAGE][WARNING] - Timeout '0' is invalid. Using default page load timeout: '30'

2022-01-17 06:09:25 - [MESSAGE][PASSED] - Object 'Object Repository/Page_Mood Add a new course/input__saveanddisplay' is visible

2022-01-17 06:09:25 - [TEST_STEP][PASSED] - click(findTestObject("Object Repository/Page_Mood Add a new course/input__saveanddisplay")): Object: 'Object Repository/Page_Mood Add a new course/input__saveanddisplay' is clicked on

2022-01-17 06:09:26 - [MESSAGE][PASSED] - Object: 'Object Repository/Page_Mood Add a new course/input__saveanddisplay' is clicked on

2022-01-17 06:09:26 - [TEST_STEP][PASSED] - waitForElementVisible(findTestObject("Object Repository/Page_Stats Participants/input_Participants_btn btn-secondary my-1"), 0): Object 'Object Repository/Page_Stats Participants/input_Participants_btn btn-secondary my-1' is visible

2022-01-17 06:09:26 - [MESSAGE][WARNING] - Timeout '0' is invalid. Using default page load timeout: '30'

2022-01-17 06:09:27 - [MESSAGE][PASSED] - Object 'Object Repository/Page_Stats Participants/input_Participants_btn btn-secondary my-1' is visible

2022-01-17 06:09:27 - [TEST_STEP][PASSED] - click(findTestObject("Object Repository/Page_Stats Participants/input_Participants_btn btn-secondary my-1")): Object: 'Object Repository/Page_Stats Participants/input_Participants_btn btn-secondary my-1' is clicked on

2022-01-17 06:09:27 - [MESSAGE][PASSED] - Object: 'Object Repository/Page_Stats Participants/input_Participants_btn btn-secondary my-1' is clicked on

2022-01-17 06:09:27 - [TEST_STEP][PASSED] - click(findTestObject("Object Repository/Page_Stats Participants/span_")): Object: 'Object Repository/Page_Stats Participants/span_' is clicked on

2022-01-17 06:09:58 - [MESSAGE][INFO] - Unable to find the element located by 'By.xpath: //span[@id='form_autocomplete_downarrow-1642275051251']'. Please recheck the objects properties to make sure the desired element is located. 

2022-01-17 06:09:58 - [MESSAGE][WARNING] - [SELF-HEALING] Failed to find element with id 'Object Repository/Page_Stats Participants/span_'. Try using Self-healing.

2022-01-17 06:09:59 - [MESSAGE][WARNING] - [SELF-HEALING] The current locator of test object 'Object Repository/Page_Stats Participants/span_' was broken. Propose an alternative one: '//div[@id='fitem_id_userlist']/div[2]/div[3]/span'.

2022-01-17 06:09:59 - [MESSAGE][PASSED] - Object: 'Object Repository/Page_Stats Participants/span_' is clicked on

2022-01-17 06:09:59 - [TEST_STEP][PASSED] - click(findTestObject("Object Repository/Page_Stats Participants/li_Quach Minh Khoi    qmkhoi19gmail.com")): Object: 'Object Repository/Page_Stats Participants/li_Quach Minh Khoi    qmkhoi19gmail.com' is clicked on

2022-01-17 06:10:30 - [MESSAGE][INFO] - Unable to find the element located by 'By.xpath: //li[@id='form_autocomplete_suggestions-1642275051251-0']'. Please recheck the objects properties to make sure the desired element is located. 

2022-01-17 06:10:30 - [MESSAGE][WARNING] - [SELF-HEALING] Failed to find element with id 'Object Repository/Page_Stats Participants/li_Quach Minh Khoi    qmkhoi19gmail.com'. Try using Self-healing.

2022-01-17 06:10:30 - [MESSAGE][WARNING] - [SELF-HEALING] The current locator of test object 'Object Repository/Page_Stats Participants/li_Quach Minh Khoi    qmkhoi19gmail.com' was broken. Propose an alternative one: '(.//*[normalize-space(text()) and normalize-space(.)='▼'])[1]/following::li[1]'.

2022-01-17 06:10:30 - [MESSAGE][PASSED] - Object: 'Object Repository/Page_Stats Participants/li_Quach Minh Khoi    qmkhoi19gmail.com' is clicked on

2022-01-17 06:10:30 - [TEST_STEP][PASSED] - selectOptionByValue(findTestObject("Object Repository/Page_Stats Participants/select_Quach Minh Khoi    qmkhoi19gmail.com_d68a25"), "17", true): All options with value '17' are selected in object 'Object Repository/Page_Stats Participants/select_Quach Minh Khoi    qmkhoi19gmail.com_d68a25'  using regular expression

2022-01-17 06:10:32 - [MESSAGE][PASSED] - All options with value '17' are selected in object 'Object Repository/Page_Stats Participants/select_Quach Minh Khoi    qmkhoi19gmail.com_d68a25'  using regular expression

2022-01-17 06:10:32 - [TEST_STEP][PASSED] - selectOptionByValue(findTestObject("Object Repository/Page_Stats Participants/select_Quach Minh Khoi    qmkhoi19gmail.com_d68a25"), "17", true): All options with value '17' are selected in object 'Object Repository/Page_Stats Participants/select_Quach Minh Khoi    qmkhoi19gmail.com_d68a25'  using regular expression

2022-01-17 06:10:32 - [MESSAGE][PASSED] - All options with value '17' are selected in object 'Object Repository/Page_Stats Participants/select_Quach Minh Khoi    qmkhoi19gmail.com_d68a25'  using regular expression

2022-01-17 06:10:32 - [TEST_STEP][PASSED] - selectOptionByValue(findTestObject("Object Repository/Page_Stats Participants/select_Quach Minh Khoi    qmkhoi19gmail.com_d68a25"), "17", true): All options with value '17' are selected in object 'Object Repository/Page_Stats Participants/select_Quach Minh Khoi    qmkhoi19gmail.com_d68a25'  using regular expression

2022-01-17 06:10:33 - [MESSAGE][PASSED] - All options with value '17' are selected in object 'Object Repository/Page_Stats Participants/select_Quach Minh Khoi    qmkhoi19gmail.com_d68a25'  using regular expression

2022-01-17 06:10:33 - [TEST_STEP][PASSED] - selectOptionByValue(findTestObject("Object Repository/Page_Stats Participants/select_Quach Minh Khoi    qmkhoi19gmail.com_d68a25"), "17", true): All options with value '17' are selected in object 'Object Repository/Page_Stats Participants/select_Quach Minh Khoi    qmkhoi19gmail.com_d68a25'  using regular expression

2022-01-17 06:10:34 - [MESSAGE][PASSED] - All options with value '17' are selected in object 'Object Repository/Page_Stats Participants/select_Quach Minh Khoi    qmkhoi19gmail.com_d68a25'  using regular expression

2022-01-17 06:10:34 - [TEST_STEP][PASSED] - click(findTestObject("Object Repository/Page_Stats Participants/button_Enrol users")): Object: 'Object Repository/Page_Stats Participants/button_Enrol users' is clicked on

2022-01-17 06:11:05 - [MESSAGE][INFO] - Unable to find the element located by 'By.xpath: //button[@id='yui_3_17_2_1_1642275051002_262']'. Please recheck the objects properties to make sure the desired element is located. 

2022-01-17 06:11:05 - [MESSAGE][WARNING] - [SELF-HEALING] Failed to find element with id 'Object Repository/Page_Stats Participants/button_Enrol users'. Try using Self-healing.

2022-01-17 06:11:06 - [MESSAGE][WARNING] - [SELF-HEALING] The current locator of test object 'Object Repository/Page_Stats Participants/button_Enrol users' was broken. Propose an alternative one: '(.//*[normalize-space(text()) and normalize-space(.)='Minute'])[1]/following::button[1]'.

2022-01-17 06:11:06 - [MESSAGE][PASSED] - Object: 'Object Repository/Page_Stats Participants/button_Enrol users' is clicked on

2022-01-17 06:11:06 - [TEST_STEP][PASSED] - click(findTestObject("Object Repository/Page_Stats Participants/a_Admin User")): Object: 'Object Repository/Page_Stats Participants/a_Admin User' is clicked on

2022-01-17 06:11:06 - [MESSAGE][PASSED] - Object: 'Object Repository/Page_Stats Participants/a_Admin User' is clicked on

2022-01-17 06:11:06 - [TEST_STEP][PASSED] - click(findTestObject("Object Repository/Page_Stats Participants/span_Log out")): Object: 'Object Repository/Page_Stats Participants/span_Log out' is clicked on

2022-01-17 06:11:07 - [MESSAGE][PASSED] - Object: 'Object Repository/Page_Stats Participants/span_Log out' is clicked on

2022-01-17 06:11:07 - [TEST_STEP][PASSED] - click(findTestObject("Object Repository/Page_Moodle/a_Log in")): Object: 'Object Repository/Page_Moodle/a_Log in' is clicked on

2022-01-17 06:11:08 - [MESSAGE][PASSED] - Object: 'Object Repository/Page_Moodle/a_Log in' is clicked on

2022-01-17 06:11:08 - [TEST_STEP][PASSED] - setText(findTestObject("Object Repository/Page_Moodle Log in to the site/input_Username_username"), "qmkhoi"): Text 'qmkhoi' is set on object 'Object Repository/Page_Moodle Log in to the site/input_Username_username'

2022-01-17 06:11:09 - [MESSAGE][PASSED] - Text 'qmkhoi' is set on object 'Object Repository/Page_Moodle Log in to the site/input_Username_username'

2022-01-17 06:11:09 - [TEST_STEP][PASSED] - setEncryptedText(findTestObject("Object Repository/Page_Moodle Log in to the site/input_Password_password"), "eiP2h/EMT1hJlGmKEGA7sg=="): Text ****** has been set on object 'Object Repository/Page_Moodle Log in to the site/input_Password_password'

2022-01-17 06:11:09 - [MESSAGE][PASSED] - Text ****** has been set on object 'Object Repository/Page_Moodle Log in to the site/input_Password_password'

2022-01-17 06:11:09 - [TEST_STEP][PASSED] - click(findTestObject("Object Repository/Page_Moodle Log in to the site/button_Log in")): Object: 'Object Repository/Page_Moodle Log in to the site/button_Log in' is clicked on

2022-01-17 06:11:10 - [MESSAGE][PASSED] - Object: 'Object Repository/Page_Moodle Log in to the site/button_Log in' is clicked on

2022-01-17 06:11:10 - [TEST_STEP][PASSED] - verifyElementText(findTestObject("Object Repository/Page_Dashboard/span_Stats"), "Stats"): Actual text and expected text of test object 'Object Repository/Page_Dashboard/span_Stats' are matched.

2022-01-17 06:11:11 - [MESSAGE][PASSED] - Actual text and expected text of test object 'Object Repository/Page_Dashboard/span_Stats' are matched.

2022-01-17 06:11:11 - [TEST_STEP][PASSED] - click(findTestObject("Object Repository/Page_Dashboard/a_Quach Minh Khoi")): Object: 'Object Repository/Page_Dashboard/a_Quach Minh Khoi' is clicked on

2022-01-17 06:11:12 - [MESSAGE][PASSED] - Object: 'Object Repository/Page_Dashboard/a_Quach Minh Khoi' is clicked on

2022-01-17 06:11:12 - [TEST_STEP][PASSED] - click(findTestObject("Object Repository/Page_Dashboard/span_Log out")): Object: 'Object Repository/Page_Dashboard/span_Log out' is clicked on

2022-01-17 06:11:13 - [MESSAGE][PASSED] - Object: 'Object Repository/Page_Dashboard/span_Log out' is clicked on

2022-01-17 06:11:13 - [TEST_STEP][PASSED] - click(findTestObject("Object Repository/Page_Moodle/a_Log in")): Object: 'Object Repository/Page_Moodle/a_Log in' is clicked on

2022-01-17 06:11:13 - [MESSAGE][PASSED] - Object: 'Object Repository/Page_Moodle/a_Log in' is clicked on

2022-01-17 06:11:13 - [TEST_STEP][PASSED] - setText(findTestObject("Object Repository/Page_Moodle Log in to the site/input_Username_username"), "admin"): Text 'admin' is set on object 'Object Repository/Page_Moodle Log in to the site/input_Username_username'

2022-01-17 06:11:14 - [MESSAGE][PASSED] - Text 'admin' is set on object 'Object Repository/Page_Moodle Log in to the site/input_Username_username'

2022-01-17 06:11:14 - [TEST_STEP][PASSED] - setEncryptedText(findTestObject("Object Repository/Page_Moodle Log in to the site/input_Password_password"), "r6H/uPCyCbQX7sAf5E1f3g=="): Text ****** has been set on object 'Object Repository/Page_Moodle Log in to the site/input_Password_password'

2022-01-17 06:11:14 - [MESSAGE][PASSED] - Text ****** has been set on object 'Object Repository/Page_Moodle Log in to the site/input_Password_password'

2022-01-17 06:11:14 - [TEST_STEP][PASSED] - click(findTestObject("Object Repository/Page_Moodle Log in to the site/button_Log in")): Object: 'Object Repository/Page_Moodle Log in to the site/button_Log in' is clicked on

2022-01-17 06:11:15 - [MESSAGE][PASSED] - Object: 'Object Repository/Page_Moodle Log in to the site/button_Log in' is clicked on

2022-01-17 06:11:15 - [TEST_STEP][PASSED] - click(findTestObject("Object Repository/Page_Dashboard/span_Site administration")): Object: 'Object Repository/Page_Dashboard/span_Site administration' is clicked on

2022-01-17 06:11:17 - [MESSAGE][PASSED] - Object: 'Object Repository/Page_Dashboard/span_Site administration' is clicked on

2022-01-17 06:11:17 - [TEST_STEP][PASSED] - click(findTestObject("Object Repository/Page_Mood Administration Search/a_Courses")): Object: 'Object Repository/Page_Mood Administration Search/a_Courses' is clicked on

2022-01-17 06:11:18 - [MESSAGE][PASSED] - Object: 'Object Repository/Page_Mood Administration Search/a_Courses' is clicked on

2022-01-17 06:11:18 - [TEST_STEP][PASSED] - click(findTestObject("Object Repository/Page_Mood Administration Search/a_Manage courses and categories")): Object: 'Object Repository/Page_Mood Administration Search/a_Manage courses and categories' is clicked on

2022-01-17 06:11:19 - [MESSAGE][PASSED] - Object: 'Object Repository/Page_Mood Administration Search/a_Manage courses and categories' is clicked on

2022-01-17 06:11:19 - [TEST_STEP][PASSED] - waitForElementVisible(findTestObject("Object Repository/Page_Course and category management/div_Statistics bulk action selectionStatistics"), 0): Object 'Object Repository/Page_Course and category management/div_Statistics bulk action selectionStatistics' is visible

2022-01-17 06:11:19 - [MESSAGE][WARNING] - Timeout '0' is invalid. Using default page load timeout: '30'

2022-01-17 06:11:50 - [MESSAGE][INFO] - Unable to find the element located by 'By.xpath: //div[@id='yui_3_17_2_1_1642275183792_317']'. Please recheck the objects properties to make sure the desired element is located. 

2022-01-17 06:11:50 - [MESSAGE][WARNING] - [SELF-HEALING] Failed to find element with id 'Object Repository/Page_Course and category management/div_Statistics bulk action selectionStatistics'. Try using Self-healing.

2022-01-17 06:11:50 - [MESSAGE][WARNING] - [SELF-HEALING] The current locator of test object 'Object Repository/Page_Course and category management/div_Statistics bulk action selectionStatistics' was broken. Propose an alternative one: '(.//*[normalize-space(text()) and normalize-space(.)='All'])[1]/following::div[1]'.

2022-01-17 06:11:50 - [MESSAGE][PASSED] - Object 'Object Repository/Page_Course and category management/div_Statistics bulk action selectionStatistics' is visible

2022-01-17 06:11:50 - [TEST_STEP][PASSED] - verifyElementText(findTestObject("Object Repository/Page_Course and category management/a_Statistics"), "Statistics"): Actual text and expected text of test object 'Object Repository/Page_Course and category management/a_Statistics' are matched.

2022-01-17 06:12:22 - [MESSAGE][INFO] - Unable to find the element located by 'By.xpath: //a[@id='yui_3_17_2_1_1642275183792_325']'. Please recheck the objects properties to make sure the desired element is located. 

2022-01-17 06:12:22 - [MESSAGE][WARNING] - [SELF-HEALING] Failed to find element with id 'Object Repository/Page_Course and category management/a_Statistics'. Try using Self-healing.

2022-01-17 06:12:22 - [MESSAGE][WARNING] - [SELF-HEALING] The current locator of test object 'Object Repository/Page_Course and category management/a_Statistics' was broken. Propose an alternative one: '//a[contains(text(),'Statistics')]'.

2022-01-17 06:12:22 - [MESSAGE][PASSED] - Actual text and expected text of test object 'Object Repository/Page_Course and category management/a_Statistics' are matched.

2022-01-17 06:12:22 - [TEST_STEP][PASSED] - click(findTestObject("Object Repository/Page_Course and category management/i_Statistics_yui_3_17_2_1_1642275183792_327")): Object: 'Object Repository/Page_Course and category management/i_Statistics_yui_3_17_2_1_1642275183792_327' is clicked on

2022-01-17 06:12:53 - [MESSAGE][INFO] - Unable to find the element located by 'By.xpath: //i[@id='yui_3_17_2_1_1642275183792_327']'. Please recheck the objects properties to make sure the desired element is located. 

2022-01-17 06:12:53 - [MESSAGE][WARNING] - [SELF-HEALING] Failed to find element with id 'Object Repository/Page_Course and category management/i_Statistics_yui_3_17_2_1_1642275183792_327'. Try using Self-healing.

2022-01-17 06:12:53 - [MESSAGE][WARNING] - [SELF-HEALING] The current locator of test object 'Object Repository/Page_Course and category management/i_Statistics_yui_3_17_2_1_1642275183792_327' was broken. Propose an alternative one: '//span/a[3]/i'.

2022-01-17 06:12:57 - [MESSAGE][PASSED] - Object: 'Object Repository/Page_Course and category management/i_Statistics_yui_3_17_2_1_1642275183792_327' is clicked on

2022-01-17 06:12:57 - [TEST_STEP][PASSED] - click(findTestObject("Object Repository/Page_Mood Delete Stats/button_Delete")): Object: 'Object Repository/Page_Mood Delete Stats/button_Delete' is clicked on

2022-01-17 06:13:28 - [MESSAGE][INFO] - Unable to find the element located by 'By.xpath: //button[@id='single_button61e32188cdcac14']'. Please recheck the objects properties to make sure the desired element is located. 

2022-01-17 06:13:28 - [MESSAGE][WARNING] - [SELF-HEALING] Failed to find element with id 'Object Repository/Page_Mood Delete Stats/button_Delete'. Try using Self-healing.

2022-01-17 06:13:28 - [MESSAGE][WARNING] - [SELF-HEALING] The current locator of test object 'Object Repository/Page_Mood Delete Stats/button_Delete' was broken. Propose an alternative one: '//div[@id='modal-footer']/div/div/form/button'.

2022-01-17 06:13:31 - [MESSAGE][PASSED] - Object: 'Object Repository/Page_Mood Delete Stats/button_Delete' is clicked on

2022-01-17 06:13:31 - [TEST_STEP][PASSED] - verifyElementText(findTestObject("Object Repository/Page_Mood Deleting Stats/h2_Deleting Stats"), "Deleting Stats"): Actual text and expected text of test object 'Object Repository/Page_Mood Deleting Stats/h2_Deleting Stats' are matched.

2022-01-17 06:13:31 - [MESSAGE][PASSED] - Actual text and expected text of test object 'Object Repository/Page_Mood Deleting Stats/h2_Deleting Stats' are matched.

2022-01-17 06:13:31 - [TEST_STEP][PASSED] - closeBrowser(): Browser is closed

2022-01-17 06:13:32 - [MESSAGE][PASSED] - Browser is closed]]></system-out>
         <system-err><![CDATA[]]></system-err>
      </testcase>
      <testcase name="Test Cases/test case 12" time="258.242" classname="Test Cases/test case 12" status="PASSED">
         <system-out><![CDATA[2022-01-17 06:13:32 - [TEST_CASE][PASSED] - Test Cases/test case 12: Test Cases/test case 12

2022-01-17 06:13:32 - [TEST_STEP][PASSED] - openBrowser(""): Browser is opened with url: ''

2022-01-17 06:13:32 - [MESSAGE][INFO] - Starting 'Chrome' driver

2022-01-17 06:13:32 - [MESSAGE][INFO] - Action delay is set to 0 milliseconds

2022-01-17 06:13:33 - [MESSAGE][PASSED] - Browser is opened with url: ''

2022-01-17 06:13:33 - [TEST_STEP][PASSED] - navigateToUrl("http://localhost/"): Navigate to 'http://localhost/' successfully

2022-01-17 06:13:35 - [MESSAGE][PASSED] - Navigate to 'http://localhost/' successfully

2022-01-17 06:13:35 - [TEST_STEP][PASSED] - click(findTestObject("Object Repository/Page_Moodle/a_Log in")): Object: 'Object Repository/Page_Moodle/a_Log in' is clicked on

2022-01-17 06:13:35 - [MESSAGE][PASSED] - Object: 'Object Repository/Page_Moodle/a_Log in' is clicked on

2022-01-17 06:13:35 - [TEST_STEP][PASSED] - setText(findTestObject("Object Repository/Page_Moodle Log in to the site/input_Username_username"), "admin"): Text 'admin' is set on object 'Object Repository/Page_Moodle Log in to the site/input_Username_username'

2022-01-17 06:13:36 - [MESSAGE][PASSED] - Text 'admin' is set on object 'Object Repository/Page_Moodle Log in to the site/input_Username_username'

2022-01-17 06:13:36 - [TEST_STEP][PASSED] - setEncryptedText(findTestObject("Object Repository/Page_Moodle Log in to the site/input_Password_password"), "r6H/uPCyCbQX7sAf5E1f3g=="): Text ****** has been set on object 'Object Repository/Page_Moodle Log in to the site/input_Password_password'

2022-01-17 06:13:37 - [MESSAGE][PASSED] - Text ****** has been set on object 'Object Repository/Page_Moodle Log in to the site/input_Password_password'

2022-01-17 06:13:37 - [TEST_STEP][PASSED] - click(findTestObject("Object Repository/Page_Moodle Log in to the site/button_Log in")): Object: 'Object Repository/Page_Moodle Log in to the site/button_Log in' is clicked on

2022-01-17 06:13:38 - [MESSAGE][PASSED] - Object: 'Object Repository/Page_Moodle Log in to the site/button_Log in' is clicked on

2022-01-17 06:13:38 - [TEST_STEP][PASSED] - click(findTestObject("Object Repository/Page_Dashboard/span_Site administration")): Object: 'Object Repository/Page_Dashboard/span_Site administration' is clicked on

2022-01-17 06:13:39 - [MESSAGE][PASSED] - Object: 'Object Repository/Page_Dashboard/span_Site administration' is clicked on

2022-01-17 06:13:39 - [TEST_STEP][PASSED] - click(findTestObject("Object Repository/Page_Mood Administration Search/a_Courses")): Object: 'Object Repository/Page_Mood Administration Search/a_Courses' is clicked on

2022-01-17 06:13:40 - [MESSAGE][PASSED] - Object: 'Object Repository/Page_Mood Administration Search/a_Courses' is clicked on

2022-01-17 06:13:40 - [TEST_STEP][PASSED] - click(findTestObject("Object Repository/Page_Mood Administration Search/a_Manage courses and categories")): Object: 'Object Repository/Page_Mood Administration Search/a_Manage courses and categories' is clicked on

2022-01-17 06:13:41 - [MESSAGE][PASSED] - Object: 'Object Repository/Page_Mood Administration Search/a_Manage courses and categories' is clicked on

2022-01-17 06:13:41 - [TEST_STEP][PASSED] - click(findTestObject("Object Repository/Page_Course and category management/a_Create new course")): Object: 'Object Repository/Page_Course and category management/a_Create new course' is clicked on

2022-01-17 06:14:12 - [MESSAGE][INFO] - Unable to find the element located by 'By.xpath: //div[@id='yui_3_17_2_1_1642173112741_71']/div/div/a'. Please recheck the objects properties to make sure the desired element is located. 

2022-01-17 06:14:12 - [MESSAGE][WARNING] - [SELF-HEALING] Failed to find element with id 'Object Repository/Page_Course and category management/a_Create new course'. Try using Self-healing.

2022-01-17 06:14:12 - [MESSAGE][WARNING] - [SELF-HEALING] The current locator of test object 'Object Repository/Page_Course and category management/a_Create new course' was broken. Propose an alternative one: '//a[contains(text(),'Create new course')]'.

2022-01-17 06:14:13 - [MESSAGE][PASSED] - Object: 'Object Repository/Page_Course and category management/a_Create new course' is clicked on

2022-01-17 06:14:13 - [TEST_STEP][PASSED] - waitForElementVisible(findTestObject("Object Repository/Page_Mood Add a new course/label_Course full name"), 0): Object 'Object Repository/Page_Mood Add a new course/label_Course full name' is visible

2022-01-17 06:14:13 - [MESSAGE][WARNING] - Timeout '0' is invalid. Using default page load timeout: '30'

2022-01-17 06:14:14 - [MESSAGE][PASSED] - Object 'Object Repository/Page_Mood Add a new course/label_Course full name' is visible

2022-01-17 06:14:14 - [TEST_STEP][PASSED] - setText(findTestObject("Object Repository/Page_Mood Add a new course/input_Course full name_fullname"), "Statistics"): Text 'Statistics' is set on object 'Object Repository/Page_Mood Add a new course/input_Course full name_fullname'

2022-01-17 06:14:15 - [MESSAGE][PASSED] - Text 'Statistics' is set on object 'Object Repository/Page_Mood Add a new course/input_Course full name_fullname'

2022-01-17 06:14:15 - [TEST_STEP][PASSED] - setText(findTestObject("Object Repository/Page_Mood Add a new course/input_Course short name_shortname"), "Stats"): Text 'Stats' is set on object 'Object Repository/Page_Mood Add a new course/input_Course short name_shortname'

2022-01-17 06:14:16 - [MESSAGE][PASSED] - Text 'Stats' is set on object 'Object Repository/Page_Mood Add a new course/input_Course short name_shortname'

2022-01-17 06:14:16 - [TEST_STEP][PASSED] - waitForElementVisible(findTestObject("Object Repository/Page_Mood Add a new course/p_Course start date"), 0): Object 'Object Repository/Page_Mood Add a new course/p_Course start date' is visible

2022-01-17 06:14:16 - [MESSAGE][WARNING] - Timeout '0' is invalid. Using default page load timeout: '30'

2022-01-17 06:14:16 - [MESSAGE][PASSED] - Object 'Object Repository/Page_Mood Add a new course/p_Course start date' is visible

2022-01-17 06:14:16 - [TEST_STEP][PASSED] - selectOptionByValue(findTestObject("Object Repository/Page_Mood Add a new course/select_1        2        3        4        _45ea30"), "13", true): All options with value '13' are selected in object 'Object Repository/Page_Mood Add a new course/select_1        2        3        4        _45ea30'  using regular expression

2022-01-17 06:14:18 - [MESSAGE][PASSED] - All options with value '13' are selected in object 'Object Repository/Page_Mood Add a new course/select_1        2        3        4        _45ea30'  using regular expression

2022-01-17 06:14:18 - [TEST_STEP][PASSED] - selectOptionByValue(findTestObject("Object Repository/Page_Mood Add a new course/select_1        2        3        4        _45ea30_1"), "13", true): All options with value '13' are selected in object 'Object Repository/Page_Mood Add a new course/select_1        2        3        4        _45ea30_1'  using regular expression

2022-01-17 06:14:19 - [MESSAGE][PASSED] - All options with value '13' are selected in object 'Object Repository/Page_Mood Add a new course/select_1        2        3        4        _45ea30_1'  using regular expression

2022-01-17 06:14:19 - [TEST_STEP][PASSED] - waitForElementVisible(findTestObject("Object Repository/Page_Mood Add a new course/input__saveanddisplay"), 0): Object 'Object Repository/Page_Mood Add a new course/input__saveanddisplay' is visible

2022-01-17 06:14:19 - [MESSAGE][WARNING] - Timeout '0' is invalid. Using default page load timeout: '30'

2022-01-17 06:14:19 - [MESSAGE][PASSED] - Object 'Object Repository/Page_Mood Add a new course/input__saveanddisplay' is visible

2022-01-17 06:14:19 - [TEST_STEP][PASSED] - click(findTestObject("Object Repository/Page_Mood Add a new course/input__saveanddisplay")): Object: 'Object Repository/Page_Mood Add a new course/input__saveanddisplay' is clicked on

2022-01-17 06:14:20 - [MESSAGE][PASSED] - Object: 'Object Repository/Page_Mood Add a new course/input__saveanddisplay' is clicked on

2022-01-17 06:14:20 - [TEST_STEP][PASSED] - waitForElementVisible(findTestObject("Object Repository/Page_Stats Participants/input_Participants_btn btn-secondary my-1"), 0): Object 'Object Repository/Page_Stats Participants/input_Participants_btn btn-secondary my-1' is visible

2022-01-17 06:14:20 - [MESSAGE][WARNING] - Timeout '0' is invalid. Using default page load timeout: '30'

2022-01-17 06:14:21 - [MESSAGE][PASSED] - Object 'Object Repository/Page_Stats Participants/input_Participants_btn btn-secondary my-1' is visible

2022-01-17 06:14:21 - [TEST_STEP][PASSED] - click(findTestObject("Object Repository/Page_Stats Participants/input_Participants_btn btn-secondary my-1")): Object: 'Object Repository/Page_Stats Participants/input_Participants_btn btn-secondary my-1' is clicked on

2022-01-17 06:14:21 - [MESSAGE][PASSED] - Object: 'Object Repository/Page_Stats Participants/input_Participants_btn btn-secondary my-1' is clicked on

2022-01-17 06:14:21 - [TEST_STEP][PASSED] - click(findTestObject("Object Repository/Page_Stats Participants/span_")): Object: 'Object Repository/Page_Stats Participants/span_' is clicked on

2022-01-17 06:14:52 - [MESSAGE][INFO] - Unable to find the element located by 'By.xpath: //span[@id='form_autocomplete_downarrow-1642275051251']'. Please recheck the objects properties to make sure the desired element is located. 

2022-01-17 06:14:52 - [MESSAGE][WARNING] - [SELF-HEALING] Failed to find element with id 'Object Repository/Page_Stats Participants/span_'. Try using Self-healing.

2022-01-17 06:14:52 - [MESSAGE][WARNING] - [SELF-HEALING] The current locator of test object 'Object Repository/Page_Stats Participants/span_' was broken. Propose an alternative one: '//div[@id='fitem_id_userlist']/div[2]/div[3]/span'.

2022-01-17 06:14:52 - [MESSAGE][PASSED] - Object: 'Object Repository/Page_Stats Participants/span_' is clicked on

2022-01-17 06:14:52 - [TEST_STEP][PASSED] - click(findTestObject("Object Repository/Page_Stats Participants/span_Quach Minh Khoi")): Object: 'Object Repository/Page_Stats Participants/span_Quach Minh Khoi' is clicked on

2022-01-17 06:15:24 - [MESSAGE][INFO] - Unable to find the element located by 'By.xpath: //li[@id='form_autocomplete_suggestions-1642173244309-0']/span/span'. Please recheck the objects properties to make sure the desired element is located. 

2022-01-17 06:15:24 - [MESSAGE][WARNING] - [SELF-HEALING] Failed to find element with id 'Object Repository/Page_Stats Participants/span_Quach Minh Khoi'. Try using Self-healing.

2022-01-17 06:15:24 - [MESSAGE][WARNING] - [SELF-HEALING] The current locator of test object 'Object Repository/Page_Stats Participants/span_Quach Minh Khoi' was broken. Propose an alternative one: '(.//*[normalize-space(text()) and normalize-space(.)='▼'])[1]/following::span[2]'.

2022-01-17 06:15:24 - [MESSAGE][PASSED] - Object: 'Object Repository/Page_Stats Participants/span_Quach Minh Khoi' is clicked on

2022-01-17 06:15:24 - [TEST_STEP][PASSED] - selectOptionByValue(findTestObject("Object Repository/Page_Stats Participants/select_Quach Minh Khoi    qmkhoi19gmail.com_d68a25"), "17", true): All options with value '17' are selected in object 'Object Repository/Page_Stats Participants/select_Quach Minh Khoi    qmkhoi19gmail.com_d68a25'  using regular expression

2022-01-17 06:15:26 - [MESSAGE][PASSED] - All options with value '17' are selected in object 'Object Repository/Page_Stats Participants/select_Quach Minh Khoi    qmkhoi19gmail.com_d68a25'  using regular expression

2022-01-17 06:15:26 - [TEST_STEP][PASSED] - selectOptionByValue(findTestObject("Object Repository/Page_Stats Participants/select_Quach Minh Khoi    qmkhoi19gmail.com_d68a25"), "17", true): All options with value '17' are selected in object 'Object Repository/Page_Stats Participants/select_Quach Minh Khoi    qmkhoi19gmail.com_d68a25'  using regular expression

2022-01-17 06:15:26 - [MESSAGE][PASSED] - All options with value '17' are selected in object 'Object Repository/Page_Stats Participants/select_Quach Minh Khoi    qmkhoi19gmail.com_d68a25'  using regular expression

2022-01-17 06:15:26 - [TEST_STEP][PASSED] - selectOptionByValue(findTestObject("Object Repository/Page_Stats Participants/select_Quach Minh Khoi    qmkhoi19gmail.com_d68a25"), "17", true): All options with value '17' are selected in object 'Object Repository/Page_Stats Participants/select_Quach Minh Khoi    qmkhoi19gmail.com_d68a25'  using regular expression

2022-01-17 06:15:27 - [MESSAGE][PASSED] - All options with value '17' are selected in object 'Object Repository/Page_Stats Participants/select_Quach Minh Khoi    qmkhoi19gmail.com_d68a25'  using regular expression

2022-01-17 06:15:27 - [TEST_STEP][PASSED] - selectOptionByValue(findTestObject("Object Repository/Page_Stats Participants/select_Quach Minh Khoi    qmkhoi19gmail.com_d68a25"), "17", true): All options with value '17' are selected in object 'Object Repository/Page_Stats Participants/select_Quach Minh Khoi    qmkhoi19gmail.com_d68a25'  using regular expression

2022-01-17 06:15:28 - [MESSAGE][PASSED] - All options with value '17' are selected in object 'Object Repository/Page_Stats Participants/select_Quach Minh Khoi    qmkhoi19gmail.com_d68a25'  using regular expression

2022-01-17 06:15:28 - [TEST_STEP][PASSED] - click(findTestObject("Object Repository/Page_Stats Participants/label_Assign role")): Object: 'Object Repository/Page_Stats Participants/label_Assign role' is clicked on

2022-01-17 06:15:29 - [MESSAGE][PASSED] - Object: 'Object Repository/Page_Stats Participants/label_Assign role' is clicked on

2022-01-17 06:15:29 - [TEST_STEP][PASSED] - click(findTestObject("Object Repository/Page_Stats Participants/button_Enrol users")): Object: 'Object Repository/Page_Stats Participants/button_Enrol users' is clicked on

2022-01-17 06:16:00 - [MESSAGE][INFO] - Unable to find the element located by 'By.xpath: //button[@id='yui_3_17_2_1_1642275051002_262']'. Please recheck the objects properties to make sure the desired element is located. 

2022-01-17 06:16:00 - [MESSAGE][WARNING] - [SELF-HEALING] Failed to find element with id 'Object Repository/Page_Stats Participants/button_Enrol users'. Try using Self-healing.

2022-01-17 06:16:00 - [MESSAGE][WARNING] - [SELF-HEALING] The current locator of test object 'Object Repository/Page_Stats Participants/button_Enrol users' was broken. Propose an alternative one: '(.//*[normalize-space(text()) and normalize-space(.)='Minute'])[1]/following::button[1]'.

2022-01-17 06:16:00 - [MESSAGE][PASSED] - Object: 'Object Repository/Page_Stats Participants/button_Enrol users' is clicked on

2022-01-17 06:16:00 - [TEST_STEP][PASSED] - click(findTestObject("Object Repository/Page_Stats Participants/a_Admin User")): Object: 'Object Repository/Page_Stats Participants/a_Admin User' is clicked on

2022-01-17 06:16:01 - [MESSAGE][PASSED] - Object: 'Object Repository/Page_Stats Participants/a_Admin User' is clicked on

2022-01-17 06:16:01 - [TEST_STEP][PASSED] - click(findTestObject("Object Repository/Page_Stats Participants/span_Log out")): Object: 'Object Repository/Page_Stats Participants/span_Log out' is clicked on

2022-01-17 06:16:02 - [MESSAGE][PASSED] - Object: 'Object Repository/Page_Stats Participants/span_Log out' is clicked on

2022-01-17 06:16:02 - [TEST_STEP][PASSED] - click(findTestObject("Object Repository/Page_Moodle/a_Log in")): Object: 'Object Repository/Page_Moodle/a_Log in' is clicked on

2022-01-17 06:16:02 - [MESSAGE][PASSED] - Object: 'Object Repository/Page_Moodle/a_Log in' is clicked on

2022-01-17 06:16:02 - [TEST_STEP][PASSED] - setText(findTestObject("Object Repository/Page_Moodle Log in to the site/input_Username_username"), "qmkhoi"): Text 'qmkhoi' is set on object 'Object Repository/Page_Moodle Log in to the site/input_Username_username'

2022-01-17 06:16:03 - [MESSAGE][PASSED] - Text 'qmkhoi' is set on object 'Object Repository/Page_Moodle Log in to the site/input_Username_username'

2022-01-17 06:16:03 - [TEST_STEP][PASSED] - setEncryptedText(findTestObject("Object Repository/Page_Moodle Log in to the site/input_Password_password"), "eiP2h/EMT1hJlGmKEGA7sg=="): Text ****** has been set on object 'Object Repository/Page_Moodle Log in to the site/input_Password_password'

2022-01-17 06:16:04 - [MESSAGE][PASSED] - Text ****** has been set on object 'Object Repository/Page_Moodle Log in to the site/input_Password_password'

2022-01-17 06:16:04 - [TEST_STEP][PASSED] - click(findTestObject("Object Repository/Page_Moodle Log in to the site/button_Log in")): Object: 'Object Repository/Page_Moodle Log in to the site/button_Log in' is clicked on

2022-01-17 06:16:05 - [MESSAGE][PASSED] - Object: 'Object Repository/Page_Moodle Log in to the site/button_Log in' is clicked on

2022-01-17 06:16:05 - [TEST_STEP][PASSED] - verifyElementText(findTestObject("Object Repository/Page_Dashboard/span_Stats"), "Stats"): Actual text and expected text of test object 'Object Repository/Page_Dashboard/span_Stats' are matched.

2022-01-17 06:16:06 - [MESSAGE][PASSED] - Actual text and expected text of test object 'Object Repository/Page_Dashboard/span_Stats' are matched.

2022-01-17 06:16:06 - [TEST_STEP][PASSED] - click(findTestObject("Object Repository/Page_Dashboard/a_Quach Minh Khoi")): Object: 'Object Repository/Page_Dashboard/a_Quach Minh Khoi' is clicked on

2022-01-17 06:16:06 - [MESSAGE][PASSED] - Object: 'Object Repository/Page_Dashboard/a_Quach Minh Khoi' is clicked on

2022-01-17 06:16:06 - [TEST_STEP][PASSED] - click(findTestObject("Object Repository/Page_Dashboard/span_Log out")): Object: 'Object Repository/Page_Dashboard/span_Log out' is clicked on

2022-01-17 06:16:07 - [MESSAGE][PASSED] - Object: 'Object Repository/Page_Dashboard/span_Log out' is clicked on

2022-01-17 06:16:07 - [TEST_STEP][PASSED] - click(findTestObject("Object Repository/Page_Moodle/a_Log in")): Object: 'Object Repository/Page_Moodle/a_Log in' is clicked on

2022-01-17 06:16:08 - [MESSAGE][PASSED] - Object: 'Object Repository/Page_Moodle/a_Log in' is clicked on

2022-01-17 06:16:08 - [TEST_STEP][PASSED] - setText(findTestObject("Object Repository/Page_Moodle Log in to the site/input_Username_username"), "admin"): Text 'admin' is set on object 'Object Repository/Page_Moodle Log in to the site/input_Username_username'

2022-01-17 06:16:09 - [MESSAGE][PASSED] - Text 'admin' is set on object 'Object Repository/Page_Moodle Log in to the site/input_Username_username'

2022-01-17 06:16:09 - [TEST_STEP][PASSED] - setEncryptedText(findTestObject("Object Repository/Page_Moodle Log in to the site/input_Password_password"), "r6H/uPCyCbQX7sAf5E1f3g=="): Text ****** has been set on object 'Object Repository/Page_Moodle Log in to the site/input_Password_password'

2022-01-17 06:16:09 - [MESSAGE][PASSED] - Text ****** has been set on object 'Object Repository/Page_Moodle Log in to the site/input_Password_password'

2022-01-17 06:16:09 - [TEST_STEP][PASSED] - click(findTestObject("Object Repository/Page_Moodle Log in to the site/button_Log in")): Object: 'Object Repository/Page_Moodle Log in to the site/button_Log in' is clicked on

2022-01-17 06:16:10 - [MESSAGE][PASSED] - Object: 'Object Repository/Page_Moodle Log in to the site/button_Log in' is clicked on

2022-01-17 06:16:10 - [TEST_STEP][PASSED] - click(findTestObject("Object Repository/Page_Dashboard/span_Site administration")): Object: 'Object Repository/Page_Dashboard/span_Site administration' is clicked on

2022-01-17 06:16:12 - [MESSAGE][PASSED] - Object: 'Object Repository/Page_Dashboard/span_Site administration' is clicked on

2022-01-17 06:16:12 - [TEST_STEP][PASSED] - click(findTestObject("Object Repository/Page_Mood Administration Search/a_Courses")): Object: 'Object Repository/Page_Mood Administration Search/a_Courses' is clicked on

2022-01-17 06:16:12 - [MESSAGE][PASSED] - Object: 'Object Repository/Page_Mood Administration Search/a_Courses' is clicked on

2022-01-17 06:16:12 - [TEST_STEP][PASSED] - click(findTestObject("Object Repository/Page_Mood Administration Search/a_Manage courses and categories")): Object: 'Object Repository/Page_Mood Administration Search/a_Manage courses and categories' is clicked on

2022-01-17 06:16:13 - [MESSAGE][PASSED] - Object: 'Object Repository/Page_Mood Administration Search/a_Manage courses and categories' is clicked on

2022-01-17 06:16:13 - [TEST_STEP][PASSED] - waitForElementVisible(findTestObject("Object Repository/Page_Course and category management/a_Statistics"), 0): Object 'Object Repository/Page_Course and category management/a_Statistics' is visible

2022-01-17 06:16:13 - [MESSAGE][WARNING] - Timeout '0' is invalid. Using default page load timeout: '30'

2022-01-17 06:16:45 - [MESSAGE][INFO] - Unable to find the element located by 'By.xpath: //a[@id='yui_3_17_2_1_1642275183792_325']'. Please recheck the objects properties to make sure the desired element is located. 

2022-01-17 06:16:45 - [MESSAGE][WARNING] - [SELF-HEALING] Failed to find element with id 'Object Repository/Page_Course and category management/a_Statistics'. Try using Self-healing.

2022-01-17 06:16:45 - [MESSAGE][WARNING] - [SELF-HEALING] The current locator of test object 'Object Repository/Page_Course and category management/a_Statistics' was broken. Propose an alternative one: '//a[contains(text(),'Statistics')]'.

2022-01-17 06:16:45 - [MESSAGE][PASSED] - Object 'Object Repository/Page_Course and category management/a_Statistics' is visible

2022-01-17 06:16:45 - [TEST_STEP][PASSED] - click(findTestObject("Object Repository/Page_Course and category management/i_Statistics_yui_3_17_2_1_1642173463341_325")): Object: 'Object Repository/Page_Course and category management/i_Statistics_yui_3_17_2_1_1642173463341_325' is clicked on

2022-01-17 06:17:16 - [MESSAGE][INFO] - Unable to find the element located by 'By.xpath: //i[@id='yui_3_17_2_1_1642173463341_325']'. Please recheck the objects properties to make sure the desired element is located. 

2022-01-17 06:17:16 - [MESSAGE][WARNING] - [SELF-HEALING] Failed to find element with id 'Object Repository/Page_Course and category management/i_Statistics_yui_3_17_2_1_1642173463341_325'. Try using Self-healing.

2022-01-17 06:17:16 - [MESSAGE][WARNING] - [SELF-HEALING] The current locator of test object 'Object Repository/Page_Course and category management/i_Statistics_yui_3_17_2_1_1642173463341_325' was broken. Propose an alternative one: '//span/a[3]/i'.

2022-01-17 06:17:16 - [MESSAGE][PASSED] - Object: 'Object Repository/Page_Course and category management/i_Statistics_yui_3_17_2_1_1642173463341_325' is clicked on

2022-01-17 06:17:16 - [TEST_STEP][PASSED] - click(findTestObject("Object Repository/Page_Mood Delete Stats/button_Delete")): Object: 'Object Repository/Page_Mood Delete Stats/button_Delete' is clicked on

2022-01-17 06:17:48 - [MESSAGE][INFO] - Unable to find the element located by 'By.xpath: //button[@id='single_button61e32188cdcac14']'. Please recheck the objects properties to make sure the desired element is located. 

2022-01-17 06:17:48 - [MESSAGE][WARNING] - [SELF-HEALING] Failed to find element with id 'Object Repository/Page_Mood Delete Stats/button_Delete'. Try using Self-healing.

2022-01-17 06:17:48 - [MESSAGE][WARNING] - [SELF-HEALING] The current locator of test object 'Object Repository/Page_Mood Delete Stats/button_Delete' was broken. Propose an alternative one: '//div[@id='modal-footer']/div/div/form/button'.

2022-01-17 06:17:49 - [MESSAGE][PASSED] - Object: 'Object Repository/Page_Mood Delete Stats/button_Delete' is clicked on

2022-01-17 06:17:49 - [TEST_STEP][PASSED] - click(findTestObject("Object Repository/Page_Mood Deleting Stats/section_Deleting Stats        Deleted - Com_528425")): Object: 'Object Repository/Page_Mood Deleting Stats/section_Deleting Stats        Deleted - Com_528425' is clicked on

2022-01-17 06:17:49 - [MESSAGE][PASSED] - Object: 'Object Repository/Page_Mood Deleting Stats/section_Deleting Stats        Deleted - Com_528425' is clicked on

2022-01-17 06:17:49 - [TEST_STEP][PASSED] - verifyElementText(findTestObject("Object Repository/Page_Mood Deleting Stats/h2_Deleting Stats"), "Deleting Stats"): Actual text and expected text of test object 'Object Repository/Page_Mood Deleting Stats/h2_Deleting Stats' are matched.

2022-01-17 06:17:50 - [MESSAGE][PASSED] - Actual text and expected text of test object 'Object Repository/Page_Mood Deleting Stats/h2_Deleting Stats' are matched.

2022-01-17 06:17:50 - [TEST_STEP][PASSED] - closeBrowser(): Browser is closed

2022-01-17 06:17:50 - [MESSAGE][PASSED] - Browser is closed]]></system-out>
         <system-err><![CDATA[]]></system-err>
      </testcase>
      <testcase name="Test Cases/test case 13" time="43.416" classname="Test Cases/test case 13" status="PASSED">
         <system-out><![CDATA[2022-01-17 06:17:50 - [TEST_CASE][PASSED] - Test Cases/test case 13: Test Cases/test case 13

2022-01-17 06:17:50 - [TEST_STEP][PASSED] - openBrowser(""): Browser is opened with url: ''

2022-01-17 06:17:50 - [MESSAGE][INFO] - Starting 'Chrome' driver

2022-01-17 06:17:50 - [MESSAGE][INFO] - Action delay is set to 0 milliseconds

2022-01-17 06:17:52 - [MESSAGE][PASSED] - Browser is opened with url: ''

2022-01-17 06:17:52 - [TEST_STEP][PASSED] - navigateToUrl("http://localhost/"): Navigate to 'http://localhost/' successfully

2022-01-17 06:17:53 - [MESSAGE][PASSED] - Navigate to 'http://localhost/' successfully

2022-01-17 06:17:53 - [TEST_STEP][PASSED] - click(findTestObject("Object Repository/Page_Moodle/a_Log in")): Object: 'Object Repository/Page_Moodle/a_Log in' is clicked on

2022-01-17 06:17:53 - [MESSAGE][PASSED] - Object: 'Object Repository/Page_Moodle/a_Log in' is clicked on

2022-01-17 06:17:54 - [TEST_STEP][PASSED] - setText(findTestObject("Object Repository/Page_Moodle Log in to the site/input_Username_username"), "admin"): Text 'admin' is set on object 'Object Repository/Page_Moodle Log in to the site/input_Username_username'

2022-01-17 06:17:54 - [MESSAGE][PASSED] - Text 'admin' is set on object 'Object Repository/Page_Moodle Log in to the site/input_Username_username'

2022-01-17 06:17:54 - [TEST_STEP][PASSED] - setEncryptedText(findTestObject("Object Repository/Page_Moodle Log in to the site/input_Password_password"), "r6H/uPCyCbQX7sAf5E1f3g=="): Text ****** has been set on object 'Object Repository/Page_Moodle Log in to the site/input_Password_password'

2022-01-17 06:17:55 - [MESSAGE][PASSED] - Text ****** has been set on object 'Object Repository/Page_Moodle Log in to the site/input_Password_password'

2022-01-17 06:17:55 - [TEST_STEP][PASSED] - click(findTestObject("Object Repository/Page_Moodle Log in to the site/button_Log in")): Object: 'Object Repository/Page_Moodle Log in to the site/button_Log in' is clicked on

2022-01-17 06:17:56 - [MESSAGE][PASSED] - Object: 'Object Repository/Page_Moodle Log in to the site/button_Log in' is clicked on

2022-01-17 06:17:56 - [TEST_STEP][PASSED] - verifyElementText(findTestObject("Object Repository/Page_Dashboard/span_Site administration"), "Site administration"): Actual text and expected text of test object 'Object Repository/Page_Dashboard/span_Site administration' are matched.

2022-01-17 06:17:57 - [MESSAGE][PASSED] - Actual text and expected text of test object 'Object Repository/Page_Dashboard/span_Site administration' are matched.

2022-01-17 06:17:57 - [TEST_STEP][PASSED] - click(findTestObject("Object Repository/Page_Dashboard/span_Site administration")): Object: 'Object Repository/Page_Dashboard/span_Site administration' is clicked on

2022-01-17 06:17:58 - [MESSAGE][PASSED] - Object: 'Object Repository/Page_Dashboard/span_Site administration' is clicked on

2022-01-17 06:17:58 - [TEST_STEP][PASSED] - click(findTestObject("Object Repository/Page_Mood Administration Search/a_Courses")): Object: 'Object Repository/Page_Mood Administration Search/a_Courses' is clicked on

2022-01-17 06:17:59 - [MESSAGE][PASSED] - Object: 'Object Repository/Page_Mood Administration Search/a_Courses' is clicked on

2022-01-17 06:17:59 - [TEST_STEP][PASSED] - click(findTestObject("Object Repository/Page_Mood Administration Search/a_Add a new course")): Object: 'Object Repository/Page_Mood Administration Search/a_Add a new course' is clicked on

2022-01-17 06:18:00 - [MESSAGE][PASSED] - Object: 'Object Repository/Page_Mood Administration Search/a_Add a new course' is clicked on

2022-01-17 06:18:00 - [TEST_STEP][PASSED] - verifyElementText(findTestObject("Object Repository/Page_Mood Add a new course/h2_Add a new course"), "Add a new course"): Actual text and expected text of test object 'Object Repository/Page_Mood Add a new course/h2_Add a new course' are matched.

2022-01-17 06:18:31 - [MESSAGE][INFO] - Unable to find the element located by 'By.xpath: //div[@id='yui_3_17_2_1_1642243253552_65']/h2'. Please recheck the objects properties to make sure the desired element is located. 

2022-01-17 06:18:31 - [MESSAGE][WARNING] - [SELF-HEALING] Failed to find element with id 'Object Repository/Page_Mood Add a new course/h2_Add a new course'. Try using Self-healing.

2022-01-17 06:18:32 - [MESSAGE][WARNING] - [SELF-HEALING] The current locator of test object 'Object Repository/Page_Mood Add a new course/h2_Add a new course' was broken. Propose an alternative one: '(.//*[normalize-space(text()) and normalize-space(.)='Add a new course'])[1]/following::h2[1]'.

2022-01-17 06:18:32 - [MESSAGE][PASSED] - Actual text and expected text of test object 'Object Repository/Page_Mood Add a new course/h2_Add a new course' are matched.

2022-01-17 06:18:32 - [TEST_STEP][PASSED] - waitForElementVisible(findTestObject("Object Repository/Page_Mood Add a new course/input__saveanddisplay"), 0): Object 'Object Repository/Page_Mood Add a new course/input__saveanddisplay' is visible

2022-01-17 06:18:32 - [MESSAGE][WARNING] - Timeout '0' is invalid. Using default page load timeout: '30'

2022-01-17 06:18:32 - [MESSAGE][PASSED] - Object 'Object Repository/Page_Mood Add a new course/input__saveanddisplay' is visible

2022-01-17 06:18:32 - [TEST_STEP][PASSED] - click(findTestObject("Object Repository/Page_Mood Add a new course/input__saveanddisplay")): Object: 'Object Repository/Page_Mood Add a new course/input__saveanddisplay' is clicked on

2022-01-17 06:18:32 - [MESSAGE][PASSED] - Object: 'Object Repository/Page_Mood Add a new course/input__saveanddisplay' is clicked on

2022-01-17 06:18:32 - [TEST_STEP][PASSED] - verifyElementText(findTestObject("Object Repository/Page_Mood Add a new course/div_- Missing full name"), "- Missing full name"): Actual text and expected text of test object 'Object Repository/Page_Mood Add a new course/div_- Missing full name' are matched.

2022-01-17 06:18:33 - [MESSAGE][PASSED] - Actual text and expected text of test object 'Object Repository/Page_Mood Add a new course/div_- Missing full name' are matched.

2022-01-17 06:18:33 - [TEST_STEP][PASSED] - verifyElementText(findTestObject("Object Repository/Page_Mood Add a new course/div_- Missing short name"), "- Missing short name"): Actual text and expected text of test object 'Object Repository/Page_Mood Add a new course/div_- Missing short name' are matched.

2022-01-17 06:18:33 - [MESSAGE][PASSED] - Actual text and expected text of test object 'Object Repository/Page_Mood Add a new course/div_- Missing short name' are matched.

2022-01-17 06:18:33 - [TEST_STEP][PASSED] - closeBrowser(): Browser is closed

2022-01-17 06:18:34 - [MESSAGE][PASSED] - Browser is closed]]></system-out>
         <system-err><![CDATA[]]></system-err>
      </testcase>
      <testcase name="Test Cases/test case 14" time="46.88" classname="Test Cases/test case 14" status="PASSED">
         <system-out><![CDATA[2022-01-17 06:18:34 - [TEST_CASE][PASSED] - Test Cases/test case 14: Test Cases/test case 14

2022-01-17 06:18:34 - [TEST_STEP][PASSED] - openBrowser(""): Browser is opened with url: ''

2022-01-17 06:18:34 - [MESSAGE][INFO] - Starting 'Chrome' driver

2022-01-17 06:18:34 - [MESSAGE][INFO] - Action delay is set to 0 milliseconds

2022-01-17 06:18:35 - [MESSAGE][PASSED] - Browser is opened with url: ''

2022-01-17 06:18:35 - [TEST_STEP][PASSED] - navigateToUrl("http://localhost/"): Navigate to 'http://localhost/' successfully

2022-01-17 06:18:36 - [MESSAGE][PASSED] - Navigate to 'http://localhost/' successfully

2022-01-17 06:18:36 - [TEST_STEP][PASSED] - click(findTestObject("Object Repository/Page_Moodle/a_Log in")): Object: 'Object Repository/Page_Moodle/a_Log in' is clicked on

2022-01-17 06:18:37 - [MESSAGE][PASSED] - Object: 'Object Repository/Page_Moodle/a_Log in' is clicked on

2022-01-17 06:18:37 - [TEST_STEP][PASSED] - setText(findTestObject("Object Repository/Page_Moodle Log in to the site/input_Username_username"), "admin"): Text 'admin' is set on object 'Object Repository/Page_Moodle Log in to the site/input_Username_username'

2022-01-17 06:18:38 - [MESSAGE][PASSED] - Text 'admin' is set on object 'Object Repository/Page_Moodle Log in to the site/input_Username_username'

2022-01-17 06:18:38 - [TEST_STEP][PASSED] - setEncryptedText(findTestObject("Object Repository/Page_Moodle Log in to the site/input_Password_password"), "r6H/uPCyCbQX7sAf5E1f3g=="): Text ****** has been set on object 'Object Repository/Page_Moodle Log in to the site/input_Password_password'

2022-01-17 06:18:38 - [MESSAGE][PASSED] - Text ****** has been set on object 'Object Repository/Page_Moodle Log in to the site/input_Password_password'

2022-01-17 06:18:38 - [TEST_STEP][PASSED] - click(findTestObject("Object Repository/Page_Moodle Log in to the site/button_Log in")): Object: 'Object Repository/Page_Moodle Log in to the site/button_Log in' is clicked on

2022-01-17 06:18:39 - [MESSAGE][PASSED] - Object: 'Object Repository/Page_Moodle Log in to the site/button_Log in' is clicked on

2022-01-17 06:18:39 - [TEST_STEP][PASSED] - verifyElementText(findTestObject("Object Repository/Page_Dashboard/span_Site administration"), "Site administration"): Actual text and expected text of test object 'Object Repository/Page_Dashboard/span_Site administration' are matched.

2022-01-17 06:18:40 - [MESSAGE][PASSED] - Actual text and expected text of test object 'Object Repository/Page_Dashboard/span_Site administration' are matched.

2022-01-17 06:18:40 - [TEST_STEP][PASSED] - click(findTestObject("Object Repository/Page_Dashboard/span_Site administration")): Object: 'Object Repository/Page_Dashboard/span_Site administration' is clicked on

2022-01-17 06:18:41 - [MESSAGE][PASSED] - Object: 'Object Repository/Page_Dashboard/span_Site administration' is clicked on

2022-01-17 06:18:41 - [TEST_STEP][PASSED] - click(findTestObject("Object Repository/Page_Mood Administration Search/a_Courses")): Object: 'Object Repository/Page_Mood Administration Search/a_Courses' is clicked on

2022-01-17 06:18:42 - [MESSAGE][PASSED] - Object: 'Object Repository/Page_Mood Administration Search/a_Courses' is clicked on

2022-01-17 06:18:42 - [TEST_STEP][PASSED] - click(findTestObject("Object Repository/Page_Mood Administration Search/a_Add a new course")): Object: 'Object Repository/Page_Mood Administration Search/a_Add a new course' is clicked on

2022-01-17 06:18:43 - [MESSAGE][PASSED] - Object: 'Object Repository/Page_Mood Administration Search/a_Add a new course' is clicked on

2022-01-17 06:18:43 - [TEST_STEP][PASSED] - verifyElementText(findTestObject("Object Repository/Page_Mood Add a new course/h2_Add a new course"), "Add a new course"): Actual text and expected text of test object 'Object Repository/Page_Mood Add a new course/h2_Add a new course' are matched.

2022-01-17 06:19:14 - [MESSAGE][INFO] - Unable to find the element located by 'By.xpath: //div[@id='yui_3_17_2_1_1642243253552_65']/h2'. Please recheck the objects properties to make sure the desired element is located. 

2022-01-17 06:19:14 - [MESSAGE][WARNING] - [SELF-HEALING] Failed to find element with id 'Object Repository/Page_Mood Add a new course/h2_Add a new course'. Try using Self-healing.

2022-01-17 06:19:15 - [MESSAGE][WARNING] - [SELF-HEALING] The current locator of test object 'Object Repository/Page_Mood Add a new course/h2_Add a new course' was broken. Propose an alternative one: '(.//*[normalize-space(text()) and normalize-space(.)='Add a new course'])[1]/following::h2[1]'.

2022-01-17 06:19:15 - [MESSAGE][PASSED] - Actual text and expected text of test object 'Object Repository/Page_Mood Add a new course/h2_Add a new course' are matched.

2022-01-17 06:19:15 - [TEST_STEP][PASSED] - click(findTestObject("Object Repository/Page_Mood Add a new course/input_Course short name_shortname")): Object: 'Object Repository/Page_Mood Add a new course/input_Course short name_shortname' is clicked on

2022-01-17 06:19:15 - [MESSAGE][PASSED] - Object: 'Object Repository/Page_Mood Add a new course/input_Course short name_shortname' is clicked on

2022-01-17 06:19:15 - [TEST_STEP][PASSED] - setText(findTestObject("Object Repository/Page_Mood Add a new course/input_Course short name_shortname"), "Stats"): Text 'Stats' is set on object 'Object Repository/Page_Mood Add a new course/input_Course short name_shortname'

2022-01-17 06:19:16 - [MESSAGE][PASSED] - Text 'Stats' is set on object 'Object Repository/Page_Mood Add a new course/input_Course short name_shortname'

2022-01-17 06:19:16 - [TEST_STEP][PASSED] - waitForElementVisible(findTestObject("Object Repository/Page_Mood Add a new course/p_Course start date"), 0): Object 'Object Repository/Page_Mood Add a new course/p_Course start date' is visible

2022-01-17 06:19:16 - [MESSAGE][WARNING] - Timeout '0' is invalid. Using default page load timeout: '30'

2022-01-17 06:19:16 - [MESSAGE][PASSED] - Object 'Object Repository/Page_Mood Add a new course/p_Course start date' is visible

2022-01-17 06:19:16 - [TEST_STEP][PASSED] - selectOptionByValue(findTestObject("Object Repository/Page_Mood Add a new course/select_1        2        3        4        _45ea30"), "13", true): All options with value '13' are selected in object 'Object Repository/Page_Mood Add a new course/select_1        2        3        4        _45ea30'  using regular expression

2022-01-17 06:19:18 - [MESSAGE][PASSED] - All options with value '13' are selected in object 'Object Repository/Page_Mood Add a new course/select_1        2        3        4        _45ea30'  using regular expression

2022-01-17 06:19:18 - [TEST_STEP][PASSED] - selectOptionByValue(findTestObject("Object Repository/Page_Mood Add a new course/select_1        2        3        4        _45ea30_1"), "13", true): All options with value '13' are selected in object 'Object Repository/Page_Mood Add a new course/select_1        2        3        4        _45ea30_1'  using regular expression

2022-01-17 06:19:19 - [MESSAGE][PASSED] - All options with value '13' are selected in object 'Object Repository/Page_Mood Add a new course/select_1        2        3        4        _45ea30_1'  using regular expression

2022-01-17 06:19:19 - [TEST_STEP][PASSED] - waitForElementVisible(findTestObject("Object Repository/Page_Mood Add a new course/input__saveanddisplay"), 0): Object 'Object Repository/Page_Mood Add a new course/input__saveanddisplay' is visible

2022-01-17 06:19:19 - [MESSAGE][WARNING] - Timeout '0' is invalid. Using default page load timeout: '30'

2022-01-17 06:19:19 - [MESSAGE][PASSED] - Object 'Object Repository/Page_Mood Add a new course/input__saveanddisplay' is visible

2022-01-17 06:19:19 - [TEST_STEP][PASSED] - click(findTestObject("Object Repository/Page_Mood Add a new course/input__saveanddisplay")): Object: 'Object Repository/Page_Mood Add a new course/input__saveanddisplay' is clicked on

2022-01-17 06:19:19 - [MESSAGE][PASSED] - Object: 'Object Repository/Page_Mood Add a new course/input__saveanddisplay' is clicked on

2022-01-17 06:19:19 - [TEST_STEP][PASSED] - verifyElementText(findTestObject("Object Repository/Page_Mood Add a new course/div_- Missing full name"), "- Missing full name"): Actual text and expected text of test object 'Object Repository/Page_Mood Add a new course/div_- Missing full name' are matched.

2022-01-17 06:19:20 - [MESSAGE][PASSED] - Actual text and expected text of test object 'Object Repository/Page_Mood Add a new course/div_- Missing full name' are matched.

2022-01-17 06:19:20 - [TEST_STEP][PASSED] - closeBrowser(): Browser is closed

2022-01-17 06:19:21 - [MESSAGE][PASSED] - Browser is closed]]></system-out>
         <system-err><![CDATA[]]></system-err>
      </testcase>
      <testcase name="Test Cases/test case 15" time="20.437" classname="Test Cases/test case 15" status="PASSED">
         <system-out><![CDATA[2022-01-17 06:19:21 - [TEST_CASE][PASSED] - Test Cases/test case 15: Test Cases/test case 15

2022-01-17 06:19:21 - [TEST_STEP][PASSED] - openBrowser(""): Browser is opened with url: ''

2022-01-17 06:19:21 - [MESSAGE][INFO] - Starting 'Chrome' driver

2022-01-17 06:19:21 - [MESSAGE][INFO] - Action delay is set to 0 milliseconds

2022-01-17 06:19:22 - [MESSAGE][PASSED] - Browser is opened with url: ''

2022-01-17 06:19:22 - [TEST_STEP][PASSED] - navigateToUrl("http://localhost/"): Navigate to 'http://localhost/' successfully

2022-01-17 06:19:23 - [MESSAGE][PASSED] - Navigate to 'http://localhost/' successfully

2022-01-17 06:19:23 - [TEST_STEP][PASSED] - click(findTestObject("Object Repository/Page_Moodle/a_Log in")): Object: 'Object Repository/Page_Moodle/a_Log in' is clicked on

2022-01-17 06:19:24 - [MESSAGE][PASSED] - Object: 'Object Repository/Page_Moodle/a_Log in' is clicked on

2022-01-17 06:19:24 - [TEST_STEP][PASSED] - setText(findTestObject("Object Repository/Page_Moodle Log in to the site/input_Username_username"), "admin"): Text 'admin' is set on object 'Object Repository/Page_Moodle Log in to the site/input_Username_username'

2022-01-17 06:19:25 - [MESSAGE][PASSED] - Text 'admin' is set on object 'Object Repository/Page_Moodle Log in to the site/input_Username_username'

2022-01-17 06:19:25 - [TEST_STEP][PASSED] - setEncryptedText(findTestObject("Object Repository/Page_Moodle Log in to the site/input_Password_password"), "r6H/uPCyCbQX7sAf5E1f3g=="): Text ****** has been set on object 'Object Repository/Page_Moodle Log in to the site/input_Password_password'

2022-01-17 06:19:25 - [MESSAGE][PASSED] - Text ****** has been set on object 'Object Repository/Page_Moodle Log in to the site/input_Password_password'

2022-01-17 06:19:25 - [TEST_STEP][PASSED] - click(findTestObject("Object Repository/Page_Moodle Log in to the site/button_Log in")): Object: 'Object Repository/Page_Moodle Log in to the site/button_Log in' is clicked on

2022-01-17 06:19:26 - [MESSAGE][PASSED] - Object: 'Object Repository/Page_Moodle Log in to the site/button_Log in' is clicked on

2022-01-17 06:19:26 - [TEST_STEP][PASSED] - verifyElementText(findTestObject("Object Repository/Page_Dashboard/span_Site administration"), "Site administration"): Actual text and expected text of test object 'Object Repository/Page_Dashboard/span_Site administration' are matched.

2022-01-17 06:19:27 - [MESSAGE][PASSED] - Actual text and expected text of test object 'Object Repository/Page_Dashboard/span_Site administration' are matched.

2022-01-17 06:19:27 - [TEST_STEP][PASSED] - click(findTestObject("Object Repository/Page_Dashboard/span_Site administration")): Object: 'Object Repository/Page_Dashboard/span_Site administration' is clicked on

2022-01-17 06:19:28 - [MESSAGE][PASSED] - Object: 'Object Repository/Page_Dashboard/span_Site administration' is clicked on

2022-01-17 06:19:28 - [TEST_STEP][PASSED] - click(findTestObject("Object Repository/Page_Mood Administration Search/a_Courses")): Object: 'Object Repository/Page_Mood Administration Search/a_Courses' is clicked on

2022-01-17 06:19:29 - [MESSAGE][PASSED] - Object: 'Object Repository/Page_Mood Administration Search/a_Courses' is clicked on

2022-01-17 06:19:29 - [TEST_STEP][PASSED] - click(findTestObject("Object Repository/Page_Mood Administration Search/a_Add a new course")): Object: 'Object Repository/Page_Mood Administration Search/a_Add a new course' is clicked on

2022-01-17 06:19:30 - [MESSAGE][PASSED] - Object: 'Object Repository/Page_Mood Administration Search/a_Add a new course' is clicked on

2022-01-17 06:19:30 - [TEST_STEP][PASSED] - waitForElementVisible(findTestObject("Object Repository/Page_Mood Add a new course/input_Course full name_fullname"), 0): Object 'Object Repository/Page_Mood Add a new course/input_Course full name_fullname' is visible

2022-01-17 06:19:30 - [MESSAGE][WARNING] - Timeout '0' is invalid. Using default page load timeout: '30'

2022-01-17 06:19:31 - [MESSAGE][PASSED] - Object 'Object Repository/Page_Mood Add a new course/input_Course full name_fullname' is visible

2022-01-17 06:19:31 - [TEST_STEP][PASSED] - setText(findTestObject("Object Repository/Page_Mood Add a new course/input_Course full name_fullname"), "Statistics"): Text 'Statistics' is set on object 'Object Repository/Page_Mood Add a new course/input_Course full name_fullname'

2022-01-17 06:19:32 - [MESSAGE][PASSED] - Text 'Statistics' is set on object 'Object Repository/Page_Mood Add a new course/input_Course full name_fullname'

2022-01-17 06:19:32 - [TEST_STEP][PASSED] - setText(findTestObject("Object Repository/Page_Mood Add a new course/input_Course short name_shortname"), "Stats"): Text 'Stats' is set on object 'Object Repository/Page_Mood Add a new course/input_Course short name_shortname'

2022-01-17 06:19:33 - [MESSAGE][PASSED] - Text 'Stats' is set on object 'Object Repository/Page_Mood Add a new course/input_Course short name_shortname'

2022-01-17 06:19:33 - [TEST_STEP][PASSED] - waitForElementVisible(findTestObject("Object Repository/Page_Mood Add a new course/p_Course start date"), 0): Object 'Object Repository/Page_Mood Add a new course/p_Course start date' is visible

2022-01-17 06:19:33 - [MESSAGE][WARNING] - Timeout '0' is invalid. Using default page load timeout: '30'

2022-01-17 06:19:33 - [MESSAGE][PASSED] - Object 'Object Repository/Page_Mood Add a new course/p_Course start date' is visible

2022-01-17 06:19:33 - [TEST_STEP][PASSED] - selectOptionByValue(findTestObject("Object Repository/Page_Mood Add a new course/select_1        2        3        4        _45ea30"), "13", true): All options with value '13' are selected in object 'Object Repository/Page_Mood Add a new course/select_1        2        3        4        _45ea30'  using regular expression

2022-01-17 06:19:34 - [MESSAGE][PASSED] - All options with value '13' are selected in object 'Object Repository/Page_Mood Add a new course/select_1        2        3        4        _45ea30'  using regular expression

2022-01-17 06:19:34 - [TEST_STEP][PASSED] - selectOptionByValue(findTestObject("Object Repository/Page_Mood Add a new course/select_1        2        3        4        _45ea30_1"), "13", true): All options with value '13' are selected in object 'Object Repository/Page_Mood Add a new course/select_1        2        3        4        _45ea30_1'  using regular expression

2022-01-17 06:19:35 - [MESSAGE][PASSED] - All options with value '13' are selected in object 'Object Repository/Page_Mood Add a new course/select_1        2        3        4        _45ea30_1'  using regular expression

2022-01-17 06:19:35 - [TEST_STEP][PASSED] - selectOptionByValue(findTestObject("Object Repository/Page_Mood Add a new course/select_1900        1901        1902        _6405c9"), "2021", true): All options with value '2021' are selected in object 'Object Repository/Page_Mood Add a new course/select_1900        1901        1902        _6405c9'  using regular expression

2022-01-17 06:19:38 - [MESSAGE][PASSED] - All options with value '2021' are selected in object 'Object Repository/Page_Mood Add a new course/select_1900        1901        1902        _6405c9'  using regular expression

2022-01-17 06:19:38 - [TEST_STEP][PASSED] - waitForElementVisible(findTestObject("Object Repository/Page_Mood Add a new course/input__saveanddisplay"), 0): Object 'Object Repository/Page_Mood Add a new course/input__saveanddisplay' is visible

2022-01-17 06:19:38 - [MESSAGE][WARNING] - Timeout '0' is invalid. Using default page load timeout: '30'

2022-01-17 06:19:38 - [MESSAGE][PASSED] - Object 'Object Repository/Page_Mood Add a new course/input__saveanddisplay' is visible

2022-01-17 06:19:38 - [TEST_STEP][PASSED] - click(findTestObject("Object Repository/Page_Mood Add a new course/input__saveanddisplay")): Object: 'Object Repository/Page_Mood Add a new course/input__saveanddisplay' is clicked on

2022-01-17 06:19:39 - [MESSAGE][PASSED] - Object: 'Object Repository/Page_Mood Add a new course/input__saveanddisplay' is clicked on

2022-01-17 06:19:39 - [TEST_STEP][PASSED] - verifyElementText(findTestObject("Object Repository/Page_Mood Add a new course/div_The course end date must be after the s_271b34"), "The course end date must be after the start date."): Actual text and expected text of test object 'Object Repository/Page_Mood Add a new course/div_The course end date must be after the s_271b34' are matched.

2022-01-17 06:19:40 - [MESSAGE][PASSED] - Actual text and expected text of test object 'Object Repository/Page_Mood Add a new course/div_The course end date must be after the s_271b34' are matched.

2022-01-17 06:19:40 - [TEST_STEP][PASSED] - closeBrowser(): Browser is closed

2022-01-17 06:19:41 - [MESSAGE][PASSED] - Browser is closed]]></system-out>
         <system-err><![CDATA[]]></system-err>
      </testcase>
      <testcase name="Test Cases/test case 16" time="16.973" classname="Test Cases/test case 16" status="PASSED">
         <system-out><![CDATA[2022-01-17 06:19:41 - [TEST_CASE][PASSED] - Test Cases/test case 16: Test Cases/test case 16

2022-01-17 06:19:41 - [TEST_STEP][PASSED] - openBrowser(""): Browser is opened with url: ''

2022-01-17 06:19:41 - [MESSAGE][INFO] - Starting 'Chrome' driver

2022-01-17 06:19:41 - [MESSAGE][INFO] - Action delay is set to 0 milliseconds

2022-01-17 06:19:42 - [MESSAGE][PASSED] - Browser is opened with url: ''

2022-01-17 06:19:42 - [TEST_STEP][PASSED] - navigateToUrl("http://localhost/"): Navigate to 'http://localhost/' successfully

2022-01-17 06:19:43 - [MESSAGE][PASSED] - Navigate to 'http://localhost/' successfully

2022-01-17 06:19:43 - [TEST_STEP][PASSED] - click(findTestObject("Object Repository/Page_Moodle/a_Log in")): Object: 'Object Repository/Page_Moodle/a_Log in' is clicked on

2022-01-17 06:19:44 - [MESSAGE][PASSED] - Object: 'Object Repository/Page_Moodle/a_Log in' is clicked on

2022-01-17 06:19:44 - [TEST_STEP][PASSED] - setText(findTestObject("Object Repository/Page_Moodle Log in to the site/input_Username_username"), "admin"): Text 'admin' is set on object 'Object Repository/Page_Moodle Log in to the site/input_Username_username'

2022-01-17 06:19:45 - [MESSAGE][PASSED] - Text 'admin' is set on object 'Object Repository/Page_Moodle Log in to the site/input_Username_username'

2022-01-17 06:19:45 - [TEST_STEP][PASSED] - setEncryptedText(findTestObject("Object Repository/Page_Moodle Log in to the site/input_Password_password"), "r6H/uPCyCbQX7sAf5E1f3g=="): Text ****** has been set on object 'Object Repository/Page_Moodle Log in to the site/input_Password_password'

2022-01-17 06:19:45 - [MESSAGE][PASSED] - Text ****** has been set on object 'Object Repository/Page_Moodle Log in to the site/input_Password_password'

2022-01-17 06:19:45 - [TEST_STEP][PASSED] - click(findTestObject("Object Repository/Page_Moodle Log in to the site/button_Log in")): Object: 'Object Repository/Page_Moodle Log in to the site/button_Log in' is clicked on

2022-01-17 06:19:46 - [MESSAGE][PASSED] - Object: 'Object Repository/Page_Moodle Log in to the site/button_Log in' is clicked on

2022-01-17 06:19:46 - [TEST_STEP][PASSED] - verifyElementText(findTestObject("Object Repository/Page_Dashboard/span_Site administration"), "Site administration"): Actual text and expected text of test object 'Object Repository/Page_Dashboard/span_Site administration' are matched.

2022-01-17 06:19:48 - [MESSAGE][PASSED] - Actual text and expected text of test object 'Object Repository/Page_Dashboard/span_Site administration' are matched.

2022-01-17 06:19:48 - [TEST_STEP][PASSED] - click(findTestObject("Object Repository/Page_Dashboard/span_Site administration")): Object: 'Object Repository/Page_Dashboard/span_Site administration' is clicked on

2022-01-17 06:19:49 - [MESSAGE][PASSED] - Object: 'Object Repository/Page_Dashboard/span_Site administration' is clicked on

2022-01-17 06:19:49 - [TEST_STEP][PASSED] - click(findTestObject("Object Repository/Page_Mood Administration Search/a_Courses")): Object: 'Object Repository/Page_Mood Administration Search/a_Courses' is clicked on

2022-01-17 06:19:49 - [MESSAGE][PASSED] - Object: 'Object Repository/Page_Mood Administration Search/a_Courses' is clicked on

2022-01-17 06:19:49 - [TEST_STEP][PASSED] - click(findTestObject("Object Repository/Page_Mood Administration Search/a_Add a new course")): Object: 'Object Repository/Page_Mood Administration Search/a_Add a new course' is clicked on

2022-01-17 06:19:50 - [MESSAGE][PASSED] - Object: 'Object Repository/Page_Mood Administration Search/a_Add a new course' is clicked on

2022-01-17 06:19:50 - [TEST_STEP][PASSED] - waitForElementVisible(findTestObject("Object Repository/Page_Mood Add a new course/label_Course full name"), 0): Object 'Object Repository/Page_Mood Add a new course/label_Course full name' is visible

2022-01-17 06:19:50 - [MESSAGE][WARNING] - Timeout '0' is invalid. Using default page load timeout: '30'

2022-01-17 06:19:51 - [MESSAGE][PASSED] - Object 'Object Repository/Page_Mood Add a new course/label_Course full name' is visible

2022-01-17 06:19:51 - [TEST_STEP][PASSED] - setText(findTestObject("Object Repository/Page_Mood Add a new course/input_Course full name_fullname"), "Statistics"): Text 'Statistics' is set on object 'Object Repository/Page_Mood Add a new course/input_Course full name_fullname'

2022-01-17 06:19:52 - [MESSAGE][PASSED] - Text 'Statistics' is set on object 'Object Repository/Page_Mood Add a new course/input_Course full name_fullname'

2022-01-17 06:19:52 - [TEST_STEP][PASSED] - setText(findTestObject("Object Repository/Page_Mood Add a new course/input_Course short name_shortname"), "Stats"): Text 'Stats' is set on object 'Object Repository/Page_Mood Add a new course/input_Course short name_shortname'

2022-01-17 06:19:53 - [MESSAGE][PASSED] - Text 'Stats' is set on object 'Object Repository/Page_Mood Add a new course/input_Course short name_shortname'

2022-01-17 06:19:53 - [TEST_STEP][PASSED] - waitForElementVisible(findTestObject("Object Repository/Page_Mood Add a new course/p_Course start date"), 0): Object 'Object Repository/Page_Mood Add a new course/p_Course start date' is visible

2022-01-17 06:19:53 - [MESSAGE][WARNING] - Timeout '0' is invalid. Using default page load timeout: '30'

2022-01-17 06:19:53 - [MESSAGE][PASSED] - Object 'Object Repository/Page_Mood Add a new course/p_Course start date' is visible

2022-01-17 06:19:53 - [TEST_STEP][PASSED] - selectOptionByValue(findTestObject("Object Repository/Page_Mood Add a new course/select_1        2        3        4        _45ea30"), "13", true): All options with value '13' are selected in object 'Object Repository/Page_Mood Add a new course/select_1        2        3        4        _45ea30'  using regular expression

2022-01-17 06:19:55 - [MESSAGE][PASSED] - All options with value '13' are selected in object 'Object Repository/Page_Mood Add a new course/select_1        2        3        4        _45ea30'  using regular expression

2022-01-17 06:19:55 - [TEST_STEP][PASSED] - selectOptionByValue(findTestObject("Object Repository/Page_Mood Add a new course/select_1        2        3        4        _45ea30_1"), "13", true): All options with value '13' are selected in object 'Object Repository/Page_Mood Add a new course/select_1        2        3        4        _45ea30_1'  using regular expression

2022-01-17 06:19:56 - [MESSAGE][PASSED] - All options with value '13' are selected in object 'Object Repository/Page_Mood Add a new course/select_1        2        3        4        _45ea30_1'  using regular expression

2022-01-17 06:19:56 - [TEST_STEP][PASSED] - waitForElementVisible(findTestObject("Object Repository/Page_Mood Add a new course/input__cancel"), 0): Object 'Object Repository/Page_Mood Add a new course/input__cancel' is visible

2022-01-17 06:19:56 - [MESSAGE][WARNING] - Timeout '0' is invalid. Using default page load timeout: '30'

2022-01-17 06:19:56 - [MESSAGE][PASSED] - Object 'Object Repository/Page_Mood Add a new course/input__cancel' is visible

2022-01-17 06:19:56 - [TEST_STEP][PASSED] - click(findTestObject("Object Repository/Page_Mood Add a new course/input__cancel")): Object: 'Object Repository/Page_Mood Add a new course/input__cancel' is clicked on

2022-01-17 06:19:57 - [MESSAGE][PASSED] - Object: 'Object Repository/Page_Mood Add a new course/input__cancel' is clicked on

2022-01-17 06:19:57 - [TEST_STEP][PASSED] - verifyElementVisible(findTestObject("Object Repository/Page_Mood All courses/section_Search courses                     _a46e39")): Object 'Object Repository/Page_Mood All courses/section_Search courses                     _a46e39' is visible

2022-01-17 06:19:57 - [MESSAGE][PASSED] - Object 'Object Repository/Page_Mood All courses/section_Search courses                     _a46e39' is visible

2022-01-17 06:19:57 - [TEST_STEP][PASSED] - closeBrowser(): Browser is closed

2022-01-17 06:19:58 - [MESSAGE][PASSED] - Browser is closed]]></system-out>
         <system-err><![CDATA[]]></system-err>
      </testcase>
      <testcase name="Test Cases/test case 17" time="102.966" classname="Test Cases/test case 17" status="PASSED">
         <system-out><![CDATA[2022-01-17 06:19:58 - [TEST_CASE][PASSED] - Test Cases/test case 17: Test Cases/test case 17

2022-01-17 06:19:58 - [TEST_STEP][PASSED] - openBrowser(""): Browser is opened with url: ''

2022-01-17 06:19:58 - [MESSAGE][INFO] - Starting 'Chrome' driver

2022-01-17 06:19:58 - [MESSAGE][INFO] - Action delay is set to 0 milliseconds

2022-01-17 06:19:59 - [MESSAGE][PASSED] - Browser is opened with url: ''

2022-01-17 06:19:59 - [TEST_STEP][PASSED] - navigateToUrl("http://localhost/"): Navigate to 'http://localhost/' successfully

2022-01-17 06:20:00 - [MESSAGE][PASSED] - Navigate to 'http://localhost/' successfully

2022-01-17 06:20:00 - [TEST_STEP][PASSED] - click(findTestObject("Object Repository/Page_Moodle/a_Log in")): Object: 'Object Repository/Page_Moodle/a_Log in' is clicked on

2022-01-17 06:20:01 - [MESSAGE][PASSED] - Object: 'Object Repository/Page_Moodle/a_Log in' is clicked on

2022-01-17 06:20:01 - [TEST_STEP][PASSED] - setText(findTestObject("Object Repository/Page_Moodle Log in to the site/input_Username_username"), "admin"): Text 'admin' is set on object 'Object Repository/Page_Moodle Log in to the site/input_Username_username'

2022-01-17 06:20:02 - [MESSAGE][PASSED] - Text 'admin' is set on object 'Object Repository/Page_Moodle Log in to the site/input_Username_username'

2022-01-17 06:20:02 - [TEST_STEP][PASSED] - setEncryptedText(findTestObject("Object Repository/Page_Moodle Log in to the site/input_Password_password"), "r6H/uPCyCbQX7sAf5E1f3g=="): Text ****** has been set on object 'Object Repository/Page_Moodle Log in to the site/input_Password_password'

2022-01-17 06:20:02 - [MESSAGE][PASSED] - Text ****** has been set on object 'Object Repository/Page_Moodle Log in to the site/input_Password_password'

2022-01-17 06:20:02 - [TEST_STEP][PASSED] - click(findTestObject("Object Repository/Page_Moodle Log in to the site/button_Log in")): Object: 'Object Repository/Page_Moodle Log in to the site/button_Log in' is clicked on

2022-01-17 06:20:04 - [MESSAGE][PASSED] - Object: 'Object Repository/Page_Moodle Log in to the site/button_Log in' is clicked on

2022-01-17 06:20:04 - [TEST_STEP][PASSED] - verifyElementVisible(findTestObject("Page_Dashboard/div_Courses                    Introduction to Computer ScienceMathemetics            All courses")): Object 'Object Repository/Page_Dashboard/div_Courses                    Introduction to Computer ScienceMathemetics            All courses' is visible

2022-01-17 06:20:35 - [MESSAGE][INFO] - Unable to find the element located by 'By.xpath: //section[@id='inst154']/div'. Please recheck the objects properties to make sure the desired element is located. 

2022-01-17 06:20:35 - [MESSAGE][WARNING] - [SELF-HEALING] Failed to find element with id 'Object Repository/Page_Dashboard/div_Courses                    Introduction to Computer ScienceMathemetics            All courses'. Try using Self-healing.

2022-01-17 06:20:35 - [MESSAGE][WARNING] - [SELF-HEALING] The current locator of test object 'Object Repository/Page_Dashboard/div_Courses                    Introduction to Computer ScienceMathemetics            All courses' was broken. Propose an alternative one: '(.//*[normalize-space(text()) and normalize-space(.)='Card'])[1]/following::div[10]'.

2022-01-17 06:20:35 - [MESSAGE][PASSED] - Object 'Object Repository/Page_Dashboard/div_Courses                    Introduction to Computer ScienceMathemetics            All courses' is visible

2022-01-17 06:20:35 - [TEST_STEP][PASSED] - verifyElementText(findTestObject("Object Repository/Page_Dashboard/a_Introduction to Computer Science"), "Introduction to Computer Science"): Actual text and expected text of test object 'Object Repository/Page_Dashboard/a_Introduction to Computer Science' are matched.

2022-01-17 06:21:06 - [MESSAGE][INFO] - Unable to find the element located by 'By.xpath: //section[@id='inst32']/div/div/ul/li/div/a'. Please recheck the objects properties to make sure the desired element is located. 

2022-01-17 06:21:06 - [MESSAGE][WARNING] - [SELF-HEALING] Failed to find element with id 'Object Repository/Page_Dashboard/a_Introduction to Computer Science'. Try using Self-healing.

2022-01-17 06:21:07 - [MESSAGE][WARNING] - [SELF-HEALING] The current locator of test object 'Object Repository/Page_Dashboard/a_Introduction to Computer Science' was broken. Propose an alternative one: '//a[contains(text(),'Introduction to Computer Science')]'.

2022-01-17 06:21:07 - [MESSAGE][PASSED] - Actual text and expected text of test object 'Object Repository/Page_Dashboard/a_Introduction to Computer Science' are matched.

2022-01-17 06:21:07 - [TEST_STEP][PASSED] - click(findTestObject("Object Repository/Page_Dashboard/a_Introduction to Computer Science")): Object: 'Object Repository/Page_Dashboard/a_Introduction to Computer Science' is clicked on

2022-01-17 06:21:38 - [MESSAGE][INFO] - Unable to find the element located by 'By.xpath: //section[@id='inst32']/div/div/ul/li/div/a'. Please recheck the objects properties to make sure the desired element is located. 

2022-01-17 06:21:38 - [MESSAGE][WARNING] - [SELF-HEALING] Failed to find element with id 'Object Repository/Page_Dashboard/a_Introduction to Computer Science'. Try using Self-healing.

2022-01-17 06:21:38 - [MESSAGE][WARNING] - [SELF-HEALING] The current locator of test object 'Object Repository/Page_Dashboard/a_Introduction to Computer Science' was broken. Propose an alternative one: '//a[contains(text(),'Introduction to Computer Science')]'.

2022-01-17 06:21:39 - [MESSAGE][PASSED] - Object: 'Object Repository/Page_Dashboard/a_Introduction to Computer Science' is clicked on

2022-01-17 06:21:39 - [TEST_STEP][PASSED] - verifyElementText(findTestObject("Object Repository/Page_Course Introduction to Computer Science/span_Grades"), "Grades"): Actual text and expected text of test object 'Object Repository/Page_Course Introduction to Computer Science/span_Grades' are matched.

2022-01-17 06:21:39 - [MESSAGE][PASSED] - Actual text and expected text of test object 'Object Repository/Page_Course Introduction to Computer Science/span_Grades' are matched.

2022-01-17 06:21:39 - [TEST_STEP][PASSED] - click(findTestObject("Object Repository/Page_Course Introduction to Computer Science/span_Grades")): Object: 'Object Repository/Page_Course Introduction to Computer Science/span_Grades' is clicked on

2022-01-17 06:21:40 - [MESSAGE][PASSED] - Object: 'Object Repository/Page_Course Introduction to Computer Science/span_Grades' is clicked on

2022-01-17 06:21:40 - [TEST_STEP][PASSED] - verifyElementText(findTestObject("Object Repository/Page_Grades View/h3_All participants 22"), "All participants: 2/2"): Actual text and expected text of test object 'Object Repository/Page_Grades View/h3_All participants 22' are matched.

2022-01-17 06:21:40 - [MESSAGE][PASSED] - Actual text and expected text of test object 'Object Repository/Page_Grades View/h3_All participants 22' are matched.

2022-01-17 06:21:40 - [TEST_STEP][PASSED] - closeBrowser(): Browser is closed

2022-01-17 06:21:41 - [MESSAGE][PASSED] - Browser is closed]]></system-out>
         <system-err><![CDATA[]]></system-err>
      </testcase>
      <testcase name="Test Cases/test case 18" time="137.773" classname="Test Cases/test case 18" status="PASSED">
         <system-out><![CDATA[2022-01-17 06:21:41 - [TEST_CASE][PASSED] - Test Cases/test case 18: Test Cases/test case 18

2022-01-17 06:21:41 - [TEST_STEP][PASSED] - openBrowser(""): Browser is opened with url: ''

2022-01-17 06:21:41 - [MESSAGE][INFO] - Starting 'Chrome' driver

2022-01-17 06:21:41 - [MESSAGE][INFO] - Action delay is set to 0 milliseconds

2022-01-17 06:21:42 - [MESSAGE][PASSED] - Browser is opened with url: ''

2022-01-17 06:21:42 - [TEST_STEP][PASSED] - navigateToUrl("http://localhost/"): Navigate to 'http://localhost/' successfully

2022-01-17 06:21:43 - [MESSAGE][PASSED] - Navigate to 'http://localhost/' successfully

2022-01-17 06:21:43 - [TEST_STEP][PASSED] - click(findTestObject("Object Repository/Page_Moodle/a_Log in")): Object: 'Object Repository/Page_Moodle/a_Log in' is clicked on

2022-01-17 06:21:44 - [MESSAGE][PASSED] - Object: 'Object Repository/Page_Moodle/a_Log in' is clicked on

2022-01-17 06:21:44 - [TEST_STEP][PASSED] - setText(findTestObject("Object Repository/Page_Moodle Log in to the site/input_Username_username"), "admin"): Text 'admin' is set on object 'Object Repository/Page_Moodle Log in to the site/input_Username_username'

2022-01-17 06:21:45 - [MESSAGE][PASSED] - Text 'admin' is set on object 'Object Repository/Page_Moodle Log in to the site/input_Username_username'

2022-01-17 06:21:45 - [TEST_STEP][PASSED] - setEncryptedText(findTestObject("Object Repository/Page_Moodle Log in to the site/input_Password_password"), "r6H/uPCyCbQX7sAf5E1f3g=="): Text ****** has been set on object 'Object Repository/Page_Moodle Log in to the site/input_Password_password'

2022-01-17 06:21:45 - [MESSAGE][PASSED] - Text ****** has been set on object 'Object Repository/Page_Moodle Log in to the site/input_Password_password'

2022-01-17 06:21:45 - [TEST_STEP][PASSED] - click(findTestObject("Object Repository/Page_Moodle Log in to the site/button_Log in")): Object: 'Object Repository/Page_Moodle Log in to the site/button_Log in' is clicked on

2022-01-17 06:21:46 - [MESSAGE][PASSED] - Object: 'Object Repository/Page_Moodle Log in to the site/button_Log in' is clicked on

2022-01-17 06:21:46 - [TEST_STEP][PASSED] - verifyElementText(findTestObject("Object Repository/Page_Dashboard/span_Site administration"), "Site administration"): Actual text and expected text of test object 'Object Repository/Page_Dashboard/span_Site administration' are matched.

2022-01-17 06:21:48 - [MESSAGE][PASSED] - Actual text and expected text of test object 'Object Repository/Page_Dashboard/span_Site administration' are matched.

2022-01-17 06:21:48 - [TEST_STEP][PASSED] - click(findTestObject("Object Repository/Page_Dashboard/span_Site administration")): Object: 'Object Repository/Page_Dashboard/span_Site administration' is clicked on

2022-01-17 06:21:49 - [MESSAGE][PASSED] - Object: 'Object Repository/Page_Dashboard/span_Site administration' is clicked on

2022-01-17 06:21:49 - [TEST_STEP][PASSED] - click(findTestObject("Object Repository/Page_Mood Administration Search/a_Courses")): Object: 'Object Repository/Page_Mood Administration Search/a_Courses' is clicked on

2022-01-17 06:21:49 - [MESSAGE][PASSED] - Object: 'Object Repository/Page_Mood Administration Search/a_Courses' is clicked on

2022-01-17 06:21:49 - [TEST_STEP][PASSED] - click(findTestObject("Object Repository/Page_Mood Administration Search/a_Manage courses and categories")): Object: 'Object Repository/Page_Mood Administration Search/a_Manage courses and categories' is clicked on

2022-01-17 06:21:50 - [MESSAGE][PASSED] - Object: 'Object Repository/Page_Mood Administration Search/a_Manage courses and categories' is clicked on

2022-01-17 06:21:50 - [TEST_STEP][PASSED] - verifyElementText(findTestObject("Object Repository/Page_Course and category management/a_Introduction to Computer Science"), "Introduction to Computer Science"): Actual text and expected text of test object 'Object Repository/Page_Course and category management/a_Introduction to Computer Science' are matched.

2022-01-17 06:22:21 - [MESSAGE][INFO] - Unable to find the element located by 'By.xpath: //a[@id='yui_3_17_2_1_1642250295888_263']'. Please recheck the objects properties to make sure the desired element is located. 

2022-01-17 06:22:21 - [MESSAGE][WARNING] - [SELF-HEALING] Failed to find element with id 'Object Repository/Page_Course and category management/a_Introduction to Computer Science'. Try using Self-healing.

2022-01-17 06:22:22 - [MESSAGE][WARNING] - [SELF-HEALING] The current locator of test object 'Object Repository/Page_Course and category management/a_Introduction to Computer Science' was broken. Propose an alternative one: '//a[contains(text(),'Introduction to Computer Science')]'.

2022-01-17 06:22:22 - [MESSAGE][PASSED] - Actual text and expected text of test object 'Object Repository/Page_Course and category management/a_Introduction to Computer Science' are matched.

2022-01-17 06:22:22 - [TEST_STEP][PASSED] - click(findTestObject("Object Repository/Page_Course and category management/a_Introduction to Computer Science")): Object: 'Object Repository/Page_Course and category management/a_Introduction to Computer Science' is clicked on

2022-01-17 06:22:53 - [MESSAGE][INFO] - Unable to find the element located by 'By.xpath: //a[@id='yui_3_17_2_1_1642250295888_263']'. Please recheck the objects properties to make sure the desired element is located. 

2022-01-17 06:22:53 - [MESSAGE][WARNING] - [SELF-HEALING] Failed to find element with id 'Object Repository/Page_Course and category management/a_Introduction to Computer Science'. Try using Self-healing.

2022-01-17 06:22:53 - [MESSAGE][WARNING] - [SELF-HEALING] The current locator of test object 'Object Repository/Page_Course and category management/a_Introduction to Computer Science' was broken. Propose an alternative one: '//a[contains(text(),'Introduction to Computer Science')]'.

2022-01-17 06:22:53 - [MESSAGE][PASSED] - Object: 'Object Repository/Page_Course and category management/a_Introduction to Computer Science' is clicked on

2022-01-17 06:22:53 - [TEST_STEP][PASSED] - waitForElementVisible(findTestObject("Object Repository/Page_Course and category management/a_View"), 0): Object 'Object Repository/Page_Course and category management/a_View' is visible

2022-01-17 06:22:54 - [MESSAGE][WARNING] - Timeout '0' is invalid. Using default page load timeout: '30'

2022-01-17 06:23:25 - [MESSAGE][INFO] - Unable to find the element located by 'By.xpath: //a[@id='action_link61e2c0502601360']'. Please recheck the objects properties to make sure the desired element is located. 

2022-01-17 06:23:25 - [MESSAGE][WARNING] - [SELF-HEALING] Failed to find element with id 'Object Repository/Page_Course and category management/a_View'. Try using Self-healing.

2022-01-17 06:23:25 - [MESSAGE][WARNING] - [SELF-HEALING] The current locator of test object 'Object Repository/Page_Course and category management/a_View' was broken. Propose an alternative one: '//div[@id='course-detail']/div/div[2]/div/a'.

2022-01-17 06:23:25 - [MESSAGE][PASSED] - Object 'Object Repository/Page_Course and category management/a_View' is visible

2022-01-17 06:23:25 - [TEST_STEP][PASSED] - click(findTestObject("Object Repository/Page_Course and category management/a_View")): Object: 'Object Repository/Page_Course and category management/a_View' is clicked on

2022-01-17 06:23:56 - [MESSAGE][INFO] - Unable to find the element located by 'By.xpath: //a[@id='action_link61e2c0502601360']'. Please recheck the objects properties to make sure the desired element is located. 

2022-01-17 06:23:56 - [MESSAGE][WARNING] - [SELF-HEALING] Failed to find element with id 'Object Repository/Page_Course and category management/a_View'. Try using Self-healing.

2022-01-17 06:23:56 - [MESSAGE][WARNING] - [SELF-HEALING] The current locator of test object 'Object Repository/Page_Course and category management/a_View' was broken. Propose an alternative one: '//div[@id='course-detail']/div/div[2]/div/a'.

2022-01-17 06:23:57 - [MESSAGE][PASSED] - Object: 'Object Repository/Page_Course and category management/a_View' is clicked on

2022-01-17 06:23:57 - [TEST_STEP][PASSED] - click(findTestObject("Object Repository/Page_Course Introduction to Computer Science/span_Grades")): Object: 'Object Repository/Page_Course Introduction to Computer Science/span_Grades' is clicked on

2022-01-17 06:23:58 - [MESSAGE][PASSED] - Object: 'Object Repository/Page_Course Introduction to Computer Science/span_Grades' is clicked on

2022-01-17 06:23:58 - [TEST_STEP][PASSED] - verifyElementText(findTestObject("Object Repository/Page_Grades View/h3_All participants 22"), "All participants: 2/2"): Actual text and expected text of test object 'Object Repository/Page_Grades View/h3_All participants 22' are matched.

2022-01-17 06:23:58 - [MESSAGE][PASSED] - Actual text and expected text of test object 'Object Repository/Page_Grades View/h3_All participants 22' are matched.

2022-01-17 06:23:58 - [TEST_STEP][PASSED] - closeBrowser(): Browser is closed

2022-01-17 06:23:59 - [MESSAGE][PASSED] - Browser is closed]]></system-out>
         <system-err><![CDATA[]]></system-err>
      </testcase>
      <testcase name="Test Cases/test case 19" time="10.761" classname="Test Cases/test case 19" status="PASSED">
         <system-out><![CDATA[2022-01-17 06:23:59 - [TEST_CASE][PASSED] - Test Cases/test case 19: Test Cases/test case 19

2022-01-17 06:23:59 - [TEST_STEP][PASSED] - openBrowser(""): Browser is opened with url: ''

2022-01-17 06:23:59 - [MESSAGE][INFO] - Starting 'Chrome' driver

2022-01-17 06:23:59 - [MESSAGE][INFO] - Action delay is set to 0 milliseconds

2022-01-17 06:24:00 - [MESSAGE][PASSED] - Browser is opened with url: ''

2022-01-17 06:24:00 - [TEST_STEP][PASSED] - navigateToUrl("http://localhost/"): Navigate to 'http://localhost/' successfully

2022-01-17 06:24:01 - [MESSAGE][PASSED] - Navigate to 'http://localhost/' successfully

2022-01-17 06:24:01 - [TEST_STEP][PASSED] - click(findTestObject("Object Repository/Page_Moodle/a_Log in")): Object: 'Object Repository/Page_Moodle/a_Log in' is clicked on

2022-01-17 06:24:02 - [MESSAGE][PASSED] - Object: 'Object Repository/Page_Moodle/a_Log in' is clicked on

2022-01-17 06:24:02 - [TEST_STEP][PASSED] - setText(findTestObject("Object Repository/Page_Moodle Log in to the site/input_Username_username"), "admin"): Text 'admin' is set on object 'Object Repository/Page_Moodle Log in to the site/input_Username_username'

2022-01-17 06:24:03 - [MESSAGE][PASSED] - Text 'admin' is set on object 'Object Repository/Page_Moodle Log in to the site/input_Username_username'

2022-01-17 06:24:03 - [TEST_STEP][PASSED] - setEncryptedText(findTestObject("Object Repository/Page_Moodle Log in to the site/input_Password_password"), "r6H/uPCyCbQX7sAf5E1f3g=="): Text ****** has been set on object 'Object Repository/Page_Moodle Log in to the site/input_Password_password'

2022-01-17 06:24:03 - [MESSAGE][PASSED] - Text ****** has been set on object 'Object Repository/Page_Moodle Log in to the site/input_Password_password'

2022-01-17 06:24:03 - [TEST_STEP][PASSED] - click(findTestObject("Object Repository/Page_Moodle Log in to the site/button_Log in")): Object: 'Object Repository/Page_Moodle Log in to the site/button_Log in' is clicked on

2022-01-17 06:24:04 - [MESSAGE][PASSED] - Object: 'Object Repository/Page_Moodle Log in to the site/button_Log in' is clicked on

2022-01-17 06:24:04 - [TEST_STEP][PASSED] - verifyElementText(findTestObject("Object Repository/Page_Dashboard/span_Site home"), "Site home"): Actual text and expected text of test object 'Object Repository/Page_Dashboard/span_Site home' are matched.

2022-01-17 06:24:06 - [MESSAGE][PASSED] - Actual text and expected text of test object 'Object Repository/Page_Dashboard/span_Site home' are matched.

2022-01-17 06:24:06 - [TEST_STEP][PASSED] - click(findTestObject("Object Repository/Page_Dashboard/a_Site home")): Object: 'Object Repository/Page_Dashboard/a_Site home' is clicked on

2022-01-17 06:24:06 - [MESSAGE][PASSED] - Object: 'Object Repository/Page_Dashboard/a_Site home' is clicked on

2022-01-17 06:24:06 - [TEST_STEP][PASSED] - verifyElementText(findTestObject("Object Repository/Page_Moodle/a_Introduction to Computer Science"), "Introduction to Computer Science"): Actual text and expected text of test object 'Object Repository/Page_Moodle/a_Introduction to Computer Science' are matched.

2022-01-17 06:24:07 - [MESSAGE][PASSED] - Actual text and expected text of test object 'Object Repository/Page_Moodle/a_Introduction to Computer Science' are matched.

2022-01-17 06:24:07 - [TEST_STEP][PASSED] - click(findTestObject("Object Repository/Page_Moodle/a_Introduction to Computer Science")): Object: 'Object Repository/Page_Moodle/a_Introduction to Computer Science' is clicked on

2022-01-17 06:24:07 - [MESSAGE][PASSED] - Object: 'Object Repository/Page_Moodle/a_Introduction to Computer Science' is clicked on

2022-01-17 06:24:07 - [TEST_STEP][PASSED] - click(findTestObject("Object Repository/Page_Course Introduction to Computer Science/span_Grades")): Object: 'Object Repository/Page_Course Introduction to Computer Science/span_Grades' is clicked on

2022-01-17 06:24:08 - [MESSAGE][PASSED] - Object: 'Object Repository/Page_Course Introduction to Computer Science/span_Grades' is clicked on

2022-01-17 06:24:08 - [TEST_STEP][PASSED] - verifyElementText(findTestObject("Object Repository/Page_Grades View/h3_All participants 22"), "All participants: 2/2"): Actual text and expected text of test object 'Object Repository/Page_Grades View/h3_All participants 22' are matched.

2022-01-17 06:24:09 - [MESSAGE][PASSED] - Actual text and expected text of test object 'Object Repository/Page_Grades View/h3_All participants 22' are matched.

2022-01-17 06:24:09 - [TEST_STEP][PASSED] - closeBrowser(): Browser is closed

2022-01-17 06:24:10 - [MESSAGE][PASSED] - Browser is closed]]></system-out>
         <system-err><![CDATA[]]></system-err>
      </testcase>
      <testcase name="Test Cases/test case 20" time="327.942" classname="Test Cases/test case 20" status="PASSED">
         <system-out><![CDATA[2022-01-17 06:24:10 - [TEST_CASE][PASSED] - Test Cases/test case 20: Test Cases/test case 20

2022-01-17 06:24:10 - [TEST_STEP][PASSED] - openBrowser(""): Browser is opened with url: ''

2022-01-17 06:24:10 - [MESSAGE][INFO] - Starting 'Chrome' driver

2022-01-17 06:24:10 - [MESSAGE][INFO] - Action delay is set to 0 milliseconds

2022-01-17 06:24:11 - [MESSAGE][PASSED] - Browser is opened with url: ''

2022-01-17 06:24:11 - [TEST_STEP][PASSED] - navigateToUrl("http://localhost/"): Navigate to 'http://localhost/' successfully

2022-01-17 06:24:12 - [MESSAGE][PASSED] - Navigate to 'http://localhost/' successfully

2022-01-17 06:24:12 - [TEST_STEP][PASSED] - click(findTestObject("Object Repository/Page_Moodle/a_Log in")): Object: 'Object Repository/Page_Moodle/a_Log in' is clicked on

2022-01-17 06:24:13 - [MESSAGE][PASSED] - Object: 'Object Repository/Page_Moodle/a_Log in' is clicked on

2022-01-17 06:24:13 - [TEST_STEP][PASSED] - setText(findTestObject("Object Repository/Page_Moodle Log in to the site/input_Username_username"), "admin"): Text 'admin' is set on object 'Object Repository/Page_Moodle Log in to the site/input_Username_username'

2022-01-17 06:24:14 - [MESSAGE][PASSED] - Text 'admin' is set on object 'Object Repository/Page_Moodle Log in to the site/input_Username_username'

2022-01-17 06:24:14 - [TEST_STEP][PASSED] - setEncryptedText(findTestObject("Object Repository/Page_Moodle Log in to the site/input_Password_password"), "r6H/uPCyCbQX7sAf5E1f3g=="): Text ****** has been set on object 'Object Repository/Page_Moodle Log in to the site/input_Password_password'

2022-01-17 06:24:14 - [MESSAGE][PASSED] - Text ****** has been set on object 'Object Repository/Page_Moodle Log in to the site/input_Password_password'

2022-01-17 06:24:14 - [TEST_STEP][PASSED] - click(findTestObject("Object Repository/Page_Moodle Log in to the site/button_Log in")): Object: 'Object Repository/Page_Moodle Log in to the site/button_Log in' is clicked on

2022-01-17 06:24:15 - [MESSAGE][PASSED] - Object: 'Object Repository/Page_Moodle Log in to the site/button_Log in' is clicked on

2022-01-17 06:24:15 - [TEST_STEP][PASSED] - verifyElementVisible(findTestObject("Page_Dashboard/div_Courses                    Introduction to Computer ScienceMathemetics            All courses")): Object 'Object Repository/Page_Dashboard/div_Courses                    Introduction to Computer ScienceMathemetics            All courses' is visible

2022-01-17 06:24:46 - [MESSAGE][INFO] - Unable to find the element located by 'By.xpath: //section[@id='inst154']/div'. Please recheck the objects properties to make sure the desired element is located. 

2022-01-17 06:24:46 - [MESSAGE][WARNING] - [SELF-HEALING] Failed to find element with id 'Object Repository/Page_Dashboard/div_Courses                    Introduction to Computer ScienceMathemetics            All courses'. Try using Self-healing.

2022-01-17 06:24:46 - [MESSAGE][WARNING] - [SELF-HEALING] The current locator of test object 'Object Repository/Page_Dashboard/div_Courses                    Introduction to Computer ScienceMathemetics            All courses' was broken. Propose an alternative one: '(.//*[normalize-space(text()) and normalize-space(.)='Card'])[1]/following::div[10]'.

2022-01-17 06:24:46 - [MESSAGE][PASSED] - Object 'Object Repository/Page_Dashboard/div_Courses                    Introduction to Computer ScienceMathemetics            All courses' is visible

2022-01-17 06:24:46 - [TEST_STEP][PASSED] - verifyElementText(findTestObject("Page_Dashboard/a_Introduction to Computer Science"), "Introduction to Computer Science"): Actual text and expected text of test object 'Object Repository/Page_Dashboard/a_Introduction to Computer Science' are matched.

2022-01-17 06:25:17 - [MESSAGE][INFO] - Unable to find the element located by 'By.xpath: //section[@id='inst32']/div/div/ul/li/div/a'. Please recheck the objects properties to make sure the desired element is located. 

2022-01-17 06:25:17 - [MESSAGE][WARNING] - [SELF-HEALING] Failed to find element with id 'Object Repository/Page_Dashboard/a_Introduction to Computer Science'. Try using Self-healing.

2022-01-17 06:25:18 - [MESSAGE][WARNING] - [SELF-HEALING] The current locator of test object 'Object Repository/Page_Dashboard/a_Introduction to Computer Science' was broken. Propose an alternative one: '//a[contains(text(),'Introduction to Computer Science')]'.

2022-01-17 06:25:18 - [MESSAGE][PASSED] - Actual text and expected text of test object 'Object Repository/Page_Dashboard/a_Introduction to Computer Science' are matched.

2022-01-17 06:25:18 - [TEST_STEP][PASSED] - click(findTestObject("Page_Dashboard/a_Introduction to Computer Science")): Object: 'Object Repository/Page_Dashboard/a_Introduction to Computer Science' is clicked on

2022-01-17 06:25:49 - [MESSAGE][INFO] - Unable to find the element located by 'By.xpath: //section[@id='inst32']/div/div/ul/li/div/a'. Please recheck the objects properties to make sure the desired element is located. 

2022-01-17 06:25:49 - [MESSAGE][WARNING] - [SELF-HEALING] Failed to find element with id 'Object Repository/Page_Dashboard/a_Introduction to Computer Science'. Try using Self-healing.

2022-01-17 06:25:49 - [MESSAGE][WARNING] - [SELF-HEALING] The current locator of test object 'Object Repository/Page_Dashboard/a_Introduction to Computer Science' was broken. Propose an alternative one: '//a[contains(text(),'Introduction to Computer Science')]'.

2022-01-17 06:25:50 - [MESSAGE][PASSED] - Object: 'Object Repository/Page_Dashboard/a_Introduction to Computer Science' is clicked on

2022-01-17 06:25:50 - [TEST_STEP][PASSED] - click(findTestObject("Object Repository/Page_Course Introduction to Computer Science/span_Calendar")): Object: 'Object Repository/Page_Course Introduction to Computer Science/span_Calendar' is clicked on

2022-01-17 06:25:51 - [MESSAGE][PASSED] - Object: 'Object Repository/Page_Course Introduction to Computer Science/span_Calendar' is clicked on

2022-01-17 06:25:51 - [TEST_STEP][PASSED] - waitForElementVisible(findTestObject("Object Repository/Page_IntroCS Calendar Detailed month view J_1643b4/button_New event"), 0): Object 'Object Repository/Page_IntroCS Calendar Detailed month view J_1643b4/button_New event' is visible

2022-01-17 06:25:51 - [MESSAGE][WARNING] - Timeout '0' is invalid. Using default page load timeout: '30'

2022-01-17 06:26:22 - [MESSAGE][INFO] - Unable to find the element located by 'By.xpath: //div[@id='calendar-month-61e1ad5d6c69d61e1ad5d02f2e16']/div/button'. Please recheck the objects properties to make sure the desired element is located. 

2022-01-17 06:26:22 - [MESSAGE][WARNING] - [SELF-HEALING] Failed to find element with id 'Object Repository/Page_IntroCS Calendar Detailed month view J_1643b4/button_New event'. Try using Self-healing.

2022-01-17 06:26:22 - [MESSAGE][WARNING] - [SELF-HEALING] The current locator of test object 'Object Repository/Page_IntroCS Calendar Detailed month view J_1643b4/button_New event' was broken. Propose an alternative one: '(.//*[normalize-space(text()) and normalize-space(.)='List of courses'])[1]/following::button[1]'.

2022-01-17 06:26:22 - [MESSAGE][PASSED] - Object 'Object Repository/Page_IntroCS Calendar Detailed month view J_1643b4/button_New event' is visible

2022-01-17 06:26:22 - [TEST_STEP][PASSED] - click(findTestObject("Object Repository/Page_IntroCS Calendar Detailed month view J_1643b4/button_New event")): Object: 'Object Repository/Page_IntroCS Calendar Detailed month view J_1643b4/button_New event' is clicked on

2022-01-17 06:26:53 - [MESSAGE][INFO] - Unable to find the element located by 'By.xpath: //div[@id='calendar-month-61e1ad5d6c69d61e1ad5d02f2e16']/div/button'. Please recheck the objects properties to make sure the desired element is located. 

2022-01-17 06:26:53 - [MESSAGE][WARNING] - [SELF-HEALING] Failed to find element with id 'Object Repository/Page_IntroCS Calendar Detailed month view J_1643b4/button_New event'. Try using Self-healing.

2022-01-17 06:26:53 - [MESSAGE][WARNING] - [SELF-HEALING] The current locator of test object 'Object Repository/Page_IntroCS Calendar Detailed month view J_1643b4/button_New event' was broken. Propose an alternative one: '(.//*[normalize-space(text()) and normalize-space(.)='List of courses'])[1]/following::button[1]'.

2022-01-17 06:26:53 - [MESSAGE][PASSED] - Object: 'Object Repository/Page_IntroCS Calendar Detailed month view J_1643b4/button_New event' is clicked on

2022-01-17 06:26:53 - [TEST_STEP][PASSED] - setText(findTestObject("Object Repository/Page_IntroCS Calendar Detailed month view J_1643b4/input_Event title_name"), "Seminar for Final Examination"): Text 'Seminar for Final Examination' is set on object 'Object Repository/Page_IntroCS Calendar Detailed month view J_1643b4/input_Event title_name'

2022-01-17 06:26:55 - [MESSAGE][PASSED] - Text 'Seminar for Final Examination' is set on object 'Object Repository/Page_IntroCS Calendar Detailed month view J_1643b4/input_Event title_name'

2022-01-17 06:26:55 - [TEST_STEP][PASSED] - selectOptionByValue(findTestObject("Object Repository/Page_IntroCS Calendar Detailed month view J_1643b4/select_1        2        3        4        _45ea30"), "26", true): All options with value '26' are selected in object 'Object Repository/Page_IntroCS Calendar Detailed month view J_1643b4/select_1        2        3        4        _45ea30'  using regular expression

2022-01-17 06:26:57 - [MESSAGE][PASSED] - All options with value '26' are selected in object 'Object Repository/Page_IntroCS Calendar Detailed month view J_1643b4/select_1        2        3        4        _45ea30'  using regular expression

2022-01-17 06:26:57 - [TEST_STEP][PASSED] - selectOptionByValue(findTestObject("Object Repository/Page_IntroCS Calendar Detailed month view J_1643b4/select_00        01        02        03    _f6e37b"), "0", true): All options with value '0' are selected in object 'Object Repository/Page_IntroCS Calendar Detailed month view J_1643b4/select_00        01        02        03    _f6e37b'  using regular expression

2022-01-17 06:26:58 - [MESSAGE][PASSED] - All options with value '0' are selected in object 'Object Repository/Page_IntroCS Calendar Detailed month view J_1643b4/select_00        01        02        03    _f6e37b'  using regular expression

2022-01-17 06:26:58 - [TEST_STEP][PASSED] - selectOptionByValue(findTestObject("Object Repository/Page_IntroCS Calendar Detailed month view J_1643b4/select_00        01        02        03    _f6e37b_1"), "0", true): All options with value '0' are selected in object 'Object Repository/Page_IntroCS Calendar Detailed month view J_1643b4/select_00        01        02        03    _f6e37b_1'  using regular expression

2022-01-17 06:26:59 - [MESSAGE][PASSED] - All options with value '0' are selected in object 'Object Repository/Page_IntroCS Calendar Detailed month view J_1643b4/select_00        01        02        03    _f6e37b_1'  using regular expression

2022-01-17 06:26:59 - [TEST_STEP][PASSED] - click(findTestObject("Object Repository/Page_IntroCS Calendar Detailed month view J_1643b4/button_Save")): Object: 'Object Repository/Page_IntroCS Calendar Detailed month view J_1643b4/button_Save' is clicked on

2022-01-17 06:27:30 - [MESSAGE][INFO] - Unable to find the element located by 'By.xpath: //button[@id='yui_3_17_2_1_1642179933493_604']'. Please recheck the objects properties to make sure the desired element is located. 

2022-01-17 06:27:30 - [MESSAGE][WARNING] - [SELF-HEALING] Failed to find element with id 'Object Repository/Page_IntroCS Calendar Detailed month view J_1643b4/button_Save'. Try using Self-healing.

2022-01-17 06:27:31 - [MESSAGE][WARNING] - [SELF-HEALING] The current locator of test object 'Object Repository/Page_IntroCS Calendar Detailed month view J_1643b4/button_Save' was broken. Propose an alternative one: '(.//*[normalize-space(text()) and normalize-space(.)='Repeat weekly, creating altogether'])[1]/following::button[1]'.

2022-01-17 06:27:31 - [MESSAGE][PASSED] - Object: 'Object Repository/Page_IntroCS Calendar Detailed month view J_1643b4/button_Save' is clicked on

2022-01-17 06:27:31 - [TEST_STEP][PASSED] - click(findTestObject("Object Repository/Page_IntroCS Calendar Detailed month view J_1643b4/span_Seminar for Final Examination")): Object: 'Object Repository/Page_IntroCS Calendar Detailed month view J_1643b4/span_Seminar for Final Examination' is clicked on

2022-01-17 06:28:02 - [MESSAGE][INFO] - Unable to find the element located by 'By.xpath: //a[@id='yui_3_17_2_1_1642179933493_2024']/span[2]'. Please recheck the objects properties to make sure the desired element is located. 

2022-01-17 06:28:02 - [MESSAGE][WARNING] - [SELF-HEALING] Failed to find element with id 'Object Repository/Page_IntroCS Calendar Detailed month view J_1643b4/span_Seminar for Final Examination'. Try using Self-healing.

2022-01-17 06:28:02 - [MESSAGE][WARNING] - [SELF-HEALING] The current locator of test object 'Object Repository/Page_IntroCS Calendar Detailed month view J_1643b4/span_Seminar for Final Examination' was broken. Propose an alternative one: '(.//*[normalize-space(text()) and normalize-space(.)='No events, Tuesday, 25 January'])[2]/following::span[4]'.

2022-01-17 06:28:02 - [MESSAGE][PASSED] - Object: 'Object Repository/Page_IntroCS Calendar Detailed month view J_1643b4/span_Seminar for Final Examination' is clicked on

2022-01-17 06:28:02 - [TEST_STEP][PASSED] - waitForElementVisible(findTestObject("Object Repository/Page_IntroCS Calendar Detailed month view J_1643b4/button_Delete"), 0): Object 'Object Repository/Page_IntroCS Calendar Detailed month view J_1643b4/button_Delete' is visible

2022-01-17 06:28:02 - [MESSAGE][WARNING] - Timeout '0' is invalid. Using default page load timeout: '30'

2022-01-17 06:28:33 - [MESSAGE][INFO] - Unable to find the element located by 'By.xpath: //button[@id='yui_3_17_2_1_1642179933493_2046']'. Please recheck the objects properties to make sure the desired element is located. 

2022-01-17 06:28:33 - [MESSAGE][WARNING] - [SELF-HEALING] Failed to find element with id 'Object Repository/Page_IntroCS Calendar Detailed month view J_1643b4/button_Delete'. Try using Self-healing.

2022-01-17 06:28:34 - [MESSAGE][WARNING] - [SELF-HEALING] The current locator of test object 'Object Repository/Page_IntroCS Calendar Detailed month view J_1643b4/button_Delete' was broken. Propose an alternative one: '(.//*[normalize-space(text()) and normalize-space(.)='Course event'])[1]/following::button[1]'.

2022-01-17 06:28:34 - [MESSAGE][PASSED] - Object 'Object Repository/Page_IntroCS Calendar Detailed month view J_1643b4/button_Delete' is visible

2022-01-17 06:28:34 - [TEST_STEP][PASSED] - click(findTestObject("Object Repository/Page_IntroCS Calendar Detailed month view J_1643b4/button_Delete")): Object: 'Object Repository/Page_IntroCS Calendar Detailed month view J_1643b4/button_Delete' is clicked on

2022-01-17 06:29:05 - [MESSAGE][INFO] - Unable to find the element located by 'By.xpath: //button[@id='yui_3_17_2_1_1642179933493_2046']'. Please recheck the objects properties to make sure the desired element is located. 

2022-01-17 06:29:05 - [MESSAGE][WARNING] - [SELF-HEALING] Failed to find element with id 'Object Repository/Page_IntroCS Calendar Detailed month view J_1643b4/button_Delete'. Try using Self-healing.

2022-01-17 06:29:05 - [MESSAGE][WARNING] - [SELF-HEALING] The current locator of test object 'Object Repository/Page_IntroCS Calendar Detailed month view J_1643b4/button_Delete' was broken. Propose an alternative one: '(.//*[normalize-space(text()) and normalize-space(.)='Course event'])[1]/following::button[1]'.

2022-01-17 06:29:05 - [MESSAGE][PASSED] - Object: 'Object Repository/Page_IntroCS Calendar Detailed month view J_1643b4/button_Delete' is clicked on

2022-01-17 06:29:05 - [TEST_STEP][PASSED] - click(findTestObject("Object Repository/Page_IntroCS Calendar Detailed month view J_1643b4/button_Delete event")): Object: 'Object Repository/Page_IntroCS Calendar Detailed month view J_1643b4/button_Delete event' is clicked on

2022-01-17 06:29:36 - [MESSAGE][INFO] - Unable to find the element located by 'By.xpath: //button[@id='yui_3_17_2_1_1642179933493_2066']'. Please recheck the objects properties to make sure the desired element is located. 

2022-01-17 06:29:36 - [MESSAGE][WARNING] - [SELF-HEALING] Failed to find element with id 'Object Repository/Page_IntroCS Calendar Detailed month view J_1643b4/button_Delete event'. Try using Self-healing.

2022-01-17 06:29:37 - [MESSAGE][WARNING] - [SELF-HEALING] The current locator of test object 'Object Repository/Page_IntroCS Calendar Detailed month view J_1643b4/button_Delete event' was broken. Propose an alternative one: '(.//*[normalize-space(text()) and normalize-space(.)=concat('Are you sure you want to delete the ', '"', 'Seminar for Final Examination', '"', ' event?')])[1]/following::button[1]'.

2022-01-17 06:29:37 - [MESSAGE][PASSED] - Object: 'Object Repository/Page_IntroCS Calendar Detailed month view J_1643b4/button_Delete event' is clicked on

2022-01-17 06:29:37 - [TEST_STEP][PASSED] - closeBrowser(): Browser is closed

2022-01-17 06:29:37 - [MESSAGE][PASSED] - Browser is closed]]></system-out>
         <system-err><![CDATA[]]></system-err>
      </testcase>
      <testcase name="Test Cases/test case 21" time="302.134" classname="Test Cases/test case 21" status="PASSED">
         <system-out><![CDATA[2022-01-17 06:29:37 - [TEST_CASE][PASSED] - Test Cases/test case 21: Test Cases/test case 21

2022-01-17 06:29:38 - [TEST_STEP][PASSED] - openBrowser(""): Browser is opened with url: ''

2022-01-17 06:29:38 - [MESSAGE][INFO] - Starting 'Chrome' driver

2022-01-17 06:29:38 - [MESSAGE][INFO] - Action delay is set to 0 milliseconds

2022-01-17 06:29:39 - [MESSAGE][PASSED] - Browser is opened with url: ''

2022-01-17 06:29:39 - [TEST_STEP][PASSED] - navigateToUrl("http://localhost/"): Navigate to 'http://localhost/' successfully

2022-01-17 06:29:40 - [MESSAGE][PASSED] - Navigate to 'http://localhost/' successfully

2022-01-17 06:29:40 - [TEST_STEP][PASSED] - click(findTestObject("Object Repository/Page_Moodle/a_Log in")): Object: 'Object Repository/Page_Moodle/a_Log in' is clicked on

2022-01-17 06:29:41 - [MESSAGE][PASSED] - Object: 'Object Repository/Page_Moodle/a_Log in' is clicked on

2022-01-17 06:29:41 - [TEST_STEP][PASSED] - setText(findTestObject("Object Repository/Page_Moodle Log in to the site/input_Username_username"), "admin"): Text 'admin' is set on object 'Object Repository/Page_Moodle Log in to the site/input_Username_username'

2022-01-17 06:29:42 - [MESSAGE][PASSED] - Text 'admin' is set on object 'Object Repository/Page_Moodle Log in to the site/input_Username_username'

2022-01-17 06:29:42 - [TEST_STEP][PASSED] - setEncryptedText(findTestObject("Object Repository/Page_Moodle Log in to the site/input_Password_password"), "r6H/uPCyCbQX7sAf5E1f3g=="): Text ****** has been set on object 'Object Repository/Page_Moodle Log in to the site/input_Password_password'

2022-01-17 06:29:42 - [MESSAGE][PASSED] - Text ****** has been set on object 'Object Repository/Page_Moodle Log in to the site/input_Password_password'

2022-01-17 06:29:42 - [TEST_STEP][PASSED] - click(findTestObject("Object Repository/Page_Moodle Log in to the site/button_Log in")): Object: 'Object Repository/Page_Moodle Log in to the site/button_Log in' is clicked on

2022-01-17 06:29:43 - [MESSAGE][PASSED] - Object: 'Object Repository/Page_Moodle Log in to the site/button_Log in' is clicked on

2022-01-17 06:29:43 - [TEST_STEP][PASSED] - click(findTestObject("Object Repository/Page_Dashboard/span_Site home")): Object: 'Object Repository/Page_Dashboard/span_Site home' is clicked on

2022-01-17 06:29:45 - [MESSAGE][PASSED] - Object: 'Object Repository/Page_Dashboard/span_Site home' is clicked on

2022-01-17 06:29:45 - [TEST_STEP][PASSED] - verifyElementText(findTestObject("Page_Moodle/a_Introduction to Computer Science"), "Introduction to Computer Science"): Actual text and expected text of test object 'Object Repository/Page_Moodle/a_Introduction to Computer Science' are matched.

2022-01-17 06:29:45 - [MESSAGE][PASSED] - Actual text and expected text of test object 'Object Repository/Page_Moodle/a_Introduction to Computer Science' are matched.

2022-01-17 06:29:45 - [TEST_STEP][PASSED] - click(findTestObject("Page_Moodle/a_Introduction to Computer Science")): Object: 'Object Repository/Page_Moodle/a_Introduction to Computer Science' is clicked on

2022-01-17 06:29:46 - [MESSAGE][PASSED] - Object: 'Object Repository/Page_Moodle/a_Introduction to Computer Science' is clicked on

2022-01-17 06:29:46 - [TEST_STEP][PASSED] - click(findTestObject("Object Repository/Page_Course Introduction to Computer Science/a_Calendar")): Object: 'Object Repository/Page_Course Introduction to Computer Science/a_Calendar' is clicked on

2022-01-17 06:29:47 - [MESSAGE][PASSED] - Object: 'Object Repository/Page_Course Introduction to Computer Science/a_Calendar' is clicked on

2022-01-17 06:29:47 - [TEST_STEP][PASSED] - waitForElementVisible(findTestObject("Object Repository/Page_IntroCS Calendar Detailed month view J_1643b4/button_New event"), 0): Object 'Object Repository/Page_IntroCS Calendar Detailed month view J_1643b4/button_New event' is visible

2022-01-17 06:29:47 - [MESSAGE][WARNING] - Timeout '0' is invalid. Using default page load timeout: '30'

2022-01-17 06:30:18 - [MESSAGE][INFO] - Unable to find the element located by 'By.xpath: //div[@id='calendar-month-61e1ad5d6c69d61e1ad5d02f2e16']/div/button'. Please recheck the objects properties to make sure the desired element is located. 

2022-01-17 06:30:18 - [MESSAGE][WARNING] - [SELF-HEALING] Failed to find element with id 'Object Repository/Page_IntroCS Calendar Detailed month view J_1643b4/button_New event'. Try using Self-healing.

2022-01-17 06:30:20 - [MESSAGE][WARNING] - [SELF-HEALING] The current locator of test object 'Object Repository/Page_IntroCS Calendar Detailed month view J_1643b4/button_New event' was broken. Propose an alternative one: '(.//*[normalize-space(text()) and normalize-space(.)='List of courses'])[1]/following::button[1]'.

2022-01-17 06:30:20 - [MESSAGE][PASSED] - Object 'Object Repository/Page_IntroCS Calendar Detailed month view J_1643b4/button_New event' is visible

2022-01-17 06:30:20 - [TEST_STEP][PASSED] - click(findTestObject("Object Repository/Page_IntroCS Calendar Detailed month view J_1643b4/button_New event")): Object: 'Object Repository/Page_IntroCS Calendar Detailed month view J_1643b4/button_New event' is clicked on

2022-01-17 06:30:52 - [MESSAGE][INFO] - Unable to find the element located by 'By.xpath: //div[@id='calendar-month-61e1ad5d6c69d61e1ad5d02f2e16']/div/button'. Please recheck the objects properties to make sure the desired element is located. 

2022-01-17 06:30:52 - [MESSAGE][WARNING] - [SELF-HEALING] Failed to find element with id 'Object Repository/Page_IntroCS Calendar Detailed month view J_1643b4/button_New event'. Try using Self-healing.

2022-01-17 06:30:54 - [MESSAGE][WARNING] - [SELF-HEALING] The current locator of test object 'Object Repository/Page_IntroCS Calendar Detailed month view J_1643b4/button_New event' was broken. Propose an alternative one: '(.//*[normalize-space(text()) and normalize-space(.)='List of courses'])[1]/following::button[1]'.

2022-01-17 06:30:54 - [MESSAGE][PASSED] - Object: 'Object Repository/Page_IntroCS Calendar Detailed month view J_1643b4/button_New event' is clicked on

2022-01-17 06:30:54 - [TEST_STEP][PASSED] - setText(findTestObject("Object Repository/Page_IntroCS Calendar Detailed month view J_1643b4/input_Event title_name"), "Seminar for Final Examination"): Text 'Seminar for Final Examination' is set on object 'Object Repository/Page_IntroCS Calendar Detailed month view J_1643b4/input_Event title_name'

2022-01-17 06:31:25 - [MESSAGE][PASSED] - Text 'Seminar for Final Examination' is set on object 'Object Repository/Page_IntroCS Calendar Detailed month view J_1643b4/input_Event title_name'

2022-01-17 06:31:25 - [TEST_STEP][PASSED] - selectOptionByValue(findTestObject("Object Repository/Page_IntroCS Calendar Detailed month view J_1643b4/select_1        2        3        4        _45ea30"), "26", true): All options with value '26' are selected in object 'Object Repository/Page_IntroCS Calendar Detailed month view J_1643b4/select_1        2        3        4        _45ea30'  using regular expression

2022-01-17 06:31:31 - [MESSAGE][PASSED] - All options with value '26' are selected in object 'Object Repository/Page_IntroCS Calendar Detailed month view J_1643b4/select_1        2        3        4        _45ea30'  using regular expression

2022-01-17 06:31:31 - [TEST_STEP][PASSED] - selectOptionByValue(findTestObject("Object Repository/Page_IntroCS Calendar Detailed month view J_1643b4/select_00        01        02        03    _f6e37b"), "0", true): All options with value '0' are selected in object 'Object Repository/Page_IntroCS Calendar Detailed month view J_1643b4/select_00        01        02        03    _f6e37b'  using regular expression

2022-01-17 06:31:37 - [MESSAGE][PASSED] - All options with value '0' are selected in object 'Object Repository/Page_IntroCS Calendar Detailed month view J_1643b4/select_00        01        02        03    _f6e37b'  using regular expression

2022-01-17 06:31:37 - [TEST_STEP][PASSED] - click(findTestObject("Object Repository/Page_IntroCS Calendar Detailed month view J_1643b4/button_Save")): Object: 'Object Repository/Page_IntroCS Calendar Detailed month view J_1643b4/button_Save' is clicked on

2022-01-17 06:32:10 - [MESSAGE][INFO] - Unable to find the element located by 'By.xpath: //button[@id='yui_3_17_2_1_1642179933493_604']'. Please recheck the objects properties to make sure the desired element is located. 

2022-01-17 06:32:10 - [MESSAGE][WARNING] - [SELF-HEALING] Failed to find element with id 'Object Repository/Page_IntroCS Calendar Detailed month view J_1643b4/button_Save'. Try using Self-healing.

2022-01-17 06:32:12 - [MESSAGE][WARNING] - [SELF-HEALING] The current locator of test object 'Object Repository/Page_IntroCS Calendar Detailed month view J_1643b4/button_Save' was broken. Propose an alternative one: '(.//*[normalize-space(text()) and normalize-space(.)='Repeat weekly, creating altogether'])[1]/following::button[1]'.

2022-01-17 06:32:12 - [MESSAGE][PASSED] - Object: 'Object Repository/Page_IntroCS Calendar Detailed month view J_1643b4/button_Save' is clicked on

2022-01-17 06:32:12 - [TEST_STEP][PASSED] - click(findTestObject("Object Repository/Page_IntroCS Calendar Detailed month view J_1643b4/span_Seminar for Final Examination")): Object: 'Object Repository/Page_IntroCS Calendar Detailed month view J_1643b4/span_Seminar for Final Examination' is clicked on

2022-01-17 06:32:44 - [MESSAGE][INFO] - Unable to find the element located by 'By.xpath: //a[@id='yui_3_17_2_1_1642179933493_2024']/span[2]'. Please recheck the objects properties to make sure the desired element is located. 

2022-01-17 06:32:44 - [MESSAGE][WARNING] - [SELF-HEALING] Failed to find element with id 'Object Repository/Page_IntroCS Calendar Detailed month view J_1643b4/span_Seminar for Final Examination'. Try using Self-healing.

2022-01-17 06:32:46 - [MESSAGE][WARNING] - [SELF-HEALING] The current locator of test object 'Object Repository/Page_IntroCS Calendar Detailed month view J_1643b4/span_Seminar for Final Examination' was broken. Propose an alternative one: '(.//*[normalize-space(text()) and normalize-space(.)='No events, Tuesday, 25 January'])[2]/following::span[4]'.

2022-01-17 06:32:46 - [MESSAGE][PASSED] - Object: 'Object Repository/Page_IntroCS Calendar Detailed month view J_1643b4/span_Seminar for Final Examination' is clicked on

2022-01-17 06:32:46 - [TEST_STEP][PASSED] - waitForElementVisible(findTestObject("Object Repository/Page_IntroCS Calendar Detailed month view J_1643b4/button_Delete"), 0): Object 'Object Repository/Page_IntroCS Calendar Detailed month view J_1643b4/button_Delete' is visible

2022-01-17 06:32:46 - [MESSAGE][WARNING] - Timeout '0' is invalid. Using default page load timeout: '30'

2022-01-17 06:33:18 - [MESSAGE][INFO] - Unable to find the element located by 'By.xpath: //button[@id='yui_3_17_2_1_1642179933493_2046']'. Please recheck the objects properties to make sure the desired element is located. 

2022-01-17 06:33:18 - [MESSAGE][WARNING] - [SELF-HEALING] Failed to find element with id 'Object Repository/Page_IntroCS Calendar Detailed month view J_1643b4/button_Delete'. Try using Self-healing.

2022-01-17 06:33:20 - [MESSAGE][INFO] - Unable to find the element located by 'By.xpath: (.//*[normalize-space(text()) and normalize-space(.)='Course event'])[1]/following::button[1]'. Please recheck the objects properties to make sure the desired element is located. 

2022-01-17 06:33:22 - [MESSAGE][INFO] - [SELF-HEALING] Failed Locator: '//button[@id='yui_3_17_2_1_1642179933493_2046']'.

2022-01-17 06:33:24 - [MESSAGE][INFO] - [SELF-HEALING] Failed Locator: '//div[@id='yui_3_17_2_1_1642179933493_2047']/button'.

2022-01-17 06:33:26 - [MESSAGE][INFO] - [SELF-HEALING] Failed Locator: '(.//*[normalize-space(text()) and normalize-space(.)='Introduction to Computer Science'])[3]/following::button[1]'.

2022-01-17 06:33:28 - [MESSAGE][INFO] - [SELF-HEALING] Failed Locator: '(.//*[normalize-space(text()) and normalize-space(.)='Course event'])[1]/following::button[1]'.

2022-01-17 06:33:30 - [MESSAGE][INFO] - [SELF-HEALING] Working Locator: '(.//*[normalize-space(text()) and normalize-space(.)='Edit'])[1]/preceding::button[1]'.

2022-01-17 06:33:30 - [MESSAGE][INFO] - [SELF-HEALING] Screenshot: D:/Test-Automation-SE-Bonus/Test-Automation-SE-Bonus/Reports/Self-healing/Object Repository/Page_IntroCS Calendar Detailed month view J_1643b4/button_Delete_neighbor.png

2022-01-17 06:33:30 - [MESSAGE][WARNING] - [SELF-HEALING] The current locator of test object 'Object Repository/Page_IntroCS Calendar Detailed month view J_1643b4/button_Delete' was broken. Propose an alternative one: '(.//*[normalize-space(text()) and normalize-space(.)='Edit'])[1]/preceding::button[1]'.

2022-01-17 06:33:30 - [MESSAGE][PASSED] - Object 'Object Repository/Page_IntroCS Calendar Detailed month view J_1643b4/button_Delete' is visible

2022-01-17 06:33:30 - [TEST_STEP][PASSED] - click(findTestObject("Object Repository/Page_IntroCS Calendar Detailed month view J_1643b4/button_Delete")): Object: 'Object Repository/Page_IntroCS Calendar Detailed month view J_1643b4/button_Delete' is clicked on

2022-01-17 06:34:02 - [MESSAGE][INFO] - Unable to find the element located by 'By.xpath: //button[@id='yui_3_17_2_1_1642179933493_2046']'. Please recheck the objects properties to make sure the desired element is located. 

2022-01-17 06:34:02 - [MESSAGE][WARNING] - [SELF-HEALING] Failed to find element with id 'Object Repository/Page_IntroCS Calendar Detailed month view J_1643b4/button_Delete'. Try using Self-healing.

2022-01-17 06:34:04 - [MESSAGE][WARNING] - [SELF-HEALING] The current locator of test object 'Object Repository/Page_IntroCS Calendar Detailed month view J_1643b4/button_Delete' was broken. Propose an alternative one: '(.//*[normalize-space(text()) and normalize-space(.)='Edit'])[1]/preceding::button[1]'.

2022-01-17 06:34:04 - [MESSAGE][PASSED] - Object: 'Object Repository/Page_IntroCS Calendar Detailed month view J_1643b4/button_Delete' is clicked on

2022-01-17 06:34:04 - [TEST_STEP][PASSED] - click(findTestObject("Object Repository/Page_IntroCS Calendar Detailed month view J_1643b4/button_Delete event")): Object: 'Object Repository/Page_IntroCS Calendar Detailed month view J_1643b4/button_Delete event' is clicked on

2022-01-17 06:34:37 - [MESSAGE][INFO] - Unable to find the element located by 'By.xpath: //button[@id='yui_3_17_2_1_1642179933493_2066']'. Please recheck the objects properties to make sure the desired element is located. 

2022-01-17 06:34:37 - [MESSAGE][WARNING] - [SELF-HEALING] Failed to find element with id 'Object Repository/Page_IntroCS Calendar Detailed month view J_1643b4/button_Delete event'. Try using Self-healing.

2022-01-17 06:34:39 - [MESSAGE][WARNING] - [SELF-HEALING] The current locator of test object 'Object Repository/Page_IntroCS Calendar Detailed month view J_1643b4/button_Delete event' was broken. Propose an alternative one: '(.//*[normalize-space(text()) and normalize-space(.)=concat('Are you sure you want to delete the ', '"', 'Seminar for Final Examination', '"', ' event?')])[1]/following::button[1]'.

2022-01-17 06:34:39 - [MESSAGE][PASSED] - Object: 'Object Repository/Page_IntroCS Calendar Detailed month view J_1643b4/button_Delete event' is clicked on

2022-01-17 06:34:39 - [TEST_STEP][PASSED] - closeBrowser(): Browser is closed

2022-01-17 06:34:40 - [MESSAGE][PASSED] - Browser is closed]]></system-out>
         <system-err><![CDATA[]]></system-err>
      </testcase>
      <testcase name="Test Cases/test case 22" time="373.106" classname="Test Cases/test case 22" status="FAILED">
         <failure type="FAILED" message="Test Cases/test case 22 FAILED.
Reason:
com.kms.katalon.core.exception.StepFailedException: Unable to click on object 'Object Repository/Page_Mood Calendar Detailed month view Janu_18fc56/button_Delete event'
	at com.kms.katalon.core.webui.keyword.internal.WebUIKeywordMain.stepFailed(WebUIKeywordMain.groovy:64)
	at com.kms.katalon.core.webui.keyword.internal.WebUIKeywordMain.runKeyword(WebUIKeywordMain.groovy:26)
	at com.kms.katalon.core.webui.keyword.builtin.ClickKeyword.click(ClickKeyword.groovy:74)
	at com.kms.katalon.core.webui.keyword.builtin.ClickKeyword.execute(ClickKeyword.groovy:40)
	at com.kms.katalon.core.keyword.internal.KeywordExecutor.executeKeywordForPlatform(KeywordExecutor.groovy:74)
	at com.kms.katalon.core.webui.keyword.WebUiBuiltInKeywords.click(WebUiBuiltInKeywords.groovy:620)
	at com.kms.katalon.core.webui.keyword.WebUiBuiltInKeywords$click$1.call(Unknown Source)
	at test case 22.run(test case 22:56)
	at com.kms.katalon.core.main.ScriptEngine.run(ScriptEngine.java:194)
	at com.kms.katalon.core.main.ScriptEngine.runScriptAsRawText(ScriptEngine.java:119)
	at com.kms.katalon.core.main.TestCaseExecutor.runScript(TestCaseExecutor.java:442)
	at com.kms.katalon.core.main.TestCaseExecutor.doExecute(TestCaseExecutor.java:433)
	at com.kms.katalon.core.main.TestCaseExecutor.processExecutionPhase(TestCaseExecutor.java:412)
	at com.kms.katalon.core.main.TestCaseExecutor.accessMainPhase(TestCaseExecutor.java:404)
	at com.kms.katalon.core.main.TestCaseExecutor.execute(TestCaseExecutor.java:281)
	at com.kms.katalon.core.main.TestSuiteExecutor.accessTestCaseMainPhase(TestSuiteExecutor.java:202)
	at com.kms.katalon.core.main.TestSuiteExecutor.accessTestSuiteMainPhase(TestSuiteExecutor.java:164)
	at com.kms.katalon.core.main.TestSuiteExecutor.execute(TestSuiteExecutor.java:105)
	at com.kms.katalon.core.main.TestCaseMain.startTestSuite(TestCaseMain.java:181)
	at com.kms.katalon.core.main.TestCaseMain$startTestSuite$0.call(Unknown Source)
	at TempTestSuite1642373806466.run(TempTestSuite1642373806466.groovy:36)
Caused by: com.kms.katalon.core.webui.exception.WebElementNotFoundException: Web element with id: 'Object Repository/Page_Mood Calendar Detailed month view Janu_18fc56/button_Delete event' located by '//button[@id='yui_3_17_2_1_1642337585482_2083']' not found
	at com.kms.katalon.core.webui.common.WebUiCommonHelper.findWebElement(WebUiCommonHelper.java:1368)
	at com.kms.katalon.core.webui.keyword.internal.WebUIAbstractKeyword.findWebElement(WebUIAbstractKeyword.groovy:27)
	at com.kms.katalon.core.webui.keyword.builtin.ClickKeyword$_click_closure1.doCall(ClickKeyword.groovy:65)
	at com.kms.katalon.core.webui.keyword.builtin.ClickKeyword$_click_closure1.call(ClickKeyword.groovy)
	at com.kms.katalon.core.webui.keyword.internal.WebUIKeywordMain.runKeyword(WebUIKeywordMain.groovy:20)
	... 19 more
"/>
         <system-out><![CDATA[2022-01-17 06:34:40 - [TEST_CASE][FAILED] - Test Cases/test case 22: Test Cases/test case 22 FAILED.
Reason:
com.kms.katalon.core.exception.StepFailedException: Unable to click on object 'Object Repository/Page_Mood Calendar Detailed month view Janu_18fc56/button_Delete event'
	at com.kms.katalon.core.webui.keyword.internal.WebUIKeywordMain.stepFailed(WebUIKeywordMain.groovy:64)
	at com.kms.katalon.core.webui.keyword.internal.WebUIKeywordMain.runKeyword(WebUIKeywordMain.groovy:26)
	at com.kms.katalon.core.webui.keyword.builtin.ClickKeyword.click(ClickKeyword.groovy:74)
	at com.kms.katalon.core.webui.keyword.builtin.ClickKeyword.execute(ClickKeyword.groovy:40)
	at com.kms.katalon.core.keyword.internal.KeywordExecutor.executeKeywordForPlatform(KeywordExecutor.groovy:74)
	at com.kms.katalon.core.webui.keyword.WebUiBuiltInKeywords.click(WebUiBuiltInKeywords.groovy:620)
	at com.kms.katalon.core.webui.keyword.WebUiBuiltInKeywords$click$1.call(Unknown Source)
	at test case 22.run(test case 22:56)
	at com.kms.katalon.core.main.ScriptEngine.run(ScriptEngine.java:194)
	at com.kms.katalon.core.main.ScriptEngine.runScriptAsRawText(ScriptEngine.java:119)
	at com.kms.katalon.core.main.TestCaseExecutor.runScript(TestCaseExecutor.java:442)
	at com.kms.katalon.core.main.TestCaseExecutor.doExecute(TestCaseExecutor.java:433)
	at com.kms.katalon.core.main.TestCaseExecutor.processExecutionPhase(TestCaseExecutor.java:412)
	at com.kms.katalon.core.main.TestCaseExecutor.accessMainPhase(TestCaseExecutor.java:404)
	at com.kms.katalon.core.main.TestCaseExecutor.execute(TestCaseExecutor.java:281)
	at com.kms.katalon.core.main.TestSuiteExecutor.accessTestCaseMainPhase(TestSuiteExecutor.java:202)
	at com.kms.katalon.core.main.TestSuiteExecutor.accessTestSuiteMainPhase(TestSuiteExecutor.java:164)
	at com.kms.katalon.core.main.TestSuiteExecutor.execute(TestSuiteExecutor.java:105)
	at com.kms.katalon.core.main.TestCaseMain.startTestSuite(TestCaseMain.java:181)
	at com.kms.katalon.core.main.TestCaseMain$startTestSuite$0.call(Unknown Source)
	at TempTestSuite1642373806466.run(TempTestSuite1642373806466.groovy:36)
Caused by: com.kms.katalon.core.webui.exception.WebElementNotFoundException: Web element with id: 'Object Repository/Page_Mood Calendar Detailed month view Janu_18fc56/button_Delete event' located by '//button[@id='yui_3_17_2_1_1642337585482_2083']' not found
	at com.kms.katalon.core.webui.common.WebUiCommonHelper.findWebElement(WebUiCommonHelper.java:1368)
	at com.kms.katalon.core.webui.keyword.internal.WebUIAbstractKeyword.findWebElement(WebUIAbstractKeyword.groovy:27)
	at com.kms.katalon.core.webui.keyword.builtin.ClickKeyword$_click_closure1.doCall(ClickKeyword.groovy:65)
	at com.kms.katalon.core.webui.keyword.builtin.ClickKeyword$_click_closure1.call(ClickKeyword.groovy)
	at com.kms.katalon.core.webui.keyword.internal.WebUIKeywordMain.runKeyword(WebUIKeywordMain.groovy:20)
	... 19 more


2022-01-17 06:34:40 - [TEST_STEP][PASSED] - openBrowser(""): Browser is opened with url: ''

2022-01-17 06:34:40 - [MESSAGE][INFO] - Starting 'Chrome' driver

2022-01-17 06:34:40 - [MESSAGE][INFO] - Action delay is set to 0 milliseconds

2022-01-17 06:34:41 - [MESSAGE][PASSED] - Browser is opened with url: ''

2022-01-17 06:34:41 - [TEST_STEP][PASSED] - navigateToUrl("http://localhost/"): Navigate to 'http://localhost/' successfully

2022-01-17 06:34:42 - [MESSAGE][PASSED] - Navigate to 'http://localhost/' successfully

2022-01-17 06:34:42 - [TEST_STEP][PASSED] - click(findTestObject("Object Repository/Page_Moodle/a_Log in")): Object: 'Object Repository/Page_Moodle/a_Log in' is clicked on

2022-01-17 06:34:43 - [MESSAGE][PASSED] - Object: 'Object Repository/Page_Moodle/a_Log in' is clicked on

2022-01-17 06:34:43 - [TEST_STEP][PASSED] - setText(findTestObject("Object Repository/Page_Moodle Log in to the site/input_Username_username"), "admin"): Text 'admin' is set on object 'Object Repository/Page_Moodle Log in to the site/input_Username_username'

2022-01-17 06:34:46 - [MESSAGE][PASSED] - Text 'admin' is set on object 'Object Repository/Page_Moodle Log in to the site/input_Username_username'

2022-01-17 06:34:46 - [TEST_STEP][PASSED] - setEncryptedText(findTestObject("Object Repository/Page_Moodle Log in to the site/input_Password_password"), "r6H/uPCyCbQX7sAf5E1f3g=="): Text ****** has been set on object 'Object Repository/Page_Moodle Log in to the site/input_Password_password'

2022-01-17 06:34:48 - [MESSAGE][PASSED] - Text ****** has been set on object 'Object Repository/Page_Moodle Log in to the site/input_Password_password'

2022-01-17 06:34:48 - [TEST_STEP][PASSED] - click(findTestObject("Object Repository/Page_Moodle Log in to the site/button_Log in")): Object: 'Object Repository/Page_Moodle Log in to the site/button_Log in' is clicked on

2022-01-17 06:34:51 - [MESSAGE][PASSED] - Object: 'Object Repository/Page_Moodle Log in to the site/button_Log in' is clicked on

2022-01-17 06:34:51 - [TEST_STEP][PASSED] - waitForElementVisible(findTestObject("Object Repository/Page_Dashboard/a_January 2022"), 0): Object 'Object Repository/Page_Dashboard/a_January 2022' is visible

2022-01-17 06:34:51 - [MESSAGE][WARNING] - Timeout '0' is invalid. Using default page load timeout: '30'

2022-01-17 06:35:23 - [MESSAGE][INFO] - Unable to find the element located by 'By.xpath: //div[@id='month-mini-2022-1-5']/table/caption/span[2]/a'. Please recheck the objects properties to make sure the desired element is located. 

2022-01-17 06:35:23 - [MESSAGE][WARNING] - [SELF-HEALING] Failed to find element with id 'Object Repository/Page_Dashboard/a_January 2022'. Try using Self-healing.

2022-01-17 06:35:25 - [MESSAGE][WARNING] - [SELF-HEALING] The current locator of test object 'Object Repository/Page_Dashboard/a_January 2022' was broken. Propose an alternative one: '//a[contains(text(),'January 2022')]'.

2022-01-17 06:35:25 - [MESSAGE][PASSED] - Object 'Object Repository/Page_Dashboard/a_January 2022' is visible

2022-01-17 06:35:25 - [TEST_STEP][PASSED] - click(findTestObject("Object Repository/Page_Dashboard/a_January 2022")): Object: 'Object Repository/Page_Dashboard/a_January 2022' is clicked on

2022-01-17 06:35:58 - [MESSAGE][INFO] - Unable to find the element located by 'By.xpath: //div[@id='month-mini-2022-1-5']/table/caption/span[2]/a'. Please recheck the objects properties to make sure the desired element is located. 

2022-01-17 06:35:58 - [MESSAGE][WARNING] - [SELF-HEALING] Failed to find element with id 'Object Repository/Page_Dashboard/a_January 2022'. Try using Self-healing.

2022-01-17 06:36:00 - [MESSAGE][WARNING] - [SELF-HEALING] The current locator of test object 'Object Repository/Page_Dashboard/a_January 2022' was broken. Propose an alternative one: '//a[contains(text(),'January 2022')]'.

2022-01-17 06:36:00 - [MESSAGE][PASSED] - Object: 'Object Repository/Page_Dashboard/a_January 2022' is clicked on

2022-01-17 06:36:00 - [TEST_STEP][PASSED] - click(findTestObject("Object Repository/Page_Mood Calendar Detailed month view Janu_18fc56/button_New event")): Object: 'Object Repository/Page_Mood Calendar Detailed month view Janu_18fc56/button_New event' is clicked on

2022-01-17 06:36:32 - [MESSAGE][INFO] - Unable to find the element located by 'By.xpath: //div[@id='calendar-month-61e41531799f761e4153150b4a16']/div/button'. Please recheck the objects properties to make sure the desired element is located. 

2022-01-17 06:36:32 - [MESSAGE][WARNING] - [SELF-HEALING] Failed to find element with id 'Object Repository/Page_Mood Calendar Detailed month view Janu_18fc56/button_New event'. Try using Self-healing.

2022-01-17 06:36:34 - [MESSAGE][WARNING] - [SELF-HEALING] The current locator of test object 'Object Repository/Page_Mood Calendar Detailed month view Janu_18fc56/button_New event' was broken. Propose an alternative one: '(.//*[normalize-space(text()) and normalize-space(.)='List of courses'])[1]/following::button[1]'.

2022-01-17 06:36:34 - [MESSAGE][PASSED] - Object: 'Object Repository/Page_Mood Calendar Detailed month view Janu_18fc56/button_New event' is clicked on

2022-01-17 06:36:34 - [TEST_STEP][PASSED] - setText(findTestObject("Object Repository/Page_Mood Calendar Detailed month view Janu_18fc56/input_Event title_name"), "Seminar for Final Examination"): Text 'Seminar for Final Examination' is set on object 'Object Repository/Page_Mood Calendar Detailed month view Janu_18fc56/input_Event title_name'

2022-01-17 06:37:01 - [MESSAGE][PASSED] - Text 'Seminar for Final Examination' is set on object 'Object Repository/Page_Mood Calendar Detailed month view Janu_18fc56/input_Event title_name'

2022-01-17 06:37:01 - [TEST_STEP][PASSED] - selectOptionByValue(findTestObject("Object Repository/Page_Mood Calendar Detailed month view Janu_18fc56/select_1        2        3        4        _45ea30"), "26", true): All options with value '26' are selected in object 'Object Repository/Page_Mood Calendar Detailed month view Janu_18fc56/select_1        2        3        4        _45ea30'  using regular expression

2022-01-17 06:37:09 - [MESSAGE][PASSED] - All options with value '26' are selected in object 'Object Repository/Page_Mood Calendar Detailed month view Janu_18fc56/select_1        2        3        4        _45ea30'  using regular expression

2022-01-17 06:37:09 - [TEST_STEP][PASSED] - selectOptionByValue(findTestObject("Object Repository/Page_Mood Calendar Detailed month view Janu_18fc56/select_00        01        02        03    _f6e37b"), "0", true): All options with value '0' are selected in object 'Object Repository/Page_Mood Calendar Detailed month view Janu_18fc56/select_00        01        02        03    _f6e37b'  using regular expression

2022-01-17 06:37:15 - [MESSAGE][PASSED] - All options with value '0' are selected in object 'Object Repository/Page_Mood Calendar Detailed month view Janu_18fc56/select_00        01        02        03    _f6e37b'  using regular expression

2022-01-17 06:37:15 - [TEST_STEP][PASSED] - click(findTestObject("Object Repository/Page_Mood Calendar Detailed month view Janu_18fc56/button_Save")): Object: 'Object Repository/Page_Mood Calendar Detailed month view Janu_18fc56/button_Save' is clicked on

2022-01-17 06:37:47 - [MESSAGE][INFO] - Unable to find the element located by 'By.xpath: //button[@id='yui_3_17_2_1_1642337585482_1306']'. Please recheck the objects properties to make sure the desired element is located. 

2022-01-17 06:37:47 - [MESSAGE][WARNING] - [SELF-HEALING] Failed to find element with id 'Object Repository/Page_Mood Calendar Detailed month view Janu_18fc56/button_Save'. Try using Self-healing.

2022-01-17 06:37:49 - [MESSAGE][WARNING] - [SELF-HEALING] The current locator of test object 'Object Repository/Page_Mood Calendar Detailed month view Janu_18fc56/button_Save' was broken. Propose an alternative one: '(.//*[normalize-space(text()) and normalize-space(.)='Repeat weekly, creating altogether'])[1]/following::button[1]'.

2022-01-17 06:37:49 - [MESSAGE][PASSED] - Object: 'Object Repository/Page_Mood Calendar Detailed month view Janu_18fc56/button_Save' is clicked on

2022-01-17 06:37:49 - [TEST_STEP][PASSED] - click(findTestObject("Object Repository/Page_Mood Calendar Detailed month view Janu_18fc56/span_Seminar for Final Examination")): Object: 'Object Repository/Page_Mood Calendar Detailed month view Janu_18fc56/span_Seminar for Final Examination' is clicked on

2022-01-17 06:38:21 - [MESSAGE][INFO] - Unable to find the element located by 'By.xpath: //a[@id='yui_3_17_2_1_1642179747286_1999']/span[2]'. Please recheck the objects properties to make sure the desired element is located. 

2022-01-17 06:38:21 - [MESSAGE][WARNING] - [SELF-HEALING] Failed to find element with id 'Object Repository/Page_Mood Calendar Detailed month view Janu_18fc56/span_Seminar for Final Examination'. Try using Self-healing.

2022-01-17 06:38:23 - [MESSAGE][WARNING] - [SELF-HEALING] The current locator of test object 'Object Repository/Page_Mood Calendar Detailed month view Janu_18fc56/span_Seminar for Final Examination' was broken. Propose an alternative one: '(.//*[normalize-space(text()) and normalize-space(.)='No events, Tuesday, 25 January'])[2]/following::span[4]'.

2022-01-17 06:38:23 - [MESSAGE][PASSED] - Object: 'Object Repository/Page_Mood Calendar Detailed month view Janu_18fc56/span_Seminar for Final Examination' is clicked on

2022-01-17 06:38:23 - [TEST_STEP][PASSED] - waitForElementVisible(findTestObject("Object Repository/Page_Mood Calendar Detailed month view Janu_18fc56/button_Delete"), 0): Object 'Object Repository/Page_Mood Calendar Detailed month view Janu_18fc56/button_Delete' is visible

2022-01-17 06:38:23 - [MESSAGE][WARNING] - Timeout '0' is invalid. Using default page load timeout: '30'

2022-01-17 06:38:55 - [MESSAGE][INFO] - Unable to find the element located by 'By.xpath: //button[@id='yui_3_17_2_1_1642337585482_2067']'. Please recheck the objects properties to make sure the desired element is located. 

2022-01-17 06:38:55 - [MESSAGE][WARNING] - [SELF-HEALING] Failed to find element with id 'Object Repository/Page_Mood Calendar Detailed month view Janu_18fc56/button_Delete'. Try using Self-healing.

2022-01-17 06:38:57 - [MESSAGE][INFO] - Unable to find the element located by 'By.xpath: (.//*[normalize-space(text()) and normalize-space(.)='Introduction to Computer Science'])[3]/following::button[1]'. Please recheck the objects properties to make sure the desired element is located. 

2022-01-17 06:38:59 - [MESSAGE][INFO] - Unable to find the element located by 'By.xpath: (.//*[normalize-space(text()) and normalize-space(.)='User event'])[1]/following::button[1]'. Please recheck the objects properties to make sure the desired element is located. 

2022-01-17 06:39:01 - [MESSAGE][WARNING] - [SELF-HEALING] The current locator of test object 'Object Repository/Page_Mood Calendar Detailed month view Janu_18fc56/button_Delete' was broken. Propose an alternative one: '(.//*[normalize-space(text()) and normalize-space(.)='Edit'])[1]/preceding::button[1]'.

2022-01-17 06:39:01 - [MESSAGE][PASSED] - Object 'Object Repository/Page_Mood Calendar Detailed month view Janu_18fc56/button_Delete' is visible

2022-01-17 06:39:01 - [TEST_STEP][PASSED] - click(findTestObject("Object Repository/Page_Mood Calendar Detailed month view Janu_18fc56/button_Delete")): Object: 'Object Repository/Page_Mood Calendar Detailed month view Janu_18fc56/button_Delete' is clicked on

2022-01-17 06:39:34 - [MESSAGE][INFO] - Unable to find the element located by 'By.xpath: //button[@id='yui_3_17_2_1_1642337585482_2067']'. Please recheck the objects properties to make sure the desired element is located. 

2022-01-17 06:39:34 - [MESSAGE][WARNING] - [SELF-HEALING] Failed to find element with id 'Object Repository/Page_Mood Calendar Detailed month view Janu_18fc56/button_Delete'. Try using Self-healing.

2022-01-17 06:39:36 - [MESSAGE][INFO] - Unable to find the element located by 'By.xpath: (.//*[normalize-space(text()) and normalize-space(.)='Introduction to Computer Science'])[3]/following::button[1]'. Please recheck the objects properties to make sure the desired element is located. 

2022-01-17 06:39:38 - [MESSAGE][WARNING] - [SELF-HEALING] The current locator of test object 'Object Repository/Page_Mood Calendar Detailed month view Janu_18fc56/button_Delete' was broken. Propose an alternative one: '(.//*[normalize-space(text()) and normalize-space(.)='User event'])[1]/following::button[1]'.

2022-01-17 06:39:38 - [MESSAGE][PASSED] - Object: 'Object Repository/Page_Mood Calendar Detailed month view Janu_18fc56/button_Delete' is clicked on

2022-01-17 06:39:38 - [TEST_STEP][FAILED] - click(findTestObject("Object Repository/Page_Mood Calendar Detailed month view Janu_18fc56/button_Delete event")): Unable to click on object 'Object Repository/Page_Mood Calendar Detailed month view Janu_18fc56/button_Delete event' (Root cause: com.kms.katalon.core.exception.StepFailedException: Unable to click on object 'Object Repository/Page_Mood Calendar Detailed month view Janu_18fc56/button_Delete event'
	at com.kms.katalon.core.webui.keyword.internal.WebUIKeywordMain.stepFailed(WebUIKeywordMain.groovy:64)
	at com.kms.katalon.core.webui.keyword.internal.WebUIKeywordMain.runKeyword(WebUIKeywordMain.groovy:26)
	at com.kms.katalon.core.webui.keyword.builtin.ClickKeyword.click(ClickKeyword.groovy:74)
	at com.kms.katalon.core.webui.keyword.builtin.ClickKeyword.execute(ClickKeyword.groovy:40)
	at com.kms.katalon.core.keyword.internal.KeywordExecutor.executeKeywordForPlatform(KeywordExecutor.groovy:74)
	at com.kms.katalon.core.webui.keyword.WebUiBuiltInKeywords.click(WebUiBuiltInKeywords.groovy:620)
	at com.kms.katalon.core.webui.keyword.WebUiBuiltInKeywords$click$1.call(Unknown Source)
	at test case 22.run(test case 22:56)
	at com.kms.katalon.core.main.ScriptEngine.run(ScriptEngine.java:194)
	at com.kms.katalon.core.main.ScriptEngine.runScriptAsRawText(ScriptEngine.java:119)
	at com.kms.katalon.core.main.TestCaseExecutor.runScript(TestCaseExecutor.java:442)
	at com.kms.katalon.core.main.TestCaseExecutor.doExecute(TestCaseExecutor.java:433)
	at com.kms.katalon.core.main.TestCaseExecutor.processExecutionPhase(TestCaseExecutor.java:412)
	at com.kms.katalon.core.main.TestCaseExecutor.accessMainPhase(TestCaseExecutor.java:404)
	at com.kms.katalon.core.main.TestCaseExecutor.execute(TestCaseExecutor.java:281)
	at com.kms.katalon.core.main.TestSuiteExecutor.accessTestCaseMainPhase(TestSuiteExecutor.java:202)
	at com.kms.katalon.core.main.TestSuiteExecutor.accessTestSuiteMainPhase(TestSuiteExecutor.java:164)
	at com.kms.katalon.core.main.TestSuiteExecutor.execute(TestSuiteExecutor.java:105)
	at com.kms.katalon.core.main.TestCaseMain.startTestSuite(TestCaseMain.java:181)
	at com.kms.katalon.core.main.TestCaseMain$startTestSuite$0.call(Unknown Source)
	at TempTestSuite1642373806466.run(TempTestSuite1642373806466.groovy:36)
Caused by: com.kms.katalon.core.webui.exception.WebElementNotFoundException: Web element with id: 'Object Repository/Page_Mood Calendar Detailed month view Janu_18fc56/button_Delete event' located by '//button[@id='yui_3_17_2_1_1642337585482_2083']' not found
	at com.kms.katalon.core.webui.common.WebUiCommonHelper.findWebElement(WebUiCommonHelper.java:1368)
	at com.kms.katalon.core.webui.keyword.internal.WebUIAbstractKeyword.findWebElement(WebUIAbstractKeyword.groovy:27)
	at com.kms.katalon.core.webui.keyword.builtin.ClickKeyword$_click_closure1.doCall(ClickKeyword.groovy:65)
	at com.kms.katalon.core.webui.keyword.builtin.ClickKeyword$_click_closure1.call(ClickKeyword.groovy)
	at com.kms.katalon.core.webui.keyword.internal.WebUIKeywordMain.runKeyword(WebUIKeywordMain.groovy:20)
	at com.kms.katalon.core.webui.keyword.builtin.ClickKeyword.click(ClickKeyword.groovy:74)
	at com.kms.katalon.core.webui.keyword.builtin.ClickKeyword.execute(ClickKeyword.groovy:40)
	at com.kms.katalon.core.keyword.internal.KeywordExecutor.executeKeywordForPlatform(KeywordExecutor.groovy:74)
	at com.kms.katalon.core.webui.keyword.WebUiBuiltInKeywords.click(WebUiBuiltInKeywords.groovy:620)
	at com.kms.katalon.core.webui.keyword.WebUiBuiltInKeywords$click$1.call(Unknown Source)
	at Script1642251145288.run(Script1642251145288.groovy:56)
	... 13 more
)

2022-01-17 06:40:10 - [MESSAGE][INFO] - Unable to find the element located by 'By.xpath: //button[@id='yui_3_17_2_1_1642337585482_2083']'. Please recheck the objects properties to make sure the desired element is located. 

2022-01-17 06:40:10 - [MESSAGE][WARNING] - [SELF-HEALING] Failed to find element with id 'Object Repository/Page_Mood Calendar Detailed month view Janu_18fc56/button_Delete event'. Try using Self-healing.

2022-01-17 06:40:12 - [MESSAGE][INFO] - Unable to find the element located by 'By.xpath: (.//*[normalize-space(text()) and normalize-space(.)=concat('Are you sure you want to delete the ', '"', 'Festival at uni', '"', ' event?')])[1]/following::button[1]'. Please recheck the objects properties to make sure the desired element is located. 

2022-01-17 06:40:14 - [MESSAGE][INFO] - Unable to find the element located by 'By.xpath: (.//*[normalize-space(text()) and normalize-space(.)='Delete event'])[1]/following::button[2]'. Please recheck the objects properties to make sure the desired element is located. 

2022-01-17 06:40:16 - [MESSAGE][INFO] - Unable to find the element located by 'By.xpath: (.//*[normalize-space(text()) and normalize-space(.)=concat('Are you sure you want to delete the ', '"', 'Tet Quiz', '"', ' event?')])[1]/following::button[1]'. Please recheck the objects properties to make sure the desired element is located. 

2022-01-17 06:40:18 - [MESSAGE][INFO] - [SELF-HEALING] Failed Locator: '//button[@id='yui_3_17_2_1_1642337585482_2083']'.

2022-01-17 06:40:20 - [MESSAGE][INFO] - [SELF-HEALING] Failed Locator: '//div[@id='yui_3_17_2_1_1642337585482_2084']/button'.

2022-01-17 06:40:22 - [MESSAGE][INFO] - [SELF-HEALING] Failed Locator: '(.//*[normalize-space(text()) and normalize-space(.)=concat('Are you sure you want to delete the ', '"', 'Tet Quiz', '"', ' event?')])[1]/following::button[1]'.

2022-01-17 06:40:24 - [MESSAGE][INFO] - [SELF-HEALING] Failed Locator: '(.//*[normalize-space(text()) and normalize-space(.)='Delete event'])[1]/following::button[2]'.

2022-01-17 06:40:26 - [MESSAGE][INFO] - [SELF-HEALING] Failed Locator: '(.//*[normalize-space(text()) and normalize-space(.)='Cancel'])[2]/preceding::button[1]'.

2022-01-17 06:40:28 - [MESSAGE][INFO] - [SELF-HEALING] Failed Locator: '//div[12]/div[2]/div/div/div[3]/button'.

2022-01-17 06:40:30 - [MESSAGE][INFO] - [SELF-HEALING] Failed Locator: '//button[@id='yui_3_17_2_1_1642219203535_2017']'.

2022-01-17 06:40:32 - [MESSAGE][INFO] - [SELF-HEALING] Failed Locator: '//div[@id='yui_3_17_2_1_1642219203535_2018']/button'.

2022-01-17 06:40:34 - [MESSAGE][INFO] - [SELF-HEALING] Failed Locator: '(.//*[normalize-space(text()) and normalize-space(.)=concat('Are you sure you want to delete the ', '"', 'Festival at uni', '"', ' event?')])[1]/following::button[1]'.

2022-01-17 06:40:36 - [MESSAGE][INFO] - [SELF-HEALING] Failed Locator: '//button[@id='yui_3_17_2_1_1642218675660_2014']'.

2022-01-17 06:40:38 - [MESSAGE][INFO] - [SELF-HEALING] Failed Locator: '//div[@id='yui_3_17_2_1_1642218675660_2015']/button'.

2022-01-17 06:40:40 - [MESSAGE][INFO] - [SELF-HEALING] Failed Locator: '//button[@id='yui_3_17_2_1_1642213542869_2063']'.

2022-01-17 06:40:42 - [MESSAGE][INFO] - [SELF-HEALING] Failed Locator: '//div[@id='yui_3_17_2_1_1642213542869_2064']/button'.

2022-01-17 06:40:44 - [MESSAGE][INFO] - [SELF-HEALING] Failed Locator: '//button[@id='yui_3_17_2_1_1642179747286_2041']'.

2022-01-17 06:40:46 - [MESSAGE][INFO] - [SELF-HEALING] Failed Locator: '//div[@id='yui_3_17_2_1_1642179747286_2042']/button'.

2022-01-17 06:40:48 - [MESSAGE][INFO] - [SELF-HEALING] Failed Locator: '(.//*[normalize-space(text()) and normalize-space(.)=concat('Are you sure you want to delete the ', '"', 'Seminar for Final Examination', '"', ' event?')])[1]/following::button[1]'.

2022-01-17 06:40:50 - [MESSAGE][INFO] - Unable to find the element located by 'By.xpath: //*[@type = 'button' and @id = 'yui_3_17_2_1_1642337585482_2083' and (text() = 'Delete event' or . = 'Delete event')]'. Please recheck the objects properties to make sure the desired element is located. 

2022-01-17 06:40:52 - [MESSAGE][INFO] - Unable to find the element located by 'By.cssSelector: #yui_3_17_2_1_1642337585482_2083'. Please recheck the objects properties to make sure the desired element is located. 

2022-01-17 06:40:53 - [MESSAGE][FAILED] - Unable to click on object 'Object Repository/Page_Mood Calendar Detailed month view Janu_18fc56/button_Delete event' (Root cause: com.kms.katalon.core.exception.StepFailedException: Unable to click on object 'Object Repository/Page_Mood Calendar Detailed month view Janu_18fc56/button_Delete event'
	at com.kms.katalon.core.webui.keyword.internal.WebUIKeywordMain.stepFailed(WebUIKeywordMain.groovy:64)
	at com.kms.katalon.core.webui.keyword.internal.WebUIKeywordMain.runKeyword(WebUIKeywordMain.groovy:26)
	at com.kms.katalon.core.webui.keyword.builtin.ClickKeyword.click(ClickKeyword.groovy:74)
	at com.kms.katalon.core.webui.keyword.builtin.ClickKeyword.execute(ClickKeyword.groovy:40)
	at com.kms.katalon.core.keyword.internal.KeywordExecutor.executeKeywordForPlatform(KeywordExecutor.groovy:74)
	at com.kms.katalon.core.webui.keyword.WebUiBuiltInKeywords.click(WebUiBuiltInKeywords.groovy:620)
	at com.kms.katalon.core.webui.keyword.WebUiBuiltInKeywords$click$1.call(Unknown Source)
	at test case 22.run(test case 22:56)
	at com.kms.katalon.core.main.ScriptEngine.run(ScriptEngine.java:194)
	at com.kms.katalon.core.main.ScriptEngine.runScriptAsRawText(ScriptEngine.java:119)
	at com.kms.katalon.core.main.TestCaseExecutor.runScript(TestCaseExecutor.java:442)
	at com.kms.katalon.core.main.TestCaseExecutor.doExecute(TestCaseExecutor.java:433)
	at com.kms.katalon.core.main.TestCaseExecutor.processExecutionPhase(TestCaseExecutor.java:412)
	at com.kms.katalon.core.main.TestCaseExecutor.accessMainPhase(TestCaseExecutor.java:404)
	at com.kms.katalon.core.main.TestCaseExecutor.execute(TestCaseExecutor.java:281)
	at com.kms.katalon.core.main.TestSuiteExecutor.accessTestCaseMainPhase(TestSuiteExecutor.java:202)
	at com.kms.katalon.core.main.TestSuiteExecutor.accessTestSuiteMainPhase(TestSuiteExecutor.java:164)
	at com.kms.katalon.core.main.TestSuiteExecutor.execute(TestSuiteExecutor.java:105)
	at com.kms.katalon.core.main.TestCaseMain.startTestSuite(TestCaseMain.java:181)
	at com.kms.katalon.core.main.TestCaseMain$startTestSuite$0.call(Unknown Source)
	at TempTestSuite1642373806466.run(TempTestSuite1642373806466.groovy:36)
Caused by: com.kms.katalon.core.webui.exception.WebElementNotFoundException: Web element with id: 'Object Repository/Page_Mood Calendar Detailed month view Janu_18fc56/button_Delete event' located by '//button[@id='yui_3_17_2_1_1642337585482_2083']' not found
	at com.kms.katalon.core.webui.common.WebUiCommonHelper.findWebElement(WebUiCommonHelper.java:1368)
	at com.kms.katalon.core.webui.keyword.internal.WebUIAbstractKeyword.findWebElement(WebUIAbstractKeyword.groovy:27)
	at com.kms.katalon.core.webui.keyword.builtin.ClickKeyword$_click_closure1.doCall(ClickKeyword.groovy:65)
	at com.kms.katalon.core.webui.keyword.builtin.ClickKeyword$_click_closure1.call(ClickKeyword.groovy)
	at com.kms.katalon.core.webui.keyword.internal.WebUIKeywordMain.runKeyword(WebUIKeywordMain.groovy:20)
	at com.kms.katalon.core.webui.keyword.builtin.ClickKeyword.click(ClickKeyword.groovy:74)
	at com.kms.katalon.core.webui.keyword.builtin.ClickKeyword.execute(ClickKeyword.groovy:40)
	at com.kms.katalon.core.keyword.internal.KeywordExecutor.executeKeywordForPlatform(KeywordExecutor.groovy:74)
	at com.kms.katalon.core.webui.keyword.WebUiBuiltInKeywords.click(WebUiBuiltInKeywords.groovy:620)
	at com.kms.katalon.core.webui.keyword.WebUiBuiltInKeywords$click$1.call(Unknown Source)
	at Script1642251145288.run(Script1642251145288.groovy:56)
	... 13 more
)
[[ATTACHMENT|D:\\Test-Automation-SE-Bonus\\Test-Automation-SE-Bonus\\Reports\\20220117_055646\\Run all test cases\\20220117_055646\\1642376452403.png]]]]></system-out>
         <system-err><![CDATA[2022-01-17 06:34:40 - [TEST_CASE][FAILED] - Test Cases/test case 22: Test Cases/test case 22 FAILED.
Reason:
com.kms.katalon.core.exception.StepFailedException: Unable to click on object 'Object Repository/Page_Mood Calendar Detailed month view Janu_18fc56/button_Delete event'
	at com.kms.katalon.core.webui.keyword.internal.WebUIKeywordMain.stepFailed(WebUIKeywordMain.groovy:64)
	at com.kms.katalon.core.webui.keyword.internal.WebUIKeywordMain.runKeyword(WebUIKeywordMain.groovy:26)
	at com.kms.katalon.core.webui.keyword.builtin.ClickKeyword.click(ClickKeyword.groovy:74)
	at com.kms.katalon.core.webui.keyword.builtin.ClickKeyword.execute(ClickKeyword.groovy:40)
	at com.kms.katalon.core.keyword.internal.KeywordExecutor.executeKeywordForPlatform(KeywordExecutor.groovy:74)
	at com.kms.katalon.core.webui.keyword.WebUiBuiltInKeywords.click(WebUiBuiltInKeywords.groovy:620)
	at com.kms.katalon.core.webui.keyword.WebUiBuiltInKeywords$click$1.call(Unknown Source)
	at test case 22.run(test case 22:56)
	at com.kms.katalon.core.main.ScriptEngine.run(ScriptEngine.java:194)
	at com.kms.katalon.core.main.ScriptEngine.runScriptAsRawText(ScriptEngine.java:119)
	at com.kms.katalon.core.main.TestCaseExecutor.runScript(TestCaseExecutor.java:442)
	at com.kms.katalon.core.main.TestCaseExecutor.doExecute(TestCaseExecutor.java:433)
	at com.kms.katalon.core.main.TestCaseExecutor.processExecutionPhase(TestCaseExecutor.java:412)
	at com.kms.katalon.core.main.TestCaseExecutor.accessMainPhase(TestCaseExecutor.java:404)
	at com.kms.katalon.core.main.TestCaseExecutor.execute(TestCaseExecutor.java:281)
	at com.kms.katalon.core.main.TestSuiteExecutor.accessTestCaseMainPhase(TestSuiteExecutor.java:202)
	at com.kms.katalon.core.main.TestSuiteExecutor.accessTestSuiteMainPhase(TestSuiteExecutor.java:164)
	at com.kms.katalon.core.main.TestSuiteExecutor.execute(TestSuiteExecutor.java:105)
	at com.kms.katalon.core.main.TestCaseMain.startTestSuite(TestCaseMain.java:181)
	at com.kms.katalon.core.main.TestCaseMain$startTestSuite$0.call(Unknown Source)
	at TempTestSuite1642373806466.run(TempTestSuite1642373806466.groovy:36)
Caused by: com.kms.katalon.core.webui.exception.WebElementNotFoundException: Web element with id: 'Object Repository/Page_Mood Calendar Detailed month view Janu_18fc56/button_Delete event' located by '//button[@id='yui_3_17_2_1_1642337585482_2083']' not found
	at com.kms.katalon.core.webui.common.WebUiCommonHelper.findWebElement(WebUiCommonHelper.java:1368)
	at com.kms.katalon.core.webui.keyword.internal.WebUIAbstractKeyword.findWebElement(WebUIAbstractKeyword.groovy:27)
	at com.kms.katalon.core.webui.keyword.builtin.ClickKeyword$_click_closure1.doCall(ClickKeyword.groovy:65)
	at com.kms.katalon.core.webui.keyword.builtin.ClickKeyword$_click_closure1.call(ClickKeyword.groovy)
	at com.kms.katalon.core.webui.keyword.internal.WebUIKeywordMain.runKeyword(WebUIKeywordMain.groovy:20)
	... 19 more]]></system-err>
      </testcase>
      <testcase name="Test Cases/test case 23" time="104.02" classname="Test Cases/test case 23" status="PASSED">
         <system-out><![CDATA[2022-01-17 06:40:53 - [TEST_CASE][PASSED] - Test Cases/test case 23: Test Cases/test case 23

2022-01-17 06:40:53 - [TEST_STEP][PASSED] - openBrowser(""): Browser is opened with url: ''

2022-01-17 06:40:53 - [MESSAGE][WARNING] - A browser is already opened. Closing browser and opening a new one

2022-01-17 06:40:54 - [MESSAGE][INFO] - Starting 'Chrome' driver

2022-01-17 06:40:54 - [MESSAGE][INFO] - Action delay is set to 0 milliseconds

2022-01-17 06:40:55 - [MESSAGE][PASSED] - Browser is opened with url: ''

2022-01-17 06:40:55 - [TEST_STEP][PASSED] - navigateToUrl("http://localhost/"): Navigate to 'http://localhost/' successfully

2022-01-17 06:40:56 - [MESSAGE][PASSED] - Navigate to 'http://localhost/' successfully

2022-01-17 06:40:56 - [TEST_STEP][PASSED] - click(findTestObject("Object Repository/Page_Moodle/a_Log in")): Object: 'Object Repository/Page_Moodle/a_Log in' is clicked on

2022-01-17 06:40:57 - [MESSAGE][PASSED] - Object: 'Object Repository/Page_Moodle/a_Log in' is clicked on

2022-01-17 06:40:57 - [TEST_STEP][PASSED] - setText(findTestObject("Object Repository/Page_Moodle Log in to the site/input_Username_username"), "admin"): Text 'admin' is set on object 'Object Repository/Page_Moodle Log in to the site/input_Username_username'

2022-01-17 06:40:58 - [MESSAGE][PASSED] - Text 'admin' is set on object 'Object Repository/Page_Moodle Log in to the site/input_Username_username'

2022-01-17 06:40:58 - [TEST_STEP][PASSED] - setEncryptedText(findTestObject("Object Repository/Page_Moodle Log in to the site/input_Password_password"), "r6H/uPCyCbQX7sAf5E1f3g=="): Text ****** has been set on object 'Object Repository/Page_Moodle Log in to the site/input_Password_password'

2022-01-17 06:40:58 - [MESSAGE][PASSED] - Text ****** has been set on object 'Object Repository/Page_Moodle Log in to the site/input_Password_password'

2022-01-17 06:40:58 - [TEST_STEP][PASSED] - click(findTestObject("Object Repository/Page_Moodle Log in to the site/button_Log in")): Object: 'Object Repository/Page_Moodle Log in to the site/button_Log in' is clicked on

2022-01-17 06:40:59 - [MESSAGE][PASSED] - Object: 'Object Repository/Page_Moodle Log in to the site/button_Log in' is clicked on

2022-01-17 06:40:59 - [TEST_STEP][PASSED] - verifyElementText(findTestObject("Object Repository/Page_Dashboard/span_Calendar"), "Calendar"): Actual text and expected text of test object 'Object Repository/Page_Dashboard/span_Calendar' are matched.

2022-01-17 06:41:00 - [MESSAGE][PASSED] - Actual text and expected text of test object 'Object Repository/Page_Dashboard/span_Calendar' are matched.

2022-01-17 06:41:00 - [TEST_STEP][PASSED] - click(findTestObject("Object Repository/Page_Dashboard/span_Calendar")): Object: 'Object Repository/Page_Dashboard/span_Calendar' is clicked on

2022-01-17 06:41:01 - [MESSAGE][PASSED] - Object: 'Object Repository/Page_Dashboard/span_Calendar' is clicked on

2022-01-17 06:41:01 - [TEST_STEP][PASSED] - waitForElementVisible(findTestObject("Object Repository/Page_Mood Calendar Detailed month view Janu_18fc56/button_New event"), 0): Object 'Object Repository/Page_Mood Calendar Detailed month view Janu_18fc56/button_New event' is visible

2022-01-17 06:41:01 - [MESSAGE][WARNING] - Timeout '0' is invalid. Using default page load timeout: '30'

2022-01-17 06:41:32 - [MESSAGE][INFO] - Unable to find the element located by 'By.xpath: //div[@id='calendar-month-61e41531799f761e4153150b4a16']/div/button'. Please recheck the objects properties to make sure the desired element is located. 

2022-01-17 06:41:32 - [MESSAGE][WARNING] - [SELF-HEALING] Failed to find element with id 'Object Repository/Page_Mood Calendar Detailed month view Janu_18fc56/button_New event'. Try using Self-healing.

2022-01-17 06:41:32 - [MESSAGE][WARNING] - [SELF-HEALING] The current locator of test object 'Object Repository/Page_Mood Calendar Detailed month view Janu_18fc56/button_New event' was broken. Propose an alternative one: '(.//*[normalize-space(text()) and normalize-space(.)='List of courses'])[1]/following::button[1]'.

2022-01-17 06:41:32 - [MESSAGE][PASSED] - Object 'Object Repository/Page_Mood Calendar Detailed month view Janu_18fc56/button_New event' is visible

2022-01-17 06:41:32 - [TEST_STEP][PASSED] - click(findTestObject("Object Repository/Page_Mood Calendar Detailed month view Janu_18fc56/button_New event")): Object: 'Object Repository/Page_Mood Calendar Detailed month view Janu_18fc56/button_New event' is clicked on

2022-01-17 06:42:04 - [MESSAGE][INFO] - Unable to find the element located by 'By.xpath: //div[@id='calendar-month-61e41531799f761e4153150b4a16']/div/button'. Please recheck the objects properties to make sure the desired element is located. 

2022-01-17 06:42:04 - [MESSAGE][WARNING] - [SELF-HEALING] Failed to find element with id 'Object Repository/Page_Mood Calendar Detailed month view Janu_18fc56/button_New event'. Try using Self-healing.

2022-01-17 06:42:04 - [MESSAGE][WARNING] - [SELF-HEALING] The current locator of test object 'Object Repository/Page_Mood Calendar Detailed month view Janu_18fc56/button_New event' was broken. Propose an alternative one: '(.//*[normalize-space(text()) and normalize-space(.)='List of courses'])[1]/following::button[1]'.

2022-01-17 06:42:04 - [MESSAGE][PASSED] - Object: 'Object Repository/Page_Mood Calendar Detailed month view Janu_18fc56/button_New event' is clicked on

2022-01-17 06:42:04 - [TEST_STEP][PASSED] - click(findTestObject("Object Repository/Page_Mood Calendar Detailed month view Janu_18fc56/button_Save")): Object: 'Object Repository/Page_Mood Calendar Detailed month view Janu_18fc56/button_Save' is clicked on

2022-01-17 06:42:35 - [MESSAGE][INFO] - Unable to find the element located by 'By.xpath: //button[@id='yui_3_17_2_1_1642337585482_1306']'. Please recheck the objects properties to make sure the desired element is located. 

2022-01-17 06:42:35 - [MESSAGE][WARNING] - [SELF-HEALING] Failed to find element with id 'Object Repository/Page_Mood Calendar Detailed month view Janu_18fc56/button_Save'. Try using Self-healing.

2022-01-17 06:42:36 - [MESSAGE][WARNING] - [SELF-HEALING] The current locator of test object 'Object Repository/Page_Mood Calendar Detailed month view Janu_18fc56/button_Save' was broken. Propose an alternative one: '(.//*[normalize-space(text()) and normalize-space(.)='Repeat weekly, creating altogether'])[1]/following::button[1]'.

2022-01-17 06:42:36 - [MESSAGE][PASSED] - Object: 'Object Repository/Page_Mood Calendar Detailed month view Janu_18fc56/button_Save' is clicked on

2022-01-17 06:42:36 - [TEST_STEP][PASSED] - verifyElementText(findTestObject("Object Repository/Page_Mood Calendar Detailed month view Janu_18fc56/div_- Required"), "- Required"): Actual text and expected text of test object 'Object Repository/Page_Mood Calendar Detailed month view Janu_18fc56/div_- Required' are matched.

2022-01-17 06:42:36 - [MESSAGE][PASSED] - Actual text and expected text of test object 'Object Repository/Page_Mood Calendar Detailed month view Janu_18fc56/div_- Required' are matched.

2022-01-17 06:42:36 - [TEST_STEP][PASSED] - closeBrowser(): Browser is closed

2022-01-17 06:42:37 - [MESSAGE][PASSED] - Browser is closed]]></system-out>
         <system-err><![CDATA[]]></system-err>
      </testcase>
      <testcase name="Test Cases/test case 24" time="145.219" classname="Test Cases/test case 24" status="PASSED">
         <system-out><![CDATA[2022-01-17 06:42:37 - [TEST_CASE][PASSED] - Test Cases/test case 24: Test Cases/test case 24

2022-01-17 06:42:37 - [TEST_STEP][PASSED] - openBrowser(""): Browser is opened with url: ''

2022-01-17 06:42:37 - [MESSAGE][INFO] - Starting 'Chrome' driver

2022-01-17 06:42:37 - [MESSAGE][INFO] - Action delay is set to 0 milliseconds

2022-01-17 06:42:38 - [MESSAGE][PASSED] - Browser is opened with url: ''

2022-01-17 06:42:38 - [TEST_STEP][PASSED] - navigateToUrl("http://localhost/"): Navigate to 'http://localhost/' successfully

2022-01-17 06:42:39 - [MESSAGE][PASSED] - Navigate to 'http://localhost/' successfully

2022-01-17 06:42:39 - [TEST_STEP][PASSED] - click(findTestObject("Object Repository/Page_Moodle/a_Log in")): Object: 'Object Repository/Page_Moodle/a_Log in' is clicked on

2022-01-17 06:42:40 - [MESSAGE][PASSED] - Object: 'Object Repository/Page_Moodle/a_Log in' is clicked on

2022-01-17 06:42:40 - [TEST_STEP][PASSED] - setText(findTestObject("Object Repository/Page_Moodle Log in to the site/input_Username_username"), "admin"): Text 'admin' is set on object 'Object Repository/Page_Moodle Log in to the site/input_Username_username'

2022-01-17 06:42:41 - [MESSAGE][PASSED] - Text 'admin' is set on object 'Object Repository/Page_Moodle Log in to the site/input_Username_username'

2022-01-17 06:42:41 - [TEST_STEP][PASSED] - setEncryptedText(findTestObject("Object Repository/Page_Moodle Log in to the site/input_Password_password"), "r6H/uPCyCbQX7sAf5E1f3g=="): Text ****** has been set on object 'Object Repository/Page_Moodle Log in to the site/input_Password_password'

2022-01-17 06:42:41 - [MESSAGE][PASSED] - Text ****** has been set on object 'Object Repository/Page_Moodle Log in to the site/input_Password_password'

2022-01-17 06:42:41 - [TEST_STEP][PASSED] - click(findTestObject("Object Repository/Page_Moodle Log in to the site/button_Log in")): Object: 'Object Repository/Page_Moodle Log in to the site/button_Log in' is clicked on

2022-01-17 06:42:42 - [MESSAGE][PASSED] - Object: 'Object Repository/Page_Moodle Log in to the site/button_Log in' is clicked on

2022-01-17 06:42:42 - [TEST_STEP][PASSED] - verifyElementText(findTestObject("Object Repository/Page_Dashboard/span_Calendar"), "Calendar"): Actual text and expected text of test object 'Object Repository/Page_Dashboard/span_Calendar' are matched.

2022-01-17 06:42:43 - [MESSAGE][PASSED] - Actual text and expected text of test object 'Object Repository/Page_Dashboard/span_Calendar' are matched.

2022-01-17 06:42:43 - [TEST_STEP][PASSED] - click(findTestObject("Object Repository/Page_Dashboard/span_Calendar")): Object: 'Object Repository/Page_Dashboard/span_Calendar' is clicked on

2022-01-17 06:42:44 - [MESSAGE][PASSED] - Object: 'Object Repository/Page_Dashboard/span_Calendar' is clicked on

2022-01-17 06:42:44 - [TEST_STEP][PASSED] - waitForElementVisible(findTestObject("Object Repository/Page_Mood Calendar Detailed month view Janu_18fc56/button_New event"), 0): Object 'Object Repository/Page_Mood Calendar Detailed month view Janu_18fc56/button_New event' is visible

2022-01-17 06:42:44 - [MESSAGE][WARNING] - Timeout '0' is invalid. Using default page load timeout: '30'

2022-01-17 06:43:16 - [MESSAGE][INFO] - Unable to find the element located by 'By.xpath: //div[@id='calendar-month-61e41531799f761e4153150b4a16']/div/button'. Please recheck the objects properties to make sure the desired element is located. 

2022-01-17 06:43:16 - [MESSAGE][WARNING] - [SELF-HEALING] Failed to find element with id 'Object Repository/Page_Mood Calendar Detailed month view Janu_18fc56/button_New event'. Try using Self-healing.

2022-01-17 06:43:16 - [MESSAGE][WARNING] - [SELF-HEALING] The current locator of test object 'Object Repository/Page_Mood Calendar Detailed month view Janu_18fc56/button_New event' was broken. Propose an alternative one: '(.//*[normalize-space(text()) and normalize-space(.)='List of courses'])[1]/following::button[1]'.

2022-01-17 06:43:16 - [MESSAGE][PASSED] - Object 'Object Repository/Page_Mood Calendar Detailed month view Janu_18fc56/button_New event' is visible

2022-01-17 06:43:16 - [TEST_STEP][PASSED] - click(findTestObject("Object Repository/Page_Mood Calendar Detailed month view Janu_18fc56/button_New event")): Object: 'Object Repository/Page_Mood Calendar Detailed month view Janu_18fc56/button_New event' is clicked on

2022-01-17 06:43:47 - [MESSAGE][INFO] - Unable to find the element located by 'By.xpath: //div[@id='calendar-month-61e41531799f761e4153150b4a16']/div/button'. Please recheck the objects properties to make sure the desired element is located. 

2022-01-17 06:43:47 - [MESSAGE][WARNING] - [SELF-HEALING] Failed to find element with id 'Object Repository/Page_Mood Calendar Detailed month view Janu_18fc56/button_New event'. Try using Self-healing.

2022-01-17 06:43:48 - [MESSAGE][WARNING] - [SELF-HEALING] The current locator of test object 'Object Repository/Page_Mood Calendar Detailed month view Janu_18fc56/button_New event' was broken. Propose an alternative one: '(.//*[normalize-space(text()) and normalize-space(.)='List of courses'])[1]/following::button[1]'.

2022-01-17 06:43:48 - [MESSAGE][PASSED] - Object: 'Object Repository/Page_Mood Calendar Detailed month view Janu_18fc56/button_New event' is clicked on

2022-01-17 06:43:48 - [TEST_STEP][PASSED] - setText(findTestObject("Object Repository/Page_Mood Calendar Detailed month view Janu_18fc56/input_Event title_name"), "Holiday"): Text 'Holiday' is set on object 'Object Repository/Page_Mood Calendar Detailed month view Janu_18fc56/input_Event title_name'

2022-01-17 06:43:49 - [MESSAGE][PASSED] - Text 'Holiday' is set on object 'Object Repository/Page_Mood Calendar Detailed month view Janu_18fc56/input_Event title_name'

2022-01-17 06:43:49 - [TEST_STEP][PASSED] - selectOptionByValue(findTestObject("Object Repository/Page_Mood Calendar Detailed month view Janu_18fc56/select_1        2        3        4        _45ea30"), "26", true): All options with value '26' are selected in object 'Object Repository/Page_Mood Calendar Detailed month view Janu_18fc56/select_1        2        3        4        _45ea30'  using regular expression

2022-01-17 06:43:51 - [MESSAGE][PASSED] - All options with value '26' are selected in object 'Object Repository/Page_Mood Calendar Detailed month view Janu_18fc56/select_1        2        3        4        _45ea30'  using regular expression

2022-01-17 06:43:51 - [TEST_STEP][PASSED] - selectOptionByValue(findTestObject("Object Repository/Page_Mood Calendar Detailed month view Janu_18fc56/select_00        01        02        03    _f6e37b"), "0", true): All options with value '0' are selected in object 'Object Repository/Page_Mood Calendar Detailed month view Janu_18fc56/select_00        01        02        03    _f6e37b'  using regular expression

2022-01-17 06:43:52 - [MESSAGE][PASSED] - All options with value '0' are selected in object 'Object Repository/Page_Mood Calendar Detailed month view Janu_18fc56/select_00        01        02        03    _f6e37b'  using regular expression

2022-01-17 06:43:52 - [TEST_STEP][PASSED] - selectOptionByValue(findTestObject("Object Repository/Page_Mood Calendar Detailed month view Janu_18fc56/select_00        01        02        03    _f6e37b_1"), "0", true): All options with value '0' are selected in object 'Object Repository/Page_Mood Calendar Detailed month view Janu_18fc56/select_00        01        02        03    _f6e37b_1'  using regular expression

2022-01-17 06:43:53 - [MESSAGE][PASSED] - All options with value '0' are selected in object 'Object Repository/Page_Mood Calendar Detailed month view Janu_18fc56/select_00        01        02        03    _f6e37b_1'  using regular expression

2022-01-17 06:43:53 - [TEST_STEP][PASSED] - click(findTestObject("Object Repository/Page_Mood Calendar Detailed month view Janu_18fc56/a_Show more")): Object: 'Object Repository/Page_Mood Calendar Detailed month view Janu_18fc56/a_Show more' is clicked on

2022-01-17 06:44:25 - [MESSAGE][INFO] - Unable to find the element located by 'By.xpath: //a[@id='yui_3_17_2_1_1642251478287_609']'. Please recheck the objects properties to make sure the desired element is located. 

2022-01-17 06:44:25 - [MESSAGE][WARNING] - [SELF-HEALING] Failed to find element with id 'Object Repository/Page_Mood Calendar Detailed month view Janu_18fc56/a_Show more'. Try using Self-healing.

2022-01-17 06:44:25 - [MESSAGE][WARNING] - [SELF-HEALING] The current locator of test object 'Object Repository/Page_Mood Calendar Detailed month view Janu_18fc56/a_Show more' was broken. Propose an alternative one: '//a[contains(text(),'Show more...')]'.

2022-01-17 06:44:25 - [MESSAGE][PASSED] - Object: 'Object Repository/Page_Mood Calendar Detailed month view Janu_18fc56/a_Show more' is clicked on

2022-01-17 06:44:25 - [TEST_STEP][PASSED] - click(findTestObject("Object Repository/Page_Mood Calendar Detailed month view Janu_18fc56/label_Until")): Object: 'Object Repository/Page_Mood Calendar Detailed month view Janu_18fc56/label_Until' is clicked on

2022-01-17 06:44:26 - [MESSAGE][PASSED] - Object: 'Object Repository/Page_Mood Calendar Detailed month view Janu_18fc56/label_Until' is clicked on

2022-01-17 06:44:26 - [TEST_STEP][PASSED] - selectOptionByValue(findTestObject("Object Repository/Page_Mood Calendar Detailed month view Janu_18fc56/select_1900        1901        1902        _6405c9"), "2021", true): All options with value '2021' are selected in object 'Object Repository/Page_Mood Calendar Detailed month view Janu_18fc56/select_1900        1901        1902        _6405c9'  using regular expression

2022-01-17 06:44:28 - [MESSAGE][PASSED] - All options with value '2021' are selected in object 'Object Repository/Page_Mood Calendar Detailed month view Janu_18fc56/select_1900        1901        1902        _6405c9'  using regular expression

2022-01-17 06:44:28 - [TEST_STEP][PASSED] - click(findTestObject("Object Repository/Page_Mood Calendar Detailed month view Janu_18fc56/button_Save")): Object: 'Object Repository/Page_Mood Calendar Detailed month view Janu_18fc56/button_Save' is clicked on

2022-01-17 06:45:00 - [MESSAGE][INFO] - Unable to find the element located by 'By.xpath: //button[@id='yui_3_17_2_1_1642337585482_1306']'. Please recheck the objects properties to make sure the desired element is located. 

2022-01-17 06:45:00 - [MESSAGE][WARNING] - [SELF-HEALING] Failed to find element with id 'Object Repository/Page_Mood Calendar Detailed month view Janu_18fc56/button_Save'. Try using Self-healing.

2022-01-17 06:45:00 - [MESSAGE][WARNING] - [SELF-HEALING] The current locator of test object 'Object Repository/Page_Mood Calendar Detailed month view Janu_18fc56/button_Save' was broken. Propose an alternative one: '(.//*[normalize-space(text()) and normalize-space(.)='Repeat weekly, creating altogether'])[1]/following::button[1]'.

2022-01-17 06:45:00 - [MESSAGE][PASSED] - Object: 'Object Repository/Page_Mood Calendar Detailed month view Janu_18fc56/button_Save' is clicked on

2022-01-17 06:45:00 - [TEST_STEP][PASSED] - verifyElementText(findTestObject("Object Repository/Page_Mood Calendar Detailed month view Janu_18fc56/div_The date and time you selected for dura_28074d"), "The date and time you selected for duration until is before the start time of the event. Please correct this before proceeding."): Actual text and expected text of test object 'Object Repository/Page_Mood Calendar Detailed month view Janu_18fc56/div_The date and time you selected for dura_28074d' are matched.

2022-01-17 06:45:01 - [MESSAGE][PASSED] - Actual text and expected text of test object 'Object Repository/Page_Mood Calendar Detailed month view Janu_18fc56/div_The date and time you selected for dura_28074d' are matched.

2022-01-17 06:45:01 - [TEST_STEP][PASSED] - closeBrowser(): Browser is closed

2022-01-17 06:45:02 - [MESSAGE][PASSED] - Browser is closed]]></system-out>
         <system-err><![CDATA[]]></system-err>
      </testcase>
      <testcase name="Test Cases/test case 25" time="41.179" classname="Test Cases/test case 25" status="FAILED">
         <failure type="FAILED" message="Test Cases/test case 25 FAILED.
Reason:
com.kms.katalon.core.exception.StepFailedException: Unable to verify object 'Object Repository/Page_Dashboard/div_My courses                    Introduction to Computer Science            All courses' is visible
	at com.kms.katalon.core.webui.keyword.internal.WebUIKeywordMain.stepFailed(WebUIKeywordMain.groovy:64)
	at com.kms.katalon.core.webui.keyword.internal.WebUIKeywordMain.runKeyword(WebUIKeywordMain.groovy:26)
	at com.kms.katalon.core.webui.keyword.builtin.VerifyElementVisibleKeyword.verifyElementVisible(VerifyElementVisibleKeyword.groovy:97)
	at com.kms.katalon.core.webui.keyword.builtin.VerifyElementVisibleKeyword.execute(VerifyElementVisibleKeyword.groovy:67)
	at com.kms.katalon.core.keyword.internal.KeywordExecutor.executeKeywordForPlatform(KeywordExecutor.groovy:74)
	at com.kms.katalon.core.webui.keyword.WebUiBuiltInKeywords.verifyElementVisible(WebUiBuiltInKeywords.groovy:376)
	at com.kms.katalon.core.webui.keyword.WebUiBuiltInKeywords$verifyElementVisible$9.call(Unknown Source)
	at test case 25.run(test case 25:32)
	at com.kms.katalon.core.main.ScriptEngine.run(ScriptEngine.java:194)
	at com.kms.katalon.core.main.ScriptEngine.runScriptAsRawText(ScriptEngine.java:119)
	at com.kms.katalon.core.main.TestCaseExecutor.runScript(TestCaseExecutor.java:442)
	at com.kms.katalon.core.main.TestCaseExecutor.doExecute(TestCaseExecutor.java:433)
	at com.kms.katalon.core.main.TestCaseExecutor.processExecutionPhase(TestCaseExecutor.java:412)
	at com.kms.katalon.core.main.TestCaseExecutor.accessMainPhase(TestCaseExecutor.java:404)
	at com.kms.katalon.core.main.TestCaseExecutor.execute(TestCaseExecutor.java:281)
	at com.kms.katalon.core.main.TestSuiteExecutor.accessTestCaseMainPhase(TestSuiteExecutor.java:202)
	at com.kms.katalon.core.main.TestSuiteExecutor.accessTestSuiteMainPhase(TestSuiteExecutor.java:164)
	at com.kms.katalon.core.main.TestSuiteExecutor.execute(TestSuiteExecutor.java:105)
	at com.kms.katalon.core.main.TestCaseMain.startTestSuite(TestCaseMain.java:181)
	at com.kms.katalon.core.main.TestCaseMain$startTestSuite$0.call(Unknown Source)
	at TempTestSuite1642373806466.run(TempTestSuite1642373806466.groovy:36)
Caused by: com.kms.katalon.core.exception.StepFailedException: Web element with id: 'Object Repository/Page_Dashboard/div_My courses                    Introduction to Computer Science            All courses' located by '//section[@id='inst195']/div' not found
	at com.kms.katalon.core.webui.keyword.internal.WebUIKeywordMain.stepFailed(WebUIKeywordMain.groovy:64)
	at com.kms.katalon.core.webui.keyword.builtin.VerifyElementVisibleKeyword$_verifyElementVisible_closure1.doCall(VerifyElementVisibleKeyword.groovy:89)
	at com.kms.katalon.core.webui.keyword.builtin.VerifyElementVisibleKeyword$_verifyElementVisible_closure1.call(VerifyElementVisibleKeyword.groovy)
	at com.kms.katalon.core.webui.keyword.internal.WebUIKeywordMain.runKeyword(WebUIKeywordMain.groovy:20)
	... 19 more
"/>
         <system-out><![CDATA[2022-01-17 06:45:02 - [TEST_CASE][FAILED] - Test Cases/test case 25: Test Cases/test case 25 FAILED.
Reason:
com.kms.katalon.core.exception.StepFailedException: Unable to verify object 'Object Repository/Page_Dashboard/div_My courses                    Introduction to Computer Science            All courses' is visible
	at com.kms.katalon.core.webui.keyword.internal.WebUIKeywordMain.stepFailed(WebUIKeywordMain.groovy:64)
	at com.kms.katalon.core.webui.keyword.internal.WebUIKeywordMain.runKeyword(WebUIKeywordMain.groovy:26)
	at com.kms.katalon.core.webui.keyword.builtin.VerifyElementVisibleKeyword.verifyElementVisible(VerifyElementVisibleKeyword.groovy:97)
	at com.kms.katalon.core.webui.keyword.builtin.VerifyElementVisibleKeyword.execute(VerifyElementVisibleKeyword.groovy:67)
	at com.kms.katalon.core.keyword.internal.KeywordExecutor.executeKeywordForPlatform(KeywordExecutor.groovy:74)
	at com.kms.katalon.core.webui.keyword.WebUiBuiltInKeywords.verifyElementVisible(WebUiBuiltInKeywords.groovy:376)
	at com.kms.katalon.core.webui.keyword.WebUiBuiltInKeywords$verifyElementVisible$9.call(Unknown Source)
	at test case 25.run(test case 25:32)
	at com.kms.katalon.core.main.ScriptEngine.run(ScriptEngine.java:194)
	at com.kms.katalon.core.main.ScriptEngine.runScriptAsRawText(ScriptEngine.java:119)
	at com.kms.katalon.core.main.TestCaseExecutor.runScript(TestCaseExecutor.java:442)
	at com.kms.katalon.core.main.TestCaseExecutor.doExecute(TestCaseExecutor.java:433)
	at com.kms.katalon.core.main.TestCaseExecutor.processExecutionPhase(TestCaseExecutor.java:412)
	at com.kms.katalon.core.main.TestCaseExecutor.accessMainPhase(TestCaseExecutor.java:404)
	at com.kms.katalon.core.main.TestCaseExecutor.execute(TestCaseExecutor.java:281)
	at com.kms.katalon.core.main.TestSuiteExecutor.accessTestCaseMainPhase(TestSuiteExecutor.java:202)
	at com.kms.katalon.core.main.TestSuiteExecutor.accessTestSuiteMainPhase(TestSuiteExecutor.java:164)
	at com.kms.katalon.core.main.TestSuiteExecutor.execute(TestSuiteExecutor.java:105)
	at com.kms.katalon.core.main.TestCaseMain.startTestSuite(TestCaseMain.java:181)
	at com.kms.katalon.core.main.TestCaseMain$startTestSuite$0.call(Unknown Source)
	at TempTestSuite1642373806466.run(TempTestSuite1642373806466.groovy:36)
Caused by: com.kms.katalon.core.exception.StepFailedException: Web element with id: 'Object Repository/Page_Dashboard/div_My courses                    Introduction to Computer Science            All courses' located by '//section[@id='inst195']/div' not found
	at com.kms.katalon.core.webui.keyword.internal.WebUIKeywordMain.stepFailed(WebUIKeywordMain.groovy:64)
	at com.kms.katalon.core.webui.keyword.builtin.VerifyElementVisibleKeyword$_verifyElementVisible_closure1.doCall(VerifyElementVisibleKeyword.groovy:89)
	at com.kms.katalon.core.webui.keyword.builtin.VerifyElementVisibleKeyword$_verifyElementVisible_closure1.call(VerifyElementVisibleKeyword.groovy)
	at com.kms.katalon.core.webui.keyword.internal.WebUIKeywordMain.runKeyword(WebUIKeywordMain.groovy:20)
	... 19 more


2022-01-17 06:45:02 - [TEST_STEP][PASSED] - openBrowser(""): Browser is opened with url: ''

2022-01-17 06:45:02 - [MESSAGE][INFO] - Starting 'Chrome' driver

2022-01-17 06:45:02 - [MESSAGE][INFO] - Action delay is set to 0 milliseconds

2022-01-17 06:45:03 - [MESSAGE][PASSED] - Browser is opened with url: ''

2022-01-17 06:45:03 - [TEST_STEP][PASSED] - navigateToUrl("http://localhost/"): Navigate to 'http://localhost/' successfully

2022-01-17 06:45:04 - [MESSAGE][PASSED] - Navigate to 'http://localhost/' successfully

2022-01-17 06:45:04 - [TEST_STEP][PASSED] - click(findTestObject("Object Repository/Page_Moodle/a_Log in")): Object: 'Object Repository/Page_Moodle/a_Log in' is clicked on

2022-01-17 06:45:05 - [MESSAGE][PASSED] - Object: 'Object Repository/Page_Moodle/a_Log in' is clicked on

2022-01-17 06:45:05 - [TEST_STEP][PASSED] - setText(findTestObject("Object Repository/Page_Moodle Log in to the site/input_Username_username"), "nmthu"): Text 'nmthu' is set on object 'Object Repository/Page_Moodle Log in to the site/input_Username_username'

2022-01-17 06:45:06 - [MESSAGE][PASSED] - Text 'nmthu' is set on object 'Object Repository/Page_Moodle Log in to the site/input_Username_username'

2022-01-17 06:45:06 - [TEST_STEP][PASSED] - setEncryptedText(findTestObject("Object Repository/Page_Moodle Log in to the site/input_Password_password"), "zm/yZ1suVYniggK+4Jo9ew=="): Text ****** has been set on object 'Object Repository/Page_Moodle Log in to the site/input_Password_password'

2022-01-17 06:45:07 - [MESSAGE][PASSED] - Text ****** has been set on object 'Object Repository/Page_Moodle Log in to the site/input_Password_password'

2022-01-17 06:45:07 - [TEST_STEP][PASSED] - click(findTestObject("Object Repository/Page_Moodle Log in to the site/button_Log in")): Object: 'Object Repository/Page_Moodle Log in to the site/button_Log in' is clicked on

2022-01-17 06:45:07 - [MESSAGE][PASSED] - Object: 'Object Repository/Page_Moodle Log in to the site/button_Log in' is clicked on

2022-01-17 06:45:07 - [TEST_STEP][FAILED] - verifyElementVisible(findTestObject("Page_Dashboard/div_My courses                    Introduction to Computer Science            All courses")): Unable to verify object 'Object Repository/Page_Dashboard/div_My courses                    Introduction to Computer Science            All courses' is visible (Root cause: com.kms.katalon.core.exception.StepFailedException: Unable to verify object 'Object Repository/Page_Dashboard/div_My courses                    Introduction to Computer Science            All courses' is visible
	at com.kms.katalon.core.webui.keyword.internal.WebUIKeywordMain.stepFailed(WebUIKeywordMain.groovy:64)
	at com.kms.katalon.core.webui.keyword.internal.WebUIKeywordMain.runKeyword(WebUIKeywordMain.groovy:26)
	at com.kms.katalon.core.webui.keyword.builtin.VerifyElementVisibleKeyword.verifyElementVisible(VerifyElementVisibleKeyword.groovy:97)
	at com.kms.katalon.core.webui.keyword.builtin.VerifyElementVisibleKeyword.execute(VerifyElementVisibleKeyword.groovy:67)
	at com.kms.katalon.core.keyword.internal.KeywordExecutor.executeKeywordForPlatform(KeywordExecutor.groovy:74)
	at com.kms.katalon.core.webui.keyword.WebUiBuiltInKeywords.verifyElementVisible(WebUiBuiltInKeywords.groovy:376)
	at com.kms.katalon.core.webui.keyword.WebUiBuiltInKeywords$verifyElementVisible$9.call(Unknown Source)
	at test case 25.run(test case 25:32)
	at com.kms.katalon.core.main.ScriptEngine.run(ScriptEngine.java:194)
	at com.kms.katalon.core.main.ScriptEngine.runScriptAsRawText(ScriptEngine.java:119)
	at com.kms.katalon.core.main.TestCaseExecutor.runScript(TestCaseExecutor.java:442)
	at com.kms.katalon.core.main.TestCaseExecutor.doExecute(TestCaseExecutor.java:433)
	at com.kms.katalon.core.main.TestCaseExecutor.processExecutionPhase(TestCaseExecutor.java:412)
	at com.kms.katalon.core.main.TestCaseExecutor.accessMainPhase(TestCaseExecutor.java:404)
	at com.kms.katalon.core.main.TestCaseExecutor.execute(TestCaseExecutor.java:281)
	at com.kms.katalon.core.main.TestSuiteExecutor.accessTestCaseMainPhase(TestSuiteExecutor.java:202)
	at com.kms.katalon.core.main.TestSuiteExecutor.accessTestSuiteMainPhase(TestSuiteExecutor.java:164)
	at com.kms.katalon.core.main.TestSuiteExecutor.execute(TestSuiteExecutor.java:105)
	at com.kms.katalon.core.main.TestCaseMain.startTestSuite(TestCaseMain.java:181)
	at com.kms.katalon.core.main.TestCaseMain$startTestSuite$0.call(Unknown Source)
	at TempTestSuite1642373806466.run(TempTestSuite1642373806466.groovy:36)
Caused by: com.kms.katalon.core.exception.StepFailedException: Web element with id: 'Object Repository/Page_Dashboard/div_My courses                    Introduction to Computer Science            All courses' located by '//section[@id='inst195']/div' not found
	at com.kms.katalon.core.webui.keyword.internal.WebUIKeywordMain.stepFailed(WebUIKeywordMain.groovy:64)
	at com.kms.katalon.core.webui.keyword.builtin.VerifyElementVisibleKeyword$_verifyElementVisible_closure1.doCall(VerifyElementVisibleKeyword.groovy:89)
	at com.kms.katalon.core.webui.keyword.builtin.VerifyElementVisibleKeyword$_verifyElementVisible_closure1.call(VerifyElementVisibleKeyword.groovy)
	at com.kms.katalon.core.webui.keyword.internal.WebUIKeywordMain.runKeyword(WebUIKeywordMain.groovy:20)
	... 19 more
)

2022-01-17 06:45:38 - [MESSAGE][INFO] - Unable to find the element located by 'By.xpath: //section[@id='inst195']/div'. Please recheck the objects properties to make sure the desired element is located. 

2022-01-17 06:45:38 - [MESSAGE][WARNING] - [SELF-HEALING] Failed to find element with id 'Object Repository/Page_Dashboard/div_My courses                    Introduction to Computer Science            All courses'. Try using Self-healing.

2022-01-17 06:45:40 - [MESSAGE][INFO] - Unable to find the element located by 'By.xpath: (.//*[normalize-space(text()) and normalize-space(.)='Remove Introduction to Computer Science from view'])[1]/following::div[4]'. Please recheck the objects properties to make sure the desired element is located. 

2022-01-17 06:45:40 - [MESSAGE][INFO] - [SELF-HEALING] Failed Locator: '//section[@id='inst195']/div'.

2022-01-17 06:45:40 - [MESSAGE][INFO] - [SELF-HEALING] Failed Locator: '(.//*[normalize-space(text()) and normalize-space(.)='Skip My courses'])[1]/following::div[1]'.

2022-01-17 06:45:40 - [MESSAGE][INFO] - [SELF-HEALING] Failed Locator: '(.//*[normalize-space(text()) and normalize-space(.)='Remove Introduction to Computer Science from view'])[1]/following::div[4]'.

2022-01-17 06:45:41 - [MESSAGE][INFO] - [SELF-HEALING] Failed Locator: '//section[2]/aside/section/div'.

2022-01-17 06:45:42 - [MESSAGE][INFO] - Unable to find the element located by 'By.xpath: //*[(text() = '

            My courses


        
            Introduction to Computer Science
            All courses ...
            
        

    ' or . = '

            My courses


        
            Introduction to Computer Science
            All courses ...
            
        

    ')]'. Please recheck the objects properties to make sure the desired element is located. 

2022-01-17 06:45:43 - [MESSAGE][INFO] - Unable to find the element located by 'By.cssSelector: #inst195 > div.card-body.p-3'. Please recheck the objects properties to make sure the desired element is located. 

2022-01-17 06:45:43 - [MESSAGE][FAILED] - Web element with id: 'Object Repository/Page_Dashboard/div_My courses                    Introduction to Computer Science            All courses' located by '//section[@id='inst195']/div' not found (Root cause: com.kms.katalon.core.exception.StepFailedException: Web element with id: 'Object Repository/Page_Dashboard/div_My courses                    Introduction to Computer Science            All courses' located by '//section[@id='inst195']/div' not found
	at com.kms.katalon.core.webui.keyword.internal.WebUIKeywordMain.stepFailed(WebUIKeywordMain.groovy:64)
	at com.kms.katalon.core.webui.keyword.builtin.VerifyElementVisibleKeyword$_verifyElementVisible_closure1.doCall(VerifyElementVisibleKeyword.groovy:89)
	at com.kms.katalon.core.webui.keyword.builtin.VerifyElementVisibleKeyword$_verifyElementVisible_closure1.call(VerifyElementVisibleKeyword.groovy)
	at com.kms.katalon.core.webui.keyword.internal.WebUIKeywordMain.runKeyword(WebUIKeywordMain.groovy:20)
	at com.kms.katalon.core.webui.keyword.builtin.VerifyElementVisibleKeyword.verifyElementVisible(VerifyElementVisibleKeyword.groovy:97)
	at com.kms.katalon.core.webui.keyword.builtin.VerifyElementVisibleKeyword.execute(VerifyElementVisibleKeyword.groovy:67)
	at com.kms.katalon.core.keyword.internal.KeywordExecutor.executeKeywordForPlatform(KeywordExecutor.groovy:74)
	at com.kms.katalon.core.webui.keyword.WebUiBuiltInKeywords.verifyElementVisible(WebUiBuiltInKeywords.groovy:376)
	at com.kms.katalon.core.webui.keyword.WebUiBuiltInKeywords$verifyElementVisible$9.call(Unknown Source)
	at test case 25.run(test case 25:32)
	at com.kms.katalon.core.main.ScriptEngine.run(ScriptEngine.java:194)
	at com.kms.katalon.core.main.ScriptEngine.runScriptAsRawText(ScriptEngine.java:119)
	at com.kms.katalon.core.main.TestCaseExecutor.runScript(TestCaseExecutor.java:442)
	at com.kms.katalon.core.main.TestCaseExecutor.doExecute(TestCaseExecutor.java:433)
	at com.kms.katalon.core.main.TestCaseExecutor.processExecutionPhase(TestCaseExecutor.java:412)
	at com.kms.katalon.core.main.TestCaseExecutor.accessMainPhase(TestCaseExecutor.java:404)
	at com.kms.katalon.core.main.TestCaseExecutor.execute(TestCaseExecutor.java:281)
	at com.kms.katalon.core.main.TestSuiteExecutor.accessTestCaseMainPhase(TestSuiteExecutor.java:202)
	at com.kms.katalon.core.main.TestSuiteExecutor.accessTestSuiteMainPhase(TestSuiteExecutor.java:164)
	at com.kms.katalon.core.main.TestSuiteExecutor.execute(TestSuiteExecutor.java:105)
	at com.kms.katalon.core.main.TestCaseMain.startTestSuite(TestCaseMain.java:181)
	at com.kms.katalon.core.main.TestCaseMain$startTestSuite$0.call(Unknown Source)
	at TempTestSuite1642373806466.run(TempTestSuite1642373806466.groovy:36)
)
[[ATTACHMENT|D:\\Test-Automation-SE-Bonus\\Test-Automation-SE-Bonus\\Reports\\20220117_055646\\Run all test cases\\20220117_055646\\1642376743397.png]]

2022-01-17 06:45:43 - [MESSAGE][FAILED] - Unable to verify object 'Object Repository/Page_Dashboard/div_My courses                    Introduction to Computer Science            All courses' is visible (Root cause: com.kms.katalon.core.exception.StepFailedException: Unable to verify object 'Object Repository/Page_Dashboard/div_My courses                    Introduction to Computer Science            All courses' is visible
	at com.kms.katalon.core.webui.keyword.internal.WebUIKeywordMain.stepFailed(WebUIKeywordMain.groovy:64)
	at com.kms.katalon.core.webui.keyword.internal.WebUIKeywordMain.runKeyword(WebUIKeywordMain.groovy:26)
	at com.kms.katalon.core.webui.keyword.builtin.VerifyElementVisibleKeyword.verifyElementVisible(VerifyElementVisibleKeyword.groovy:97)
	at com.kms.katalon.core.webui.keyword.builtin.VerifyElementVisibleKeyword.execute(VerifyElementVisibleKeyword.groovy:67)
	at com.kms.katalon.core.keyword.internal.KeywordExecutor.executeKeywordForPlatform(KeywordExecutor.groovy:74)
	at com.kms.katalon.core.webui.keyword.WebUiBuiltInKeywords.verifyElementVisible(WebUiBuiltInKeywords.groovy:376)
	at com.kms.katalon.core.webui.keyword.WebUiBuiltInKeywords$verifyElementVisible$9.call(Unknown Source)
	at test case 25.run(test case 25:32)
	at com.kms.katalon.core.main.ScriptEngine.run(ScriptEngine.java:194)
	at com.kms.katalon.core.main.ScriptEngine.runScriptAsRawText(ScriptEngine.java:119)
	at com.kms.katalon.core.main.TestCaseExecutor.runScript(TestCaseExecutor.java:442)
	at com.kms.katalon.core.main.TestCaseExecutor.doExecute(TestCaseExecutor.java:433)
	at com.kms.katalon.core.main.TestCaseExecutor.processExecutionPhase(TestCaseExecutor.java:412)
	at com.kms.katalon.core.main.TestCaseExecutor.accessMainPhase(TestCaseExecutor.java:404)
	at com.kms.katalon.core.main.TestCaseExecutor.execute(TestCaseExecutor.java:281)
	at com.kms.katalon.core.main.TestSuiteExecutor.accessTestCaseMainPhase(TestSuiteExecutor.java:202)
	at com.kms.katalon.core.main.TestSuiteExecutor.accessTestSuiteMainPhase(TestSuiteExecutor.java:164)
	at com.kms.katalon.core.main.TestSuiteExecutor.execute(TestSuiteExecutor.java:105)
	at com.kms.katalon.core.main.TestCaseMain.startTestSuite(TestCaseMain.java:181)
	at com.kms.katalon.core.main.TestCaseMain$startTestSuite$0.call(Unknown Source)
	at TempTestSuite1642373806466.run(TempTestSuite1642373806466.groovy:36)
Caused by: com.kms.katalon.core.exception.StepFailedException: Web element with id: 'Object Repository/Page_Dashboard/div_My courses                    Introduction to Computer Science            All courses' located by '//section[@id='inst195']/div' not found
	at com.kms.katalon.core.webui.keyword.internal.WebUIKeywordMain.stepFailed(WebUIKeywordMain.groovy:64)
	at com.kms.katalon.core.webui.keyword.builtin.VerifyElementVisibleKeyword$_verifyElementVisible_closure1.doCall(VerifyElementVisibleKeyword.groovy:89)
	at com.kms.katalon.core.webui.keyword.builtin.VerifyElementVisibleKeyword$_verifyElementVisible_closure1.call(VerifyElementVisibleKeyword.groovy)
	at com.kms.katalon.core.webui.keyword.internal.WebUIKeywordMain.runKeyword(WebUIKeywordMain.groovy:20)
	... 19 more
)
[[ATTACHMENT|D:\\Test-Automation-SE-Bonus\\Test-Automation-SE-Bonus\\Reports\\20220117_055646\\Run all test cases\\20220117_055646\\1642376743517.png]]]]></system-out>
         <system-err><![CDATA[2022-01-17 06:45:02 - [TEST_CASE][FAILED] - Test Cases/test case 25: Test Cases/test case 25 FAILED.
Reason:
com.kms.katalon.core.exception.StepFailedException: Unable to verify object 'Object Repository/Page_Dashboard/div_My courses                    Introduction to Computer Science            All courses' is visible
	at com.kms.katalon.core.webui.keyword.internal.WebUIKeywordMain.stepFailed(WebUIKeywordMain.groovy:64)
	at com.kms.katalon.core.webui.keyword.internal.WebUIKeywordMain.runKeyword(WebUIKeywordMain.groovy:26)
	at com.kms.katalon.core.webui.keyword.builtin.VerifyElementVisibleKeyword.verifyElementVisible(VerifyElementVisibleKeyword.groovy:97)
	at com.kms.katalon.core.webui.keyword.builtin.VerifyElementVisibleKeyword.execute(VerifyElementVisibleKeyword.groovy:67)
	at com.kms.katalon.core.keyword.internal.KeywordExecutor.executeKeywordForPlatform(KeywordExecutor.groovy:74)
	at com.kms.katalon.core.webui.keyword.WebUiBuiltInKeywords.verifyElementVisible(WebUiBuiltInKeywords.groovy:376)
	at com.kms.katalon.core.webui.keyword.WebUiBuiltInKeywords$verifyElementVisible$9.call(Unknown Source)
	at test case 25.run(test case 25:32)
	at com.kms.katalon.core.main.ScriptEngine.run(ScriptEngine.java:194)
	at com.kms.katalon.core.main.ScriptEngine.runScriptAsRawText(ScriptEngine.java:119)
	at com.kms.katalon.core.main.TestCaseExecutor.runScript(TestCaseExecutor.java:442)
	at com.kms.katalon.core.main.TestCaseExecutor.doExecute(TestCaseExecutor.java:433)
	at com.kms.katalon.core.main.TestCaseExecutor.processExecutionPhase(TestCaseExecutor.java:412)
	at com.kms.katalon.core.main.TestCaseExecutor.accessMainPhase(TestCaseExecutor.java:404)
	at com.kms.katalon.core.main.TestCaseExecutor.execute(TestCaseExecutor.java:281)
	at com.kms.katalon.core.main.TestSuiteExecutor.accessTestCaseMainPhase(TestSuiteExecutor.java:202)
	at com.kms.katalon.core.main.TestSuiteExecutor.accessTestSuiteMainPhase(TestSuiteExecutor.java:164)
	at com.kms.katalon.core.main.TestSuiteExecutor.execute(TestSuiteExecutor.java:105)
	at com.kms.katalon.core.main.TestCaseMain.startTestSuite(TestCaseMain.java:181)
	at com.kms.katalon.core.main.TestCaseMain$startTestSuite$0.call(Unknown Source)
	at TempTestSuite1642373806466.run(TempTestSuite1642373806466.groovy:36)
Caused by: com.kms.katalon.core.exception.StepFailedException: Web element with id: 'Object Repository/Page_Dashboard/div_My courses                    Introduction to Computer Science            All courses' located by '//section[@id='inst195']/div' not found
	at com.kms.katalon.core.webui.keyword.internal.WebUIKeywordMain.stepFailed(WebUIKeywordMain.groovy:64)
	at com.kms.katalon.core.webui.keyword.builtin.VerifyElementVisibleKeyword$_verifyElementVisible_closure1.doCall(VerifyElementVisibleKeyword.groovy:89)
	at com.kms.katalon.core.webui.keyword.builtin.VerifyElementVisibleKeyword$_verifyElementVisible_closure1.call(VerifyElementVisibleKeyword.groovy)
	at com.kms.katalon.core.webui.keyword.internal.WebUIKeywordMain.runKeyword(WebUIKeywordMain.groovy:20)
	... 19 more]]></system-err>
      </testcase>
      <testcase name="Test Cases/test case 26" time="41.943" classname="Test Cases/test case 26" status="FAILED">
         <failure type="FAILED" message="Test Cases/test case 26 FAILED.
Reason:
com.kms.katalon.core.exception.StepFailedException: Unable to click on object 'Object Repository/Page_Dashboard/span_Site home'
	at com.kms.katalon.core.webui.keyword.internal.WebUIKeywordMain.stepFailed(WebUIKeywordMain.groovy:64)
	at com.kms.katalon.core.webui.keyword.internal.WebUIKeywordMain.runKeyword(WebUIKeywordMain.groovy:26)
	at com.kms.katalon.core.webui.keyword.builtin.ClickKeyword.click(ClickKeyword.groovy:74)
	at com.kms.katalon.core.webui.keyword.builtin.ClickKeyword.execute(ClickKeyword.groovy:40)
	at com.kms.katalon.core.keyword.internal.KeywordExecutor.executeKeywordForPlatform(KeywordExecutor.groovy:74)
	at com.kms.katalon.core.webui.keyword.WebUiBuiltInKeywords.click(WebUiBuiltInKeywords.groovy:620)
	at com.kms.katalon.core.webui.keyword.WebUiBuiltInKeywords$click$1.call(Unknown Source)
	at test case 26.run(test case 26:34)
	at com.kms.katalon.core.main.ScriptEngine.run(ScriptEngine.java:194)
	at com.kms.katalon.core.main.ScriptEngine.runScriptAsRawText(ScriptEngine.java:119)
	at com.kms.katalon.core.main.TestCaseExecutor.runScript(TestCaseExecutor.java:442)
	at com.kms.katalon.core.main.TestCaseExecutor.doExecute(TestCaseExecutor.java:433)
	at com.kms.katalon.core.main.TestCaseExecutor.processExecutionPhase(TestCaseExecutor.java:412)
	at com.kms.katalon.core.main.TestCaseExecutor.accessMainPhase(TestCaseExecutor.java:404)
	at com.kms.katalon.core.main.TestCaseExecutor.execute(TestCaseExecutor.java:281)
	at com.kms.katalon.core.main.TestSuiteExecutor.accessTestCaseMainPhase(TestSuiteExecutor.java:202)
	at com.kms.katalon.core.main.TestSuiteExecutor.accessTestSuiteMainPhase(TestSuiteExecutor.java:164)
	at com.kms.katalon.core.main.TestSuiteExecutor.execute(TestSuiteExecutor.java:105)
	at com.kms.katalon.core.main.TestCaseMain.startTestSuite(TestCaseMain.java:181)
	at com.kms.katalon.core.main.TestCaseMain$startTestSuite$0.call(Unknown Source)
	at TempTestSuite1642373806466.run(TempTestSuite1642373806466.groovy:36)
Caused by: com.kms.katalon.core.webui.exception.WebElementNotFoundException: Web element with id: 'Object Repository/Page_Dashboard/span_Site home' located by '//div[@id='nav-drawer']/nav/ul/li[2]/a/div/div/span[2]' not found
	at com.kms.katalon.core.webui.common.WebUiCommonHelper.findWebElement(WebUiCommonHelper.java:1368)
	at com.kms.katalon.core.webui.keyword.internal.WebUIAbstractKeyword.findWebElement(WebUIAbstractKeyword.groovy:27)
	at com.kms.katalon.core.webui.keyword.builtin.ClickKeyword$_click_closure1.doCall(ClickKeyword.groovy:65)
	at com.kms.katalon.core.webui.keyword.builtin.ClickKeyword$_click_closure1.call(ClickKeyword.groovy)
	at com.kms.katalon.core.webui.keyword.internal.WebUIKeywordMain.runKeyword(WebUIKeywordMain.groovy:20)
	... 19 more
"/>
         <system-out><![CDATA[2022-01-17 06:45:43 - [TEST_CASE][FAILED] - Test Cases/test case 26: Test Cases/test case 26 FAILED.
Reason:
com.kms.katalon.core.exception.StepFailedException: Unable to click on object 'Object Repository/Page_Dashboard/span_Site home'
	at com.kms.katalon.core.webui.keyword.internal.WebUIKeywordMain.stepFailed(WebUIKeywordMain.groovy:64)
	at com.kms.katalon.core.webui.keyword.internal.WebUIKeywordMain.runKeyword(WebUIKeywordMain.groovy:26)
	at com.kms.katalon.core.webui.keyword.builtin.ClickKeyword.click(ClickKeyword.groovy:74)
	at com.kms.katalon.core.webui.keyword.builtin.ClickKeyword.execute(ClickKeyword.groovy:40)
	at com.kms.katalon.core.keyword.internal.KeywordExecutor.executeKeywordForPlatform(KeywordExecutor.groovy:74)
	at com.kms.katalon.core.webui.keyword.WebUiBuiltInKeywords.click(WebUiBuiltInKeywords.groovy:620)
	at com.kms.katalon.core.webui.keyword.WebUiBuiltInKeywords$click$1.call(Unknown Source)
	at test case 26.run(test case 26:34)
	at com.kms.katalon.core.main.ScriptEngine.run(ScriptEngine.java:194)
	at com.kms.katalon.core.main.ScriptEngine.runScriptAsRawText(ScriptEngine.java:119)
	at com.kms.katalon.core.main.TestCaseExecutor.runScript(TestCaseExecutor.java:442)
	at com.kms.katalon.core.main.TestCaseExecutor.doExecute(TestCaseExecutor.java:433)
	at com.kms.katalon.core.main.TestCaseExecutor.processExecutionPhase(TestCaseExecutor.java:412)
	at com.kms.katalon.core.main.TestCaseExecutor.accessMainPhase(TestCaseExecutor.java:404)
	at com.kms.katalon.core.main.TestCaseExecutor.execute(TestCaseExecutor.java:281)
	at com.kms.katalon.core.main.TestSuiteExecutor.accessTestCaseMainPhase(TestSuiteExecutor.java:202)
	at com.kms.katalon.core.main.TestSuiteExecutor.accessTestSuiteMainPhase(TestSuiteExecutor.java:164)
	at com.kms.katalon.core.main.TestSuiteExecutor.execute(TestSuiteExecutor.java:105)
	at com.kms.katalon.core.main.TestCaseMain.startTestSuite(TestCaseMain.java:181)
	at com.kms.katalon.core.main.TestCaseMain$startTestSuite$0.call(Unknown Source)
	at TempTestSuite1642373806466.run(TempTestSuite1642373806466.groovy:36)
Caused by: com.kms.katalon.core.webui.exception.WebElementNotFoundException: Web element with id: 'Object Repository/Page_Dashboard/span_Site home' located by '//div[@id='nav-drawer']/nav/ul/li[2]/a/div/div/span[2]' not found
	at com.kms.katalon.core.webui.common.WebUiCommonHelper.findWebElement(WebUiCommonHelper.java:1368)
	at com.kms.katalon.core.webui.keyword.internal.WebUIAbstractKeyword.findWebElement(WebUIAbstractKeyword.groovy:27)
	at com.kms.katalon.core.webui.keyword.builtin.ClickKeyword$_click_closure1.doCall(ClickKeyword.groovy:65)
	at com.kms.katalon.core.webui.keyword.builtin.ClickKeyword$_click_closure1.call(ClickKeyword.groovy)
	at com.kms.katalon.core.webui.keyword.internal.WebUIKeywordMain.runKeyword(WebUIKeywordMain.groovy:20)
	... 19 more


2022-01-17 06:45:43 - [TEST_STEP][PASSED] - openBrowser(""): Browser is opened with url: ''

2022-01-17 06:45:43 - [MESSAGE][WARNING] - A browser is already opened. Closing browser and opening a new one

2022-01-17 06:45:44 - [MESSAGE][INFO] - Starting 'Chrome' driver

2022-01-17 06:45:44 - [MESSAGE][INFO] - Action delay is set to 0 milliseconds

2022-01-17 06:45:45 - [MESSAGE][PASSED] - Browser is opened with url: ''

2022-01-17 06:45:45 - [TEST_STEP][PASSED] - navigateToUrl("http://localhost/"): Navigate to 'http://localhost/' successfully

2022-01-17 06:45:46 - [MESSAGE][PASSED] - Navigate to 'http://localhost/' successfully

2022-01-17 06:45:46 - [TEST_STEP][PASSED] - click(findTestObject("Object Repository/Page_Moodle/a_Log in")): Object: 'Object Repository/Page_Moodle/a_Log in' is clicked on

2022-01-17 06:45:47 - [MESSAGE][PASSED] - Object: 'Object Repository/Page_Moodle/a_Log in' is clicked on

2022-01-17 06:45:47 - [TEST_STEP][PASSED] - setText(findTestObject("Object Repository/Page_Moodle Log in to the site/input_Username_username"), "nmthu"): Text 'nmthu' is set on object 'Object Repository/Page_Moodle Log in to the site/input_Username_username'

2022-01-17 06:45:48 - [MESSAGE][PASSED] - Text 'nmthu' is set on object 'Object Repository/Page_Moodle Log in to the site/input_Username_username'

2022-01-17 06:45:48 - [TEST_STEP][PASSED] - setEncryptedText(findTestObject("Object Repository/Page_Moodle Log in to the site/input_Password_password"), "zm/yZ1suVYniggK+4Jo9ew=="): Text ****** has been set on object 'Object Repository/Page_Moodle Log in to the site/input_Password_password'

2022-01-17 06:45:48 - [MESSAGE][PASSED] - Text ****** has been set on object 'Object Repository/Page_Moodle Log in to the site/input_Password_password'

2022-01-17 06:45:48 - [TEST_STEP][PASSED] - click(findTestObject("Object Repository/Page_Moodle Log in to the site/form_document.getElementById(anchor).value _70e5d4")): Object: 'Object Repository/Page_Moodle Log in to the site/form_document.getElementById(anchor).value _70e5d4' is clicked on

2022-01-17 06:45:49 - [MESSAGE][PASSED] - Object: 'Object Repository/Page_Moodle Log in to the site/form_document.getElementById(anchor).value _70e5d4' is clicked on

2022-01-17 06:45:49 - [TEST_STEP][PASSED] - click(findTestObject("Object Repository/Page_Moodle Log in to the site/button_Log in")): Object: 'Object Repository/Page_Moodle Log in to the site/button_Log in' is clicked on

2022-01-17 06:45:49 - [MESSAGE][PASSED] - Object: 'Object Repository/Page_Moodle Log in to the site/button_Log in' is clicked on

2022-01-17 06:45:49 - [TEST_STEP][FAILED] - click(findTestObject("Object Repository/Page_Dashboard/span_Site home")): Unable to click on object 'Object Repository/Page_Dashboard/span_Site home' (Root cause: com.kms.katalon.core.exception.StepFailedException: Unable to click on object 'Object Repository/Page_Dashboard/span_Site home'
	at com.kms.katalon.core.webui.keyword.internal.WebUIKeywordMain.stepFailed(WebUIKeywordMain.groovy:64)
	at com.kms.katalon.core.webui.keyword.internal.WebUIKeywordMain.runKeyword(WebUIKeywordMain.groovy:26)
	at com.kms.katalon.core.webui.keyword.builtin.ClickKeyword.click(ClickKeyword.groovy:74)
	at com.kms.katalon.core.webui.keyword.builtin.ClickKeyword.execute(ClickKeyword.groovy:40)
	at com.kms.katalon.core.keyword.internal.KeywordExecutor.executeKeywordForPlatform(KeywordExecutor.groovy:74)
	at com.kms.katalon.core.webui.keyword.WebUiBuiltInKeywords.click(WebUiBuiltInKeywords.groovy:620)
	at com.kms.katalon.core.webui.keyword.WebUiBuiltInKeywords$click$1.call(Unknown Source)
	at test case 26.run(test case 26:34)
	at com.kms.katalon.core.main.ScriptEngine.run(ScriptEngine.java:194)
	at com.kms.katalon.core.main.ScriptEngine.runScriptAsRawText(ScriptEngine.java:119)
	at com.kms.katalon.core.main.TestCaseExecutor.runScript(TestCaseExecutor.java:442)
	at com.kms.katalon.core.main.TestCaseExecutor.doExecute(TestCaseExecutor.java:433)
	at com.kms.katalon.core.main.TestCaseExecutor.processExecutionPhase(TestCaseExecutor.java:412)
	at com.kms.katalon.core.main.TestCaseExecutor.accessMainPhase(TestCaseExecutor.java:404)
	at com.kms.katalon.core.main.TestCaseExecutor.execute(TestCaseExecutor.java:281)
	at com.kms.katalon.core.main.TestSuiteExecutor.accessTestCaseMainPhase(TestSuiteExecutor.java:202)
	at com.kms.katalon.core.main.TestSuiteExecutor.accessTestSuiteMainPhase(TestSuiteExecutor.java:164)
	at com.kms.katalon.core.main.TestSuiteExecutor.execute(TestSuiteExecutor.java:105)
	at com.kms.katalon.core.main.TestCaseMain.startTestSuite(TestCaseMain.java:181)
	at com.kms.katalon.core.main.TestCaseMain$startTestSuite$0.call(Unknown Source)
	at TempTestSuite1642373806466.run(TempTestSuite1642373806466.groovy:36)
Caused by: com.kms.katalon.core.webui.exception.WebElementNotFoundException: Web element with id: 'Object Repository/Page_Dashboard/span_Site home' located by '//div[@id='nav-drawer']/nav/ul/li[2]/a/div/div/span[2]' not found
	at com.kms.katalon.core.webui.common.WebUiCommonHelper.findWebElement(WebUiCommonHelper.java:1368)
	at com.kms.katalon.core.webui.keyword.internal.WebUIAbstractKeyword.findWebElement(WebUIAbstractKeyword.groovy:27)
	at com.kms.katalon.core.webui.keyword.builtin.ClickKeyword$_click_closure1.doCall(ClickKeyword.groovy:65)
	at com.kms.katalon.core.webui.keyword.builtin.ClickKeyword$_click_closure1.call(ClickKeyword.groovy)
	at com.kms.katalon.core.webui.keyword.internal.WebUIKeywordMain.runKeyword(WebUIKeywordMain.groovy:20)
	at com.kms.katalon.core.webui.keyword.builtin.ClickKeyword.click(ClickKeyword.groovy:74)
	at com.kms.katalon.core.webui.keyword.builtin.ClickKeyword.execute(ClickKeyword.groovy:40)
	at com.kms.katalon.core.keyword.internal.KeywordExecutor.executeKeywordForPlatform(KeywordExecutor.groovy:74)
	at com.kms.katalon.core.webui.keyword.WebUiBuiltInKeywords.click(WebUiBuiltInKeywords.groovy:620)
	at com.kms.katalon.core.webui.keyword.WebUiBuiltInKeywords$click$1.call(Unknown Source)
	at Script1642166566235.run(Script1642166566235.groovy:34)
	... 13 more
)

2022-01-17 06:46:21 - [MESSAGE][INFO] - Unable to find the element located by 'By.xpath: //div[@id='nav-drawer']/nav/ul/li[2]/a/div/div/span[2]'. Please recheck the objects properties to make sure the desired element is located. 

2022-01-17 06:46:21 - [MESSAGE][WARNING] - [SELF-HEALING] Failed to find element with id 'Object Repository/Page_Dashboard/span_Site home'. Try using Self-healing.

2022-01-17 06:46:21 - [MESSAGE][INFO] - [SELF-HEALING] Failed Locator: '//div[@id='nav-drawer']/nav/ul/li[2]/a/div/div/span[2]'.

2022-01-17 06:46:21 - [MESSAGE][INFO] - [SELF-HEALING] Failed Locator: '(.//*[normalize-space(text()) and normalize-space(.)='Dashboard'])[3]/following::span[2]'.

2022-01-17 06:46:21 - [MESSAGE][INFO] - [SELF-HEALING] Failed Locator: '(.//*[normalize-space(text()) and normalize-space(.)='Switch role to...'])[1]/following::span[4]'.

2022-01-17 06:46:22 - [MESSAGE][INFO] - [SELF-HEALING] Failed Locator: '(.//*[normalize-space(text()) and normalize-space(.)='Calendar'])[1]/preceding::span[2]'.

2022-01-17 06:46:22 - [MESSAGE][INFO] - [SELF-HEALING] Failed Locator: '(.//*[normalize-space(text()) and normalize-space(.)='Private files'])[1]/preceding::span[4]'.

2022-01-17 06:46:22 - [MESSAGE][INFO] - [SELF-HEALING] Failed Locator: '//*/text()[normalize-space(.)='Site home']/parent::*'.

2022-01-17 06:46:22 - [MESSAGE][INFO] - [SELF-HEALING] Failed Locator: '//li[2]/a/div/div/span[2]'.

2022-01-17 06:46:23 - [MESSAGE][INFO] - [SELF-HEALING] Failed Locator: '(.//*[normalize-space(text()) and normalize-space(.)='Log out'])[1]/following::span[4]'.

2022-01-17 06:46:24 - [MESSAGE][INFO] - Unable to find the element located by 'By.xpath: //*[(text() = 'Site home' or . = 'Site home')]'. Please recheck the objects properties to make sure the desired element is located. 

2022-01-17 06:46:25 - [MESSAGE][INFO] - Unable to find the element located by 'By.cssSelector: '. Please recheck the objects properties to make sure the desired element is located. 

2022-01-17 06:46:25 - [MESSAGE][FAILED] - Unable to click on object 'Object Repository/Page_Dashboard/span_Site home' (Root cause: com.kms.katalon.core.exception.StepFailedException: Unable to click on object 'Object Repository/Page_Dashboard/span_Site home'
	at com.kms.katalon.core.webui.keyword.internal.WebUIKeywordMain.stepFailed(WebUIKeywordMain.groovy:64)
	at com.kms.katalon.core.webui.keyword.internal.WebUIKeywordMain.runKeyword(WebUIKeywordMain.groovy:26)
	at com.kms.katalon.core.webui.keyword.builtin.ClickKeyword.click(ClickKeyword.groovy:74)
	at com.kms.katalon.core.webui.keyword.builtin.ClickKeyword.execute(ClickKeyword.groovy:40)
	at com.kms.katalon.core.keyword.internal.KeywordExecutor.executeKeywordForPlatform(KeywordExecutor.groovy:74)
	at com.kms.katalon.core.webui.keyword.WebUiBuiltInKeywords.click(WebUiBuiltInKeywords.groovy:620)
	at com.kms.katalon.core.webui.keyword.WebUiBuiltInKeywords$click$1.call(Unknown Source)
	at test case 26.run(test case 26:34)
	at com.kms.katalon.core.main.ScriptEngine.run(ScriptEngine.java:194)
	at com.kms.katalon.core.main.ScriptEngine.runScriptAsRawText(ScriptEngine.java:119)
	at com.kms.katalon.core.main.TestCaseExecutor.runScript(TestCaseExecutor.java:442)
	at com.kms.katalon.core.main.TestCaseExecutor.doExecute(TestCaseExecutor.java:433)
	at com.kms.katalon.core.main.TestCaseExecutor.processExecutionPhase(TestCaseExecutor.java:412)
	at com.kms.katalon.core.main.TestCaseExecutor.accessMainPhase(TestCaseExecutor.java:404)
	at com.kms.katalon.core.main.TestCaseExecutor.execute(TestCaseExecutor.java:281)
	at com.kms.katalon.core.main.TestSuiteExecutor.accessTestCaseMainPhase(TestSuiteExecutor.java:202)
	at com.kms.katalon.core.main.TestSuiteExecutor.accessTestSuiteMainPhase(TestSuiteExecutor.java:164)
	at com.kms.katalon.core.main.TestSuiteExecutor.execute(TestSuiteExecutor.java:105)
	at com.kms.katalon.core.main.TestCaseMain.startTestSuite(TestCaseMain.java:181)
	at com.kms.katalon.core.main.TestCaseMain$startTestSuite$0.call(Unknown Source)
	at TempTestSuite1642373806466.run(TempTestSuite1642373806466.groovy:36)
Caused by: com.kms.katalon.core.webui.exception.WebElementNotFoundException: Web element with id: 'Object Repository/Page_Dashboard/span_Site home' located by '//div[@id='nav-drawer']/nav/ul/li[2]/a/div/div/span[2]' not found
	at com.kms.katalon.core.webui.common.WebUiCommonHelper.findWebElement(WebUiCommonHelper.java:1368)
	at com.kms.katalon.core.webui.keyword.internal.WebUIAbstractKeyword.findWebElement(WebUIAbstractKeyword.groovy:27)
	at com.kms.katalon.core.webui.keyword.builtin.ClickKeyword$_click_closure1.doCall(ClickKeyword.groovy:65)
	at com.kms.katalon.core.webui.keyword.builtin.ClickKeyword$_click_closure1.call(ClickKeyword.groovy)
	at com.kms.katalon.core.webui.keyword.internal.WebUIKeywordMain.runKeyword(WebUIKeywordMain.groovy:20)
	at com.kms.katalon.core.webui.keyword.builtin.ClickKeyword.click(ClickKeyword.groovy:74)
	at com.kms.katalon.core.webui.keyword.builtin.ClickKeyword.execute(ClickKeyword.groovy:40)
	at com.kms.katalon.core.keyword.internal.KeywordExecutor.executeKeywordForPlatform(KeywordExecutor.groovy:74)
	at com.kms.katalon.core.webui.keyword.WebUiBuiltInKeywords.click(WebUiBuiltInKeywords.groovy:620)
	at com.kms.katalon.core.webui.keyword.WebUiBuiltInKeywords$click$1.call(Unknown Source)
	at Script1642166566235.run(Script1642166566235.groovy:34)
	... 13 more
)
[[ATTACHMENT|D:\\Test-Automation-SE-Bonus\\Test-Automation-SE-Bonus\\Reports\\20220117_055646\\Run all test cases\\20220117_055646\\1642376785422.png]]]]></system-out>
         <system-err><![CDATA[2022-01-17 06:45:43 - [TEST_CASE][FAILED] - Test Cases/test case 26: Test Cases/test case 26 FAILED.
Reason:
com.kms.katalon.core.exception.StepFailedException: Unable to click on object 'Object Repository/Page_Dashboard/span_Site home'
	at com.kms.katalon.core.webui.keyword.internal.WebUIKeywordMain.stepFailed(WebUIKeywordMain.groovy:64)
	at com.kms.katalon.core.webui.keyword.internal.WebUIKeywordMain.runKeyword(WebUIKeywordMain.groovy:26)
	at com.kms.katalon.core.webui.keyword.builtin.ClickKeyword.click(ClickKeyword.groovy:74)
	at com.kms.katalon.core.webui.keyword.builtin.ClickKeyword.execute(ClickKeyword.groovy:40)
	at com.kms.katalon.core.keyword.internal.KeywordExecutor.executeKeywordForPlatform(KeywordExecutor.groovy:74)
	at com.kms.katalon.core.webui.keyword.WebUiBuiltInKeywords.click(WebUiBuiltInKeywords.groovy:620)
	at com.kms.katalon.core.webui.keyword.WebUiBuiltInKeywords$click$1.call(Unknown Source)
	at test case 26.run(test case 26:34)
	at com.kms.katalon.core.main.ScriptEngine.run(ScriptEngine.java:194)
	at com.kms.katalon.core.main.ScriptEngine.runScriptAsRawText(ScriptEngine.java:119)
	at com.kms.katalon.core.main.TestCaseExecutor.runScript(TestCaseExecutor.java:442)
	at com.kms.katalon.core.main.TestCaseExecutor.doExecute(TestCaseExecutor.java:433)
	at com.kms.katalon.core.main.TestCaseExecutor.processExecutionPhase(TestCaseExecutor.java:412)
	at com.kms.katalon.core.main.TestCaseExecutor.accessMainPhase(TestCaseExecutor.java:404)
	at com.kms.katalon.core.main.TestCaseExecutor.execute(TestCaseExecutor.java:281)
	at com.kms.katalon.core.main.TestSuiteExecutor.accessTestCaseMainPhase(TestSuiteExecutor.java:202)
	at com.kms.katalon.core.main.TestSuiteExecutor.accessTestSuiteMainPhase(TestSuiteExecutor.java:164)
	at com.kms.katalon.core.main.TestSuiteExecutor.execute(TestSuiteExecutor.java:105)
	at com.kms.katalon.core.main.TestCaseMain.startTestSuite(TestCaseMain.java:181)
	at com.kms.katalon.core.main.TestCaseMain$startTestSuite$0.call(Unknown Source)
	at TempTestSuite1642373806466.run(TempTestSuite1642373806466.groovy:36)
Caused by: com.kms.katalon.core.webui.exception.WebElementNotFoundException: Web element with id: 'Object Repository/Page_Dashboard/span_Site home' located by '//div[@id='nav-drawer']/nav/ul/li[2]/a/div/div/span[2]' not found
	at com.kms.katalon.core.webui.common.WebUiCommonHelper.findWebElement(WebUiCommonHelper.java:1368)
	at com.kms.katalon.core.webui.keyword.internal.WebUIAbstractKeyword.findWebElement(WebUIAbstractKeyword.groovy:27)
	at com.kms.katalon.core.webui.keyword.builtin.ClickKeyword$_click_closure1.doCall(ClickKeyword.groovy:65)
	at com.kms.katalon.core.webui.keyword.builtin.ClickKeyword$_click_closure1.call(ClickKeyword.groovy)
	at com.kms.katalon.core.webui.keyword.internal.WebUIKeywordMain.runKeyword(WebUIKeywordMain.groovy:20)
	... 19 more]]></system-err>
      </testcase>
      <testcase name="Test Cases/test case 27" time="41.4" classname="Test Cases/test case 27" status="FAILED">
         <failure type="FAILED" message="Test Cases/test case 27 FAILED.
Reason:
com.kms.katalon.core.exception.StepFailedException: Verify element text of test object 'Object Repository/Page_Dashboard/span_Calendar' FAILED.
	at com.kms.katalon.core.webui.keyword.internal.WebUIKeywordMain.stepFailed(WebUIKeywordMain.groovy:64)
	at com.kms.katalon.core.webui.keyword.internal.WebUIKeywordMain.runKeyword(WebUIKeywordMain.groovy:26)
	at com.kms.katalon.core.webui.keyword.builtin.VerifyElementTextKeyword.verifyElementText(VerifyElementTextKeyword.groovy:72)
	at com.kms.katalon.core.webui.keyword.builtin.VerifyElementTextKeyword.execute(VerifyElementTextKeyword.groovy:40)
	at com.kms.katalon.core.keyword.internal.KeywordExecutor.executeKeywordForPlatform(KeywordExecutor.groovy:74)
	at com.kms.katalon.core.webui.keyword.WebUiBuiltInKeywords.verifyElementText(WebUiBuiltInKeywords.groovy:4749)
	at com.kms.katalon.core.webui.keyword.WebUiBuiltInKeywords$verifyElementText$7.call(Unknown Source)
	at test case 27.run(test case 27:32)
	at com.kms.katalon.core.main.ScriptEngine.run(ScriptEngine.java:194)
	at com.kms.katalon.core.main.ScriptEngine.runScriptAsRawText(ScriptEngine.java:119)
	at com.kms.katalon.core.main.TestCaseExecutor.runScript(TestCaseExecutor.java:442)
	at com.kms.katalon.core.main.TestCaseExecutor.doExecute(TestCaseExecutor.java:433)
	at com.kms.katalon.core.main.TestCaseExecutor.processExecutionPhase(TestCaseExecutor.java:412)
	at com.kms.katalon.core.main.TestCaseExecutor.accessMainPhase(TestCaseExecutor.java:404)
	at com.kms.katalon.core.main.TestCaseExecutor.execute(TestCaseExecutor.java:281)
	at com.kms.katalon.core.main.TestSuiteExecutor.accessTestCaseMainPhase(TestSuiteExecutor.java:202)
	at com.kms.katalon.core.main.TestSuiteExecutor.accessTestSuiteMainPhase(TestSuiteExecutor.java:164)
	at com.kms.katalon.core.main.TestSuiteExecutor.execute(TestSuiteExecutor.java:105)
	at com.kms.katalon.core.main.TestCaseMain.startTestSuite(TestCaseMain.java:181)
	at com.kms.katalon.core.main.TestCaseMain$startTestSuite$0.call(Unknown Source)
	at TempTestSuite1642373806466.run(TempTestSuite1642373806466.groovy:36)
Caused by: com.kms.katalon.core.exception.StepFailedException: com.kms.katalon.core.webui.exception.WebElementNotFoundException: Web element with id: 'Object Repository/Page_Dashboard/span_Calendar' located by '//div[@id='nav-drawer']/nav/ul/li[3]/a/div/div/span[2]' not found
	at com.kms.katalon.core.webui.keyword.internal.WebUIKeywordMain.stepFailed(WebUIKeywordMain.groovy:64)
	at com.kms.katalon.core.webui.keyword.builtin.VerifyElementTextKeyword$_verifyElementText_closure1.doCall(VerifyElementTextKeyword.groovy:64)
	at com.kms.katalon.core.webui.keyword.builtin.VerifyElementTextKeyword$_verifyElementText_closure1.call(VerifyElementTextKeyword.groovy)
	at com.kms.katalon.core.webui.keyword.internal.WebUIKeywordMain.runKeyword(WebUIKeywordMain.groovy:20)
	... 19 more
"/>
         <system-out><![CDATA[2022-01-17 06:46:25 - [TEST_CASE][FAILED] - Test Cases/test case 27: Test Cases/test case 27 FAILED.
Reason:
com.kms.katalon.core.exception.StepFailedException: Verify element text of test object 'Object Repository/Page_Dashboard/span_Calendar' FAILED.
	at com.kms.katalon.core.webui.keyword.internal.WebUIKeywordMain.stepFailed(WebUIKeywordMain.groovy:64)
	at com.kms.katalon.core.webui.keyword.internal.WebUIKeywordMain.runKeyword(WebUIKeywordMain.groovy:26)
	at com.kms.katalon.core.webui.keyword.builtin.VerifyElementTextKeyword.verifyElementText(VerifyElementTextKeyword.groovy:72)
	at com.kms.katalon.core.webui.keyword.builtin.VerifyElementTextKeyword.execute(VerifyElementTextKeyword.groovy:40)
	at com.kms.katalon.core.keyword.internal.KeywordExecutor.executeKeywordForPlatform(KeywordExecutor.groovy:74)
	at com.kms.katalon.core.webui.keyword.WebUiBuiltInKeywords.verifyElementText(WebUiBuiltInKeywords.groovy:4749)
	at com.kms.katalon.core.webui.keyword.WebUiBuiltInKeywords$verifyElementText$7.call(Unknown Source)
	at test case 27.run(test case 27:32)
	at com.kms.katalon.core.main.ScriptEngine.run(ScriptEngine.java:194)
	at com.kms.katalon.core.main.ScriptEngine.runScriptAsRawText(ScriptEngine.java:119)
	at com.kms.katalon.core.main.TestCaseExecutor.runScript(TestCaseExecutor.java:442)
	at com.kms.katalon.core.main.TestCaseExecutor.doExecute(TestCaseExecutor.java:433)
	at com.kms.katalon.core.main.TestCaseExecutor.processExecutionPhase(TestCaseExecutor.java:412)
	at com.kms.katalon.core.main.TestCaseExecutor.accessMainPhase(TestCaseExecutor.java:404)
	at com.kms.katalon.core.main.TestCaseExecutor.execute(TestCaseExecutor.java:281)
	at com.kms.katalon.core.main.TestSuiteExecutor.accessTestCaseMainPhase(TestSuiteExecutor.java:202)
	at com.kms.katalon.core.main.TestSuiteExecutor.accessTestSuiteMainPhase(TestSuiteExecutor.java:164)
	at com.kms.katalon.core.main.TestSuiteExecutor.execute(TestSuiteExecutor.java:105)
	at com.kms.katalon.core.main.TestCaseMain.startTestSuite(TestCaseMain.java:181)
	at com.kms.katalon.core.main.TestCaseMain$startTestSuite$0.call(Unknown Source)
	at TempTestSuite1642373806466.run(TempTestSuite1642373806466.groovy:36)
Caused by: com.kms.katalon.core.exception.StepFailedException: com.kms.katalon.core.webui.exception.WebElementNotFoundException: Web element with id: 'Object Repository/Page_Dashboard/span_Calendar' located by '//div[@id='nav-drawer']/nav/ul/li[3]/a/div/div/span[2]' not found
	at com.kms.katalon.core.webui.keyword.internal.WebUIKeywordMain.stepFailed(WebUIKeywordMain.groovy:64)
	at com.kms.katalon.core.webui.keyword.builtin.VerifyElementTextKeyword$_verifyElementText_closure1.doCall(VerifyElementTextKeyword.groovy:64)
	at com.kms.katalon.core.webui.keyword.builtin.VerifyElementTextKeyword$_verifyElementText_closure1.call(VerifyElementTextKeyword.groovy)
	at com.kms.katalon.core.webui.keyword.internal.WebUIKeywordMain.runKeyword(WebUIKeywordMain.groovy:20)
	... 19 more


2022-01-17 06:46:25 - [TEST_STEP][PASSED] - openBrowser(""): Browser is opened with url: ''

2022-01-17 06:46:25 - [MESSAGE][WARNING] - A browser is already opened. Closing browser and opening a new one

2022-01-17 06:46:26 - [MESSAGE][INFO] - Starting 'Chrome' driver

2022-01-17 06:46:26 - [MESSAGE][INFO] - Action delay is set to 0 milliseconds

2022-01-17 06:46:27 - [MESSAGE][PASSED] - Browser is opened with url: ''

2022-01-17 06:46:27 - [TEST_STEP][PASSED] - navigateToUrl("http://localhost/"): Navigate to 'http://localhost/' successfully

2022-01-17 06:46:28 - [MESSAGE][PASSED] - Navigate to 'http://localhost/' successfully

2022-01-17 06:46:28 - [TEST_STEP][PASSED] - click(findTestObject("Object Repository/Page_Moodle/a_Log in")): Object: 'Object Repository/Page_Moodle/a_Log in' is clicked on

2022-01-17 06:46:29 - [MESSAGE][PASSED] - Object: 'Object Repository/Page_Moodle/a_Log in' is clicked on

2022-01-17 06:46:29 - [TEST_STEP][PASSED] - setText(findTestObject("Object Repository/Page_Moodle Log in to the site/input_Username_username"), "nmthu"): Text 'nmthu' is set on object 'Object Repository/Page_Moodle Log in to the site/input_Username_username'

2022-01-17 06:46:30 - [MESSAGE][PASSED] - Text 'nmthu' is set on object 'Object Repository/Page_Moodle Log in to the site/input_Username_username'

2022-01-17 06:46:30 - [TEST_STEP][PASSED] - setEncryptedText(findTestObject("Object Repository/Page_Moodle Log in to the site/input_Password_password"), "zm/yZ1suVYniggK+4Jo9ew=="): Text ****** has been set on object 'Object Repository/Page_Moodle Log in to the site/input_Password_password'

2022-01-17 06:46:30 - [MESSAGE][PASSED] - Text ****** has been set on object 'Object Repository/Page_Moodle Log in to the site/input_Password_password'

2022-01-17 06:46:30 - [TEST_STEP][PASSED] - click(findTestObject("Object Repository/Page_Moodle Log in to the site/button_Log in")): Object: 'Object Repository/Page_Moodle Log in to the site/button_Log in' is clicked on

2022-01-17 06:46:31 - [MESSAGE][PASSED] - Object: 'Object Repository/Page_Moodle Log in to the site/button_Log in' is clicked on

2022-01-17 06:46:31 - [TEST_STEP][FAILED] - verifyElementText(findTestObject("Object Repository/Page_Dashboard/span_Calendar"), "Calendar"): Verify element text of test object 'Object Repository/Page_Dashboard/span_Calendar' FAILED. (Root cause: com.kms.katalon.core.exception.StepFailedException: Verify element text of test object 'Object Repository/Page_Dashboard/span_Calendar' FAILED.
	at com.kms.katalon.core.webui.keyword.internal.WebUIKeywordMain.stepFailed(WebUIKeywordMain.groovy:64)
	at com.kms.katalon.core.webui.keyword.internal.WebUIKeywordMain.runKeyword(WebUIKeywordMain.groovy:26)
	at com.kms.katalon.core.webui.keyword.builtin.VerifyElementTextKeyword.verifyElementText(VerifyElementTextKeyword.groovy:72)
	at com.kms.katalon.core.webui.keyword.builtin.VerifyElementTextKeyword.execute(VerifyElementTextKeyword.groovy:40)
	at com.kms.katalon.core.keyword.internal.KeywordExecutor.executeKeywordForPlatform(KeywordExecutor.groovy:74)
	at com.kms.katalon.core.webui.keyword.WebUiBuiltInKeywords.verifyElementText(WebUiBuiltInKeywords.groovy:4749)
	at com.kms.katalon.core.webui.keyword.WebUiBuiltInKeywords$verifyElementText$7.call(Unknown Source)
	at test case 27.run(test case 27:32)
	at com.kms.katalon.core.main.ScriptEngine.run(ScriptEngine.java:194)
	at com.kms.katalon.core.main.ScriptEngine.runScriptAsRawText(ScriptEngine.java:119)
	at com.kms.katalon.core.main.TestCaseExecutor.runScript(TestCaseExecutor.java:442)
	at com.kms.katalon.core.main.TestCaseExecutor.doExecute(TestCaseExecutor.java:433)
	at com.kms.katalon.core.main.TestCaseExecutor.processExecutionPhase(TestCaseExecutor.java:412)
	at com.kms.katalon.core.main.TestCaseExecutor.accessMainPhase(TestCaseExecutor.java:404)
	at com.kms.katalon.core.main.TestCaseExecutor.execute(TestCaseExecutor.java:281)
	at com.kms.katalon.core.main.TestSuiteExecutor.accessTestCaseMainPhase(TestSuiteExecutor.java:202)
	at com.kms.katalon.core.main.TestSuiteExecutor.accessTestSuiteMainPhase(TestSuiteExecutor.java:164)
	at com.kms.katalon.core.main.TestSuiteExecutor.execute(TestSuiteExecutor.java:105)
	at com.kms.katalon.core.main.TestCaseMain.startTestSuite(TestCaseMain.java:181)
	at com.kms.katalon.core.main.TestCaseMain$startTestSuite$0.call(Unknown Source)
	at TempTestSuite1642373806466.run(TempTestSuite1642373806466.groovy:36)
Caused by: com.kms.katalon.core.exception.StepFailedException: com.kms.katalon.core.webui.exception.WebElementNotFoundException: Web element with id: 'Object Repository/Page_Dashboard/span_Calendar' located by '//div[@id='nav-drawer']/nav/ul/li[3]/a/div/div/span[2]' not found
	at com.kms.katalon.core.webui.keyword.internal.WebUIKeywordMain.stepFailed(WebUIKeywordMain.groovy:64)
	at com.kms.katalon.core.webui.keyword.builtin.VerifyElementTextKeyword$_verifyElementText_closure1.doCall(VerifyElementTextKeyword.groovy:64)
	at com.kms.katalon.core.webui.keyword.builtin.VerifyElementTextKeyword$_verifyElementText_closure1.call(VerifyElementTextKeyword.groovy)
	at com.kms.katalon.core.webui.keyword.internal.WebUIKeywordMain.runKeyword(WebUIKeywordMain.groovy:20)
	... 19 more
)

2022-01-17 06:47:02 - [MESSAGE][INFO] - Unable to find the element located by 'By.xpath: //div[@id='nav-drawer']/nav/ul/li[3]/a/div/div/span[2]'. Please recheck the objects properties to make sure the desired element is located. 

2022-01-17 06:47:02 - [MESSAGE][WARNING] - [SELF-HEALING] Failed to find element with id 'Object Repository/Page_Dashboard/span_Calendar'. Try using Self-healing.

2022-01-17 06:47:02 - [MESSAGE][INFO] - [SELF-HEALING] Failed Locator: '//div[@id='nav-drawer']/nav/ul/li[3]/a/div/div/span[2]'.

2022-01-17 06:47:02 - [MESSAGE][INFO] - [SELF-HEALING] Failed Locator: '(.//*[normalize-space(text()) and normalize-space(.)='Site home'])[1]/following::span[2]'.

2022-01-17 06:47:03 - [MESSAGE][INFO] - [SELF-HEALING] Failed Locator: '(.//*[normalize-space(text()) and normalize-space(.)='Dashboard'])[3]/following::span[4]'.

2022-01-17 06:47:03 - [MESSAGE][INFO] - [SELF-HEALING] Failed Locator: '(.//*[normalize-space(text()) and normalize-space(.)='Private files'])[1]/preceding::span[2]'.

2022-01-17 06:47:03 - [MESSAGE][INFO] - [SELF-HEALING] Failed Locator: '(.//*[normalize-space(text()) and normalize-space(.)='My courses'])[1]/preceding::span[4]'.

2022-01-17 06:47:04 - [MESSAGE][INFO] - [SELF-HEALING] Failed Locator: '//*/text()[normalize-space(.)='Calendar']/parent::*'.

2022-01-17 06:47:04 - [MESSAGE][INFO] - [SELF-HEALING] Failed Locator: '//li[3]/a/div/div/span[2]'.

2022-01-17 06:47:04 - [MESSAGE][INFO] - [SELF-HEALING] Failed Locator: '(.//*[normalize-space(text()) and normalize-space(.)='Content bank'])[1]/preceding::span[4]'.

2022-01-17 06:47:05 - [MESSAGE][INFO] - Unable to find the element located by 'By.xpath: //*[(text() = 'Calendar' or . = 'Calendar')]'. Please recheck the objects properties to make sure the desired element is located. 

2022-01-17 06:47:06 - [MESSAGE][INFO] - Unable to find the element located by 'By.cssSelector: '. Please recheck the objects properties to make sure the desired element is located. 

2022-01-17 06:47:06 - [MESSAGE][FAILED] - com.kms.katalon.core.webui.exception.WebElementNotFoundException: Web element with id: 'Object Repository/Page_Dashboard/span_Calendar' located by '//div[@id='nav-drawer']/nav/ul/li[3]/a/div/div/span[2]' not found (Root cause: com.kms.katalon.core.exception.StepFailedException: com.kms.katalon.core.webui.exception.WebElementNotFoundException: Web element with id: 'Object Repository/Page_Dashboard/span_Calendar' located by '//div[@id='nav-drawer']/nav/ul/li[3]/a/div/div/span[2]' not found
	at com.kms.katalon.core.webui.keyword.internal.WebUIKeywordMain.stepFailed(WebUIKeywordMain.groovy:64)
	at com.kms.katalon.core.webui.keyword.builtin.VerifyElementTextKeyword$_verifyElementText_closure1.doCall(VerifyElementTextKeyword.groovy:64)
	at com.kms.katalon.core.webui.keyword.builtin.VerifyElementTextKeyword$_verifyElementText_closure1.call(VerifyElementTextKeyword.groovy)
	at com.kms.katalon.core.webui.keyword.internal.WebUIKeywordMain.runKeyword(WebUIKeywordMain.groovy:20)
	at com.kms.katalon.core.webui.keyword.builtin.VerifyElementTextKeyword.verifyElementText(VerifyElementTextKeyword.groovy:72)
	at com.kms.katalon.core.webui.keyword.builtin.VerifyElementTextKeyword.execute(VerifyElementTextKeyword.groovy:40)
	at com.kms.katalon.core.keyword.internal.KeywordExecutor.executeKeywordForPlatform(KeywordExecutor.groovy:74)
	at com.kms.katalon.core.webui.keyword.WebUiBuiltInKeywords.verifyElementText(WebUiBuiltInKeywords.groovy:4749)
	at com.kms.katalon.core.webui.keyword.WebUiBuiltInKeywords$verifyElementText$7.call(Unknown Source)
	at test case 27.run(test case 27:32)
	at com.kms.katalon.core.main.ScriptEngine.run(ScriptEngine.java:194)
	at com.kms.katalon.core.main.ScriptEngine.runScriptAsRawText(ScriptEngine.java:119)
	at com.kms.katalon.core.main.TestCaseExecutor.runScript(TestCaseExecutor.java:442)
	at com.kms.katalon.core.main.TestCaseExecutor.doExecute(TestCaseExecutor.java:433)
	at com.kms.katalon.core.main.TestCaseExecutor.processExecutionPhase(TestCaseExecutor.java:412)
	at com.kms.katalon.core.main.TestCaseExecutor.accessMainPhase(TestCaseExecutor.java:404)
	at com.kms.katalon.core.main.TestCaseExecutor.execute(TestCaseExecutor.java:281)
	at com.kms.katalon.core.main.TestSuiteExecutor.accessTestCaseMainPhase(TestSuiteExecutor.java:202)
	at com.kms.katalon.core.main.TestSuiteExecutor.accessTestSuiteMainPhase(TestSuiteExecutor.java:164)
	at com.kms.katalon.core.main.TestSuiteExecutor.execute(TestSuiteExecutor.java:105)
	at com.kms.katalon.core.main.TestCaseMain.startTestSuite(TestCaseMain.java:181)
	at com.kms.katalon.core.main.TestCaseMain$startTestSuite$0.call(Unknown Source)
	at TempTestSuite1642373806466.run(TempTestSuite1642373806466.groovy:36)
)
[[ATTACHMENT|D:\\Test-Automation-SE-Bonus\\Test-Automation-SE-Bonus\\Reports\\20220117_055646\\Run all test cases\\20220117_055646\\1642376826729.png]]

2022-01-17 06:47:06 - [MESSAGE][FAILED] - Verify element text of test object 'Object Repository/Page_Dashboard/span_Calendar' FAILED. (Root cause: com.kms.katalon.core.exception.StepFailedException: Verify element text of test object 'Object Repository/Page_Dashboard/span_Calendar' FAILED.
	at com.kms.katalon.core.webui.keyword.internal.WebUIKeywordMain.stepFailed(WebUIKeywordMain.groovy:64)
	at com.kms.katalon.core.webui.keyword.internal.WebUIKeywordMain.runKeyword(WebUIKeywordMain.groovy:26)
	at com.kms.katalon.core.webui.keyword.builtin.VerifyElementTextKeyword.verifyElementText(VerifyElementTextKeyword.groovy:72)
	at com.kms.katalon.core.webui.keyword.builtin.VerifyElementTextKeyword.execute(VerifyElementTextKeyword.groovy:40)
	at com.kms.katalon.core.keyword.internal.KeywordExecutor.executeKeywordForPlatform(KeywordExecutor.groovy:74)
	at com.kms.katalon.core.webui.keyword.WebUiBuiltInKeywords.verifyElementText(WebUiBuiltInKeywords.groovy:4749)
	at com.kms.katalon.core.webui.keyword.WebUiBuiltInKeywords$verifyElementText$7.call(Unknown Source)
	at test case 27.run(test case 27:32)
	at com.kms.katalon.core.main.ScriptEngine.run(ScriptEngine.java:194)
	at com.kms.katalon.core.main.ScriptEngine.runScriptAsRawText(ScriptEngine.java:119)
	at com.kms.katalon.core.main.TestCaseExecutor.runScript(TestCaseExecutor.java:442)
	at com.kms.katalon.core.main.TestCaseExecutor.doExecute(TestCaseExecutor.java:433)
	at com.kms.katalon.core.main.TestCaseExecutor.processExecutionPhase(TestCaseExecutor.java:412)
	at com.kms.katalon.core.main.TestCaseExecutor.accessMainPhase(TestCaseExecutor.java:404)
	at com.kms.katalon.core.main.TestCaseExecutor.execute(TestCaseExecutor.java:281)
	at com.kms.katalon.core.main.TestSuiteExecutor.accessTestCaseMainPhase(TestSuiteExecutor.java:202)
	at com.kms.katalon.core.main.TestSuiteExecutor.accessTestSuiteMainPhase(TestSuiteExecutor.java:164)
	at com.kms.katalon.core.main.TestSuiteExecutor.execute(TestSuiteExecutor.java:105)
	at com.kms.katalon.core.main.TestCaseMain.startTestSuite(TestCaseMain.java:181)
	at com.kms.katalon.core.main.TestCaseMain$startTestSuite$0.call(Unknown Source)
	at TempTestSuite1642373806466.run(TempTestSuite1642373806466.groovy:36)
Caused by: com.kms.katalon.core.exception.StepFailedException: com.kms.katalon.core.webui.exception.WebElementNotFoundException: Web element with id: 'Object Repository/Page_Dashboard/span_Calendar' located by '//div[@id='nav-drawer']/nav/ul/li[3]/a/div/div/span[2]' not found
	at com.kms.katalon.core.webui.keyword.internal.WebUIKeywordMain.stepFailed(WebUIKeywordMain.groovy:64)
	at com.kms.katalon.core.webui.keyword.builtin.VerifyElementTextKeyword$_verifyElementText_closure1.doCall(VerifyElementTextKeyword.groovy:64)
	at com.kms.katalon.core.webui.keyword.builtin.VerifyElementTextKeyword$_verifyElementText_closure1.call(VerifyElementTextKeyword.groovy)
	at com.kms.katalon.core.webui.keyword.internal.WebUIKeywordMain.runKeyword(WebUIKeywordMain.groovy:20)
	... 19 more
)
[[ATTACHMENT|D:\\Test-Automation-SE-Bonus\\Test-Automation-SE-Bonus\\Reports\\20220117_055646\\Run all test cases\\20220117_055646\\1642376826858.png]]]]></system-out>
         <system-err><![CDATA[2022-01-17 06:46:25 - [TEST_CASE][FAILED] - Test Cases/test case 27: Test Cases/test case 27 FAILED.
Reason:
com.kms.katalon.core.exception.StepFailedException: Verify element text of test object 'Object Repository/Page_Dashboard/span_Calendar' FAILED.
	at com.kms.katalon.core.webui.keyword.internal.WebUIKeywordMain.stepFailed(WebUIKeywordMain.groovy:64)
	at com.kms.katalon.core.webui.keyword.internal.WebUIKeywordMain.runKeyword(WebUIKeywordMain.groovy:26)
	at com.kms.katalon.core.webui.keyword.builtin.VerifyElementTextKeyword.verifyElementText(VerifyElementTextKeyword.groovy:72)
	at com.kms.katalon.core.webui.keyword.builtin.VerifyElementTextKeyword.execute(VerifyElementTextKeyword.groovy:40)
	at com.kms.katalon.core.keyword.internal.KeywordExecutor.executeKeywordForPlatform(KeywordExecutor.groovy:74)
	at com.kms.katalon.core.webui.keyword.WebUiBuiltInKeywords.verifyElementText(WebUiBuiltInKeywords.groovy:4749)
	at com.kms.katalon.core.webui.keyword.WebUiBuiltInKeywords$verifyElementText$7.call(Unknown Source)
	at test case 27.run(test case 27:32)
	at com.kms.katalon.core.main.ScriptEngine.run(ScriptEngine.java:194)
	at com.kms.katalon.core.main.ScriptEngine.runScriptAsRawText(ScriptEngine.java:119)
	at com.kms.katalon.core.main.TestCaseExecutor.runScript(TestCaseExecutor.java:442)
	at com.kms.katalon.core.main.TestCaseExecutor.doExecute(TestCaseExecutor.java:433)
	at com.kms.katalon.core.main.TestCaseExecutor.processExecutionPhase(TestCaseExecutor.java:412)
	at com.kms.katalon.core.main.TestCaseExecutor.accessMainPhase(TestCaseExecutor.java:404)
	at com.kms.katalon.core.main.TestCaseExecutor.execute(TestCaseExecutor.java:281)
	at com.kms.katalon.core.main.TestSuiteExecutor.accessTestCaseMainPhase(TestSuiteExecutor.java:202)
	at com.kms.katalon.core.main.TestSuiteExecutor.accessTestSuiteMainPhase(TestSuiteExecutor.java:164)
	at com.kms.katalon.core.main.TestSuiteExecutor.execute(TestSuiteExecutor.java:105)
	at com.kms.katalon.core.main.TestCaseMain.startTestSuite(TestCaseMain.java:181)
	at com.kms.katalon.core.main.TestCaseMain$startTestSuite$0.call(Unknown Source)
	at TempTestSuite1642373806466.run(TempTestSuite1642373806466.groovy:36)
Caused by: com.kms.katalon.core.exception.StepFailedException: com.kms.katalon.core.webui.exception.WebElementNotFoundException: Web element with id: 'Object Repository/Page_Dashboard/span_Calendar' located by '//div[@id='nav-drawer']/nav/ul/li[3]/a/div/div/span[2]' not found
	at com.kms.katalon.core.webui.keyword.internal.WebUIKeywordMain.stepFailed(WebUIKeywordMain.groovy:64)
	at com.kms.katalon.core.webui.keyword.builtin.VerifyElementTextKeyword$_verifyElementText_closure1.doCall(VerifyElementTextKeyword.groovy:64)
	at com.kms.katalon.core.webui.keyword.builtin.VerifyElementTextKeyword$_verifyElementText_closure1.call(VerifyElementTextKeyword.groovy)
	at com.kms.katalon.core.webui.keyword.internal.WebUIKeywordMain.runKeyword(WebUIKeywordMain.groovy:20)
	... 19 more]]></system-err>
      </testcase>
      <testcase name="Test Cases/test case 28" time="43.841" classname="Test Cases/test case 28" status="FAILED">
         <failure type="FAILED" message="Test Cases/test case 28 FAILED.
Reason:
com.kms.katalon.core.exception.StepFailedException: Unable to verify object 'Object Repository/Page_Dashboard/div_Calendar                               _78b00d' is visible
	at com.kms.katalon.core.webui.keyword.internal.WebUIKeywordMain.stepFailed(WebUIKeywordMain.groovy:64)
	at com.kms.katalon.core.webui.keyword.internal.WebUIKeywordMain.runKeyword(WebUIKeywordMain.groovy:26)
	at com.kms.katalon.core.webui.keyword.builtin.VerifyElementVisibleKeyword.verifyElementVisible(VerifyElementVisibleKeyword.groovy:97)
	at com.kms.katalon.core.webui.keyword.builtin.VerifyElementVisibleKeyword.execute(VerifyElementVisibleKeyword.groovy:67)
	at com.kms.katalon.core.keyword.internal.KeywordExecutor.executeKeywordForPlatform(KeywordExecutor.groovy:74)
	at com.kms.katalon.core.webui.keyword.WebUiBuiltInKeywords.verifyElementVisible(WebUiBuiltInKeywords.groovy:376)
	at com.kms.katalon.core.webui.keyword.WebUiBuiltInKeywords$verifyElementVisible$9.call(Unknown Source)
	at test case 28.run(test case 28:32)
	at com.kms.katalon.core.main.ScriptEngine.run(ScriptEngine.java:194)
	at com.kms.katalon.core.main.ScriptEngine.runScriptAsRawText(ScriptEngine.java:119)
	at com.kms.katalon.core.main.TestCaseExecutor.runScript(TestCaseExecutor.java:442)
	at com.kms.katalon.core.main.TestCaseExecutor.doExecute(TestCaseExecutor.java:433)
	at com.kms.katalon.core.main.TestCaseExecutor.processExecutionPhase(TestCaseExecutor.java:412)
	at com.kms.katalon.core.main.TestCaseExecutor.accessMainPhase(TestCaseExecutor.java:404)
	at com.kms.katalon.core.main.TestCaseExecutor.execute(TestCaseExecutor.java:281)
	at com.kms.katalon.core.main.TestSuiteExecutor.accessTestCaseMainPhase(TestSuiteExecutor.java:202)
	at com.kms.katalon.core.main.TestSuiteExecutor.accessTestSuiteMainPhase(TestSuiteExecutor.java:164)
	at com.kms.katalon.core.main.TestSuiteExecutor.execute(TestSuiteExecutor.java:105)
	at com.kms.katalon.core.main.TestCaseMain.startTestSuite(TestCaseMain.java:181)
	at com.kms.katalon.core.main.TestCaseMain$startTestSuite$0.call(Unknown Source)
	at TempTestSuite1642373806466.run(TempTestSuite1642373806466.groovy:36)
Caused by: com.kms.katalon.core.exception.StepFailedException: Web element with id: 'Object Repository/Page_Dashboard/div_Calendar                               _78b00d' located by '//section[@id='inst200']/div' not found
	at com.kms.katalon.core.webui.keyword.internal.WebUIKeywordMain.stepFailed(WebUIKeywordMain.groovy:64)
	at com.kms.katalon.core.webui.keyword.builtin.VerifyElementVisibleKeyword$_verifyElementVisible_closure1.doCall(VerifyElementVisibleKeyword.groovy:89)
	at com.kms.katalon.core.webui.keyword.builtin.VerifyElementVisibleKeyword$_verifyElementVisible_closure1.call(VerifyElementVisibleKeyword.groovy)
	at com.kms.katalon.core.webui.keyword.internal.WebUIKeywordMain.runKeyword(WebUIKeywordMain.groovy:20)
	... 19 more
"/>
         <system-out><![CDATA[2022-01-17 06:47:06 - [TEST_CASE][FAILED] - Test Cases/test case 28: Test Cases/test case 28 FAILED.
Reason:
com.kms.katalon.core.exception.StepFailedException: Unable to verify object 'Object Repository/Page_Dashboard/div_Calendar                               _78b00d' is visible
	at com.kms.katalon.core.webui.keyword.internal.WebUIKeywordMain.stepFailed(WebUIKeywordMain.groovy:64)
	at com.kms.katalon.core.webui.keyword.internal.WebUIKeywordMain.runKeyword(WebUIKeywordMain.groovy:26)
	at com.kms.katalon.core.webui.keyword.builtin.VerifyElementVisibleKeyword.verifyElementVisible(VerifyElementVisibleKeyword.groovy:97)
	at com.kms.katalon.core.webui.keyword.builtin.VerifyElementVisibleKeyword.execute(VerifyElementVisibleKeyword.groovy:67)
	at com.kms.katalon.core.keyword.internal.KeywordExecutor.executeKeywordForPlatform(KeywordExecutor.groovy:74)
	at com.kms.katalon.core.webui.keyword.WebUiBuiltInKeywords.verifyElementVisible(WebUiBuiltInKeywords.groovy:376)
	at com.kms.katalon.core.webui.keyword.WebUiBuiltInKeywords$verifyElementVisible$9.call(Unknown Source)
	at test case 28.run(test case 28:32)
	at com.kms.katalon.core.main.ScriptEngine.run(ScriptEngine.java:194)
	at com.kms.katalon.core.main.ScriptEngine.runScriptAsRawText(ScriptEngine.java:119)
	at com.kms.katalon.core.main.TestCaseExecutor.runScript(TestCaseExecutor.java:442)
	at com.kms.katalon.core.main.TestCaseExecutor.doExecute(TestCaseExecutor.java:433)
	at com.kms.katalon.core.main.TestCaseExecutor.processExecutionPhase(TestCaseExecutor.java:412)
	at com.kms.katalon.core.main.TestCaseExecutor.accessMainPhase(TestCaseExecutor.java:404)
	at com.kms.katalon.core.main.TestCaseExecutor.execute(TestCaseExecutor.java:281)
	at com.kms.katalon.core.main.TestSuiteExecutor.accessTestCaseMainPhase(TestSuiteExecutor.java:202)
	at com.kms.katalon.core.main.TestSuiteExecutor.accessTestSuiteMainPhase(TestSuiteExecutor.java:164)
	at com.kms.katalon.core.main.TestSuiteExecutor.execute(TestSuiteExecutor.java:105)
	at com.kms.katalon.core.main.TestCaseMain.startTestSuite(TestCaseMain.java:181)
	at com.kms.katalon.core.main.TestCaseMain$startTestSuite$0.call(Unknown Source)
	at TempTestSuite1642373806466.run(TempTestSuite1642373806466.groovy:36)
Caused by: com.kms.katalon.core.exception.StepFailedException: Web element with id: 'Object Repository/Page_Dashboard/div_Calendar                               _78b00d' located by '//section[@id='inst200']/div' not found
	at com.kms.katalon.core.webui.keyword.internal.WebUIKeywordMain.stepFailed(WebUIKeywordMain.groovy:64)
	at com.kms.katalon.core.webui.keyword.builtin.VerifyElementVisibleKeyword$_verifyElementVisible_closure1.doCall(VerifyElementVisibleKeyword.groovy:89)
	at com.kms.katalon.core.webui.keyword.builtin.VerifyElementVisibleKeyword$_verifyElementVisible_closure1.call(VerifyElementVisibleKeyword.groovy)
	at com.kms.katalon.core.webui.keyword.internal.WebUIKeywordMain.runKeyword(WebUIKeywordMain.groovy:20)
	... 19 more


2022-01-17 06:47:07 - [TEST_STEP][PASSED] - openBrowser(""): Browser is opened with url: ''

2022-01-17 06:47:07 - [MESSAGE][WARNING] - A browser is already opened. Closing browser and opening a new one

2022-01-17 06:47:07 - [MESSAGE][INFO] - Starting 'Chrome' driver

2022-01-17 06:47:07 - [MESSAGE][INFO] - Action delay is set to 0 milliseconds

2022-01-17 06:47:08 - [MESSAGE][PASSED] - Browser is opened with url: ''

2022-01-17 06:47:08 - [TEST_STEP][PASSED] - navigateToUrl("http://localhost/"): Navigate to 'http://localhost/' successfully

2022-01-17 06:47:10 - [MESSAGE][PASSED] - Navigate to 'http://localhost/' successfully

2022-01-17 06:47:10 - [TEST_STEP][PASSED] - click(findTestObject("Object Repository/Page_Moodle/a_Log in")): Object: 'Object Repository/Page_Moodle/a_Log in' is clicked on

2022-01-17 06:47:10 - [MESSAGE][PASSED] - Object: 'Object Repository/Page_Moodle/a_Log in' is clicked on

2022-01-17 06:47:10 - [TEST_STEP][PASSED] - setText(findTestObject("Object Repository/Page_Moodle Log in to the site/input_Username_username"), "nmthu"): Text 'nmthu' is set on object 'Object Repository/Page_Moodle Log in to the site/input_Username_username'

2022-01-17 06:47:11 - [MESSAGE][PASSED] - Text 'nmthu' is set on object 'Object Repository/Page_Moodle Log in to the site/input_Username_username'

2022-01-17 06:47:11 - [TEST_STEP][PASSED] - setEncryptedText(findTestObject("Object Repository/Page_Moodle Log in to the site/input_Password_password"), "zm/yZ1suVYniggK+4Jo9ew=="): Text ****** has been set on object 'Object Repository/Page_Moodle Log in to the site/input_Password_password'

2022-01-17 06:47:11 - [MESSAGE][PASSED] - Text ****** has been set on object 'Object Repository/Page_Moodle Log in to the site/input_Password_password'

2022-01-17 06:47:11 - [TEST_STEP][PASSED] - click(findTestObject("Object Repository/Page_Moodle Log in to the site/button_Log in")): Object: 'Object Repository/Page_Moodle Log in to the site/button_Log in' is clicked on

2022-01-17 06:47:12 - [MESSAGE][PASSED] - Object: 'Object Repository/Page_Moodle Log in to the site/button_Log in' is clicked on

2022-01-17 06:47:12 - [TEST_STEP][FAILED] - verifyElementVisible(findTestObject("Object Repository/Page_Dashboard/div_Calendar                               _78b00d")): Unable to verify object 'Object Repository/Page_Dashboard/div_Calendar                               _78b00d' is visible (Root cause: com.kms.katalon.core.exception.StepFailedException: Unable to verify object 'Object Repository/Page_Dashboard/div_Calendar                               _78b00d' is visible
	at com.kms.katalon.core.webui.keyword.internal.WebUIKeywordMain.stepFailed(WebUIKeywordMain.groovy:64)
	at com.kms.katalon.core.webui.keyword.internal.WebUIKeywordMain.runKeyword(WebUIKeywordMain.groovy:26)
	at com.kms.katalon.core.webui.keyword.builtin.VerifyElementVisibleKeyword.verifyElementVisible(VerifyElementVisibleKeyword.groovy:97)
	at com.kms.katalon.core.webui.keyword.builtin.VerifyElementVisibleKeyword.execute(VerifyElementVisibleKeyword.groovy:67)
	at com.kms.katalon.core.keyword.internal.KeywordExecutor.executeKeywordForPlatform(KeywordExecutor.groovy:74)
	at com.kms.katalon.core.webui.keyword.WebUiBuiltInKeywords.verifyElementVisible(WebUiBuiltInKeywords.groovy:376)
	at com.kms.katalon.core.webui.keyword.WebUiBuiltInKeywords$verifyElementVisible$9.call(Unknown Source)
	at test case 28.run(test case 28:32)
	at com.kms.katalon.core.main.ScriptEngine.run(ScriptEngine.java:194)
	at com.kms.katalon.core.main.ScriptEngine.runScriptAsRawText(ScriptEngine.java:119)
	at com.kms.katalon.core.main.TestCaseExecutor.runScript(TestCaseExecutor.java:442)
	at com.kms.katalon.core.main.TestCaseExecutor.doExecute(TestCaseExecutor.java:433)
	at com.kms.katalon.core.main.TestCaseExecutor.processExecutionPhase(TestCaseExecutor.java:412)
	at com.kms.katalon.core.main.TestCaseExecutor.accessMainPhase(TestCaseExecutor.java:404)
	at com.kms.katalon.core.main.TestCaseExecutor.execute(TestCaseExecutor.java:281)
	at com.kms.katalon.core.main.TestSuiteExecutor.accessTestCaseMainPhase(TestSuiteExecutor.java:202)
	at com.kms.katalon.core.main.TestSuiteExecutor.accessTestSuiteMainPhase(TestSuiteExecutor.java:164)
	at com.kms.katalon.core.main.TestSuiteExecutor.execute(TestSuiteExecutor.java:105)
	at com.kms.katalon.core.main.TestCaseMain.startTestSuite(TestCaseMain.java:181)
	at com.kms.katalon.core.main.TestCaseMain$startTestSuite$0.call(Unknown Source)
	at TempTestSuite1642373806466.run(TempTestSuite1642373806466.groovy:36)
Caused by: com.kms.katalon.core.exception.StepFailedException: Web element with id: 'Object Repository/Page_Dashboard/div_Calendar                               _78b00d' located by '//section[@id='inst200']/div' not found
	at com.kms.katalon.core.webui.keyword.internal.WebUIKeywordMain.stepFailed(WebUIKeywordMain.groovy:64)
	at com.kms.katalon.core.webui.keyword.builtin.VerifyElementVisibleKeyword$_verifyElementVisible_closure1.doCall(VerifyElementVisibleKeyword.groovy:89)
	at com.kms.katalon.core.webui.keyword.builtin.VerifyElementVisibleKeyword$_verifyElementVisible_closure1.call(VerifyElementVisibleKeyword.groovy)
	at com.kms.katalon.core.webui.keyword.internal.WebUIKeywordMain.runKeyword(WebUIKeywordMain.groovy:20)
	... 19 more
)

2022-01-17 06:47:43 - [MESSAGE][INFO] - Unable to find the element located by 'By.xpath: //section[@id='inst200']/div'. Please recheck the objects properties to make sure the desired element is located. 

2022-01-17 06:47:43 - [MESSAGE][WARNING] - [SELF-HEALING] Failed to find element with id 'Object Repository/Page_Dashboard/div_Calendar                               _78b00d'. Try using Self-healing.

2022-01-17 06:47:44 - [MESSAGE][INFO] - Unable to find the element located by 'By.xpath: (.//*[normalize-space(text()) and normalize-space(.)='You have no badges to display'])[1]/following::div[1]'. Please recheck the objects properties to make sure the desired element is located. 

2022-01-17 06:47:46 - [MESSAGE][INFO] - Unable to find the element located by 'By.xpath: (.//*[normalize-space(text()) and normalize-space(.)='Skip Calendar'])[1]/following::div[1]'. Please recheck the objects properties to make sure the desired element is located. 

2022-01-17 06:47:46 - [MESSAGE][INFO] - [SELF-HEALING] Failed Locator: '//section[@id='inst200']/div'.

2022-01-17 06:47:46 - [MESSAGE][INFO] - [SELF-HEALING] Failed Locator: '(.//*[normalize-space(text()) and normalize-space(.)='Skip Calendar'])[1]/following::div[1]'.

2022-01-17 06:47:46 - [MESSAGE][INFO] - [SELF-HEALING] Failed Locator: '(.//*[normalize-space(text()) and normalize-space(.)='You have no badges to display'])[1]/following::div[1]'.

2022-01-17 06:47:47 - [MESSAGE][INFO] - [SELF-HEALING] Failed Locator: '//section[5]/div'.

2022-01-17 06:47:47 - [MESSAGE][INFO] - [SELF-HEALING] Failed Locator: '//section[@id='inst190']/div'.

2022-01-17 06:47:47 - [MESSAGE][INFO] - [SELF-HEALING] Failed Locator: '//section[6]/div'.

2022-01-17 06:47:47 - [MESSAGE][INFO] - [SELF-HEALING] Failed Locator: '//section[@id='inst171']/div'.

2022-01-17 06:47:48 - [MESSAGE][INFO] - [SELF-HEALING] Failed Locator: '//section[@id='inst46']/div'.

2022-01-17 06:47:48 - [MESSAGE][INFO] - [SELF-HEALING] Failed Locator: '//section[@id='inst37']/div'.

2022-01-17 06:47:49 - [MESSAGE][INFO] - Unable to find the element located by 'By.xpath: //*[(text() = '

            Calendar


        
            
    
    
    
    
        
        
        
    
    
        
                
                    ◄
                
                 | 
                
                    January 2022
                
                 | 
                
                    ►
                
        
        
          
                
                    Monday
                    Mon
                
                
                    Tuesday
                    Tue
                
                
                    Wednesday
                    Wed
                
                
                    Thursday
                    Thu
                
                
                    Friday
                    Fri
                
                
                    Saturday
                    Sat
                
                
                    Sunday
                    Sun
                
            
        
        
            
                     
                     
                     
                     
                     
                    No events, Saturday, 1 January
                            1
                        
                    No events, Sunday, 2 January
                            2
                        
            
            
                    No events, Monday, 3 January
                            3
                        
                    No events, Tuesday, 4 January
                            4
                        
                    No events, Wednesday, 5 January
                            5
                        
                    No events, Thursday, 6 January
                            6
                        
                    No events, Friday, 7 January
                            7
                        
                    No events, Saturday, 8 January
                            8
                        
                    No events, Sunday, 9 January
                            9
                        
            
            
                    No events, Monday, 10 January
                            10
                        
                    No events, Tuesday, 11 January
                            11
                        
                    No events, Wednesday, 12 January
                            12
                        
                    No events, Thursday, 13 January
                            13
                        
                    No events, Friday, 14 January
                            14
                        
                    No events, Saturday, 15 January
                            15
                        
                    No events, Sunday, 16 January


16


                                

            
            
                    No events, Monday, 17 January
                            17
                        
                    No events, Tuesday, 18 January
                            18
                        
                    No events, Wednesday, 19 January
                            19
                        
                    No events, Thursday, 20 January
                            20
                        
                    No events, Friday, 21 January
                            21
                        
                    No events, Saturday, 22 January
                            22
                        
                    1 event, Sunday, 23 January


23


                                        
                                            
                                            
                                                
                                            3 weeks for Tet
                                        
                                

            
            
                    No events, Monday, 24 January
                            24
                        
                    No events, Tuesday, 25 January
                            25
                        
                    No events, Wednesday, 26 January
                            26
                        
                    No events, Thursday, 27 January
                            27
                        
                    No events, Friday, 28 January
                            28
                        
                    No events, Saturday, 29 January
                            29
                        
                    No events, Sunday, 30 January
                            30
                        
            
            
                    No events, Monday, 31 January
                            31
                        
                     
                     
                     
                     
                     
                     
            
        
    


            
            
        

    ' or . = '

            Calendar


        
            
    
    
    
    
        
        
        
    
    
        
                
                    ◄
                
                 | 
                
                    January 2022
                
                 | 
                
                    ►
                
        
        
          
                
                    Monday
                    Mon
                
                
                    Tuesday
                    Tue
                
                
                    Wednesday
                    Wed
                
                
                    Thursday
                    Thu
                
                
                    Friday
                    Fri
                
                
                    Saturday
                    Sat
                
                
                    Sunday
                    Sun
                
            
        
        
            
                     
                     
                     
                     
                     
                    No events, Saturday, 1 January
                            1
                        
                    No events, Sunday, 2 January
                            2
                        
            
            
                    No events, Monday, 3 January
                            3
                        
                    No events, Tuesday, 4 January
                            4
                        
                    No events, Wednesday, 5 January
                            5
                        
                    No events, Thursday, 6 January
                            6
                        
                    No events, Friday, 7 January
                            7
                        
                    No events, Saturday, 8 January
                            8
                        
                    No events, Sunday, 9 January
                            9
                        
            
            
                    No events, Monday, 10 January
                            10
                        
                    No events, Tuesday, 11 January
                            11
                        
                    No events, Wednesday, 12 January
                            12
                        
                    No events, Thursday, 13 January
                            13
                        
                    No events, Friday, 14 January
                            14
                        
                    No events, Saturday, 15 January
                            15
                        
                    No events, Sunday, 16 January


16


                                

            
            
                    No events, Monday, 17 January
                            17
                        
                    No events, Tuesday, 18 January
                            18
                        
                    No events, Wednesday, 19 January
                            19
                        
                    No events, Thursday, 20 January
                            20
                        
                    No events, Friday, 21 January
                            21
                        
                    No events, Saturday, 22 January
                            22
                        
                    1 event, Sunday, 23 January


23


                                        
                                            
                                            
                                                
                                            3 weeks for Tet
                                        
                                

            
            
                    No events, Monday, 24 January
                            24
                        
                    No events, Tuesday, 25 January
                            25
                        
                    No events, Wednesday, 26 January
                            26
                        
                    No events, Thursday, 27 January
                            27
                        
                    No events, Friday, 28 January
                            28
                        
                    No events, Saturday, 29 January
                            29
                        
                    No events, Sunday, 30 January
                            30
                        
            
            
                    No events, Monday, 31 January
                            31
                        
                     
                     
                     
                     
                     
                     
            
        
    


            
            
        

    ')]'. Please recheck the objects properties to make sure the desired element is located. 

2022-01-17 06:47:50 - [MESSAGE][INFO] - Unable to find the element located by 'By.cssSelector: #inst200 > div.card-body.p-3'. Please recheck the objects properties to make sure the desired element is located. 

2022-01-17 06:47:50 - [MESSAGE][FAILED] - Web element with id: 'Object Repository/Page_Dashboard/div_Calendar                               _78b00d' located by '//section[@id='inst200']/div' not found (Root cause: com.kms.katalon.core.exception.StepFailedException: Web element with id: 'Object Repository/Page_Dashboard/div_Calendar                               _78b00d' located by '//section[@id='inst200']/div' not found
	at com.kms.katalon.core.webui.keyword.internal.WebUIKeywordMain.stepFailed(WebUIKeywordMain.groovy:64)
	at com.kms.katalon.core.webui.keyword.builtin.VerifyElementVisibleKeyword$_verifyElementVisible_closure1.doCall(VerifyElementVisibleKeyword.groovy:89)
	at com.kms.katalon.core.webui.keyword.builtin.VerifyElementVisibleKeyword$_verifyElementVisible_closure1.call(VerifyElementVisibleKeyword.groovy)
	at com.kms.katalon.core.webui.keyword.internal.WebUIKeywordMain.runKeyword(WebUIKeywordMain.groovy:20)
	at com.kms.katalon.core.webui.keyword.builtin.VerifyElementVisibleKeyword.verifyElementVisible(VerifyElementVisibleKeyword.groovy:97)
	at com.kms.katalon.core.webui.keyword.builtin.VerifyElementVisibleKeyword.execute(VerifyElementVisibleKeyword.groovy:67)
	at com.kms.katalon.core.keyword.internal.KeywordExecutor.executeKeywordForPlatform(KeywordExecutor.groovy:74)
	at com.kms.katalon.core.webui.keyword.WebUiBuiltInKeywords.verifyElementVisible(WebUiBuiltInKeywords.groovy:376)
	at com.kms.katalon.core.webui.keyword.WebUiBuiltInKeywords$verifyElementVisible$9.call(Unknown Source)
	at test case 28.run(test case 28:32)
	at com.kms.katalon.core.main.ScriptEngine.run(ScriptEngine.java:194)
	at com.kms.katalon.core.main.ScriptEngine.runScriptAsRawText(ScriptEngine.java:119)
	at com.kms.katalon.core.main.TestCaseExecutor.runScript(TestCaseExecutor.java:442)
	at com.kms.katalon.core.main.TestCaseExecutor.doExecute(TestCaseExecutor.java:433)
	at com.kms.katalon.core.main.TestCaseExecutor.processExecutionPhase(TestCaseExecutor.java:412)
	at com.kms.katalon.core.main.TestCaseExecutor.accessMainPhase(TestCaseExecutor.java:404)
	at com.kms.katalon.core.main.TestCaseExecutor.execute(TestCaseExecutor.java:281)
	at com.kms.katalon.core.main.TestSuiteExecutor.accessTestCaseMainPhase(TestSuiteExecutor.java:202)
	at com.kms.katalon.core.main.TestSuiteExecutor.accessTestSuiteMainPhase(TestSuiteExecutor.java:164)
	at com.kms.katalon.core.main.TestSuiteExecutor.execute(TestSuiteExecutor.java:105)
	at com.kms.katalon.core.main.TestCaseMain.startTestSuite(TestCaseMain.java:181)
	at com.kms.katalon.core.main.TestCaseMain$startTestSuite$0.call(Unknown Source)
	at TempTestSuite1642373806466.run(TempTestSuite1642373806466.groovy:36)
)
[[ATTACHMENT|D:\\Test-Automation-SE-Bonus\\Test-Automation-SE-Bonus\\Reports\\20220117_055646\\Run all test cases\\20220117_055646\\1642376870569.png]]

2022-01-17 06:47:50 - [MESSAGE][FAILED] - Unable to verify object 'Object Repository/Page_Dashboard/div_Calendar                               _78b00d' is visible (Root cause: com.kms.katalon.core.exception.StepFailedException: Unable to verify object 'Object Repository/Page_Dashboard/div_Calendar                               _78b00d' is visible
	at com.kms.katalon.core.webui.keyword.internal.WebUIKeywordMain.stepFailed(WebUIKeywordMain.groovy:64)
	at com.kms.katalon.core.webui.keyword.internal.WebUIKeywordMain.runKeyword(WebUIKeywordMain.groovy:26)
	at com.kms.katalon.core.webui.keyword.builtin.VerifyElementVisibleKeyword.verifyElementVisible(VerifyElementVisibleKeyword.groovy:97)
	at com.kms.katalon.core.webui.keyword.builtin.VerifyElementVisibleKeyword.execute(VerifyElementVisibleKeyword.groovy:67)
	at com.kms.katalon.core.keyword.internal.KeywordExecutor.executeKeywordForPlatform(KeywordExecutor.groovy:74)
	at com.kms.katalon.core.webui.keyword.WebUiBuiltInKeywords.verifyElementVisible(WebUiBuiltInKeywords.groovy:376)
	at com.kms.katalon.core.webui.keyword.WebUiBuiltInKeywords$verifyElementVisible$9.call(Unknown Source)
	at test case 28.run(test case 28:32)
	at com.kms.katalon.core.main.ScriptEngine.run(ScriptEngine.java:194)
	at com.kms.katalon.core.main.ScriptEngine.runScriptAsRawText(ScriptEngine.java:119)
	at com.kms.katalon.core.main.TestCaseExecutor.runScript(TestCaseExecutor.java:442)
	at com.kms.katalon.core.main.TestCaseExecutor.doExecute(TestCaseExecutor.java:433)
	at com.kms.katalon.core.main.TestCaseExecutor.processExecutionPhase(TestCaseExecutor.java:412)
	at com.kms.katalon.core.main.TestCaseExecutor.accessMainPhase(TestCaseExecutor.java:404)
	at com.kms.katalon.core.main.TestCaseExecutor.execute(TestCaseExecutor.java:281)
	at com.kms.katalon.core.main.TestSuiteExecutor.accessTestCaseMainPhase(TestSuiteExecutor.java:202)
	at com.kms.katalon.core.main.TestSuiteExecutor.accessTestSuiteMainPhase(TestSuiteExecutor.java:164)
	at com.kms.katalon.core.main.TestSuiteExecutor.execute(TestSuiteExecutor.java:105)
	at com.kms.katalon.core.main.TestCaseMain.startTestSuite(TestCaseMain.java:181)
	at com.kms.katalon.core.main.TestCaseMain$startTestSuite$0.call(Unknown Source)
	at TempTestSuite1642373806466.run(TempTestSuite1642373806466.groovy:36)
Caused by: com.kms.katalon.core.exception.StepFailedException: Web element with id: 'Object Repository/Page_Dashboard/div_Calendar                               _78b00d' located by '//section[@id='inst200']/div' not found
	at com.kms.katalon.core.webui.keyword.internal.WebUIKeywordMain.stepFailed(WebUIKeywordMain.groovy:64)
	at com.kms.katalon.core.webui.keyword.builtin.VerifyElementVisibleKeyword$_verifyElementVisible_closure1.doCall(VerifyElementVisibleKeyword.groovy:89)
	at com.kms.katalon.core.webui.keyword.builtin.VerifyElementVisibleKeyword$_verifyElementVisible_closure1.call(VerifyElementVisibleKeyword.groovy)
	at com.kms.katalon.core.webui.keyword.internal.WebUIKeywordMain.runKeyword(WebUIKeywordMain.groovy:20)
	... 19 more
)
[[ATTACHMENT|D:\\Test-Automation-SE-Bonus\\Test-Automation-SE-Bonus\\Reports\\20220117_055646\\Run all test cases\\20220117_055646\\1642376870703.png]]]]></system-out>
         <system-err><![CDATA[2022-01-17 06:47:06 - [TEST_CASE][FAILED] - Test Cases/test case 28: Test Cases/test case 28 FAILED.
Reason:
com.kms.katalon.core.exception.StepFailedException: Unable to verify object 'Object Repository/Page_Dashboard/div_Calendar                               _78b00d' is visible
	at com.kms.katalon.core.webui.keyword.internal.WebUIKeywordMain.stepFailed(WebUIKeywordMain.groovy:64)
	at com.kms.katalon.core.webui.keyword.internal.WebUIKeywordMain.runKeyword(WebUIKeywordMain.groovy:26)
	at com.kms.katalon.core.webui.keyword.builtin.VerifyElementVisibleKeyword.verifyElementVisible(VerifyElementVisibleKeyword.groovy:97)
	at com.kms.katalon.core.webui.keyword.builtin.VerifyElementVisibleKeyword.execute(VerifyElementVisibleKeyword.groovy:67)
	at com.kms.katalon.core.keyword.internal.KeywordExecutor.executeKeywordForPlatform(KeywordExecutor.groovy:74)
	at com.kms.katalon.core.webui.keyword.WebUiBuiltInKeywords.verifyElementVisible(WebUiBuiltInKeywords.groovy:376)
	at com.kms.katalon.core.webui.keyword.WebUiBuiltInKeywords$verifyElementVisible$9.call(Unknown Source)
	at test case 28.run(test case 28:32)
	at com.kms.katalon.core.main.ScriptEngine.run(ScriptEngine.java:194)
	at com.kms.katalon.core.main.ScriptEngine.runScriptAsRawText(ScriptEngine.java:119)
	at com.kms.katalon.core.main.TestCaseExecutor.runScript(TestCaseExecutor.java:442)
	at com.kms.katalon.core.main.TestCaseExecutor.doExecute(TestCaseExecutor.java:433)
	at com.kms.katalon.core.main.TestCaseExecutor.processExecutionPhase(TestCaseExecutor.java:412)
	at com.kms.katalon.core.main.TestCaseExecutor.accessMainPhase(TestCaseExecutor.java:404)
	at com.kms.katalon.core.main.TestCaseExecutor.execute(TestCaseExecutor.java:281)
	at com.kms.katalon.core.main.TestSuiteExecutor.accessTestCaseMainPhase(TestSuiteExecutor.java:202)
	at com.kms.katalon.core.main.TestSuiteExecutor.accessTestSuiteMainPhase(TestSuiteExecutor.java:164)
	at com.kms.katalon.core.main.TestSuiteExecutor.execute(TestSuiteExecutor.java:105)
	at com.kms.katalon.core.main.TestCaseMain.startTestSuite(TestCaseMain.java:181)
	at com.kms.katalon.core.main.TestCaseMain$startTestSuite$0.call(Unknown Source)
	at TempTestSuite1642373806466.run(TempTestSuite1642373806466.groovy:36)
Caused by: com.kms.katalon.core.exception.StepFailedException: Web element with id: 'Object Repository/Page_Dashboard/div_Calendar                               _78b00d' located by '//section[@id='inst200']/div' not found
	at com.kms.katalon.core.webui.keyword.internal.WebUIKeywordMain.stepFailed(WebUIKeywordMain.groovy:64)
	at com.kms.katalon.core.webui.keyword.builtin.VerifyElementVisibleKeyword$_verifyElementVisible_closure1.doCall(VerifyElementVisibleKeyword.groovy:89)
	at com.kms.katalon.core.webui.keyword.builtin.VerifyElementVisibleKeyword$_verifyElementVisible_closure1.call(VerifyElementVisibleKeyword.groovy)
	at com.kms.katalon.core.webui.keyword.internal.WebUIKeywordMain.runKeyword(WebUIKeywordMain.groovy:20)
	... 19 more]]></system-err>
      </testcase>
      <testcase name="Test Cases/test case 29" time="41.873" classname="Test Cases/test case 29" status="FAILED">
         <failure type="FAILED" message="Test Cases/test case 29 FAILED.
Reason:
com.kms.katalon.core.exception.StepFailedException: Unable to verify object 'Object Repository/Page_Dashboard/div_Upcoming events                        _f1fb13' is visible
	at com.kms.katalon.core.webui.keyword.internal.WebUIKeywordMain.stepFailed(WebUIKeywordMain.groovy:64)
	at com.kms.katalon.core.webui.keyword.internal.WebUIKeywordMain.runKeyword(WebUIKeywordMain.groovy:26)
	at com.kms.katalon.core.webui.keyword.builtin.VerifyElementVisibleKeyword.verifyElementVisible(VerifyElementVisibleKeyword.groovy:97)
	at com.kms.katalon.core.webui.keyword.builtin.VerifyElementVisibleKeyword.execute(VerifyElementVisibleKeyword.groovy:67)
	at com.kms.katalon.core.keyword.internal.KeywordExecutor.executeKeywordForPlatform(KeywordExecutor.groovy:74)
	at com.kms.katalon.core.webui.keyword.WebUiBuiltInKeywords.verifyElementVisible(WebUiBuiltInKeywords.groovy:376)
	at com.kms.katalon.core.webui.keyword.WebUiBuiltInKeywords$verifyElementVisible$9.call(Unknown Source)
	at test case 29.run(test case 29:34)
	at com.kms.katalon.core.main.ScriptEngine.run(ScriptEngine.java:194)
	at com.kms.katalon.core.main.ScriptEngine.runScriptAsRawText(ScriptEngine.java:119)
	at com.kms.katalon.core.main.TestCaseExecutor.runScript(TestCaseExecutor.java:442)
	at com.kms.katalon.core.main.TestCaseExecutor.doExecute(TestCaseExecutor.java:433)
	at com.kms.katalon.core.main.TestCaseExecutor.processExecutionPhase(TestCaseExecutor.java:412)
	at com.kms.katalon.core.main.TestCaseExecutor.accessMainPhase(TestCaseExecutor.java:404)
	at com.kms.katalon.core.main.TestCaseExecutor.execute(TestCaseExecutor.java:281)
	at com.kms.katalon.core.main.TestSuiteExecutor.accessTestCaseMainPhase(TestSuiteExecutor.java:202)
	at com.kms.katalon.core.main.TestSuiteExecutor.accessTestSuiteMainPhase(TestSuiteExecutor.java:164)
	at com.kms.katalon.core.main.TestSuiteExecutor.execute(TestSuiteExecutor.java:105)
	at com.kms.katalon.core.main.TestCaseMain.startTestSuite(TestCaseMain.java:181)
	at com.kms.katalon.core.main.TestCaseMain$startTestSuite$0.call(Unknown Source)
	at TempTestSuite1642373806466.run(TempTestSuite1642373806466.groovy:36)
Caused by: com.kms.katalon.core.exception.StepFailedException: Web element with id: 'Object Repository/Page_Dashboard/div_Upcoming events                        _f1fb13' located by '//section[@id='inst191']/div' not found
	at com.kms.katalon.core.webui.keyword.internal.WebUIKeywordMain.stepFailed(WebUIKeywordMain.groovy:64)
	at com.kms.katalon.core.webui.keyword.builtin.VerifyElementVisibleKeyword$_verifyElementVisible_closure1.doCall(VerifyElementVisibleKeyword.groovy:89)
	at com.kms.katalon.core.webui.keyword.builtin.VerifyElementVisibleKeyword$_verifyElementVisible_closure1.call(VerifyElementVisibleKeyword.groovy)
	at com.kms.katalon.core.webui.keyword.internal.WebUIKeywordMain.runKeyword(WebUIKeywordMain.groovy:20)
	... 19 more
"/>
         <system-out><![CDATA[2022-01-17 06:47:50 - [TEST_CASE][FAILED] - Test Cases/test case 29: Test Cases/test case 29 FAILED.
Reason:
com.kms.katalon.core.exception.StepFailedException: Unable to verify object 'Object Repository/Page_Dashboard/div_Upcoming events                        _f1fb13' is visible
	at com.kms.katalon.core.webui.keyword.internal.WebUIKeywordMain.stepFailed(WebUIKeywordMain.groovy:64)
	at com.kms.katalon.core.webui.keyword.internal.WebUIKeywordMain.runKeyword(WebUIKeywordMain.groovy:26)
	at com.kms.katalon.core.webui.keyword.builtin.VerifyElementVisibleKeyword.verifyElementVisible(VerifyElementVisibleKeyword.groovy:97)
	at com.kms.katalon.core.webui.keyword.builtin.VerifyElementVisibleKeyword.execute(VerifyElementVisibleKeyword.groovy:67)
	at com.kms.katalon.core.keyword.internal.KeywordExecutor.executeKeywordForPlatform(KeywordExecutor.groovy:74)
	at com.kms.katalon.core.webui.keyword.WebUiBuiltInKeywords.verifyElementVisible(WebUiBuiltInKeywords.groovy:376)
	at com.kms.katalon.core.webui.keyword.WebUiBuiltInKeywords$verifyElementVisible$9.call(Unknown Source)
	at test case 29.run(test case 29:34)
	at com.kms.katalon.core.main.ScriptEngine.run(ScriptEngine.java:194)
	at com.kms.katalon.core.main.ScriptEngine.runScriptAsRawText(ScriptEngine.java:119)
	at com.kms.katalon.core.main.TestCaseExecutor.runScript(TestCaseExecutor.java:442)
	at com.kms.katalon.core.main.TestCaseExecutor.doExecute(TestCaseExecutor.java:433)
	at com.kms.katalon.core.main.TestCaseExecutor.processExecutionPhase(TestCaseExecutor.java:412)
	at com.kms.katalon.core.main.TestCaseExecutor.accessMainPhase(TestCaseExecutor.java:404)
	at com.kms.katalon.core.main.TestCaseExecutor.execute(TestCaseExecutor.java:281)
	at com.kms.katalon.core.main.TestSuiteExecutor.accessTestCaseMainPhase(TestSuiteExecutor.java:202)
	at com.kms.katalon.core.main.TestSuiteExecutor.accessTestSuiteMainPhase(TestSuiteExecutor.java:164)
	at com.kms.katalon.core.main.TestSuiteExecutor.execute(TestSuiteExecutor.java:105)
	at com.kms.katalon.core.main.TestCaseMain.startTestSuite(TestCaseMain.java:181)
	at com.kms.katalon.core.main.TestCaseMain$startTestSuite$0.call(Unknown Source)
	at TempTestSuite1642373806466.run(TempTestSuite1642373806466.groovy:36)
Caused by: com.kms.katalon.core.exception.StepFailedException: Web element with id: 'Object Repository/Page_Dashboard/div_Upcoming events                        _f1fb13' located by '//section[@id='inst191']/div' not found
	at com.kms.katalon.core.webui.keyword.internal.WebUIKeywordMain.stepFailed(WebUIKeywordMain.groovy:64)
	at com.kms.katalon.core.webui.keyword.builtin.VerifyElementVisibleKeyword$_verifyElementVisible_closure1.doCall(VerifyElementVisibleKeyword.groovy:89)
	at com.kms.katalon.core.webui.keyword.builtin.VerifyElementVisibleKeyword$_verifyElementVisible_closure1.call(VerifyElementVisibleKeyword.groovy)
	at com.kms.katalon.core.webui.keyword.internal.WebUIKeywordMain.runKeyword(WebUIKeywordMain.groovy:20)
	... 19 more


2022-01-17 06:47:50 - [TEST_STEP][PASSED] - openBrowser(""): Browser is opened with url: ''

2022-01-17 06:47:50 - [MESSAGE][WARNING] - A browser is already opened. Closing browser and opening a new one

2022-01-17 06:47:51 - [MESSAGE][INFO] - Starting 'Chrome' driver

2022-01-17 06:47:51 - [MESSAGE][INFO] - Action delay is set to 0 milliseconds

2022-01-17 06:47:52 - [MESSAGE][PASSED] - Browser is opened with url: ''

2022-01-17 06:47:52 - [TEST_STEP][PASSED] - navigateToUrl("http://localhost/"): Navigate to 'http://localhost/' successfully

2022-01-17 06:47:53 - [MESSAGE][PASSED] - Navigate to 'http://localhost/' successfully

2022-01-17 06:47:53 - [TEST_STEP][PASSED] - click(findTestObject("Object Repository/Page_Moodle/div_You are not logged in. (Log in)")): Object: 'Object Repository/Page_Moodle/div_You are not logged in. (Log in)' is clicked on

2022-01-17 06:47:54 - [MESSAGE][PASSED] - Object: 'Object Repository/Page_Moodle/div_You are not logged in. (Log in)' is clicked on

2022-01-17 06:47:54 - [TEST_STEP][PASSED] - click(findTestObject("Object Repository/Page_Moodle/a_Log in")): Object: 'Object Repository/Page_Moodle/a_Log in' is clicked on

2022-01-17 06:47:55 - [MESSAGE][PASSED] - Object: 'Object Repository/Page_Moodle/a_Log in' is clicked on

2022-01-17 06:47:55 - [TEST_STEP][PASSED] - setText(findTestObject("Object Repository/Page_Moodle Log in to the site/input_Username_username"), "nmthu"): Text 'nmthu' is set on object 'Object Repository/Page_Moodle Log in to the site/input_Username_username'

2022-01-17 06:47:55 - [MESSAGE][PASSED] - Text 'nmthu' is set on object 'Object Repository/Page_Moodle Log in to the site/input_Username_username'

2022-01-17 06:47:55 - [TEST_STEP][PASSED] - setEncryptedText(findTestObject("Object Repository/Page_Moodle Log in to the site/input_Password_password"), "zm/yZ1suVYniggK+4Jo9ew=="): Text ****** has been set on object 'Object Repository/Page_Moodle Log in to the site/input_Password_password'

2022-01-17 06:47:56 - [MESSAGE][PASSED] - Text ****** has been set on object 'Object Repository/Page_Moodle Log in to the site/input_Password_password'

2022-01-17 06:47:56 - [TEST_STEP][PASSED] - click(findTestObject("Object Repository/Page_Moodle Log in to the site/button_Log in")): Object: 'Object Repository/Page_Moodle Log in to the site/button_Log in' is clicked on

2022-01-17 06:47:56 - [MESSAGE][PASSED] - Object: 'Object Repository/Page_Moodle Log in to the site/button_Log in' is clicked on

2022-01-17 06:47:56 - [TEST_STEP][FAILED] - verifyElementVisible(findTestObject("Object Repository/Page_Dashboard/div_Upcoming events                        _f1fb13")): Unable to verify object 'Object Repository/Page_Dashboard/div_Upcoming events                        _f1fb13' is visible (Root cause: com.kms.katalon.core.exception.StepFailedException: Unable to verify object 'Object Repository/Page_Dashboard/div_Upcoming events                        _f1fb13' is visible
	at com.kms.katalon.core.webui.keyword.internal.WebUIKeywordMain.stepFailed(WebUIKeywordMain.groovy:64)
	at com.kms.katalon.core.webui.keyword.internal.WebUIKeywordMain.runKeyword(WebUIKeywordMain.groovy:26)
	at com.kms.katalon.core.webui.keyword.builtin.VerifyElementVisibleKeyword.verifyElementVisible(VerifyElementVisibleKeyword.groovy:97)
	at com.kms.katalon.core.webui.keyword.builtin.VerifyElementVisibleKeyword.execute(VerifyElementVisibleKeyword.groovy:67)
	at com.kms.katalon.core.keyword.internal.KeywordExecutor.executeKeywordForPlatform(KeywordExecutor.groovy:74)
	at com.kms.katalon.core.webui.keyword.WebUiBuiltInKeywords.verifyElementVisible(WebUiBuiltInKeywords.groovy:376)
	at com.kms.katalon.core.webui.keyword.WebUiBuiltInKeywords$verifyElementVisible$9.call(Unknown Source)
	at test case 29.run(test case 29:34)
	at com.kms.katalon.core.main.ScriptEngine.run(ScriptEngine.java:194)
	at com.kms.katalon.core.main.ScriptEngine.runScriptAsRawText(ScriptEngine.java:119)
	at com.kms.katalon.core.main.TestCaseExecutor.runScript(TestCaseExecutor.java:442)
	at com.kms.katalon.core.main.TestCaseExecutor.doExecute(TestCaseExecutor.java:433)
	at com.kms.katalon.core.main.TestCaseExecutor.processExecutionPhase(TestCaseExecutor.java:412)
	at com.kms.katalon.core.main.TestCaseExecutor.accessMainPhase(TestCaseExecutor.java:404)
	at com.kms.katalon.core.main.TestCaseExecutor.execute(TestCaseExecutor.java:281)
	at com.kms.katalon.core.main.TestSuiteExecutor.accessTestCaseMainPhase(TestSuiteExecutor.java:202)
	at com.kms.katalon.core.main.TestSuiteExecutor.accessTestSuiteMainPhase(TestSuiteExecutor.java:164)
	at com.kms.katalon.core.main.TestSuiteExecutor.execute(TestSuiteExecutor.java:105)
	at com.kms.katalon.core.main.TestCaseMain.startTestSuite(TestCaseMain.java:181)
	at com.kms.katalon.core.main.TestCaseMain$startTestSuite$0.call(Unknown Source)
	at TempTestSuite1642373806466.run(TempTestSuite1642373806466.groovy:36)
Caused by: com.kms.katalon.core.exception.StepFailedException: Web element with id: 'Object Repository/Page_Dashboard/div_Upcoming events                        _f1fb13' located by '//section[@id='inst191']/div' not found
	at com.kms.katalon.core.webui.keyword.internal.WebUIKeywordMain.stepFailed(WebUIKeywordMain.groovy:64)
	at com.kms.katalon.core.webui.keyword.builtin.VerifyElementVisibleKeyword$_verifyElementVisible_closure1.doCall(VerifyElementVisibleKeyword.groovy:89)
	at com.kms.katalon.core.webui.keyword.builtin.VerifyElementVisibleKeyword$_verifyElementVisible_closure1.call(VerifyElementVisibleKeyword.groovy)
	at com.kms.katalon.core.webui.keyword.internal.WebUIKeywordMain.runKeyword(WebUIKeywordMain.groovy:20)
	... 19 more
)

2022-01-17 06:48:28 - [MESSAGE][INFO] - Unable to find the element located by 'By.xpath: //section[@id='inst191']/div'. Please recheck the objects properties to make sure the desired element is located. 

2022-01-17 06:48:28 - [MESSAGE][WARNING] - [SELF-HEALING] Failed to find element with id 'Object Repository/Page_Dashboard/div_Upcoming events                        _f1fb13'. Try using Self-healing.

2022-01-17 06:48:29 - [MESSAGE][INFO] - Unable to find the element located by 'By.xpath: (.//*[normalize-space(text()) and normalize-space(.)='Skip Upcoming events'])[1]/following::div[1]'. Please recheck the objects properties to make sure the desired element is located. 

2022-01-17 06:48:29 - [MESSAGE][INFO] - [SELF-HEALING] Failed Locator: '//section[@id='inst191']/div'.

2022-01-17 06:48:29 - [MESSAGE][INFO] - [SELF-HEALING] Failed Locator: '(.//*[normalize-space(text()) and normalize-space(.)='Skip Upcoming events'])[1]/following::div[1]'.

2022-01-17 06:48:29 - [MESSAGE][INFO] - [SELF-HEALING] Failed Locator: '(.//*[normalize-space(text()) and normalize-space(.)='No events, Monday, 31 January'])[1]/following::div[2]'.

2022-01-17 06:48:30 - [MESSAGE][INFO] - [SELF-HEALING] Failed Locator: '//section[7]/div'.

2022-01-17 06:48:31 - [MESSAGE][INFO] - Unable to find the element located by 'By.xpath: //*[(text() = '

            Upcoming events


        
            
    
        
            
        
            
                
                3 weeks for Tet
                Sunday, 23 January, 11:26 AM
                
            
    

            Go to calendar...
            
        

    ' or . = '

            Upcoming events


        
            
    
        
            
        
            
                
                3 weeks for Tet
                Sunday, 23 January, 11:26 AM
                
            
    

            Go to calendar...
            
        

    ')]'. Please recheck the objects properties to make sure the desired element is located. 

2022-01-17 06:48:32 - [MESSAGE][INFO] - Unable to find the element located by 'By.cssSelector: #inst191 > div.card-body.p-3'. Please recheck the objects properties to make sure the desired element is located. 

2022-01-17 06:48:32 - [MESSAGE][FAILED] - Web element with id: 'Object Repository/Page_Dashboard/div_Upcoming events                        _f1fb13' located by '//section[@id='inst191']/div' not found (Root cause: com.kms.katalon.core.exception.StepFailedException: Web element with id: 'Object Repository/Page_Dashboard/div_Upcoming events                        _f1fb13' located by '//section[@id='inst191']/div' not found
	at com.kms.katalon.core.webui.keyword.internal.WebUIKeywordMain.stepFailed(WebUIKeywordMain.groovy:64)
	at com.kms.katalon.core.webui.keyword.builtin.VerifyElementVisibleKeyword$_verifyElementVisible_closure1.doCall(VerifyElementVisibleKeyword.groovy:89)
	at com.kms.katalon.core.webui.keyword.builtin.VerifyElementVisibleKeyword$_verifyElementVisible_closure1.call(VerifyElementVisibleKeyword.groovy)
	at com.kms.katalon.core.webui.keyword.internal.WebUIKeywordMain.runKeyword(WebUIKeywordMain.groovy:20)
	at com.kms.katalon.core.webui.keyword.builtin.VerifyElementVisibleKeyword.verifyElementVisible(VerifyElementVisibleKeyword.groovy:97)
	at com.kms.katalon.core.webui.keyword.builtin.VerifyElementVisibleKeyword.execute(VerifyElementVisibleKeyword.groovy:67)
	at com.kms.katalon.core.keyword.internal.KeywordExecutor.executeKeywordForPlatform(KeywordExecutor.groovy:74)
	at com.kms.katalon.core.webui.keyword.WebUiBuiltInKeywords.verifyElementVisible(WebUiBuiltInKeywords.groovy:376)
	at com.kms.katalon.core.webui.keyword.WebUiBuiltInKeywords$verifyElementVisible$9.call(Unknown Source)
	at test case 29.run(test case 29:34)
	at com.kms.katalon.core.main.ScriptEngine.run(ScriptEngine.java:194)
	at com.kms.katalon.core.main.ScriptEngine.runScriptAsRawText(ScriptEngine.java:119)
	at com.kms.katalon.core.main.TestCaseExecutor.runScript(TestCaseExecutor.java:442)
	at com.kms.katalon.core.main.TestCaseExecutor.doExecute(TestCaseExecutor.java:433)
	at com.kms.katalon.core.main.TestCaseExecutor.processExecutionPhase(TestCaseExecutor.java:412)
	at com.kms.katalon.core.main.TestCaseExecutor.accessMainPhase(TestCaseExecutor.java:404)
	at com.kms.katalon.core.main.TestCaseExecutor.execute(TestCaseExecutor.java:281)
	at com.kms.katalon.core.main.TestSuiteExecutor.accessTestCaseMainPhase(TestSuiteExecutor.java:202)
	at com.kms.katalon.core.main.TestSuiteExecutor.accessTestSuiteMainPhase(TestSuiteExecutor.java:164)
	at com.kms.katalon.core.main.TestSuiteExecutor.execute(TestSuiteExecutor.java:105)
	at com.kms.katalon.core.main.TestCaseMain.startTestSuite(TestCaseMain.java:181)
	at com.kms.katalon.core.main.TestCaseMain$startTestSuite$0.call(Unknown Source)
	at TempTestSuite1642373806466.run(TempTestSuite1642373806466.groovy:36)
)
[[ATTACHMENT|D:\\Test-Automation-SE-Bonus\\Test-Automation-SE-Bonus\\Reports\\20220117_055646\\Run all test cases\\20220117_055646\\1642376912448.png]]

2022-01-17 06:48:32 - [MESSAGE][FAILED] - Unable to verify object 'Object Repository/Page_Dashboard/div_Upcoming events                        _f1fb13' is visible (Root cause: com.kms.katalon.core.exception.StepFailedException: Unable to verify object 'Object Repository/Page_Dashboard/div_Upcoming events                        _f1fb13' is visible
	at com.kms.katalon.core.webui.keyword.internal.WebUIKeywordMain.stepFailed(WebUIKeywordMain.groovy:64)
	at com.kms.katalon.core.webui.keyword.internal.WebUIKeywordMain.runKeyword(WebUIKeywordMain.groovy:26)
	at com.kms.katalon.core.webui.keyword.builtin.VerifyElementVisibleKeyword.verifyElementVisible(VerifyElementVisibleKeyword.groovy:97)
	at com.kms.katalon.core.webui.keyword.builtin.VerifyElementVisibleKeyword.execute(VerifyElementVisibleKeyword.groovy:67)
	at com.kms.katalon.core.keyword.internal.KeywordExecutor.executeKeywordForPlatform(KeywordExecutor.groovy:74)
	at com.kms.katalon.core.webui.keyword.WebUiBuiltInKeywords.verifyElementVisible(WebUiBuiltInKeywords.groovy:376)
	at com.kms.katalon.core.webui.keyword.WebUiBuiltInKeywords$verifyElementVisible$9.call(Unknown Source)
	at test case 29.run(test case 29:34)
	at com.kms.katalon.core.main.ScriptEngine.run(ScriptEngine.java:194)
	at com.kms.katalon.core.main.ScriptEngine.runScriptAsRawText(ScriptEngine.java:119)
	at com.kms.katalon.core.main.TestCaseExecutor.runScript(TestCaseExecutor.java:442)
	at com.kms.katalon.core.main.TestCaseExecutor.doExecute(TestCaseExecutor.java:433)
	at com.kms.katalon.core.main.TestCaseExecutor.processExecutionPhase(TestCaseExecutor.java:412)
	at com.kms.katalon.core.main.TestCaseExecutor.accessMainPhase(TestCaseExecutor.java:404)
	at com.kms.katalon.core.main.TestCaseExecutor.execute(TestCaseExecutor.java:281)
	at com.kms.katalon.core.main.TestSuiteExecutor.accessTestCaseMainPhase(TestSuiteExecutor.java:202)
	at com.kms.katalon.core.main.TestSuiteExecutor.accessTestSuiteMainPhase(TestSuiteExecutor.java:164)
	at com.kms.katalon.core.main.TestSuiteExecutor.execute(TestSuiteExecutor.java:105)
	at com.kms.katalon.core.main.TestCaseMain.startTestSuite(TestCaseMain.java:181)
	at com.kms.katalon.core.main.TestCaseMain$startTestSuite$0.call(Unknown Source)
	at TempTestSuite1642373806466.run(TempTestSuite1642373806466.groovy:36)
Caused by: com.kms.katalon.core.exception.StepFailedException: Web element with id: 'Object Repository/Page_Dashboard/div_Upcoming events                        _f1fb13' located by '//section[@id='inst191']/div' not found
	at com.kms.katalon.core.webui.keyword.internal.WebUIKeywordMain.stepFailed(WebUIKeywordMain.groovy:64)
	at com.kms.katalon.core.webui.keyword.builtin.VerifyElementVisibleKeyword$_verifyElementVisible_closure1.doCall(VerifyElementVisibleKeyword.groovy:89)
	at com.kms.katalon.core.webui.keyword.builtin.VerifyElementVisibleKeyword$_verifyElementVisible_closure1.call(VerifyElementVisibleKeyword.groovy)
	at com.kms.katalon.core.webui.keyword.internal.WebUIKeywordMain.runKeyword(WebUIKeywordMain.groovy:20)
	... 19 more
)
[[ATTACHMENT|D:\\Test-Automation-SE-Bonus\\Test-Automation-SE-Bonus\\Reports\\20220117_055646\\Run all test cases\\20220117_055646\\1642376912570.png]]]]></system-out>
         <system-err><![CDATA[2022-01-17 06:47:50 - [TEST_CASE][FAILED] - Test Cases/test case 29: Test Cases/test case 29 FAILED.
Reason:
com.kms.katalon.core.exception.StepFailedException: Unable to verify object 'Object Repository/Page_Dashboard/div_Upcoming events                        _f1fb13' is visible
	at com.kms.katalon.core.webui.keyword.internal.WebUIKeywordMain.stepFailed(WebUIKeywordMain.groovy:64)
	at com.kms.katalon.core.webui.keyword.internal.WebUIKeywordMain.runKeyword(WebUIKeywordMain.groovy:26)
	at com.kms.katalon.core.webui.keyword.builtin.VerifyElementVisibleKeyword.verifyElementVisible(VerifyElementVisibleKeyword.groovy:97)
	at com.kms.katalon.core.webui.keyword.builtin.VerifyElementVisibleKeyword.execute(VerifyElementVisibleKeyword.groovy:67)
	at com.kms.katalon.core.keyword.internal.KeywordExecutor.executeKeywordForPlatform(KeywordExecutor.groovy:74)
	at com.kms.katalon.core.webui.keyword.WebUiBuiltInKeywords.verifyElementVisible(WebUiBuiltInKeywords.groovy:376)
	at com.kms.katalon.core.webui.keyword.WebUiBuiltInKeywords$verifyElementVisible$9.call(Unknown Source)
	at test case 29.run(test case 29:34)
	at com.kms.katalon.core.main.ScriptEngine.run(ScriptEngine.java:194)
	at com.kms.katalon.core.main.ScriptEngine.runScriptAsRawText(ScriptEngine.java:119)
	at com.kms.katalon.core.main.TestCaseExecutor.runScript(TestCaseExecutor.java:442)
	at com.kms.katalon.core.main.TestCaseExecutor.doExecute(TestCaseExecutor.java:433)
	at com.kms.katalon.core.main.TestCaseExecutor.processExecutionPhase(TestCaseExecutor.java:412)
	at com.kms.katalon.core.main.TestCaseExecutor.accessMainPhase(TestCaseExecutor.java:404)
	at com.kms.katalon.core.main.TestCaseExecutor.execute(TestCaseExecutor.java:281)
	at com.kms.katalon.core.main.TestSuiteExecutor.accessTestCaseMainPhase(TestSuiteExecutor.java:202)
	at com.kms.katalon.core.main.TestSuiteExecutor.accessTestSuiteMainPhase(TestSuiteExecutor.java:164)
	at com.kms.katalon.core.main.TestSuiteExecutor.execute(TestSuiteExecutor.java:105)
	at com.kms.katalon.core.main.TestCaseMain.startTestSuite(TestCaseMain.java:181)
	at com.kms.katalon.core.main.TestCaseMain$startTestSuite$0.call(Unknown Source)
	at TempTestSuite1642373806466.run(TempTestSuite1642373806466.groovy:36)
Caused by: com.kms.katalon.core.exception.StepFailedException: Web element with id: 'Object Repository/Page_Dashboard/div_Upcoming events                        _f1fb13' located by '//section[@id='inst191']/div' not found
	at com.kms.katalon.core.webui.keyword.internal.WebUIKeywordMain.stepFailed(WebUIKeywordMain.groovy:64)
	at com.kms.katalon.core.webui.keyword.builtin.VerifyElementVisibleKeyword$_verifyElementVisible_closure1.doCall(VerifyElementVisibleKeyword.groovy:89)
	at com.kms.katalon.core.webui.keyword.builtin.VerifyElementVisibleKeyword$_verifyElementVisible_closure1.call(VerifyElementVisibleKeyword.groovy)
	at com.kms.katalon.core.webui.keyword.internal.WebUIKeywordMain.runKeyword(WebUIKeywordMain.groovy:20)
	... 19 more]]></system-err>
      </testcase>
      <testcase name="Test Cases/test case 30" time="41.081" classname="Test Cases/test case 30" status="FAILED">
         <failure type="FAILED" message="Test Cases/test case 30 FAILED.
Reason:
com.kms.katalon.core.exception.StepFailedException: Unable to click on object 'Object Repository/Page_Dashboard/span_Calendar'
	at com.kms.katalon.core.webui.keyword.internal.WebUIKeywordMain.stepFailed(WebUIKeywordMain.groovy:64)
	at com.kms.katalon.core.webui.keyword.internal.WebUIKeywordMain.runKeyword(WebUIKeywordMain.groovy:26)
	at com.kms.katalon.core.webui.keyword.builtin.ClickKeyword.click(ClickKeyword.groovy:74)
	at com.kms.katalon.core.webui.keyword.builtin.ClickKeyword.execute(ClickKeyword.groovy:40)
	at com.kms.katalon.core.keyword.internal.KeywordExecutor.executeKeywordForPlatform(KeywordExecutor.groovy:74)
	at com.kms.katalon.core.webui.keyword.WebUiBuiltInKeywords.click(WebUiBuiltInKeywords.groovy:620)
	at com.kms.katalon.core.webui.keyword.WebUiBuiltInKeywords$click$1.call(Unknown Source)
	at test case 30.run(test case 30:32)
	at com.kms.katalon.core.main.ScriptEngine.run(ScriptEngine.java:194)
	at com.kms.katalon.core.main.ScriptEngine.runScriptAsRawText(ScriptEngine.java:119)
	at com.kms.katalon.core.main.TestCaseExecutor.runScript(TestCaseExecutor.java:442)
	at com.kms.katalon.core.main.TestCaseExecutor.doExecute(TestCaseExecutor.java:433)
	at com.kms.katalon.core.main.TestCaseExecutor.processExecutionPhase(TestCaseExecutor.java:412)
	at com.kms.katalon.core.main.TestCaseExecutor.accessMainPhase(TestCaseExecutor.java:404)
	at com.kms.katalon.core.main.TestCaseExecutor.execute(TestCaseExecutor.java:281)
	at com.kms.katalon.core.main.TestSuiteExecutor.accessTestCaseMainPhase(TestSuiteExecutor.java:202)
	at com.kms.katalon.core.main.TestSuiteExecutor.accessTestSuiteMainPhase(TestSuiteExecutor.java:164)
	at com.kms.katalon.core.main.TestSuiteExecutor.execute(TestSuiteExecutor.java:105)
	at com.kms.katalon.core.main.TestCaseMain.startTestSuite(TestCaseMain.java:181)
	at com.kms.katalon.core.main.TestCaseMain$startTestSuite$0.call(Unknown Source)
	at TempTestSuite1642373806466.run(TempTestSuite1642373806466.groovy:36)
Caused by: com.kms.katalon.core.webui.exception.WebElementNotFoundException: Web element with id: 'Object Repository/Page_Dashboard/span_Calendar' located by '//div[@id='nav-drawer']/nav/ul/li[3]/a/div/div/span[2]' not found
	at com.kms.katalon.core.webui.common.WebUiCommonHelper.findWebElement(WebUiCommonHelper.java:1368)
	at com.kms.katalon.core.webui.keyword.internal.WebUIAbstractKeyword.findWebElement(WebUIAbstractKeyword.groovy:27)
	at com.kms.katalon.core.webui.keyword.builtin.ClickKeyword$_click_closure1.doCall(ClickKeyword.groovy:65)
	at com.kms.katalon.core.webui.keyword.builtin.ClickKeyword$_click_closure1.call(ClickKeyword.groovy)
	at com.kms.katalon.core.webui.keyword.internal.WebUIKeywordMain.runKeyword(WebUIKeywordMain.groovy:20)
	... 19 more
"/>
         <system-out><![CDATA[2022-01-17 06:48:32 - [TEST_CASE][FAILED] - Test Cases/test case 30: Test Cases/test case 30 FAILED.
Reason:
com.kms.katalon.core.exception.StepFailedException: Unable to click on object 'Object Repository/Page_Dashboard/span_Calendar'
	at com.kms.katalon.core.webui.keyword.internal.WebUIKeywordMain.stepFailed(WebUIKeywordMain.groovy:64)
	at com.kms.katalon.core.webui.keyword.internal.WebUIKeywordMain.runKeyword(WebUIKeywordMain.groovy:26)
	at com.kms.katalon.core.webui.keyword.builtin.ClickKeyword.click(ClickKeyword.groovy:74)
	at com.kms.katalon.core.webui.keyword.builtin.ClickKeyword.execute(ClickKeyword.groovy:40)
	at com.kms.katalon.core.keyword.internal.KeywordExecutor.executeKeywordForPlatform(KeywordExecutor.groovy:74)
	at com.kms.katalon.core.webui.keyword.WebUiBuiltInKeywords.click(WebUiBuiltInKeywords.groovy:620)
	at com.kms.katalon.core.webui.keyword.WebUiBuiltInKeywords$click$1.call(Unknown Source)
	at test case 30.run(test case 30:32)
	at com.kms.katalon.core.main.ScriptEngine.run(ScriptEngine.java:194)
	at com.kms.katalon.core.main.ScriptEngine.runScriptAsRawText(ScriptEngine.java:119)
	at com.kms.katalon.core.main.TestCaseExecutor.runScript(TestCaseExecutor.java:442)
	at com.kms.katalon.core.main.TestCaseExecutor.doExecute(TestCaseExecutor.java:433)
	at com.kms.katalon.core.main.TestCaseExecutor.processExecutionPhase(TestCaseExecutor.java:412)
	at com.kms.katalon.core.main.TestCaseExecutor.accessMainPhase(TestCaseExecutor.java:404)
	at com.kms.katalon.core.main.TestCaseExecutor.execute(TestCaseExecutor.java:281)
	at com.kms.katalon.core.main.TestSuiteExecutor.accessTestCaseMainPhase(TestSuiteExecutor.java:202)
	at com.kms.katalon.core.main.TestSuiteExecutor.accessTestSuiteMainPhase(TestSuiteExecutor.java:164)
	at com.kms.katalon.core.main.TestSuiteExecutor.execute(TestSuiteExecutor.java:105)
	at com.kms.katalon.core.main.TestCaseMain.startTestSuite(TestCaseMain.java:181)
	at com.kms.katalon.core.main.TestCaseMain$startTestSuite$0.call(Unknown Source)
	at TempTestSuite1642373806466.run(TempTestSuite1642373806466.groovy:36)
Caused by: com.kms.katalon.core.webui.exception.WebElementNotFoundException: Web element with id: 'Object Repository/Page_Dashboard/span_Calendar' located by '//div[@id='nav-drawer']/nav/ul/li[3]/a/div/div/span[2]' not found
	at com.kms.katalon.core.webui.common.WebUiCommonHelper.findWebElement(WebUiCommonHelper.java:1368)
	at com.kms.katalon.core.webui.keyword.internal.WebUIAbstractKeyword.findWebElement(WebUIAbstractKeyword.groovy:27)
	at com.kms.katalon.core.webui.keyword.builtin.ClickKeyword$_click_closure1.doCall(ClickKeyword.groovy:65)
	at com.kms.katalon.core.webui.keyword.builtin.ClickKeyword$_click_closure1.call(ClickKeyword.groovy)
	at com.kms.katalon.core.webui.keyword.internal.WebUIKeywordMain.runKeyword(WebUIKeywordMain.groovy:20)
	... 19 more


2022-01-17 06:48:32 - [TEST_STEP][PASSED] - openBrowser(""): Browser is opened with url: ''

2022-01-17 06:48:32 - [MESSAGE][WARNING] - A browser is already opened. Closing browser and opening a new one

2022-01-17 06:48:33 - [MESSAGE][INFO] - Starting 'Chrome' driver

2022-01-17 06:48:33 - [MESSAGE][INFO] - Action delay is set to 0 milliseconds

2022-01-17 06:48:34 - [MESSAGE][PASSED] - Browser is opened with url: ''

2022-01-17 06:48:34 - [TEST_STEP][PASSED] - navigateToUrl("http://localhost/"): Navigate to 'http://localhost/' successfully

2022-01-17 06:48:35 - [MESSAGE][PASSED] - Navigate to 'http://localhost/' successfully

2022-01-17 06:48:35 - [TEST_STEP][PASSED] - click(findTestObject("Object Repository/Page_Moodle/a_Log in")): Object: 'Object Repository/Page_Moodle/a_Log in' is clicked on

2022-01-17 06:48:36 - [MESSAGE][PASSED] - Object: 'Object Repository/Page_Moodle/a_Log in' is clicked on

2022-01-17 06:48:36 - [TEST_STEP][PASSED] - setText(findTestObject("Object Repository/Page_Moodle Log in to the site/input_Username_username"), "nmthu"): Text 'nmthu' is set on object 'Object Repository/Page_Moodle Log in to the site/input_Username_username'

2022-01-17 06:48:37 - [MESSAGE][PASSED] - Text 'nmthu' is set on object 'Object Repository/Page_Moodle Log in to the site/input_Username_username'

2022-01-17 06:48:37 - [TEST_STEP][PASSED] - setEncryptedText(findTestObject("Object Repository/Page_Moodle Log in to the site/input_Password_password"), "zm/yZ1suVYniggK+4Jo9ew=="): Text ****** has been set on object 'Object Repository/Page_Moodle Log in to the site/input_Password_password'

2022-01-17 06:48:37 - [MESSAGE][PASSED] - Text ****** has been set on object 'Object Repository/Page_Moodle Log in to the site/input_Password_password'

2022-01-17 06:48:37 - [TEST_STEP][PASSED] - click(findTestObject("Object Repository/Page_Moodle Log in to the site/button_Log in")): Object: 'Object Repository/Page_Moodle Log in to the site/button_Log in' is clicked on

2022-01-17 06:48:38 - [MESSAGE][PASSED] - Object: 'Object Repository/Page_Moodle Log in to the site/button_Log in' is clicked on

2022-01-17 06:48:38 - [TEST_STEP][FAILED] - click(findTestObject("Object Repository/Page_Dashboard/span_Calendar")): Unable to click on object 'Object Repository/Page_Dashboard/span_Calendar' (Root cause: com.kms.katalon.core.exception.StepFailedException: Unable to click on object 'Object Repository/Page_Dashboard/span_Calendar'
	at com.kms.katalon.core.webui.keyword.internal.WebUIKeywordMain.stepFailed(WebUIKeywordMain.groovy:64)
	at com.kms.katalon.core.webui.keyword.internal.WebUIKeywordMain.runKeyword(WebUIKeywordMain.groovy:26)
	at com.kms.katalon.core.webui.keyword.builtin.ClickKeyword.click(ClickKeyword.groovy:74)
	at com.kms.katalon.core.webui.keyword.builtin.ClickKeyword.execute(ClickKeyword.groovy:40)
	at com.kms.katalon.core.keyword.internal.KeywordExecutor.executeKeywordForPlatform(KeywordExecutor.groovy:74)
	at com.kms.katalon.core.webui.keyword.WebUiBuiltInKeywords.click(WebUiBuiltInKeywords.groovy:620)
	at com.kms.katalon.core.webui.keyword.WebUiBuiltInKeywords$click$1.call(Unknown Source)
	at test case 30.run(test case 30:32)
	at com.kms.katalon.core.main.ScriptEngine.run(ScriptEngine.java:194)
	at com.kms.katalon.core.main.ScriptEngine.runScriptAsRawText(ScriptEngine.java:119)
	at com.kms.katalon.core.main.TestCaseExecutor.runScript(TestCaseExecutor.java:442)
	at com.kms.katalon.core.main.TestCaseExecutor.doExecute(TestCaseExecutor.java:433)
	at com.kms.katalon.core.main.TestCaseExecutor.processExecutionPhase(TestCaseExecutor.java:412)
	at com.kms.katalon.core.main.TestCaseExecutor.accessMainPhase(TestCaseExecutor.java:404)
	at com.kms.katalon.core.main.TestCaseExecutor.execute(TestCaseExecutor.java:281)
	at com.kms.katalon.core.main.TestSuiteExecutor.accessTestCaseMainPhase(TestSuiteExecutor.java:202)
	at com.kms.katalon.core.main.TestSuiteExecutor.accessTestSuiteMainPhase(TestSuiteExecutor.java:164)
	at com.kms.katalon.core.main.TestSuiteExecutor.execute(TestSuiteExecutor.java:105)
	at com.kms.katalon.core.main.TestCaseMain.startTestSuite(TestCaseMain.java:181)
	at com.kms.katalon.core.main.TestCaseMain$startTestSuite$0.call(Unknown Source)
	at TempTestSuite1642373806466.run(TempTestSuite1642373806466.groovy:36)
Caused by: com.kms.katalon.core.webui.exception.WebElementNotFoundException: Web element with id: 'Object Repository/Page_Dashboard/span_Calendar' located by '//div[@id='nav-drawer']/nav/ul/li[3]/a/div/div/span[2]' not found
	at com.kms.katalon.core.webui.common.WebUiCommonHelper.findWebElement(WebUiCommonHelper.java:1368)
	at com.kms.katalon.core.webui.keyword.internal.WebUIAbstractKeyword.findWebElement(WebUIAbstractKeyword.groovy:27)
	at com.kms.katalon.core.webui.keyword.builtin.ClickKeyword$_click_closure1.doCall(ClickKeyword.groovy:65)
	at com.kms.katalon.core.webui.keyword.builtin.ClickKeyword$_click_closure1.call(ClickKeyword.groovy)
	at com.kms.katalon.core.webui.keyword.internal.WebUIKeywordMain.runKeyword(WebUIKeywordMain.groovy:20)
	at com.kms.katalon.core.webui.keyword.builtin.ClickKeyword.click(ClickKeyword.groovy:74)
	at com.kms.katalon.core.webui.keyword.builtin.ClickKeyword.execute(ClickKeyword.groovy:40)
	at com.kms.katalon.core.keyword.internal.KeywordExecutor.executeKeywordForPlatform(KeywordExecutor.groovy:74)
	at com.kms.katalon.core.webui.keyword.WebUiBuiltInKeywords.click(WebUiBuiltInKeywords.groovy:620)
	at com.kms.katalon.core.webui.keyword.WebUiBuiltInKeywords$click$1.call(Unknown Source)
	at Script1642162520989.run(Script1642162520989.groovy:32)
	... 13 more
)

2022-01-17 06:49:09 - [MESSAGE][INFO] - Unable to find the element located by 'By.xpath: //div[@id='nav-drawer']/nav/ul/li[3]/a/div/div/span[2]'. Please recheck the objects properties to make sure the desired element is located. 

2022-01-17 06:49:09 - [MESSAGE][WARNING] - [SELF-HEALING] Failed to find element with id 'Object Repository/Page_Dashboard/span_Calendar'. Try using Self-healing.

2022-01-17 06:49:09 - [MESSAGE][INFO] - [SELF-HEALING] Failed Locator: '//div[@id='nav-drawer']/nav/ul/li[3]/a/div/div/span[2]'.

2022-01-17 06:49:09 - [MESSAGE][INFO] - [SELF-HEALING] Failed Locator: '(.//*[normalize-space(text()) and normalize-space(.)='Site home'])[1]/following::span[2]'.

2022-01-17 06:49:10 - [MESSAGE][INFO] - [SELF-HEALING] Failed Locator: '(.//*[normalize-space(text()) and normalize-space(.)='Dashboard'])[3]/following::span[4]'.

2022-01-17 06:49:10 - [MESSAGE][INFO] - [SELF-HEALING] Failed Locator: '(.//*[normalize-space(text()) and normalize-space(.)='Private files'])[1]/preceding::span[2]'.

2022-01-17 06:49:10 - [MESSAGE][INFO] - [SELF-HEALING] Failed Locator: '(.//*[normalize-space(text()) and normalize-space(.)='My courses'])[1]/preceding::span[4]'.

2022-01-17 06:49:10 - [MESSAGE][INFO] - [SELF-HEALING] Failed Locator: '//*/text()[normalize-space(.)='Calendar']/parent::*'.

2022-01-17 06:49:11 - [MESSAGE][INFO] - [SELF-HEALING] Failed Locator: '//li[3]/a/div/div/span[2]'.

2022-01-17 06:49:11 - [MESSAGE][INFO] - [SELF-HEALING] Failed Locator: '(.//*[normalize-space(text()) and normalize-space(.)='Content bank'])[1]/preceding::span[4]'.

2022-01-17 06:49:12 - [MESSAGE][INFO] - Unable to find the element located by 'By.xpath: //*[(text() = 'Calendar' or . = 'Calendar')]'. Please recheck the objects properties to make sure the desired element is located. 

2022-01-17 06:49:13 - [MESSAGE][INFO] - Unable to find the element located by 'By.cssSelector: '. Please recheck the objects properties to make sure the desired element is located. 

2022-01-17 06:49:13 - [MESSAGE][FAILED] - Unable to click on object 'Object Repository/Page_Dashboard/span_Calendar' (Root cause: com.kms.katalon.core.exception.StepFailedException: Unable to click on object 'Object Repository/Page_Dashboard/span_Calendar'
	at com.kms.katalon.core.webui.keyword.internal.WebUIKeywordMain.stepFailed(WebUIKeywordMain.groovy:64)
	at com.kms.katalon.core.webui.keyword.internal.WebUIKeywordMain.runKeyword(WebUIKeywordMain.groovy:26)
	at com.kms.katalon.core.webui.keyword.builtin.ClickKeyword.click(ClickKeyword.groovy:74)
	at com.kms.katalon.core.webui.keyword.builtin.ClickKeyword.execute(ClickKeyword.groovy:40)
	at com.kms.katalon.core.keyword.internal.KeywordExecutor.executeKeywordForPlatform(KeywordExecutor.groovy:74)
	at com.kms.katalon.core.webui.keyword.WebUiBuiltInKeywords.click(WebUiBuiltInKeywords.groovy:620)
	at com.kms.katalon.core.webui.keyword.WebUiBuiltInKeywords$click$1.call(Unknown Source)
	at test case 30.run(test case 30:32)
	at com.kms.katalon.core.main.ScriptEngine.run(ScriptEngine.java:194)
	at com.kms.katalon.core.main.ScriptEngine.runScriptAsRawText(ScriptEngine.java:119)
	at com.kms.katalon.core.main.TestCaseExecutor.runScript(TestCaseExecutor.java:442)
	at com.kms.katalon.core.main.TestCaseExecutor.doExecute(TestCaseExecutor.java:433)
	at com.kms.katalon.core.main.TestCaseExecutor.processExecutionPhase(TestCaseExecutor.java:412)
	at com.kms.katalon.core.main.TestCaseExecutor.accessMainPhase(TestCaseExecutor.java:404)
	at com.kms.katalon.core.main.TestCaseExecutor.execute(TestCaseExecutor.java:281)
	at com.kms.katalon.core.main.TestSuiteExecutor.accessTestCaseMainPhase(TestSuiteExecutor.java:202)
	at com.kms.katalon.core.main.TestSuiteExecutor.accessTestSuiteMainPhase(TestSuiteExecutor.java:164)
	at com.kms.katalon.core.main.TestSuiteExecutor.execute(TestSuiteExecutor.java:105)
	at com.kms.katalon.core.main.TestCaseMain.startTestSuite(TestCaseMain.java:181)
	at com.kms.katalon.core.main.TestCaseMain$startTestSuite$0.call(Unknown Source)
	at TempTestSuite1642373806466.run(TempTestSuite1642373806466.groovy:36)
Caused by: com.kms.katalon.core.webui.exception.WebElementNotFoundException: Web element with id: 'Object Repository/Page_Dashboard/span_Calendar' located by '//div[@id='nav-drawer']/nav/ul/li[3]/a/div/div/span[2]' not found
	at com.kms.katalon.core.webui.common.WebUiCommonHelper.findWebElement(WebUiCommonHelper.java:1368)
	at com.kms.katalon.core.webui.keyword.internal.WebUIAbstractKeyword.findWebElement(WebUIAbstractKeyword.groovy:27)
	at com.kms.katalon.core.webui.keyword.builtin.ClickKeyword$_click_closure1.doCall(ClickKeyword.groovy:65)
	at com.kms.katalon.core.webui.keyword.builtin.ClickKeyword$_click_closure1.call(ClickKeyword.groovy)
	at com.kms.katalon.core.webui.keyword.internal.WebUIKeywordMain.runKeyword(WebUIKeywordMain.groovy:20)
	at com.kms.katalon.core.webui.keyword.builtin.ClickKeyword.click(ClickKeyword.groovy:74)
	at com.kms.katalon.core.webui.keyword.builtin.ClickKeyword.execute(ClickKeyword.groovy:40)
	at com.kms.katalon.core.keyword.internal.KeywordExecutor.executeKeywordForPlatform(KeywordExecutor.groovy:74)
	at com.kms.katalon.core.webui.keyword.WebUiBuiltInKeywords.click(WebUiBuiltInKeywords.groovy:620)
	at com.kms.katalon.core.webui.keyword.WebUiBuiltInKeywords$click$1.call(Unknown Source)
	at Script1642162520989.run(Script1642162520989.groovy:32)
	... 13 more
)
[[ATTACHMENT|D:\\Test-Automation-SE-Bonus\\Test-Automation-SE-Bonus\\Reports\\20220117_055646\\Run all test cases\\20220117_055646\\1642376953639.png]]]]></system-out>
         <system-err><![CDATA[2022-01-17 06:48:32 - [TEST_CASE][FAILED] - Test Cases/test case 30: Test Cases/test case 30 FAILED.
Reason:
com.kms.katalon.core.exception.StepFailedException: Unable to click on object 'Object Repository/Page_Dashboard/span_Calendar'
	at com.kms.katalon.core.webui.keyword.internal.WebUIKeywordMain.stepFailed(WebUIKeywordMain.groovy:64)
	at com.kms.katalon.core.webui.keyword.internal.WebUIKeywordMain.runKeyword(WebUIKeywordMain.groovy:26)
	at com.kms.katalon.core.webui.keyword.builtin.ClickKeyword.click(ClickKeyword.groovy:74)
	at com.kms.katalon.core.webui.keyword.builtin.ClickKeyword.execute(ClickKeyword.groovy:40)
	at com.kms.katalon.core.keyword.internal.KeywordExecutor.executeKeywordForPlatform(KeywordExecutor.groovy:74)
	at com.kms.katalon.core.webui.keyword.WebUiBuiltInKeywords.click(WebUiBuiltInKeywords.groovy:620)
	at com.kms.katalon.core.webui.keyword.WebUiBuiltInKeywords$click$1.call(Unknown Source)
	at test case 30.run(test case 30:32)
	at com.kms.katalon.core.main.ScriptEngine.run(ScriptEngine.java:194)
	at com.kms.katalon.core.main.ScriptEngine.runScriptAsRawText(ScriptEngine.java:119)
	at com.kms.katalon.core.main.TestCaseExecutor.runScript(TestCaseExecutor.java:442)
	at com.kms.katalon.core.main.TestCaseExecutor.doExecute(TestCaseExecutor.java:433)
	at com.kms.katalon.core.main.TestCaseExecutor.processExecutionPhase(TestCaseExecutor.java:412)
	at com.kms.katalon.core.main.TestCaseExecutor.accessMainPhase(TestCaseExecutor.java:404)
	at com.kms.katalon.core.main.TestCaseExecutor.execute(TestCaseExecutor.java:281)
	at com.kms.katalon.core.main.TestSuiteExecutor.accessTestCaseMainPhase(TestSuiteExecutor.java:202)
	at com.kms.katalon.core.main.TestSuiteExecutor.accessTestSuiteMainPhase(TestSuiteExecutor.java:164)
	at com.kms.katalon.core.main.TestSuiteExecutor.execute(TestSuiteExecutor.java:105)
	at com.kms.katalon.core.main.TestCaseMain.startTestSuite(TestCaseMain.java:181)
	at com.kms.katalon.core.main.TestCaseMain$startTestSuite$0.call(Unknown Source)
	at TempTestSuite1642373806466.run(TempTestSuite1642373806466.groovy:36)
Caused by: com.kms.katalon.core.webui.exception.WebElementNotFoundException: Web element with id: 'Object Repository/Page_Dashboard/span_Calendar' located by '//div[@id='nav-drawer']/nav/ul/li[3]/a/div/div/span[2]' not found
	at com.kms.katalon.core.webui.common.WebUiCommonHelper.findWebElement(WebUiCommonHelper.java:1368)
	at com.kms.katalon.core.webui.keyword.internal.WebUIAbstractKeyword.findWebElement(WebUIAbstractKeyword.groovy:27)
	at com.kms.katalon.core.webui.keyword.builtin.ClickKeyword$_click_closure1.doCall(ClickKeyword.groovy:65)
	at com.kms.katalon.core.webui.keyword.builtin.ClickKeyword$_click_closure1.call(ClickKeyword.groovy)
	at com.kms.katalon.core.webui.keyword.internal.WebUIKeywordMain.runKeyword(WebUIKeywordMain.groovy:20)
	... 19 more]]></system-err>
      </testcase>
      <testcase name="Test Cases/test case 31" time="43.673" classname="Test Cases/test case 31" status="FAILED">
         <failure type="FAILED" message="Test Cases/test case 31 FAILED.
Reason:
com.kms.katalon.core.exception.StepFailedException: Unable to verify object 'Object Repository/Page_Dashboard/div_Calendar                               _78b00d' is visible
	at com.kms.katalon.core.webui.keyword.internal.WebUIKeywordMain.stepFailed(WebUIKeywordMain.groovy:64)
	at com.kms.katalon.core.webui.keyword.internal.WebUIKeywordMain.runKeyword(WebUIKeywordMain.groovy:26)
	at com.kms.katalon.core.webui.keyword.builtin.VerifyElementVisibleKeyword.verifyElementVisible(VerifyElementVisibleKeyword.groovy:97)
	at com.kms.katalon.core.webui.keyword.builtin.VerifyElementVisibleKeyword.execute(VerifyElementVisibleKeyword.groovy:67)
	at com.kms.katalon.core.keyword.internal.KeywordExecutor.executeKeywordForPlatform(KeywordExecutor.groovy:74)
	at com.kms.katalon.core.webui.keyword.WebUiBuiltInKeywords.verifyElementVisible(WebUiBuiltInKeywords.groovy:376)
	at com.kms.katalon.core.webui.keyword.WebUiBuiltInKeywords$verifyElementVisible$9.call(Unknown Source)
	at test case 31.run(test case 31:32)
	at com.kms.katalon.core.main.ScriptEngine.run(ScriptEngine.java:194)
	at com.kms.katalon.core.main.ScriptEngine.runScriptAsRawText(ScriptEngine.java:119)
	at com.kms.katalon.core.main.TestCaseExecutor.runScript(TestCaseExecutor.java:442)
	at com.kms.katalon.core.main.TestCaseExecutor.doExecute(TestCaseExecutor.java:433)
	at com.kms.katalon.core.main.TestCaseExecutor.processExecutionPhase(TestCaseExecutor.java:412)
	at com.kms.katalon.core.main.TestCaseExecutor.accessMainPhase(TestCaseExecutor.java:404)
	at com.kms.katalon.core.main.TestCaseExecutor.execute(TestCaseExecutor.java:281)
	at com.kms.katalon.core.main.TestSuiteExecutor.accessTestCaseMainPhase(TestSuiteExecutor.java:202)
	at com.kms.katalon.core.main.TestSuiteExecutor.accessTestSuiteMainPhase(TestSuiteExecutor.java:164)
	at com.kms.katalon.core.main.TestSuiteExecutor.execute(TestSuiteExecutor.java:105)
	at com.kms.katalon.core.main.TestCaseMain.startTestSuite(TestCaseMain.java:181)
	at com.kms.katalon.core.main.TestCaseMain$startTestSuite$0.call(Unknown Source)
	at TempTestSuite1642373806466.run(TempTestSuite1642373806466.groovy:36)
Caused by: com.kms.katalon.core.exception.StepFailedException: Web element with id: 'Object Repository/Page_Dashboard/div_Calendar                               _78b00d' located by '//section[@id='inst200']/div' not found
	at com.kms.katalon.core.webui.keyword.internal.WebUIKeywordMain.stepFailed(WebUIKeywordMain.groovy:64)
	at com.kms.katalon.core.webui.keyword.builtin.VerifyElementVisibleKeyword$_verifyElementVisible_closure1.doCall(VerifyElementVisibleKeyword.groovy:89)
	at com.kms.katalon.core.webui.keyword.builtin.VerifyElementVisibleKeyword$_verifyElementVisible_closure1.call(VerifyElementVisibleKeyword.groovy)
	at com.kms.katalon.core.webui.keyword.internal.WebUIKeywordMain.runKeyword(WebUIKeywordMain.groovy:20)
	... 19 more
"/>
         <system-out><![CDATA[2022-01-17 06:49:13 - [TEST_CASE][FAILED] - Test Cases/test case 31: Test Cases/test case 31 FAILED.
Reason:
com.kms.katalon.core.exception.StepFailedException: Unable to verify object 'Object Repository/Page_Dashboard/div_Calendar                               _78b00d' is visible
	at com.kms.katalon.core.webui.keyword.internal.WebUIKeywordMain.stepFailed(WebUIKeywordMain.groovy:64)
	at com.kms.katalon.core.webui.keyword.internal.WebUIKeywordMain.runKeyword(WebUIKeywordMain.groovy:26)
	at com.kms.katalon.core.webui.keyword.builtin.VerifyElementVisibleKeyword.verifyElementVisible(VerifyElementVisibleKeyword.groovy:97)
	at com.kms.katalon.core.webui.keyword.builtin.VerifyElementVisibleKeyword.execute(VerifyElementVisibleKeyword.groovy:67)
	at com.kms.katalon.core.keyword.internal.KeywordExecutor.executeKeywordForPlatform(KeywordExecutor.groovy:74)
	at com.kms.katalon.core.webui.keyword.WebUiBuiltInKeywords.verifyElementVisible(WebUiBuiltInKeywords.groovy:376)
	at com.kms.katalon.core.webui.keyword.WebUiBuiltInKeywords$verifyElementVisible$9.call(Unknown Source)
	at test case 31.run(test case 31:32)
	at com.kms.katalon.core.main.ScriptEngine.run(ScriptEngine.java:194)
	at com.kms.katalon.core.main.ScriptEngine.runScriptAsRawText(ScriptEngine.java:119)
	at com.kms.katalon.core.main.TestCaseExecutor.runScript(TestCaseExecutor.java:442)
	at com.kms.katalon.core.main.TestCaseExecutor.doExecute(TestCaseExecutor.java:433)
	at com.kms.katalon.core.main.TestCaseExecutor.processExecutionPhase(TestCaseExecutor.java:412)
	at com.kms.katalon.core.main.TestCaseExecutor.accessMainPhase(TestCaseExecutor.java:404)
	at com.kms.katalon.core.main.TestCaseExecutor.execute(TestCaseExecutor.java:281)
	at com.kms.katalon.core.main.TestSuiteExecutor.accessTestCaseMainPhase(TestSuiteExecutor.java:202)
	at com.kms.katalon.core.main.TestSuiteExecutor.accessTestSuiteMainPhase(TestSuiteExecutor.java:164)
	at com.kms.katalon.core.main.TestSuiteExecutor.execute(TestSuiteExecutor.java:105)
	at com.kms.katalon.core.main.TestCaseMain.startTestSuite(TestCaseMain.java:181)
	at com.kms.katalon.core.main.TestCaseMain$startTestSuite$0.call(Unknown Source)
	at TempTestSuite1642373806466.run(TempTestSuite1642373806466.groovy:36)
Caused by: com.kms.katalon.core.exception.StepFailedException: Web element with id: 'Object Repository/Page_Dashboard/div_Calendar                               _78b00d' located by '//section[@id='inst200']/div' not found
	at com.kms.katalon.core.webui.keyword.internal.WebUIKeywordMain.stepFailed(WebUIKeywordMain.groovy:64)
	at com.kms.katalon.core.webui.keyword.builtin.VerifyElementVisibleKeyword$_verifyElementVisible_closure1.doCall(VerifyElementVisibleKeyword.groovy:89)
	at com.kms.katalon.core.webui.keyword.builtin.VerifyElementVisibleKeyword$_verifyElementVisible_closure1.call(VerifyElementVisibleKeyword.groovy)
	at com.kms.katalon.core.webui.keyword.internal.WebUIKeywordMain.runKeyword(WebUIKeywordMain.groovy:20)
	... 19 more


2022-01-17 06:49:13 - [TEST_STEP][PASSED] - openBrowser(""): Browser is opened with url: ''

2022-01-17 06:49:13 - [MESSAGE][WARNING] - A browser is already opened. Closing browser and opening a new one

2022-01-17 06:49:14 - [MESSAGE][INFO] - Starting 'Chrome' driver

2022-01-17 06:49:14 - [MESSAGE][INFO] - Action delay is set to 0 milliseconds

2022-01-17 06:49:15 - [MESSAGE][PASSED] - Browser is opened with url: ''

2022-01-17 06:49:15 - [TEST_STEP][PASSED] - navigateToUrl("http://localhost/"): Navigate to 'http://localhost/' successfully

2022-01-17 06:49:16 - [MESSAGE][PASSED] - Navigate to 'http://localhost/' successfully

2022-01-17 06:49:16 - [TEST_STEP][PASSED] - click(findTestObject("Object Repository/Page_Moodle/a_Log in")): Object: 'Object Repository/Page_Moodle/a_Log in' is clicked on

2022-01-17 06:49:17 - [MESSAGE][PASSED] - Object: 'Object Repository/Page_Moodle/a_Log in' is clicked on

2022-01-17 06:49:17 - [TEST_STEP][PASSED] - setText(findTestObject("Object Repository/Page_Moodle Log in to the site/input_Username_username"), "nmthu"): Text 'nmthu' is set on object 'Object Repository/Page_Moodle Log in to the site/input_Username_username'

2022-01-17 06:49:18 - [MESSAGE][PASSED] - Text 'nmthu' is set on object 'Object Repository/Page_Moodle Log in to the site/input_Username_username'

2022-01-17 06:49:18 - [TEST_STEP][PASSED] - setEncryptedText(findTestObject("Object Repository/Page_Moodle Log in to the site/input_Password_password"), "zm/yZ1suVYniggK+4Jo9ew=="): Text ****** has been set on object 'Object Repository/Page_Moodle Log in to the site/input_Password_password'

2022-01-17 06:49:18 - [MESSAGE][PASSED] - Text ****** has been set on object 'Object Repository/Page_Moodle Log in to the site/input_Password_password'

2022-01-17 06:49:18 - [TEST_STEP][PASSED] - click(findTestObject("Object Repository/Page_Moodle Log in to the site/button_Log in")): Object: 'Object Repository/Page_Moodle Log in to the site/button_Log in' is clicked on

2022-01-17 06:49:19 - [MESSAGE][PASSED] - Object: 'Object Repository/Page_Moodle Log in to the site/button_Log in' is clicked on

2022-01-17 06:49:19 - [TEST_STEP][FAILED] - verifyElementVisible(findTestObject("Object Repository/Page_Dashboard/div_Calendar                               _78b00d")): Unable to verify object 'Object Repository/Page_Dashboard/div_Calendar                               _78b00d' is visible (Root cause: com.kms.katalon.core.exception.StepFailedException: Unable to verify object 'Object Repository/Page_Dashboard/div_Calendar                               _78b00d' is visible
	at com.kms.katalon.core.webui.keyword.internal.WebUIKeywordMain.stepFailed(WebUIKeywordMain.groovy:64)
	at com.kms.katalon.core.webui.keyword.internal.WebUIKeywordMain.runKeyword(WebUIKeywordMain.groovy:26)
	at com.kms.katalon.core.webui.keyword.builtin.VerifyElementVisibleKeyword.verifyElementVisible(VerifyElementVisibleKeyword.groovy:97)
	at com.kms.katalon.core.webui.keyword.builtin.VerifyElementVisibleKeyword.execute(VerifyElementVisibleKeyword.groovy:67)
	at com.kms.katalon.core.keyword.internal.KeywordExecutor.executeKeywordForPlatform(KeywordExecutor.groovy:74)
	at com.kms.katalon.core.webui.keyword.WebUiBuiltInKeywords.verifyElementVisible(WebUiBuiltInKeywords.groovy:376)
	at com.kms.katalon.core.webui.keyword.WebUiBuiltInKeywords$verifyElementVisible$9.call(Unknown Source)
	at test case 31.run(test case 31:32)
	at com.kms.katalon.core.main.ScriptEngine.run(ScriptEngine.java:194)
	at com.kms.katalon.core.main.ScriptEngine.runScriptAsRawText(ScriptEngine.java:119)
	at com.kms.katalon.core.main.TestCaseExecutor.runScript(TestCaseExecutor.java:442)
	at com.kms.katalon.core.main.TestCaseExecutor.doExecute(TestCaseExecutor.java:433)
	at com.kms.katalon.core.main.TestCaseExecutor.processExecutionPhase(TestCaseExecutor.java:412)
	at com.kms.katalon.core.main.TestCaseExecutor.accessMainPhase(TestCaseExecutor.java:404)
	at com.kms.katalon.core.main.TestCaseExecutor.execute(TestCaseExecutor.java:281)
	at com.kms.katalon.core.main.TestSuiteExecutor.accessTestCaseMainPhase(TestSuiteExecutor.java:202)
	at com.kms.katalon.core.main.TestSuiteExecutor.accessTestSuiteMainPhase(TestSuiteExecutor.java:164)
	at com.kms.katalon.core.main.TestSuiteExecutor.execute(TestSuiteExecutor.java:105)
	at com.kms.katalon.core.main.TestCaseMain.startTestSuite(TestCaseMain.java:181)
	at com.kms.katalon.core.main.TestCaseMain$startTestSuite$0.call(Unknown Source)
	at TempTestSuite1642373806466.run(TempTestSuite1642373806466.groovy:36)
Caused by: com.kms.katalon.core.exception.StepFailedException: Web element with id: 'Object Repository/Page_Dashboard/div_Calendar                               _78b00d' located by '//section[@id='inst200']/div' not found
	at com.kms.katalon.core.webui.keyword.internal.WebUIKeywordMain.stepFailed(WebUIKeywordMain.groovy:64)
	at com.kms.katalon.core.webui.keyword.builtin.VerifyElementVisibleKeyword$_verifyElementVisible_closure1.doCall(VerifyElementVisibleKeyword.groovy:89)
	at com.kms.katalon.core.webui.keyword.builtin.VerifyElementVisibleKeyword$_verifyElementVisible_closure1.call(VerifyElementVisibleKeyword.groovy)
	at com.kms.katalon.core.webui.keyword.internal.WebUIKeywordMain.runKeyword(WebUIKeywordMain.groovy:20)
	... 19 more
)

2022-01-17 06:49:50 - [MESSAGE][INFO] - Unable to find the element located by 'By.xpath: //section[@id='inst200']/div'. Please recheck the objects properties to make sure the desired element is located. 

2022-01-17 06:49:50 - [MESSAGE][WARNING] - [SELF-HEALING] Failed to find element with id 'Object Repository/Page_Dashboard/div_Calendar                               _78b00d'. Try using Self-healing.

2022-01-17 06:49:51 - [MESSAGE][INFO] - Unable to find the element located by 'By.xpath: (.//*[normalize-space(text()) and normalize-space(.)='You have no badges to display'])[1]/following::div[1]'. Please recheck the objects properties to make sure the desired element is located. 

2022-01-17 06:49:52 - [MESSAGE][INFO] - Unable to find the element located by 'By.xpath: (.//*[normalize-space(text()) and normalize-space(.)='Skip Calendar'])[1]/following::div[1]'. Please recheck the objects properties to make sure the desired element is located. 

2022-01-17 06:49:52 - [MESSAGE][INFO] - [SELF-HEALING] Failed Locator: '//section[@id='inst200']/div'.

2022-01-17 06:49:53 - [MESSAGE][INFO] - [SELF-HEALING] Failed Locator: '(.//*[normalize-space(text()) and normalize-space(.)='Skip Calendar'])[1]/following::div[1]'.

2022-01-17 06:49:53 - [MESSAGE][INFO] - [SELF-HEALING] Failed Locator: '(.//*[normalize-space(text()) and normalize-space(.)='You have no badges to display'])[1]/following::div[1]'.

2022-01-17 06:49:53 - [MESSAGE][INFO] - [SELF-HEALING] Failed Locator: '//section[5]/div'.

2022-01-17 06:49:53 - [MESSAGE][INFO] - [SELF-HEALING] Failed Locator: '//section[@id='inst190']/div'.

2022-01-17 06:49:54 - [MESSAGE][INFO] - [SELF-HEALING] Failed Locator: '//section[6]/div'.

2022-01-17 06:49:54 - [MESSAGE][INFO] - [SELF-HEALING] Failed Locator: '//section[@id='inst171']/div'.

2022-01-17 06:49:54 - [MESSAGE][INFO] - [SELF-HEALING] Failed Locator: '//section[@id='inst46']/div'.

2022-01-17 06:49:54 - [MESSAGE][INFO] - [SELF-HEALING] Failed Locator: '//section[@id='inst37']/div'.

2022-01-17 06:49:55 - [MESSAGE][INFO] - Unable to find the element located by 'By.xpath: //*[(text() = '

            Calendar


        
            
    
    
    
    
        
        
        
    
    
        
                
                    ◄
                
                 | 
                
                    January 2022
                
                 | 
                
                    ►
                
        
        
          
                
                    Monday
                    Mon
                
                
                    Tuesday
                    Tue
                
                
                    Wednesday
                    Wed
                
                
                    Thursday
                    Thu
                
                
                    Friday
                    Fri
                
                
                    Saturday
                    Sat
                
                
                    Sunday
                    Sun
                
            
        
        
            
                     
                     
                     
                     
                     
                    No events, Saturday, 1 January
                            1
                        
                    No events, Sunday, 2 January
                            2
                        
            
            
                    No events, Monday, 3 January
                            3
                        
                    No events, Tuesday, 4 January
                            4
                        
                    No events, Wednesday, 5 January
                            5
                        
                    No events, Thursday, 6 January
                            6
                        
                    No events, Friday, 7 January
                            7
                        
                    No events, Saturday, 8 January
                            8
                        
                    No events, Sunday, 9 January
                            9
                        
            
            
                    No events, Monday, 10 January
                            10
                        
                    No events, Tuesday, 11 January
                            11
                        
                    No events, Wednesday, 12 January
                            12
                        
                    No events, Thursday, 13 January
                            13
                        
                    No events, Friday, 14 January
                            14
                        
                    No events, Saturday, 15 January
                            15
                        
                    No events, Sunday, 16 January


16


                                

            
            
                    No events, Monday, 17 January
                            17
                        
                    No events, Tuesday, 18 January
                            18
                        
                    No events, Wednesday, 19 January
                            19
                        
                    No events, Thursday, 20 January
                            20
                        
                    No events, Friday, 21 January
                            21
                        
                    No events, Saturday, 22 January
                            22
                        
                    1 event, Sunday, 23 January


23


                                        
                                            
                                            
                                                
                                            3 weeks for Tet
                                        
                                

            
            
                    No events, Monday, 24 January
                            24
                        
                    No events, Tuesday, 25 January
                            25
                        
                    No events, Wednesday, 26 January
                            26
                        
                    No events, Thursday, 27 January
                            27
                        
                    No events, Friday, 28 January
                            28
                        
                    No events, Saturday, 29 January
                            29
                        
                    No events, Sunday, 30 January
                            30
                        
            
            
                    No events, Monday, 31 January
                            31
                        
                     
                     
                     
                     
                     
                     
            
        
    


            
            
        

    ' or . = '

            Calendar


        
            
    
    
    
    
        
        
        
    
    
        
                
                    ◄
                
                 | 
                
                    January 2022
                
                 | 
                
                    ►
                
        
        
          
                
                    Monday
                    Mon
                
                
                    Tuesday
                    Tue
                
                
                    Wednesday
                    Wed
                
                
                    Thursday
                    Thu
                
                
                    Friday
                    Fri
                
                
                    Saturday
                    Sat
                
                
                    Sunday
                    Sun
                
            
        
        
            
                     
                     
                     
                     
                     
                    No events, Saturday, 1 January
                            1
                        
                    No events, Sunday, 2 January
                            2
                        
            
            
                    No events, Monday, 3 January
                            3
                        
                    No events, Tuesday, 4 January
                            4
                        
                    No events, Wednesday, 5 January
                            5
                        
                    No events, Thursday, 6 January
                            6
                        
                    No events, Friday, 7 January
                            7
                        
                    No events, Saturday, 8 January
                            8
                        
                    No events, Sunday, 9 January
                            9
                        
            
            
                    No events, Monday, 10 January
                            10
                        
                    No events, Tuesday, 11 January
                            11
                        
                    No events, Wednesday, 12 January
                            12
                        
                    No events, Thursday, 13 January
                            13
                        
                    No events, Friday, 14 January
                            14
                        
                    No events, Saturday, 15 January
                            15
                        
                    No events, Sunday, 16 January


16


                                

            
            
                    No events, Monday, 17 January
                            17
                        
                    No events, Tuesday, 18 January
                            18
                        
                    No events, Wednesday, 19 January
                            19
                        
                    No events, Thursday, 20 January
                            20
                        
                    No events, Friday, 21 January
                            21
                        
                    No events, Saturday, 22 January
                            22
                        
                    1 event, Sunday, 23 January


23


                                        
                                            
                                            
                                                
                                            3 weeks for Tet
                                        
                                

            
            
                    No events, Monday, 24 January
                            24
                        
                    No events, Tuesday, 25 January
                            25
                        
                    No events, Wednesday, 26 January
                            26
                        
                    No events, Thursday, 27 January
                            27
                        
                    No events, Friday, 28 January
                            28
                        
                    No events, Saturday, 29 January
                            29
                        
                    No events, Sunday, 30 January
                            30
                        
            
            
                    No events, Monday, 31 January
                            31
                        
                     
                     
                     
                     
                     
                     
            
        
    


            
            
        

    ')]'. Please recheck the objects properties to make sure the desired element is located. 

2022-01-17 06:49:57 - [MESSAGE][INFO] - Unable to find the element located by 'By.cssSelector: #inst200 > div.card-body.p-3'. Please recheck the objects properties to make sure the desired element is located. 

2022-01-17 06:49:57 - [MESSAGE][FAILED] - Web element with id: 'Object Repository/Page_Dashboard/div_Calendar                               _78b00d' located by '//section[@id='inst200']/div' not found (Root cause: com.kms.katalon.core.exception.StepFailedException: Web element with id: 'Object Repository/Page_Dashboard/div_Calendar                               _78b00d' located by '//section[@id='inst200']/div' not found
	at com.kms.katalon.core.webui.keyword.internal.WebUIKeywordMain.stepFailed(WebUIKeywordMain.groovy:64)
	at com.kms.katalon.core.webui.keyword.builtin.VerifyElementVisibleKeyword$_verifyElementVisible_closure1.doCall(VerifyElementVisibleKeyword.groovy:89)
	at com.kms.katalon.core.webui.keyword.builtin.VerifyElementVisibleKeyword$_verifyElementVisible_closure1.call(VerifyElementVisibleKeyword.groovy)
	at com.kms.katalon.core.webui.keyword.internal.WebUIKeywordMain.runKeyword(WebUIKeywordMain.groovy:20)
	at com.kms.katalon.core.webui.keyword.builtin.VerifyElementVisibleKeyword.verifyElementVisible(VerifyElementVisibleKeyword.groovy:97)
	at com.kms.katalon.core.webui.keyword.builtin.VerifyElementVisibleKeyword.execute(VerifyElementVisibleKeyword.groovy:67)
	at com.kms.katalon.core.keyword.internal.KeywordExecutor.executeKeywordForPlatform(KeywordExecutor.groovy:74)
	at com.kms.katalon.core.webui.keyword.WebUiBuiltInKeywords.verifyElementVisible(WebUiBuiltInKeywords.groovy:376)
	at com.kms.katalon.core.webui.keyword.WebUiBuiltInKeywords$verifyElementVisible$9.call(Unknown Source)
	at test case 31.run(test case 31:32)
	at com.kms.katalon.core.main.ScriptEngine.run(ScriptEngine.java:194)
	at com.kms.katalon.core.main.ScriptEngine.runScriptAsRawText(ScriptEngine.java:119)
	at com.kms.katalon.core.main.TestCaseExecutor.runScript(TestCaseExecutor.java:442)
	at com.kms.katalon.core.main.TestCaseExecutor.doExecute(TestCaseExecutor.java:433)
	at com.kms.katalon.core.main.TestCaseExecutor.processExecutionPhase(TestCaseExecutor.java:412)
	at com.kms.katalon.core.main.TestCaseExecutor.accessMainPhase(TestCaseExecutor.java:404)
	at com.kms.katalon.core.main.TestCaseExecutor.execute(TestCaseExecutor.java:281)
	at com.kms.katalon.core.main.TestSuiteExecutor.accessTestCaseMainPhase(TestSuiteExecutor.java:202)
	at com.kms.katalon.core.main.TestSuiteExecutor.accessTestSuiteMainPhase(TestSuiteExecutor.java:164)
	at com.kms.katalon.core.main.TestSuiteExecutor.execute(TestSuiteExecutor.java:105)
	at com.kms.katalon.core.main.TestCaseMain.startTestSuite(TestCaseMain.java:181)
	at com.kms.katalon.core.main.TestCaseMain$startTestSuite$0.call(Unknown Source)
	at TempTestSuite1642373806466.run(TempTestSuite1642373806466.groovy:36)
)
[[ATTACHMENT|D:\\Test-Automation-SE-Bonus\\Test-Automation-SE-Bonus\\Reports\\20220117_055646\\Run all test cases\\20220117_055646\\1642376997169.png]]

2022-01-17 06:49:57 - [MESSAGE][FAILED] - Unable to verify object 'Object Repository/Page_Dashboard/div_Calendar                               _78b00d' is visible (Root cause: com.kms.katalon.core.exception.StepFailedException: Unable to verify object 'Object Repository/Page_Dashboard/div_Calendar                               _78b00d' is visible
	at com.kms.katalon.core.webui.keyword.internal.WebUIKeywordMain.stepFailed(WebUIKeywordMain.groovy:64)
	at com.kms.katalon.core.webui.keyword.internal.WebUIKeywordMain.runKeyword(WebUIKeywordMain.groovy:26)
	at com.kms.katalon.core.webui.keyword.builtin.VerifyElementVisibleKeyword.verifyElementVisible(VerifyElementVisibleKeyword.groovy:97)
	at com.kms.katalon.core.webui.keyword.builtin.VerifyElementVisibleKeyword.execute(VerifyElementVisibleKeyword.groovy:67)
	at com.kms.katalon.core.keyword.internal.KeywordExecutor.executeKeywordForPlatform(KeywordExecutor.groovy:74)
	at com.kms.katalon.core.webui.keyword.WebUiBuiltInKeywords.verifyElementVisible(WebUiBuiltInKeywords.groovy:376)
	at com.kms.katalon.core.webui.keyword.WebUiBuiltInKeywords$verifyElementVisible$9.call(Unknown Source)
	at test case 31.run(test case 31:32)
	at com.kms.katalon.core.main.ScriptEngine.run(ScriptEngine.java:194)
	at com.kms.katalon.core.main.ScriptEngine.runScriptAsRawText(ScriptEngine.java:119)
	at com.kms.katalon.core.main.TestCaseExecutor.runScript(TestCaseExecutor.java:442)
	at com.kms.katalon.core.main.TestCaseExecutor.doExecute(TestCaseExecutor.java:433)
	at com.kms.katalon.core.main.TestCaseExecutor.processExecutionPhase(TestCaseExecutor.java:412)
	at com.kms.katalon.core.main.TestCaseExecutor.accessMainPhase(TestCaseExecutor.java:404)
	at com.kms.katalon.core.main.TestCaseExecutor.execute(TestCaseExecutor.java:281)
	at com.kms.katalon.core.main.TestSuiteExecutor.accessTestCaseMainPhase(TestSuiteExecutor.java:202)
	at com.kms.katalon.core.main.TestSuiteExecutor.accessTestSuiteMainPhase(TestSuiteExecutor.java:164)
	at com.kms.katalon.core.main.TestSuiteExecutor.execute(TestSuiteExecutor.java:105)
	at com.kms.katalon.core.main.TestCaseMain.startTestSuite(TestCaseMain.java:181)
	at com.kms.katalon.core.main.TestCaseMain$startTestSuite$0.call(Unknown Source)
	at TempTestSuite1642373806466.run(TempTestSuite1642373806466.groovy:36)
Caused by: com.kms.katalon.core.exception.StepFailedException: Web element with id: 'Object Repository/Page_Dashboard/div_Calendar                               _78b00d' located by '//section[@id='inst200']/div' not found
	at com.kms.katalon.core.webui.keyword.internal.WebUIKeywordMain.stepFailed(WebUIKeywordMain.groovy:64)
	at com.kms.katalon.core.webui.keyword.builtin.VerifyElementVisibleKeyword$_verifyElementVisible_closure1.doCall(VerifyElementVisibleKeyword.groovy:89)
	at com.kms.katalon.core.webui.keyword.builtin.VerifyElementVisibleKeyword$_verifyElementVisible_closure1.call(VerifyElementVisibleKeyword.groovy)
	at com.kms.katalon.core.webui.keyword.internal.WebUIKeywordMain.runKeyword(WebUIKeywordMain.groovy:20)
	... 19 more
)
[[ATTACHMENT|D:\\Test-Automation-SE-Bonus\\Test-Automation-SE-Bonus\\Reports\\20220117_055646\\Run all test cases\\20220117_055646\\1642376997313.png]]]]></system-out>
         <system-err><![CDATA[2022-01-17 06:49:13 - [TEST_CASE][FAILED] - Test Cases/test case 31: Test Cases/test case 31 FAILED.
Reason:
com.kms.katalon.core.exception.StepFailedException: Unable to verify object 'Object Repository/Page_Dashboard/div_Calendar                               _78b00d' is visible
	at com.kms.katalon.core.webui.keyword.internal.WebUIKeywordMain.stepFailed(WebUIKeywordMain.groovy:64)
	at com.kms.katalon.core.webui.keyword.internal.WebUIKeywordMain.runKeyword(WebUIKeywordMain.groovy:26)
	at com.kms.katalon.core.webui.keyword.builtin.VerifyElementVisibleKeyword.verifyElementVisible(VerifyElementVisibleKeyword.groovy:97)
	at com.kms.katalon.core.webui.keyword.builtin.VerifyElementVisibleKeyword.execute(VerifyElementVisibleKeyword.groovy:67)
	at com.kms.katalon.core.keyword.internal.KeywordExecutor.executeKeywordForPlatform(KeywordExecutor.groovy:74)
	at com.kms.katalon.core.webui.keyword.WebUiBuiltInKeywords.verifyElementVisible(WebUiBuiltInKeywords.groovy:376)
	at com.kms.katalon.core.webui.keyword.WebUiBuiltInKeywords$verifyElementVisible$9.call(Unknown Source)
	at test case 31.run(test case 31:32)
	at com.kms.katalon.core.main.ScriptEngine.run(ScriptEngine.java:194)
	at com.kms.katalon.core.main.ScriptEngine.runScriptAsRawText(ScriptEngine.java:119)
	at com.kms.katalon.core.main.TestCaseExecutor.runScript(TestCaseExecutor.java:442)
	at com.kms.katalon.core.main.TestCaseExecutor.doExecute(TestCaseExecutor.java:433)
	at com.kms.katalon.core.main.TestCaseExecutor.processExecutionPhase(TestCaseExecutor.java:412)
	at com.kms.katalon.core.main.TestCaseExecutor.accessMainPhase(TestCaseExecutor.java:404)
	at com.kms.katalon.core.main.TestCaseExecutor.execute(TestCaseExecutor.java:281)
	at com.kms.katalon.core.main.TestSuiteExecutor.accessTestCaseMainPhase(TestSuiteExecutor.java:202)
	at com.kms.katalon.core.main.TestSuiteExecutor.accessTestSuiteMainPhase(TestSuiteExecutor.java:164)
	at com.kms.katalon.core.main.TestSuiteExecutor.execute(TestSuiteExecutor.java:105)
	at com.kms.katalon.core.main.TestCaseMain.startTestSuite(TestCaseMain.java:181)
	at com.kms.katalon.core.main.TestCaseMain$startTestSuite$0.call(Unknown Source)
	at TempTestSuite1642373806466.run(TempTestSuite1642373806466.groovy:36)
Caused by: com.kms.katalon.core.exception.StepFailedException: Web element with id: 'Object Repository/Page_Dashboard/div_Calendar                               _78b00d' located by '//section[@id='inst200']/div' not found
	at com.kms.katalon.core.webui.keyword.internal.WebUIKeywordMain.stepFailed(WebUIKeywordMain.groovy:64)
	at com.kms.katalon.core.webui.keyword.builtin.VerifyElementVisibleKeyword$_verifyElementVisible_closure1.doCall(VerifyElementVisibleKeyword.groovy:89)
	at com.kms.katalon.core.webui.keyword.builtin.VerifyElementVisibleKeyword$_verifyElementVisible_closure1.call(VerifyElementVisibleKeyword.groovy)
	at com.kms.katalon.core.webui.keyword.internal.WebUIKeywordMain.runKeyword(WebUIKeywordMain.groovy:20)
	... 19 more]]></system-err>
      </testcase>
      <testcase name="Test Cases/test case 32" time="43.769" classname="Test Cases/test case 32" status="FAILED">
         <failure type="FAILED" message="Test Cases/test case 32 FAILED.
Reason:
com.kms.katalon.core.exception.StepFailedException: Unable to verify object 'Object Repository/Page_Dashboard/div_Calendar                               _78b00d' is visible
	at com.kms.katalon.core.webui.keyword.internal.WebUIKeywordMain.stepFailed(WebUIKeywordMain.groovy:64)
	at com.kms.katalon.core.webui.keyword.internal.WebUIKeywordMain.runKeyword(WebUIKeywordMain.groovy:26)
	at com.kms.katalon.core.webui.keyword.builtin.VerifyElementVisibleKeyword.verifyElementVisible(VerifyElementVisibleKeyword.groovy:97)
	at com.kms.katalon.core.webui.keyword.builtin.VerifyElementVisibleKeyword.execute(VerifyElementVisibleKeyword.groovy:67)
	at com.kms.katalon.core.keyword.internal.KeywordExecutor.executeKeywordForPlatform(KeywordExecutor.groovy:74)
	at com.kms.katalon.core.webui.keyword.WebUiBuiltInKeywords.verifyElementVisible(WebUiBuiltInKeywords.groovy:376)
	at com.kms.katalon.core.webui.keyword.WebUiBuiltInKeywords$verifyElementVisible$9.call(Unknown Source)
	at test case 32.run(test case 32:32)
	at com.kms.katalon.core.main.ScriptEngine.run(ScriptEngine.java:194)
	at com.kms.katalon.core.main.ScriptEngine.runScriptAsRawText(ScriptEngine.java:119)
	at com.kms.katalon.core.main.TestCaseExecutor.runScript(TestCaseExecutor.java:442)
	at com.kms.katalon.core.main.TestCaseExecutor.doExecute(TestCaseExecutor.java:433)
	at com.kms.katalon.core.main.TestCaseExecutor.processExecutionPhase(TestCaseExecutor.java:412)
	at com.kms.katalon.core.main.TestCaseExecutor.accessMainPhase(TestCaseExecutor.java:404)
	at com.kms.katalon.core.main.TestCaseExecutor.execute(TestCaseExecutor.java:281)
	at com.kms.katalon.core.main.TestSuiteExecutor.accessTestCaseMainPhase(TestSuiteExecutor.java:202)
	at com.kms.katalon.core.main.TestSuiteExecutor.accessTestSuiteMainPhase(TestSuiteExecutor.java:164)
	at com.kms.katalon.core.main.TestSuiteExecutor.execute(TestSuiteExecutor.java:105)
	at com.kms.katalon.core.main.TestCaseMain.startTestSuite(TestCaseMain.java:181)
	at com.kms.katalon.core.main.TestCaseMain$startTestSuite$0.call(Unknown Source)
	at TempTestSuite1642373806466.run(TempTestSuite1642373806466.groovy:36)
Caused by: com.kms.katalon.core.exception.StepFailedException: Web element with id: 'Object Repository/Page_Dashboard/div_Calendar                               _78b00d' located by '//section[@id='inst200']/div' not found
	at com.kms.katalon.core.webui.keyword.internal.WebUIKeywordMain.stepFailed(WebUIKeywordMain.groovy:64)
	at com.kms.katalon.core.webui.keyword.builtin.VerifyElementVisibleKeyword$_verifyElementVisible_closure1.doCall(VerifyElementVisibleKeyword.groovy:89)
	at com.kms.katalon.core.webui.keyword.builtin.VerifyElementVisibleKeyword$_verifyElementVisible_closure1.call(VerifyElementVisibleKeyword.groovy)
	at com.kms.katalon.core.webui.keyword.internal.WebUIKeywordMain.runKeyword(WebUIKeywordMain.groovy:20)
	... 19 more
"/>
         <system-out><![CDATA[2022-01-17 06:49:57 - [TEST_CASE][FAILED] - Test Cases/test case 32: Test Cases/test case 32 FAILED.
Reason:
com.kms.katalon.core.exception.StepFailedException: Unable to verify object 'Object Repository/Page_Dashboard/div_Calendar                               _78b00d' is visible
	at com.kms.katalon.core.webui.keyword.internal.WebUIKeywordMain.stepFailed(WebUIKeywordMain.groovy:64)
	at com.kms.katalon.core.webui.keyword.internal.WebUIKeywordMain.runKeyword(WebUIKeywordMain.groovy:26)
	at com.kms.katalon.core.webui.keyword.builtin.VerifyElementVisibleKeyword.verifyElementVisible(VerifyElementVisibleKeyword.groovy:97)
	at com.kms.katalon.core.webui.keyword.builtin.VerifyElementVisibleKeyword.execute(VerifyElementVisibleKeyword.groovy:67)
	at com.kms.katalon.core.keyword.internal.KeywordExecutor.executeKeywordForPlatform(KeywordExecutor.groovy:74)
	at com.kms.katalon.core.webui.keyword.WebUiBuiltInKeywords.verifyElementVisible(WebUiBuiltInKeywords.groovy:376)
	at com.kms.katalon.core.webui.keyword.WebUiBuiltInKeywords$verifyElementVisible$9.call(Unknown Source)
	at test case 32.run(test case 32:32)
	at com.kms.katalon.core.main.ScriptEngine.run(ScriptEngine.java:194)
	at com.kms.katalon.core.main.ScriptEngine.runScriptAsRawText(ScriptEngine.java:119)
	at com.kms.katalon.core.main.TestCaseExecutor.runScript(TestCaseExecutor.java:442)
	at com.kms.katalon.core.main.TestCaseExecutor.doExecute(TestCaseExecutor.java:433)
	at com.kms.katalon.core.main.TestCaseExecutor.processExecutionPhase(TestCaseExecutor.java:412)
	at com.kms.katalon.core.main.TestCaseExecutor.accessMainPhase(TestCaseExecutor.java:404)
	at com.kms.katalon.core.main.TestCaseExecutor.execute(TestCaseExecutor.java:281)
	at com.kms.katalon.core.main.TestSuiteExecutor.accessTestCaseMainPhase(TestSuiteExecutor.java:202)
	at com.kms.katalon.core.main.TestSuiteExecutor.accessTestSuiteMainPhase(TestSuiteExecutor.java:164)
	at com.kms.katalon.core.main.TestSuiteExecutor.execute(TestSuiteExecutor.java:105)
	at com.kms.katalon.core.main.TestCaseMain.startTestSuite(TestCaseMain.java:181)
	at com.kms.katalon.core.main.TestCaseMain$startTestSuite$0.call(Unknown Source)
	at TempTestSuite1642373806466.run(TempTestSuite1642373806466.groovy:36)
Caused by: com.kms.katalon.core.exception.StepFailedException: Web element with id: 'Object Repository/Page_Dashboard/div_Calendar                               _78b00d' located by '//section[@id='inst200']/div' not found
	at com.kms.katalon.core.webui.keyword.internal.WebUIKeywordMain.stepFailed(WebUIKeywordMain.groovy:64)
	at com.kms.katalon.core.webui.keyword.builtin.VerifyElementVisibleKeyword$_verifyElementVisible_closure1.doCall(VerifyElementVisibleKeyword.groovy:89)
	at com.kms.katalon.core.webui.keyword.builtin.VerifyElementVisibleKeyword$_verifyElementVisible_closure1.call(VerifyElementVisibleKeyword.groovy)
	at com.kms.katalon.core.webui.keyword.internal.WebUIKeywordMain.runKeyword(WebUIKeywordMain.groovy:20)
	... 19 more


2022-01-17 06:49:57 - [TEST_STEP][PASSED] - openBrowser(""): Browser is opened with url: ''

2022-01-17 06:49:57 - [MESSAGE][WARNING] - A browser is already opened. Closing browser and opening a new one

2022-01-17 06:49:58 - [MESSAGE][INFO] - Starting 'Chrome' driver

2022-01-17 06:49:58 - [MESSAGE][INFO] - Action delay is set to 0 milliseconds

2022-01-17 06:49:59 - [MESSAGE][PASSED] - Browser is opened with url: ''

2022-01-17 06:49:59 - [TEST_STEP][PASSED] - navigateToUrl("http://localhost/"): Navigate to 'http://localhost/' successfully

2022-01-17 06:50:00 - [MESSAGE][PASSED] - Navigate to 'http://localhost/' successfully

2022-01-17 06:50:00 - [TEST_STEP][PASSED] - click(findTestObject("Object Repository/Page_Moodle/a_Log in")): Object: 'Object Repository/Page_Moodle/a_Log in' is clicked on

2022-01-17 06:50:01 - [MESSAGE][PASSED] - Object: 'Object Repository/Page_Moodle/a_Log in' is clicked on

2022-01-17 06:50:01 - [TEST_STEP][PASSED] - setText(findTestObject("Object Repository/Page_Moodle Log in to the site/input_Username_username"), "nmthu"): Text 'nmthu' is set on object 'Object Repository/Page_Moodle Log in to the site/input_Username_username'

2022-01-17 06:50:02 - [MESSAGE][PASSED] - Text 'nmthu' is set on object 'Object Repository/Page_Moodle Log in to the site/input_Username_username'

2022-01-17 06:50:02 - [TEST_STEP][PASSED] - setEncryptedText(findTestObject("Object Repository/Page_Moodle Log in to the site/input_Password_password"), "zm/yZ1suVYniggK+4Jo9ew=="): Text ****** has been set on object 'Object Repository/Page_Moodle Log in to the site/input_Password_password'

2022-01-17 06:50:02 - [MESSAGE][PASSED] - Text ****** has been set on object 'Object Repository/Page_Moodle Log in to the site/input_Password_password'

2022-01-17 06:50:02 - [TEST_STEP][PASSED] - click(findTestObject("Object Repository/Page_Moodle Log in to the site/button_Log in")): Object: 'Object Repository/Page_Moodle Log in to the site/button_Log in' is clicked on

2022-01-17 06:50:03 - [MESSAGE][PASSED] - Object: 'Object Repository/Page_Moodle Log in to the site/button_Log in' is clicked on

2022-01-17 06:50:03 - [TEST_STEP][FAILED] - verifyElementVisible(findTestObject("Object Repository/Page_Dashboard/div_Calendar                               _78b00d")): Unable to verify object 'Object Repository/Page_Dashboard/div_Calendar                               _78b00d' is visible (Root cause: com.kms.katalon.core.exception.StepFailedException: Unable to verify object 'Object Repository/Page_Dashboard/div_Calendar                               _78b00d' is visible
	at com.kms.katalon.core.webui.keyword.internal.WebUIKeywordMain.stepFailed(WebUIKeywordMain.groovy:64)
	at com.kms.katalon.core.webui.keyword.internal.WebUIKeywordMain.runKeyword(WebUIKeywordMain.groovy:26)
	at com.kms.katalon.core.webui.keyword.builtin.VerifyElementVisibleKeyword.verifyElementVisible(VerifyElementVisibleKeyword.groovy:97)
	at com.kms.katalon.core.webui.keyword.builtin.VerifyElementVisibleKeyword.execute(VerifyElementVisibleKeyword.groovy:67)
	at com.kms.katalon.core.keyword.internal.KeywordExecutor.executeKeywordForPlatform(KeywordExecutor.groovy:74)
	at com.kms.katalon.core.webui.keyword.WebUiBuiltInKeywords.verifyElementVisible(WebUiBuiltInKeywords.groovy:376)
	at com.kms.katalon.core.webui.keyword.WebUiBuiltInKeywords$verifyElementVisible$9.call(Unknown Source)
	at test case 32.run(test case 32:32)
	at com.kms.katalon.core.main.ScriptEngine.run(ScriptEngine.java:194)
	at com.kms.katalon.core.main.ScriptEngine.runScriptAsRawText(ScriptEngine.java:119)
	at com.kms.katalon.core.main.TestCaseExecutor.runScript(TestCaseExecutor.java:442)
	at com.kms.katalon.core.main.TestCaseExecutor.doExecute(TestCaseExecutor.java:433)
	at com.kms.katalon.core.main.TestCaseExecutor.processExecutionPhase(TestCaseExecutor.java:412)
	at com.kms.katalon.core.main.TestCaseExecutor.accessMainPhase(TestCaseExecutor.java:404)
	at com.kms.katalon.core.main.TestCaseExecutor.execute(TestCaseExecutor.java:281)
	at com.kms.katalon.core.main.TestSuiteExecutor.accessTestCaseMainPhase(TestSuiteExecutor.java:202)
	at com.kms.katalon.core.main.TestSuiteExecutor.accessTestSuiteMainPhase(TestSuiteExecutor.java:164)
	at com.kms.katalon.core.main.TestSuiteExecutor.execute(TestSuiteExecutor.java:105)
	at com.kms.katalon.core.main.TestCaseMain.startTestSuite(TestCaseMain.java:181)
	at com.kms.katalon.core.main.TestCaseMain$startTestSuite$0.call(Unknown Source)
	at TempTestSuite1642373806466.run(TempTestSuite1642373806466.groovy:36)
Caused by: com.kms.katalon.core.exception.StepFailedException: Web element with id: 'Object Repository/Page_Dashboard/div_Calendar                               _78b00d' located by '//section[@id='inst200']/div' not found
	at com.kms.katalon.core.webui.keyword.internal.WebUIKeywordMain.stepFailed(WebUIKeywordMain.groovy:64)
	at com.kms.katalon.core.webui.keyword.builtin.VerifyElementVisibleKeyword$_verifyElementVisible_closure1.doCall(VerifyElementVisibleKeyword.groovy:89)
	at com.kms.katalon.core.webui.keyword.builtin.VerifyElementVisibleKeyword$_verifyElementVisible_closure1.call(VerifyElementVisibleKeyword.groovy)
	at com.kms.katalon.core.webui.keyword.internal.WebUIKeywordMain.runKeyword(WebUIKeywordMain.groovy:20)
	... 19 more
)

2022-01-17 06:50:34 - [MESSAGE][INFO] - Unable to find the element located by 'By.xpath: //section[@id='inst200']/div'. Please recheck the objects properties to make sure the desired element is located. 

2022-01-17 06:50:34 - [MESSAGE][WARNING] - [SELF-HEALING] Failed to find element with id 'Object Repository/Page_Dashboard/div_Calendar                               _78b00d'. Try using Self-healing.

2022-01-17 06:50:35 - [MESSAGE][INFO] - Unable to find the element located by 'By.xpath: (.//*[normalize-space(text()) and normalize-space(.)='You have no badges to display'])[1]/following::div[1]'. Please recheck the objects properties to make sure the desired element is located. 

2022-01-17 06:50:36 - [MESSAGE][INFO] - Unable to find the element located by 'By.xpath: (.//*[normalize-space(text()) and normalize-space(.)='Skip Calendar'])[1]/following::div[1]'. Please recheck the objects properties to make sure the desired element is located. 

2022-01-17 06:50:36 - [MESSAGE][INFO] - [SELF-HEALING] Failed Locator: '//section[@id='inst200']/div'.

2022-01-17 06:50:36 - [MESSAGE][INFO] - [SELF-HEALING] Failed Locator: '(.//*[normalize-space(text()) and normalize-space(.)='Skip Calendar'])[1]/following::div[1]'.

2022-01-17 06:50:37 - [MESSAGE][INFO] - [SELF-HEALING] Failed Locator: '(.//*[normalize-space(text()) and normalize-space(.)='You have no badges to display'])[1]/following::div[1]'.

2022-01-17 06:50:37 - [MESSAGE][INFO] - [SELF-HEALING] Failed Locator: '//section[5]/div'.

2022-01-17 06:50:37 - [MESSAGE][INFO] - [SELF-HEALING] Failed Locator: '//section[@id='inst190']/div'.

2022-01-17 06:50:38 - [MESSAGE][INFO] - [SELF-HEALING] Failed Locator: '//section[6]/div'.

2022-01-17 06:50:38 - [MESSAGE][INFO] - [SELF-HEALING] Failed Locator: '//section[@id='inst171']/div'.

2022-01-17 06:50:38 - [MESSAGE][INFO] - [SELF-HEALING] Failed Locator: '//section[@id='inst46']/div'.

2022-01-17 06:50:38 - [MESSAGE][INFO] - [SELF-HEALING] Failed Locator: '//section[@id='inst37']/div'.

2022-01-17 06:50:39 - [MESSAGE][INFO] - Unable to find the element located by 'By.xpath: //*[(text() = '

            Calendar


        
            
    
    
    
    
        
        
        
    
    
        
                
                    ◄
                
                 | 
                
                    January 2022
                
                 | 
                
                    ►
                
        
        
          
                
                    Monday
                    Mon
                
                
                    Tuesday
                    Tue
                
                
                    Wednesday
                    Wed
                
                
                    Thursday
                    Thu
                
                
                    Friday
                    Fri
                
                
                    Saturday
                    Sat
                
                
                    Sunday
                    Sun
                
            
        
        
            
                     
                     
                     
                     
                     
                    No events, Saturday, 1 January
                            1
                        
                    No events, Sunday, 2 January
                            2
                        
            
            
                    No events, Monday, 3 January
                            3
                        
                    No events, Tuesday, 4 January
                            4
                        
                    No events, Wednesday, 5 January
                            5
                        
                    No events, Thursday, 6 January
                            6
                        
                    No events, Friday, 7 January
                            7
                        
                    No events, Saturday, 8 January
                            8
                        
                    No events, Sunday, 9 January
                            9
                        
            
            
                    No events, Monday, 10 January
                            10
                        
                    No events, Tuesday, 11 January
                            11
                        
                    No events, Wednesday, 12 January
                            12
                        
                    No events, Thursday, 13 January
                            13
                        
                    No events, Friday, 14 January
                            14
                        
                    No events, Saturday, 15 January
                            15
                        
                    No events, Sunday, 16 January


16


                                

            
            
                    No events, Monday, 17 January
                            17
                        
                    No events, Tuesday, 18 January
                            18
                        
                    No events, Wednesday, 19 January
                            19
                        
                    No events, Thursday, 20 January
                            20
                        
                    No events, Friday, 21 January
                            21
                        
                    No events, Saturday, 22 January
                            22
                        
                    1 event, Sunday, 23 January


23


                                        
                                            
                                            
                                                
                                            3 weeks for Tet
                                        
                                

            
            
                    No events, Monday, 24 January
                            24
                        
                    No events, Tuesday, 25 January
                            25
                        
                    No events, Wednesday, 26 January
                            26
                        
                    No events, Thursday, 27 January
                            27
                        
                    No events, Friday, 28 January
                            28
                        
                    No events, Saturday, 29 January
                            29
                        
                    No events, Sunday, 30 January
                            30
                        
            
            
                    No events, Monday, 31 January
                            31
                        
                     
                     
                     
                     
                     
                     
            
        
    


            
            
        

    ' or . = '

            Calendar


        
            
    
    
    
    
        
        
        
    
    
        
                
                    ◄
                
                 | 
                
                    January 2022
                
                 | 
                
                    ►
                
        
        
          
                
                    Monday
                    Mon
                
                
                    Tuesday
                    Tue
                
                
                    Wednesday
                    Wed
                
                
                    Thursday
                    Thu
                
                
                    Friday
                    Fri
                
                
                    Saturday
                    Sat
                
                
                    Sunday
                    Sun
                
            
        
        
            
                     
                     
                     
                     
                     
                    No events, Saturday, 1 January
                            1
                        
                    No events, Sunday, 2 January
                            2
                        
            
            
                    No events, Monday, 3 January
                            3
                        
                    No events, Tuesday, 4 January
                            4
                        
                    No events, Wednesday, 5 January
                            5
                        
                    No events, Thursday, 6 January
                            6
                        
                    No events, Friday, 7 January
                            7
                        
                    No events, Saturday, 8 January
                            8
                        
                    No events, Sunday, 9 January
                            9
                        
            
            
                    No events, Monday, 10 January
                            10
                        
                    No events, Tuesday, 11 January
                            11
                        
                    No events, Wednesday, 12 January
                            12
                        
                    No events, Thursday, 13 January
                            13
                        
                    No events, Friday, 14 January
                            14
                        
                    No events, Saturday, 15 January
                            15
                        
                    No events, Sunday, 16 January


16


                                

            
            
                    No events, Monday, 17 January
                            17
                        
                    No events, Tuesday, 18 January
                            18
                        
                    No events, Wednesday, 19 January
                            19
                        
                    No events, Thursday, 20 January
                            20
                        
                    No events, Friday, 21 January
                            21
                        
                    No events, Saturday, 22 January
                            22
                        
                    1 event, Sunday, 23 January


23


                                        
                                            
                                            
                                                
                                            3 weeks for Tet
                                        
                                

            
            
                    No events, Monday, 24 January
                            24
                        
                    No events, Tuesday, 25 January
                            25
                        
                    No events, Wednesday, 26 January
                            26
                        
                    No events, Thursday, 27 January
                            27
                        
                    No events, Friday, 28 January
                            28
                        
                    No events, Saturday, 29 January
                            29
                        
                    No events, Sunday, 30 January
                            30
                        
            
            
                    No events, Monday, 31 January
                            31
                        
                     
                     
                     
                     
                     
                     
            
        
    


            
            
        

    ')]'. Please recheck the objects properties to make sure the desired element is located. 

2022-01-17 06:50:40 - [MESSAGE][INFO] - Unable to find the element located by 'By.cssSelector: #inst200 > div.card-body.p-3'. Please recheck the objects properties to make sure the desired element is located. 

2022-01-17 06:50:41 - [MESSAGE][FAILED] - Web element with id: 'Object Repository/Page_Dashboard/div_Calendar                               _78b00d' located by '//section[@id='inst200']/div' not found (Root cause: com.kms.katalon.core.exception.StepFailedException: Web element with id: 'Object Repository/Page_Dashboard/div_Calendar                               _78b00d' located by '//section[@id='inst200']/div' not found
	at com.kms.katalon.core.webui.keyword.internal.WebUIKeywordMain.stepFailed(WebUIKeywordMain.groovy:64)
	at com.kms.katalon.core.webui.keyword.builtin.VerifyElementVisibleKeyword$_verifyElementVisible_closure1.doCall(VerifyElementVisibleKeyword.groovy:89)
	at com.kms.katalon.core.webui.keyword.builtin.VerifyElementVisibleKeyword$_verifyElementVisible_closure1.call(VerifyElementVisibleKeyword.groovy)
	at com.kms.katalon.core.webui.keyword.internal.WebUIKeywordMain.runKeyword(WebUIKeywordMain.groovy:20)
	at com.kms.katalon.core.webui.keyword.builtin.VerifyElementVisibleKeyword.verifyElementVisible(VerifyElementVisibleKeyword.groovy:97)
	at com.kms.katalon.core.webui.keyword.builtin.VerifyElementVisibleKeyword.execute(VerifyElementVisibleKeyword.groovy:67)
	at com.kms.katalon.core.keyword.internal.KeywordExecutor.executeKeywordForPlatform(KeywordExecutor.groovy:74)
	at com.kms.katalon.core.webui.keyword.WebUiBuiltInKeywords.verifyElementVisible(WebUiBuiltInKeywords.groovy:376)
	at com.kms.katalon.core.webui.keyword.WebUiBuiltInKeywords$verifyElementVisible$9.call(Unknown Source)
	at test case 32.run(test case 32:32)
	at com.kms.katalon.core.main.ScriptEngine.run(ScriptEngine.java:194)
	at com.kms.katalon.core.main.ScriptEngine.runScriptAsRawText(ScriptEngine.java:119)
	at com.kms.katalon.core.main.TestCaseExecutor.runScript(TestCaseExecutor.java:442)
	at com.kms.katalon.core.main.TestCaseExecutor.doExecute(TestCaseExecutor.java:433)
	at com.kms.katalon.core.main.TestCaseExecutor.processExecutionPhase(TestCaseExecutor.java:412)
	at com.kms.katalon.core.main.TestCaseExecutor.accessMainPhase(TestCaseExecutor.java:404)
	at com.kms.katalon.core.main.TestCaseExecutor.execute(TestCaseExecutor.java:281)
	at com.kms.katalon.core.main.TestSuiteExecutor.accessTestCaseMainPhase(TestSuiteExecutor.java:202)
	at com.kms.katalon.core.main.TestSuiteExecutor.accessTestSuiteMainPhase(TestSuiteExecutor.java:164)
	at com.kms.katalon.core.main.TestSuiteExecutor.execute(TestSuiteExecutor.java:105)
	at com.kms.katalon.core.main.TestCaseMain.startTestSuite(TestCaseMain.java:181)
	at com.kms.katalon.core.main.TestCaseMain$startTestSuite$0.call(Unknown Source)
	at TempTestSuite1642373806466.run(TempTestSuite1642373806466.groovy:36)
)
[[ATTACHMENT|D:\\Test-Automation-SE-Bonus\\Test-Automation-SE-Bonus\\Reports\\20220117_055646\\Run all test cases\\20220117_055646\\1642377040996.png]]

2022-01-17 06:50:41 - [MESSAGE][FAILED] - Unable to verify object 'Object Repository/Page_Dashboard/div_Calendar                               _78b00d' is visible (Root cause: com.kms.katalon.core.exception.StepFailedException: Unable to verify object 'Object Repository/Page_Dashboard/div_Calendar                               _78b00d' is visible
	at com.kms.katalon.core.webui.keyword.internal.WebUIKeywordMain.stepFailed(WebUIKeywordMain.groovy:64)
	at com.kms.katalon.core.webui.keyword.internal.WebUIKeywordMain.runKeyword(WebUIKeywordMain.groovy:26)
	at com.kms.katalon.core.webui.keyword.builtin.VerifyElementVisibleKeyword.verifyElementVisible(VerifyElementVisibleKeyword.groovy:97)
	at com.kms.katalon.core.webui.keyword.builtin.VerifyElementVisibleKeyword.execute(VerifyElementVisibleKeyword.groovy:67)
	at com.kms.katalon.core.keyword.internal.KeywordExecutor.executeKeywordForPlatform(KeywordExecutor.groovy:74)
	at com.kms.katalon.core.webui.keyword.WebUiBuiltInKeywords.verifyElementVisible(WebUiBuiltInKeywords.groovy:376)
	at com.kms.katalon.core.webui.keyword.WebUiBuiltInKeywords$verifyElementVisible$9.call(Unknown Source)
	at test case 32.run(test case 32:32)
	at com.kms.katalon.core.main.ScriptEngine.run(ScriptEngine.java:194)
	at com.kms.katalon.core.main.ScriptEngine.runScriptAsRawText(ScriptEngine.java:119)
	at com.kms.katalon.core.main.TestCaseExecutor.runScript(TestCaseExecutor.java:442)
	at com.kms.katalon.core.main.TestCaseExecutor.doExecute(TestCaseExecutor.java:433)
	at com.kms.katalon.core.main.TestCaseExecutor.processExecutionPhase(TestCaseExecutor.java:412)
	at com.kms.katalon.core.main.TestCaseExecutor.accessMainPhase(TestCaseExecutor.java:404)
	at com.kms.katalon.core.main.TestCaseExecutor.execute(TestCaseExecutor.java:281)
	at com.kms.katalon.core.main.TestSuiteExecutor.accessTestCaseMainPhase(TestSuiteExecutor.java:202)
	at com.kms.katalon.core.main.TestSuiteExecutor.accessTestSuiteMainPhase(TestSuiteExecutor.java:164)
	at com.kms.katalon.core.main.TestSuiteExecutor.execute(TestSuiteExecutor.java:105)
	at com.kms.katalon.core.main.TestCaseMain.startTestSuite(TestCaseMain.java:181)
	at com.kms.katalon.core.main.TestCaseMain$startTestSuite$0.call(Unknown Source)
	at TempTestSuite1642373806466.run(TempTestSuite1642373806466.groovy:36)
Caused by: com.kms.katalon.core.exception.StepFailedException: Web element with id: 'Object Repository/Page_Dashboard/div_Calendar                               _78b00d' located by '//section[@id='inst200']/div' not found
	at com.kms.katalon.core.webui.keyword.internal.WebUIKeywordMain.stepFailed(WebUIKeywordMain.groovy:64)
	at com.kms.katalon.core.webui.keyword.builtin.VerifyElementVisibleKeyword$_verifyElementVisible_closure1.doCall(VerifyElementVisibleKeyword.groovy:89)
	at com.kms.katalon.core.webui.keyword.builtin.VerifyElementVisibleKeyword$_verifyElementVisible_closure1.call(VerifyElementVisibleKeyword.groovy)
	at com.kms.katalon.core.webui.keyword.internal.WebUIKeywordMain.runKeyword(WebUIKeywordMain.groovy:20)
	... 19 more
)
[[ATTACHMENT|D:\\Test-Automation-SE-Bonus\\Test-Automation-SE-Bonus\\Reports\\20220117_055646\\Run all test cases\\20220117_055646\\1642377041102.png]]]]></system-out>
         <system-err><![CDATA[2022-01-17 06:49:57 - [TEST_CASE][FAILED] - Test Cases/test case 32: Test Cases/test case 32 FAILED.
Reason:
com.kms.katalon.core.exception.StepFailedException: Unable to verify object 'Object Repository/Page_Dashboard/div_Calendar                               _78b00d' is visible
	at com.kms.katalon.core.webui.keyword.internal.WebUIKeywordMain.stepFailed(WebUIKeywordMain.groovy:64)
	at com.kms.katalon.core.webui.keyword.internal.WebUIKeywordMain.runKeyword(WebUIKeywordMain.groovy:26)
	at com.kms.katalon.core.webui.keyword.builtin.VerifyElementVisibleKeyword.verifyElementVisible(VerifyElementVisibleKeyword.groovy:97)
	at com.kms.katalon.core.webui.keyword.builtin.VerifyElementVisibleKeyword.execute(VerifyElementVisibleKeyword.groovy:67)
	at com.kms.katalon.core.keyword.internal.KeywordExecutor.executeKeywordForPlatform(KeywordExecutor.groovy:74)
	at com.kms.katalon.core.webui.keyword.WebUiBuiltInKeywords.verifyElementVisible(WebUiBuiltInKeywords.groovy:376)
	at com.kms.katalon.core.webui.keyword.WebUiBuiltInKeywords$verifyElementVisible$9.call(Unknown Source)
	at test case 32.run(test case 32:32)
	at com.kms.katalon.core.main.ScriptEngine.run(ScriptEngine.java:194)
	at com.kms.katalon.core.main.ScriptEngine.runScriptAsRawText(ScriptEngine.java:119)
	at com.kms.katalon.core.main.TestCaseExecutor.runScript(TestCaseExecutor.java:442)
	at com.kms.katalon.core.main.TestCaseExecutor.doExecute(TestCaseExecutor.java:433)
	at com.kms.katalon.core.main.TestCaseExecutor.processExecutionPhase(TestCaseExecutor.java:412)
	at com.kms.katalon.core.main.TestCaseExecutor.accessMainPhase(TestCaseExecutor.java:404)
	at com.kms.katalon.core.main.TestCaseExecutor.execute(TestCaseExecutor.java:281)
	at com.kms.katalon.core.main.TestSuiteExecutor.accessTestCaseMainPhase(TestSuiteExecutor.java:202)
	at com.kms.katalon.core.main.TestSuiteExecutor.accessTestSuiteMainPhase(TestSuiteExecutor.java:164)
	at com.kms.katalon.core.main.TestSuiteExecutor.execute(TestSuiteExecutor.java:105)
	at com.kms.katalon.core.main.TestCaseMain.startTestSuite(TestCaseMain.java:181)
	at com.kms.katalon.core.main.TestCaseMain$startTestSuite$0.call(Unknown Source)
	at TempTestSuite1642373806466.run(TempTestSuite1642373806466.groovy:36)
Caused by: com.kms.katalon.core.exception.StepFailedException: Web element with id: 'Object Repository/Page_Dashboard/div_Calendar                               _78b00d' located by '//section[@id='inst200']/div' not found
	at com.kms.katalon.core.webui.keyword.internal.WebUIKeywordMain.stepFailed(WebUIKeywordMain.groovy:64)
	at com.kms.katalon.core.webui.keyword.builtin.VerifyElementVisibleKeyword$_verifyElementVisible_closure1.doCall(VerifyElementVisibleKeyword.groovy:89)
	at com.kms.katalon.core.webui.keyword.builtin.VerifyElementVisibleKeyword$_verifyElementVisible_closure1.call(VerifyElementVisibleKeyword.groovy)
	at com.kms.katalon.core.webui.keyword.internal.WebUIKeywordMain.runKeyword(WebUIKeywordMain.groovy:20)
	... 19 more]]></system-err>
      </testcase>
      <testcase name="Test Cases/test case 33" time="105.882" classname="Test Cases/test case 33" status="FAILED">
         <failure type="FAILED" message="Test Cases/test case 33 FAILED.
Reason:
com.kms.katalon.core.exception.StepFailedException: Unable to click on object 'Object Repository/Page_Dashboard/i_Messages selected_icon fa fa-search fa-fw'
	at com.kms.katalon.core.webui.keyword.internal.WebUIKeywordMain.stepFailed(WebUIKeywordMain.groovy:64)
	at com.kms.katalon.core.webui.keyword.internal.WebUIKeywordMain.runKeyword(WebUIKeywordMain.groovy:26)
	at com.kms.katalon.core.webui.keyword.builtin.ClickKeyword.click(ClickKeyword.groovy:74)
	at com.kms.katalon.core.webui.keyword.builtin.ClickKeyword.execute(ClickKeyword.groovy:40)
	at com.kms.katalon.core.keyword.internal.KeywordExecutor.executeKeywordForPlatform(KeywordExecutor.groovy:74)
	at com.kms.katalon.core.webui.keyword.WebUiBuiltInKeywords.click(WebUiBuiltInKeywords.groovy:620)
	at com.kms.katalon.core.webui.keyword.WebUiBuiltInKeywords$click$1.call(Unknown Source)
	at test case 33.run(test case 33:38)
	at com.kms.katalon.core.main.ScriptEngine.run(ScriptEngine.java:194)
	at com.kms.katalon.core.main.ScriptEngine.runScriptAsRawText(ScriptEngine.java:119)
	at com.kms.katalon.core.main.TestCaseExecutor.runScript(TestCaseExecutor.java:442)
	at com.kms.katalon.core.main.TestCaseExecutor.doExecute(TestCaseExecutor.java:433)
	at com.kms.katalon.core.main.TestCaseExecutor.processExecutionPhase(TestCaseExecutor.java:412)
	at com.kms.katalon.core.main.TestCaseExecutor.accessMainPhase(TestCaseExecutor.java:404)
	at com.kms.katalon.core.main.TestCaseExecutor.execute(TestCaseExecutor.java:281)
	at com.kms.katalon.core.main.TestSuiteExecutor.accessTestCaseMainPhase(TestSuiteExecutor.java:202)
	at com.kms.katalon.core.main.TestSuiteExecutor.accessTestSuiteMainPhase(TestSuiteExecutor.java:164)
	at com.kms.katalon.core.main.TestSuiteExecutor.execute(TestSuiteExecutor.java:105)
	at com.kms.katalon.core.main.TestCaseMain.startTestSuite(TestCaseMain.java:181)
	at com.kms.katalon.core.main.TestCaseMain$startTestSuite$0.call(Unknown Source)
	at TempTestSuite1642373806466.run(TempTestSuite1642373806466.groovy:36)
Caused by: com.kms.katalon.core.webui.exception.WebElementNotFoundException: Web element with id: 'Object Repository/Page_Dashboard/i_Messages selected_icon fa fa-search fa-fw' located by '//div[@id='yui_3_17_2_1_1642164467055_202']/div[4]/div/div/div/button/span/i' not found
	at com.kms.katalon.core.webui.common.WebUiCommonHelper.findWebElement(WebUiCommonHelper.java:1368)
	at com.kms.katalon.core.webui.keyword.internal.WebUIAbstractKeyword.findWebElement(WebUIAbstractKeyword.groovy:27)
	at com.kms.katalon.core.webui.keyword.builtin.ClickKeyword$_click_closure1.doCall(ClickKeyword.groovy:65)
	at com.kms.katalon.core.webui.keyword.builtin.ClickKeyword$_click_closure1.call(ClickKeyword.groovy)
	at com.kms.katalon.core.webui.keyword.internal.WebUIKeywordMain.runKeyword(WebUIKeywordMain.groovy:20)
	... 19 more
"/>
         <system-out><![CDATA[2022-01-17 06:50:41 - [TEST_CASE][FAILED] - Test Cases/test case 33: Test Cases/test case 33 FAILED.
Reason:
com.kms.katalon.core.exception.StepFailedException: Unable to click on object 'Object Repository/Page_Dashboard/i_Messages selected_icon fa fa-search fa-fw'
	at com.kms.katalon.core.webui.keyword.internal.WebUIKeywordMain.stepFailed(WebUIKeywordMain.groovy:64)
	at com.kms.katalon.core.webui.keyword.internal.WebUIKeywordMain.runKeyword(WebUIKeywordMain.groovy:26)
	at com.kms.katalon.core.webui.keyword.builtin.ClickKeyword.click(ClickKeyword.groovy:74)
	at com.kms.katalon.core.webui.keyword.builtin.ClickKeyword.execute(ClickKeyword.groovy:40)
	at com.kms.katalon.core.keyword.internal.KeywordExecutor.executeKeywordForPlatform(KeywordExecutor.groovy:74)
	at com.kms.katalon.core.webui.keyword.WebUiBuiltInKeywords.click(WebUiBuiltInKeywords.groovy:620)
	at com.kms.katalon.core.webui.keyword.WebUiBuiltInKeywords$click$1.call(Unknown Source)
	at test case 33.run(test case 33:38)
	at com.kms.katalon.core.main.ScriptEngine.run(ScriptEngine.java:194)
	at com.kms.katalon.core.main.ScriptEngine.runScriptAsRawText(ScriptEngine.java:119)
	at com.kms.katalon.core.main.TestCaseExecutor.runScript(TestCaseExecutor.java:442)
	at com.kms.katalon.core.main.TestCaseExecutor.doExecute(TestCaseExecutor.java:433)
	at com.kms.katalon.core.main.TestCaseExecutor.processExecutionPhase(TestCaseExecutor.java:412)
	at com.kms.katalon.core.main.TestCaseExecutor.accessMainPhase(TestCaseExecutor.java:404)
	at com.kms.katalon.core.main.TestCaseExecutor.execute(TestCaseExecutor.java:281)
	at com.kms.katalon.core.main.TestSuiteExecutor.accessTestCaseMainPhase(TestSuiteExecutor.java:202)
	at com.kms.katalon.core.main.TestSuiteExecutor.accessTestSuiteMainPhase(TestSuiteExecutor.java:164)
	at com.kms.katalon.core.main.TestSuiteExecutor.execute(TestSuiteExecutor.java:105)
	at com.kms.katalon.core.main.TestCaseMain.startTestSuite(TestCaseMain.java:181)
	at com.kms.katalon.core.main.TestCaseMain$startTestSuite$0.call(Unknown Source)
	at TempTestSuite1642373806466.run(TempTestSuite1642373806466.groovy:36)
Caused by: com.kms.katalon.core.webui.exception.WebElementNotFoundException: Web element with id: 'Object Repository/Page_Dashboard/i_Messages selected_icon fa fa-search fa-fw' located by '//div[@id='yui_3_17_2_1_1642164467055_202']/div[4]/div/div/div/button/span/i' not found
	at com.kms.katalon.core.webui.common.WebUiCommonHelper.findWebElement(WebUiCommonHelper.java:1368)
	at com.kms.katalon.core.webui.keyword.internal.WebUIAbstractKeyword.findWebElement(WebUIAbstractKeyword.groovy:27)
	at com.kms.katalon.core.webui.keyword.builtin.ClickKeyword$_click_closure1.doCall(ClickKeyword.groovy:65)
	at com.kms.katalon.core.webui.keyword.builtin.ClickKeyword$_click_closure1.call(ClickKeyword.groovy)
	at com.kms.katalon.core.webui.keyword.internal.WebUIKeywordMain.runKeyword(WebUIKeywordMain.groovy:20)
	... 19 more


2022-01-17 06:50:41 - [TEST_STEP][PASSED] - openBrowser(""): Browser is opened with url: ''

2022-01-17 06:50:41 - [MESSAGE][WARNING] - A browser is already opened. Closing browser and opening a new one

2022-01-17 06:50:42 - [MESSAGE][INFO] - Starting 'Chrome' driver

2022-01-17 06:50:42 - [MESSAGE][INFO] - Action delay is set to 0 milliseconds

2022-01-17 06:50:43 - [MESSAGE][PASSED] - Browser is opened with url: ''

2022-01-17 06:50:43 - [TEST_STEP][PASSED] - navigateToUrl("http://localhost/"): Navigate to 'http://localhost/' successfully

2022-01-17 06:50:44 - [MESSAGE][PASSED] - Navigate to 'http://localhost/' successfully

2022-01-17 06:50:44 - [TEST_STEP][PASSED] - click(findTestObject("Object Repository/Page_Moodle/a_Log in")): Object: 'Object Repository/Page_Moodle/a_Log in' is clicked on

2022-01-17 06:50:45 - [MESSAGE][PASSED] - Object: 'Object Repository/Page_Moodle/a_Log in' is clicked on

2022-01-17 06:50:45 - [TEST_STEP][PASSED] - setText(findTestObject("Object Repository/Page_Moodle Log in to the site/input_Username_username"), "nmthu"): Text 'nmthu' is set on object 'Object Repository/Page_Moodle Log in to the site/input_Username_username'

2022-01-17 06:50:45 - [MESSAGE][PASSED] - Text 'nmthu' is set on object 'Object Repository/Page_Moodle Log in to the site/input_Username_username'

2022-01-17 06:50:45 - [TEST_STEP][PASSED] - setEncryptedText(findTestObject("Object Repository/Page_Moodle Log in to the site/input_Password_password"), "zm/yZ1suVYniggK+4Jo9ew=="): Text ****** has been set on object 'Object Repository/Page_Moodle Log in to the site/input_Password_password'

2022-01-17 06:50:46 - [MESSAGE][PASSED] - Text ****** has been set on object 'Object Repository/Page_Moodle Log in to the site/input_Password_password'

2022-01-17 06:50:46 - [TEST_STEP][PASSED] - click(findTestObject("Object Repository/Page_Moodle Log in to the site/button_Log in")): Object: 'Object Repository/Page_Moodle Log in to the site/button_Log in' is clicked on

2022-01-17 06:50:46 - [MESSAGE][PASSED] - Object: 'Object Repository/Page_Moodle Log in to the site/button_Log in' is clicked on

2022-01-17 06:50:46 - [TEST_STEP][PASSED] - verifyElementVisible(findTestObject("Object Repository/Page_Dashboard/i_See all_icon fa fa-comment fa-fw")): Object 'Object Repository/Page_Dashboard/i_See all_icon fa fa-comment fa-fw' is visible

2022-01-17 06:51:18 - [MESSAGE][INFO] - Unable to find the element located by 'By.xpath: //a[@id='message-drawer-toggle-61e170f2da1f961e170f0da18a9']/i'. Please recheck the objects properties to make sure the desired element is located. 

2022-01-17 06:51:18 - [MESSAGE][WARNING] - [SELF-HEALING] Failed to find element with id 'Object Repository/Page_Dashboard/i_See all_icon fa fa-comment fa-fw'. Try using Self-healing.

2022-01-17 06:51:18 - [MESSAGE][WARNING] - [SELF-HEALING] The current locator of test object 'Object Repository/Page_Dashboard/i_See all_icon fa fa-comment fa-fw' was broken. Propose an alternative one: '//div[2]/a/i'.

2022-01-17 06:51:18 - [MESSAGE][PASSED] - Object 'Object Repository/Page_Dashboard/i_See all_icon fa fa-comment fa-fw' is visible

2022-01-17 06:51:18 - [TEST_STEP][PASSED] - click(findTestObject("Object Repository/Page_Dashboard/i_See all_icon fa fa-comment fa-fw")): Object: 'Object Repository/Page_Dashboard/i_See all_icon fa fa-comment fa-fw' is clicked on

2022-01-17 06:51:49 - [MESSAGE][INFO] - Unable to find the element located by 'By.xpath: //a[@id='message-drawer-toggle-61e170f2da1f961e170f0da18a9']/i'. Please recheck the objects properties to make sure the desired element is located. 

2022-01-17 06:51:49 - [MESSAGE][WARNING] - [SELF-HEALING] Failed to find element with id 'Object Repository/Page_Dashboard/i_See all_icon fa fa-comment fa-fw'. Try using Self-healing.

2022-01-17 06:51:49 - [MESSAGE][WARNING] - [SELF-HEALING] The current locator of test object 'Object Repository/Page_Dashboard/i_See all_icon fa fa-comment fa-fw' was broken. Propose an alternative one: '//div[2]/a/i'.

2022-01-17 06:51:50 - [MESSAGE][PASSED] - Object: 'Object Repository/Page_Dashboard/i_See all_icon fa fa-comment fa-fw' is clicked on

2022-01-17 06:51:50 - [TEST_STEP][PASSED] - setText(findTestObject("Object Repository/Page_Dashboard/input_Messages selected_form-control"), "Nguyen Minh Thu"): Text 'Nguyen Minh Thu' is set on object 'Object Repository/Page_Dashboard/input_Messages selected_form-control'

2022-01-17 06:51:50 - [MESSAGE][PASSED] - Text 'Nguyen Minh Thu' is set on object 'Object Repository/Page_Dashboard/input_Messages selected_form-control'

2022-01-17 06:51:50 - [TEST_STEP][FAILED] - click(findTestObject("Object Repository/Page_Dashboard/i_Messages selected_icon fa fa-search fa-fw")): Unable to click on object 'Object Repository/Page_Dashboard/i_Messages selected_icon fa fa-search fa-fw' (Root cause: com.kms.katalon.core.exception.StepFailedException: Unable to click on object 'Object Repository/Page_Dashboard/i_Messages selected_icon fa fa-search fa-fw'
	at com.kms.katalon.core.webui.keyword.internal.WebUIKeywordMain.stepFailed(WebUIKeywordMain.groovy:64)
	at com.kms.katalon.core.webui.keyword.internal.WebUIKeywordMain.runKeyword(WebUIKeywordMain.groovy:26)
	at com.kms.katalon.core.webui.keyword.builtin.ClickKeyword.click(ClickKeyword.groovy:74)
	at com.kms.katalon.core.webui.keyword.builtin.ClickKeyword.execute(ClickKeyword.groovy:40)
	at com.kms.katalon.core.keyword.internal.KeywordExecutor.executeKeywordForPlatform(KeywordExecutor.groovy:74)
	at com.kms.katalon.core.webui.keyword.WebUiBuiltInKeywords.click(WebUiBuiltInKeywords.groovy:620)
	at com.kms.katalon.core.webui.keyword.WebUiBuiltInKeywords$click$1.call(Unknown Source)
	at test case 33.run(test case 33:38)
	at com.kms.katalon.core.main.ScriptEngine.run(ScriptEngine.java:194)
	at com.kms.katalon.core.main.ScriptEngine.runScriptAsRawText(ScriptEngine.java:119)
	at com.kms.katalon.core.main.TestCaseExecutor.runScript(TestCaseExecutor.java:442)
	at com.kms.katalon.core.main.TestCaseExecutor.doExecute(TestCaseExecutor.java:433)
	at com.kms.katalon.core.main.TestCaseExecutor.processExecutionPhase(TestCaseExecutor.java:412)
	at com.kms.katalon.core.main.TestCaseExecutor.accessMainPhase(TestCaseExecutor.java:404)
	at com.kms.katalon.core.main.TestCaseExecutor.execute(TestCaseExecutor.java:281)
	at com.kms.katalon.core.main.TestSuiteExecutor.accessTestCaseMainPhase(TestSuiteExecutor.java:202)
	at com.kms.katalon.core.main.TestSuiteExecutor.accessTestSuiteMainPhase(TestSuiteExecutor.java:164)
	at com.kms.katalon.core.main.TestSuiteExecutor.execute(TestSuiteExecutor.java:105)
	at com.kms.katalon.core.main.TestCaseMain.startTestSuite(TestCaseMain.java:181)
	at com.kms.katalon.core.main.TestCaseMain$startTestSuite$0.call(Unknown Source)
	at TempTestSuite1642373806466.run(TempTestSuite1642373806466.groovy:36)
Caused by: com.kms.katalon.core.webui.exception.WebElementNotFoundException: Web element with id: 'Object Repository/Page_Dashboard/i_Messages selected_icon fa fa-search fa-fw' located by '//div[@id='yui_3_17_2_1_1642164467055_202']/div[4]/div/div/div/button/span/i' not found
	at com.kms.katalon.core.webui.common.WebUiCommonHelper.findWebElement(WebUiCommonHelper.java:1368)
	at com.kms.katalon.core.webui.keyword.internal.WebUIAbstractKeyword.findWebElement(WebUIAbstractKeyword.groovy:27)
	at com.kms.katalon.core.webui.keyword.builtin.ClickKeyword$_click_closure1.doCall(ClickKeyword.groovy:65)
	at com.kms.katalon.core.webui.keyword.builtin.ClickKeyword$_click_closure1.call(ClickKeyword.groovy)
	at com.kms.katalon.core.webui.keyword.internal.WebUIKeywordMain.runKeyword(WebUIKeywordMain.groovy:20)
	at com.kms.katalon.core.webui.keyword.builtin.ClickKeyword.click(ClickKeyword.groovy:74)
	at com.kms.katalon.core.webui.keyword.builtin.ClickKeyword.execute(ClickKeyword.groovy:40)
	at com.kms.katalon.core.keyword.internal.KeywordExecutor.executeKeywordForPlatform(KeywordExecutor.groovy:74)
	at com.kms.katalon.core.webui.keyword.WebUiBuiltInKeywords.click(WebUiBuiltInKeywords.groovy:620)
	at com.kms.katalon.core.webui.keyword.WebUiBuiltInKeywords$click$1.call(Unknown Source)
	at Script1642164431103.run(Script1642164431103.groovy:38)
	... 13 more
)

2022-01-17 06:52:22 - [MESSAGE][INFO] - Unable to find the element located by 'By.xpath: //div[@id='yui_3_17_2_1_1642164467055_202']/div[4]/div/div/div/button/span/i'. Please recheck the objects properties to make sure the desired element is located. 

2022-01-17 06:52:22 - [MESSAGE][WARNING] - [SELF-HEALING] Failed to find element with id 'Object Repository/Page_Dashboard/i_Messages selected_icon fa fa-search fa-fw'. Try using Self-healing.

2022-01-17 06:52:23 - [MESSAGE][INFO] - Unable to find the element located by 'By.xpath: //button/span/i'. Please recheck the objects properties to make sure the desired element is located. 

2022-01-17 06:52:23 - [MESSAGE][INFO] - [SELF-HEALING] Failed Locator: '//div[@id='yui_3_17_2_1_1642164467055_202']/div[4]/div/div/div/button/span/i'.

2022-01-17 06:52:23 - [MESSAGE][INFO] - [SELF-HEALING] Failed Locator: '//button/span/i'.

2022-01-17 06:52:23 - [MESSAGE][INFO] - [SELF-HEALING] Failed Locator: '//div[@id='yui_3_17_2_1_1642163525316_198']/div[4]/div/div/div/button/span/i'.

2022-01-17 06:52:24 - [MESSAGE][INFO] - [SELF-HEALING] Failed Locator: '//div[@id='yui_3_17_2_1_1642164467055_202']/div[4]/div/div/div/button/span/i'.

2022-01-17 06:52:24 - [MESSAGE][INFO] - [SELF-HEALING] Failed Locator: '//button/span/i'.

2022-01-17 06:52:24 - [MESSAGE][INFO] - [SELF-HEALING] Failed Locator: '//div[@id='yui_3_17_2_1_1642163525316_198']/div[4]/div/div/div/button/span/i'.

2022-01-17 06:52:25 - [MESSAGE][INFO] - Unable to find the element located by 'By.xpath: id("yui_3_17_2_1_1642164467055_202")/div[@class="border-bottom p-1 px-sm-2 view-search"]/div[@class="d-flex align-items-center"]/div[@class="input-group simplesearchform"]/div[@class="input-group-append"]/button[@class="btn btn-submit icon-no-margin"]/span[1]/i[@class="icon fa fa-search fa-fw"]'. Please recheck the objects properties to make sure the desired element is located. 

2022-01-17 06:52:26 - [MESSAGE][INFO] - Unable to find the element located by 'By.cssSelector: '. Please recheck the objects properties to make sure the desired element is located. 

2022-01-17 06:52:27 - [MESSAGE][FAILED] - Unable to click on object 'Object Repository/Page_Dashboard/i_Messages selected_icon fa fa-search fa-fw' (Root cause: com.kms.katalon.core.exception.StepFailedException: Unable to click on object 'Object Repository/Page_Dashboard/i_Messages selected_icon fa fa-search fa-fw'
	at com.kms.katalon.core.webui.keyword.internal.WebUIKeywordMain.stepFailed(WebUIKeywordMain.groovy:64)
	at com.kms.katalon.core.webui.keyword.internal.WebUIKeywordMain.runKeyword(WebUIKeywordMain.groovy:26)
	at com.kms.katalon.core.webui.keyword.builtin.ClickKeyword.click(ClickKeyword.groovy:74)
	at com.kms.katalon.core.webui.keyword.builtin.ClickKeyword.execute(ClickKeyword.groovy:40)
	at com.kms.katalon.core.keyword.internal.KeywordExecutor.executeKeywordForPlatform(KeywordExecutor.groovy:74)
	at com.kms.katalon.core.webui.keyword.WebUiBuiltInKeywords.click(WebUiBuiltInKeywords.groovy:620)
	at com.kms.katalon.core.webui.keyword.WebUiBuiltInKeywords$click$1.call(Unknown Source)
	at test case 33.run(test case 33:38)
	at com.kms.katalon.core.main.ScriptEngine.run(ScriptEngine.java:194)
	at com.kms.katalon.core.main.ScriptEngine.runScriptAsRawText(ScriptEngine.java:119)
	at com.kms.katalon.core.main.TestCaseExecutor.runScript(TestCaseExecutor.java:442)
	at com.kms.katalon.core.main.TestCaseExecutor.doExecute(TestCaseExecutor.java:433)
	at com.kms.katalon.core.main.TestCaseExecutor.processExecutionPhase(TestCaseExecutor.java:412)
	at com.kms.katalon.core.main.TestCaseExecutor.accessMainPhase(TestCaseExecutor.java:404)
	at com.kms.katalon.core.main.TestCaseExecutor.execute(TestCaseExecutor.java:281)
	at com.kms.katalon.core.main.TestSuiteExecutor.accessTestCaseMainPhase(TestSuiteExecutor.java:202)
	at com.kms.katalon.core.main.TestSuiteExecutor.accessTestSuiteMainPhase(TestSuiteExecutor.java:164)
	at com.kms.katalon.core.main.TestSuiteExecutor.execute(TestSuiteExecutor.java:105)
	at com.kms.katalon.core.main.TestCaseMain.startTestSuite(TestCaseMain.java:181)
	at com.kms.katalon.core.main.TestCaseMain$startTestSuite$0.call(Unknown Source)
	at TempTestSuite1642373806466.run(TempTestSuite1642373806466.groovy:36)
Caused by: com.kms.katalon.core.webui.exception.WebElementNotFoundException: Web element with id: 'Object Repository/Page_Dashboard/i_Messages selected_icon fa fa-search fa-fw' located by '//div[@id='yui_3_17_2_1_1642164467055_202']/div[4]/div/div/div/button/span/i' not found
	at com.kms.katalon.core.webui.common.WebUiCommonHelper.findWebElement(WebUiCommonHelper.java:1368)
	at com.kms.katalon.core.webui.keyword.internal.WebUIAbstractKeyword.findWebElement(WebUIAbstractKeyword.groovy:27)
	at com.kms.katalon.core.webui.keyword.builtin.ClickKeyword$_click_closure1.doCall(ClickKeyword.groovy:65)
	at com.kms.katalon.core.webui.keyword.builtin.ClickKeyword$_click_closure1.call(ClickKeyword.groovy)
	at com.kms.katalon.core.webui.keyword.internal.WebUIKeywordMain.runKeyword(WebUIKeywordMain.groovy:20)
	at com.kms.katalon.core.webui.keyword.builtin.ClickKeyword.click(ClickKeyword.groovy:74)
	at com.kms.katalon.core.webui.keyword.builtin.ClickKeyword.execute(ClickKeyword.groovy:40)
	at com.kms.katalon.core.keyword.internal.KeywordExecutor.executeKeywordForPlatform(KeywordExecutor.groovy:74)
	at com.kms.katalon.core.webui.keyword.WebUiBuiltInKeywords.click(WebUiBuiltInKeywords.groovy:620)
	at com.kms.katalon.core.webui.keyword.WebUiBuiltInKeywords$click$1.call(Unknown Source)
	at Script1642164431103.run(Script1642164431103.groovy:38)
	... 13 more
)
[[ATTACHMENT|D:\\Test-Automation-SE-Bonus\\Test-Automation-SE-Bonus\\Reports\\20220117_055646\\Run all test cases\\20220117_055646\\1642377146959.png]]]]></system-out>
         <system-err><![CDATA[2022-01-17 06:50:41 - [TEST_CASE][FAILED] - Test Cases/test case 33: Test Cases/test case 33 FAILED.
Reason:
com.kms.katalon.core.exception.StepFailedException: Unable to click on object 'Object Repository/Page_Dashboard/i_Messages selected_icon fa fa-search fa-fw'
	at com.kms.katalon.core.webui.keyword.internal.WebUIKeywordMain.stepFailed(WebUIKeywordMain.groovy:64)
	at com.kms.katalon.core.webui.keyword.internal.WebUIKeywordMain.runKeyword(WebUIKeywordMain.groovy:26)
	at com.kms.katalon.core.webui.keyword.builtin.ClickKeyword.click(ClickKeyword.groovy:74)
	at com.kms.katalon.core.webui.keyword.builtin.ClickKeyword.execute(ClickKeyword.groovy:40)
	at com.kms.katalon.core.keyword.internal.KeywordExecutor.executeKeywordForPlatform(KeywordExecutor.groovy:74)
	at com.kms.katalon.core.webui.keyword.WebUiBuiltInKeywords.click(WebUiBuiltInKeywords.groovy:620)
	at com.kms.katalon.core.webui.keyword.WebUiBuiltInKeywords$click$1.call(Unknown Source)
	at test case 33.run(test case 33:38)
	at com.kms.katalon.core.main.ScriptEngine.run(ScriptEngine.java:194)
	at com.kms.katalon.core.main.ScriptEngine.runScriptAsRawText(ScriptEngine.java:119)
	at com.kms.katalon.core.main.TestCaseExecutor.runScript(TestCaseExecutor.java:442)
	at com.kms.katalon.core.main.TestCaseExecutor.doExecute(TestCaseExecutor.java:433)
	at com.kms.katalon.core.main.TestCaseExecutor.processExecutionPhase(TestCaseExecutor.java:412)
	at com.kms.katalon.core.main.TestCaseExecutor.accessMainPhase(TestCaseExecutor.java:404)
	at com.kms.katalon.core.main.TestCaseExecutor.execute(TestCaseExecutor.java:281)
	at com.kms.katalon.core.main.TestSuiteExecutor.accessTestCaseMainPhase(TestSuiteExecutor.java:202)
	at com.kms.katalon.core.main.TestSuiteExecutor.accessTestSuiteMainPhase(TestSuiteExecutor.java:164)
	at com.kms.katalon.core.main.TestSuiteExecutor.execute(TestSuiteExecutor.java:105)
	at com.kms.katalon.core.main.TestCaseMain.startTestSuite(TestCaseMain.java:181)
	at com.kms.katalon.core.main.TestCaseMain$startTestSuite$0.call(Unknown Source)
	at TempTestSuite1642373806466.run(TempTestSuite1642373806466.groovy:36)
Caused by: com.kms.katalon.core.webui.exception.WebElementNotFoundException: Web element with id: 'Object Repository/Page_Dashboard/i_Messages selected_icon fa fa-search fa-fw' located by '//div[@id='yui_3_17_2_1_1642164467055_202']/div[4]/div/div/div/button/span/i' not found
	at com.kms.katalon.core.webui.common.WebUiCommonHelper.findWebElement(WebUiCommonHelper.java:1368)
	at com.kms.katalon.core.webui.keyword.internal.WebUIAbstractKeyword.findWebElement(WebUIAbstractKeyword.groovy:27)
	at com.kms.katalon.core.webui.keyword.builtin.ClickKeyword$_click_closure1.doCall(ClickKeyword.groovy:65)
	at com.kms.katalon.core.webui.keyword.builtin.ClickKeyword$_click_closure1.call(ClickKeyword.groovy)
	at com.kms.katalon.core.webui.keyword.internal.WebUIKeywordMain.runKeyword(WebUIKeywordMain.groovy:20)
	... 19 more]]></system-err>
      </testcase>
      <testcase name="Test Cases/test case 34" time="42.806" classname="Test Cases/test case 34" status="FAILED">
         <failure type="FAILED" message="Test Cases/test case 34 FAILED.
Reason:
com.kms.katalon.core.exception.StepFailedException: Verify element text of test object 'Object Repository/Page_Dashboard/h5_Online users' FAILED.
	at com.kms.katalon.core.webui.keyword.internal.WebUIKeywordMain.stepFailed(WebUIKeywordMain.groovy:64)
	at com.kms.katalon.core.webui.keyword.internal.WebUIKeywordMain.runKeyword(WebUIKeywordMain.groovy:26)
	at com.kms.katalon.core.webui.keyword.builtin.VerifyElementTextKeyword.verifyElementText(VerifyElementTextKeyword.groovy:72)
	at com.kms.katalon.core.webui.keyword.builtin.VerifyElementTextKeyword.execute(VerifyElementTextKeyword.groovy:40)
	at com.kms.katalon.core.keyword.internal.KeywordExecutor.executeKeywordForPlatform(KeywordExecutor.groovy:74)
	at com.kms.katalon.core.webui.keyword.WebUiBuiltInKeywords.verifyElementText(WebUiBuiltInKeywords.groovy:4749)
	at com.kms.katalon.core.webui.keyword.WebUiBuiltInKeywords$verifyElementText$7.call(Unknown Source)
	at test case 34.run(test case 34:34)
	at com.kms.katalon.core.main.ScriptEngine.run(ScriptEngine.java:194)
	at com.kms.katalon.core.main.ScriptEngine.runScriptAsRawText(ScriptEngine.java:119)
	at com.kms.katalon.core.main.TestCaseExecutor.runScript(TestCaseExecutor.java:442)
	at com.kms.katalon.core.main.TestCaseExecutor.doExecute(TestCaseExecutor.java:433)
	at com.kms.katalon.core.main.TestCaseExecutor.processExecutionPhase(TestCaseExecutor.java:412)
	at com.kms.katalon.core.main.TestCaseExecutor.accessMainPhase(TestCaseExecutor.java:404)
	at com.kms.katalon.core.main.TestCaseExecutor.execute(TestCaseExecutor.java:281)
	at com.kms.katalon.core.main.TestSuiteExecutor.accessTestCaseMainPhase(TestSuiteExecutor.java:202)
	at com.kms.katalon.core.main.TestSuiteExecutor.accessTestSuiteMainPhase(TestSuiteExecutor.java:164)
	at com.kms.katalon.core.main.TestSuiteExecutor.execute(TestSuiteExecutor.java:105)
	at com.kms.katalon.core.main.TestCaseMain.startTestSuite(TestCaseMain.java:181)
	at com.kms.katalon.core.main.TestCaseMain$startTestSuite$0.call(Unknown Source)
	at TempTestSuite1642373806466.run(TempTestSuite1642373806466.groovy:36)
Caused by: com.kms.katalon.core.exception.StepFailedException: com.kms.katalon.core.webui.exception.WebElementNotFoundException: Web element with id: 'Object Repository/Page_Dashboard/h5_Online users' located by '//h5[@id='instance-169-header']' not found
	at com.kms.katalon.core.webui.keyword.internal.WebUIKeywordMain.stepFailed(WebUIKeywordMain.groovy:64)
	at com.kms.katalon.core.webui.keyword.builtin.VerifyElementTextKeyword$_verifyElementText_closure1.doCall(VerifyElementTextKeyword.groovy:64)
	at com.kms.katalon.core.webui.keyword.builtin.VerifyElementTextKeyword$_verifyElementText_closure1.call(VerifyElementTextKeyword.groovy)
	at com.kms.katalon.core.webui.keyword.internal.WebUIKeywordMain.runKeyword(WebUIKeywordMain.groovy:20)
	... 19 more
"/>
         <system-out><![CDATA[2022-01-17 06:52:27 - [TEST_CASE][FAILED] - Test Cases/test case 34: Test Cases/test case 34 FAILED.
Reason:
com.kms.katalon.core.exception.StepFailedException: Verify element text of test object 'Object Repository/Page_Dashboard/h5_Online users' FAILED.
	at com.kms.katalon.core.webui.keyword.internal.WebUIKeywordMain.stepFailed(WebUIKeywordMain.groovy:64)
	at com.kms.katalon.core.webui.keyword.internal.WebUIKeywordMain.runKeyword(WebUIKeywordMain.groovy:26)
	at com.kms.katalon.core.webui.keyword.builtin.VerifyElementTextKeyword.verifyElementText(VerifyElementTextKeyword.groovy:72)
	at com.kms.katalon.core.webui.keyword.builtin.VerifyElementTextKeyword.execute(VerifyElementTextKeyword.groovy:40)
	at com.kms.katalon.core.keyword.internal.KeywordExecutor.executeKeywordForPlatform(KeywordExecutor.groovy:74)
	at com.kms.katalon.core.webui.keyword.WebUiBuiltInKeywords.verifyElementText(WebUiBuiltInKeywords.groovy:4749)
	at com.kms.katalon.core.webui.keyword.WebUiBuiltInKeywords$verifyElementText$7.call(Unknown Source)
	at test case 34.run(test case 34:34)
	at com.kms.katalon.core.main.ScriptEngine.run(ScriptEngine.java:194)
	at com.kms.katalon.core.main.ScriptEngine.runScriptAsRawText(ScriptEngine.java:119)
	at com.kms.katalon.core.main.TestCaseExecutor.runScript(TestCaseExecutor.java:442)
	at com.kms.katalon.core.main.TestCaseExecutor.doExecute(TestCaseExecutor.java:433)
	at com.kms.katalon.core.main.TestCaseExecutor.processExecutionPhase(TestCaseExecutor.java:412)
	at com.kms.katalon.core.main.TestCaseExecutor.accessMainPhase(TestCaseExecutor.java:404)
	at com.kms.katalon.core.main.TestCaseExecutor.execute(TestCaseExecutor.java:281)
	at com.kms.katalon.core.main.TestSuiteExecutor.accessTestCaseMainPhase(TestSuiteExecutor.java:202)
	at com.kms.katalon.core.main.TestSuiteExecutor.accessTestSuiteMainPhase(TestSuiteExecutor.java:164)
	at com.kms.katalon.core.main.TestSuiteExecutor.execute(TestSuiteExecutor.java:105)
	at com.kms.katalon.core.main.TestCaseMain.startTestSuite(TestCaseMain.java:181)
	at com.kms.katalon.core.main.TestCaseMain$startTestSuite$0.call(Unknown Source)
	at TempTestSuite1642373806466.run(TempTestSuite1642373806466.groovy:36)
Caused by: com.kms.katalon.core.exception.StepFailedException: com.kms.katalon.core.webui.exception.WebElementNotFoundException: Web element with id: 'Object Repository/Page_Dashboard/h5_Online users' located by '//h5[@id='instance-169-header']' not found
	at com.kms.katalon.core.webui.keyword.internal.WebUIKeywordMain.stepFailed(WebUIKeywordMain.groovy:64)
	at com.kms.katalon.core.webui.keyword.builtin.VerifyElementTextKeyword$_verifyElementText_closure1.doCall(VerifyElementTextKeyword.groovy:64)
	at com.kms.katalon.core.webui.keyword.builtin.VerifyElementTextKeyword$_verifyElementText_closure1.call(VerifyElementTextKeyword.groovy)
	at com.kms.katalon.core.webui.keyword.internal.WebUIKeywordMain.runKeyword(WebUIKeywordMain.groovy:20)
	... 19 more


2022-01-17 06:52:27 - [TEST_STEP][PASSED] - openBrowser(""): Browser is opened with url: ''

2022-01-17 06:52:27 - [MESSAGE][WARNING] - A browser is already opened. Closing browser and opening a new one

2022-01-17 06:52:27 - [MESSAGE][INFO] - Starting 'Chrome' driver

2022-01-17 06:52:27 - [MESSAGE][INFO] - Action delay is set to 0 milliseconds

2022-01-17 06:52:29 - [MESSAGE][PASSED] - Browser is opened with url: ''

2022-01-17 06:52:29 - [TEST_STEP][PASSED] - navigateToUrl("http://localhost/"): Navigate to 'http://localhost/' successfully

2022-01-17 06:52:30 - [MESSAGE][PASSED] - Navigate to 'http://localhost/' successfully

2022-01-17 06:52:30 - [TEST_STEP][PASSED] - click(findTestObject("Object Repository/Page_Moodle/a_Log in")): Object: 'Object Repository/Page_Moodle/a_Log in' is clicked on

2022-01-17 06:52:30 - [MESSAGE][PASSED] - Object: 'Object Repository/Page_Moodle/a_Log in' is clicked on

2022-01-17 06:52:30 - [TEST_STEP][PASSED] - setText(findTestObject("Object Repository/Page_Moodle Log in to the site/input_Username_username"), "nmthu"): Text 'nmthu' is set on object 'Object Repository/Page_Moodle Log in to the site/input_Username_username'

2022-01-17 06:52:31 - [MESSAGE][PASSED] - Text 'nmthu' is set on object 'Object Repository/Page_Moodle Log in to the site/input_Username_username'

2022-01-17 06:52:31 - [TEST_STEP][PASSED] - setEncryptedText(findTestObject("Object Repository/Page_Moodle Log in to the site/input_Password_password"), "zm/yZ1suVYniggK+4Jo9ew=="): Text ****** has been set on object 'Object Repository/Page_Moodle Log in to the site/input_Password_password'

2022-01-17 06:52:32 - [MESSAGE][PASSED] - Text ****** has been set on object 'Object Repository/Page_Moodle Log in to the site/input_Password_password'

2022-01-17 06:52:32 - [TEST_STEP][PASSED] - click(findTestObject("Object Repository/Page_Moodle Log in to the site/form_document.getElementById(anchor).value _70e5d4")): Object: 'Object Repository/Page_Moodle Log in to the site/form_document.getElementById(anchor).value _70e5d4' is clicked on

2022-01-17 06:52:32 - [MESSAGE][PASSED] - Object: 'Object Repository/Page_Moodle Log in to the site/form_document.getElementById(anchor).value _70e5d4' is clicked on

2022-01-17 06:52:32 - [TEST_STEP][PASSED] - click(findTestObject("Object Repository/Page_Moodle Log in to the site/button_Log in")): Object: 'Object Repository/Page_Moodle Log in to the site/button_Log in' is clicked on

2022-01-17 06:52:33 - [MESSAGE][PASSED] - Object: 'Object Repository/Page_Moodle Log in to the site/button_Log in' is clicked on

2022-01-17 06:52:33 - [TEST_STEP][FAILED] - verifyElementText(findTestObject("Object Repository/Page_Dashboard/h5_Online users"), "Online users"): Verify element text of test object 'Object Repository/Page_Dashboard/h5_Online users' FAILED. (Root cause: com.kms.katalon.core.exception.StepFailedException: Verify element text of test object 'Object Repository/Page_Dashboard/h5_Online users' FAILED.
	at com.kms.katalon.core.webui.keyword.internal.WebUIKeywordMain.stepFailed(WebUIKeywordMain.groovy:64)
	at com.kms.katalon.core.webui.keyword.internal.WebUIKeywordMain.runKeyword(WebUIKeywordMain.groovy:26)
	at com.kms.katalon.core.webui.keyword.builtin.VerifyElementTextKeyword.verifyElementText(VerifyElementTextKeyword.groovy:72)
	at com.kms.katalon.core.webui.keyword.builtin.VerifyElementTextKeyword.execute(VerifyElementTextKeyword.groovy:40)
	at com.kms.katalon.core.keyword.internal.KeywordExecutor.executeKeywordForPlatform(KeywordExecutor.groovy:74)
	at com.kms.katalon.core.webui.keyword.WebUiBuiltInKeywords.verifyElementText(WebUiBuiltInKeywords.groovy:4749)
	at com.kms.katalon.core.webui.keyword.WebUiBuiltInKeywords$verifyElementText$7.call(Unknown Source)
	at test case 34.run(test case 34:34)
	at com.kms.katalon.core.main.ScriptEngine.run(ScriptEngine.java:194)
	at com.kms.katalon.core.main.ScriptEngine.runScriptAsRawText(ScriptEngine.java:119)
	at com.kms.katalon.core.main.TestCaseExecutor.runScript(TestCaseExecutor.java:442)
	at com.kms.katalon.core.main.TestCaseExecutor.doExecute(TestCaseExecutor.java:433)
	at com.kms.katalon.core.main.TestCaseExecutor.processExecutionPhase(TestCaseExecutor.java:412)
	at com.kms.katalon.core.main.TestCaseExecutor.accessMainPhase(TestCaseExecutor.java:404)
	at com.kms.katalon.core.main.TestCaseExecutor.execute(TestCaseExecutor.java:281)
	at com.kms.katalon.core.main.TestSuiteExecutor.accessTestCaseMainPhase(TestSuiteExecutor.java:202)
	at com.kms.katalon.core.main.TestSuiteExecutor.accessTestSuiteMainPhase(TestSuiteExecutor.java:164)
	at com.kms.katalon.core.main.TestSuiteExecutor.execute(TestSuiteExecutor.java:105)
	at com.kms.katalon.core.main.TestCaseMain.startTestSuite(TestCaseMain.java:181)
	at com.kms.katalon.core.main.TestCaseMain$startTestSuite$0.call(Unknown Source)
	at TempTestSuite1642373806466.run(TempTestSuite1642373806466.groovy:36)
Caused by: com.kms.katalon.core.exception.StepFailedException: com.kms.katalon.core.webui.exception.WebElementNotFoundException: Web element with id: 'Object Repository/Page_Dashboard/h5_Online users' located by '//h5[@id='instance-169-header']' not found
	at com.kms.katalon.core.webui.keyword.internal.WebUIKeywordMain.stepFailed(WebUIKeywordMain.groovy:64)
	at com.kms.katalon.core.webui.keyword.builtin.VerifyElementTextKeyword$_verifyElementText_closure1.doCall(VerifyElementTextKeyword.groovy:64)
	at com.kms.katalon.core.webui.keyword.builtin.VerifyElementTextKeyword$_verifyElementText_closure1.call(VerifyElementTextKeyword.groovy)
	at com.kms.katalon.core.webui.keyword.internal.WebUIKeywordMain.runKeyword(WebUIKeywordMain.groovy:20)
	... 19 more
)

2022-01-17 06:53:04 - [MESSAGE][INFO] - Unable to find the element located by 'By.xpath: //h5[@id='instance-169-header']'. Please recheck the objects properties to make sure the desired element is located. 

2022-01-17 06:53:04 - [MESSAGE][WARNING] - [SELF-HEALING] Failed to find element with id 'Object Repository/Page_Dashboard/h5_Online users'. Try using Self-healing.

2022-01-17 06:53:05 - [MESSAGE][INFO] - Unable to find the element located by 'By.xpath: (.//*[normalize-space(text()) and normalize-space(.)='Manage private files...'])[1]/following::h5[1]'. Please recheck the objects properties to make sure the desired element is located. 

2022-01-17 06:53:05 - [MESSAGE][INFO] - [SELF-HEALING] Failed Locator: '//h5[@id='instance-169-header']'.

2022-01-17 06:53:06 - [MESSAGE][INFO] - [SELF-HEALING] Failed Locator: '//section[@id='inst169']/div/h5'.

2022-01-17 06:53:06 - [MESSAGE][INFO] - [SELF-HEALING] Failed Locator: '(.//*[normalize-space(text()) and normalize-space(.)='Skip Online users'])[1]/following::h5[1]'.

2022-01-17 06:53:06 - [MESSAGE][INFO] - [SELF-HEALING] Failed Locator: '(.//*[normalize-space(text()) and normalize-space(.)='Manage private files...'])[1]/following::h5[1]'.

2022-01-17 06:53:06 - [MESSAGE][INFO] - [SELF-HEALING] Failed Locator: '(.//*[normalize-space(text()) and normalize-space(.)='Nguyen Minh Thu'])[2]/preceding::h5[1]'.

2022-01-17 06:53:07 - [MESSAGE][INFO] - [SELF-HEALING] Failed Locator: '(.//*[normalize-space(text()) and normalize-space(.)='Skip Latest badges'])[1]/preceding::h5[1]'.

2022-01-17 06:53:07 - [MESSAGE][INFO] - [SELF-HEALING] Failed Locator: '//*/text()[normalize-space(.)='Online users']/parent::*'.

2022-01-17 06:53:07 - [MESSAGE][INFO] - [SELF-HEALING] Failed Locator: '//section[4]/div/h5'.

2022-01-17 06:53:08 - [MESSAGE][INFO] - Unable to find the element located by 'By.xpath: //*[@id = 'instance-169-header' and (text() = 'Online users' or . = 'Online users')]'. Please recheck the objects properties to make sure the desired element is located. 

2022-01-17 06:53:09 - [MESSAGE][INFO] - Unable to find the element located by 'By.cssSelector: #instance-169-header'. Please recheck the objects properties to make sure the desired element is located. 

2022-01-17 06:53:09 - [MESSAGE][FAILED] - com.kms.katalon.core.webui.exception.WebElementNotFoundException: Web element with id: 'Object Repository/Page_Dashboard/h5_Online users' located by '//h5[@id='instance-169-header']' not found (Root cause: com.kms.katalon.core.exception.StepFailedException: com.kms.katalon.core.webui.exception.WebElementNotFoundException: Web element with id: 'Object Repository/Page_Dashboard/h5_Online users' located by '//h5[@id='instance-169-header']' not found
	at com.kms.katalon.core.webui.keyword.internal.WebUIKeywordMain.stepFailed(WebUIKeywordMain.groovy:64)
	at com.kms.katalon.core.webui.keyword.builtin.VerifyElementTextKeyword$_verifyElementText_closure1.doCall(VerifyElementTextKeyword.groovy:64)
	at com.kms.katalon.core.webui.keyword.builtin.VerifyElementTextKeyword$_verifyElementText_closure1.call(VerifyElementTextKeyword.groovy)
	at com.kms.katalon.core.webui.keyword.internal.WebUIKeywordMain.runKeyword(WebUIKeywordMain.groovy:20)
	at com.kms.katalon.core.webui.keyword.builtin.VerifyElementTextKeyword.verifyElementText(VerifyElementTextKeyword.groovy:72)
	at com.kms.katalon.core.webui.keyword.builtin.VerifyElementTextKeyword.execute(VerifyElementTextKeyword.groovy:40)
	at com.kms.katalon.core.keyword.internal.KeywordExecutor.executeKeywordForPlatform(KeywordExecutor.groovy:74)
	at com.kms.katalon.core.webui.keyword.WebUiBuiltInKeywords.verifyElementText(WebUiBuiltInKeywords.groovy:4749)
	at com.kms.katalon.core.webui.keyword.WebUiBuiltInKeywords$verifyElementText$7.call(Unknown Source)
	at test case 34.run(test case 34:34)
	at com.kms.katalon.core.main.ScriptEngine.run(ScriptEngine.java:194)
	at com.kms.katalon.core.main.ScriptEngine.runScriptAsRawText(ScriptEngine.java:119)
	at com.kms.katalon.core.main.TestCaseExecutor.runScript(TestCaseExecutor.java:442)
	at com.kms.katalon.core.main.TestCaseExecutor.doExecute(TestCaseExecutor.java:433)
	at com.kms.katalon.core.main.TestCaseExecutor.processExecutionPhase(TestCaseExecutor.java:412)
	at com.kms.katalon.core.main.TestCaseExecutor.accessMainPhase(TestCaseExecutor.java:404)
	at com.kms.katalon.core.main.TestCaseExecutor.execute(TestCaseExecutor.java:281)
	at com.kms.katalon.core.main.TestSuiteExecutor.accessTestCaseMainPhase(TestSuiteExecutor.java:202)
	at com.kms.katalon.core.main.TestSuiteExecutor.accessTestSuiteMainPhase(TestSuiteExecutor.java:164)
	at com.kms.katalon.core.main.TestSuiteExecutor.execute(TestSuiteExecutor.java:105)
	at com.kms.katalon.core.main.TestCaseMain.startTestSuite(TestCaseMain.java:181)
	at com.kms.katalon.core.main.TestCaseMain$startTestSuite$0.call(Unknown Source)
	at TempTestSuite1642373806466.run(TempTestSuite1642373806466.groovy:36)
)
[[ATTACHMENT|D:\\Test-Automation-SE-Bonus\\Test-Automation-SE-Bonus\\Reports\\20220117_055646\\Run all test cases\\20220117_055646\\1642377189672.png]]

2022-01-17 06:53:09 - [MESSAGE][FAILED] - Verify element text of test object 'Object Repository/Page_Dashboard/h5_Online users' FAILED. (Root cause: com.kms.katalon.core.exception.StepFailedException: Verify element text of test object 'Object Repository/Page_Dashboard/h5_Online users' FAILED.
	at com.kms.katalon.core.webui.keyword.internal.WebUIKeywordMain.stepFailed(WebUIKeywordMain.groovy:64)
	at com.kms.katalon.core.webui.keyword.internal.WebUIKeywordMain.runKeyword(WebUIKeywordMain.groovy:26)
	at com.kms.katalon.core.webui.keyword.builtin.VerifyElementTextKeyword.verifyElementText(VerifyElementTextKeyword.groovy:72)
	at com.kms.katalon.core.webui.keyword.builtin.VerifyElementTextKeyword.execute(VerifyElementTextKeyword.groovy:40)
	at com.kms.katalon.core.keyword.internal.KeywordExecutor.executeKeywordForPlatform(KeywordExecutor.groovy:74)
	at com.kms.katalon.core.webui.keyword.WebUiBuiltInKeywords.verifyElementText(WebUiBuiltInKeywords.groovy:4749)
	at com.kms.katalon.core.webui.keyword.WebUiBuiltInKeywords$verifyElementText$7.call(Unknown Source)
	at test case 34.run(test case 34:34)
	at com.kms.katalon.core.main.ScriptEngine.run(ScriptEngine.java:194)
	at com.kms.katalon.core.main.ScriptEngine.runScriptAsRawText(ScriptEngine.java:119)
	at com.kms.katalon.core.main.TestCaseExecutor.runScript(TestCaseExecutor.java:442)
	at com.kms.katalon.core.main.TestCaseExecutor.doExecute(TestCaseExecutor.java:433)
	at com.kms.katalon.core.main.TestCaseExecutor.processExecutionPhase(TestCaseExecutor.java:412)
	at com.kms.katalon.core.main.TestCaseExecutor.accessMainPhase(TestCaseExecutor.java:404)
	at com.kms.katalon.core.main.TestCaseExecutor.execute(TestCaseExecutor.java:281)
	at com.kms.katalon.core.main.TestSuiteExecutor.accessTestCaseMainPhase(TestSuiteExecutor.java:202)
	at com.kms.katalon.core.main.TestSuiteExecutor.accessTestSuiteMainPhase(TestSuiteExecutor.java:164)
	at com.kms.katalon.core.main.TestSuiteExecutor.execute(TestSuiteExecutor.java:105)
	at com.kms.katalon.core.main.TestCaseMain.startTestSuite(TestCaseMain.java:181)
	at com.kms.katalon.core.main.TestCaseMain$startTestSuite$0.call(Unknown Source)
	at TempTestSuite1642373806466.run(TempTestSuite1642373806466.groovy:36)
Caused by: com.kms.katalon.core.exception.StepFailedException: com.kms.katalon.core.webui.exception.WebElementNotFoundException: Web element with id: 'Object Repository/Page_Dashboard/h5_Online users' located by '//h5[@id='instance-169-header']' not found
	at com.kms.katalon.core.webui.keyword.internal.WebUIKeywordMain.stepFailed(WebUIKeywordMain.groovy:64)
	at com.kms.katalon.core.webui.keyword.builtin.VerifyElementTextKeyword$_verifyElementText_closure1.doCall(VerifyElementTextKeyword.groovy:64)
	at com.kms.katalon.core.webui.keyword.builtin.VerifyElementTextKeyword$_verifyElementText_closure1.call(VerifyElementTextKeyword.groovy)
	at com.kms.katalon.core.webui.keyword.internal.WebUIKeywordMain.runKeyword(WebUIKeywordMain.groovy:20)
	... 19 more
)
[[ATTACHMENT|D:\\Test-Automation-SE-Bonus\\Test-Automation-SE-Bonus\\Reports\\20220117_055646\\Run all test cases\\20220117_055646\\1642377189792.png]]]]></system-out>
         <system-err><![CDATA[2022-01-17 06:52:27 - [TEST_CASE][FAILED] - Test Cases/test case 34: Test Cases/test case 34 FAILED.
Reason:
com.kms.katalon.core.exception.StepFailedException: Verify element text of test object 'Object Repository/Page_Dashboard/h5_Online users' FAILED.
	at com.kms.katalon.core.webui.keyword.internal.WebUIKeywordMain.stepFailed(WebUIKeywordMain.groovy:64)
	at com.kms.katalon.core.webui.keyword.internal.WebUIKeywordMain.runKeyword(WebUIKeywordMain.groovy:26)
	at com.kms.katalon.core.webui.keyword.builtin.VerifyElementTextKeyword.verifyElementText(VerifyElementTextKeyword.groovy:72)
	at com.kms.katalon.core.webui.keyword.builtin.VerifyElementTextKeyword.execute(VerifyElementTextKeyword.groovy:40)
	at com.kms.katalon.core.keyword.internal.KeywordExecutor.executeKeywordForPlatform(KeywordExecutor.groovy:74)
	at com.kms.katalon.core.webui.keyword.WebUiBuiltInKeywords.verifyElementText(WebUiBuiltInKeywords.groovy:4749)
	at com.kms.katalon.core.webui.keyword.WebUiBuiltInKeywords$verifyElementText$7.call(Unknown Source)
	at test case 34.run(test case 34:34)
	at com.kms.katalon.core.main.ScriptEngine.run(ScriptEngine.java:194)
	at com.kms.katalon.core.main.ScriptEngine.runScriptAsRawText(ScriptEngine.java:119)
	at com.kms.katalon.core.main.TestCaseExecutor.runScript(TestCaseExecutor.java:442)
	at com.kms.katalon.core.main.TestCaseExecutor.doExecute(TestCaseExecutor.java:433)
	at com.kms.katalon.core.main.TestCaseExecutor.processExecutionPhase(TestCaseExecutor.java:412)
	at com.kms.katalon.core.main.TestCaseExecutor.accessMainPhase(TestCaseExecutor.java:404)
	at com.kms.katalon.core.main.TestCaseExecutor.execute(TestCaseExecutor.java:281)
	at com.kms.katalon.core.main.TestSuiteExecutor.accessTestCaseMainPhase(TestSuiteExecutor.java:202)
	at com.kms.katalon.core.main.TestSuiteExecutor.accessTestSuiteMainPhase(TestSuiteExecutor.java:164)
	at com.kms.katalon.core.main.TestSuiteExecutor.execute(TestSuiteExecutor.java:105)
	at com.kms.katalon.core.main.TestCaseMain.startTestSuite(TestCaseMain.java:181)
	at com.kms.katalon.core.main.TestCaseMain$startTestSuite$0.call(Unknown Source)
	at TempTestSuite1642373806466.run(TempTestSuite1642373806466.groovy:36)
Caused by: com.kms.katalon.core.exception.StepFailedException: com.kms.katalon.core.webui.exception.WebElementNotFoundException: Web element with id: 'Object Repository/Page_Dashboard/h5_Online users' located by '//h5[@id='instance-169-header']' not found
	at com.kms.katalon.core.webui.keyword.internal.WebUIKeywordMain.stepFailed(WebUIKeywordMain.groovy:64)
	at com.kms.katalon.core.webui.keyword.builtin.VerifyElementTextKeyword$_verifyElementText_closure1.doCall(VerifyElementTextKeyword.groovy:64)
	at com.kms.katalon.core.webui.keyword.builtin.VerifyElementTextKeyword$_verifyElementText_closure1.call(VerifyElementTextKeyword.groovy)
	at com.kms.katalon.core.webui.keyword.internal.WebUIKeywordMain.runKeyword(WebUIKeywordMain.groovy:20)
	... 19 more]]></system-err>
      </testcase>
      <testcase name="Test Cases/test case 35" time="60.921" classname="Test Cases/test case 35" status="FAILED">
         <failure type="FAILED" message="Test Cases/test case 35 FAILED.
Reason:
com.kms.katalon.core.exception.StepFailedException: Verify element text of test object 'Object Repository/Page_Dashboard/span_IntroCS' FAILED.
	at com.kms.katalon.core.webui.keyword.internal.WebUIKeywordMain.stepFailed(WebUIKeywordMain.groovy:64)
	at com.kms.katalon.core.webui.keyword.internal.WebUIKeywordMain.runKeyword(WebUIKeywordMain.groovy:26)
	at com.kms.katalon.core.webui.keyword.builtin.VerifyElementTextKeyword.verifyElementText(VerifyElementTextKeyword.groovy:72)
	at com.kms.katalon.core.webui.keyword.builtin.VerifyElementTextKeyword.execute(VerifyElementTextKeyword.groovy:40)
	at com.kms.katalon.core.keyword.internal.KeywordExecutor.executeKeywordForPlatform(KeywordExecutor.groovy:74)
	at com.kms.katalon.core.webui.keyword.WebUiBuiltInKeywords.verifyElementText(WebUiBuiltInKeywords.groovy:4749)
	at com.kms.katalon.core.webui.keyword.WebUiBuiltInKeywords$verifyElementText$7.call(Unknown Source)
	at test case 35.run(test case 35:34)
	at com.kms.katalon.core.main.ScriptEngine.run(ScriptEngine.java:194)
	at com.kms.katalon.core.main.ScriptEngine.runScriptAsRawText(ScriptEngine.java:119)
	at com.kms.katalon.core.main.TestCaseExecutor.runScript(TestCaseExecutor.java:442)
	at com.kms.katalon.core.main.TestCaseExecutor.doExecute(TestCaseExecutor.java:433)
	at com.kms.katalon.core.main.TestCaseExecutor.processExecutionPhase(TestCaseExecutor.java:412)
	at com.kms.katalon.core.main.TestCaseExecutor.accessMainPhase(TestCaseExecutor.java:404)
	at com.kms.katalon.core.main.TestCaseExecutor.execute(TestCaseExecutor.java:281)
	at com.kms.katalon.core.main.TestSuiteExecutor.accessTestCaseMainPhase(TestSuiteExecutor.java:202)
	at com.kms.katalon.core.main.TestSuiteExecutor.accessTestSuiteMainPhase(TestSuiteExecutor.java:164)
	at com.kms.katalon.core.main.TestSuiteExecutor.execute(TestSuiteExecutor.java:105)
	at com.kms.katalon.core.main.TestCaseMain.startTestSuite(TestCaseMain.java:181)
	at com.kms.katalon.core.main.TestCaseMain$startTestSuite$0.call(Unknown Source)
	at TempTestSuite1642373806466.run(TempTestSuite1642373806466.groovy:36)
Caused by: com.kms.katalon.core.exception.StepFailedException: com.kms.katalon.core.webui.exception.WebElementNotFoundException: Web element with id: 'Object Repository/Page_Dashboard/span_IntroCS' located by '//div[@id='nav-drawer']/nav/ul/li[6]/a/div/div/span[2]' not found
	at com.kms.katalon.core.webui.keyword.internal.WebUIKeywordMain.stepFailed(WebUIKeywordMain.groovy:64)
	at com.kms.katalon.core.webui.keyword.builtin.VerifyElementTextKeyword$_verifyElementText_closure1.doCall(VerifyElementTextKeyword.groovy:64)
	at com.kms.katalon.core.webui.keyword.builtin.VerifyElementTextKeyword$_verifyElementText_closure1.call(VerifyElementTextKeyword.groovy)
	at com.kms.katalon.core.webui.keyword.internal.WebUIKeywordMain.runKeyword(WebUIKeywordMain.groovy:20)
	... 19 more
"/>
         <system-out><![CDATA[2022-01-17 06:53:09 - [TEST_CASE][FAILED] - Test Cases/test case 35: Test Cases/test case 35 FAILED.
Reason:
com.kms.katalon.core.exception.StepFailedException: Verify element text of test object 'Object Repository/Page_Dashboard/span_IntroCS' FAILED.
	at com.kms.katalon.core.webui.keyword.internal.WebUIKeywordMain.stepFailed(WebUIKeywordMain.groovy:64)
	at com.kms.katalon.core.webui.keyword.internal.WebUIKeywordMain.runKeyword(WebUIKeywordMain.groovy:26)
	at com.kms.katalon.core.webui.keyword.builtin.VerifyElementTextKeyword.verifyElementText(VerifyElementTextKeyword.groovy:72)
	at com.kms.katalon.core.webui.keyword.builtin.VerifyElementTextKeyword.execute(VerifyElementTextKeyword.groovy:40)
	at com.kms.katalon.core.keyword.internal.KeywordExecutor.executeKeywordForPlatform(KeywordExecutor.groovy:74)
	at com.kms.katalon.core.webui.keyword.WebUiBuiltInKeywords.verifyElementText(WebUiBuiltInKeywords.groovy:4749)
	at com.kms.katalon.core.webui.keyword.WebUiBuiltInKeywords$verifyElementText$7.call(Unknown Source)
	at test case 35.run(test case 35:34)
	at com.kms.katalon.core.main.ScriptEngine.run(ScriptEngine.java:194)
	at com.kms.katalon.core.main.ScriptEngine.runScriptAsRawText(ScriptEngine.java:119)
	at com.kms.katalon.core.main.TestCaseExecutor.runScript(TestCaseExecutor.java:442)
	at com.kms.katalon.core.main.TestCaseExecutor.doExecute(TestCaseExecutor.java:433)
	at com.kms.katalon.core.main.TestCaseExecutor.processExecutionPhase(TestCaseExecutor.java:412)
	at com.kms.katalon.core.main.TestCaseExecutor.accessMainPhase(TestCaseExecutor.java:404)
	at com.kms.katalon.core.main.TestCaseExecutor.execute(TestCaseExecutor.java:281)
	at com.kms.katalon.core.main.TestSuiteExecutor.accessTestCaseMainPhase(TestSuiteExecutor.java:202)
	at com.kms.katalon.core.main.TestSuiteExecutor.accessTestSuiteMainPhase(TestSuiteExecutor.java:164)
	at com.kms.katalon.core.main.TestSuiteExecutor.execute(TestSuiteExecutor.java:105)
	at com.kms.katalon.core.main.TestCaseMain.startTestSuite(TestCaseMain.java:181)
	at com.kms.katalon.core.main.TestCaseMain$startTestSuite$0.call(Unknown Source)
	at TempTestSuite1642373806466.run(TempTestSuite1642373806466.groovy:36)
Caused by: com.kms.katalon.core.exception.StepFailedException: com.kms.katalon.core.webui.exception.WebElementNotFoundException: Web element with id: 'Object Repository/Page_Dashboard/span_IntroCS' located by '//div[@id='nav-drawer']/nav/ul/li[6]/a/div/div/span[2]' not found
	at com.kms.katalon.core.webui.keyword.internal.WebUIKeywordMain.stepFailed(WebUIKeywordMain.groovy:64)
	at com.kms.katalon.core.webui.keyword.builtin.VerifyElementTextKeyword$_verifyElementText_closure1.doCall(VerifyElementTextKeyword.groovy:64)
	at com.kms.katalon.core.webui.keyword.builtin.VerifyElementTextKeyword$_verifyElementText_closure1.call(VerifyElementTextKeyword.groovy)
	at com.kms.katalon.core.webui.keyword.internal.WebUIKeywordMain.runKeyword(WebUIKeywordMain.groovy:20)
	... 19 more


2022-01-17 06:53:10 - [TEST_STEP][PASSED] - openBrowser(""): Browser is opened with url: ''

2022-01-17 06:53:10 - [MESSAGE][WARNING] - A browser is already opened. Closing browser and opening a new one

2022-01-17 06:53:10 - [MESSAGE][INFO] - Starting 'Chrome' driver

2022-01-17 06:53:10 - [MESSAGE][INFO] - Action delay is set to 0 milliseconds

2022-01-17 06:53:11 - [MESSAGE][PASSED] - Browser is opened with url: ''

2022-01-17 06:53:11 - [TEST_STEP][PASSED] - navigateToUrl("http://localhost/"): Navigate to 'http://localhost/' successfully

2022-01-17 06:53:13 - [MESSAGE][PASSED] - Navigate to 'http://localhost/' successfully

2022-01-17 06:53:13 - [TEST_STEP][PASSED] - click(findTestObject("Object Repository/Page_Moodle/a_Log in")): Object: 'Object Repository/Page_Moodle/a_Log in' is clicked on

2022-01-17 06:53:13 - [MESSAGE][PASSED] - Object: 'Object Repository/Page_Moodle/a_Log in' is clicked on

2022-01-17 06:53:13 - [TEST_STEP][PASSED] - doubleClick(findTestObject("Object Repository/Page_Moodle Log in to the site/input_Username_username")): Object: 'Object Repository/Page_Moodle Log in to the site/input_Username_username' is double clicked on

2022-01-17 06:53:14 - [MESSAGE][PASSED] - Object: 'Object Repository/Page_Moodle Log in to the site/input_Username_username' is double clicked on

2022-01-17 06:53:14 - [TEST_STEP][PASSED] - setText(findTestObject("Object Repository/Page_Moodle Log in to the site/input_Username_username"), "nmthu"): Text 'nmthu' is set on object 'Object Repository/Page_Moodle Log in to the site/input_Username_username'

2022-01-17 06:53:15 - [MESSAGE][PASSED] - Text 'nmthu' is set on object 'Object Repository/Page_Moodle Log in to the site/input_Username_username'

2022-01-17 06:53:15 - [TEST_STEP][PASSED] - setEncryptedText(findTestObject("Object Repository/Page_Moodle Log in to the site/input_Password_password"), "zm/yZ1suVYniggK+4Jo9ew=="): Text ****** has been set on object 'Object Repository/Page_Moodle Log in to the site/input_Password_password'

2022-01-17 06:53:15 - [MESSAGE][PASSED] - Text ****** has been set on object 'Object Repository/Page_Moodle Log in to the site/input_Password_password'

2022-01-17 06:53:15 - [TEST_STEP][PASSED] - click(findTestObject("Object Repository/Page_Moodle Log in to the site/button_Log in")): Object: 'Object Repository/Page_Moodle Log in to the site/button_Log in' is clicked on

2022-01-17 06:53:16 - [MESSAGE][PASSED] - Object: 'Object Repository/Page_Moodle Log in to the site/button_Log in' is clicked on

2022-01-17 06:53:16 - [TEST_STEP][FAILED] - verifyElementText(findTestObject("Object Repository/Page_Dashboard/span_IntroCS"), "IntroCS"): Verify element text of test object 'Object Repository/Page_Dashboard/span_IntroCS' FAILED. (Root cause: com.kms.katalon.core.exception.StepFailedException: Verify element text of test object 'Object Repository/Page_Dashboard/span_IntroCS' FAILED.
	at com.kms.katalon.core.webui.keyword.internal.WebUIKeywordMain.stepFailed(WebUIKeywordMain.groovy:64)
	at com.kms.katalon.core.webui.keyword.internal.WebUIKeywordMain.runKeyword(WebUIKeywordMain.groovy:26)
	at com.kms.katalon.core.webui.keyword.builtin.VerifyElementTextKeyword.verifyElementText(VerifyElementTextKeyword.groovy:72)
	at com.kms.katalon.core.webui.keyword.builtin.VerifyElementTextKeyword.execute(VerifyElementTextKeyword.groovy:40)
	at com.kms.katalon.core.keyword.internal.KeywordExecutor.executeKeywordForPlatform(KeywordExecutor.groovy:74)
	at com.kms.katalon.core.webui.keyword.WebUiBuiltInKeywords.verifyElementText(WebUiBuiltInKeywords.groovy:4749)
	at com.kms.katalon.core.webui.keyword.WebUiBuiltInKeywords$verifyElementText$7.call(Unknown Source)
	at test case 35.run(test case 35:34)
	at com.kms.katalon.core.main.ScriptEngine.run(ScriptEngine.java:194)
	at com.kms.katalon.core.main.ScriptEngine.runScriptAsRawText(ScriptEngine.java:119)
	at com.kms.katalon.core.main.TestCaseExecutor.runScript(TestCaseExecutor.java:442)
	at com.kms.katalon.core.main.TestCaseExecutor.doExecute(TestCaseExecutor.java:433)
	at com.kms.katalon.core.main.TestCaseExecutor.processExecutionPhase(TestCaseExecutor.java:412)
	at com.kms.katalon.core.main.TestCaseExecutor.accessMainPhase(TestCaseExecutor.java:404)
	at com.kms.katalon.core.main.TestCaseExecutor.execute(TestCaseExecutor.java:281)
	at com.kms.katalon.core.main.TestSuiteExecutor.accessTestCaseMainPhase(TestSuiteExecutor.java:202)
	at com.kms.katalon.core.main.TestSuiteExecutor.accessTestSuiteMainPhase(TestSuiteExecutor.java:164)
	at com.kms.katalon.core.main.TestSuiteExecutor.execute(TestSuiteExecutor.java:105)
	at com.kms.katalon.core.main.TestCaseMain.startTestSuite(TestCaseMain.java:181)
	at com.kms.katalon.core.main.TestCaseMain$startTestSuite$0.call(Unknown Source)
	at TempTestSuite1642373806466.run(TempTestSuite1642373806466.groovy:36)
Caused by: com.kms.katalon.core.exception.StepFailedException: com.kms.katalon.core.webui.exception.WebElementNotFoundException: Web element with id: 'Object Repository/Page_Dashboard/span_IntroCS' located by '//div[@id='nav-drawer']/nav/ul/li[6]/a/div/div/span[2]' not found
	at com.kms.katalon.core.webui.keyword.internal.WebUIKeywordMain.stepFailed(WebUIKeywordMain.groovy:64)
	at com.kms.katalon.core.webui.keyword.builtin.VerifyElementTextKeyword$_verifyElementText_closure1.doCall(VerifyElementTextKeyword.groovy:64)
	at com.kms.katalon.core.webui.keyword.builtin.VerifyElementTextKeyword$_verifyElementText_closure1.call(VerifyElementTextKeyword.groovy)
	at com.kms.katalon.core.webui.keyword.internal.WebUIKeywordMain.runKeyword(WebUIKeywordMain.groovy:20)
	... 19 more
)

2022-01-17 06:53:48 - [MESSAGE][INFO] - Unable to find the element located by 'By.xpath: //div[@id='nav-drawer']/nav/ul/li[6]/a/div/div/span[2]'. Please recheck the objects properties to make sure the desired element is located. 

2022-01-17 06:53:48 - [MESSAGE][WARNING] - [SELF-HEALING] Failed to find element with id 'Object Repository/Page_Dashboard/span_IntroCS'. Try using Self-healing.

2022-01-17 06:53:50 - [MESSAGE][INFO] - [SELF-HEALING] Failed Locator: '//div[@id='nav-drawer']/nav/ul/li[6]/a/div/div/span[2]'.

2022-01-17 06:53:52 - [MESSAGE][INFO] - [SELF-HEALING] Failed Locator: '(.//*[normalize-space(text()) and normalize-space(.)='My courses'])[1]/following::span[2]'.

2022-01-17 06:53:54 - [MESSAGE][INFO] - [SELF-HEALING] Failed Locator: '(.//*[normalize-space(text()) and normalize-space(.)='Private files'])[1]/following::span[4]'.

2022-01-17 06:53:56 - [MESSAGE][INFO] - [SELF-HEALING] Failed Locator: '(.//*[normalize-space(text()) and normalize-space(.)='Math'])[1]/preceding::span[2]'.

2022-01-17 06:53:58 - [MESSAGE][INFO] - [SELF-HEALING] Failed Locator: '(.//*[normalize-space(text()) and normalize-space(.)='Mood: Dashboard'])[1]/preceding::span[3]'.

2022-01-17 06:54:00 - [MESSAGE][INFO] - [SELF-HEALING] Failed Locator: '//*/text()[normalize-space(.)='IntroCS']/parent::*'.

2022-01-17 06:54:02 - [MESSAGE][INFO] - [SELF-HEALING] Failed Locator: '//li[6]/a/div/div/span[2]'.

2022-01-17 06:54:04 - [MESSAGE][INFO] - [SELF-HEALING] Failed Locator: '(.//*[normalize-space(text()) and normalize-space(.)='Mood: Dashboard'])[1]/preceding::span[1]'.

2022-01-17 06:54:06 - [MESSAGE][INFO] - [SELF-HEALING] Failed Locator: '(.//*[normalize-space(text()) and normalize-space(.)='Customise this page'])[1]/preceding::span[1]'.

2022-01-17 06:54:08 - [MESSAGE][INFO] - Unable to find the element located by 'By.xpath: //*[(text() = 'IntroCS' or . = 'IntroCS')]'. Please recheck the objects properties to make sure the desired element is located. 

2022-01-17 06:54:10 - [MESSAGE][INFO] - Unable to find the element located by 'By.cssSelector: '. Please recheck the objects properties to make sure the desired element is located. 

2022-01-17 06:54:10 - [MESSAGE][FAILED] - com.kms.katalon.core.webui.exception.WebElementNotFoundException: Web element with id: 'Object Repository/Page_Dashboard/span_IntroCS' located by '//div[@id='nav-drawer']/nav/ul/li[6]/a/div/div/span[2]' not found (Root cause: com.kms.katalon.core.exception.StepFailedException: com.kms.katalon.core.webui.exception.WebElementNotFoundException: Web element with id: 'Object Repository/Page_Dashboard/span_IntroCS' located by '//div[@id='nav-drawer']/nav/ul/li[6]/a/div/div/span[2]' not found
	at com.kms.katalon.core.webui.keyword.internal.WebUIKeywordMain.stepFailed(WebUIKeywordMain.groovy:64)
	at com.kms.katalon.core.webui.keyword.builtin.VerifyElementTextKeyword$_verifyElementText_closure1.doCall(VerifyElementTextKeyword.groovy:64)
	at com.kms.katalon.core.webui.keyword.builtin.VerifyElementTextKeyword$_verifyElementText_closure1.call(VerifyElementTextKeyword.groovy)
	at com.kms.katalon.core.webui.keyword.internal.WebUIKeywordMain.runKeyword(WebUIKeywordMain.groovy:20)
	at com.kms.katalon.core.webui.keyword.builtin.VerifyElementTextKeyword.verifyElementText(VerifyElementTextKeyword.groovy:72)
	at com.kms.katalon.core.webui.keyword.builtin.VerifyElementTextKeyword.execute(VerifyElementTextKeyword.groovy:40)
	at com.kms.katalon.core.keyword.internal.KeywordExecutor.executeKeywordForPlatform(KeywordExecutor.groovy:74)
	at com.kms.katalon.core.webui.keyword.WebUiBuiltInKeywords.verifyElementText(WebUiBuiltInKeywords.groovy:4749)
	at com.kms.katalon.core.webui.keyword.WebUiBuiltInKeywords$verifyElementText$7.call(Unknown Source)
	at test case 35.run(test case 35:34)
	at com.kms.katalon.core.main.ScriptEngine.run(ScriptEngine.java:194)
	at com.kms.katalon.core.main.ScriptEngine.runScriptAsRawText(ScriptEngine.java:119)
	at com.kms.katalon.core.main.TestCaseExecutor.runScript(TestCaseExecutor.java:442)
	at com.kms.katalon.core.main.TestCaseExecutor.doExecute(TestCaseExecutor.java:433)
	at com.kms.katalon.core.main.TestCaseExecutor.processExecutionPhase(TestCaseExecutor.java:412)
	at com.kms.katalon.core.main.TestCaseExecutor.accessMainPhase(TestCaseExecutor.java:404)
	at com.kms.katalon.core.main.TestCaseExecutor.execute(TestCaseExecutor.java:281)
	at com.kms.katalon.core.main.TestSuiteExecutor.accessTestCaseMainPhase(TestSuiteExecutor.java:202)
	at com.kms.katalon.core.main.TestSuiteExecutor.accessTestSuiteMainPhase(TestSuiteExecutor.java:164)
	at com.kms.katalon.core.main.TestSuiteExecutor.execute(TestSuiteExecutor.java:105)
	at com.kms.katalon.core.main.TestCaseMain.startTestSuite(TestCaseMain.java:181)
	at com.kms.katalon.core.main.TestCaseMain$startTestSuite$0.call(Unknown Source)
	at TempTestSuite1642373806466.run(TempTestSuite1642373806466.groovy:36)
)
[[ATTACHMENT|D:\\Test-Automation-SE-Bonus\\Test-Automation-SE-Bonus\\Reports\\20220117_055646\\Run all test cases\\20220117_055646\\1642377250446.png]]

2022-01-17 06:54:10 - [MESSAGE][FAILED] - Verify element text of test object 'Object Repository/Page_Dashboard/span_IntroCS' FAILED. (Root cause: com.kms.katalon.core.exception.StepFailedException: Verify element text of test object 'Object Repository/Page_Dashboard/span_IntroCS' FAILED.
	at com.kms.katalon.core.webui.keyword.internal.WebUIKeywordMain.stepFailed(WebUIKeywordMain.groovy:64)
	at com.kms.katalon.core.webui.keyword.internal.WebUIKeywordMain.runKeyword(WebUIKeywordMain.groovy:26)
	at com.kms.katalon.core.webui.keyword.builtin.VerifyElementTextKeyword.verifyElementText(VerifyElementTextKeyword.groovy:72)
	at com.kms.katalon.core.webui.keyword.builtin.VerifyElementTextKeyword.execute(VerifyElementTextKeyword.groovy:40)
	at com.kms.katalon.core.keyword.internal.KeywordExecutor.executeKeywordForPlatform(KeywordExecutor.groovy:74)
	at com.kms.katalon.core.webui.keyword.WebUiBuiltInKeywords.verifyElementText(WebUiBuiltInKeywords.groovy:4749)
	at com.kms.katalon.core.webui.keyword.WebUiBuiltInKeywords$verifyElementText$7.call(Unknown Source)
	at test case 35.run(test case 35:34)
	at com.kms.katalon.core.main.ScriptEngine.run(ScriptEngine.java:194)
	at com.kms.katalon.core.main.ScriptEngine.runScriptAsRawText(ScriptEngine.java:119)
	at com.kms.katalon.core.main.TestCaseExecutor.runScript(TestCaseExecutor.java:442)
	at com.kms.katalon.core.main.TestCaseExecutor.doExecute(TestCaseExecutor.java:433)
	at com.kms.katalon.core.main.TestCaseExecutor.processExecutionPhase(TestCaseExecutor.java:412)
	at com.kms.katalon.core.main.TestCaseExecutor.accessMainPhase(TestCaseExecutor.java:404)
	at com.kms.katalon.core.main.TestCaseExecutor.execute(TestCaseExecutor.java:281)
	at com.kms.katalon.core.main.TestSuiteExecutor.accessTestCaseMainPhase(TestSuiteExecutor.java:202)
	at com.kms.katalon.core.main.TestSuiteExecutor.accessTestSuiteMainPhase(TestSuiteExecutor.java:164)
	at com.kms.katalon.core.main.TestSuiteExecutor.execute(TestSuiteExecutor.java:105)
	at com.kms.katalon.core.main.TestCaseMain.startTestSuite(TestCaseMain.java:181)
	at com.kms.katalon.core.main.TestCaseMain$startTestSuite$0.call(Unknown Source)
	at TempTestSuite1642373806466.run(TempTestSuite1642373806466.groovy:36)
Caused by: com.kms.katalon.core.exception.StepFailedException: com.kms.katalon.core.webui.exception.WebElementNotFoundException: Web element with id: 'Object Repository/Page_Dashboard/span_IntroCS' located by '//div[@id='nav-drawer']/nav/ul/li[6]/a/div/div/span[2]' not found
	at com.kms.katalon.core.webui.keyword.internal.WebUIKeywordMain.stepFailed(WebUIKeywordMain.groovy:64)
	at com.kms.katalon.core.webui.keyword.builtin.VerifyElementTextKeyword$_verifyElementText_closure1.doCall(VerifyElementTextKeyword.groovy:64)
	at com.kms.katalon.core.webui.keyword.builtin.VerifyElementTextKeyword$_verifyElementText_closure1.call(VerifyElementTextKeyword.groovy)
	at com.kms.katalon.core.webui.keyword.internal.WebUIKeywordMain.runKeyword(WebUIKeywordMain.groovy:20)
	... 19 more
)
[[ATTACHMENT|D:\\Test-Automation-SE-Bonus\\Test-Automation-SE-Bonus\\Reports\\20220117_055646\\Run all test cases\\20220117_055646\\1642377250694.png]]]]></system-out>
         <system-err><![CDATA[2022-01-17 06:53:09 - [TEST_CASE][FAILED] - Test Cases/test case 35: Test Cases/test case 35 FAILED.
Reason:
com.kms.katalon.core.exception.StepFailedException: Verify element text of test object 'Object Repository/Page_Dashboard/span_IntroCS' FAILED.
	at com.kms.katalon.core.webui.keyword.internal.WebUIKeywordMain.stepFailed(WebUIKeywordMain.groovy:64)
	at com.kms.katalon.core.webui.keyword.internal.WebUIKeywordMain.runKeyword(WebUIKeywordMain.groovy:26)
	at com.kms.katalon.core.webui.keyword.builtin.VerifyElementTextKeyword.verifyElementText(VerifyElementTextKeyword.groovy:72)
	at com.kms.katalon.core.webui.keyword.builtin.VerifyElementTextKeyword.execute(VerifyElementTextKeyword.groovy:40)
	at com.kms.katalon.core.keyword.internal.KeywordExecutor.executeKeywordForPlatform(KeywordExecutor.groovy:74)
	at com.kms.katalon.core.webui.keyword.WebUiBuiltInKeywords.verifyElementText(WebUiBuiltInKeywords.groovy:4749)
	at com.kms.katalon.core.webui.keyword.WebUiBuiltInKeywords$verifyElementText$7.call(Unknown Source)
	at test case 35.run(test case 35:34)
	at com.kms.katalon.core.main.ScriptEngine.run(ScriptEngine.java:194)
	at com.kms.katalon.core.main.ScriptEngine.runScriptAsRawText(ScriptEngine.java:119)
	at com.kms.katalon.core.main.TestCaseExecutor.runScript(TestCaseExecutor.java:442)
	at com.kms.katalon.core.main.TestCaseExecutor.doExecute(TestCaseExecutor.java:433)
	at com.kms.katalon.core.main.TestCaseExecutor.processExecutionPhase(TestCaseExecutor.java:412)
	at com.kms.katalon.core.main.TestCaseExecutor.accessMainPhase(TestCaseExecutor.java:404)
	at com.kms.katalon.core.main.TestCaseExecutor.execute(TestCaseExecutor.java:281)
	at com.kms.katalon.core.main.TestSuiteExecutor.accessTestCaseMainPhase(TestSuiteExecutor.java:202)
	at com.kms.katalon.core.main.TestSuiteExecutor.accessTestSuiteMainPhase(TestSuiteExecutor.java:164)
	at com.kms.katalon.core.main.TestSuiteExecutor.execute(TestSuiteExecutor.java:105)
	at com.kms.katalon.core.main.TestCaseMain.startTestSuite(TestCaseMain.java:181)
	at com.kms.katalon.core.main.TestCaseMain$startTestSuite$0.call(Unknown Source)
	at TempTestSuite1642373806466.run(TempTestSuite1642373806466.groovy:36)
Caused by: com.kms.katalon.core.exception.StepFailedException: com.kms.katalon.core.webui.exception.WebElementNotFoundException: Web element with id: 'Object Repository/Page_Dashboard/span_IntroCS' located by '//div[@id='nav-drawer']/nav/ul/li[6]/a/div/div/span[2]' not found
	at com.kms.katalon.core.webui.keyword.internal.WebUIKeywordMain.stepFailed(WebUIKeywordMain.groovy:64)
	at com.kms.katalon.core.webui.keyword.builtin.VerifyElementTextKeyword$_verifyElementText_closure1.doCall(VerifyElementTextKeyword.groovy:64)
	at com.kms.katalon.core.webui.keyword.builtin.VerifyElementTextKeyword$_verifyElementText_closure1.call(VerifyElementTextKeyword.groovy)
	at com.kms.katalon.core.webui.keyword.internal.WebUIKeywordMain.runKeyword(WebUIKeywordMain.groovy:20)
	... 19 more]]></system-err>
      </testcase>
      <testcase name="Test Cases/test case 36" time="67.865" classname="Test Cases/test case 36" status="FAILED">
         <failure type="FAILED" message="Test Cases/test case 36 FAILED.
Reason:
com.kms.katalon.core.exception.StepFailedException: Verify element text of test object 'Object Repository/Page_Dashboard/span_Site home' FAILED.
	at com.kms.katalon.core.webui.keyword.internal.WebUIKeywordMain.stepFailed(WebUIKeywordMain.groovy:64)
	at com.kms.katalon.core.webui.keyword.internal.WebUIKeywordMain.runKeyword(WebUIKeywordMain.groovy:26)
	at com.kms.katalon.core.webui.keyword.builtin.VerifyElementTextKeyword.verifyElementText(VerifyElementTextKeyword.groovy:72)
	at com.kms.katalon.core.webui.keyword.builtin.VerifyElementTextKeyword.execute(VerifyElementTextKeyword.groovy:40)
	at com.kms.katalon.core.keyword.internal.KeywordExecutor.executeKeywordForPlatform(KeywordExecutor.groovy:74)
	at com.kms.katalon.core.webui.keyword.WebUiBuiltInKeywords.verifyElementText(WebUiBuiltInKeywords.groovy:4749)
	at com.kms.katalon.core.webui.keyword.WebUiBuiltInKeywords$verifyElementText$7.call(Unknown Source)
	at test case 36.run(test case 36:32)
	at com.kms.katalon.core.main.ScriptEngine.run(ScriptEngine.java:194)
	at com.kms.katalon.core.main.ScriptEngine.runScriptAsRawText(ScriptEngine.java:119)
	at com.kms.katalon.core.main.TestCaseExecutor.runScript(TestCaseExecutor.java:442)
	at com.kms.katalon.core.main.TestCaseExecutor.doExecute(TestCaseExecutor.java:433)
	at com.kms.katalon.core.main.TestCaseExecutor.processExecutionPhase(TestCaseExecutor.java:412)
	at com.kms.katalon.core.main.TestCaseExecutor.accessMainPhase(TestCaseExecutor.java:404)
	at com.kms.katalon.core.main.TestCaseExecutor.execute(TestCaseExecutor.java:281)
	at com.kms.katalon.core.main.TestSuiteExecutor.accessTestCaseMainPhase(TestSuiteExecutor.java:202)
	at com.kms.katalon.core.main.TestSuiteExecutor.accessTestSuiteMainPhase(TestSuiteExecutor.java:164)
	at com.kms.katalon.core.main.TestSuiteExecutor.execute(TestSuiteExecutor.java:105)
	at com.kms.katalon.core.main.TestCaseMain.startTestSuite(TestCaseMain.java:181)
	at com.kms.katalon.core.main.TestCaseMain$startTestSuite$0.call(Unknown Source)
	at TempTestSuite1642373806466.run(TempTestSuite1642373806466.groovy:36)
Caused by: com.kms.katalon.core.exception.StepFailedException: com.kms.katalon.core.webui.exception.WebElementNotFoundException: Web element with id: 'Object Repository/Page_Dashboard/span_Site home' located by '//div[@id='nav-drawer']/nav/ul/li[2]/a/div/div/span[2]' not found
	at com.kms.katalon.core.webui.keyword.internal.WebUIKeywordMain.stepFailed(WebUIKeywordMain.groovy:64)
	at com.kms.katalon.core.webui.keyword.builtin.VerifyElementTextKeyword$_verifyElementText_closure1.doCall(VerifyElementTextKeyword.groovy:64)
	at com.kms.katalon.core.webui.keyword.builtin.VerifyElementTextKeyword$_verifyElementText_closure1.call(VerifyElementTextKeyword.groovy)
	at com.kms.katalon.core.webui.keyword.internal.WebUIKeywordMain.runKeyword(WebUIKeywordMain.groovy:20)
	... 19 more
"/>
         <system-out><![CDATA[2022-01-17 06:54:10 - [TEST_CASE][FAILED] - Test Cases/test case 36: Test Cases/test case 36 FAILED.
Reason:
com.kms.katalon.core.exception.StepFailedException: Verify element text of test object 'Object Repository/Page_Dashboard/span_Site home' FAILED.
	at com.kms.katalon.core.webui.keyword.internal.WebUIKeywordMain.stepFailed(WebUIKeywordMain.groovy:64)
	at com.kms.katalon.core.webui.keyword.internal.WebUIKeywordMain.runKeyword(WebUIKeywordMain.groovy:26)
	at com.kms.katalon.core.webui.keyword.builtin.VerifyElementTextKeyword.verifyElementText(VerifyElementTextKeyword.groovy:72)
	at com.kms.katalon.core.webui.keyword.builtin.VerifyElementTextKeyword.execute(VerifyElementTextKeyword.groovy:40)
	at com.kms.katalon.core.keyword.internal.KeywordExecutor.executeKeywordForPlatform(KeywordExecutor.groovy:74)
	at com.kms.katalon.core.webui.keyword.WebUiBuiltInKeywords.verifyElementText(WebUiBuiltInKeywords.groovy:4749)
	at com.kms.katalon.core.webui.keyword.WebUiBuiltInKeywords$verifyElementText$7.call(Unknown Source)
	at test case 36.run(test case 36:32)
	at com.kms.katalon.core.main.ScriptEngine.run(ScriptEngine.java:194)
	at com.kms.katalon.core.main.ScriptEngine.runScriptAsRawText(ScriptEngine.java:119)
	at com.kms.katalon.core.main.TestCaseExecutor.runScript(TestCaseExecutor.java:442)
	at com.kms.katalon.core.main.TestCaseExecutor.doExecute(TestCaseExecutor.java:433)
	at com.kms.katalon.core.main.TestCaseExecutor.processExecutionPhase(TestCaseExecutor.java:412)
	at com.kms.katalon.core.main.TestCaseExecutor.accessMainPhase(TestCaseExecutor.java:404)
	at com.kms.katalon.core.main.TestCaseExecutor.execute(TestCaseExecutor.java:281)
	at com.kms.katalon.core.main.TestSuiteExecutor.accessTestCaseMainPhase(TestSuiteExecutor.java:202)
	at com.kms.katalon.core.main.TestSuiteExecutor.accessTestSuiteMainPhase(TestSuiteExecutor.java:164)
	at com.kms.katalon.core.main.TestSuiteExecutor.execute(TestSuiteExecutor.java:105)
	at com.kms.katalon.core.main.TestCaseMain.startTestSuite(TestCaseMain.java:181)
	at com.kms.katalon.core.main.TestCaseMain$startTestSuite$0.call(Unknown Source)
	at TempTestSuite1642373806466.run(TempTestSuite1642373806466.groovy:36)
Caused by: com.kms.katalon.core.exception.StepFailedException: com.kms.katalon.core.webui.exception.WebElementNotFoundException: Web element with id: 'Object Repository/Page_Dashboard/span_Site home' located by '//div[@id='nav-drawer']/nav/ul/li[2]/a/div/div/span[2]' not found
	at com.kms.katalon.core.webui.keyword.internal.WebUIKeywordMain.stepFailed(WebUIKeywordMain.groovy:64)
	at com.kms.katalon.core.webui.keyword.builtin.VerifyElementTextKeyword$_verifyElementText_closure1.doCall(VerifyElementTextKeyword.groovy:64)
	at com.kms.katalon.core.webui.keyword.builtin.VerifyElementTextKeyword$_verifyElementText_closure1.call(VerifyElementTextKeyword.groovy)
	at com.kms.katalon.core.webui.keyword.internal.WebUIKeywordMain.runKeyword(WebUIKeywordMain.groovy:20)
	... 19 more


2022-01-17 06:54:11 - [TEST_STEP][PASSED] - openBrowser(""): Browser is opened with url: ''

2022-01-17 06:54:11 - [MESSAGE][WARNING] - A browser is already opened. Closing browser and opening a new one

2022-01-17 06:54:11 - [MESSAGE][INFO] - Starting 'Chrome' driver

2022-01-17 06:54:11 - [MESSAGE][INFO] - Action delay is set to 0 milliseconds

2022-01-17 06:54:12 - [MESSAGE][PASSED] - Browser is opened with url: ''

2022-01-17 06:54:12 - [TEST_STEP][PASSED] - navigateToUrl("http://localhost/"): Navigate to 'http://localhost/' successfully

2022-01-17 06:54:14 - [MESSAGE][PASSED] - Navigate to 'http://localhost/' successfully

2022-01-17 06:54:14 - [TEST_STEP][PASSED] - click(findTestObject("Object Repository/Page_Moodle/a_Log in")): Object: 'Object Repository/Page_Moodle/a_Log in' is clicked on

2022-01-17 06:54:16 - [MESSAGE][PASSED] - Object: 'Object Repository/Page_Moodle/a_Log in' is clicked on

2022-01-17 06:54:16 - [TEST_STEP][PASSED] - setText(findTestObject("Object Repository/Page_Moodle Log in to the site/input_Username_username"), "nmthu"): Text 'nmthu' is set on object 'Object Repository/Page_Moodle Log in to the site/input_Username_username'

2022-01-17 06:54:21 - [MESSAGE][PASSED] - Text 'nmthu' is set on object 'Object Repository/Page_Moodle Log in to the site/input_Username_username'

2022-01-17 06:54:21 - [TEST_STEP][PASSED] - setEncryptedText(findTestObject("Object Repository/Page_Moodle Log in to the site/input_Password_password"), "zm/yZ1suVYniggK+4Jo9ew=="): Text ****** has been set on object 'Object Repository/Page_Moodle Log in to the site/input_Password_password'

2022-01-17 06:54:23 - [MESSAGE][PASSED] - Text ****** has been set on object 'Object Repository/Page_Moodle Log in to the site/input_Password_password'

2022-01-17 06:54:23 - [TEST_STEP][PASSED] - click(findTestObject("Object Repository/Page_Moodle Log in to the site/button_Log in")): Object: 'Object Repository/Page_Moodle Log in to the site/button_Log in' is clicked on

2022-01-17 06:54:25 - [MESSAGE][PASSED] - Object: 'Object Repository/Page_Moodle Log in to the site/button_Log in' is clicked on

2022-01-17 06:54:25 - [TEST_STEP][FAILED] - verifyElementText(findTestObject("Object Repository/Page_Dashboard/span_Site home"), "Site home"): Verify element text of test object 'Object Repository/Page_Dashboard/span_Site home' FAILED. (Root cause: com.kms.katalon.core.exception.StepFailedException: Verify element text of test object 'Object Repository/Page_Dashboard/span_Site home' FAILED.
	at com.kms.katalon.core.webui.keyword.internal.WebUIKeywordMain.stepFailed(WebUIKeywordMain.groovy:64)
	at com.kms.katalon.core.webui.keyword.internal.WebUIKeywordMain.runKeyword(WebUIKeywordMain.groovy:26)
	at com.kms.katalon.core.webui.keyword.builtin.VerifyElementTextKeyword.verifyElementText(VerifyElementTextKeyword.groovy:72)
	at com.kms.katalon.core.webui.keyword.builtin.VerifyElementTextKeyword.execute(VerifyElementTextKeyword.groovy:40)
	at com.kms.katalon.core.keyword.internal.KeywordExecutor.executeKeywordForPlatform(KeywordExecutor.groovy:74)
	at com.kms.katalon.core.webui.keyword.WebUiBuiltInKeywords.verifyElementText(WebUiBuiltInKeywords.groovy:4749)
	at com.kms.katalon.core.webui.keyword.WebUiBuiltInKeywords$verifyElementText$7.call(Unknown Source)
	at test case 36.run(test case 36:32)
	at com.kms.katalon.core.main.ScriptEngine.run(ScriptEngine.java:194)
	at com.kms.katalon.core.main.ScriptEngine.runScriptAsRawText(ScriptEngine.java:119)
	at com.kms.katalon.core.main.TestCaseExecutor.runScript(TestCaseExecutor.java:442)
	at com.kms.katalon.core.main.TestCaseExecutor.doExecute(TestCaseExecutor.java:433)
	at com.kms.katalon.core.main.TestCaseExecutor.processExecutionPhase(TestCaseExecutor.java:412)
	at com.kms.katalon.core.main.TestCaseExecutor.accessMainPhase(TestCaseExecutor.java:404)
	at com.kms.katalon.core.main.TestCaseExecutor.execute(TestCaseExecutor.java:281)
	at com.kms.katalon.core.main.TestSuiteExecutor.accessTestCaseMainPhase(TestSuiteExecutor.java:202)
	at com.kms.katalon.core.main.TestSuiteExecutor.accessTestSuiteMainPhase(TestSuiteExecutor.java:164)
	at com.kms.katalon.core.main.TestSuiteExecutor.execute(TestSuiteExecutor.java:105)
	at com.kms.katalon.core.main.TestCaseMain.startTestSuite(TestCaseMain.java:181)
	at com.kms.katalon.core.main.TestCaseMain$startTestSuite$0.call(Unknown Source)
	at TempTestSuite1642373806466.run(TempTestSuite1642373806466.groovy:36)
Caused by: com.kms.katalon.core.exception.StepFailedException: com.kms.katalon.core.webui.exception.WebElementNotFoundException: Web element with id: 'Object Repository/Page_Dashboard/span_Site home' located by '//div[@id='nav-drawer']/nav/ul/li[2]/a/div/div/span[2]' not found
	at com.kms.katalon.core.webui.keyword.internal.WebUIKeywordMain.stepFailed(WebUIKeywordMain.groovy:64)
	at com.kms.katalon.core.webui.keyword.builtin.VerifyElementTextKeyword$_verifyElementText_closure1.doCall(VerifyElementTextKeyword.groovy:64)
	at com.kms.katalon.core.webui.keyword.builtin.VerifyElementTextKeyword$_verifyElementText_closure1.call(VerifyElementTextKeyword.groovy)
	at com.kms.katalon.core.webui.keyword.internal.WebUIKeywordMain.runKeyword(WebUIKeywordMain.groovy:20)
	... 19 more
)

2022-01-17 06:54:58 - [MESSAGE][INFO] - Unable to find the element located by 'By.xpath: //div[@id='nav-drawer']/nav/ul/li[2]/a/div/div/span[2]'. Please recheck the objects properties to make sure the desired element is located. 

2022-01-17 06:54:58 - [MESSAGE][WARNING] - [SELF-HEALING] Failed to find element with id 'Object Repository/Page_Dashboard/span_Site home'. Try using Self-healing.

2022-01-17 06:55:00 - [MESSAGE][INFO] - [SELF-HEALING] Failed Locator: '//div[@id='nav-drawer']/nav/ul/li[2]/a/div/div/span[2]'.

2022-01-17 06:55:02 - [MESSAGE][INFO] - [SELF-HEALING] Failed Locator: '(.//*[normalize-space(text()) and normalize-space(.)='Dashboard'])[3]/following::span[2]'.

2022-01-17 06:55:04 - [MESSAGE][INFO] - [SELF-HEALING] Failed Locator: '(.//*[normalize-space(text()) and normalize-space(.)='Switch role to...'])[1]/following::span[4]'.

2022-01-17 06:55:06 - [MESSAGE][INFO] - [SELF-HEALING] Failed Locator: '(.//*[normalize-space(text()) and normalize-space(.)='Calendar'])[1]/preceding::span[2]'.

2022-01-17 06:55:08 - [MESSAGE][INFO] - [SELF-HEALING] Failed Locator: '(.//*[normalize-space(text()) and normalize-space(.)='Private files'])[1]/preceding::span[4]'.

2022-01-17 06:55:10 - [MESSAGE][INFO] - [SELF-HEALING] Failed Locator: '//*/text()[normalize-space(.)='Site home']/parent::*'.

2022-01-17 06:55:12 - [MESSAGE][INFO] - [SELF-HEALING] Failed Locator: '//li[2]/a/div/div/span[2]'.

2022-01-17 06:55:14 - [MESSAGE][INFO] - [SELF-HEALING] Failed Locator: '(.//*[normalize-space(text()) and normalize-space(.)='Log out'])[1]/following::span[4]'.

2022-01-17 06:55:16 - [MESSAGE][INFO] - Unable to find the element located by 'By.xpath: //*[(text() = 'Site home' or . = 'Site home')]'. Please recheck the objects properties to make sure the desired element is located. 

2022-01-17 06:55:18 - [MESSAGE][INFO] - Unable to find the element located by 'By.cssSelector: '. Please recheck the objects properties to make sure the desired element is located. 

2022-01-17 06:55:18 - [MESSAGE][FAILED] - com.kms.katalon.core.webui.exception.WebElementNotFoundException: Web element with id: 'Object Repository/Page_Dashboard/span_Site home' located by '//div[@id='nav-drawer']/nav/ul/li[2]/a/div/div/span[2]' not found (Root cause: com.kms.katalon.core.exception.StepFailedException: com.kms.katalon.core.webui.exception.WebElementNotFoundException: Web element with id: 'Object Repository/Page_Dashboard/span_Site home' located by '//div[@id='nav-drawer']/nav/ul/li[2]/a/div/div/span[2]' not found
	at com.kms.katalon.core.webui.keyword.internal.WebUIKeywordMain.stepFailed(WebUIKeywordMain.groovy:64)
	at com.kms.katalon.core.webui.keyword.builtin.VerifyElementTextKeyword$_verifyElementText_closure1.doCall(VerifyElementTextKeyword.groovy:64)
	at com.kms.katalon.core.webui.keyword.builtin.VerifyElementTextKeyword$_verifyElementText_closure1.call(VerifyElementTextKeyword.groovy)
	at com.kms.katalon.core.webui.keyword.internal.WebUIKeywordMain.runKeyword(WebUIKeywordMain.groovy:20)
	at com.kms.katalon.core.webui.keyword.builtin.VerifyElementTextKeyword.verifyElementText(VerifyElementTextKeyword.groovy:72)
	at com.kms.katalon.core.webui.keyword.builtin.VerifyElementTextKeyword.execute(VerifyElementTextKeyword.groovy:40)
	at com.kms.katalon.core.keyword.internal.KeywordExecutor.executeKeywordForPlatform(KeywordExecutor.groovy:74)
	at com.kms.katalon.core.webui.keyword.WebUiBuiltInKeywords.verifyElementText(WebUiBuiltInKeywords.groovy:4749)
	at com.kms.katalon.core.webui.keyword.WebUiBuiltInKeywords$verifyElementText$7.call(Unknown Source)
	at test case 36.run(test case 36:32)
	at com.kms.katalon.core.main.ScriptEngine.run(ScriptEngine.java:194)
	at com.kms.katalon.core.main.ScriptEngine.runScriptAsRawText(ScriptEngine.java:119)
	at com.kms.katalon.core.main.TestCaseExecutor.runScript(TestCaseExecutor.java:442)
	at com.kms.katalon.core.main.TestCaseExecutor.doExecute(TestCaseExecutor.java:433)
	at com.kms.katalon.core.main.TestCaseExecutor.processExecutionPhase(TestCaseExecutor.java:412)
	at com.kms.katalon.core.main.TestCaseExecutor.accessMainPhase(TestCaseExecutor.java:404)
	at com.kms.katalon.core.main.TestCaseExecutor.execute(TestCaseExecutor.java:281)
	at com.kms.katalon.core.main.TestSuiteExecutor.accessTestCaseMainPhase(TestSuiteExecutor.java:202)
	at com.kms.katalon.core.main.TestSuiteExecutor.accessTestSuiteMainPhase(TestSuiteExecutor.java:164)
	at com.kms.katalon.core.main.TestSuiteExecutor.execute(TestSuiteExecutor.java:105)
	at com.kms.katalon.core.main.TestCaseMain.startTestSuite(TestCaseMain.java:181)
	at com.kms.katalon.core.main.TestCaseMain$startTestSuite$0.call(Unknown Source)
	at TempTestSuite1642373806466.run(TempTestSuite1642373806466.groovy:36)
)
[[ATTACHMENT|D:\\Test-Automation-SE-Bonus\\Test-Automation-SE-Bonus\\Reports\\20220117_055646\\Run all test cases\\20220117_055646\\1642377318369.png]]

2022-01-17 06:55:18 - [MESSAGE][FAILED] - Verify element text of test object 'Object Repository/Page_Dashboard/span_Site home' FAILED. (Root cause: com.kms.katalon.core.exception.StepFailedException: Verify element text of test object 'Object Repository/Page_Dashboard/span_Site home' FAILED.
	at com.kms.katalon.core.webui.keyword.internal.WebUIKeywordMain.stepFailed(WebUIKeywordMain.groovy:64)
	at com.kms.katalon.core.webui.keyword.internal.WebUIKeywordMain.runKeyword(WebUIKeywordMain.groovy:26)
	at com.kms.katalon.core.webui.keyword.builtin.VerifyElementTextKeyword.verifyElementText(VerifyElementTextKeyword.groovy:72)
	at com.kms.katalon.core.webui.keyword.builtin.VerifyElementTextKeyword.execute(VerifyElementTextKeyword.groovy:40)
	at com.kms.katalon.core.keyword.internal.KeywordExecutor.executeKeywordForPlatform(KeywordExecutor.groovy:74)
	at com.kms.katalon.core.webui.keyword.WebUiBuiltInKeywords.verifyElementText(WebUiBuiltInKeywords.groovy:4749)
	at com.kms.katalon.core.webui.keyword.WebUiBuiltInKeywords$verifyElementText$7.call(Unknown Source)
	at test case 36.run(test case 36:32)
	at com.kms.katalon.core.main.ScriptEngine.run(ScriptEngine.java:194)
	at com.kms.katalon.core.main.ScriptEngine.runScriptAsRawText(ScriptEngine.java:119)
	at com.kms.katalon.core.main.TestCaseExecutor.runScript(TestCaseExecutor.java:442)
	at com.kms.katalon.core.main.TestCaseExecutor.doExecute(TestCaseExecutor.java:433)
	at com.kms.katalon.core.main.TestCaseExecutor.processExecutionPhase(TestCaseExecutor.java:412)
	at com.kms.katalon.core.main.TestCaseExecutor.accessMainPhase(TestCaseExecutor.java:404)
	at com.kms.katalon.core.main.TestCaseExecutor.execute(TestCaseExecutor.java:281)
	at com.kms.katalon.core.main.TestSuiteExecutor.accessTestCaseMainPhase(TestSuiteExecutor.java:202)
	at com.kms.katalon.core.main.TestSuiteExecutor.accessTestSuiteMainPhase(TestSuiteExecutor.java:164)
	at com.kms.katalon.core.main.TestSuiteExecutor.execute(TestSuiteExecutor.java:105)
	at com.kms.katalon.core.main.TestCaseMain.startTestSuite(TestCaseMain.java:181)
	at com.kms.katalon.core.main.TestCaseMain$startTestSuite$0.call(Unknown Source)
	at TempTestSuite1642373806466.run(TempTestSuite1642373806466.groovy:36)
Caused by: com.kms.katalon.core.exception.StepFailedException: com.kms.katalon.core.webui.exception.WebElementNotFoundException: Web element with id: 'Object Repository/Page_Dashboard/span_Site home' located by '//div[@id='nav-drawer']/nav/ul/li[2]/a/div/div/span[2]' not found
	at com.kms.katalon.core.webui.keyword.internal.WebUIKeywordMain.stepFailed(WebUIKeywordMain.groovy:64)
	at com.kms.katalon.core.webui.keyword.builtin.VerifyElementTextKeyword$_verifyElementText_closure1.doCall(VerifyElementTextKeyword.groovy:64)
	at com.kms.katalon.core.webui.keyword.builtin.VerifyElementTextKeyword$_verifyElementText_closure1.call(VerifyElementTextKeyword.groovy)
	at com.kms.katalon.core.webui.keyword.internal.WebUIKeywordMain.runKeyword(WebUIKeywordMain.groovy:20)
	... 19 more
)
[[ATTACHMENT|D:\\Test-Automation-SE-Bonus\\Test-Automation-SE-Bonus\\Reports\\20220117_055646\\Run all test cases\\20220117_055646\\1642377318586.png]]]]></system-out>
         <system-err><![CDATA[2022-01-17 06:54:10 - [TEST_CASE][FAILED] - Test Cases/test case 36: Test Cases/test case 36 FAILED.
Reason:
com.kms.katalon.core.exception.StepFailedException: Verify element text of test object 'Object Repository/Page_Dashboard/span_Site home' FAILED.
	at com.kms.katalon.core.webui.keyword.internal.WebUIKeywordMain.stepFailed(WebUIKeywordMain.groovy:64)
	at com.kms.katalon.core.webui.keyword.internal.WebUIKeywordMain.runKeyword(WebUIKeywordMain.groovy:26)
	at com.kms.katalon.core.webui.keyword.builtin.VerifyElementTextKeyword.verifyElementText(VerifyElementTextKeyword.groovy:72)
	at com.kms.katalon.core.webui.keyword.builtin.VerifyElementTextKeyword.execute(VerifyElementTextKeyword.groovy:40)
	at com.kms.katalon.core.keyword.internal.KeywordExecutor.executeKeywordForPlatform(KeywordExecutor.groovy:74)
	at com.kms.katalon.core.webui.keyword.WebUiBuiltInKeywords.verifyElementText(WebUiBuiltInKeywords.groovy:4749)
	at com.kms.katalon.core.webui.keyword.WebUiBuiltInKeywords$verifyElementText$7.call(Unknown Source)
	at test case 36.run(test case 36:32)
	at com.kms.katalon.core.main.ScriptEngine.run(ScriptEngine.java:194)
	at com.kms.katalon.core.main.ScriptEngine.runScriptAsRawText(ScriptEngine.java:119)
	at com.kms.katalon.core.main.TestCaseExecutor.runScript(TestCaseExecutor.java:442)
	at com.kms.katalon.core.main.TestCaseExecutor.doExecute(TestCaseExecutor.java:433)
	at com.kms.katalon.core.main.TestCaseExecutor.processExecutionPhase(TestCaseExecutor.java:412)
	at com.kms.katalon.core.main.TestCaseExecutor.accessMainPhase(TestCaseExecutor.java:404)
	at com.kms.katalon.core.main.TestCaseExecutor.execute(TestCaseExecutor.java:281)
	at com.kms.katalon.core.main.TestSuiteExecutor.accessTestCaseMainPhase(TestSuiteExecutor.java:202)
	at com.kms.katalon.core.main.TestSuiteExecutor.accessTestSuiteMainPhase(TestSuiteExecutor.java:164)
	at com.kms.katalon.core.main.TestSuiteExecutor.execute(TestSuiteExecutor.java:105)
	at com.kms.katalon.core.main.TestCaseMain.startTestSuite(TestCaseMain.java:181)
	at com.kms.katalon.core.main.TestCaseMain$startTestSuite$0.call(Unknown Source)
	at TempTestSuite1642373806466.run(TempTestSuite1642373806466.groovy:36)
Caused by: com.kms.katalon.core.exception.StepFailedException: com.kms.katalon.core.webui.exception.WebElementNotFoundException: Web element with id: 'Object Repository/Page_Dashboard/span_Site home' located by '//div[@id='nav-drawer']/nav/ul/li[2]/a/div/div/span[2]' not found
	at com.kms.katalon.core.webui.keyword.internal.WebUIKeywordMain.stepFailed(WebUIKeywordMain.groovy:64)
	at com.kms.katalon.core.webui.keyword.builtin.VerifyElementTextKeyword$_verifyElementText_closure1.doCall(VerifyElementTextKeyword.groovy:64)
	at com.kms.katalon.core.webui.keyword.builtin.VerifyElementTextKeyword$_verifyElementText_closure1.call(VerifyElementTextKeyword.groovy)
	at com.kms.katalon.core.webui.keyword.internal.WebUIKeywordMain.runKeyword(WebUIKeywordMain.groovy:20)
	... 19 more]]></system-err>
      </testcase>
      <testcase name="Test Cases/test case 37" time="59.116" classname="Test Cases/test case 37" status="FAILED">
         <failure type="FAILED" message="Test Cases/test case 37 FAILED.
Reason:
com.kms.katalon.core.exception.StepFailedException: Verify element text of test object 'Object Repository/Page_Dashboard/span_IntroCS' FAILED.
	at com.kms.katalon.core.webui.keyword.internal.WebUIKeywordMain.stepFailed(WebUIKeywordMain.groovy:64)
	at com.kms.katalon.core.webui.keyword.internal.WebUIKeywordMain.runKeyword(WebUIKeywordMain.groovy:26)
	at com.kms.katalon.core.webui.keyword.builtin.VerifyElementTextKeyword.verifyElementText(VerifyElementTextKeyword.groovy:72)
	at com.kms.katalon.core.webui.keyword.builtin.VerifyElementTextKeyword.execute(VerifyElementTextKeyword.groovy:40)
	at com.kms.katalon.core.keyword.internal.KeywordExecutor.executeKeywordForPlatform(KeywordExecutor.groovy:74)
	at com.kms.katalon.core.webui.keyword.WebUiBuiltInKeywords.verifyElementText(WebUiBuiltInKeywords.groovy:4749)
	at com.kms.katalon.core.webui.keyword.WebUiBuiltInKeywords$verifyElementText$7.call(Unknown Source)
	at test case 37.run(test case 37:32)
	at com.kms.katalon.core.main.ScriptEngine.run(ScriptEngine.java:194)
	at com.kms.katalon.core.main.ScriptEngine.runScriptAsRawText(ScriptEngine.java:119)
	at com.kms.katalon.core.main.TestCaseExecutor.runScript(TestCaseExecutor.java:442)
	at com.kms.katalon.core.main.TestCaseExecutor.doExecute(TestCaseExecutor.java:433)
	at com.kms.katalon.core.main.TestCaseExecutor.processExecutionPhase(TestCaseExecutor.java:412)
	at com.kms.katalon.core.main.TestCaseExecutor.accessMainPhase(TestCaseExecutor.java:404)
	at com.kms.katalon.core.main.TestCaseExecutor.execute(TestCaseExecutor.java:281)
	at com.kms.katalon.core.main.TestSuiteExecutor.accessTestCaseMainPhase(TestSuiteExecutor.java:202)
	at com.kms.katalon.core.main.TestSuiteExecutor.accessTestSuiteMainPhase(TestSuiteExecutor.java:164)
	at com.kms.katalon.core.main.TestSuiteExecutor.execute(TestSuiteExecutor.java:105)
	at com.kms.katalon.core.main.TestCaseMain.startTestSuite(TestCaseMain.java:181)
	at com.kms.katalon.core.main.TestCaseMain$startTestSuite$0.call(Unknown Source)
	at TempTestSuite1642373806466.run(TempTestSuite1642373806466.groovy:36)
Caused by: com.kms.katalon.core.exception.StepFailedException: com.kms.katalon.core.webui.exception.WebElementNotFoundException: Web element with id: 'Object Repository/Page_Dashboard/span_IntroCS' located by '//div[@id='nav-drawer']/nav/ul/li[6]/a/div/div/span[2]' not found
	at com.kms.katalon.core.webui.keyword.internal.WebUIKeywordMain.stepFailed(WebUIKeywordMain.groovy:64)
	at com.kms.katalon.core.webui.keyword.builtin.VerifyElementTextKeyword$_verifyElementText_closure1.doCall(VerifyElementTextKeyword.groovy:64)
	at com.kms.katalon.core.webui.keyword.builtin.VerifyElementTextKeyword$_verifyElementText_closure1.call(VerifyElementTextKeyword.groovy)
	at com.kms.katalon.core.webui.keyword.internal.WebUIKeywordMain.runKeyword(WebUIKeywordMain.groovy:20)
	... 19 more
"/>
         <system-out><![CDATA[2022-01-17 06:55:18 - [TEST_CASE][FAILED] - Test Cases/test case 37: Test Cases/test case 37 FAILED.
Reason:
com.kms.katalon.core.exception.StepFailedException: Verify element text of test object 'Object Repository/Page_Dashboard/span_IntroCS' FAILED.
	at com.kms.katalon.core.webui.keyword.internal.WebUIKeywordMain.stepFailed(WebUIKeywordMain.groovy:64)
	at com.kms.katalon.core.webui.keyword.internal.WebUIKeywordMain.runKeyword(WebUIKeywordMain.groovy:26)
	at com.kms.katalon.core.webui.keyword.builtin.VerifyElementTextKeyword.verifyElementText(VerifyElementTextKeyword.groovy:72)
	at com.kms.katalon.core.webui.keyword.builtin.VerifyElementTextKeyword.execute(VerifyElementTextKeyword.groovy:40)
	at com.kms.katalon.core.keyword.internal.KeywordExecutor.executeKeywordForPlatform(KeywordExecutor.groovy:74)
	at com.kms.katalon.core.webui.keyword.WebUiBuiltInKeywords.verifyElementText(WebUiBuiltInKeywords.groovy:4749)
	at com.kms.katalon.core.webui.keyword.WebUiBuiltInKeywords$verifyElementText$7.call(Unknown Source)
	at test case 37.run(test case 37:32)
	at com.kms.katalon.core.main.ScriptEngine.run(ScriptEngine.java:194)
	at com.kms.katalon.core.main.ScriptEngine.runScriptAsRawText(ScriptEngine.java:119)
	at com.kms.katalon.core.main.TestCaseExecutor.runScript(TestCaseExecutor.java:442)
	at com.kms.katalon.core.main.TestCaseExecutor.doExecute(TestCaseExecutor.java:433)
	at com.kms.katalon.core.main.TestCaseExecutor.processExecutionPhase(TestCaseExecutor.java:412)
	at com.kms.katalon.core.main.TestCaseExecutor.accessMainPhase(TestCaseExecutor.java:404)
	at com.kms.katalon.core.main.TestCaseExecutor.execute(TestCaseExecutor.java:281)
	at com.kms.katalon.core.main.TestSuiteExecutor.accessTestCaseMainPhase(TestSuiteExecutor.java:202)
	at com.kms.katalon.core.main.TestSuiteExecutor.accessTestSuiteMainPhase(TestSuiteExecutor.java:164)
	at com.kms.katalon.core.main.TestSuiteExecutor.execute(TestSuiteExecutor.java:105)
	at com.kms.katalon.core.main.TestCaseMain.startTestSuite(TestCaseMain.java:181)
	at com.kms.katalon.core.main.TestCaseMain$startTestSuite$0.call(Unknown Source)
	at TempTestSuite1642373806466.run(TempTestSuite1642373806466.groovy:36)
Caused by: com.kms.katalon.core.exception.StepFailedException: com.kms.katalon.core.webui.exception.WebElementNotFoundException: Web element with id: 'Object Repository/Page_Dashboard/span_IntroCS' located by '//div[@id='nav-drawer']/nav/ul/li[6]/a/div/div/span[2]' not found
	at com.kms.katalon.core.webui.keyword.internal.WebUIKeywordMain.stepFailed(WebUIKeywordMain.groovy:64)
	at com.kms.katalon.core.webui.keyword.builtin.VerifyElementTextKeyword$_verifyElementText_closure1.doCall(VerifyElementTextKeyword.groovy:64)
	at com.kms.katalon.core.webui.keyword.builtin.VerifyElementTextKeyword$_verifyElementText_closure1.call(VerifyElementTextKeyword.groovy)
	at com.kms.katalon.core.webui.keyword.internal.WebUIKeywordMain.runKeyword(WebUIKeywordMain.groovy:20)
	... 19 more


2022-01-17 06:55:18 - [TEST_STEP][PASSED] - openBrowser(""): Browser is opened with url: ''

2022-01-17 06:55:18 - [MESSAGE][WARNING] - A browser is already opened. Closing browser and opening a new one

2022-01-17 06:55:19 - [MESSAGE][INFO] - Starting 'Chrome' driver

2022-01-17 06:55:19 - [MESSAGE][INFO] - Action delay is set to 0 milliseconds

2022-01-17 06:55:20 - [MESSAGE][PASSED] - Browser is opened with url: ''

2022-01-17 06:55:20 - [TEST_STEP][PASSED] - navigateToUrl("http://localhost/"): Navigate to 'http://localhost/' successfully

2022-01-17 06:55:21 - [MESSAGE][PASSED] - Navigate to 'http://localhost/' successfully

2022-01-17 06:55:21 - [TEST_STEP][PASSED] - click(findTestObject("Object Repository/Page_Moodle/a_Log in")): Object: 'Object Repository/Page_Moodle/a_Log in' is clicked on

2022-01-17 06:55:22 - [MESSAGE][PASSED] - Object: 'Object Repository/Page_Moodle/a_Log in' is clicked on

2022-01-17 06:55:22 - [TEST_STEP][PASSED] - setText(findTestObject("Object Repository/Page_Moodle Log in to the site/input_Username_username"), "nmthu"): Text 'nmthu' is set on object 'Object Repository/Page_Moodle Log in to the site/input_Username_username'

2022-01-17 06:55:23 - [MESSAGE][PASSED] - Text 'nmthu' is set on object 'Object Repository/Page_Moodle Log in to the site/input_Username_username'

2022-01-17 06:55:23 - [TEST_STEP][PASSED] - setEncryptedText(findTestObject("Object Repository/Page_Moodle Log in to the site/input_Password_password"), "zm/yZ1suVYniggK+4Jo9ew=="): Text ****** has been set on object 'Object Repository/Page_Moodle Log in to the site/input_Password_password'

2022-01-17 06:55:23 - [MESSAGE][PASSED] - Text ****** has been set on object 'Object Repository/Page_Moodle Log in to the site/input_Password_password'

2022-01-17 06:55:23 - [TEST_STEP][PASSED] - click(findTestObject("Object Repository/Page_Moodle Log in to the site/button_Log in")): Object: 'Object Repository/Page_Moodle Log in to the site/button_Log in' is clicked on

2022-01-17 06:55:24 - [MESSAGE][PASSED] - Object: 'Object Repository/Page_Moodle Log in to the site/button_Log in' is clicked on

2022-01-17 06:55:24 - [TEST_STEP][FAILED] - verifyElementText(findTestObject("Object Repository/Page_Dashboard/span_IntroCS"), "IntroCS"): Verify element text of test object 'Object Repository/Page_Dashboard/span_IntroCS' FAILED. (Root cause: com.kms.katalon.core.exception.StepFailedException: Verify element text of test object 'Object Repository/Page_Dashboard/span_IntroCS' FAILED.
	at com.kms.katalon.core.webui.keyword.internal.WebUIKeywordMain.stepFailed(WebUIKeywordMain.groovy:64)
	at com.kms.katalon.core.webui.keyword.internal.WebUIKeywordMain.runKeyword(WebUIKeywordMain.groovy:26)
	at com.kms.katalon.core.webui.keyword.builtin.VerifyElementTextKeyword.verifyElementText(VerifyElementTextKeyword.groovy:72)
	at com.kms.katalon.core.webui.keyword.builtin.VerifyElementTextKeyword.execute(VerifyElementTextKeyword.groovy:40)
	at com.kms.katalon.core.keyword.internal.KeywordExecutor.executeKeywordForPlatform(KeywordExecutor.groovy:74)
	at com.kms.katalon.core.webui.keyword.WebUiBuiltInKeywords.verifyElementText(WebUiBuiltInKeywords.groovy:4749)
	at com.kms.katalon.core.webui.keyword.WebUiBuiltInKeywords$verifyElementText$7.call(Unknown Source)
	at test case 37.run(test case 37:32)
	at com.kms.katalon.core.main.ScriptEngine.run(ScriptEngine.java:194)
	at com.kms.katalon.core.main.ScriptEngine.runScriptAsRawText(ScriptEngine.java:119)
	at com.kms.katalon.core.main.TestCaseExecutor.runScript(TestCaseExecutor.java:442)
	at com.kms.katalon.core.main.TestCaseExecutor.doExecute(TestCaseExecutor.java:433)
	at com.kms.katalon.core.main.TestCaseExecutor.processExecutionPhase(TestCaseExecutor.java:412)
	at com.kms.katalon.core.main.TestCaseExecutor.accessMainPhase(TestCaseExecutor.java:404)
	at com.kms.katalon.core.main.TestCaseExecutor.execute(TestCaseExecutor.java:281)
	at com.kms.katalon.core.main.TestSuiteExecutor.accessTestCaseMainPhase(TestSuiteExecutor.java:202)
	at com.kms.katalon.core.main.TestSuiteExecutor.accessTestSuiteMainPhase(TestSuiteExecutor.java:164)
	at com.kms.katalon.core.main.TestSuiteExecutor.execute(TestSuiteExecutor.java:105)
	at com.kms.katalon.core.main.TestCaseMain.startTestSuite(TestCaseMain.java:181)
	at com.kms.katalon.core.main.TestCaseMain$startTestSuite$0.call(Unknown Source)
	at TempTestSuite1642373806466.run(TempTestSuite1642373806466.groovy:36)
Caused by: com.kms.katalon.core.exception.StepFailedException: com.kms.katalon.core.webui.exception.WebElementNotFoundException: Web element with id: 'Object Repository/Page_Dashboard/span_IntroCS' located by '//div[@id='nav-drawer']/nav/ul/li[6]/a/div/div/span[2]' not found
	at com.kms.katalon.core.webui.keyword.internal.WebUIKeywordMain.stepFailed(WebUIKeywordMain.groovy:64)
	at com.kms.katalon.core.webui.keyword.builtin.VerifyElementTextKeyword$_verifyElementText_closure1.doCall(VerifyElementTextKeyword.groovy:64)
	at com.kms.katalon.core.webui.keyword.builtin.VerifyElementTextKeyword$_verifyElementText_closure1.call(VerifyElementTextKeyword.groovy)
	at com.kms.katalon.core.webui.keyword.internal.WebUIKeywordMain.runKeyword(WebUIKeywordMain.groovy:20)
	... 19 more
)

2022-01-17 06:55:55 - [MESSAGE][INFO] - Unable to find the element located by 'By.xpath: //div[@id='nav-drawer']/nav/ul/li[6]/a/div/div/span[2]'. Please recheck the objects properties to make sure the desired element is located. 

2022-01-17 06:55:55 - [MESSAGE][WARNING] - [SELF-HEALING] Failed to find element with id 'Object Repository/Page_Dashboard/span_IntroCS'. Try using Self-healing.

2022-01-17 06:55:57 - [MESSAGE][INFO] - [SELF-HEALING] Failed Locator: '//div[@id='nav-drawer']/nav/ul/li[6]/a/div/div/span[2]'.

2022-01-17 06:55:59 - [MESSAGE][INFO] - [SELF-HEALING] Failed Locator: '(.//*[normalize-space(text()) and normalize-space(.)='My courses'])[1]/following::span[2]'.

2022-01-17 06:56:01 - [MESSAGE][INFO] - [SELF-HEALING] Failed Locator: '(.//*[normalize-space(text()) and normalize-space(.)='Private files'])[1]/following::span[4]'.

2022-01-17 06:56:03 - [MESSAGE][INFO] - [SELF-HEALING] Failed Locator: '(.//*[normalize-space(text()) and normalize-space(.)='Math'])[1]/preceding::span[2]'.

2022-01-17 06:56:05 - [MESSAGE][INFO] - [SELF-HEALING] Failed Locator: '(.//*[normalize-space(text()) and normalize-space(.)='Mood: Dashboard'])[1]/preceding::span[3]'.

2022-01-17 06:56:07 - [MESSAGE][INFO] - [SELF-HEALING] Failed Locator: '//*/text()[normalize-space(.)='IntroCS']/parent::*'.

2022-01-17 06:56:09 - [MESSAGE][INFO] - [SELF-HEALING] Failed Locator: '//li[6]/a/div/div/span[2]'.

2022-01-17 06:56:11 - [MESSAGE][INFO] - [SELF-HEALING] Failed Locator: '(.//*[normalize-space(text()) and normalize-space(.)='Mood: Dashboard'])[1]/preceding::span[1]'.

2022-01-17 06:56:13 - [MESSAGE][INFO] - [SELF-HEALING] Failed Locator: '(.//*[normalize-space(text()) and normalize-space(.)='Customise this page'])[1]/preceding::span[1]'.

2022-01-17 06:56:15 - [MESSAGE][INFO] - Unable to find the element located by 'By.xpath: //*[(text() = 'IntroCS' or . = 'IntroCS')]'. Please recheck the objects properties to make sure the desired element is located. 

2022-01-17 06:56:17 - [MESSAGE][INFO] - Unable to find the element located by 'By.cssSelector: '. Please recheck the objects properties to make sure the desired element is located. 

2022-01-17 06:56:17 - [MESSAGE][FAILED] - com.kms.katalon.core.webui.exception.WebElementNotFoundException: Web element with id: 'Object Repository/Page_Dashboard/span_IntroCS' located by '//div[@id='nav-drawer']/nav/ul/li[6]/a/div/div/span[2]' not found (Root cause: com.kms.katalon.core.exception.StepFailedException: com.kms.katalon.core.webui.exception.WebElementNotFoundException: Web element with id: 'Object Repository/Page_Dashboard/span_IntroCS' located by '//div[@id='nav-drawer']/nav/ul/li[6]/a/div/div/span[2]' not found
	at com.kms.katalon.core.webui.keyword.internal.WebUIKeywordMain.stepFailed(WebUIKeywordMain.groovy:64)
	at com.kms.katalon.core.webui.keyword.builtin.VerifyElementTextKeyword$_verifyElementText_closure1.doCall(VerifyElementTextKeyword.groovy:64)
	at com.kms.katalon.core.webui.keyword.builtin.VerifyElementTextKeyword$_verifyElementText_closure1.call(VerifyElementTextKeyword.groovy)
	at com.kms.katalon.core.webui.keyword.internal.WebUIKeywordMain.runKeyword(WebUIKeywordMain.groovy:20)
	at com.kms.katalon.core.webui.keyword.builtin.VerifyElementTextKeyword.verifyElementText(VerifyElementTextKeyword.groovy:72)
	at com.kms.katalon.core.webui.keyword.builtin.VerifyElementTextKeyword.execute(VerifyElementTextKeyword.groovy:40)
	at com.kms.katalon.core.keyword.internal.KeywordExecutor.executeKeywordForPlatform(KeywordExecutor.groovy:74)
	at com.kms.katalon.core.webui.keyword.WebUiBuiltInKeywords.verifyElementText(WebUiBuiltInKeywords.groovy:4749)
	at com.kms.katalon.core.webui.keyword.WebUiBuiltInKeywords$verifyElementText$7.call(Unknown Source)
	at test case 37.run(test case 37:32)
	at com.kms.katalon.core.main.ScriptEngine.run(ScriptEngine.java:194)
	at com.kms.katalon.core.main.ScriptEngine.runScriptAsRawText(ScriptEngine.java:119)
	at com.kms.katalon.core.main.TestCaseExecutor.runScript(TestCaseExecutor.java:442)
	at com.kms.katalon.core.main.TestCaseExecutor.doExecute(TestCaseExecutor.java:433)
	at com.kms.katalon.core.main.TestCaseExecutor.processExecutionPhase(TestCaseExecutor.java:412)
	at com.kms.katalon.core.main.TestCaseExecutor.accessMainPhase(TestCaseExecutor.java:404)
	at com.kms.katalon.core.main.TestCaseExecutor.execute(TestCaseExecutor.java:281)
	at com.kms.katalon.core.main.TestSuiteExecutor.accessTestCaseMainPhase(TestSuiteExecutor.java:202)
	at com.kms.katalon.core.main.TestSuiteExecutor.accessTestSuiteMainPhase(TestSuiteExecutor.java:164)
	at com.kms.katalon.core.main.TestSuiteExecutor.execute(TestSuiteExecutor.java:105)
	at com.kms.katalon.core.main.TestCaseMain.startTestSuite(TestCaseMain.java:181)
	at com.kms.katalon.core.main.TestCaseMain$startTestSuite$0.call(Unknown Source)
	at TempTestSuite1642373806466.run(TempTestSuite1642373806466.groovy:36)
)
[[ATTACHMENT|D:\\Test-Automation-SE-Bonus\\Test-Automation-SE-Bonus\\Reports\\20220117_055646\\Run all test cases\\20220117_055646\\1642377377465.png]]

2022-01-17 06:56:17 - [MESSAGE][FAILED] - Verify element text of test object 'Object Repository/Page_Dashboard/span_IntroCS' FAILED. (Root cause: com.kms.katalon.core.exception.StepFailedException: Verify element text of test object 'Object Repository/Page_Dashboard/span_IntroCS' FAILED.
	at com.kms.katalon.core.webui.keyword.internal.WebUIKeywordMain.stepFailed(WebUIKeywordMain.groovy:64)
	at com.kms.katalon.core.webui.keyword.internal.WebUIKeywordMain.runKeyword(WebUIKeywordMain.groovy:26)
	at com.kms.katalon.core.webui.keyword.builtin.VerifyElementTextKeyword.verifyElementText(VerifyElementTextKeyword.groovy:72)
	at com.kms.katalon.core.webui.keyword.builtin.VerifyElementTextKeyword.execute(VerifyElementTextKeyword.groovy:40)
	at com.kms.katalon.core.keyword.internal.KeywordExecutor.executeKeywordForPlatform(KeywordExecutor.groovy:74)
	at com.kms.katalon.core.webui.keyword.WebUiBuiltInKeywords.verifyElementText(WebUiBuiltInKeywords.groovy:4749)
	at com.kms.katalon.core.webui.keyword.WebUiBuiltInKeywords$verifyElementText$7.call(Unknown Source)
	at test case 37.run(test case 37:32)
	at com.kms.katalon.core.main.ScriptEngine.run(ScriptEngine.java:194)
	at com.kms.katalon.core.main.ScriptEngine.runScriptAsRawText(ScriptEngine.java:119)
	at com.kms.katalon.core.main.TestCaseExecutor.runScript(TestCaseExecutor.java:442)
	at com.kms.katalon.core.main.TestCaseExecutor.doExecute(TestCaseExecutor.java:433)
	at com.kms.katalon.core.main.TestCaseExecutor.processExecutionPhase(TestCaseExecutor.java:412)
	at com.kms.katalon.core.main.TestCaseExecutor.accessMainPhase(TestCaseExecutor.java:404)
	at com.kms.katalon.core.main.TestCaseExecutor.execute(TestCaseExecutor.java:281)
	at com.kms.katalon.core.main.TestSuiteExecutor.accessTestCaseMainPhase(TestSuiteExecutor.java:202)
	at com.kms.katalon.core.main.TestSuiteExecutor.accessTestSuiteMainPhase(TestSuiteExecutor.java:164)
	at com.kms.katalon.core.main.TestSuiteExecutor.execute(TestSuiteExecutor.java:105)
	at com.kms.katalon.core.main.TestCaseMain.startTestSuite(TestCaseMain.java:181)
	at com.kms.katalon.core.main.TestCaseMain$startTestSuite$0.call(Unknown Source)
	at TempTestSuite1642373806466.run(TempTestSuite1642373806466.groovy:36)
Caused by: com.kms.katalon.core.exception.StepFailedException: com.kms.katalon.core.webui.exception.WebElementNotFoundException: Web element with id: 'Object Repository/Page_Dashboard/span_IntroCS' located by '//div[@id='nav-drawer']/nav/ul/li[6]/a/div/div/span[2]' not found
	at com.kms.katalon.core.webui.keyword.internal.WebUIKeywordMain.stepFailed(WebUIKeywordMain.groovy:64)
	at com.kms.katalon.core.webui.keyword.builtin.VerifyElementTextKeyword$_verifyElementText_closure1.doCall(VerifyElementTextKeyword.groovy:64)
	at com.kms.katalon.core.webui.keyword.builtin.VerifyElementTextKeyword$_verifyElementText_closure1.call(VerifyElementTextKeyword.groovy)
	at com.kms.katalon.core.webui.keyword.internal.WebUIKeywordMain.runKeyword(WebUIKeywordMain.groovy:20)
	... 19 more
)
[[ATTACHMENT|D:\\Test-Automation-SE-Bonus\\Test-Automation-SE-Bonus\\Reports\\20220117_055646\\Run all test cases\\20220117_055646\\1642377377691.png]]]]></system-out>
         <system-err><![CDATA[2022-01-17 06:55:18 - [TEST_CASE][FAILED] - Test Cases/test case 37: Test Cases/test case 37 FAILED.
Reason:
com.kms.katalon.core.exception.StepFailedException: Verify element text of test object 'Object Repository/Page_Dashboard/span_IntroCS' FAILED.
	at com.kms.katalon.core.webui.keyword.internal.WebUIKeywordMain.stepFailed(WebUIKeywordMain.groovy:64)
	at com.kms.katalon.core.webui.keyword.internal.WebUIKeywordMain.runKeyword(WebUIKeywordMain.groovy:26)
	at com.kms.katalon.core.webui.keyword.builtin.VerifyElementTextKeyword.verifyElementText(VerifyElementTextKeyword.groovy:72)
	at com.kms.katalon.core.webui.keyword.builtin.VerifyElementTextKeyword.execute(VerifyElementTextKeyword.groovy:40)
	at com.kms.katalon.core.keyword.internal.KeywordExecutor.executeKeywordForPlatform(KeywordExecutor.groovy:74)
	at com.kms.katalon.core.webui.keyword.WebUiBuiltInKeywords.verifyElementText(WebUiBuiltInKeywords.groovy:4749)
	at com.kms.katalon.core.webui.keyword.WebUiBuiltInKeywords$verifyElementText$7.call(Unknown Source)
	at test case 37.run(test case 37:32)
	at com.kms.katalon.core.main.ScriptEngine.run(ScriptEngine.java:194)
	at com.kms.katalon.core.main.ScriptEngine.runScriptAsRawText(ScriptEngine.java:119)
	at com.kms.katalon.core.main.TestCaseExecutor.runScript(TestCaseExecutor.java:442)
	at com.kms.katalon.core.main.TestCaseExecutor.doExecute(TestCaseExecutor.java:433)
	at com.kms.katalon.core.main.TestCaseExecutor.processExecutionPhase(TestCaseExecutor.java:412)
	at com.kms.katalon.core.main.TestCaseExecutor.accessMainPhase(TestCaseExecutor.java:404)
	at com.kms.katalon.core.main.TestCaseExecutor.execute(TestCaseExecutor.java:281)
	at com.kms.katalon.core.main.TestSuiteExecutor.accessTestCaseMainPhase(TestSuiteExecutor.java:202)
	at com.kms.katalon.core.main.TestSuiteExecutor.accessTestSuiteMainPhase(TestSuiteExecutor.java:164)
	at com.kms.katalon.core.main.TestSuiteExecutor.execute(TestSuiteExecutor.java:105)
	at com.kms.katalon.core.main.TestCaseMain.startTestSuite(TestCaseMain.java:181)
	at com.kms.katalon.core.main.TestCaseMain$startTestSuite$0.call(Unknown Source)
	at TempTestSuite1642373806466.run(TempTestSuite1642373806466.groovy:36)
Caused by: com.kms.katalon.core.exception.StepFailedException: com.kms.katalon.core.webui.exception.WebElementNotFoundException: Web element with id: 'Object Repository/Page_Dashboard/span_IntroCS' located by '//div[@id='nav-drawer']/nav/ul/li[6]/a/div/div/span[2]' not found
	at com.kms.katalon.core.webui.keyword.internal.WebUIKeywordMain.stepFailed(WebUIKeywordMain.groovy:64)
	at com.kms.katalon.core.webui.keyword.builtin.VerifyElementTextKeyword$_verifyElementText_closure1.doCall(VerifyElementTextKeyword.groovy:64)
	at com.kms.katalon.core.webui.keyword.builtin.VerifyElementTextKeyword$_verifyElementText_closure1.call(VerifyElementTextKeyword.groovy)
	at com.kms.katalon.core.webui.keyword.internal.WebUIKeywordMain.runKeyword(WebUIKeywordMain.groovy:20)
	... 19 more]]></system-err>
      </testcase>
      <testcase name="Test Cases/test case 38" time="103.945" classname="Test Cases/test case 38" status="PASSED">
         <system-out><![CDATA[2022-01-17 06:56:17 - [TEST_CASE][PASSED] - Test Cases/test case 38: Test Cases/test case 38

2022-01-17 06:56:18 - [TEST_STEP][PASSED] - openBrowser(""): Browser is opened with url: ''

2022-01-17 06:56:18 - [MESSAGE][WARNING] - A browser is already opened. Closing browser and opening a new one

2022-01-17 06:56:18 - [MESSAGE][INFO] - Starting 'Chrome' driver

2022-01-17 06:56:18 - [MESSAGE][INFO] - Action delay is set to 0 milliseconds

2022-01-17 06:56:19 - [MESSAGE][PASSED] - Browser is opened with url: ''

2022-01-17 06:56:19 - [TEST_STEP][PASSED] - navigateToUrl("http://localhost/"): Navigate to 'http://localhost/' successfully

2022-01-17 06:56:21 - [MESSAGE][PASSED] - Navigate to 'http://localhost/' successfully

2022-01-17 06:56:21 - [TEST_STEP][PASSED] - click(findTestObject("Object Repository/Page_Moodle/a_Log in")): Object: 'Object Repository/Page_Moodle/a_Log in' is clicked on

2022-01-17 06:56:21 - [MESSAGE][PASSED] - Object: 'Object Repository/Page_Moodle/a_Log in' is clicked on

2022-01-17 06:56:21 - [TEST_STEP][PASSED] - setText(findTestObject("Object Repository/Page_Moodle Log in to the site/input_Username_username"), "qmkhoi"): Text 'qmkhoi' is set on object 'Object Repository/Page_Moodle Log in to the site/input_Username_username'

2022-01-17 06:56:22 - [MESSAGE][PASSED] - Text 'qmkhoi' is set on object 'Object Repository/Page_Moodle Log in to the site/input_Username_username'

2022-01-17 06:56:22 - [TEST_STEP][PASSED] - setEncryptedText(findTestObject("Object Repository/Page_Moodle Log in to the site/input_Password_password"), "eiP2h/EMT1hJlGmKEGA7sg=="): Text ****** has been set on object 'Object Repository/Page_Moodle Log in to the site/input_Password_password'

2022-01-17 06:56:22 - [MESSAGE][PASSED] - Text ****** has been set on object 'Object Repository/Page_Moodle Log in to the site/input_Password_password'

2022-01-17 06:56:22 - [TEST_STEP][PASSED] - click(findTestObject("Object Repository/Page_Moodle Log in to the site/button_Log in")): Object: 'Object Repository/Page_Moodle Log in to the site/button_Log in' is clicked on

2022-01-17 06:56:24 - [MESSAGE][PASSED] - Object: 'Object Repository/Page_Moodle Log in to the site/button_Log in' is clicked on

2022-01-17 06:56:24 - [TEST_STEP][PASSED] - click(findTestObject("Object Repository/Page_Dashboard/a_Quach Minh Khoi")): Object: 'Object Repository/Page_Dashboard/a_Quach Minh Khoi' is clicked on

2022-01-17 06:56:25 - [MESSAGE][PASSED] - Object: 'Object Repository/Page_Dashboard/a_Quach Minh Khoi' is clicked on

2022-01-17 06:56:25 - [TEST_STEP][PASSED] - click(findTestObject("Object Repository/Page_Dashboard/span_Grades")): Object: 'Object Repository/Page_Dashboard/span_Grades' is clicked on

2022-01-17 06:56:26 - [MESSAGE][PASSED] - Object: 'Object Repository/Page_Dashboard/span_Grades' is clicked on

2022-01-17 06:56:26 - [TEST_STEP][PASSED] - verifyElementText(findTestObject("Page_Grades - Quach Minh Khoi/a_Introduction to Computer Science"), "Introduction to Computer Science"): Actual text and expected text of test object 'Object Repository/Page_Grades - Quach Minh Khoi/a_Introduction to Computer Science' are matched.

2022-01-17 06:56:57 - [MESSAGE][INFO] - Unable to find the element located by 'By.xpath: //td[@id='grade-report-overview-3_r0_c0']/a'. Please recheck the objects properties to make sure the desired element is located. 

2022-01-17 06:56:57 - [MESSAGE][WARNING] - [SELF-HEALING] Failed to find element with id 'Object Repository/Page_Grades - Quach Minh Khoi/a_Introduction to Computer Science'. Try using Self-healing.

2022-01-17 06:56:57 - [MESSAGE][WARNING] - [SELF-HEALING] The current locator of test object 'Object Repository/Page_Grades - Quach Minh Khoi/a_Introduction to Computer Science' was broken. Propose an alternative one: '//a[contains(text(),'Introduction to Computer Science')]'.

2022-01-17 06:56:57 - [MESSAGE][PASSED] - Actual text and expected text of test object 'Object Repository/Page_Grades - Quach Minh Khoi/a_Introduction to Computer Science' are matched.

2022-01-17 06:56:57 - [TEST_STEP][PASSED] - click(findTestObject("Object Repository/Page_Grades - Quach Minh Khoi/a_Introduction to Computer Science")): Object: 'Object Repository/Page_Grades - Quach Minh Khoi/a_Introduction to Computer Science' is clicked on

2022-01-17 06:57:28 - [MESSAGE][INFO] - Unable to find the element located by 'By.xpath: //td[@id='grade-report-overview-3_r0_c0']/a'. Please recheck the objects properties to make sure the desired element is located. 

2022-01-17 06:57:28 - [MESSAGE][WARNING] - [SELF-HEALING] Failed to find element with id 'Object Repository/Page_Grades - Quach Minh Khoi/a_Introduction to Computer Science'. Try using Self-healing.

2022-01-17 06:57:29 - [MESSAGE][WARNING] - [SELF-HEALING] The current locator of test object 'Object Repository/Page_Grades - Quach Minh Khoi/a_Introduction to Computer Science' was broken. Propose an alternative one: '//a[contains(text(),'Introduction to Computer Science')]'.

2022-01-17 06:57:29 - [MESSAGE][PASSED] - Object: 'Object Repository/Page_Grades - Quach Minh Khoi/a_Introduction to Computer Science' is clicked on

2022-01-17 06:57:29 - [TEST_STEP][PASSED] - verifyElementText(findTestObject("Object Repository/Page_IntroCS Activity report (grade)/span_Course total"), "Course total"): Actual text and expected text of test object 'Object Repository/Page_IntroCS Activity report (grade)/span_Course total' are matched.

2022-01-17 06:58:00 - [MESSAGE][INFO] - Unable to find the element located by 'By.xpath: //th[@id='row_9_3']/span'. Please recheck the objects properties to make sure the desired element is located. 

2022-01-17 06:58:00 - [MESSAGE][WARNING] - [SELF-HEALING] Failed to find element with id 'Object Repository/Page_IntroCS Activity report (grade)/span_Course total'. Try using Self-healing.

2022-01-17 06:58:01 - [MESSAGE][WARNING] - [SELF-HEALING] The current locator of test object 'Object Repository/Page_IntroCS Activity report (grade)/span_Course total' was broken. Propose an alternative one: '(.//*[normalize-space(text()) and normalize-space(.)='Introduction to Computer Science'])[1]/following::span[1]'.

2022-01-17 06:58:01 - [MESSAGE][PASSED] - Actual text and expected text of test object 'Object Repository/Page_IntroCS Activity report (grade)/span_Course total' are matched.

2022-01-17 06:58:01 - [TEST_STEP][PASSED] - closeBrowser(): Browser is closed

2022-01-17 06:58:01 - [MESSAGE][PASSED] - Browser is closed]]></system-out>
         <system-err><![CDATA[]]></system-err>
      </testcase>
      <testcase name="Test Cases/test case 39" time="42.21" classname="Test Cases/test case 39" status="PASSED">
         <system-out><![CDATA[2022-01-17 06:58:01 - [TEST_CASE][PASSED] - Test Cases/test case 39: Test Cases/test case 39

2022-01-17 06:58:01 - [TEST_STEP][PASSED] - openBrowser(""): Browser is opened with url: ''

2022-01-17 06:58:01 - [MESSAGE][INFO] - Starting 'Chrome' driver

2022-01-17 06:58:01 - [MESSAGE][INFO] - Action delay is set to 0 milliseconds

2022-01-17 06:58:03 - [MESSAGE][PASSED] - Browser is opened with url: ''

2022-01-17 06:58:03 - [TEST_STEP][PASSED] - navigateToUrl("http://localhost/"): Navigate to 'http://localhost/' successfully

2022-01-17 06:58:04 - [MESSAGE][PASSED] - Navigate to 'http://localhost/' successfully

2022-01-17 06:58:04 - [TEST_STEP][PASSED] - click(findTestObject("Object Repository/Page_Moodle/a_Log in")): Object: 'Object Repository/Page_Moodle/a_Log in' is clicked on

2022-01-17 06:58:05 - [MESSAGE][PASSED] - Object: 'Object Repository/Page_Moodle/a_Log in' is clicked on

2022-01-17 06:58:05 - [TEST_STEP][PASSED] - setText(findTestObject("Object Repository/Page_Moodle Log in to the site/input_Username_username"), "qmkhoi"): Text 'qmkhoi' is set on object 'Object Repository/Page_Moodle Log in to the site/input_Username_username'

2022-01-17 06:58:06 - [MESSAGE][PASSED] - Text 'qmkhoi' is set on object 'Object Repository/Page_Moodle Log in to the site/input_Username_username'

2022-01-17 06:58:06 - [TEST_STEP][PASSED] - setEncryptedText(findTestObject("Object Repository/Page_Moodle Log in to the site/input_Password_password"), "eiP2h/EMT1hJlGmKEGA7sg=="): Text ****** has been set on object 'Object Repository/Page_Moodle Log in to the site/input_Password_password'

2022-01-17 06:58:06 - [MESSAGE][PASSED] - Text ****** has been set on object 'Object Repository/Page_Moodle Log in to the site/input_Password_password'

2022-01-17 06:58:06 - [TEST_STEP][PASSED] - click(findTestObject("Object Repository/Page_Moodle Log in to the site/button_Log in")): Object: 'Object Repository/Page_Moodle Log in to the site/button_Log in' is clicked on

2022-01-17 06:58:07 - [MESSAGE][PASSED] - Object: 'Object Repository/Page_Moodle Log in to the site/button_Log in' is clicked on

2022-01-17 06:58:07 - [TEST_STEP][PASSED] - click(findTestObject("Object Repository/Page_Dashboard/a_Quach Minh Khoi")): Object: 'Object Repository/Page_Dashboard/a_Quach Minh Khoi' is clicked on

2022-01-17 06:58:08 - [MESSAGE][PASSED] - Object: 'Object Repository/Page_Dashboard/a_Quach Minh Khoi' is clicked on

2022-01-17 06:58:08 - [TEST_STEP][PASSED] - click(findTestObject("Object Repository/Page_Dashboard/a_Profile")): Object: 'Object Repository/Page_Dashboard/a_Profile' is clicked on

2022-01-17 06:58:09 - [MESSAGE][PASSED] - Object: 'Object Repository/Page_Dashboard/a_Profile' is clicked on

2022-01-17 06:58:09 - [TEST_STEP][PASSED] - verifyElementText(findTestObject("Page_Quach Minh Khoi Public profile/a_Introduction to Computer Science"), "Introduction to Computer Science"): Actual text and expected text of test object 'Object Repository/Page_Quach Minh Khoi Public profile/a_Introduction to Computer Science' are matched.

2022-01-17 06:58:10 - [MESSAGE][PASSED] - Actual text and expected text of test object 'Object Repository/Page_Quach Minh Khoi Public profile/a_Introduction to Computer Science' are matched.

2022-01-17 06:58:10 - [TEST_STEP][PASSED] - click(findTestObject("Object Repository/Page_Quach Minh Khoi Public profile/a_Introduction to Computer Science")): Object: 'Object Repository/Page_Quach Minh Khoi Public profile/a_Introduction to Computer Science' is clicked on

2022-01-17 06:58:10 - [MESSAGE][PASSED] - Object: 'Object Repository/Page_Quach Minh Khoi Public profile/a_Introduction to Computer Science' is clicked on

2022-01-17 06:58:10 - [TEST_STEP][PASSED] - click(findTestObject("Object Repository/Page_Introduction to Computer Science Perso_363e4d/a_Grades")): Object: 'Object Repository/Page_Introduction to Computer Science Perso_363e4d/a_Grades' is clicked on

2022-01-17 06:58:11 - [MESSAGE][PASSED] - Object: 'Object Repository/Page_Introduction to Computer Science Perso_363e4d/a_Grades' is clicked on

2022-01-17 06:58:11 - [TEST_STEP][PASSED] - verifyElementText(findTestObject("Object Repository/Page_IntroCS Activity report (grade)/span_Course total"), "Course total"): Actual text and expected text of test object 'Object Repository/Page_IntroCS Activity report (grade)/span_Course total' are matched.

2022-01-17 06:58:42 - [MESSAGE][INFO] - Unable to find the element located by 'By.xpath: //th[@id='row_9_3']/span'. Please recheck the objects properties to make sure the desired element is located. 

2022-01-17 06:58:42 - [MESSAGE][WARNING] - [SELF-HEALING] Failed to find element with id 'Object Repository/Page_IntroCS Activity report (grade)/span_Course total'. Try using Self-healing.

2022-01-17 06:58:43 - [MESSAGE][WARNING] - [SELF-HEALING] The current locator of test object 'Object Repository/Page_IntroCS Activity report (grade)/span_Course total' was broken. Propose an alternative one: '(.//*[normalize-space(text()) and normalize-space(.)='Introduction to Computer Science'])[1]/following::span[1]'.

2022-01-17 06:58:43 - [MESSAGE][PASSED] - Actual text and expected text of test object 'Object Repository/Page_IntroCS Activity report (grade)/span_Course total' are matched.

2022-01-17 06:58:43 - [TEST_STEP][PASSED] - closeBrowser(): Browser is closed

2022-01-17 06:58:43 - [MESSAGE][PASSED] - Browser is closed]]></system-out>
         <system-err><![CDATA[]]></system-err>
      </testcase>
      <testcase name="Test Cases/test case 40" time="10.101" classname="Test Cases/test case 40" status="PASSED">
         <system-out><![CDATA[2022-01-17 06:58:43 - [TEST_CASE][PASSED] - Test Cases/test case 40: Test Cases/test case 40

2022-01-17 06:58:44 - [TEST_STEP][PASSED] - openBrowser(""): Browser is opened with url: ''

2022-01-17 06:58:44 - [MESSAGE][INFO] - Starting 'Chrome' driver

2022-01-17 06:58:44 - [MESSAGE][INFO] - Action delay is set to 0 milliseconds

2022-01-17 06:58:45 - [MESSAGE][PASSED] - Browser is opened with url: ''

2022-01-17 06:58:45 - [TEST_STEP][PASSED] - navigateToUrl("http://localhost/"): Navigate to 'http://localhost/' successfully

2022-01-17 06:58:46 - [MESSAGE][PASSED] - Navigate to 'http://localhost/' successfully

2022-01-17 06:58:46 - [TEST_STEP][PASSED] - click(findTestObject("Object Repository/Page_Moodle/a_Log in")): Object: 'Object Repository/Page_Moodle/a_Log in' is clicked on

2022-01-17 06:58:47 - [MESSAGE][PASSED] - Object: 'Object Repository/Page_Moodle/a_Log in' is clicked on

2022-01-17 06:58:47 - [TEST_STEP][PASSED] - setText(findTestObject("Object Repository/Page_Moodle Log in to the site/input_Username_username"), "qmkhoi"): Text 'qmkhoi' is set on object 'Object Repository/Page_Moodle Log in to the site/input_Username_username'

2022-01-17 06:58:48 - [MESSAGE][PASSED] - Text 'qmkhoi' is set on object 'Object Repository/Page_Moodle Log in to the site/input_Username_username'

2022-01-17 06:58:48 - [TEST_STEP][PASSED] - setEncryptedText(findTestObject("Object Repository/Page_Moodle Log in to the site/input_Password_password"), "eiP2h/EMT1hJlGmKEGA7sg=="): Text ****** has been set on object 'Object Repository/Page_Moodle Log in to the site/input_Password_password'

2022-01-17 06:58:48 - [MESSAGE][PASSED] - Text ****** has been set on object 'Object Repository/Page_Moodle Log in to the site/input_Password_password'

2022-01-17 06:58:48 - [TEST_STEP][PASSED] - click(findTestObject("Object Repository/Page_Moodle Log in to the site/button_Log in")): Object: 'Object Repository/Page_Moodle Log in to the site/button_Log in' is clicked on

2022-01-17 06:58:49 - [MESSAGE][PASSED] - Object: 'Object Repository/Page_Moodle Log in to the site/button_Log in' is clicked on

2022-01-17 06:58:49 - [TEST_STEP][PASSED] - verifyElementText(findTestObject("Object Repository/Page_Dashboard/span_IntroCS"), "IntroCS"): Actual text and expected text of test object 'Object Repository/Page_Dashboard/span_IntroCS' are matched.

2022-01-17 06:58:50 - [MESSAGE][PASSED] - Actual text and expected text of test object 'Object Repository/Page_Dashboard/span_IntroCS' are matched.

2022-01-17 06:58:50 - [TEST_STEP][PASSED] - click(findTestObject("Object Repository/Page_Dashboard/span_IntroCS")): Object: 'Object Repository/Page_Dashboard/span_IntroCS' is clicked on

2022-01-17 06:58:51 - [MESSAGE][PASSED] - Object: 'Object Repository/Page_Dashboard/span_IntroCS' is clicked on

2022-01-17 06:58:51 - [TEST_STEP][PASSED] - click(findTestObject("Object Repository/Page_Course Introduction to Computer Science/span_Grades")): Object: 'Object Repository/Page_Course Introduction to Computer Science/span_Grades' is clicked on

2022-01-17 06:58:52 - [MESSAGE][PASSED] - Object: 'Object Repository/Page_Course Introduction to Computer Science/span_Grades' is clicked on

2022-01-17 06:58:52 - [TEST_STEP][PASSED] - verifyElementText(findTestObject("Object Repository/Page_Grades View/h2_User report - Quach Minh Khoi"), "User report - Quach Minh Khoi"): Actual text and expected text of test object 'Object Repository/Page_Grades View/h2_User report - Quach Minh Khoi' are matched.

2022-01-17 06:58:53 - [MESSAGE][PASSED] - Actual text and expected text of test object 'Object Repository/Page_Grades View/h2_User report - Quach Minh Khoi' are matched.

2022-01-17 06:58:53 - [TEST_STEP][PASSED] - closeBrowser(): Browser is closed

2022-01-17 06:58:54 - [MESSAGE][PASSED] - Browser is closed]]></system-out>
         <system-err><![CDATA[]]></system-err>
      </testcase>
      <testcase name="Test Cases/test case 41" time="152.069" classname="Test Cases/test case 41" status="PASSED">
         <system-out><![CDATA[2022-01-17 06:58:54 - [TEST_CASE][PASSED] - Test Cases/test case 41: Test Cases/test case 41

2022-01-17 06:58:54 - [TEST_STEP][PASSED] - openBrowser(""): Browser is opened with url: ''

2022-01-17 06:58:54 - [MESSAGE][INFO] - Starting 'Chrome' driver

2022-01-17 06:58:54 - [MESSAGE][INFO] - Action delay is set to 0 milliseconds

2022-01-17 06:58:55 - [MESSAGE][PASSED] - Browser is opened with url: ''

2022-01-17 06:58:55 - [TEST_STEP][PASSED] - navigateToUrl("http://localhost/"): Navigate to 'http://localhost/' successfully

2022-01-17 06:58:56 - [MESSAGE][PASSED] - Navigate to 'http://localhost/' successfully

2022-01-17 06:58:56 - [TEST_STEP][PASSED] - click(findTestObject("Object Repository/Page_Moodle/a_Log in")): Object: 'Object Repository/Page_Moodle/a_Log in' is clicked on

2022-01-17 06:58:57 - [MESSAGE][PASSED] - Object: 'Object Repository/Page_Moodle/a_Log in' is clicked on

2022-01-17 06:58:57 - [TEST_STEP][PASSED] - setText(findTestObject("Object Repository/Page_Moodle Log in to the site/input_Username_username"), "tmtriet"): Text 'tmtriet' is set on object 'Object Repository/Page_Moodle Log in to the site/input_Username_username'

2022-01-17 06:58:58 - [MESSAGE][PASSED] - Text 'tmtriet' is set on object 'Object Repository/Page_Moodle Log in to the site/input_Username_username'

2022-01-17 06:58:58 - [TEST_STEP][PASSED] - setEncryptedText(findTestObject("Object Repository/Page_Moodle Log in to the site/input_Password_password"), "NMz1A57fMJEpXGm/T4cXeQ=="): Text ****** has been set on object 'Object Repository/Page_Moodle Log in to the site/input_Password_password'

2022-01-17 06:58:58 - [MESSAGE][PASSED] - Text ****** has been set on object 'Object Repository/Page_Moodle Log in to the site/input_Password_password'

2022-01-17 06:58:58 - [TEST_STEP][PASSED] - click(findTestObject("Object Repository/Page_Moodle Log in to the site/button_Log in")): Object: 'Object Repository/Page_Moodle Log in to the site/button_Log in' is clicked on

2022-01-17 06:58:59 - [MESSAGE][PASSED] - Object: 'Object Repository/Page_Moodle Log in to the site/button_Log in' is clicked on

2022-01-17 06:58:59 - [TEST_STEP][PASSED] - verifyElementText(findTestObject("Page_Dashboard/span_IntroCS"), "IntroCS"): Actual text and expected text of test object 'Object Repository/Page_Dashboard/span_IntroCS' are matched.

2022-01-17 06:59:00 - [MESSAGE][PASSED] - Actual text and expected text of test object 'Object Repository/Page_Dashboard/span_IntroCS' are matched.

2022-01-17 06:59:00 - [TEST_STEP][PASSED] - click(findTestObject("Object Repository/Page_Dashboard/span_IntroCS")): Object: 'Object Repository/Page_Dashboard/span_IntroCS' is clicked on

2022-01-17 06:59:01 - [MESSAGE][PASSED] - Object: 'Object Repository/Page_Dashboard/span_IntroCS' is clicked on

2022-01-17 06:59:01 - [TEST_STEP][PASSED] - waitForElementPresent(findTestObject("Object Repository/Page_Course Introduction to Computer Science/span_Announcements Forum"), 0): Object 'Object Repository/Page_Course Introduction to Computer Science/span_Announcements Forum' is present

2022-01-17 06:59:01 - [MESSAGE][WARNING] - Timeout '0' is invalid. Using default page load timeout: '30'

2022-01-17 06:59:02 - [MESSAGE][PASSED] - Object 'Object Repository/Page_Course Introduction to Computer Science/span_Announcements Forum' is present

2022-01-17 06:59:02 - [TEST_STEP][PASSED] - click(findTestObject("Object Repository/Page_Course Introduction to Computer Science/span_Announcements Forum")): Object: 'Object Repository/Page_Course Introduction to Computer Science/span_Announcements Forum' is clicked on

2022-01-17 06:59:03 - [MESSAGE][PASSED] - Object: 'Object Repository/Page_Course Introduction to Computer Science/span_Announcements Forum' is clicked on

2022-01-17 06:59:03 - [TEST_STEP][PASSED] - verifyElementText(findTestObject("Page_Announcements/h2_Announcements"), "Announcements"): Actual text and expected text of test object 'Object Repository/Page_Announcements/h2_Announcements' are matched.

2022-01-17 06:59:04 - [MESSAGE][PASSED] - Actual text and expected text of test object 'Object Repository/Page_Announcements/h2_Announcements' are matched.

2022-01-17 06:59:04 - [TEST_STEP][PASSED] - click(findTestObject("Object Repository/Page_Announcements/a_Add a new topic")): Object: 'Object Repository/Page_Announcements/a_Add a new topic' is clicked on

2022-01-17 06:59:35 - [MESSAGE][INFO] - Unable to find the element located by 'By.xpath: //a[@id='yui_3_17_2_1_1642339776301_492']'. Please recheck the objects properties to make sure the desired element is located. 

2022-01-17 06:59:35 - [MESSAGE][WARNING] - [SELF-HEALING] Failed to find element with id 'Object Repository/Page_Announcements/a_Add a new topic'. Try using Self-healing.

2022-01-17 06:59:35 - [MESSAGE][WARNING] - [SELF-HEALING] The current locator of test object 'Object Repository/Page_Announcements/a_Add a new topic' was broken. Propose an alternative one: '//a[contains(text(),'Add a new topic')]'.

2022-01-17 06:59:35 - [MESSAGE][PASSED] - Object: 'Object Repository/Page_Announcements/a_Add a new topic' is clicked on

2022-01-17 06:59:35 - [TEST_STEP][PASSED] - setText(findTestObject("Object Repository/Page_Announcements/input_Subject_subject"), "Announcement for Tet holiday"): Text 'Announcement for Tet holiday' is set on object 'Object Repository/Page_Announcements/input_Subject_subject'

2022-01-17 06:59:36 - [MESSAGE][PASSED] - Text 'Announcement for Tet holiday' is set on object 'Object Repository/Page_Announcements/input_Subject_subject'

2022-01-17 06:59:36 - [TEST_STEP][PASSED] - click(findTestObject("Object Repository/Page_Announcements/p")): Object: 'Object Repository/Page_Announcements/p' is clicked on

2022-01-17 06:59:37 - [MESSAGE][PASSED] - Object: 'Object Repository/Page_Announcements/p' is clicked on

2022-01-17 06:59:37 - [TEST_STEP][PASSED] - setText(findTestObject("Object Repository/Page_Announcements/div_Wish you have a nice break"), "Wish you have a nice break"): Text 'Wish you have a nice break' is set on object 'Object Repository/Page_Announcements/div_Wish you have a nice break'

2022-01-17 06:59:38 - [MESSAGE][PASSED] - Text 'Wish you have a nice break' is set on object 'Object Repository/Page_Announcements/div_Wish you have a nice break'

2022-01-17 06:59:38 - [TEST_STEP][PASSED] - waitForElementPresent(findTestObject("Object Repository/Page_Announcements/input_Message_submitbutton"), 0): Object 'Object Repository/Page_Announcements/input_Message_submitbutton' is present

2022-01-17 06:59:38 - [MESSAGE][WARNING] - Timeout '0' is invalid. Using default page load timeout: '30'

2022-01-17 06:59:38 - [MESSAGE][PASSED] - Object 'Object Repository/Page_Announcements/input_Message_submitbutton' is present

2022-01-17 06:59:38 - [TEST_STEP][PASSED] - click(findTestObject("Object Repository/Page_Announcements/input_Message_submitbutton")): Object: 'Object Repository/Page_Announcements/input_Message_submitbutton' is clicked on

2022-01-17 06:59:39 - [MESSAGE][PASSED] - Object: 'Object Repository/Page_Announcements/input_Message_submitbutton' is clicked on

2022-01-17 06:59:39 - [TEST_STEP][PASSED] - verifyElementText(findTestObject("Object Repository/Page_Announcements/p_Your post was successfully added"), "Your post was successfully added."): Actual text and expected text of test object 'Object Repository/Page_Announcements/p_Your post was successfully added' are matched.

2022-01-17 06:59:40 - [MESSAGE][PASSED] - Actual text and expected text of test object 'Object Repository/Page_Announcements/p_Your post was successfully added' are matched.

2022-01-17 06:59:40 - [TEST_STEP][PASSED] - verifyElementText(findTestObject("Object Repository/Page_Announcements/p_You have 30 mins to edit it if you want t_c2beca"), "You have 30 mins to edit it if you want to make any changes."): Actual text and expected text of test object 'Object Repository/Page_Announcements/p_You have 30 mins to edit it if you want t_c2beca' are matched.

2022-01-17 06:59:41 - [MESSAGE][PASSED] - Actual text and expected text of test object 'Object Repository/Page_Announcements/p_You have 30 mins to edit it if you want t_c2beca' are matched.

2022-01-17 06:59:41 - [TEST_STEP][PASSED] - click(findTestObject("Object Repository/Page_Announcements/a_Announcement for Tet holiday")): Object: 'Object Repository/Page_Announcements/a_Announcement for Tet holiday' is clicked on

2022-01-17 07:00:12 - [MESSAGE][INFO] - Unable to find the element located by 'By.xpath: //a[@id='yui_3_17_2_1_1642339826879_497']'. Please recheck the objects properties to make sure the desired element is located. 

2022-01-17 07:00:12 - [MESSAGE][WARNING] - [SELF-HEALING] Failed to find element with id 'Object Repository/Page_Announcements/a_Announcement for Tet holiday'. Try using Self-healing.

2022-01-17 07:00:12 - [MESSAGE][WARNING] - [SELF-HEALING] The current locator of test object 'Object Repository/Page_Announcements/a_Announcement for Tet holiday' was broken. Propose an alternative one: '//a[contains(text(),'Announcement for Tet holiday')]'.

2022-01-17 07:00:13 - [MESSAGE][PASSED] - Object: 'Object Repository/Page_Announcements/a_Announcement for Tet holiday' is clicked on

2022-01-17 07:00:13 - [TEST_STEP][PASSED] - click(findTestObject("Object Repository/Page_IntroCS Announcement for Tet holiday/a_Delete")): Object: 'Object Repository/Page_IntroCS Announcement for Tet holiday/a_Delete' is clicked on

2022-01-17 07:00:45 - [MESSAGE][INFO] - Unable to find the element located by 'By.xpath: //article[@id='p22']/div/div/div/div[2]/div[2]/div/a[3]'. Please recheck the objects properties to make sure the desired element is located. 

2022-01-17 07:00:45 - [MESSAGE][WARNING] - [SELF-HEALING] Failed to find element with id 'Object Repository/Page_IntroCS Announcement for Tet holiday/a_Delete'. Try using Self-healing.

2022-01-17 07:00:47 - [MESSAGE][WARNING] - [SELF-HEALING] The current locator of test object 'Object Repository/Page_IntroCS Announcement for Tet holiday/a_Delete' was broken. Propose an alternative one: '//a[contains(text(),'Delete')]'.

2022-01-17 07:00:47 - [MESSAGE][PASSED] - Object: 'Object Repository/Page_IntroCS Announcement for Tet holiday/a_Delete' is clicked on

2022-01-17 07:00:47 - [TEST_STEP][PASSED] - click(findTestObject("Object Repository/Page_IntroCS/button_Continue")): Object: 'Object Repository/Page_IntroCS/button_Continue' is clicked on

2022-01-17 07:01:20 - [MESSAGE][INFO] - Unable to find the element located by 'By.xpath: //button[@id='single_button61e41e39a55b714']'. Please recheck the objects properties to make sure the desired element is located. 

2022-01-17 07:01:20 - [MESSAGE][WARNING] - [SELF-HEALING] Failed to find element with id 'Object Repository/Page_IntroCS/button_Continue'. Try using Self-healing.

2022-01-17 07:01:22 - [MESSAGE][WARNING] - [SELF-HEALING] The current locator of test object 'Object Repository/Page_IntroCS/button_Continue' was broken. Propose an alternative one: '//div[@id='modal-footer']/div/div/form/button'.

2022-01-17 07:01:23 - [MESSAGE][PASSED] - Object: 'Object Repository/Page_IntroCS/button_Continue' is clicked on

2022-01-17 07:01:23 - [TEST_STEP][PASSED] - verifyElementPresent(findTestObject("Object Repository/Page_Announcements/div_Discussion deleted"), 0): Object 'Object Repository/Page_Announcements/div_Discussion deleted' is present

2022-01-17 07:01:23 - [MESSAGE][WARNING] - Timeout '0' is invalid. Using default page load timeout: '30'

2022-01-17 07:01:25 - [MESSAGE][PASSED] - Object 'Object Repository/Page_Announcements/div_Discussion deleted' is present

2022-01-17 07:01:25 - [TEST_STEP][PASSED] - closeBrowser(): Browser is closed

2022-01-17 07:01:26 - [MESSAGE][PASSED] - Browser is closed]]></system-out>
         <system-err><![CDATA[]]></system-err>
      </testcase>
      <testcase name="Test Cases/test case 42" time="281.274" classname="Test Cases/test case 42" status="PASSED">
         <system-out><![CDATA[2022-01-17 07:01:26 - [TEST_CASE][PASSED] - Test Cases/test case 42: Test Cases/test case 42

2022-01-17 07:01:26 - [TEST_STEP][PASSED] - openBrowser(""): Browser is opened with url: ''

2022-01-17 07:01:26 - [MESSAGE][INFO] - Starting 'Chrome' driver

2022-01-17 07:01:26 - [MESSAGE][INFO] - Action delay is set to 0 milliseconds

2022-01-17 07:01:27 - [MESSAGE][PASSED] - Browser is opened with url: ''

2022-01-17 07:01:27 - [TEST_STEP][PASSED] - navigateToUrl("http://localhost/"): Navigate to 'http://localhost/' successfully

2022-01-17 07:01:28 - [MESSAGE][PASSED] - Navigate to 'http://localhost/' successfully

2022-01-17 07:01:28 - [TEST_STEP][PASSED] - click(findTestObject("Object Repository/Page_Moodle/a_Log in")): Object: 'Object Repository/Page_Moodle/a_Log in' is clicked on

2022-01-17 07:01:29 - [MESSAGE][PASSED] - Object: 'Object Repository/Page_Moodle/a_Log in' is clicked on

2022-01-17 07:01:29 - [TEST_STEP][PASSED] - setText(findTestObject("Object Repository/Page_Moodle Log in to the site/input_Username_username"), "tmtriet"): Text 'tmtriet' is set on object 'Object Repository/Page_Moodle Log in to the site/input_Username_username'

2022-01-17 07:01:30 - [MESSAGE][PASSED] - Text 'tmtriet' is set on object 'Object Repository/Page_Moodle Log in to the site/input_Username_username'

2022-01-17 07:01:30 - [TEST_STEP][PASSED] - setEncryptedText(findTestObject("Object Repository/Page_Moodle Log in to the site/input_Password_password"), "NMz1A57fMJEpXGm/T4cXeQ=="): Text ****** has been set on object 'Object Repository/Page_Moodle Log in to the site/input_Password_password'

2022-01-17 07:01:30 - [MESSAGE][PASSED] - Text ****** has been set on object 'Object Repository/Page_Moodle Log in to the site/input_Password_password'

2022-01-17 07:01:30 - [TEST_STEP][PASSED] - click(findTestObject("Object Repository/Page_Moodle Log in to the site/button_Log in")): Object: 'Object Repository/Page_Moodle Log in to the site/button_Log in' is clicked on

2022-01-17 07:01:31 - [MESSAGE][PASSED] - Object: 'Object Repository/Page_Moodle Log in to the site/button_Log in' is clicked on

2022-01-17 07:01:31 - [TEST_STEP][PASSED] - verifyElementText(findTestObject("Page_Dashboard/span_IntroCS"), "IntroCS"): Actual text and expected text of test object 'Object Repository/Page_Dashboard/span_IntroCS' are matched.

2022-01-17 07:01:32 - [MESSAGE][PASSED] - Actual text and expected text of test object 'Object Repository/Page_Dashboard/span_IntroCS' are matched.

2022-01-17 07:01:32 - [TEST_STEP][PASSED] - click(findTestObject("Object Repository/Page_Dashboard/span_IntroCS")): Object: 'Object Repository/Page_Dashboard/span_IntroCS' is clicked on

2022-01-17 07:01:33 - [MESSAGE][PASSED] - Object: 'Object Repository/Page_Dashboard/span_IntroCS' is clicked on

2022-01-17 07:01:33 - [TEST_STEP][PASSED] - verifyElementPresent(findTestObject("Object Repository/Page_Course Introduction to Computer Science/span_Announcements Forum"), 0): Object 'Object Repository/Page_Course Introduction to Computer Science/span_Announcements Forum' is present

2022-01-17 07:01:33 - [MESSAGE][WARNING] - Timeout '0' is invalid. Using default page load timeout: '30'

2022-01-17 07:01:34 - [MESSAGE][PASSED] - Object 'Object Repository/Page_Course Introduction to Computer Science/span_Announcements Forum' is present

2022-01-17 07:01:34 - [TEST_STEP][PASSED] - click(findTestObject("Object Repository/Page_Course Introduction to Computer Science/span_Announcements Forum")): Object: 'Object Repository/Page_Course Introduction to Computer Science/span_Announcements Forum' is clicked on

2022-01-17 07:01:35 - [MESSAGE][PASSED] - Object: 'Object Repository/Page_Course Introduction to Computer Science/span_Announcements Forum' is clicked on

2022-01-17 07:01:35 - [TEST_STEP][PASSED] - verifyElementText(findTestObject("Page_Announcements/h2_Announcements"), "Announcements"): Actual text and expected text of test object 'Object Repository/Page_Announcements/h2_Announcements' are matched.

2022-01-17 07:01:36 - [MESSAGE][PASSED] - Actual text and expected text of test object 'Object Repository/Page_Announcements/h2_Announcements' are matched.

2022-01-17 07:01:36 - [TEST_STEP][PASSED] - click(findTestObject("Object Repository/Page_Announcements/a_Add a new topic")): Object: 'Object Repository/Page_Announcements/a_Add a new topic' is clicked on

2022-01-17 07:02:07 - [MESSAGE][INFO] - Unable to find the element located by 'By.xpath: //a[@id='yui_3_17_2_1_1642339776301_492']'. Please recheck the objects properties to make sure the desired element is located. 

2022-01-17 07:02:07 - [MESSAGE][WARNING] - [SELF-HEALING] Failed to find element with id 'Object Repository/Page_Announcements/a_Add a new topic'. Try using Self-healing.

2022-01-17 07:02:07 - [MESSAGE][WARNING] - [SELF-HEALING] The current locator of test object 'Object Repository/Page_Announcements/a_Add a new topic' was broken. Propose an alternative one: '//a[contains(text(),'Add a new topic')]'.

2022-01-17 07:02:07 - [MESSAGE][PASSED] - Object: 'Object Repository/Page_Announcements/a_Add a new topic' is clicked on

2022-01-17 07:02:07 - [TEST_STEP][PASSED] - setText(findTestObject("Object Repository/Page_Announcements/input_Subject_subject"), "Announcement for Tet holiday"): Text 'Announcement for Tet holiday' is set on object 'Object Repository/Page_Announcements/input_Subject_subject'

2022-01-17 07:02:08 - [MESSAGE][PASSED] - Text 'Announcement for Tet holiday' is set on object 'Object Repository/Page_Announcements/input_Subject_subject'

2022-01-17 07:02:08 - [TEST_STEP][PASSED] - setText(findTestObject("Object Repository/Page_Announcements/div_Wish you have a nice break"), "Wish you have a nice break"): Text 'Wish you have a nice break' is set on object 'Object Repository/Page_Announcements/div_Wish you have a nice break'

2022-01-17 07:02:09 - [MESSAGE][PASSED] - Text 'Wish you have a nice break' is set on object 'Object Repository/Page_Announcements/div_Wish you have a nice break'

2022-01-17 07:02:09 - [TEST_STEP][PASSED] - click(findTestObject("Object Repository/Page_Announcements/div_Message")): Object: 'Object Repository/Page_Announcements/div_Message' is clicked on

2022-01-17 07:02:10 - [MESSAGE][PASSED] - Object: 'Object Repository/Page_Announcements/div_Message' is clicked on

2022-01-17 07:02:10 - [TEST_STEP][PASSED] - waitForElementPresent(findTestObject("Object Repository/Page_Announcements/input_Cancel_advancedadddiscussion"), 0): Object 'Object Repository/Page_Announcements/input_Cancel_advancedadddiscussion' is present

2022-01-17 07:02:10 - [MESSAGE][WARNING] - Timeout '0' is invalid. Using default page load timeout: '30'

2022-01-17 07:02:10 - [MESSAGE][PASSED] - Object 'Object Repository/Page_Announcements/input_Cancel_advancedadddiscussion' is present

2022-01-17 07:02:10 - [TEST_STEP][PASSED] - click(findTestObject("Object Repository/Page_Announcements/input_Cancel_advancedadddiscussion")): Object: 'Object Repository/Page_Announcements/input_Cancel_advancedadddiscussion' is clicked on

2022-01-17 07:02:11 - [MESSAGE][PASSED] - Object: 'Object Repository/Page_Announcements/input_Cancel_advancedadddiscussion' is clicked on

2022-01-17 07:02:11 - [TEST_STEP][PASSED] - waitForElementPresent(findTestObject("Object Repository/Page_IntroCS Add a new topic/a_Display period"), 0): Object 'Object Repository/Page_IntroCS Add a new topic/a_Display period' is present

2022-01-17 07:02:11 - [MESSAGE][WARNING] - Timeout '0' is invalid. Using default page load timeout: '30'

2022-01-17 07:02:42 - [MESSAGE][INFO] - Unable to find the element located by 'By.xpath: //a[@id='yui_3_17_2_1_1642208154690_58']'. Please recheck the objects properties to make sure the desired element is located. 

2022-01-17 07:02:42 - [MESSAGE][WARNING] - [SELF-HEALING] Failed to find element with id 'Object Repository/Page_IntroCS Add a new topic/a_Display period'. Try using Self-healing.

2022-01-17 07:02:42 - [MESSAGE][WARNING] - [SELF-HEALING] The current locator of test object 'Object Repository/Page_IntroCS Add a new topic/a_Display period' was broken. Propose an alternative one: '//a[contains(text(),'Display period')]'.

2022-01-17 07:02:42 - [MESSAGE][PASSED] - Object 'Object Repository/Page_IntroCS Add a new topic/a_Display period' is present

2022-01-17 07:02:42 - [TEST_STEP][PASSED] - click(findTestObject("Object Repository/Page_IntroCS Add a new topic/a_Display period")): Object: 'Object Repository/Page_IntroCS Add a new topic/a_Display period' is clicked on

2022-01-17 07:03:14 - [MESSAGE][INFO] - Unable to find the element located by 'By.xpath: //a[@id='yui_3_17_2_1_1642208154690_58']'. Please recheck the objects properties to make sure the desired element is located. 

2022-01-17 07:03:14 - [MESSAGE][WARNING] - [SELF-HEALING] Failed to find element with id 'Object Repository/Page_IntroCS Add a new topic/a_Display period'. Try using Self-healing.

2022-01-17 07:03:14 - [MESSAGE][WARNING] - [SELF-HEALING] The current locator of test object 'Object Repository/Page_IntroCS Add a new topic/a_Display period' was broken. Propose an alternative one: '//a[contains(text(),'Display period')]'.

2022-01-17 07:03:14 - [MESSAGE][PASSED] - Object: 'Object Repository/Page_IntroCS Add a new topic/a_Display period' is clicked on

2022-01-17 07:03:14 - [TEST_STEP][PASSED] - click(findTestObject("Object Repository/Page_IntroCS Add a new topic/input_Enable_timestartenabled")): Object: 'Object Repository/Page_IntroCS Add a new topic/input_Enable_timestartenabled' is clicked on

2022-01-17 07:03:14 - [MESSAGE][PASSED] - Object: 'Object Repository/Page_IntroCS Add a new topic/input_Enable_timestartenabled' is clicked on

2022-01-17 07:03:14 - [TEST_STEP][PASSED] - click(findTestObject("Object Repository/Page_IntroCS Add a new topic/input_Enable_timeendenabled")): Object: 'Object Repository/Page_IntroCS Add a new topic/input_Enable_timeendenabled' is clicked on

2022-01-17 07:03:15 - [MESSAGE][PASSED] - Object: 'Object Repository/Page_IntroCS Add a new topic/input_Enable_timeendenabled' is clicked on

2022-01-17 07:03:15 - [TEST_STEP][PASSED] - selectOptionByValue(findTestObject("Object Repository/Page_IntroCS Add a new topic/select_1        2        3        4        _45ea30"), "24", true): All options with value '24' are selected in object 'Object Repository/Page_IntroCS Add a new topic/select_1        2        3        4        _45ea30'  using regular expression

2022-01-17 07:03:16 - [MESSAGE][PASSED] - All options with value '24' are selected in object 'Object Repository/Page_IntroCS Add a new topic/select_1        2        3        4        _45ea30'  using regular expression

2022-01-17 07:03:16 - [TEST_STEP][PASSED] - selectOptionByValue(findTestObject("Object Repository/Page_IntroCS Add a new topic/select_00        01        02        03    _f6e37b"), "0", true): All options with value '0' are selected in object 'Object Repository/Page_IntroCS Add a new topic/select_00        01        02        03    _f6e37b'  using regular expression

2022-01-17 07:03:18 - [MESSAGE][PASSED] - All options with value '0' are selected in object 'Object Repository/Page_IntroCS Add a new topic/select_00        01        02        03    _f6e37b'  using regular expression

2022-01-17 07:03:18 - [TEST_STEP][PASSED] - selectOptionByValue(findTestObject("Object Repository/Page_IntroCS Add a new topic/select_00        01        02        03    _f6e37b_1"), "1", true): All options with value '1' are selected in object 'Object Repository/Page_IntroCS Add a new topic/select_00        01        02        03    _f6e37b_1'  using regular expression

2022-01-17 07:03:19 - [MESSAGE][PASSED] - All options with value '1' are selected in object 'Object Repository/Page_IntroCS Add a new topic/select_00        01        02        03    _f6e37b_1'  using regular expression

2022-01-17 07:03:19 - [TEST_STEP][PASSED] - selectOptionByValue(findTestObject("Object Repository/Page_IntroCS Add a new topic/select_00        01        02        03    _f6e37b_1"), "0", true): All options with value '0' are selected in object 'Object Repository/Page_IntroCS Add a new topic/select_00        01        02        03    _f6e37b_1'  using regular expression

2022-01-17 07:03:20 - [MESSAGE][PASSED] - All options with value '0' are selected in object 'Object Repository/Page_IntroCS Add a new topic/select_00        01        02        03    _f6e37b_1'  using regular expression

2022-01-17 07:03:20 - [TEST_STEP][PASSED] - selectOptionByValue(findTestObject("Object Repository/Page_IntroCS Add a new topic/select_1        2        3        4        _45ea30_1"), "14", true): All options with value '14' are selected in object 'Object Repository/Page_IntroCS Add a new topic/select_1        2        3        4        _45ea30_1'  using regular expression

2022-01-17 07:03:21 - [MESSAGE][PASSED] - All options with value '14' are selected in object 'Object Repository/Page_IntroCS Add a new topic/select_1        2        3        4        _45ea30_1'  using regular expression

2022-01-17 07:03:21 - [TEST_STEP][PASSED] - selectOptionByValue(findTestObject("Object Repository/Page_IntroCS Add a new topic/select_January        February        March_78ea2e"), "2", true): All options with value '2' are selected in object 'Object Repository/Page_IntroCS Add a new topic/select_January        February        March_78ea2e'  using regular expression

2022-01-17 07:03:22 - [MESSAGE][PASSED] - All options with value '2' are selected in object 'Object Repository/Page_IntroCS Add a new topic/select_January        February        March_78ea2e'  using regular expression

2022-01-17 07:03:22 - [TEST_STEP][PASSED] - selectOptionByValue(findTestObject("Object Repository/Page_IntroCS Add a new topic/select_00        01        02        03    _f6e37b_1_2"), "0", true): All options with value '0' are selected in object 'Object Repository/Page_IntroCS Add a new topic/select_00        01        02        03    _f6e37b_1_2'  using regular expression

2022-01-17 07:03:24 - [MESSAGE][PASSED] - All options with value '0' are selected in object 'Object Repository/Page_IntroCS Add a new topic/select_00        01        02        03    _f6e37b_1_2'  using regular expression

2022-01-17 07:03:24 - [TEST_STEP][PASSED] - selectOptionByValue(findTestObject("Object Repository/Page_IntroCS Add a new topic/select_00        01        02        03    _f6e37b_1_2_3"), "0", true): All options with value '0' are selected in object 'Object Repository/Page_IntroCS Add a new topic/select_00        01        02        03    _f6e37b_1_2_3'  using regular expression

2022-01-17 07:03:25 - [MESSAGE][PASSED] - All options with value '0' are selected in object 'Object Repository/Page_IntroCS Add a new topic/select_00        01        02        03    _f6e37b_1_2_3'  using regular expression

2022-01-17 07:03:25 - [TEST_STEP][PASSED] - click(findTestObject("Object Repository/Page_IntroCS Add a new topic/input__submitbutton")): Object: 'Object Repository/Page_IntroCS Add a new topic/input__submitbutton' is clicked on

2022-01-17 07:03:26 - [MESSAGE][PASSED] - Object: 'Object Repository/Page_IntroCS Add a new topic/input__submitbutton' is clicked on

2022-01-17 07:03:26 - [TEST_STEP][PASSED] - click(findTestObject("Object Repository/Page_Announcements/p_Your post was successfully added")): Object: 'Object Repository/Page_Announcements/p_Your post was successfully added' is clicked on

2022-01-17 07:03:26 - [MESSAGE][PASSED] - Object: 'Object Repository/Page_Announcements/p_Your post was successfully added' is clicked on

2022-01-17 07:03:26 - [TEST_STEP][PASSED] - verifyElementText(findTestObject("Object Repository/Page_Announcements/p_Your post was successfully added_1"), "Your post was successfully added."): Actual text and expected text of test object 'Object Repository/Page_Announcements/p_Your post was successfully added_1' are matched.

2022-01-17 07:03:58 - [MESSAGE][INFO] - Unable to find the element located by 'By.xpath: //p[@id='yui_3_17_2_1_1642208221973_480']'. Please recheck the objects properties to make sure the desired element is located. 

2022-01-17 07:03:58 - [MESSAGE][WARNING] - [SELF-HEALING] Failed to find element with id 'Object Repository/Page_Announcements/p_Your post was successfully added_1'. Try using Self-healing.

2022-01-17 07:03:58 - [MESSAGE][WARNING] - [SELF-HEALING] The current locator of test object 'Object Repository/Page_Announcements/p_Your post was successfully added_1' was broken. Propose an alternative one: '(.//*[normalize-space(text()) and normalize-space(.)='×'])[1]/following::p[1]'.

2022-01-17 07:03:58 - [MESSAGE][PASSED] - Actual text and expected text of test object 'Object Repository/Page_Announcements/p_Your post was successfully added_1' are matched.

2022-01-17 07:03:58 - [TEST_STEP][PASSED] - verifyElementText(findTestObject("Object Repository/Page_Announcements/p_You have 30 mins to edit it if you want t_c2beca"), "You have 30 mins to edit it if you want to make any changes."): Actual text and expected text of test object 'Object Repository/Page_Announcements/p_You have 30 mins to edit it if you want t_c2beca' are matched.

2022-01-17 07:03:58 - [MESSAGE][PASSED] - Actual text and expected text of test object 'Object Repository/Page_Announcements/p_You have 30 mins to edit it if you want t_c2beca' are matched.

2022-01-17 07:03:58 - [TEST_STEP][PASSED] - verifyElementVisible(findTestObject("Object Repository/Page_Announcements/button_Timed"), STOP_ON_FAILURE): Object 'Object Repository/Page_Announcements/button_Timed' is visible

2022-01-17 07:04:30 - [MESSAGE][INFO] - Unable to find the element located by 'By.xpath: //button[@id='yui_3_17_2_1_1642208221973_501']'. Please recheck the objects properties to make sure the desired element is located. 

2022-01-17 07:04:30 - [MESSAGE][WARNING] - [SELF-HEALING] Failed to find element with id 'Object Repository/Page_Announcements/button_Timed'. Try using Self-healing.

2022-01-17 07:04:30 - [MESSAGE][WARNING] - [SELF-HEALING] The current locator of test object 'Object Repository/Page_Announcements/button_Timed' was broken. Propose an alternative one: '(.//*[normalize-space(text()) and normalize-space(.)='Locked'])[1]/following::button[1]'.

2022-01-17 07:04:30 - [MESSAGE][PASSED] - Object 'Object Repository/Page_Announcements/button_Timed' is visible

2022-01-17 07:04:30 - [TEST_STEP][PASSED] - click(findTestObject("Object Repository/Page_Announcements/a_Announcement for Tet holiday")): Object: 'Object Repository/Page_Announcements/a_Announcement for Tet holiday' is clicked on

2022-01-17 07:05:01 - [MESSAGE][INFO] - Unable to find the element located by 'By.xpath: //a[@id='yui_3_17_2_1_1642339826879_497']'. Please recheck the objects properties to make sure the desired element is located. 

2022-01-17 07:05:01 - [MESSAGE][WARNING] - [SELF-HEALING] Failed to find element with id 'Object Repository/Page_Announcements/a_Announcement for Tet holiday'. Try using Self-healing.

2022-01-17 07:05:01 - [MESSAGE][WARNING] - [SELF-HEALING] The current locator of test object 'Object Repository/Page_Announcements/a_Announcement for Tet holiday' was broken. Propose an alternative one: '//a[contains(text(),'Announcement for Tet holiday')]'.

2022-01-17 07:05:02 - [MESSAGE][PASSED] - Object: 'Object Repository/Page_Announcements/a_Announcement for Tet holiday' is clicked on

2022-01-17 07:05:02 - [TEST_STEP][PASSED] - click(findTestObject("Object Repository/Page_IntroCS Announcement for Tet holiday/a_Delete")): Object: 'Object Repository/Page_IntroCS Announcement for Tet holiday/a_Delete' is clicked on

2022-01-17 07:05:33 - [MESSAGE][INFO] - Unable to find the element located by 'By.xpath: //article[@id='p22']/div/div/div/div[2]/div[2]/div/a[3]'. Please recheck the objects properties to make sure the desired element is located. 

2022-01-17 07:05:33 - [MESSAGE][WARNING] - [SELF-HEALING] Failed to find element with id 'Object Repository/Page_IntroCS Announcement for Tet holiday/a_Delete'. Try using Self-healing.

2022-01-17 07:05:33 - [MESSAGE][WARNING] - [SELF-HEALING] The current locator of test object 'Object Repository/Page_IntroCS Announcement for Tet holiday/a_Delete' was broken. Propose an alternative one: '//a[contains(text(),'Delete')]'.

2022-01-17 07:05:34 - [MESSAGE][PASSED] - Object: 'Object Repository/Page_IntroCS Announcement for Tet holiday/a_Delete' is clicked on

2022-01-17 07:05:34 - [TEST_STEP][PASSED] - click(findTestObject("Object Repository/Page_IntroCS/button_Continue")): Object: 'Object Repository/Page_IntroCS/button_Continue' is clicked on

2022-01-17 07:06:05 - [MESSAGE][INFO] - Unable to find the element located by 'By.xpath: //button[@id='single_button61e41e39a55b714']'. Please recheck the objects properties to make sure the desired element is located. 

2022-01-17 07:06:05 - [MESSAGE][WARNING] - [SELF-HEALING] Failed to find element with id 'Object Repository/Page_IntroCS/button_Continue'. Try using Self-healing.

2022-01-17 07:06:05 - [MESSAGE][WARNING] - [SELF-HEALING] The current locator of test object 'Object Repository/Page_IntroCS/button_Continue' was broken. Propose an alternative one: '//div[@id='modal-footer']/div/div/form/button'.

2022-01-17 07:06:06 - [MESSAGE][PASSED] - Object: 'Object Repository/Page_IntroCS/button_Continue' is clicked on

2022-01-17 07:06:06 - [TEST_STEP][PASSED] - verifyElementVisible(findTestObject("Object Repository/Page_Announcements/div_Discussion deleted"), STOP_ON_FAILURE): Object 'Object Repository/Page_Announcements/div_Discussion deleted' is visible

2022-01-17 07:06:06 - [MESSAGE][PASSED] - Object 'Object Repository/Page_Announcements/div_Discussion deleted' is visible

2022-01-17 07:06:06 - [TEST_STEP][PASSED] - closeBrowser(): Browser is closed

2022-01-17 07:06:07 - [MESSAGE][PASSED] - Browser is closed]]></system-out>
         <system-err><![CDATA[]]></system-err>
      </testcase>
      <testcase name="Test Cases/test case 43" time="44.006" classname="Test Cases/test case 43" status="PASSED">
         <system-out><![CDATA[2022-01-17 07:06:07 - [TEST_CASE][PASSED] - Test Cases/test case 43: Test Cases/test case 43

2022-01-17 07:06:07 - [TEST_STEP][PASSED] - openBrowser(""): Browser is opened with url: ''

2022-01-17 07:06:07 - [MESSAGE][INFO] - Starting 'Chrome' driver

2022-01-17 07:06:07 - [MESSAGE][INFO] - Action delay is set to 0 milliseconds

2022-01-17 07:06:08 - [MESSAGE][PASSED] - Browser is opened with url: ''

2022-01-17 07:06:08 - [TEST_STEP][PASSED] - navigateToUrl("http://localhost/"): Navigate to 'http://localhost/' successfully

2022-01-17 07:06:09 - [MESSAGE][PASSED] - Navigate to 'http://localhost/' successfully

2022-01-17 07:06:09 - [TEST_STEP][PASSED] - click(findTestObject("Object Repository/Page_Moodle/a_Log in")): Object: 'Object Repository/Page_Moodle/a_Log in' is clicked on

2022-01-17 07:06:10 - [MESSAGE][PASSED] - Object: 'Object Repository/Page_Moodle/a_Log in' is clicked on

2022-01-17 07:06:10 - [TEST_STEP][PASSED] - setText(findTestObject("Object Repository/Page_Moodle Log in to the site/input_Username_username"), "tmtriet"): Text 'tmtriet' is set on object 'Object Repository/Page_Moodle Log in to the site/input_Username_username'

2022-01-17 07:06:11 - [MESSAGE][PASSED] - Text 'tmtriet' is set on object 'Object Repository/Page_Moodle Log in to the site/input_Username_username'

2022-01-17 07:06:11 - [TEST_STEP][PASSED] - setEncryptedText(findTestObject("Object Repository/Page_Moodle Log in to the site/input_Password_password"), "NMz1A57fMJEpXGm/T4cXeQ=="): Text ****** has been set on object 'Object Repository/Page_Moodle Log in to the site/input_Password_password'

2022-01-17 07:06:11 - [MESSAGE][PASSED] - Text ****** has been set on object 'Object Repository/Page_Moodle Log in to the site/input_Password_password'

2022-01-17 07:06:11 - [TEST_STEP][PASSED] - click(findTestObject("Object Repository/Page_Moodle Log in to the site/button_Log in")): Object: 'Object Repository/Page_Moodle Log in to the site/button_Log in' is clicked on

2022-01-17 07:06:12 - [MESSAGE][PASSED] - Object: 'Object Repository/Page_Moodle Log in to the site/button_Log in' is clicked on

2022-01-17 07:06:12 - [TEST_STEP][PASSED] - verifyElementText(findTestObject("Page_Dashboard/span_IntroCS"), "IntroCS"): Actual text and expected text of test object 'Object Repository/Page_Dashboard/span_IntroCS' are matched.

2022-01-17 07:06:14 - [MESSAGE][PASSED] - Actual text and expected text of test object 'Object Repository/Page_Dashboard/span_IntroCS' are matched.

2022-01-17 07:06:14 - [TEST_STEP][PASSED] - click(findTestObject("Object Repository/Page_Dashboard/span_IntroCS")): Object: 'Object Repository/Page_Dashboard/span_IntroCS' is clicked on

2022-01-17 07:06:15 - [MESSAGE][PASSED] - Object: 'Object Repository/Page_Dashboard/span_IntroCS' is clicked on

2022-01-17 07:06:15 - [TEST_STEP][PASSED] - verifyElementPresent(findTestObject("Object Repository/Page_Course Introduction to Computer Science/span_Announcements Forum"), 0): Object 'Object Repository/Page_Course Introduction to Computer Science/span_Announcements Forum' is present

2022-01-17 07:06:15 - [MESSAGE][WARNING] - Timeout '0' is invalid. Using default page load timeout: '30'

2022-01-17 07:06:15 - [MESSAGE][PASSED] - Object 'Object Repository/Page_Course Introduction to Computer Science/span_Announcements Forum' is present

2022-01-17 07:06:15 - [TEST_STEP][PASSED] - click(findTestObject("Object Repository/Page_Course Introduction to Computer Science/span_Announcements Forum")): Object: 'Object Repository/Page_Course Introduction to Computer Science/span_Announcements Forum' is clicked on

2022-01-17 07:06:16 - [MESSAGE][PASSED] - Object: 'Object Repository/Page_Course Introduction to Computer Science/span_Announcements Forum' is clicked on

2022-01-17 07:06:16 - [TEST_STEP][PASSED] - verifyElementText(findTestObject("Page_Announcements/h2_Announcements"), "Announcements"): Actual text and expected text of test object 'Object Repository/Page_Announcements/h2_Announcements' are matched.

2022-01-17 07:06:17 - [MESSAGE][PASSED] - Actual text and expected text of test object 'Object Repository/Page_Announcements/h2_Announcements' are matched.

2022-01-17 07:06:17 - [TEST_STEP][PASSED] - click(findTestObject("Object Repository/Page_Announcements/a_Add a new topic")): Object: 'Object Repository/Page_Announcements/a_Add a new topic' is clicked on

2022-01-17 07:06:48 - [MESSAGE][INFO] - Unable to find the element located by 'By.xpath: //a[@id='yui_3_17_2_1_1642339776301_492']'. Please recheck the objects properties to make sure the desired element is located. 

2022-01-17 07:06:48 - [MESSAGE][WARNING] - [SELF-HEALING] Failed to find element with id 'Object Repository/Page_Announcements/a_Add a new topic'. Try using Self-healing.

2022-01-17 07:06:48 - [MESSAGE][WARNING] - [SELF-HEALING] The current locator of test object 'Object Repository/Page_Announcements/a_Add a new topic' was broken. Propose an alternative one: '//a[contains(text(),'Add a new topic')]'.

2022-01-17 07:06:48 - [MESSAGE][PASSED] - Object: 'Object Repository/Page_Announcements/a_Add a new topic' is clicked on

2022-01-17 07:06:48 - [TEST_STEP][PASSED] - waitForElementVisible(findTestObject("Object Repository/Page_Announcements/input_Message_submitbutton"), 0): Object 'Object Repository/Page_Announcements/input_Message_submitbutton' is visible

2022-01-17 07:06:48 - [MESSAGE][WARNING] - Timeout '0' is invalid. Using default page load timeout: '30'

2022-01-17 07:06:49 - [MESSAGE][PASSED] - Object 'Object Repository/Page_Announcements/input_Message_submitbutton' is visible

2022-01-17 07:06:49 - [TEST_STEP][PASSED] - click(findTestObject("Object Repository/Page_Announcements/input_Message_submitbutton")): Object: 'Object Repository/Page_Announcements/input_Message_submitbutton' is clicked on

2022-01-17 07:06:49 - [MESSAGE][PASSED] - Object: 'Object Repository/Page_Announcements/input_Message_submitbutton' is clicked on

2022-01-17 07:06:49 - [TEST_STEP][PASSED] - verifyElementText(findTestObject("Object Repository/Page_Announcements/div_- Required"), "- Required"): Actual text and expected text of test object 'Object Repository/Page_Announcements/div_- Required' are matched.

2022-01-17 07:06:50 - [MESSAGE][PASSED] - Actual text and expected text of test object 'Object Repository/Page_Announcements/div_- Required' are matched.

2022-01-17 07:06:50 - [TEST_STEP][PASSED] - verifyElementText(findTestObject("Object Repository/Page_Announcements/div_- Required_1"), "- Required"): Actual text and expected text of test object 'Object Repository/Page_Announcements/div_- Required_1' are matched.

2022-01-17 07:06:50 - [MESSAGE][PASSED] - Actual text and expected text of test object 'Object Repository/Page_Announcements/div_- Required_1' are matched.

2022-01-17 07:06:50 - [TEST_STEP][PASSED] - closeBrowser(): Browser is closed

2022-01-17 07:06:51 - [MESSAGE][PASSED] - Browser is closed]]></system-out>
         <system-err><![CDATA[]]></system-err>
      </testcase>
      <testcase name="Test Cases/test case 44" time="241.721" classname="Test Cases/test case 44" status="PASSED">
         <system-out><![CDATA[2022-01-17 07:06:51 - [TEST_CASE][PASSED] - Test Cases/test case 44: Test Cases/test case 44

2022-01-17 07:06:51 - [TEST_STEP][PASSED] - openBrowser(""): Browser is opened with url: ''

2022-01-17 07:06:51 - [MESSAGE][INFO] - Starting 'Chrome' driver

2022-01-17 07:06:51 - [MESSAGE][INFO] - Action delay is set to 0 milliseconds

2022-01-17 07:06:52 - [MESSAGE][PASSED] - Browser is opened with url: ''

2022-01-17 07:06:52 - [TEST_STEP][PASSED] - navigateToUrl("http://localhost/"): Navigate to 'http://localhost/' successfully

2022-01-17 07:06:53 - [MESSAGE][PASSED] - Navigate to 'http://localhost/' successfully

2022-01-17 07:06:53 - [TEST_STEP][PASSED] - click(findTestObject("Object Repository/Page_Moodle/a_Log in")): Object: 'Object Repository/Page_Moodle/a_Log in' is clicked on

2022-01-17 07:06:54 - [MESSAGE][PASSED] - Object: 'Object Repository/Page_Moodle/a_Log in' is clicked on

2022-01-17 07:06:54 - [TEST_STEP][PASSED] - setText(findTestObject("Object Repository/Page_Moodle Log in to the site/input_Username_username"), "tmtriet"): Text 'tmtriet' is set on object 'Object Repository/Page_Moodle Log in to the site/input_Username_username'

2022-01-17 07:06:55 - [MESSAGE][PASSED] - Text 'tmtriet' is set on object 'Object Repository/Page_Moodle Log in to the site/input_Username_username'

2022-01-17 07:06:55 - [TEST_STEP][PASSED] - setEncryptedText(findTestObject("Object Repository/Page_Moodle Log in to the site/input_Password_password"), "NMz1A57fMJEpXGm/T4cXeQ=="): Text ****** has been set on object 'Object Repository/Page_Moodle Log in to the site/input_Password_password'

2022-01-17 07:06:55 - [MESSAGE][PASSED] - Text ****** has been set on object 'Object Repository/Page_Moodle Log in to the site/input_Password_password'

2022-01-17 07:06:55 - [TEST_STEP][PASSED] - click(findTestObject("Object Repository/Page_Moodle Log in to the site/button_Log in")): Object: 'Object Repository/Page_Moodle Log in to the site/button_Log in' is clicked on

2022-01-17 07:06:56 - [MESSAGE][PASSED] - Object: 'Object Repository/Page_Moodle Log in to the site/button_Log in' is clicked on

2022-01-17 07:06:56 - [TEST_STEP][PASSED] - verifyElementText(findTestObject("Page_Dashboard/span_IntroCS"), "IntroCS"): Actual text and expected text of test object 'Object Repository/Page_Dashboard/span_IntroCS' are matched.

2022-01-17 07:06:58 - [MESSAGE][PASSED] - Actual text and expected text of test object 'Object Repository/Page_Dashboard/span_IntroCS' are matched.

2022-01-17 07:06:58 - [TEST_STEP][PASSED] - click(findTestObject("Object Repository/Page_Dashboard/span_IntroCS")): Object: 'Object Repository/Page_Dashboard/span_IntroCS' is clicked on

2022-01-17 07:06:58 - [MESSAGE][PASSED] - Object: 'Object Repository/Page_Dashboard/span_IntroCS' is clicked on

2022-01-17 07:06:58 - [TEST_STEP][PASSED] - waitForElementVisible(findTestObject("Object Repository/Page_Course Introduction to Computer Science/button_Turn editing on"), 0): Object 'Object Repository/Page_Course Introduction to Computer Science/button_Turn editing on' is visible

2022-01-17 07:06:58 - [MESSAGE][WARNING] - Timeout '0' is invalid. Using default page load timeout: '30'

2022-01-17 07:07:30 - [MESSAGE][INFO] - Unable to find the element located by 'By.xpath: //button[@id='single_button61e328e173a791']'. Please recheck the objects properties to make sure the desired element is located. 

2022-01-17 07:07:30 - [MESSAGE][WARNING] - [SELF-HEALING] Failed to find element with id 'Object Repository/Page_Course Introduction to Computer Science/button_Turn editing on'. Try using Self-healing.

2022-01-17 07:07:30 - [MESSAGE][WARNING] - [SELF-HEALING] The current locator of test object 'Object Repository/Page_Course Introduction to Computer Science/button_Turn editing on' was broken. Propose an alternative one: '//header[@id='page-header']/div/div/div/div[2]/div[2]/div/form/button'.

2022-01-17 07:07:30 - [MESSAGE][PASSED] - Object 'Object Repository/Page_Course Introduction to Computer Science/button_Turn editing on' is visible

2022-01-17 07:07:30 - [TEST_STEP][PASSED] - click(findTestObject("Object Repository/Page_Course Introduction to Computer Science/button_Turn editing on")): Object: 'Object Repository/Page_Course Introduction to Computer Science/button_Turn editing on' is clicked on

2022-01-17 07:08:01 - [MESSAGE][INFO] - Unable to find the element located by 'By.xpath: //button[@id='single_button61e328e173a791']'. Please recheck the objects properties to make sure the desired element is located. 

2022-01-17 07:08:01 - [MESSAGE][WARNING] - [SELF-HEALING] Failed to find element with id 'Object Repository/Page_Course Introduction to Computer Science/button_Turn editing on'. Try using Self-healing.

2022-01-17 07:08:01 - [MESSAGE][WARNING] - [SELF-HEALING] The current locator of test object 'Object Repository/Page_Course Introduction to Computer Science/button_Turn editing on' was broken. Propose an alternative one: '//header[@id='page-header']/div/div/div/div[2]/div[2]/div/form/button'.

2022-01-17 07:08:02 - [MESSAGE][PASSED] - Object: 'Object Repository/Page_Course Introduction to Computer Science/button_Turn editing on' is clicked on

2022-01-17 07:08:02 - [TEST_STEP][PASSED] - verifyElementText(findTestObject("Object Repository/Page_Course Introduction to Computer Science/a_Topic 1"), "Topic 1"): Actual text and expected text of test object 'Object Repository/Page_Course Introduction to Computer Science/a_Topic 1' are matched.

2022-01-17 07:08:33 - [MESSAGE][INFO] - Unable to find the element located by 'By.xpath: //a[@id='yui_3_17_2_1_1642277100868_624']'. Please recheck the objects properties to make sure the desired element is located. 

2022-01-17 07:08:33 - [MESSAGE][WARNING] - [SELF-HEALING] Failed to find element with id 'Object Repository/Page_Course Introduction to Computer Science/a_Topic 1'. Try using Self-healing.

2022-01-17 07:08:33 - [MESSAGE][WARNING] - [SELF-HEALING] The current locator of test object 'Object Repository/Page_Course Introduction to Computer Science/a_Topic 1' was broken. Propose an alternative one: '(.//*[normalize-space(text()) and normalize-space(.)='Delete topic'])[1]/following::a[1]'.

2022-01-17 07:08:33 - [MESSAGE][PASSED] - Actual text and expected text of test object 'Object Repository/Page_Course Introduction to Computer Science/a_Topic 1' are matched.

2022-01-17 07:08:33 - [TEST_STEP][PASSED] - click(findTestObject("Object Repository/Page_Course Introduction to Computer Science/span_Add an activity or resource")): Object: 'Object Repository/Page_Course Introduction to Computer Science/span_Add an activity or resource' is clicked on

2022-01-17 07:09:05 - [MESSAGE][INFO] - Unable to find the element located by 'By.xpath: //span[@id='yui_3_17_2_1_1642277100868_640']'. Please recheck the objects properties to make sure the desired element is located. 

2022-01-17 07:09:05 - [MESSAGE][WARNING] - [SELF-HEALING] Failed to find element with id 'Object Repository/Page_Course Introduction to Computer Science/span_Add an activity or resource'. Try using Self-healing.

2022-01-17 07:09:05 - [MESSAGE][WARNING] - [SELF-HEALING] The current locator of test object 'Object Repository/Page_Course Introduction to Computer Science/span_Add an activity or resource' was broken. Propose an alternative one: '(.//*[normalize-space(text()) and normalize-space(.)='Add file(s) here'])[2]/following::span[1]'.

2022-01-17 07:09:05 - [MESSAGE][PASSED] - Object: 'Object Repository/Page_Course Introduction to Computer Science/span_Add an activity or resource' is clicked on

2022-01-17 07:09:05 - [TEST_STEP][PASSED] - waitForElementVisible(findTestObject("Object Repository/Page_Course Introduction to Computer Science/img_Recommended_icon icon"), 0): Object 'Object Repository/Page_Course Introduction to Computer Science/img_Recommended_icon icon' is visible

2022-01-17 07:09:05 - [MESSAGE][WARNING] - Timeout '0' is invalid. Using default page load timeout: '30'

2022-01-17 07:09:06 - [MESSAGE][PASSED] - Object 'Object Repository/Page_Course Introduction to Computer Science/img_Recommended_icon icon' is visible

2022-01-17 07:09:06 - [TEST_STEP][PASSED] - click(findTestObject("Object Repository/Page_Course Introduction to Computer Science/img_Recommended_icon icon")): Object: 'Object Repository/Page_Course Introduction to Computer Science/img_Recommended_icon icon' is clicked on

2022-01-17 07:09:08 - [MESSAGE][PASSED] - Object: 'Object Repository/Page_Course Introduction to Computer Science/img_Recommended_icon icon' is clicked on

2022-01-17 07:09:08 - [TEST_STEP][PASSED] - waitForElementVisible(findTestObject("Object Repository/Page_Editing Assignment/input_Assignment name_name"), 0): Object 'Object Repository/Page_Editing Assignment/input_Assignment name_name' is visible

2022-01-17 07:09:08 - [MESSAGE][WARNING] - Timeout '0' is invalid. Using default page load timeout: '30'

2022-01-17 07:09:09 - [MESSAGE][PASSED] - Object 'Object Repository/Page_Editing Assignment/input_Assignment name_name' is visible

2022-01-17 07:09:09 - [TEST_STEP][PASSED] - setText(findTestObject("Object Repository/Page_Editing Assignment/input_Assignment name_name"), "Midterm"): Text 'Midterm' is set on object 'Object Repository/Page_Editing Assignment/input_Assignment name_name'

2022-01-17 07:09:09 - [MESSAGE][PASSED] - Text 'Midterm' is set on object 'Object Repository/Page_Editing Assignment/input_Assignment name_name'

2022-01-17 07:09:09 - [TEST_STEP][PASSED] - waitForElementVisible(findTestObject("Object Repository/Page_Editing Assignment/p_Allow submissions from"), 0): Object 'Object Repository/Page_Editing Assignment/p_Allow submissions from' is visible

2022-01-17 07:09:09 - [MESSAGE][WARNING] - Timeout '0' is invalid. Using default page load timeout: '30'

2022-01-17 07:09:10 - [MESSAGE][PASSED] - Object 'Object Repository/Page_Editing Assignment/p_Allow submissions from' is visible

2022-01-17 07:09:10 - [TEST_STEP][PASSED] - selectOptionByValue(findTestObject("Object Repository/Page_Editing Assignment/select_1        2        3        4        _45ea30"), "14", true): All options with value '14' are selected in object 'Object Repository/Page_Editing Assignment/select_1        2        3        4        _45ea30'  using regular expression

2022-01-17 07:09:11 - [MESSAGE][PASSED] - All options with value '14' are selected in object 'Object Repository/Page_Editing Assignment/select_1        2        3        4        _45ea30'  using regular expression

2022-01-17 07:09:11 - [TEST_STEP][PASSED] - selectOptionByValue(findTestObject("Object Repository/Page_Editing Assignment/select_1        2        3        4        _45ea30_1"), "20", true): All options with value '20' are selected in object 'Object Repository/Page_Editing Assignment/select_1        2        3        4        _45ea30_1'  using regular expression

2022-01-17 07:09:12 - [MESSAGE][PASSED] - All options with value '20' are selected in object 'Object Repository/Page_Editing Assignment/select_1        2        3        4        _45ea30_1'  using regular expression

2022-01-17 07:09:12 - [TEST_STEP][PASSED] - selectOptionByValue(findTestObject("Object Repository/Page_Editing Assignment/select_1        2        3        4        _45ea30_1_2"), "23", true): All options with value '23' are selected in object 'Object Repository/Page_Editing Assignment/select_1        2        3        4        _45ea30_1_2'  using regular expression

2022-01-17 07:09:14 - [MESSAGE][PASSED] - All options with value '23' are selected in object 'Object Repository/Page_Editing Assignment/select_1        2        3        4        _45ea30_1_2'  using regular expression

2022-01-17 07:09:14 - [TEST_STEP][PASSED] - waitForElementVisible(findTestObject("Object Repository/Page_Editing Assignment/input_Upon activity completion_submitbutton2"), 0): Object 'Object Repository/Page_Editing Assignment/input_Upon activity completion_submitbutton2' is visible

2022-01-17 07:09:14 - [MESSAGE][WARNING] - Timeout '0' is invalid. Using default page load timeout: '30'

2022-01-17 07:09:14 - [MESSAGE][PASSED] - Object 'Object Repository/Page_Editing Assignment/input_Upon activity completion_submitbutton2' is visible

2022-01-17 07:09:14 - [TEST_STEP][PASSED] - click(findTestObject("Object Repository/Page_Editing Assignment/input_Upon activity completion_submitbutton2")): Object: 'Object Repository/Page_Editing Assignment/input_Upon activity completion_submitbutton2' is clicked on

2022-01-17 07:09:15 - [MESSAGE][PASSED] - Object: 'Object Repository/Page_Editing Assignment/input_Upon activity completion_submitbutton2' is clicked on

2022-01-17 07:09:15 - [TEST_STEP][PASSED] - verifyElementVisible(findTestObject("Object Repository/Page_Course Introduction to Computer Science/li_Midterm Assignment                      _cd70c9")): Object 'Object Repository/Page_Course Introduction to Computer Science/li_Midterm Assignment                      _cd70c9' is visible

2022-01-17 07:09:46 - [MESSAGE][INFO] - Unable to find the element located by 'By.xpath: //li[@id='module-14']'. Please recheck the objects properties to make sure the desired element is located. 

2022-01-17 07:09:46 - [MESSAGE][WARNING] - [SELF-HEALING] Failed to find element with id 'Object Repository/Page_Course Introduction to Computer Science/li_Midterm Assignment                      _cd70c9'. Try using Self-healing.

2022-01-17 07:09:47 - [MESSAGE][WARNING] - [SELF-HEALING] The current locator of test object 'Object Repository/Page_Course Introduction to Computer Science/li_Midterm Assignment                      _cd70c9' was broken. Propose an alternative one: '(.//*[normalize-space(text()) and normalize-space(.)='Topic 1'])[2]/following::li[1]'.

2022-01-17 07:09:47 - [MESSAGE][PASSED] - Object 'Object Repository/Page_Course Introduction to Computer Science/li_Midterm Assignment                      _cd70c9' is visible

2022-01-17 07:09:47 - [TEST_STEP][PASSED] - click(findTestObject("Object Repository/Page_Course Introduction to Computer Science/a_Edit")): Object: 'Object Repository/Page_Course Introduction to Computer Science/a_Edit' is clicked on

2022-01-17 07:09:47 - [MESSAGE][PASSED] - Object: 'Object Repository/Page_Course Introduction to Computer Science/a_Edit' is clicked on

2022-01-17 07:09:47 - [TEST_STEP][PASSED] - click(findTestObject("Object Repository/Page_Course Introduction to Computer Science/span_Delete")): Object: 'Object Repository/Page_Course Introduction to Computer Science/span_Delete' is clicked on

2022-01-17 07:09:48 - [MESSAGE][PASSED] - Object: 'Object Repository/Page_Course Introduction to Computer Science/span_Delete' is clicked on

2022-01-17 07:09:48 - [TEST_STEP][PASSED] - verifyElementClickable(findTestObject("Object Repository/Page_Course Introduction to Computer Science/button_Yes")): Object 'Object Repository/Page_Course Introduction to Computer Science/button_Yes' is clickable

2022-01-17 07:09:48 - [MESSAGE][PASSED] - Object 'Object Repository/Page_Course Introduction to Computer Science/button_Yes' is clickable

2022-01-17 07:09:48 - [TEST_STEP][PASSED] - click(findTestObject("Object Repository/Page_Course Introduction to Computer Science/button_Yes")): Object: 'Object Repository/Page_Course Introduction to Computer Science/button_Yes' is clicked on

2022-01-17 07:09:49 - [MESSAGE][PASSED] - Object: 'Object Repository/Page_Course Introduction to Computer Science/button_Yes' is clicked on

2022-01-17 07:09:49 - [TEST_STEP][PASSED] - mouseOver(findTestObject("Object Repository/Page_Course Introduction to Computer Science/button_Turn editing off")): Object: 'Object Repository/Page_Course Introduction to Computer Science/button_Turn editing off' is hovered

2022-01-17 07:10:20 - [MESSAGE][INFO] - Unable to find the element located by 'By.xpath: //button[@id='single_button61e329966b4c91']'. Please recheck the objects properties to make sure the desired element is located. 

2022-01-17 07:10:20 - [MESSAGE][WARNING] - [SELF-HEALING] Failed to find element with id 'Object Repository/Page_Course Introduction to Computer Science/button_Turn editing off'. Try using Self-healing.

2022-01-17 07:10:20 - [MESSAGE][WARNING] - [SELF-HEALING] The current locator of test object 'Object Repository/Page_Course Introduction to Computer Science/button_Turn editing off' was broken. Propose an alternative one: '//header[@id='page-header']/div/div/div/div[2]/div[2]/div/form/button'.

2022-01-17 07:10:20 - [MESSAGE][PASSED] - Object: 'Object Repository/Page_Course Introduction to Computer Science/button_Turn editing off' is hovered

2022-01-17 07:10:20 - [TEST_STEP][PASSED] - click(findTestObject("Object Repository/Page_Course Introduction to Computer Science/button_Turn editing off")): Object: 'Object Repository/Page_Course Introduction to Computer Science/button_Turn editing off' is clicked on

2022-01-17 07:10:51 - [MESSAGE][INFO] - Unable to find the element located by 'By.xpath: //button[@id='single_button61e329966b4c91']'. Please recheck the objects properties to make sure the desired element is located. 

2022-01-17 07:10:51 - [MESSAGE][WARNING] - [SELF-HEALING] Failed to find element with id 'Object Repository/Page_Course Introduction to Computer Science/button_Turn editing off'. Try using Self-healing.

2022-01-17 07:10:51 - [MESSAGE][WARNING] - [SELF-HEALING] The current locator of test object 'Object Repository/Page_Course Introduction to Computer Science/button_Turn editing off' was broken. Propose an alternative one: '//header[@id='page-header']/div/div/div/div[2]/div[2]/div/form/button'.

2022-01-17 07:10:52 - [MESSAGE][PASSED] - Object: 'Object Repository/Page_Course Introduction to Computer Science/button_Turn editing off' is clicked on

2022-01-17 07:10:52 - [TEST_STEP][PASSED] - closeBrowser(): Browser is closed

2022-01-17 07:10:53 - [MESSAGE][PASSED] - Browser is closed]]></system-out>
         <system-err><![CDATA[]]></system-err>
      </testcase>
      <testcase name="Test Cases/test case 45" time="141.565" classname="Test Cases/test case 45" status="PASSED">
         <system-out><![CDATA[2022-01-17 07:10:53 - [TEST_CASE][PASSED] - Test Cases/test case 45: Test Cases/test case 45

2022-01-17 07:10:53 - [TEST_STEP][PASSED] - openBrowser(""): Browser is opened with url: ''

2022-01-17 07:10:53 - [MESSAGE][INFO] - Starting 'Chrome' driver

2022-01-17 07:10:53 - [MESSAGE][INFO] - Action delay is set to 0 milliseconds

2022-01-17 07:10:54 - [MESSAGE][PASSED] - Browser is opened with url: ''

2022-01-17 07:10:54 - [TEST_STEP][PASSED] - navigateToUrl("http://localhost/"): Navigate to 'http://localhost/' successfully

2022-01-17 07:10:55 - [MESSAGE][PASSED] - Navigate to 'http://localhost/' successfully

2022-01-17 07:10:55 - [TEST_STEP][PASSED] - click(findTestObject("Object Repository/Page_Moodle/a_Log in")): Object: 'Object Repository/Page_Moodle/a_Log in' is clicked on

2022-01-17 07:10:56 - [MESSAGE][PASSED] - Object: 'Object Repository/Page_Moodle/a_Log in' is clicked on

2022-01-17 07:10:56 - [TEST_STEP][PASSED] - setText(findTestObject("Object Repository/Page_Moodle Log in to the site/input_Username_username"), "tmtriet"): Text 'tmtriet' is set on object 'Object Repository/Page_Moodle Log in to the site/input_Username_username'

2022-01-17 07:10:57 - [MESSAGE][PASSED] - Text 'tmtriet' is set on object 'Object Repository/Page_Moodle Log in to the site/input_Username_username'

2022-01-17 07:10:57 - [TEST_STEP][PASSED] - setEncryptedText(findTestObject("Object Repository/Page_Moodle Log in to the site/input_Password_password"), "NMz1A57fMJEpXGm/T4cXeQ=="): Text ****** has been set on object 'Object Repository/Page_Moodle Log in to the site/input_Password_password'

2022-01-17 07:10:57 - [MESSAGE][PASSED] - Text ****** has been set on object 'Object Repository/Page_Moodle Log in to the site/input_Password_password'

2022-01-17 07:10:57 - [TEST_STEP][PASSED] - click(findTestObject("Object Repository/Page_Moodle Log in to the site/button_Log in")): Object: 'Object Repository/Page_Moodle Log in to the site/button_Log in' is clicked on

2022-01-17 07:10:58 - [MESSAGE][PASSED] - Object: 'Object Repository/Page_Moodle Log in to the site/button_Log in' is clicked on

2022-01-17 07:10:58 - [TEST_STEP][PASSED] - verifyElementText(findTestObject("Page_Dashboard/span_IntroCS"), "IntroCS"): Actual text and expected text of test object 'Object Repository/Page_Dashboard/span_IntroCS' are matched.

2022-01-17 07:11:00 - [MESSAGE][PASSED] - Actual text and expected text of test object 'Object Repository/Page_Dashboard/span_IntroCS' are matched.

2022-01-17 07:11:00 - [TEST_STEP][PASSED] - click(findTestObject("Object Repository/Page_Dashboard/span_IntroCS")): Object: 'Object Repository/Page_Dashboard/span_IntroCS' is clicked on

2022-01-17 07:11:01 - [MESSAGE][PASSED] - Object: 'Object Repository/Page_Dashboard/span_IntroCS' is clicked on

2022-01-17 07:11:01 - [TEST_STEP][PASSED] - waitForElementVisible(findTestObject("Object Repository/Page_Course Introduction to Computer Science/button_Turn editing on"), 0): Object 'Object Repository/Page_Course Introduction to Computer Science/button_Turn editing on' is visible

2022-01-17 07:11:01 - [MESSAGE][WARNING] - Timeout '0' is invalid. Using default page load timeout: '30'

2022-01-17 07:11:32 - [MESSAGE][INFO] - Unable to find the element located by 'By.xpath: //button[@id='single_button61e328e173a791']'. Please recheck the objects properties to make sure the desired element is located. 

2022-01-17 07:11:32 - [MESSAGE][WARNING] - [SELF-HEALING] Failed to find element with id 'Object Repository/Page_Course Introduction to Computer Science/button_Turn editing on'. Try using Self-healing.

2022-01-17 07:11:32 - [MESSAGE][WARNING] - [SELF-HEALING] The current locator of test object 'Object Repository/Page_Course Introduction to Computer Science/button_Turn editing on' was broken. Propose an alternative one: '//header[@id='page-header']/div/div/div/div[2]/div[2]/div/form/button'.

2022-01-17 07:11:32 - [MESSAGE][PASSED] - Object 'Object Repository/Page_Course Introduction to Computer Science/button_Turn editing on' is visible

2022-01-17 07:11:32 - [TEST_STEP][PASSED] - click(findTestObject("Object Repository/Page_Course Introduction to Computer Science/button_Turn editing on")): Object: 'Object Repository/Page_Course Introduction to Computer Science/button_Turn editing on' is clicked on

2022-01-17 07:12:03 - [MESSAGE][INFO] - Unable to find the element located by 'By.xpath: //button[@id='single_button61e328e173a791']'. Please recheck the objects properties to make sure the desired element is located. 

2022-01-17 07:12:03 - [MESSAGE][WARNING] - [SELF-HEALING] Failed to find element with id 'Object Repository/Page_Course Introduction to Computer Science/button_Turn editing on'. Try using Self-healing.

2022-01-17 07:12:03 - [MESSAGE][WARNING] - [SELF-HEALING] The current locator of test object 'Object Repository/Page_Course Introduction to Computer Science/button_Turn editing on' was broken. Propose an alternative one: '//header[@id='page-header']/div/div/div/div[2]/div[2]/div/form/button'.

2022-01-17 07:12:05 - [MESSAGE][PASSED] - Object: 'Object Repository/Page_Course Introduction to Computer Science/button_Turn editing on' is clicked on

2022-01-17 07:12:05 - [TEST_STEP][PASSED] - verifyElementText(findTestObject("Object Repository/Page_Course Introduction to Computer Science/a_Topic 1"), "Topic 1"): Actual text and expected text of test object 'Object Repository/Page_Course Introduction to Computer Science/a_Topic 1' are matched.

2022-01-17 07:12:36 - [MESSAGE][INFO] - Unable to find the element located by 'By.xpath: //a[@id='yui_3_17_2_1_1642277100868_624']'. Please recheck the objects properties to make sure the desired element is located. 

2022-01-17 07:12:36 - [MESSAGE][WARNING] - [SELF-HEALING] Failed to find element with id 'Object Repository/Page_Course Introduction to Computer Science/a_Topic 1'. Try using Self-healing.

2022-01-17 07:12:36 - [MESSAGE][WARNING] - [SELF-HEALING] The current locator of test object 'Object Repository/Page_Course Introduction to Computer Science/a_Topic 1' was broken. Propose an alternative one: '(.//*[normalize-space(text()) and normalize-space(.)='Delete topic'])[1]/following::a[1]'.

2022-01-17 07:12:36 - [MESSAGE][PASSED] - Actual text and expected text of test object 'Object Repository/Page_Course Introduction to Computer Science/a_Topic 1' are matched.

2022-01-17 07:12:36 - [TEST_STEP][PASSED] - click(findTestObject("Object Repository/Page_Course Introduction to Computer Science/span_Add an activity or resource")): Object: 'Object Repository/Page_Course Introduction to Computer Science/span_Add an activity or resource' is clicked on

2022-01-17 07:13:08 - [MESSAGE][INFO] - Unable to find the element located by 'By.xpath: //span[@id='yui_3_17_2_1_1642277100868_640']'. Please recheck the objects properties to make sure the desired element is located. 

2022-01-17 07:13:08 - [MESSAGE][WARNING] - [SELF-HEALING] Failed to find element with id 'Object Repository/Page_Course Introduction to Computer Science/span_Add an activity or resource'. Try using Self-healing.

2022-01-17 07:13:08 - [MESSAGE][WARNING] - [SELF-HEALING] The current locator of test object 'Object Repository/Page_Course Introduction to Computer Science/span_Add an activity or resource' was broken. Propose an alternative one: '(.//*[normalize-space(text()) and normalize-space(.)='Add file(s) here'])[2]/following::span[1]'.

2022-01-17 07:13:08 - [MESSAGE][PASSED] - Object: 'Object Repository/Page_Course Introduction to Computer Science/span_Add an activity or resource' is clicked on

2022-01-17 07:13:08 - [TEST_STEP][PASSED] - waitForElementVisible(findTestObject("Object Repository/Page_Course Introduction to Computer Science/img_Recommended_icon icon"), 0): Object 'Object Repository/Page_Course Introduction to Computer Science/img_Recommended_icon icon' is visible

2022-01-17 07:13:08 - [MESSAGE][WARNING] - Timeout '0' is invalid. Using default page load timeout: '30'

2022-01-17 07:13:09 - [MESSAGE][PASSED] - Object 'Object Repository/Page_Course Introduction to Computer Science/img_Recommended_icon icon' is visible

2022-01-17 07:13:09 - [TEST_STEP][PASSED] - click(findTestObject("Object Repository/Page_Course Introduction to Computer Science/img_Recommended_icon icon")): Object: 'Object Repository/Page_Course Introduction to Computer Science/img_Recommended_icon icon' is clicked on

2022-01-17 07:13:11 - [MESSAGE][PASSED] - Object: 'Object Repository/Page_Course Introduction to Computer Science/img_Recommended_icon icon' is clicked on

2022-01-17 07:13:11 - [TEST_STEP][PASSED] - waitForElementVisible(findTestObject("Object Repository/Page_Editing Assignment/input_Upon activity completion_submitbutton2"), 0): Object 'Object Repository/Page_Editing Assignment/input_Upon activity completion_submitbutton2' is visible

2022-01-17 07:13:12 - [MESSAGE][WARNING] - Timeout '0' is invalid. Using default page load timeout: '30'

2022-01-17 07:13:13 - [MESSAGE][PASSED] - Object 'Object Repository/Page_Editing Assignment/input_Upon activity completion_submitbutton2' is visible

2022-01-17 07:13:13 - [TEST_STEP][PASSED] - click(findTestObject("Object Repository/Page_Editing Assignment/input_Upon activity completion_submitbutton2")): Object: 'Object Repository/Page_Editing Assignment/input_Upon activity completion_submitbutton2' is clicked on

2022-01-17 07:13:13 - [MESSAGE][PASSED] - Object: 'Object Repository/Page_Editing Assignment/input_Upon activity completion_submitbutton2' is clicked on

2022-01-17 07:13:13 - [TEST_STEP][PASSED] - verifyElementText(findTestObject("Object Repository/Page_Editing Assignment/div_- You must supply a value here"), "- You must supply a value here."): Actual text and expected text of test object 'Object Repository/Page_Editing Assignment/div_- You must supply a value here' are matched.

2022-01-17 07:13:13 - [MESSAGE][PASSED] - Actual text and expected text of test object 'Object Repository/Page_Editing Assignment/div_- You must supply a value here' are matched.

2022-01-17 07:13:13 - [TEST_STEP][PASSED] - closeBrowser(): Browser is closed

2022-01-17 07:13:14 - [MESSAGE][PASSED] - Browser is closed]]></system-out>
         <system-err><![CDATA[]]></system-err>
      </testcase>
      <testcase name="Test Cases/test case 46" time="342.34" classname="Test Cases/test case 46" status="PASSED">
         <system-out><![CDATA[2022-01-17 07:13:14 - [TEST_CASE][PASSED] - Test Cases/test case 46: Test Cases/test case 46

2022-01-17 07:13:14 - [TEST_STEP][PASSED] - openBrowser(""): Browser is opened with url: ''

2022-01-17 07:13:14 - [MESSAGE][INFO] - Starting 'Chrome' driver

2022-01-17 07:13:15 - [MESSAGE][INFO] - Action delay is set to 0 milliseconds

2022-01-17 07:13:17 - [MESSAGE][PASSED] - Browser is opened with url: ''

2022-01-17 07:13:17 - [TEST_STEP][PASSED] - navigateToUrl("http://localhost/"): Navigate to 'http://localhost/' successfully

2022-01-17 07:13:19 - [MESSAGE][PASSED] - Navigate to 'http://localhost/' successfully

2022-01-17 07:13:19 - [TEST_STEP][PASSED] - click(findTestObject("Object Repository/Page_Moodle/a_Log in")): Object: 'Object Repository/Page_Moodle/a_Log in' is clicked on

2022-01-17 07:13:20 - [MESSAGE][PASSED] - Object: 'Object Repository/Page_Moodle/a_Log in' is clicked on

2022-01-17 07:13:20 - [TEST_STEP][PASSED] - setText(findTestObject("Object Repository/Page_Moodle Log in to the site/input_Username_username"), "tmtriet"): Text 'tmtriet' is set on object 'Object Repository/Page_Moodle Log in to the site/input_Username_username'

2022-01-17 07:13:21 - [MESSAGE][PASSED] - Text 'tmtriet' is set on object 'Object Repository/Page_Moodle Log in to the site/input_Username_username'

2022-01-17 07:13:21 - [TEST_STEP][PASSED] - setEncryptedText(findTestObject("Object Repository/Page_Moodle Log in to the site/input_Password_password"), "NMz1A57fMJEpXGm/T4cXeQ=="): Text ****** has been set on object 'Object Repository/Page_Moodle Log in to the site/input_Password_password'

2022-01-17 07:13:21 - [MESSAGE][PASSED] - Text ****** has been set on object 'Object Repository/Page_Moodle Log in to the site/input_Password_password'

2022-01-17 07:13:21 - [TEST_STEP][PASSED] - click(findTestObject("Object Repository/Page_Moodle Log in to the site/button_Log in")): Object: 'Object Repository/Page_Moodle Log in to the site/button_Log in' is clicked on

2022-01-17 07:13:23 - [MESSAGE][PASSED] - Object: 'Object Repository/Page_Moodle Log in to the site/button_Log in' is clicked on

2022-01-17 07:13:23 - [TEST_STEP][PASSED] - verifyElementText(findTestObject("Object Repository/Page_Dashboard/span_IntroCS"), "IntroCS"): Actual text and expected text of test object 'Object Repository/Page_Dashboard/span_IntroCS' are matched.

2022-01-17 07:13:24 - [MESSAGE][PASSED] - Actual text and expected text of test object 'Object Repository/Page_Dashboard/span_IntroCS' are matched.

2022-01-17 07:13:24 - [TEST_STEP][PASSED] - click(findTestObject("Object Repository/Page_Dashboard/span_IntroCS")): Object: 'Object Repository/Page_Dashboard/span_IntroCS' is clicked on

2022-01-17 07:13:25 - [MESSAGE][PASSED] - Object: 'Object Repository/Page_Dashboard/span_IntroCS' is clicked on

2022-01-17 07:13:25 - [TEST_STEP][PASSED] - verifyElementText(findTestObject("Object Repository/Page_Course Introduction to Computer Science/h1_Introduction to Computer Science"), "Introduction to Computer Science"): Actual text and expected text of test object 'Object Repository/Page_Course Introduction to Computer Science/h1_Introduction to Computer Science' are matched.

2022-01-17 07:13:25 - [MESSAGE][PASSED] - Actual text and expected text of test object 'Object Repository/Page_Course Introduction to Computer Science/h1_Introduction to Computer Science' are matched.

2022-01-17 07:13:25 - [TEST_STEP][PASSED] - click(findTestObject("Object Repository/Page_Course Introduction to Computer Science/button_Turn editing on")): Object: 'Object Repository/Page_Course Introduction to Computer Science/button_Turn editing on' is clicked on

2022-01-17 07:13:56 - [MESSAGE][INFO] - Unable to find the element located by 'By.xpath: //button[@id='single_button61e328e173a791']'. Please recheck the objects properties to make sure the desired element is located. 

2022-01-17 07:13:56 - [MESSAGE][WARNING] - [SELF-HEALING] Failed to find element with id 'Object Repository/Page_Course Introduction to Computer Science/button_Turn editing on'. Try using Self-healing.

2022-01-17 07:13:57 - [MESSAGE][WARNING] - [SELF-HEALING] The current locator of test object 'Object Repository/Page_Course Introduction to Computer Science/button_Turn editing on' was broken. Propose an alternative one: '//header[@id='page-header']/div/div/div/div[2]/div[2]/div/form/button'.

2022-01-17 07:13:57 - [MESSAGE][PASSED] - Object: 'Object Repository/Page_Course Introduction to Computer Science/button_Turn editing on' is clicked on

2022-01-17 07:13:57 - [TEST_STEP][PASSED] - verifyElementText(findTestObject("Object Repository/Page_Course Introduction to Computer Science/a_Topic 1"), "Topic 1"): Actual text and expected text of test object 'Object Repository/Page_Course Introduction to Computer Science/a_Topic 1' are matched.

2022-01-17 07:14:28 - [MESSAGE][INFO] - Unable to find the element located by 'By.xpath: //a[@id='yui_3_17_2_1_1642277100868_624']'. Please recheck the objects properties to make sure the desired element is located. 

2022-01-17 07:14:28 - [MESSAGE][WARNING] - [SELF-HEALING] Failed to find element with id 'Object Repository/Page_Course Introduction to Computer Science/a_Topic 1'. Try using Self-healing.

2022-01-17 07:14:29 - [MESSAGE][WARNING] - [SELF-HEALING] The current locator of test object 'Object Repository/Page_Course Introduction to Computer Science/a_Topic 1' was broken. Propose an alternative one: '(.//*[normalize-space(text()) and normalize-space(.)='Delete topic'])[1]/following::a[1]'.

2022-01-17 07:14:29 - [MESSAGE][PASSED] - Actual text and expected text of test object 'Object Repository/Page_Course Introduction to Computer Science/a_Topic 1' are matched.

2022-01-17 07:14:29 - [TEST_STEP][PASSED] - click(findTestObject("Object Repository/Page_Course Introduction to Computer Science/span_Add an activity or resource")): Object: 'Object Repository/Page_Course Introduction to Computer Science/span_Add an activity or resource' is clicked on

2022-01-17 07:15:00 - [MESSAGE][INFO] - Unable to find the element located by 'By.xpath: //span[@id='yui_3_17_2_1_1642277100868_640']'. Please recheck the objects properties to make sure the desired element is located. 

2022-01-17 07:15:00 - [MESSAGE][WARNING] - [SELF-HEALING] Failed to find element with id 'Object Repository/Page_Course Introduction to Computer Science/span_Add an activity or resource'. Try using Self-healing.

2022-01-17 07:15:00 - [MESSAGE][WARNING] - [SELF-HEALING] The current locator of test object 'Object Repository/Page_Course Introduction to Computer Science/span_Add an activity or resource' was broken. Propose an alternative one: '(.//*[normalize-space(text()) and normalize-space(.)='Add file(s) here'])[2]/following::span[1]'.

2022-01-17 07:15:00 - [MESSAGE][PASSED] - Object: 'Object Repository/Page_Course Introduction to Computer Science/span_Add an activity or resource' is clicked on

2022-01-17 07:15:00 - [TEST_STEP][PASSED] - waitForElementVisible(findTestObject("Object Repository/Page_Course Introduction to Computer Science/a_Quiz"), 0): Object 'Object Repository/Page_Course Introduction to Computer Science/a_Quiz' is visible

2022-01-17 07:15:00 - [MESSAGE][WARNING] - Timeout '0' is invalid. Using default page load timeout: '30'

2022-01-17 07:15:02 - [MESSAGE][PASSED] - Object 'Object Repository/Page_Course Introduction to Computer Science/a_Quiz' is visible

2022-01-17 07:15:02 - [TEST_STEP][PASSED] - click(findTestObject("Object Repository/Page_Course Introduction to Computer Science/a_Quiz")): Object: 'Object Repository/Page_Course Introduction to Computer Science/a_Quiz' is clicked on

2022-01-17 07:15:04 - [MESSAGE][PASSED] - Object: 'Object Repository/Page_Course Introduction to Computer Science/a_Quiz' is clicked on

2022-01-17 07:15:04 - [TEST_STEP][PASSED] - verifyElementText(findTestObject("Object Repository/Page_Editing Quiz/label_Name_1"), "Name"): Actual text and expected text of test object 'Object Repository/Page_Editing Quiz/label_Name_1' are matched.

2022-01-17 07:15:35 - [MESSAGE][INFO] - Unable to find the element located by 'By.xpath: //label[@id='yui_3_17_2_1_1642277140089_2441']'. Please recheck the objects properties to make sure the desired element is located. 

2022-01-17 07:15:35 - [MESSAGE][WARNING] - [SELF-HEALING] Failed to find element with id 'Object Repository/Page_Editing Quiz/label_Name_1'. Try using Self-healing.

2022-01-17 07:15:35 - [MESSAGE][WARNING] - [SELF-HEALING] The current locator of test object 'Object Repository/Page_Editing Quiz/label_Name_1' was broken. Propose an alternative one: '(.//*[normalize-space(text()) and normalize-space(.)='Adding a new Quiz to Topic 1'])[2]/following::label[1]'.

2022-01-17 07:15:35 - [MESSAGE][PASSED] - Actual text and expected text of test object 'Object Repository/Page_Editing Quiz/label_Name_1' are matched.

2022-01-17 07:15:35 - [TEST_STEP][PASSED] - setText(findTestObject("Object Repository/Page_Editing Quiz/input_Name_name"), "Quiz 1"): Text 'Quiz 1' is set on object 'Object Repository/Page_Editing Quiz/input_Name_name'

2022-01-17 07:15:36 - [MESSAGE][PASSED] - Text 'Quiz 1' is set on object 'Object Repository/Page_Editing Quiz/input_Name_name'

2022-01-17 07:15:36 - [TEST_STEP][PASSED] - verifyElementClickable(findTestObject("Object Repository/Page_Editing Quiz/a_Timing")): Object 'Object Repository/Page_Editing Quiz/a_Timing' is clickable

2022-01-17 07:16:07 - [MESSAGE][INFO] - Unable to find the element located by 'By.xpath: //a[@id='yui_3_17_2_1_1642277140089_67']'. Please recheck the objects properties to make sure the desired element is located. 

2022-01-17 07:16:07 - [MESSAGE][WARNING] - [SELF-HEALING] Failed to find element with id 'Object Repository/Page_Editing Quiz/a_Timing'. Try using Self-healing.

2022-01-17 07:16:07 - [MESSAGE][WARNING] - [SELF-HEALING] The current locator of test object 'Object Repository/Page_Editing Quiz/a_Timing' was broken. Propose an alternative one: '//a[contains(text(),'Timing')]'.

2022-01-17 07:16:07 - [MESSAGE][PASSED] - Object 'Object Repository/Page_Editing Quiz/a_Timing' is clickable

2022-01-17 07:16:07 - [TEST_STEP][PASSED] - click(findTestObject("Object Repository/Page_Editing Quiz/a_Timing")): Object: 'Object Repository/Page_Editing Quiz/a_Timing' is clicked on

2022-01-17 07:16:38 - [MESSAGE][INFO] - Unable to find the element located by 'By.xpath: //a[@id='yui_3_17_2_1_1642277140089_67']'. Please recheck the objects properties to make sure the desired element is located. 

2022-01-17 07:16:38 - [MESSAGE][WARNING] - [SELF-HEALING] Failed to find element with id 'Object Repository/Page_Editing Quiz/a_Timing'. Try using Self-healing.

2022-01-17 07:16:39 - [MESSAGE][WARNING] - [SELF-HEALING] The current locator of test object 'Object Repository/Page_Editing Quiz/a_Timing' was broken. Propose an alternative one: '//a[contains(text(),'Timing')]'.

2022-01-17 07:16:39 - [MESSAGE][PASSED] - Object: 'Object Repository/Page_Editing Quiz/a_Timing' is clicked on

2022-01-17 07:16:39 - [TEST_STEP][PASSED] - click(findTestObject("Object Repository/Page_Editing Quiz/input_Enable_timeopenenabled")): Object: 'Object Repository/Page_Editing Quiz/input_Enable_timeopenenabled' is clicked on

2022-01-17 07:16:39 - [MESSAGE][PASSED] - Object: 'Object Repository/Page_Editing Quiz/input_Enable_timeopenenabled' is clicked on

2022-01-17 07:16:39 - [TEST_STEP][PASSED] - click(findTestObject("Object Repository/Page_Editing Quiz/input_Enable_timecloseenabled")): Object: 'Object Repository/Page_Editing Quiz/input_Enable_timecloseenabled' is clicked on

2022-01-17 07:16:40 - [MESSAGE][PASSED] - Object: 'Object Repository/Page_Editing Quiz/input_Enable_timecloseenabled' is clicked on

2022-01-17 07:16:40 - [TEST_STEP][PASSED] - click(findTestObject("Object Repository/Page_Editing Quiz/input_Enable_timelimitenabled")): Object: 'Object Repository/Page_Editing Quiz/input_Enable_timelimitenabled' is clicked on

2022-01-17 07:16:40 - [MESSAGE][PASSED] - Object: 'Object Repository/Page_Editing Quiz/input_Enable_timelimitenabled' is clicked on

2022-01-17 07:16:40 - [TEST_STEP][PASSED] - selectOptionByValue(findTestObject("Object Repository/Page_Editing Quiz/select_1        2        3        4        _45ea30"), "14", true): All options with value '14' are selected in object 'Object Repository/Page_Editing Quiz/select_1        2        3        4        _45ea30'  using regular expression

2022-01-17 07:16:42 - [MESSAGE][PASSED] - All options with value '14' are selected in object 'Object Repository/Page_Editing Quiz/select_1        2        3        4        _45ea30'  using regular expression

2022-01-17 07:16:42 - [TEST_STEP][PASSED] - selectOptionByValue(findTestObject("Object Repository/Page_Editing Quiz/select_1        2        3        4        _45ea30_1"), "20", true): All options with value '20' are selected in object 'Object Repository/Page_Editing Quiz/select_1        2        3        4        _45ea30_1'  using regular expression

2022-01-17 07:16:43 - [MESSAGE][PASSED] - All options with value '20' are selected in object 'Object Repository/Page_Editing Quiz/select_1        2        3        4        _45ea30_1'  using regular expression

2022-01-17 07:16:43 - [TEST_STEP][PASSED] - setText(findTestObject("Object Repository/Page_Editing Quiz/input_Time_timelimitnumber"), "20"): Text '20' is set on object 'Object Repository/Page_Editing Quiz/input_Time_timelimitnumber'

2022-01-17 07:16:44 - [MESSAGE][PASSED] - Text '20' is set on object 'Object Repository/Page_Editing Quiz/input_Time_timelimitnumber'

2022-01-17 07:16:44 - [TEST_STEP][PASSED] - selectOptionByValue(findTestObject("Object Repository/Page_Editing Quiz/select_weeks        days        hours      _586059"), "1", true): All options with value '1' are selected in object 'Object Repository/Page_Editing Quiz/select_weeks        days        hours      _586059'  using regular expression

2022-01-17 07:16:45 - [MESSAGE][PASSED] - All options with value '1' are selected in object 'Object Repository/Page_Editing Quiz/select_weeks        days        hours      _586059'  using regular expression

2022-01-17 07:16:45 - [TEST_STEP][PASSED] - waitForElementVisible(findTestObject("Object Repository/Page_Editing Quiz/input_Upon activity completion_submitbutton"), 0): Object 'Object Repository/Page_Editing Quiz/input_Upon activity completion_submitbutton' is visible

2022-01-17 07:16:45 - [MESSAGE][WARNING] - Timeout '0' is invalid. Using default page load timeout: '30'

2022-01-17 07:16:45 - [MESSAGE][PASSED] - Object 'Object Repository/Page_Editing Quiz/input_Upon activity completion_submitbutton' is visible

2022-01-17 07:16:45 - [TEST_STEP][PASSED] - click(findTestObject("Object Repository/Page_Editing Quiz/input_Upon activity completion_submitbutton")): Object: 'Object Repository/Page_Editing Quiz/input_Upon activity completion_submitbutton' is clicked on

2022-01-17 07:16:47 - [MESSAGE][PASSED] - Object: 'Object Repository/Page_Editing Quiz/input_Upon activity completion_submitbutton' is clicked on

2022-01-17 07:16:47 - [TEST_STEP][PASSED] - waitForElementVisible(findTestObject("Object Repository/Page_IntroCS Quiz 1/button_Back to the course"), 0): Object 'Object Repository/Page_IntroCS Quiz 1/button_Back to the course' is visible

2022-01-17 07:16:47 - [MESSAGE][WARNING] - Timeout '0' is invalid. Using default page load timeout: '30'

2022-01-17 07:17:18 - [MESSAGE][INFO] - Unable to find the element located by 'By.xpath: //button[@id='single_button61e32989936d262']'. Please recheck the objects properties to make sure the desired element is located. 

2022-01-17 07:17:18 - [MESSAGE][WARNING] - [SELF-HEALING] Failed to find element with id 'Object Repository/Page_IntroCS Quiz 1/button_Back to the course'. Try using Self-healing.

2022-01-17 07:17:18 - [MESSAGE][WARNING] - [SELF-HEALING] The current locator of test object 'Object Repository/Page_IntroCS Quiz 1/button_Back to the course' was broken. Propose an alternative one: '//section[@id='region-main']/div[2]/div[3]/div[2]/form/button'.

2022-01-17 07:17:18 - [MESSAGE][PASSED] - Object 'Object Repository/Page_IntroCS Quiz 1/button_Back to the course' is visible

2022-01-17 07:17:18 - [TEST_STEP][PASSED] - click(findTestObject("Object Repository/Page_IntroCS Quiz 1/button_Back to the course")): Object: 'Object Repository/Page_IntroCS Quiz 1/button_Back to the course' is clicked on

2022-01-17 07:17:49 - [MESSAGE][INFO] - Unable to find the element located by 'By.xpath: //button[@id='single_button61e32989936d262']'. Please recheck the objects properties to make sure the desired element is located. 

2022-01-17 07:17:49 - [MESSAGE][WARNING] - [SELF-HEALING] Failed to find element with id 'Object Repository/Page_IntroCS Quiz 1/button_Back to the course'. Try using Self-healing.

2022-01-17 07:17:50 - [MESSAGE][WARNING] - [SELF-HEALING] The current locator of test object 'Object Repository/Page_IntroCS Quiz 1/button_Back to the course' was broken. Propose an alternative one: '//section[@id='region-main']/div[2]/div[3]/div[2]/form/button'.

2022-01-17 07:17:50 - [MESSAGE][PASSED] - Object: 'Object Repository/Page_IntroCS Quiz 1/button_Back to the course' is clicked on

2022-01-17 07:17:50 - [TEST_STEP][PASSED] - verifyElementVisible(findTestObject("Object Repository/Page_Course Introduction to Computer Science/li_Quiz 1                                  _38519f")): Object 'Object Repository/Page_Course Introduction to Computer Science/li_Quiz 1                                  _38519f' is visible

2022-01-17 07:18:21 - [MESSAGE][INFO] - Unable to find the element located by 'By.xpath: //li[@id='module-31']'. Please recheck the objects properties to make sure the desired element is located. 

2022-01-17 07:18:21 - [MESSAGE][WARNING] - [SELF-HEALING] Failed to find element with id 'Object Repository/Page_Course Introduction to Computer Science/li_Quiz 1                                  _38519f'. Try using Self-healing.

2022-01-17 07:18:22 - [MESSAGE][WARNING] - [SELF-HEALING] The current locator of test object 'Object Repository/Page_Course Introduction to Computer Science/li_Quiz 1                                  _38519f' was broken. Propose an alternative one: '(.//*[normalize-space(text()) and normalize-space(.)='Topic 1'])[2]/following::li[1]'.

2022-01-17 07:18:22 - [MESSAGE][PASSED] - Object 'Object Repository/Page_Course Introduction to Computer Science/li_Quiz 1                                  _38519f' is visible

2022-01-17 07:18:22 - [TEST_STEP][PASSED] - click(findTestObject("Object Repository/Page_Course Introduction to Computer Science/a_Edit")): Object: 'Object Repository/Page_Course Introduction to Computer Science/a_Edit' is clicked on

2022-01-17 07:18:22 - [MESSAGE][PASSED] - Object: 'Object Repository/Page_Course Introduction to Computer Science/a_Edit' is clicked on

2022-01-17 07:18:22 - [TEST_STEP][PASSED] - click(findTestObject("Object Repository/Page_Course Introduction to Computer Science/span_Delete")): Object: 'Object Repository/Page_Course Introduction to Computer Science/span_Delete' is clicked on

2022-01-17 07:18:23 - [MESSAGE][PASSED] - Object: 'Object Repository/Page_Course Introduction to Computer Science/span_Delete' is clicked on

2022-01-17 07:18:23 - [TEST_STEP][PASSED] - waitForElementVisible(findTestObject("Object Repository/Page_Course Introduction to Computer Science/button_Yes"), 0): Object 'Object Repository/Page_Course Introduction to Computer Science/button_Yes' is visible

2022-01-17 07:18:23 - [MESSAGE][WARNING] - Timeout '0' is invalid. Using default page load timeout: '30'

2022-01-17 07:18:23 - [MESSAGE][PASSED] - Object 'Object Repository/Page_Course Introduction to Computer Science/button_Yes' is visible

2022-01-17 07:18:23 - [TEST_STEP][PASSED] - click(findTestObject("Object Repository/Page_Course Introduction to Computer Science/button_Yes")): Object: 'Object Repository/Page_Course Introduction to Computer Science/button_Yes' is clicked on

2022-01-17 07:18:24 - [MESSAGE][PASSED] - Object: 'Object Repository/Page_Course Introduction to Computer Science/button_Yes' is clicked on

2022-01-17 07:18:24 - [TEST_STEP][PASSED] - click(findTestObject("Object Repository/Page_Course Introduction to Computer Science/button_Turn editing off")): Object: 'Object Repository/Page_Course Introduction to Computer Science/button_Turn editing off' is clicked on

2022-01-17 07:18:55 - [MESSAGE][INFO] - Unable to find the element located by 'By.xpath: //button[@id='single_button61e329966b4c91']'. Please recheck the objects properties to make sure the desired element is located. 

2022-01-17 07:18:55 - [MESSAGE][WARNING] - [SELF-HEALING] Failed to find element with id 'Object Repository/Page_Course Introduction to Computer Science/button_Turn editing off'. Try using Self-healing.

2022-01-17 07:18:55 - [MESSAGE][WARNING] - [SELF-HEALING] The current locator of test object 'Object Repository/Page_Course Introduction to Computer Science/button_Turn editing off' was broken. Propose an alternative one: '//header[@id='page-header']/div/div/div/div[2]/div[2]/div/form/button'.

2022-01-17 07:18:56 - [MESSAGE][PASSED] - Object: 'Object Repository/Page_Course Introduction to Computer Science/button_Turn editing off' is clicked on

2022-01-17 07:18:56 - [TEST_STEP][PASSED] - closeBrowser(): Browser is closed

2022-01-17 07:18:57 - [MESSAGE][PASSED] - Browser is closed]]></system-out>
         <system-err><![CDATA[]]></system-err>
      </testcase>
      <testcase name="Test Cases/test case 47" time="10.526" classname="Test Cases/test case 47" status="PASSED">
         <system-out><![CDATA[2022-01-17 07:18:57 - [TEST_CASE][PASSED] - Test Cases/test case 47: Test Cases/test case 47

2022-01-17 07:18:57 - [TEST_STEP][PASSED] - openBrowser(""): Browser is opened with url: ''

2022-01-17 07:18:57 - [MESSAGE][INFO] - Starting 'Chrome' driver

2022-01-17 07:18:57 - [MESSAGE][INFO] - Action delay is set to 0 milliseconds

2022-01-17 07:18:58 - [MESSAGE][PASSED] - Browser is opened with url: ''

2022-01-17 07:18:58 - [TEST_STEP][PASSED] - navigateToUrl("http://localhost/"): Navigate to 'http://localhost/' successfully

2022-01-17 07:18:59 - [MESSAGE][PASSED] - Navigate to 'http://localhost/' successfully

2022-01-17 07:18:59 - [TEST_STEP][PASSED] - click(findTestObject("Object Repository/Page_Moodle/a_Log in")): Object: 'Object Repository/Page_Moodle/a_Log in' is clicked on

2022-01-17 07:19:00 - [MESSAGE][PASSED] - Object: 'Object Repository/Page_Moodle/a_Log in' is clicked on

2022-01-17 07:19:00 - [TEST_STEP][PASSED] - setText(findTestObject("Object Repository/Page_Moodle Log in to the site/input_Username_username"), "tmtriet"): Text 'tmtriet' is set on object 'Object Repository/Page_Moodle Log in to the site/input_Username_username'

2022-01-17 07:19:01 - [MESSAGE][PASSED] - Text 'tmtriet' is set on object 'Object Repository/Page_Moodle Log in to the site/input_Username_username'

2022-01-17 07:19:01 - [TEST_STEP][PASSED] - setEncryptedText(findTestObject("Object Repository/Page_Moodle Log in to the site/input_Password_password"), "NMz1A57fMJEpXGm/T4cXeQ=="): Text ****** has been set on object 'Object Repository/Page_Moodle Log in to the site/input_Password_password'

2022-01-17 07:19:01 - [MESSAGE][PASSED] - Text ****** has been set on object 'Object Repository/Page_Moodle Log in to the site/input_Password_password'

2022-01-17 07:19:01 - [TEST_STEP][PASSED] - click(findTestObject("Object Repository/Page_Moodle Log in to the site/button_Log in")): Object: 'Object Repository/Page_Moodle Log in to the site/button_Log in' is clicked on

2022-01-17 07:19:02 - [MESSAGE][PASSED] - Object: 'Object Repository/Page_Moodle Log in to the site/button_Log in' is clicked on

2022-01-17 07:19:02 - [TEST_STEP][PASSED] - click(findTestObject("Object Repository/Page_Dashboard/a_Tran Minh Triet")): Object: 'Object Repository/Page_Dashboard/a_Tran Minh Triet' is clicked on

2022-01-17 07:19:04 - [MESSAGE][PASSED] - Object: 'Object Repository/Page_Dashboard/a_Tran Minh Triet' is clicked on

2022-01-17 07:19:04 - [TEST_STEP][PASSED] - click(findTestObject("Object Repository/Page_Dashboard/span_Grades")): Object: 'Object Repository/Page_Dashboard/span_Grades' is clicked on

2022-01-17 07:19:04 - [MESSAGE][PASSED] - Object: 'Object Repository/Page_Dashboard/span_Grades' is clicked on

2022-01-17 07:19:04 - [TEST_STEP][PASSED] - verifyElementText(findTestObject("Page_Grades - Tran Minh Triet/a_Introduction to Computer Science"), "Introduction to Computer Science"): Actual text and expected text of test object 'Object Repository/Page_Grades - Tran Minh Triet/a_Introduction to Computer Science' are matched.

2022-01-17 07:19:05 - [MESSAGE][PASSED] - Actual text and expected text of test object 'Object Repository/Page_Grades - Tran Minh Triet/a_Introduction to Computer Science' are matched.

2022-01-17 07:19:05 - [TEST_STEP][PASSED] - click(findTestObject("Object Repository/Page_Grades - Tran Minh Triet/a_Introduction to Computer Science")): Object: 'Object Repository/Page_Grades - Tran Minh Triet/a_Introduction to Computer Science' is clicked on

2022-01-17 07:19:06 - [MESSAGE][PASSED] - Object: 'Object Repository/Page_Grades - Tran Minh Triet/a_Introduction to Computer Science' is clicked on

2022-01-17 07:19:06 - [TEST_STEP][PASSED] - verifyElementText(findTestObject("Object Repository/Page_Grades View/h2_Grader report"), "Grader report"): Actual text and expected text of test object 'Object Repository/Page_Grades View/h2_Grader report' are matched.

2022-01-17 07:19:06 - [MESSAGE][PASSED] - Actual text and expected text of test object 'Object Repository/Page_Grades View/h2_Grader report' are matched.

2022-01-17 07:19:06 - [TEST_STEP][PASSED] - closeBrowser(): Browser is closed

2022-01-17 07:19:07 - [MESSAGE][PASSED] - Browser is closed]]></system-out>
         <system-err><![CDATA[]]></system-err>
      </testcase>
      <testcase name="Test Cases/test case 48" time="10.973" classname="Test Cases/test case 48" status="PASSED">
         <system-out><![CDATA[2022-01-17 07:19:07 - [TEST_CASE][PASSED] - Test Cases/test case 48: Test Cases/test case 48

2022-01-17 07:19:07 - [TEST_STEP][PASSED] - openBrowser(""): Browser is opened with url: ''

2022-01-17 07:19:07 - [MESSAGE][INFO] - Starting 'Chrome' driver

2022-01-17 07:19:07 - [MESSAGE][INFO] - Action delay is set to 0 milliseconds

2022-01-17 07:19:08 - [MESSAGE][PASSED] - Browser is opened with url: ''

2022-01-17 07:19:08 - [TEST_STEP][PASSED] - navigateToUrl("http://localhost/"): Navigate to 'http://localhost/' successfully

2022-01-17 07:19:10 - [MESSAGE][PASSED] - Navigate to 'http://localhost/' successfully

2022-01-17 07:19:10 - [TEST_STEP][PASSED] - click(findTestObject("Object Repository/Page_Moodle/a_Log in")): Object: 'Object Repository/Page_Moodle/a_Log in' is clicked on

2022-01-17 07:19:10 - [MESSAGE][PASSED] - Object: 'Object Repository/Page_Moodle/a_Log in' is clicked on

2022-01-17 07:19:10 - [TEST_STEP][PASSED] - setText(findTestObject("Object Repository/Page_Moodle Log in to the site/input_Username_username"), "tmtriet"): Text 'tmtriet' is set on object 'Object Repository/Page_Moodle Log in to the site/input_Username_username'

2022-01-17 07:19:11 - [MESSAGE][PASSED] - Text 'tmtriet' is set on object 'Object Repository/Page_Moodle Log in to the site/input_Username_username'

2022-01-17 07:19:11 - [TEST_STEP][PASSED] - setEncryptedText(findTestObject("Object Repository/Page_Moodle Log in to the site/input_Password_password"), "NMz1A57fMJEpXGm/T4cXeQ=="): Text ****** has been set on object 'Object Repository/Page_Moodle Log in to the site/input_Password_password'

2022-01-17 07:19:12 - [MESSAGE][PASSED] - Text ****** has been set on object 'Object Repository/Page_Moodle Log in to the site/input_Password_password'

2022-01-17 07:19:12 - [TEST_STEP][PASSED] - click(findTestObject("Object Repository/Page_Moodle Log in to the site/button_Log in")): Object: 'Object Repository/Page_Moodle Log in to the site/button_Log in' is clicked on

2022-01-17 07:19:13 - [MESSAGE][PASSED] - Object: 'Object Repository/Page_Moodle Log in to the site/button_Log in' is clicked on

2022-01-17 07:19:13 - [TEST_STEP][PASSED] - click(findTestObject("Object Repository/Page_Dashboard/a_Tran Minh Triet")): Object: 'Object Repository/Page_Dashboard/a_Tran Minh Triet' is clicked on

2022-01-17 07:19:14 - [MESSAGE][PASSED] - Object: 'Object Repository/Page_Dashboard/a_Tran Minh Triet' is clicked on

2022-01-17 07:19:14 - [TEST_STEP][PASSED] - click(findTestObject("Object Repository/Page_Dashboard/span_Profile")): Object: 'Object Repository/Page_Dashboard/span_Profile' is clicked on

2022-01-17 07:19:15 - [MESSAGE][PASSED] - Object: 'Object Repository/Page_Dashboard/span_Profile' is clicked on

2022-01-17 07:19:15 - [TEST_STEP][PASSED] - verifyElementText(findTestObject("Page_Tran Minh Triet Public profile/a_Introduction to Computer Science"), "Introduction to Computer Science"): Actual text and expected text of test object 'Object Repository/Page_Tran Minh Triet Public profile/a_Introduction to Computer Science' are matched.

2022-01-17 07:19:15 - [MESSAGE][PASSED] - Actual text and expected text of test object 'Object Repository/Page_Tran Minh Triet Public profile/a_Introduction to Computer Science' are matched.

2022-01-17 07:19:15 - [TEST_STEP][PASSED] - click(findTestObject("Object Repository/Page_Tran Minh Triet Public profile/a_Introduction to Computer Science")): Object: 'Object Repository/Page_Tran Minh Triet Public profile/a_Introduction to Computer Science' is clicked on

2022-01-17 07:19:16 - [MESSAGE][PASSED] - Object: 'Object Repository/Page_Tran Minh Triet Public profile/a_Introduction to Computer Science' is clicked on

2022-01-17 07:19:16 - [TEST_STEP][PASSED] - click(findTestObject("Object Repository/Page_Introduction to Computer Science Perso_abbbf2/span_Grades")): Object: 'Object Repository/Page_Introduction to Computer Science Perso_abbbf2/span_Grades' is clicked on

2022-01-17 07:19:17 - [MESSAGE][PASSED] - Object: 'Object Repository/Page_Introduction to Computer Science Perso_abbbf2/span_Grades' is clicked on

2022-01-17 07:19:17 - [TEST_STEP][PASSED] - verifyElementText(findTestObject("Object Repository/Page_Grades View/h2_Grader report"), "Grader report"): Actual text and expected text of test object 'Object Repository/Page_Grades View/h2_Grader report' are matched.

2022-01-17 07:19:17 - [MESSAGE][PASSED] - Actual text and expected text of test object 'Object Repository/Page_Grades View/h2_Grader report' are matched.

2022-01-17 07:19:17 - [TEST_STEP][PASSED] - closeBrowser(): Browser is closed

2022-01-17 07:19:18 - [MESSAGE][PASSED] - Browser is closed]]></system-out>
         <system-err><![CDATA[]]></system-err>
      </testcase>
      <testcase name="Test Cases/test case 49" time="9.697" classname="Test Cases/test case 49" status="PASSED">
         <system-out><![CDATA[2022-01-17 07:19:18 - [TEST_CASE][PASSED] - Test Cases/test case 49: Test Cases/test case 49

2022-01-17 07:19:18 - [TEST_STEP][PASSED] - openBrowser(""): Browser is opened with url: ''

2022-01-17 07:19:18 - [MESSAGE][INFO] - Starting 'Chrome' driver

2022-01-17 07:19:18 - [MESSAGE][INFO] - Action delay is set to 0 milliseconds

2022-01-17 07:19:19 - [MESSAGE][PASSED] - Browser is opened with url: ''

2022-01-17 07:19:19 - [TEST_STEP][PASSED] - navigateToUrl("http://localhost/"): Navigate to 'http://localhost/' successfully

2022-01-17 07:19:21 - [MESSAGE][PASSED] - Navigate to 'http://localhost/' successfully

2022-01-17 07:19:21 - [TEST_STEP][PASSED] - click(findTestObject("Object Repository/Page_Moodle/a_Log in")): Object: 'Object Repository/Page_Moodle/a_Log in' is clicked on

2022-01-17 07:19:21 - [MESSAGE][PASSED] - Object: 'Object Repository/Page_Moodle/a_Log in' is clicked on

2022-01-17 07:19:21 - [TEST_STEP][PASSED] - setText(findTestObject("Object Repository/Page_Moodle Log in to the site/input_Username_username"), "tmtriet"): Text 'tmtriet' is set on object 'Object Repository/Page_Moodle Log in to the site/input_Username_username'

2022-01-17 07:19:22 - [MESSAGE][PASSED] - Text 'tmtriet' is set on object 'Object Repository/Page_Moodle Log in to the site/input_Username_username'

2022-01-17 07:19:22 - [TEST_STEP][PASSED] - setEncryptedText(findTestObject("Object Repository/Page_Moodle Log in to the site/input_Password_password"), "NMz1A57fMJEpXGm/T4cXeQ=="): Text ****** has been set on object 'Object Repository/Page_Moodle Log in to the site/input_Password_password'

2022-01-17 07:19:23 - [MESSAGE][PASSED] - Text ****** has been set on object 'Object Repository/Page_Moodle Log in to the site/input_Password_password'

2022-01-17 07:19:23 - [TEST_STEP][PASSED] - click(findTestObject("Object Repository/Page_Moodle Log in to the site/button_Log in")): Object: 'Object Repository/Page_Moodle Log in to the site/button_Log in' is clicked on

2022-01-17 07:19:24 - [MESSAGE][PASSED] - Object: 'Object Repository/Page_Moodle Log in to the site/button_Log in' is clicked on

2022-01-17 07:19:24 - [TEST_STEP][PASSED] - verifyElementText(findTestObject("Page_Dashboard/span_IntroCS"), "IntroCS"): Actual text and expected text of test object 'Object Repository/Page_Dashboard/span_IntroCS' are matched.

2022-01-17 07:19:25 - [MESSAGE][PASSED] - Actual text and expected text of test object 'Object Repository/Page_Dashboard/span_IntroCS' are matched.

2022-01-17 07:19:25 - [TEST_STEP][PASSED] - click(findTestObject("Object Repository/Page_Dashboard/span_IntroCS")): Object: 'Object Repository/Page_Dashboard/span_IntroCS' is clicked on

2022-01-17 07:19:26 - [MESSAGE][PASSED] - Object: 'Object Repository/Page_Dashboard/span_IntroCS' is clicked on

2022-01-17 07:19:26 - [TEST_STEP][PASSED] - click(findTestObject("Object Repository/Page_Course Introduction to Computer Science/span_Grades")): Object: 'Object Repository/Page_Course Introduction to Computer Science/span_Grades' is clicked on

2022-01-17 07:19:27 - [MESSAGE][PASSED] - Object: 'Object Repository/Page_Course Introduction to Computer Science/span_Grades' is clicked on

2022-01-17 07:19:27 - [TEST_STEP][PASSED] - verifyElementText(findTestObject("Object Repository/Page_Grades View/h2_Grader report"), "Grader report"): Actual text and expected text of test object 'Object Repository/Page_Grades View/h2_Grader report' are matched.

2022-01-17 07:19:27 - [MESSAGE][PASSED] - Actual text and expected text of test object 'Object Repository/Page_Grades View/h2_Grader report' are matched.

2022-01-17 07:19:27 - [TEST_STEP][PASSED] - closeBrowser(): Browser is closed

2022-01-17 07:19:28 - [MESSAGE][PASSED] - Browser is closed]]></system-out>
         <system-err><![CDATA[]]></system-err>
      </testcase>
      <testcase name="Test Cases/test case 50" time="459.719" classname="Test Cases/test case 50" status="PASSED">
         <system-out><![CDATA[2022-01-17 07:19:28 - [TEST_CASE][PASSED] - Test Cases/test case 50: Test Cases/test case 50

2022-01-17 07:19:28 - [TEST_STEP][PASSED] - openBrowser(""): Browser is opened with url: ''

2022-01-17 07:19:28 - [MESSAGE][INFO] - Starting 'Chrome' driver

2022-01-17 07:19:28 - [MESSAGE][INFO] - Action delay is set to 0 milliseconds

2022-01-17 07:19:29 - [MESSAGE][PASSED] - Browser is opened with url: ''

2022-01-17 07:19:29 - [TEST_STEP][PASSED] - navigateToUrl("http://localhost/"): Navigate to 'http://localhost/' successfully

2022-01-17 07:19:30 - [MESSAGE][PASSED] - Navigate to 'http://localhost/' successfully

2022-01-17 07:19:30 - [TEST_STEP][PASSED] - click(findTestObject("Object Repository/Page_Moodle/a_Log in")): Object: 'Object Repository/Page_Moodle/a_Log in' is clicked on

2022-01-17 07:19:31 - [MESSAGE][PASSED] - Object: 'Object Repository/Page_Moodle/a_Log in' is clicked on

2022-01-17 07:19:31 - [TEST_STEP][PASSED] - setText(findTestObject("Object Repository/Page_Moodle Log in to the site/input_Username_username"), "tmtriet"): Text 'tmtriet' is set on object 'Object Repository/Page_Moodle Log in to the site/input_Username_username'

2022-01-17 07:19:32 - [MESSAGE][PASSED] - Text 'tmtriet' is set on object 'Object Repository/Page_Moodle Log in to the site/input_Username_username'

2022-01-17 07:19:32 - [TEST_STEP][PASSED] - setEncryptedText(findTestObject("Object Repository/Page_Moodle Log in to the site/input_Password_password"), "NMz1A57fMJEpXGm/T4cXeQ=="): Text ****** has been set on object 'Object Repository/Page_Moodle Log in to the site/input_Password_password'

2022-01-17 07:19:32 - [MESSAGE][PASSED] - Text ****** has been set on object 'Object Repository/Page_Moodle Log in to the site/input_Password_password'

2022-01-17 07:19:32 - [TEST_STEP][PASSED] - click(findTestObject("Object Repository/Page_Moodle Log in to the site/button_Log in")): Object: 'Object Repository/Page_Moodle Log in to the site/button_Log in' is clicked on

2022-01-17 07:19:33 - [MESSAGE][PASSED] - Object: 'Object Repository/Page_Moodle Log in to the site/button_Log in' is clicked on

2022-01-17 07:19:33 - [TEST_STEP][PASSED] - verifyElementVisible(findTestObject("Object Repository/Page_Dashboard/div_Calendar                               _78b00d")): Object 'Object Repository/Page_Dashboard/div_Calendar                               _78b00d' is visible

2022-01-17 07:19:35 - [MESSAGE][PASSED] - Object 'Object Repository/Page_Dashboard/div_Calendar                               _78b00d' is visible

2022-01-17 07:19:35 - [TEST_STEP][PASSED] - verifyElementClickable(findTestObject("Object Repository/Page_Dashboard/a_January 2022")): Object 'Object Repository/Page_Dashboard/a_January 2022' is clickable

2022-01-17 07:20:06 - [MESSAGE][INFO] - Unable to find the element located by 'By.xpath: //div[@id='month-mini-2022-1-5']/table/caption/span[2]/a'. Please recheck the objects properties to make sure the desired element is located. 

2022-01-17 07:20:06 - [MESSAGE][WARNING] - [SELF-HEALING] Failed to find element with id 'Object Repository/Page_Dashboard/a_January 2022'. Try using Self-healing.

2022-01-17 07:20:06 - [MESSAGE][WARNING] - [SELF-HEALING] The current locator of test object 'Object Repository/Page_Dashboard/a_January 2022' was broken. Propose an alternative one: '//a[contains(text(),'January 2022')]'.

2022-01-17 07:20:06 - [MESSAGE][PASSED] - Object 'Object Repository/Page_Dashboard/a_January 2022' is clickable

2022-01-17 07:20:06 - [TEST_STEP][PASSED] - click(findTestObject("Object Repository/Page_Dashboard/a_January 2022")): Object: 'Object Repository/Page_Dashboard/a_January 2022' is clicked on

2022-01-17 07:20:38 - [MESSAGE][INFO] - Unable to find the element located by 'By.xpath: //div[@id='month-mini-2022-1-5']/table/caption/span[2]/a'. Please recheck the objects properties to make sure the desired element is located. 

2022-01-17 07:20:38 - [MESSAGE][WARNING] - [SELF-HEALING] Failed to find element with id 'Object Repository/Page_Dashboard/a_January 2022'. Try using Self-healing.

2022-01-17 07:20:38 - [MESSAGE][WARNING] - [SELF-HEALING] The current locator of test object 'Object Repository/Page_Dashboard/a_January 2022' was broken. Propose an alternative one: '//a[contains(text(),'January 2022')]'.

2022-01-17 07:20:38 - [MESSAGE][PASSED] - Object: 'Object Repository/Page_Dashboard/a_January 2022' is clicked on

2022-01-17 07:20:38 - [TEST_STEP][PASSED] - waitForElementVisible(findTestObject("Object Repository/Page_Mood Calendar Detailed month view Janu_18fc56/button_New event"), 0): Object 'Object Repository/Page_Mood Calendar Detailed month view Janu_18fc56/button_New event' is visible

2022-01-17 07:20:38 - [MESSAGE][WARNING] - Timeout '0' is invalid. Using default page load timeout: '30'

2022-01-17 07:21:09 - [MESSAGE][INFO] - Unable to find the element located by 'By.xpath: //div[@id='calendar-month-61e41531799f761e4153150b4a16']/div/button'. Please recheck the objects properties to make sure the desired element is located. 

2022-01-17 07:21:09 - [MESSAGE][WARNING] - [SELF-HEALING] Failed to find element with id 'Object Repository/Page_Mood Calendar Detailed month view Janu_18fc56/button_New event'. Try using Self-healing.

2022-01-17 07:21:10 - [MESSAGE][WARNING] - [SELF-HEALING] The current locator of test object 'Object Repository/Page_Mood Calendar Detailed month view Janu_18fc56/button_New event' was broken. Propose an alternative one: '(.//*[normalize-space(text()) and normalize-space(.)='List of courses'])[1]/following::button[1]'.

2022-01-17 07:21:10 - [MESSAGE][PASSED] - Object 'Object Repository/Page_Mood Calendar Detailed month view Janu_18fc56/button_New event' is visible

2022-01-17 07:21:10 - [TEST_STEP][PASSED] - click(findTestObject("Object Repository/Page_Mood Calendar Detailed month view Janu_18fc56/button_New event")): Object: 'Object Repository/Page_Mood Calendar Detailed month view Janu_18fc56/button_New event' is clicked on

2022-01-17 07:21:41 - [MESSAGE][INFO] - Unable to find the element located by 'By.xpath: //div[@id='calendar-month-61e41531799f761e4153150b4a16']/div/button'. Please recheck the objects properties to make sure the desired element is located. 

2022-01-17 07:21:41 - [MESSAGE][WARNING] - [SELF-HEALING] Failed to find element with id 'Object Repository/Page_Mood Calendar Detailed month view Janu_18fc56/button_New event'. Try using Self-healing.

2022-01-17 07:21:41 - [MESSAGE][WARNING] - [SELF-HEALING] The current locator of test object 'Object Repository/Page_Mood Calendar Detailed month view Janu_18fc56/button_New event' was broken. Propose an alternative one: '(.//*[normalize-space(text()) and normalize-space(.)='List of courses'])[1]/following::button[1]'.

2022-01-17 07:21:41 - [MESSAGE][PASSED] - Object: 'Object Repository/Page_Mood Calendar Detailed month view Janu_18fc56/button_New event' is clicked on

2022-01-17 07:21:41 - [TEST_STEP][PASSED] - setText(findTestObject("Object Repository/Page_Mood Calendar Detailed month view Janu_18fc56/input_Event title_name"), "Tet Quiz"): Text 'Tet Quiz' is set on object 'Object Repository/Page_Mood Calendar Detailed month view Janu_18fc56/input_Event title_name'

2022-01-17 07:21:43 - [MESSAGE][PASSED] - Text 'Tet Quiz' is set on object 'Object Repository/Page_Mood Calendar Detailed month view Janu_18fc56/input_Event title_name'

2022-01-17 07:21:43 - [TEST_STEP][PASSED] - selectOptionByValue(findTestObject("Object Repository/Page_Mood Calendar Detailed month view Janu_18fc56/select_1        2        3        4        _45ea30"), "22", true): All options with value '22' are selected in object 'Object Repository/Page_Mood Calendar Detailed month view Janu_18fc56/select_1        2        3        4        _45ea30'  using regular expression

2022-01-17 07:21:45 - [MESSAGE][PASSED] - All options with value '22' are selected in object 'Object Repository/Page_Mood Calendar Detailed month view Janu_18fc56/select_1        2        3        4        _45ea30'  using regular expression

2022-01-17 07:21:45 - [TEST_STEP][PASSED] - selectOptionByValue(findTestObject("Object Repository/Page_Mood Calendar Detailed month view Janu_18fc56/select_00        01        02        03    _f6e37b"), "0", true): All options with value '0' are selected in object 'Object Repository/Page_Mood Calendar Detailed month view Janu_18fc56/select_00        01        02        03    _f6e37b'  using regular expression

2022-01-17 07:21:46 - [MESSAGE][PASSED] - All options with value '0' are selected in object 'Object Repository/Page_Mood Calendar Detailed month view Janu_18fc56/select_00        01        02        03    _f6e37b'  using regular expression

2022-01-17 07:21:46 - [TEST_STEP][PASSED] - selectOptionByValue(findTestObject("Object Repository/Page_Mood Calendar Detailed month view Janu_18fc56/select_00        01        02        03    _f6e37b_1"), "0", true): All options with value '0' are selected in object 'Object Repository/Page_Mood Calendar Detailed month view Janu_18fc56/select_00        01        02        03    _f6e37b_1'  using regular expression

2022-01-17 07:21:47 - [MESSAGE][PASSED] - All options with value '0' are selected in object 'Object Repository/Page_Mood Calendar Detailed month view Janu_18fc56/select_00        01        02        03    _f6e37b_1'  using regular expression

2022-01-17 07:21:47 - [TEST_STEP][PASSED] - selectOptionByValue(findTestObject("Object Repository/Page_Mood Calendar Detailed month view Janu_18fc56/select_User            Course            Site"), "course", true): All options with value 'course' are selected in object 'Object Repository/Page_Mood Calendar Detailed month view Janu_18fc56/select_User            Course            Site'  using regular expression

2022-01-17 07:21:48 - [MESSAGE][PASSED] - All options with value 'course' are selected in object 'Object Repository/Page_Mood Calendar Detailed month view Janu_18fc56/select_User            Course            Site'  using regular expression

2022-01-17 07:21:48 - [TEST_STEP][PASSED] - click(findTestObject("Object Repository/Page_Mood Calendar Detailed month view Janu_18fc56/span_")): Object: 'Object Repository/Page_Mood Calendar Detailed month view Janu_18fc56/span_' is clicked on

2022-01-17 07:22:19 - [MESSAGE][INFO] - Unable to find the element located by 'By.xpath: //span[@id='form_autocomplete_downarrow-1642337592468']'. Please recheck the objects properties to make sure the desired element is located. 

2022-01-17 07:22:19 - [MESSAGE][WARNING] - [SELF-HEALING] Failed to find element with id 'Object Repository/Page_Mood Calendar Detailed month view Janu_18fc56/span_'. Try using Self-healing.

2022-01-17 07:22:19 - [MESSAGE][WARNING] - [SELF-HEALING] The current locator of test object 'Object Repository/Page_Mood Calendar Detailed month view Janu_18fc56/span_' was broken. Propose an alternative one: '(.//*[normalize-space(text()) and normalize-space(.)='No selection'])[1]/following::span[1]'.

2022-01-17 07:22:19 - [MESSAGE][PASSED] - Object: 'Object Repository/Page_Mood Calendar Detailed month view Janu_18fc56/span_' is clicked on

2022-01-17 07:22:19 - [TEST_STEP][PASSED] - click(findTestObject("Object Repository/Page_Mood Calendar Detailed month view Janu_18fc56/li_Introduction to Computer Science")): Object: 'Object Repository/Page_Mood Calendar Detailed month view Janu_18fc56/li_Introduction to Computer Science' is clicked on

2022-01-17 07:22:51 - [MESSAGE][INFO] - Unable to find the element located by 'By.xpath: //li[@id='form_autocomplete_suggestions-1642337592468-0']'. Please recheck the objects properties to make sure the desired element is located. 

2022-01-17 07:22:51 - [MESSAGE][WARNING] - [SELF-HEALING] Failed to find element with id 'Object Repository/Page_Mood Calendar Detailed month view Janu_18fc56/li_Introduction to Computer Science'. Try using Self-healing.

2022-01-17 07:22:51 - [MESSAGE][WARNING] - [SELF-HEALING] The current locator of test object 'Object Repository/Page_Mood Calendar Detailed month view Janu_18fc56/li_Introduction to Computer Science' was broken. Propose an alternative one: '(.//*[normalize-space(text()) and normalize-space(.)='▼'])[1]/following::li[1]'.

2022-01-17 07:22:51 - [MESSAGE][PASSED] - Object: 'Object Repository/Page_Mood Calendar Detailed month view Janu_18fc56/li_Introduction to Computer Science' is clicked on

2022-01-17 07:22:51 - [TEST_STEP][PASSED] - selectOptionByValue(findTestObject("Object Repository/Page_Mood Calendar Detailed month view Janu_18fc56/select_Introduction to Computer ScienceMathemetics"), "4", true): All options with value '4' are selected in object 'Object Repository/Page_Mood Calendar Detailed month view Janu_18fc56/select_Introduction to Computer ScienceMathemetics'  using regular expression

2022-01-17 07:22:52 - [MESSAGE][PASSED] - All options with value '4' are selected in object 'Object Repository/Page_Mood Calendar Detailed month view Janu_18fc56/select_Introduction to Computer ScienceMathemetics'  using regular expression

2022-01-17 07:22:52 - [TEST_STEP][PASSED] - click(findTestObject("Object Repository/Page_Mood Calendar Detailed month view Janu_18fc56/button_Save")): Object: 'Object Repository/Page_Mood Calendar Detailed month view Janu_18fc56/button_Save' is clicked on

2022-01-17 07:23:24 - [MESSAGE][INFO] - Unable to find the element located by 'By.xpath: //button[@id='yui_3_17_2_1_1642337585482_1306']'. Please recheck the objects properties to make sure the desired element is located. 

2022-01-17 07:23:24 - [MESSAGE][WARNING] - [SELF-HEALING] Failed to find element with id 'Object Repository/Page_Mood Calendar Detailed month view Janu_18fc56/button_Save'. Try using Self-healing.

2022-01-17 07:23:24 - [MESSAGE][WARNING] - [SELF-HEALING] The current locator of test object 'Object Repository/Page_Mood Calendar Detailed month view Janu_18fc56/button_Save' was broken. Propose an alternative one: '(.//*[normalize-space(text()) and normalize-space(.)='Repeat weekly, creating altogether'])[1]/following::button[1]'.

2022-01-17 07:23:24 - [MESSAGE][PASSED] - Object: 'Object Repository/Page_Mood Calendar Detailed month view Janu_18fc56/button_Save' is clicked on

2022-01-17 07:23:24 - [TEST_STEP][PASSED] - verifyElementText(findTestObject("Object Repository/Page_Mood Calendar Detailed month view Janu_18fc56/span_Tet Quiz"), "Tet Quiz"): Actual text and expected text of test object 'Object Repository/Page_Mood Calendar Detailed month view Janu_18fc56/span_Tet Quiz' are matched.

2022-01-17 07:23:55 - [MESSAGE][INFO] - Unable to find the element located by 'By.xpath: //a[@id='yui_3_17_2_1_1642337585482_2029']/span[2]'. Please recheck the objects properties to make sure the desired element is located. 

2022-01-17 07:23:55 - [MESSAGE][WARNING] - [SELF-HEALING] Failed to find element with id 'Object Repository/Page_Mood Calendar Detailed month view Janu_18fc56/span_Tet Quiz'. Try using Self-healing.

2022-01-17 07:23:55 - [MESSAGE][WARNING] - [SELF-HEALING] The current locator of test object 'Object Repository/Page_Mood Calendar Detailed month view Janu_18fc56/span_Tet Quiz' was broken. Propose an alternative one: '(.//*[normalize-space(text()) and normalize-space(.)='No events, Friday, 21 January'])[2]/following::span[4]'.

2022-01-17 07:23:55 - [MESSAGE][PASSED] - Actual text and expected text of test object 'Object Repository/Page_Mood Calendar Detailed month view Janu_18fc56/span_Tet Quiz' are matched.

2022-01-17 07:23:55 - [TEST_STEP][PASSED] - click(findTestObject("Object Repository/Page_Mood Calendar Detailed month view Janu_18fc56/span_Tet Quiz")): Object: 'Object Repository/Page_Mood Calendar Detailed month view Janu_18fc56/span_Tet Quiz' is clicked on

2022-01-17 07:24:27 - [MESSAGE][INFO] - Unable to find the element located by 'By.xpath: //a[@id='yui_3_17_2_1_1642337585482_2029']/span[2]'. Please recheck the objects properties to make sure the desired element is located. 

2022-01-17 07:24:27 - [MESSAGE][WARNING] - [SELF-HEALING] Failed to find element with id 'Object Repository/Page_Mood Calendar Detailed month view Janu_18fc56/span_Tet Quiz'. Try using Self-healing.

2022-01-17 07:24:27 - [MESSAGE][WARNING] - [SELF-HEALING] The current locator of test object 'Object Repository/Page_Mood Calendar Detailed month view Janu_18fc56/span_Tet Quiz' was broken. Propose an alternative one: '(.//*[normalize-space(text()) and normalize-space(.)='No events, Friday, 21 January'])[2]/following::span[4]'.

2022-01-17 07:24:27 - [MESSAGE][PASSED] - Object: 'Object Repository/Page_Mood Calendar Detailed month view Janu_18fc56/span_Tet Quiz' is clicked on

2022-01-17 07:24:27 - [TEST_STEP][PASSED] - verifyElementText(findTestObject("Object Repository/Page_Mood Calendar Detailed month view Janu_18fc56/a_Saturday, 22 January"), "Saturday, 22 January"): Actual text and expected text of test object 'Object Repository/Page_Mood Calendar Detailed month view Janu_18fc56/a_Saturday, 22 January' are matched.

2022-01-17 07:24:58 - [MESSAGE][INFO] - Unable to find the element located by 'By.xpath: //a[@id='yui_3_17_2_1_1642337585482_2054']'. Please recheck the objects properties to make sure the desired element is located. 

2022-01-17 07:24:58 - [MESSAGE][WARNING] - [SELF-HEALING] Failed to find element with id 'Object Repository/Page_Mood Calendar Detailed month view Janu_18fc56/a_Saturday, 22 January'. Try using Self-healing.

2022-01-17 07:24:59 - [MESSAGE][WARNING] - [SELF-HEALING] The current locator of test object 'Object Repository/Page_Mood Calendar Detailed month view Janu_18fc56/a_Saturday, 22 January' was broken. Propose an alternative one: '//a[contains(text(),'Saturday, 22 January')]'.

2022-01-17 07:24:59 - [MESSAGE][PASSED] - Actual text and expected text of test object 'Object Repository/Page_Mood Calendar Detailed month view Janu_18fc56/a_Saturday, 22 January' are matched.

2022-01-17 07:24:59 - [TEST_STEP][PASSED] - verifyElementClickable(findTestObject("Object Repository/Page_Mood Calendar Detailed month view Janu_18fc56/button_Delete")): Object 'Object Repository/Page_Mood Calendar Detailed month view Janu_18fc56/button_Delete' is clickable

2022-01-17 07:25:30 - [MESSAGE][INFO] - Unable to find the element located by 'By.xpath: //button[@id='yui_3_17_2_1_1642337585482_2067']'. Please recheck the objects properties to make sure the desired element is located. 

2022-01-17 07:25:30 - [MESSAGE][WARNING] - [SELF-HEALING] Failed to find element with id 'Object Repository/Page_Mood Calendar Detailed month view Janu_18fc56/button_Delete'. Try using Self-healing.

2022-01-17 07:25:30 - [MESSAGE][WARNING] - [SELF-HEALING] The current locator of test object 'Object Repository/Page_Mood Calendar Detailed month view Janu_18fc56/button_Delete' was broken. Propose an alternative one: '(.//*[normalize-space(text()) and normalize-space(.)='Introduction to Computer Science'])[3]/following::button[1]'.

2022-01-17 07:25:30 - [MESSAGE][PASSED] - Object 'Object Repository/Page_Mood Calendar Detailed month view Janu_18fc56/button_Delete' is clickable

2022-01-17 07:25:30 - [TEST_STEP][PASSED] - click(findTestObject("Object Repository/Page_Mood Calendar Detailed month view Janu_18fc56/button_Delete")): Object: 'Object Repository/Page_Mood Calendar Detailed month view Janu_18fc56/button_Delete' is clicked on

2022-01-17 07:26:01 - [MESSAGE][INFO] - Unable to find the element located by 'By.xpath: //button[@id='yui_3_17_2_1_1642337585482_2067']'. Please recheck the objects properties to make sure the desired element is located. 

2022-01-17 07:26:01 - [MESSAGE][WARNING] - [SELF-HEALING] Failed to find element with id 'Object Repository/Page_Mood Calendar Detailed month view Janu_18fc56/button_Delete'. Try using Self-healing.

2022-01-17 07:26:02 - [MESSAGE][WARNING] - [SELF-HEALING] The current locator of test object 'Object Repository/Page_Mood Calendar Detailed month view Janu_18fc56/button_Delete' was broken. Propose an alternative one: '(.//*[normalize-space(text()) and normalize-space(.)='Introduction to Computer Science'])[3]/following::button[1]'.

2022-01-17 07:26:02 - [MESSAGE][PASSED] - Object: 'Object Repository/Page_Mood Calendar Detailed month view Janu_18fc56/button_Delete' is clicked on

2022-01-17 07:26:02 - [TEST_STEP][PASSED] - waitForElementVisible(findTestObject("Object Repository/Page_Mood Calendar Detailed month view Janu_18fc56/button_Delete event"), 0): Object 'Object Repository/Page_Mood Calendar Detailed month view Janu_18fc56/button_Delete event' is visible

2022-01-17 07:26:02 - [MESSAGE][WARNING] - Timeout '0' is invalid. Using default page load timeout: '30'

2022-01-17 07:26:33 - [MESSAGE][INFO] - Unable to find the element located by 'By.xpath: //button[@id='yui_3_17_2_1_1642337585482_2083']'. Please recheck the objects properties to make sure the desired element is located. 

2022-01-17 07:26:33 - [MESSAGE][WARNING] - [SELF-HEALING] Failed to find element with id 'Object Repository/Page_Mood Calendar Detailed month view Janu_18fc56/button_Delete event'. Try using Self-healing.

2022-01-17 07:26:34 - [MESSAGE][INFO] - Unable to find the element located by 'By.xpath: (.//*[normalize-space(text()) and normalize-space(.)=concat('Are you sure you want to delete the ', '"', 'Festival at uni', '"', ' event?')])[1]/following::button[1]'. Please recheck the objects properties to make sure the desired element is located. 

2022-01-17 07:26:34 - [MESSAGE][WARNING] - [SELF-HEALING] The current locator of test object 'Object Repository/Page_Mood Calendar Detailed month view Janu_18fc56/button_Delete event' was broken. Propose an alternative one: '(.//*[normalize-space(text()) and normalize-space(.)='Delete event'])[1]/following::button[2]'.

2022-01-17 07:26:34 - [MESSAGE][PASSED] - Object 'Object Repository/Page_Mood Calendar Detailed month view Janu_18fc56/button_Delete event' is visible

2022-01-17 07:26:34 - [TEST_STEP][PASSED] - click(findTestObject("Object Repository/Page_Mood Calendar Detailed month view Janu_18fc56/button_Delete event")): Object: 'Object Repository/Page_Mood Calendar Detailed month view Janu_18fc56/button_Delete event' is clicked on

2022-01-17 07:27:05 - [MESSAGE][INFO] - Unable to find the element located by 'By.xpath: //button[@id='yui_3_17_2_1_1642337585482_2083']'. Please recheck the objects properties to make sure the desired element is located. 

2022-01-17 07:27:05 - [MESSAGE][WARNING] - [SELF-HEALING] Failed to find element with id 'Object Repository/Page_Mood Calendar Detailed month view Janu_18fc56/button_Delete event'. Try using Self-healing.

2022-01-17 07:27:06 - [MESSAGE][INFO] - Unable to find the element located by 'By.xpath: (.//*[normalize-space(text()) and normalize-space(.)=concat('Are you sure you want to delete the ', '"', 'Festival at uni', '"', ' event?')])[1]/following::button[1]'. Please recheck the objects properties to make sure the desired element is located. 

2022-01-17 07:27:07 - [MESSAGE][WARNING] - [SELF-HEALING] The current locator of test object 'Object Repository/Page_Mood Calendar Detailed month view Janu_18fc56/button_Delete event' was broken. Propose an alternative one: '(.//*[normalize-space(text()) and normalize-space(.)='Delete event'])[1]/following::button[2]'.

2022-01-17 07:27:07 - [MESSAGE][PASSED] - Object: 'Object Repository/Page_Mood Calendar Detailed month view Janu_18fc56/button_Delete event' is clicked on

2022-01-17 07:27:07 - [TEST_STEP][PASSED] - closeBrowser(): Browser is closed

2022-01-17 07:27:07 - [MESSAGE][PASSED] - Browser is closed]]></system-out>
         <system-err><![CDATA[]]></system-err>
      </testcase>
      <system-out><![CDATA[2022-01-17 05:56:55 - [TEST_SUITE][FAILED] - Run all test cases: Test Cases/test case 22 FAILED.
Reason:
com.kms.katalon.core.exception.StepFailedException: Unable to click on object 'Object Repository/Page_Mood Calendar Detailed month view Janu_18fc56/button_Delete event'
	at com.kms.katalon.core.webui.keyword.internal.WebUIKeywordMain.stepFailed(WebUIKeywordMain.groovy:64)
	at com.kms.katalon.core.webui.keyword.internal.WebUIKeywordMain.runKeyword(WebUIKeywordMain.groovy:26)
	at com.kms.katalon.core.webui.keyword.builtin.ClickKeyword.click(ClickKeyword.groovy:74)
	at com.kms.katalon.core.webui.keyword.builtin.ClickKeyword.execute(ClickKeyword.groovy:40)
	at com.kms.katalon.core.keyword.internal.KeywordExecutor.executeKeywordForPlatform(KeywordExecutor.groovy:74)
	at com.kms.katalon.core.webui.keyword.WebUiBuiltInKeywords.click(WebUiBuiltInKeywords.groovy:620)
	at com.kms.katalon.core.webui.keyword.WebUiBuiltInKeywords$click$1.call(Unknown Source)
	at test case 22.run(test case 22:56)
	at com.kms.katalon.core.main.ScriptEngine.run(ScriptEngine.java:194)
	at com.kms.katalon.core.main.ScriptEngine.runScriptAsRawText(ScriptEngine.java:119)
	at com.kms.katalon.core.main.TestCaseExecutor.runScript(TestCaseExecutor.java:442)
	at com.kms.katalon.core.main.TestCaseExecutor.doExecute(TestCaseExecutor.java:433)
	at com.kms.katalon.core.main.TestCaseExecutor.processExecutionPhase(TestCaseExecutor.java:412)
	at com.kms.katalon.core.main.TestCaseExecutor.accessMainPhase(TestCaseExecutor.java:404)
	at com.kms.katalon.core.main.TestCaseExecutor.execute(TestCaseExecutor.java:281)
	at com.kms.katalon.core.main.TestSuiteExecutor.accessTestCaseMainPhase(TestSuiteExecutor.java:202)
	at com.kms.katalon.core.main.TestSuiteExecutor.accessTestSuiteMainPhase(TestSuiteExecutor.java:164)
	at com.kms.katalon.core.main.TestSuiteExecutor.execute(TestSuiteExecutor.java:105)
	at com.kms.katalon.core.main.TestCaseMain.startTestSuite(TestCaseMain.java:181)
	at com.kms.katalon.core.main.TestCaseMain$startTestSuite$0.call(Unknown Source)
	at TempTestSuite1642373806466.run(TempTestSuite1642373806466.groovy:36)
Caused by: com.kms.katalon.core.webui.exception.WebElementNotFoundException: Web element with id: 'Object Repository/Page_Mood Calendar Detailed month view Janu_18fc56/button_Delete event' located by '//button[@id='yui_3_17_2_1_1642337585482_2083']' not found
	at com.kms.katalon.core.webui.common.WebUiCommonHelper.findWebElement(WebUiCommonHelper.java:1368)
	at com.kms.katalon.core.webui.keyword.internal.WebUIAbstractKeyword.findWebElement(WebUIAbstractKeyword.groovy:27)
	at com.kms.katalon.core.webui.keyword.builtin.ClickKeyword$_click_closure1.doCall(ClickKeyword.groovy:65)
	at com.kms.katalon.core.webui.keyword.builtin.ClickKeyword$_click_closure1.call(ClickKeyword.groovy)
	at com.kms.katalon.core.webui.keyword.internal.WebUIKeywordMain.runKeyword(WebUIKeywordMain.groovy:20)
	... 19 more]]></system-out>
      <system-err><![CDATA[2022-01-17 05:56:55 - [TEST_SUITE][FAILED] - Run all test cases: Test Cases/test case 22 FAILED.
Reason:
com.kms.katalon.core.exception.StepFailedException: Unable to click on object 'Object Repository/Page_Mood Calendar Detailed month view Janu_18fc56/button_Delete event'
	at com.kms.katalon.core.webui.keyword.internal.WebUIKeywordMain.stepFailed(WebUIKeywordMain.groovy:64)
	at com.kms.katalon.core.webui.keyword.internal.WebUIKeywordMain.runKeyword(WebUIKeywordMain.groovy:26)
	at com.kms.katalon.core.webui.keyword.builtin.ClickKeyword.click(ClickKeyword.groovy:74)
	at com.kms.katalon.core.webui.keyword.builtin.ClickKeyword.execute(ClickKeyword.groovy:40)
	at com.kms.katalon.core.keyword.internal.KeywordExecutor.executeKeywordForPlatform(KeywordExecutor.groovy:74)
	at com.kms.katalon.core.webui.keyword.WebUiBuiltInKeywords.click(WebUiBuiltInKeywords.groovy:620)
	at com.kms.katalon.core.webui.keyword.WebUiBuiltInKeywords$click$1.call(Unknown Source)
	at test case 22.run(test case 22:56)
	at com.kms.katalon.core.main.ScriptEngine.run(ScriptEngine.java:194)
	at com.kms.katalon.core.main.ScriptEngine.runScriptAsRawText(ScriptEngine.java:119)
	at com.kms.katalon.core.main.TestCaseExecutor.runScript(TestCaseExecutor.java:442)
	at com.kms.katalon.core.main.TestCaseExecutor.doExecute(TestCaseExecutor.java:433)
	at com.kms.katalon.core.main.TestCaseExecutor.processExecutionPhase(TestCaseExecutor.java:412)
	at com.kms.katalon.core.main.TestCaseExecutor.accessMainPhase(TestCaseExecutor.java:404)
	at com.kms.katalon.core.main.TestCaseExecutor.execute(TestCaseExecutor.java:281)
	at com.kms.katalon.core.main.TestSuiteExecutor.accessTestCaseMainPhase(TestSuiteExecutor.java:202)
	at com.kms.katalon.core.main.TestSuiteExecutor.accessTestSuiteMainPhase(TestSuiteExecutor.java:164)
	at com.kms.katalon.core.main.TestSuiteExecutor.execute(TestSuiteExecutor.java:105)
	at com.kms.katalon.core.main.TestCaseMain.startTestSuite(TestCaseMain.java:181)
	at com.kms.katalon.core.main.TestCaseMain$startTestSuite$0.call(Unknown Source)
	at TempTestSuite1642373806466.run(TempTestSuite1642373806466.groovy:36)
Caused by: com.kms.katalon.core.webui.exception.WebElementNotFoundException: Web element with id: 'Object Repository/Page_Mood Calendar Detailed month view Janu_18fc56/button_Delete event' located by '//button[@id='yui_3_17_2_1_1642337585482_2083']' not found
	at com.kms.katalon.core.webui.common.WebUiCommonHelper.findWebElement(WebUiCommonHelper.java:1368)
	at com.kms.katalon.core.webui.keyword.internal.WebUIAbstractKeyword.findWebElement(WebUIAbstractKeyword.groovy:27)
	at com.kms.katalon.core.webui.keyword.builtin.ClickKeyword$_click_closure1.doCall(ClickKeyword.groovy:65)
	at com.kms.katalon.core.webui.keyword.builtin.ClickKeyword$_click_closure1.call(ClickKeyword.groovy)
	at com.kms.katalon.core.webui.keyword.internal.WebUIKeywordMain.runKeyword(WebUIKeywordMain.groovy:20)
	... 19 more]]></system-err>
   </testsuite>
</testsuites>
