<?xml version="1.0" encoding="UTF-8"?>
<testsuites name="Run all test cases" time="6142.946" tests="50" failures="8" errors="0">
   <testsuite name="Run all test cases" tests="50" failures="8" errors="0" time="6142.946" skipped="0" timestamp="2022-01-16 21:05:14" hostname="LENOVO - host.docker.internal" id="Test Suites/Run all test cases">
      <properties>
         <property name="deviceName" value=""/>
         <property name="devicePlatform" value=""/>
         <property name="logFolder" value="D:\\Test-Automation-SE-Bonus\\Test-Automation-SE-Bonus\\Reports\\20220116_210458\\Run all test cases\\20220116_210458"/>
         <property name="logFiles" value="D:\\Test-Automation-SE-Bonus\\Test-Automation-SE-Bonus\\Reports\\20220116_210458\\Run all test cases\\20220116_210458\\execution0.log"/>
         <property name="attachments" value="D:\\Test-Automation-SE-Bonus\\Test-Automation-SE-Bonus\\Reports\\20220116_210458\\Run all test cases\\20220116_210458\\1642344462565.png, D:\\Test-Automation-SE-Bonus\\Test-Automation-SE-Bonus\\Reports\\20220116_210458\\Run all test cases\\20220116_210458\\1642346746464.png, D:\\Test-Automation-SE-Bonus\\Test-Automation-SE-Bonus\\Reports\\20220116_210458\\Run all test cases\\20220116_210458\\1642347260131.png, D:\\Test-Automation-SE-Bonus\\Test-Automation-SE-Bonus\\Reports\\20220116_210458\\Run all test cases\\20220116_210458\\1642347260270.png, D:\\Test-Automation-SE-Bonus\\Test-Automation-SE-Bonus\\Reports\\20220116_210458\\Run all test cases\\20220116_210458\\1642347271447.png, D:\\Test-Automation-SE-Bonus\\Test-Automation-SE-Bonus\\Reports\\20220116_210458\\Run all test cases\\20220116_210458\\1642347271599.png, D:\\Test-Automation-SE-Bonus\\Test-Automation-SE-Bonus\\Reports\\20220116_210458\\Run all test cases\\20220116_210458\\1642347282254.png, D:\\Test-Automation-SE-Bonus\\Test-Automation-SE-Bonus\\Reports\\20220116_210458\\Run all test cases\\20220116_210458\\1642347282384.png, D:\\Test-Automation-SE-Bonus\\Test-Automation-SE-Bonus\\Reports\\20220116_210458\\Run all test cases\\20220116_210458\\1642347392390.png, D:\\Test-Automation-SE-Bonus\\Test-Automation-SE-Bonus\\Reports\\20220116_210458\\Run all test cases\\20220116_210458\\1642347392662.png, D:\\Test-Automation-SE-Bonus\\Test-Automation-SE-Bonus\\Reports\\20220116_210458\\Run all test cases\\20220116_210458\\1642347496446.png, D:\\Test-Automation-SE-Bonus\\Test-Automation-SE-Bonus\\Reports\\20220116_210458\\Run all test cases\\20220116_210458\\1642347496605.png, D:\\Test-Automation-SE-Bonus\\Test-Automation-SE-Bonus\\Reports\\20220116_210458\\Run all test cases\\20220116_210458\\1642347569069.png, D:\\Test-Automation-SE-Bonus\\Test-Automation-SE-Bonus\\Reports\\20220116_210458\\Run all test cases\\20220116_210458\\1642347569213.png"/>
         <property name="hostName" value="LENOVO - host.docker.internal"/>
         <property name="os" value="Windows 10 64bit"/>
         <property name="katalonVersion" value="8.2.0.208"/>
         <property name="browser" value="Chrome 97.0.4692.71"/>
         <property name="hostAddress" value="192.168.1.8"/>
         <property name="sessionId" value="7506300636595e90dfe172c1f72d57bf"/>
         <property name="seleniumVersion" value="3.141.59"/>
         <property name="proxyInformation" value="ProxyInformation { proxyOption=NO_PROXY, proxyServerType=HTTP, username=, password=********, proxyServerAddress=, proxyServerPort=0, executionList=&quot;&quot;, isApplyToDesiredCapabilities=true }"/>
         <property name="platform" value="Windows 10"/>
      </properties>
      <testcase name="Test Cases/test case 01" time="8.03" classname="Test Cases/test case 01" status="PASSED">
         <system-out><![CDATA[2022-01-16 21:05:14 - [TEST_CASE][PASSED] - Test Cases/test case 01: Test Cases/test case 01

2022-01-16 21:05:15 - [TEST_STEP][PASSED] - openBrowser(""): Browser is opened with url: ''

2022-01-16 21:05:15 - [MESSAGE][INFO] - Starting 'Chrome' driver

2022-01-16 21:05:15 - [MESSAGE][INFO] - Action delay is set to 0 milliseconds

2022-01-16 21:05:17 - [MESSAGE][PASSED] - Browser is opened with url: ''

2022-01-16 21:05:17 - [TEST_STEP][PASSED] - navigateToUrl("http://localhost/"): Navigate to 'http://localhost/' successfully

2022-01-16 21:05:19 - [MESSAGE][PASSED] - Navigate to 'http://localhost/' successfully

2022-01-16 21:05:19 - [TEST_STEP][PASSED] - click(findTestObject("Object Repository/Page_Moodle/a_Log in")): Object: 'Object Repository/Page_Moodle/a_Log in' is clicked on

2022-01-16 21:05:19 - [MESSAGE][PASSED] - Object: 'Object Repository/Page_Moodle/a_Log in' is clicked on

2022-01-16 21:05:19 - [TEST_STEP][PASSED] - setText(findTestObject("Object Repository/Page_Moodle Log in to the site/input_Username_username"), "admin"): Text 'admin' is set on object 'Object Repository/Page_Moodle Log in to the site/input_Username_username'

2022-01-16 21:05:20 - [MESSAGE][PASSED] - Text 'admin' is set on object 'Object Repository/Page_Moodle Log in to the site/input_Username_username'

2022-01-16 21:05:20 - [TEST_STEP][PASSED] - setEncryptedText(findTestObject("Object Repository/Page_Moodle Log in to the site/input_Password_password"), "r6H/uPCyCbQX7sAf5E1f3g=="): Text ****** has been set on object 'Object Repository/Page_Moodle Log in to the site/input_Password_password'

2022-01-16 21:05:20 - [MESSAGE][PASSED] - Text ****** has been set on object 'Object Repository/Page_Moodle Log in to the site/input_Password_password'

2022-01-16 21:05:20 - [TEST_STEP][PASSED] - click(findTestObject("Object Repository/Page_Moodle Log in to the site/button_Log in")): Object: 'Object Repository/Page_Moodle Log in to the site/button_Log in' is clicked on

2022-01-16 21:05:22 - [MESSAGE][PASSED] - Object: 'Object Repository/Page_Moodle Log in to the site/button_Log in' is clicked on

2022-01-16 21:05:22 - [TEST_STEP][PASSED] - closeBrowser(): Browser is closed

2022-01-16 21:05:22 - [MESSAGE][PASSED] - Browser is closed]]></system-out>
         <system-err><![CDATA[]]></system-err>
      </testcase>
      <testcase name="Test Cases/test case 02" time="5.289" classname="Test Cases/test case 02" status="PASSED">
         <system-out><![CDATA[2022-01-16 21:05:22 - [TEST_CASE][PASSED] - Test Cases/test case 02: Test Cases/test case 02

2022-01-16 21:05:23 - [TEST_STEP][PASSED] - openBrowser(""): Browser is opened with url: ''

2022-01-16 21:05:23 - [MESSAGE][INFO] - Starting 'Chrome' driver

2022-01-16 21:05:23 - [MESSAGE][INFO] - Action delay is set to 0 milliseconds

2022-01-16 21:05:24 - [MESSAGE][PASSED] - Browser is opened with url: ''

2022-01-16 21:05:24 - [TEST_STEP][PASSED] - navigateToUrl("http://localhost/"): Navigate to 'http://localhost/' successfully

2022-01-16 21:05:25 - [MESSAGE][PASSED] - Navigate to 'http://localhost/' successfully

2022-01-16 21:05:25 - [TEST_STEP][PASSED] - click(findTestObject("Object Repository/Page_Moodle/a_Log in")): Object: 'Object Repository/Page_Moodle/a_Log in' is clicked on

2022-01-16 21:05:25 - [MESSAGE][PASSED] - Object: 'Object Repository/Page_Moodle/a_Log in' is clicked on

2022-01-16 21:05:25 - [TEST_STEP][PASSED] - setText(findTestObject("Object Repository/Page_Moodle Log in to the site/input_Username_username"), "qmkhoi19"): Text 'qmkhoi19' is set on object 'Object Repository/Page_Moodle Log in to the site/input_Username_username'

2022-01-16 21:05:26 - [MESSAGE][PASSED] - Text 'qmkhoi19' is set on object 'Object Repository/Page_Moodle Log in to the site/input_Username_username'

2022-01-16 21:05:26 - [TEST_STEP][PASSED] - setEncryptedText(findTestObject("Object Repository/Page_Moodle Log in to the site/input_Password_password"), "eiP2h/EMT1hJlGmKEGA7sg=="): Text ****** has been set on object 'Object Repository/Page_Moodle Log in to the site/input_Password_password'

2022-01-16 21:05:26 - [MESSAGE][PASSED] - Text ****** has been set on object 'Object Repository/Page_Moodle Log in to the site/input_Password_password'

2022-01-16 21:05:26 - [TEST_STEP][PASSED] - click(findTestObject("Object Repository/Page_Moodle Log in to the site/button_Log in")): Object: 'Object Repository/Page_Moodle Log in to the site/button_Log in' is clicked on

2022-01-16 21:05:27 - [MESSAGE][PASSED] - Object: 'Object Repository/Page_Moodle Log in to the site/button_Log in' is clicked on

2022-01-16 21:05:27 - [TEST_STEP][PASSED] - closeBrowser(): Browser is closed

2022-01-16 21:05:28 - [MESSAGE][PASSED] - Browser is closed]]></system-out>
         <system-err><![CDATA[]]></system-err>
      </testcase>
      <testcase name="Test Cases/test case 03" time="5.943" classname="Test Cases/test case 03" status="PASSED">
         <system-out><![CDATA[2022-01-16 21:05:28 - [TEST_CASE][PASSED] - Test Cases/test case 03: Test Cases/test case 03

2022-01-16 21:05:28 - [TEST_STEP][PASSED] - openBrowser(""): Browser is opened with url: ''

2022-01-16 21:05:28 - [MESSAGE][INFO] - Starting 'Chrome' driver

2022-01-16 21:05:28 - [MESSAGE][INFO] - Action delay is set to 0 milliseconds

2022-01-16 21:05:29 - [MESSAGE][PASSED] - Browser is opened with url: ''

2022-01-16 21:05:29 - [TEST_STEP][PASSED] - navigateToUrl("http://localhost/"): Navigate to 'http://localhost/' successfully

2022-01-16 21:05:30 - [MESSAGE][PASSED] - Navigate to 'http://localhost/' successfully

2022-01-16 21:05:30 - [TEST_STEP][PASSED] - click(findTestObject("Object Repository/Page_Moodle/a_Log in")): Object: 'Object Repository/Page_Moodle/a_Log in' is clicked on

2022-01-16 21:05:31 - [MESSAGE][PASSED] - Object: 'Object Repository/Page_Moodle/a_Log in' is clicked on

2022-01-16 21:05:31 - [TEST_STEP][PASSED] - setText(findTestObject("Object Repository/Page_Moodle Log in to the site/input_Username_username"), "tmtriet"): Text 'tmtriet' is set on object 'Object Repository/Page_Moodle Log in to the site/input_Username_username'

2022-01-16 21:05:32 - [MESSAGE][PASSED] - Text 'tmtriet' is set on object 'Object Repository/Page_Moodle Log in to the site/input_Username_username'

2022-01-16 21:05:32 - [TEST_STEP][PASSED] - setEncryptedText(findTestObject("Object Repository/Page_Moodle Log in to the site/input_Password_password"), "7zaGmpS+cDNyF13apsNnmA=="): Text ****** has been set on object 'Object Repository/Page_Moodle Log in to the site/input_Password_password'

2022-01-16 21:05:32 - [MESSAGE][PASSED] - Text ****** has been set on object 'Object Repository/Page_Moodle Log in to the site/input_Password_password'

2022-01-16 21:05:32 - [TEST_STEP][PASSED] - click(findTestObject("Object Repository/Page_Moodle Log in to the site/button_Log in")): Object: 'Object Repository/Page_Moodle Log in to the site/button_Log in' is clicked on

2022-01-16 21:05:33 - [MESSAGE][PASSED] - Object: 'Object Repository/Page_Moodle Log in to the site/button_Log in' is clicked on

2022-01-16 21:05:33 - [TEST_STEP][PASSED] - closeBrowser(): Browser is closed

2022-01-16 21:05:34 - [MESSAGE][PASSED] - Browser is closed]]></system-out>
         <system-err><![CDATA[]]></system-err>
      </testcase>
      <testcase name="Test Cases/test case 04" time="4.846" classname="Test Cases/test case 04" status="PASSED">
         <system-out><![CDATA[2022-01-16 21:05:34 - [TEST_CASE][PASSED] - Test Cases/test case 04: Test Cases/test case 04

2022-01-16 21:05:34 - [TEST_STEP][PASSED] - openBrowser(""): Browser is opened with url: ''

2022-01-16 21:05:34 - [MESSAGE][INFO] - Starting 'Chrome' driver

2022-01-16 21:05:34 - [MESSAGE][INFO] - Action delay is set to 0 milliseconds

2022-01-16 21:05:35 - [MESSAGE][PASSED] - Browser is opened with url: ''

2022-01-16 21:05:35 - [TEST_STEP][PASSED] - navigateToUrl("http://localhost/"): Navigate to 'http://localhost/' successfully

2022-01-16 21:05:36 - [MESSAGE][PASSED] - Navigate to 'http://localhost/' successfully

2022-01-16 21:05:36 - [TEST_STEP][PASSED] - click(findTestObject("Object Repository/Page_Moodle/a_Log in")): Object: 'Object Repository/Page_Moodle/a_Log in' is clicked on

2022-01-16 21:05:37 - [MESSAGE][PASSED] - Object: 'Object Repository/Page_Moodle/a_Log in' is clicked on

2022-01-16 21:05:37 - [TEST_STEP][PASSED] - click(findTestObject("Object Repository/Page_Moodle Log in to the site/button_Log in")): Object: 'Object Repository/Page_Moodle Log in to the site/button_Log in' is clicked on

2022-01-16 21:05:38 - [MESSAGE][PASSED] - Object: 'Object Repository/Page_Moodle Log in to the site/button_Log in' is clicked on

2022-01-16 21:05:38 - [TEST_STEP][PASSED] - closeBrowser(): Browser is closed

2022-01-16 21:05:38 - [MESSAGE][PASSED] - Browser is closed]]></system-out>
         <system-err><![CDATA[]]></system-err>
      </testcase>
      <testcase name="Test Cases/test case 05" time="5.206" classname="Test Cases/test case 05" status="PASSED">
         <system-out><![CDATA[2022-01-16 21:05:38 - [TEST_CASE][PASSED] - Test Cases/test case 05: Test Cases/test case 05

2022-01-16 21:05:39 - [TEST_STEP][PASSED] - openBrowser(""): Browser is opened with url: ''

2022-01-16 21:05:39 - [MESSAGE][INFO] - Starting 'Chrome' driver

2022-01-16 21:05:39 - [MESSAGE][INFO] - Action delay is set to 0 milliseconds

2022-01-16 21:05:40 - [MESSAGE][PASSED] - Browser is opened with url: ''

2022-01-16 21:05:40 - [TEST_STEP][PASSED] - navigateToUrl("http://localhost/"): Navigate to 'http://localhost/' successfully

2022-01-16 21:05:41 - [MESSAGE][PASSED] - Navigate to 'http://localhost/' successfully

2022-01-16 21:05:41 - [TEST_STEP][PASSED] - click(findTestObject("Object Repository/Page_Moodle/a_Log in")): Object: 'Object Repository/Page_Moodle/a_Log in' is clicked on

2022-01-16 21:05:42 - [MESSAGE][PASSED] - Object: 'Object Repository/Page_Moodle/a_Log in' is clicked on

2022-01-16 21:05:42 - [TEST_STEP][PASSED] - click(findTestObject("Object Repository/Page_Moodle Log in to the site/button_Log in as a guest")): Object: 'Object Repository/Page_Moodle Log in to the site/button_Log in as a guest' is clicked on

2022-01-16 21:05:43 - [MESSAGE][PASSED] - Object: 'Object Repository/Page_Moodle Log in to the site/button_Log in as a guest' is clicked on

2022-01-16 21:05:43 - [TEST_STEP][PASSED] - closeBrowser(): Browser is closed

2022-01-16 21:05:44 - [MESSAGE][PASSED] - Browser is closed]]></system-out>
         <system-err><![CDATA[]]></system-err>
      </testcase>
      <testcase name="Test Cases/test case 06" time="359.939" classname="Test Cases/test case 06" status="PASSED">
         <system-out><![CDATA[2022-01-16 21:05:44 - [TEST_CASE][PASSED] - Test Cases/test case 06: Test Cases/test case 06

2022-01-16 21:05:44 - [TEST_STEP][PASSED] - openBrowser(""): Browser is opened with url: ''

2022-01-16 21:05:44 - [MESSAGE][INFO] - Starting 'Chrome' driver

2022-01-16 21:05:44 - [MESSAGE][INFO] - Action delay is set to 0 milliseconds

2022-01-16 21:05:45 - [MESSAGE][PASSED] - Browser is opened with url: ''

2022-01-16 21:05:45 - [TEST_STEP][PASSED] - navigateToUrl("http://localhost/"): Navigate to 'http://localhost/' successfully

2022-01-16 21:05:46 - [MESSAGE][PASSED] - Navigate to 'http://localhost/' successfully

2022-01-16 21:05:46 - [TEST_STEP][PASSED] - click(findTestObject("Object Repository/Page_Moodle/a_Log in")): Object: 'Object Repository/Page_Moodle/a_Log in' is clicked on

2022-01-16 21:05:47 - [MESSAGE][PASSED] - Object: 'Object Repository/Page_Moodle/a_Log in' is clicked on

2022-01-16 21:05:47 - [TEST_STEP][PASSED] - setText(findTestObject("Object Repository/Page_Moodle Log in to the site/input_Username_username"), "admin"): Text 'admin' is set on object 'Object Repository/Page_Moodle Log in to the site/input_Username_username'

2022-01-16 21:05:48 - [MESSAGE][PASSED] - Text 'admin' is set on object 'Object Repository/Page_Moodle Log in to the site/input_Username_username'

2022-01-16 21:05:48 - [TEST_STEP][PASSED] - setEncryptedText(findTestObject("Object Repository/Page_Moodle Log in to the site/input_Password_password"), "r6H/uPCyCbQX7sAf5E1f3g=="): Text ****** has been set on object 'Object Repository/Page_Moodle Log in to the site/input_Password_password'

2022-01-16 21:05:48 - [MESSAGE][PASSED] - Text ****** has been set on object 'Object Repository/Page_Moodle Log in to the site/input_Password_password'

2022-01-16 21:05:48 - [TEST_STEP][PASSED] - click(findTestObject("Object Repository/Page_Moodle Log in to the site/button_Log in")): Object: 'Object Repository/Page_Moodle Log in to the site/button_Log in' is clicked on

2022-01-16 21:05:49 - [MESSAGE][PASSED] - Object: 'Object Repository/Page_Moodle Log in to the site/button_Log in' is clicked on

2022-01-16 21:05:49 - [TEST_STEP][PASSED] - click(findTestObject("Object Repository/Page_Dashboard/span_Site administration")): Object: 'Object Repository/Page_Dashboard/span_Site administration' is clicked on

2022-01-16 21:05:51 - [MESSAGE][PASSED] - Object: 'Object Repository/Page_Dashboard/span_Site administration' is clicked on

2022-01-16 21:05:51 - [TEST_STEP][PASSED] - click(findTestObject("Object Repository/Page_Mood Administration Search/a_Users")): Object: 'Object Repository/Page_Mood Administration Search/a_Users' is clicked on

2022-01-16 21:05:52 - [MESSAGE][PASSED] - Object: 'Object Repository/Page_Mood Administration Search/a_Users' is clicked on

2022-01-16 21:05:52 - [TEST_STEP][PASSED] - click(findTestObject("Object Repository/Page_Mood Administration Search/a_Add a new user")): Object: 'Object Repository/Page_Mood Administration Search/a_Add a new user' is clicked on

2022-01-16 21:05:57 - [MESSAGE][PASSED] - Object: 'Object Repository/Page_Mood Administration Search/a_Add a new user' is clicked on

2022-01-16 21:05:57 - [TEST_STEP][PASSED] - waitForElementVisible(findTestObject("Object Repository/Page_Mood Administration Users Accounts Add_0e8dec/label_Username"), 0): Object 'Object Repository/Page_Mood Administration Users Accounts Add_0e8dec/label_Username' is visible

2022-01-16 21:05:57 - [MESSAGE][WARNING] - Timeout '0' is invalid. Using default page load timeout: '30'

2022-01-16 21:05:58 - [MESSAGE][PASSED] - Object 'Object Repository/Page_Mood Administration Users Accounts Add_0e8dec/label_Username' is visible

2022-01-16 21:05:58 - [TEST_STEP][PASSED] - setText(findTestObject("Object Repository/Page_Mood Administration Users Accounts Add_0e8dec/input_Username_username"), "dddinh"): Text 'dddinh' is set on object 'Object Repository/Page_Mood Administration Users Accounts Add_0e8dec/input_Username_username'

2022-01-16 21:05:59 - [MESSAGE][PASSED] - Text 'dddinh' is set on object 'Object Repository/Page_Mood Administration Users Accounts Add_0e8dec/input_Username_username'

2022-01-16 21:05:59 - [TEST_STEP][PASSED] - waitForElementVisible(findTestObject("Object Repository/Page_Mood Administration Users Accounts Add_0e8dec/label_New password"), 0): Object 'Object Repository/Page_Mood Administration Users Accounts Add_0e8dec/label_New password' is visible

2022-01-16 21:05:59 - [MESSAGE][WARNING] - Timeout '0' is invalid. Using default page load timeout: '30'

2022-01-16 21:05:59 - [MESSAGE][PASSED] - Object 'Object Repository/Page_Mood Administration Users Accounts Add_0e8dec/label_New password' is visible

2022-01-16 21:05:59 - [TEST_STEP][PASSED] - click(findTestObject("Object Repository/Page_Mood Administration Users Accounts Add_0e8dec/em_Click to enter text")): Object: 'Object Repository/Page_Mood Administration Users Accounts Add_0e8dec/em_Click to enter text' is clicked on

2022-01-16 21:06:30 - [MESSAGE][INFO] - Unable to find the element located by 'By.xpath: //a[@id='yui_3_17_2_1_1642242441890_767']/span/span/em'. Please recheck the objects properties to make sure the desired element is located. 

2022-01-16 21:06:30 - [MESSAGE][WARNING] - [SELF-HEALING] Failed to find element with id 'Object Repository/Page_Mood Administration Users Accounts Add_0e8dec/em_Click to enter text'. Try using Self-healing.

2022-01-16 21:06:30 - [MESSAGE][WARNING] - [SELF-HEALING] The current locator of test object 'Object Repository/Page_Mood Administration Users Accounts Add_0e8dec/em_Click to enter text' was broken. Propose an alternative one: '(.//*[normalize-space(text()) and normalize-space(.)='New password'])[1]/following::em[1]'.

2022-01-16 21:06:31 - [MESSAGE][PASSED] - Object: 'Object Repository/Page_Mood Administration Users Accounts Add_0e8dec/em_Click to enter text' is clicked on

2022-01-16 21:06:31 - [TEST_STEP][PASSED] - setEncryptedText(findTestObject("Object Repository/Page_Mood Administration Users Accounts Add_0e8dec/input_New password_newpassword"), "o9w1gihRZMDFxbRmKPFkOQ=="): Text ****** has been set on object 'Object Repository/Page_Mood Administration Users Accounts Add_0e8dec/input_New password_newpassword'

2022-01-16 21:06:31 - [MESSAGE][PASSED] - Text ****** has been set on object 'Object Repository/Page_Mood Administration Users Accounts Add_0e8dec/input_New password_newpassword'

2022-01-16 21:06:31 - [TEST_STEP][PASSED] - setText(findTestObject("Object Repository/Page_Mood Administration Users Accounts Add_0e8dec/input_First name_firstname"), "Dinh Dang"): Text 'Dinh Dang' is set on object 'Object Repository/Page_Mood Administration Users Accounts Add_0e8dec/input_First name_firstname'

2022-01-16 21:06:32 - [MESSAGE][PASSED] - Text 'Dinh Dang' is set on object 'Object Repository/Page_Mood Administration Users Accounts Add_0e8dec/input_First name_firstname'

2022-01-16 21:06:32 - [TEST_STEP][PASSED] - setText(findTestObject("Object Repository/Page_Mood Administration Users Accounts Add_0e8dec/input_Surname_lastname"), "Dinh"): Text 'Dinh' is set on object 'Object Repository/Page_Mood Administration Users Accounts Add_0e8dec/input_Surname_lastname'

2022-01-16 21:06:33 - [MESSAGE][PASSED] - Text 'Dinh' is set on object 'Object Repository/Page_Mood Administration Users Accounts Add_0e8dec/input_Surname_lastname'

2022-01-16 21:06:33 - [TEST_STEP][PASSED] - setText(findTestObject("Object Repository/Page_Mood Administration Users Accounts Add_0e8dec/input_Email address_email"), "dddinh19@gmail.com"): Text 'dddinh19@gmail.com' is set on object 'Object Repository/Page_Mood Administration Users Accounts Add_0e8dec/input_Email address_email'

2022-01-16 21:06:34 - [MESSAGE][PASSED] - Text 'dddinh19@gmail.com' is set on object 'Object Repository/Page_Mood Administration Users Accounts Add_0e8dec/input_Email address_email'

2022-01-16 21:06:34 - [TEST_STEP][PASSED] - waitForElementVisible(findTestObject("Object Repository/Page_Mood Administration Users Accounts Add_0e8dec/input_Address_submitbutton"), 0): Object 'Object Repository/Page_Mood Administration Users Accounts Add_0e8dec/input_Address_submitbutton' is visible

2022-01-16 21:06:34 - [MESSAGE][WARNING] - Timeout '0' is invalid. Using default page load timeout: '30'

2022-01-16 21:06:34 - [MESSAGE][PASSED] - Object 'Object Repository/Page_Mood Administration Users Accounts Add_0e8dec/input_Address_submitbutton' is visible

2022-01-16 21:06:34 - [TEST_STEP][PASSED] - click(findTestObject("Object Repository/Page_Mood Administration Users Accounts Add_0e8dec/input_Address_submitbutton")): Object: 'Object Repository/Page_Mood Administration Users Accounts Add_0e8dec/input_Address_submitbutton' is clicked on

2022-01-16 21:06:36 - [MESSAGE][PASSED] - Object: 'Object Repository/Page_Mood Administration Users Accounts Add_0e8dec/input_Address_submitbutton' is clicked on

2022-01-16 21:06:36 - [TEST_STEP][PASSED] - waitForElementVisible(findTestObject("Object Repository/Page_Mood Administration Users Accounts Bro_af2de9/td_dddinh19gmail.com"), 0): Object 'Object Repository/Page_Mood Administration Users Accounts Bro_af2de9/td_dddinh19gmail.com' is visible

2022-01-16 21:06:36 - [MESSAGE][WARNING] - Timeout '0' is invalid. Using default page load timeout: '30'

2022-01-16 21:06:36 - [MESSAGE][PASSED] - Object 'Object Repository/Page_Mood Administration Users Accounts Bro_af2de9/td_dddinh19gmail.com' is visible

2022-01-16 21:06:36 - [TEST_STEP][PASSED] - click(findTestObject("Object Repository/Page_Mood Administration Users Accounts Bro_af2de9/a_Dinh Dang Dinh")): Object: 'Object Repository/Page_Mood Administration Users Accounts Bro_af2de9/a_Dinh Dang Dinh' is clicked on

2022-01-16 21:07:07 - [MESSAGE][INFO] - Unable to find the element located by 'By.xpath: //a[@id='yui_3_17_2_1_1642174179288_555']'. Please recheck the objects properties to make sure the desired element is located. 

2022-01-16 21:07:07 - [MESSAGE][WARNING] - [SELF-HEALING] Failed to find element with id 'Object Repository/Page_Mood Administration Users Accounts Bro_af2de9/a_Dinh Dang Dinh'. Try using Self-healing.

2022-01-16 21:07:08 - [MESSAGE][WARNING] - [SELF-HEALING] The current locator of test object 'Object Repository/Page_Mood Administration Users Accounts Bro_af2de9/a_Dinh Dang Dinh' was broken. Propose an alternative one: '//a[contains(text(),'Dinh Dang Dinh')]'.

2022-01-16 21:07:08 - [MESSAGE][PASSED] - Object: 'Object Repository/Page_Mood Administration Users Accounts Bro_af2de9/a_Dinh Dang Dinh' is clicked on

2022-01-16 21:07:08 - [TEST_STEP][PASSED] - click(findTestObject("Object Repository/Page_Dinh Dang Dinh Public profile/a_Users")): Object: 'Object Repository/Page_Dinh Dang Dinh Public profile/a_Users' is clicked on

2022-01-16 21:07:09 - [MESSAGE][PASSED] - Object: 'Object Repository/Page_Dinh Dang Dinh Public profile/a_Users' is clicked on

2022-01-16 21:07:09 - [TEST_STEP][PASSED] - waitForElementVisible(findTestObject("Object Repository/Page_Mood Participants/td_No groups"), 0): Object 'Object Repository/Page_Mood Participants/td_No groups' is visible

2022-01-16 21:07:09 - [MESSAGE][WARNING] - Timeout '0' is invalid. Using default page load timeout: '30'

2022-01-16 21:07:10 - [MESSAGE][PASSED] - Object 'Object Repository/Page_Mood Participants/td_No groups' is visible

2022-01-16 21:07:10 - [TEST_STEP][PASSED] - click(findTestObject("Object Repository/Page_Mood Participants/a_No roles")): Object: 'Object Repository/Page_Mood Participants/a_No roles' is clicked on

2022-01-16 21:07:10 - [MESSAGE][PASSED] - Object: 'Object Repository/Page_Mood Participants/a_No roles' is clicked on

2022-01-16 21:07:10 - [TEST_STEP][PASSED] - click(findTestObject("Object Repository/Page_Mood Participants/span_")): Object: 'Object Repository/Page_Mood Participants/span_' is clicked on

2022-01-16 21:07:41 - [MESSAGE][INFO] - Unable to find the element located by 'By.xpath: //span[@id='form_autocomplete_downarrow-1642174222631']'. Please recheck the objects properties to make sure the desired element is located. 

2022-01-16 21:07:41 - [MESSAGE][WARNING] - [SELF-HEALING] Failed to find element with id 'Object Repository/Page_Mood Participants/span_'. Try using Self-healing.

2022-01-16 21:07:42 - [MESSAGE][WARNING] - [SELF-HEALING] The current locator of test object 'Object Repository/Page_Mood Participants/span_' was broken. Propose an alternative one: '(.//*[normalize-space(text()) and normalize-space(.)='Selected items:'])[1]/following::span[2]'.

2022-01-16 21:07:42 - [MESSAGE][PASSED] - Object: 'Object Repository/Page_Mood Participants/span_' is clicked on

2022-01-16 21:07:42 - [TEST_STEP][PASSED] - click(findTestObject("Object Repository/Page_Mood Participants/li_Student")): Object: 'Object Repository/Page_Mood Participants/li_Student' is clicked on

2022-01-16 21:07:42 - [MESSAGE][PASSED] - Object: 'Object Repository/Page_Mood Participants/li_Student' is clicked on

2022-01-16 21:07:42 - [TEST_STEP][PASSED] - selectOptionByValue(findTestObject("Object Repository/Page_Mood Participants/select_ManagerTeacherNon-editing teacherStudent"), "5", true): All options with value '5' are selected in object 'Object Repository/Page_Mood Participants/select_ManagerTeacherNon-editing teacherStudent'  using regular expression

2022-01-16 21:08:13 - [MESSAGE][INFO] - Unable to find the element located by 'By.xpath: //select[@id='id_inplacevalue_74133699509967380152']'. Please recheck the objects properties to make sure the desired element is located. 

2022-01-16 21:08:13 - [MESSAGE][WARNING] - [SELF-HEALING] Failed to find element with id 'Object Repository/Page_Mood Participants/select_ManagerTeacherNon-editing teacherStudent'. Try using Self-healing.

2022-01-16 21:08:14 - [MESSAGE][WARNING] - [SELF-HEALING] The current locator of test object 'Object Repository/Page_Mood Participants/select_ManagerTeacherNon-editing teacherStudent' was broken. Propose an alternative one: '(.//*[normalize-space(text()) and normalize-space(.)=concat('Dinh Dang Dinh', "'", 's role assignments')])[1]/following::select[1]'.

2022-01-16 21:08:14 - [MESSAGE][PASSED] - All options with value '5' are selected in object 'Object Repository/Page_Mood Participants/select_ManagerTeacherNon-editing teacherStudent'  using regular expression

2022-01-16 21:08:14 - [TEST_STEP][PASSED] - selectOptionByValue(findTestObject("Object Repository/Page_Mood Participants/select_ManagerTeacherNon-editing teacherStudent"), "5", true): All options with value '5' are selected in object 'Object Repository/Page_Mood Participants/select_ManagerTeacherNon-editing teacherStudent'  using regular expression

2022-01-16 21:08:45 - [MESSAGE][INFO] - Unable to find the element located by 'By.xpath: //select[@id='id_inplacevalue_74133699509967380152']'. Please recheck the objects properties to make sure the desired element is located. 

2022-01-16 21:08:45 - [MESSAGE][WARNING] - [SELF-HEALING] Failed to find element with id 'Object Repository/Page_Mood Participants/select_ManagerTeacherNon-editing teacherStudent'. Try using Self-healing.

2022-01-16 21:08:46 - [MESSAGE][WARNING] - [SELF-HEALING] The current locator of test object 'Object Repository/Page_Mood Participants/select_ManagerTeacherNon-editing teacherStudent' was broken. Propose an alternative one: '(.//*[normalize-space(text()) and normalize-space(.)=concat('Dinh Dang Dinh', "'", 's role assignments')])[1]/following::select[1]'.

2022-01-16 21:08:46 - [MESSAGE][PASSED] - All options with value '5' are selected in object 'Object Repository/Page_Mood Participants/select_ManagerTeacherNon-editing teacherStudent'  using regular expression

2022-01-16 21:08:46 - [TEST_STEP][PASSED] - selectOptionByValue(findTestObject("Object Repository/Page_Mood Participants/select_ManagerTeacherNon-editing teacherStudent"), "5", true): All options with value '5' are selected in object 'Object Repository/Page_Mood Participants/select_ManagerTeacherNon-editing teacherStudent'  using regular expression

2022-01-16 21:09:17 - [MESSAGE][INFO] - Unable to find the element located by 'By.xpath: //select[@id='id_inplacevalue_74133699509967380152']'. Please recheck the objects properties to make sure the desired element is located. 

2022-01-16 21:09:17 - [MESSAGE][WARNING] - [SELF-HEALING] Failed to find element with id 'Object Repository/Page_Mood Participants/select_ManagerTeacherNon-editing teacherStudent'. Try using Self-healing.

2022-01-16 21:09:18 - [MESSAGE][WARNING] - [SELF-HEALING] The current locator of test object 'Object Repository/Page_Mood Participants/select_ManagerTeacherNon-editing teacherStudent' was broken. Propose an alternative one: '(.//*[normalize-space(text()) and normalize-space(.)=concat('Dinh Dang Dinh', "'", 's role assignments')])[1]/following::select[1]'.

2022-01-16 21:09:18 - [MESSAGE][PASSED] - All options with value '5' are selected in object 'Object Repository/Page_Mood Participants/select_ManagerTeacherNon-editing teacherStudent'  using regular expression

2022-01-16 21:09:18 - [TEST_STEP][PASSED] - selectOptionByValue(findTestObject("Object Repository/Page_Mood Participants/select_ManagerTeacherNon-editing teacherStudent"), "5", true): All options with value '5' are selected in object 'Object Repository/Page_Mood Participants/select_ManagerTeacherNon-editing teacherStudent'  using regular expression

2022-01-16 21:09:49 - [MESSAGE][INFO] - Unable to find the element located by 'By.xpath: //select[@id='id_inplacevalue_74133699509967380152']'. Please recheck the objects properties to make sure the desired element is located. 

2022-01-16 21:09:49 - [MESSAGE][WARNING] - [SELF-HEALING] Failed to find element with id 'Object Repository/Page_Mood Participants/select_ManagerTeacherNon-editing teacherStudent'. Try using Self-healing.

2022-01-16 21:09:49 - [MESSAGE][WARNING] - [SELF-HEALING] The current locator of test object 'Object Repository/Page_Mood Participants/select_ManagerTeacherNon-editing teacherStudent' was broken. Propose an alternative one: '(.//*[normalize-space(text()) and normalize-space(.)=concat('Dinh Dang Dinh', "'", 's role assignments')])[1]/following::select[1]'.

2022-01-16 21:09:50 - [MESSAGE][PASSED] - All options with value '5' are selected in object 'Object Repository/Page_Mood Participants/select_ManagerTeacherNon-editing teacherStudent'  using regular expression

2022-01-16 21:09:50 - [TEST_STEP][PASSED] - click(findTestObject("Object Repository/Page_Mood Participants/i_concat(Dinh Dang Dinh, , s role assignmen_ff9324")): Object: 'Object Repository/Page_Mood Participants/i_concat(Dinh Dang Dinh, , s role assignmen_ff9324' is clicked on

2022-01-16 21:10:21 - [MESSAGE][INFO] - Unable to find the element located by 'By.xpath: //span[@id='yui_3_17_2_1_1642174222490_21']/a/i'. Please recheck the objects properties to make sure the desired element is located. 

2022-01-16 21:10:21 - [MESSAGE][WARNING] - [SELF-HEALING] Failed to find element with id 'Object Repository/Page_Mood Participants/i_concat(Dinh Dang Dinh, , s role assignmen_ff9324'. Try using Self-healing.

2022-01-16 21:10:21 - [MESSAGE][WARNING] - [SELF-HEALING] The current locator of test object 'Object Repository/Page_Mood Participants/i_concat(Dinh Dang Dinh, , s role assignmen_ff9324' was broken. Propose an alternative one: '//span/a/i'.

2022-01-16 21:10:22 - [MESSAGE][PASSED] - Object: 'Object Repository/Page_Mood Participants/i_concat(Dinh Dang Dinh, , s role assignmen_ff9324' is clicked on

2022-01-16 21:10:22 - [TEST_STEP][PASSED] - click(findTestObject("Object Repository/Page_Mood Participants/a_Admin User")): Object: 'Object Repository/Page_Mood Participants/a_Admin User' is clicked on

2022-01-16 21:10:22 - [MESSAGE][PASSED] - Object: 'Object Repository/Page_Mood Participants/a_Admin User' is clicked on

2022-01-16 21:10:22 - [TEST_STEP][PASSED] - click(findTestObject("Object Repository/Page_Mood Participants/span_Log out")): Object: 'Object Repository/Page_Mood Participants/span_Log out' is clicked on

2022-01-16 21:10:23 - [MESSAGE][PASSED] - Object: 'Object Repository/Page_Mood Participants/span_Log out' is clicked on

2022-01-16 21:10:23 - [TEST_STEP][PASSED] - click(findTestObject("Object Repository/Page_Moodle/a_Log in")): Object: 'Object Repository/Page_Moodle/a_Log in' is clicked on

2022-01-16 21:10:24 - [MESSAGE][PASSED] - Object: 'Object Repository/Page_Moodle/a_Log in' is clicked on

2022-01-16 21:10:24 - [TEST_STEP][PASSED] - setText(findTestObject("Object Repository/Page_Moodle Log in to the site/input_Username_username"), "dddinh"): Text 'dddinh' is set on object 'Object Repository/Page_Moodle Log in to the site/input_Username_username'

2022-01-16 21:10:25 - [MESSAGE][PASSED] - Text 'dddinh' is set on object 'Object Repository/Page_Moodle Log in to the site/input_Username_username'

2022-01-16 21:10:25 - [TEST_STEP][PASSED] - setEncryptedText(findTestObject("Object Repository/Page_Moodle Log in to the site/input_Password_password"), "o9w1gihRZMDFxbRmKPFkOQ=="): Text ****** has been set on object 'Object Repository/Page_Moodle Log in to the site/input_Password_password'

2022-01-16 21:10:25 - [MESSAGE][PASSED] - Text ****** has been set on object 'Object Repository/Page_Moodle Log in to the site/input_Password_password'

2022-01-16 21:10:25 - [TEST_STEP][PASSED] - click(findTestObject("Object Repository/Page_Moodle Log in to the site/button_Log in")): Object: 'Object Repository/Page_Moodle Log in to the site/button_Log in' is clicked on

2022-01-16 21:10:26 - [MESSAGE][PASSED] - Object: 'Object Repository/Page_Moodle Log in to the site/button_Log in' is clicked on

2022-01-16 21:10:26 - [TEST_STEP][PASSED] - click(findTestObject("Object Repository/Page_Dashboard/a_Dinh Dang Dinh")): Object: 'Object Repository/Page_Dashboard/a_Dinh Dang Dinh' is clicked on

2022-01-16 21:10:27 - [MESSAGE][PASSED] - Object: 'Object Repository/Page_Dashboard/a_Dinh Dang Dinh' is clicked on

2022-01-16 21:10:27 - [TEST_STEP][PASSED] - click(findTestObject("Object Repository/Page_Dashboard/span_Log out")): Object: 'Object Repository/Page_Dashboard/span_Log out' is clicked on

2022-01-16 21:10:28 - [MESSAGE][PASSED] - Object: 'Object Repository/Page_Dashboard/span_Log out' is clicked on

2022-01-16 21:10:28 - [TEST_STEP][PASSED] - click(findTestObject("Object Repository/Page_Moodle/a_Log in")): Object: 'Object Repository/Page_Moodle/a_Log in' is clicked on

2022-01-16 21:10:29 - [MESSAGE][PASSED] - Object: 'Object Repository/Page_Moodle/a_Log in' is clicked on

2022-01-16 21:10:29 - [TEST_STEP][PASSED] - setText(findTestObject("Object Repository/Page_Moodle Log in to the site/input_Username_username"), "admin"): Text 'admin' is set on object 'Object Repository/Page_Moodle Log in to the site/input_Username_username'

2022-01-16 21:10:30 - [MESSAGE][PASSED] - Text 'admin' is set on object 'Object Repository/Page_Moodle Log in to the site/input_Username_username'

2022-01-16 21:10:30 - [TEST_STEP][PASSED] - setEncryptedText(findTestObject("Object Repository/Page_Moodle Log in to the site/input_Password_password"), "r6H/uPCyCbQX7sAf5E1f3g=="): Text ****** has been set on object 'Object Repository/Page_Moodle Log in to the site/input_Password_password'

2022-01-16 21:10:30 - [MESSAGE][PASSED] - Text ****** has been set on object 'Object Repository/Page_Moodle Log in to the site/input_Password_password'

2022-01-16 21:10:30 - [TEST_STEP][PASSED] - click(findTestObject("Object Repository/Page_Moodle Log in to the site/button_Log in")): Object: 'Object Repository/Page_Moodle Log in to the site/button_Log in' is clicked on

2022-01-16 21:10:31 - [MESSAGE][PASSED] - Object: 'Object Repository/Page_Moodle Log in to the site/button_Log in' is clicked on

2022-01-16 21:10:31 - [TEST_STEP][PASSED] - click(findTestObject("Object Repository/Page_Dashboard/span_Site administration")): Object: 'Object Repository/Page_Dashboard/span_Site administration' is clicked on

2022-01-16 21:10:33 - [MESSAGE][PASSED] - Object: 'Object Repository/Page_Dashboard/span_Site administration' is clicked on

2022-01-16 21:10:33 - [TEST_STEP][PASSED] - click(findTestObject("Object Repository/Page_Mood Administration Search/a_Users")): Object: 'Object Repository/Page_Mood Administration Search/a_Users' is clicked on

2022-01-16 21:10:34 - [MESSAGE][PASSED] - Object: 'Object Repository/Page_Mood Administration Search/a_Users' is clicked on

2022-01-16 21:10:34 - [TEST_STEP][PASSED] - click(findTestObject("Object Repository/Page_Mood Administration Search/a_Browse list of users")): Object: 'Object Repository/Page_Mood Administration Search/a_Browse list of users' is clicked on

2022-01-16 21:10:35 - [MESSAGE][PASSED] - Object: 'Object Repository/Page_Mood Administration Search/a_Browse list of users' is clicked on

2022-01-16 21:10:35 - [TEST_STEP][PASSED] - waitForElementVisible(findTestObject("Object Repository/Page_Mood Administration Users Accounts Bro_af2de9/td_dddinh19gmail.com"), 0): Object 'Object Repository/Page_Mood Administration Users Accounts Bro_af2de9/td_dddinh19gmail.com' is visible

2022-01-16 21:10:35 - [MESSAGE][WARNING] - Timeout '0' is invalid. Using default page load timeout: '30'

2022-01-16 21:10:36 - [MESSAGE][PASSED] - Object 'Object Repository/Page_Mood Administration Users Accounts Bro_af2de9/td_dddinh19gmail.com' is visible

2022-01-16 21:10:36 - [TEST_STEP][PASSED] - click(findTestObject("Object Repository/Page_Mood Administration Users Accounts Bro_af2de9/i_dddinh19gmail.com_icon fa fa-trash fa-fw")): Object: 'Object Repository/Page_Mood Administration Users Accounts Bro_af2de9/i_dddinh19gmail.com_icon fa fa-trash fa-fw' is clicked on

2022-01-16 21:11:07 - [MESSAGE][INFO] - Unable to find the element located by 'By.xpath: //a[@id='yui_3_17_2_1_1642174322054_556']/i'. Please recheck the objects properties to make sure the desired element is located. 

2022-01-16 21:11:07 - [MESSAGE][WARNING] - [SELF-HEALING] Failed to find element with id 'Object Repository/Page_Mood Administration Users Accounts Bro_af2de9/i_dddinh19gmail.com_icon fa fa-trash fa-fw'. Try using Self-healing.

2022-01-16 21:11:07 - [MESSAGE][WARNING] - [SELF-HEALING] The current locator of test object 'Object Repository/Page_Mood Administration Users Accounts Bro_af2de9/i_dddinh19gmail.com_icon fa fa-trash fa-fw' was broken. Propose an alternative one: '//tr[2]/td[6]/a/i'.

2022-01-16 21:11:07 - [MESSAGE][PASSED] - Object: 'Object Repository/Page_Mood Administration Users Accounts Bro_af2de9/i_dddinh19gmail.com_icon fa fa-trash fa-fw' is clicked on

2022-01-16 21:11:07 - [TEST_STEP][PASSED] - click(findTestObject("Object Repository/Page_Mood Administration Users Accounts Bro_af2de9/button_Delete")): Object: 'Object Repository/Page_Mood Administration Users Accounts Bro_af2de9/button_Delete' is clicked on

2022-01-16 21:11:40 - [MESSAGE][INFO] - Unable to find the element located by 'By.xpath: //button[@id='single_button61e1977d503fb15']'. Please recheck the objects properties to make sure the desired element is located. 

2022-01-16 21:11:40 - [MESSAGE][WARNING] - [SELF-HEALING] Failed to find element with id 'Object Repository/Page_Mood Administration Users Accounts Bro_af2de9/button_Delete'. Try using Self-healing.

2022-01-16 21:11:42 - [MESSAGE][WARNING] - [SELF-HEALING] The current locator of test object 'Object Repository/Page_Mood Administration Users Accounts Bro_af2de9/button_Delete' was broken. Propose an alternative one: '//div[@id='modal-footer']/div/div/form/button'.

2022-01-16 21:11:43 - [MESSAGE][PASSED] - Object: 'Object Repository/Page_Mood Administration Users Accounts Bro_af2de9/button_Delete' is clicked on

2022-01-16 21:11:43 - [TEST_STEP][PASSED] - closeBrowser(): Browser is closed

2022-01-16 21:11:44 - [MESSAGE][PASSED] - Browser is closed]]></system-out>
         <system-err><![CDATA[]]></system-err>
      </testcase>
      <testcase name="Test Cases/test case 07" time="82.042" classname="Test Cases/test case 07" status="PASSED">
         <system-out><![CDATA[2022-01-16 21:11:44 - [TEST_CASE][PASSED] - Test Cases/test case 07: Test Cases/test case 07

2022-01-16 21:11:44 - [TEST_STEP][PASSED] - openBrowser(""): Browser is opened with url: ''

2022-01-16 21:11:44 - [MESSAGE][INFO] - Starting 'Chrome' driver

2022-01-16 21:11:44 - [MESSAGE][INFO] - Action delay is set to 0 milliseconds

2022-01-16 21:11:45 - [MESSAGE][PASSED] - Browser is opened with url: ''

2022-01-16 21:11:45 - [TEST_STEP][PASSED] - navigateToUrl("http://localhost/"): Navigate to 'http://localhost/' successfully

2022-01-16 21:11:46 - [MESSAGE][PASSED] - Navigate to 'http://localhost/' successfully

2022-01-16 21:11:46 - [TEST_STEP][PASSED] - click(findTestObject("Object Repository/Page_Moodle/a_Log in")): Object: 'Object Repository/Page_Moodle/a_Log in' is clicked on

2022-01-16 21:11:47 - [MESSAGE][PASSED] - Object: 'Object Repository/Page_Moodle/a_Log in' is clicked on

2022-01-16 21:11:47 - [TEST_STEP][PASSED] - setText(findTestObject("Object Repository/Page_Moodle Log in to the site/input_Username_username"), "admin"): Text 'admin' is set on object 'Object Repository/Page_Moodle Log in to the site/input_Username_username'

2022-01-16 21:11:48 - [MESSAGE][PASSED] - Text 'admin' is set on object 'Object Repository/Page_Moodle Log in to the site/input_Username_username'

2022-01-16 21:11:48 - [TEST_STEP][PASSED] - setEncryptedText(findTestObject("Object Repository/Page_Moodle Log in to the site/input_Password_password"), "r6H/uPCyCbQX7sAf5E1f3g=="): Text ****** has been set on object 'Object Repository/Page_Moodle Log in to the site/input_Password_password'

2022-01-16 21:11:48 - [MESSAGE][PASSED] - Text ****** has been set on object 'Object Repository/Page_Moodle Log in to the site/input_Password_password'

2022-01-16 21:11:48 - [TEST_STEP][PASSED] - click(findTestObject("Object Repository/Page_Moodle Log in to the site/button_Log in")): Object: 'Object Repository/Page_Moodle Log in to the site/button_Log in' is clicked on

2022-01-16 21:11:49 - [MESSAGE][PASSED] - Object: 'Object Repository/Page_Moodle Log in to the site/button_Log in' is clicked on

2022-01-16 21:11:49 - [TEST_STEP][PASSED] - verifyElementText(findTestObject("Object Repository/Page_Dashboard/span_Site administration"), "Site administration"): Actual text and expected text of test object 'Object Repository/Page_Dashboard/span_Site administration' are matched.

2022-01-16 21:11:50 - [MESSAGE][PASSED] - Actual text and expected text of test object 'Object Repository/Page_Dashboard/span_Site administration' are matched.

2022-01-16 21:11:50 - [TEST_STEP][PASSED] - click(findTestObject("Object Repository/Page_Dashboard/span_Site administration")): Object: 'Object Repository/Page_Dashboard/span_Site administration' is clicked on

2022-01-16 21:11:51 - [MESSAGE][PASSED] - Object: 'Object Repository/Page_Dashboard/span_Site administration' is clicked on

2022-01-16 21:11:51 - [TEST_STEP][PASSED] - rightClick(findTestObject("Object Repository/Page_Mood Administration Search/a_Users")): Object: 'Object Repository/Page_Mood Administration Search/a_Users' is right clicked on

2022-01-16 21:11:52 - [MESSAGE][PASSED] - Object: 'Object Repository/Page_Mood Administration Search/a_Users' is right clicked on

2022-01-16 21:11:52 - [TEST_STEP][PASSED] - click(findTestObject("Object Repository/Page_Mood Administration Search/a_Users")): Object: 'Object Repository/Page_Mood Administration Search/a_Users' is clicked on

2022-01-16 21:11:52 - [MESSAGE][PASSED] - Object: 'Object Repository/Page_Mood Administration Search/a_Users' is clicked on

2022-01-16 21:11:52 - [TEST_STEP][PASSED] - click(findTestObject("Object Repository/Page_Mood Administration Search/a_Add a new user")): Object: 'Object Repository/Page_Mood Administration Search/a_Add a new user' is clicked on

2022-01-16 21:11:54 - [MESSAGE][PASSED] - Object: 'Object Repository/Page_Mood Administration Search/a_Add a new user' is clicked on

2022-01-16 21:11:54 - [TEST_STEP][PASSED] - waitForElementVisible(findTestObject("Object Repository/Page_Mood Administration Users Accounts Add_0e8dec/label_Username"), 0): Object 'Object Repository/Page_Mood Administration Users Accounts Add_0e8dec/label_Username' is visible

2022-01-16 21:11:54 - [MESSAGE][WARNING] - Timeout '0' is invalid. Using default page load timeout: '30'

2022-01-16 21:11:55 - [MESSAGE][PASSED] - Object 'Object Repository/Page_Mood Administration Users Accounts Add_0e8dec/label_Username' is visible

2022-01-16 21:11:55 - [TEST_STEP][PASSED] - setText(findTestObject("Object Repository/Page_Mood Administration Users Accounts Add_0e8dec/input_Username_username"), "qmkhoi"): Text 'qmkhoi' is set on object 'Object Repository/Page_Mood Administration Users Accounts Add_0e8dec/input_Username_username'

2022-01-16 21:11:56 - [MESSAGE][PASSED] - Text 'qmkhoi' is set on object 'Object Repository/Page_Mood Administration Users Accounts Add_0e8dec/input_Username_username'

2022-01-16 21:11:56 - [TEST_STEP][PASSED] - click(findTestObject("Object Repository/Page_Mood Administration Users Accounts Add_0e8dec/em_Click to enter text")): Object: 'Object Repository/Page_Mood Administration Users Accounts Add_0e8dec/em_Click to enter text' is clicked on

2022-01-16 21:12:27 - [MESSAGE][INFO] - Unable to find the element located by 'By.xpath: //a[@id='yui_3_17_2_1_1642242441890_767']/span/span/em'. Please recheck the objects properties to make sure the desired element is located. 

2022-01-16 21:12:27 - [MESSAGE][WARNING] - [SELF-HEALING] Failed to find element with id 'Object Repository/Page_Mood Administration Users Accounts Add_0e8dec/em_Click to enter text'. Try using Self-healing.

2022-01-16 21:12:27 - [MESSAGE][WARNING] - [SELF-HEALING] The current locator of test object 'Object Repository/Page_Mood Administration Users Accounts Add_0e8dec/em_Click to enter text' was broken. Propose an alternative one: '(.//*[normalize-space(text()) and normalize-space(.)='New password'])[1]/following::em[1]'.

2022-01-16 21:12:27 - [MESSAGE][PASSED] - Object: 'Object Repository/Page_Mood Administration Users Accounts Add_0e8dec/em_Click to enter text' is clicked on

2022-01-16 21:12:27 - [TEST_STEP][PASSED] - setEncryptedText(findTestObject("Object Repository/Page_Mood Administration Users Accounts Add_0e8dec/input_New password_newpassword"), "eiP2h/EMT1gGbs0OIJkleA=="): Text ****** has been set on object 'Object Repository/Page_Mood Administration Users Accounts Add_0e8dec/input_New password_newpassword'

2022-01-16 21:12:28 - [MESSAGE][PASSED] - Text ****** has been set on object 'Object Repository/Page_Mood Administration Users Accounts Add_0e8dec/input_New password_newpassword'

2022-01-16 21:12:28 - [TEST_STEP][PASSED] - waitForElementVisible(findTestObject("Object Repository/Page_Mood Administration Users Accounts Add_0e8dec/input_First name_firstname"), 0): Object 'Object Repository/Page_Mood Administration Users Accounts Add_0e8dec/input_First name_firstname' is visible

2022-01-16 21:12:28 - [MESSAGE][WARNING] - Timeout '0' is invalid. Using default page load timeout: '30'

2022-01-16 21:12:28 - [MESSAGE][PASSED] - Object 'Object Repository/Page_Mood Administration Users Accounts Add_0e8dec/input_First name_firstname' is visible

2022-01-16 21:12:28 - [TEST_STEP][PASSED] - setText(findTestObject("Object Repository/Page_Mood Administration Users Accounts Add_0e8dec/input_First name_firstname"), "Quach"): Text 'Quach' is set on object 'Object Repository/Page_Mood Administration Users Accounts Add_0e8dec/input_First name_firstname'

2022-01-16 21:12:29 - [MESSAGE][PASSED] - Text 'Quach' is set on object 'Object Repository/Page_Mood Administration Users Accounts Add_0e8dec/input_First name_firstname'

2022-01-16 21:12:29 - [TEST_STEP][PASSED] - click(findTestObject("Object Repository/Page_Mood Administration Users Accounts Add_0e8dec/div_Username                               _ccea4b")): Object: 'Object Repository/Page_Mood Administration Users Accounts Add_0e8dec/div_Username                               _ccea4b' is clicked on

2022-01-16 21:13:00 - [MESSAGE][INFO] - Unable to find the element located by 'By.xpath: //div[@id='yui_3_17_2_1_1642242441890_390']'. Please recheck the objects properties to make sure the desired element is located. 

2022-01-16 21:13:00 - [MESSAGE][WARNING] - [SELF-HEALING] Failed to find element with id 'Object Repository/Page_Mood Administration Users Accounts Add_0e8dec/div_Username                               _ccea4b'. Try using Self-healing.

2022-01-16 21:13:01 - [MESSAGE][WARNING] - [SELF-HEALING] The current locator of test object 'Object Repository/Page_Mood Administration Users Accounts Add_0e8dec/div_Username                               _ccea4b' was broken. Propose an alternative one: '//fieldset[@id='id_moodle']/div'.

2022-01-16 21:13:01 - [MESSAGE][PASSED] - Object: 'Object Repository/Page_Mood Administration Users Accounts Add_0e8dec/div_Username                               _ccea4b' is clicked on

2022-01-16 21:13:01 - [TEST_STEP][PASSED] - setText(findTestObject("Object Repository/Page_Mood Administration Users Accounts Add_0e8dec/input_Surname_lastname"), "Minh Khoi"): Text 'Minh Khoi' is set on object 'Object Repository/Page_Mood Administration Users Accounts Add_0e8dec/input_Surname_lastname'

2022-01-16 21:13:01 - [MESSAGE][PASSED] - Text 'Minh Khoi' is set on object 'Object Repository/Page_Mood Administration Users Accounts Add_0e8dec/input_Surname_lastname'

2022-01-16 21:13:01 - [TEST_STEP][PASSED] - setText(findTestObject("Object Repository/Page_Mood Administration Users Accounts Add_0e8dec/input_Email address_email"), "qmkhoi19@gmail.com"): Text 'qmkhoi19@gmail.com' is set on object 'Object Repository/Page_Mood Administration Users Accounts Add_0e8dec/input_Email address_email'

2022-01-16 21:13:02 - [MESSAGE][PASSED] - Text 'qmkhoi19@gmail.com' is set on object 'Object Repository/Page_Mood Administration Users Accounts Add_0e8dec/input_Email address_email'

2022-01-16 21:13:02 - [TEST_STEP][PASSED] - waitForElementVisible(findTestObject("Object Repository/Page_Mood Administration Users Accounts Add_0e8dec/input_Address_submitbutton"), 0): Object 'Object Repository/Page_Mood Administration Users Accounts Add_0e8dec/input_Address_submitbutton' is visible

2022-01-16 21:13:02 - [MESSAGE][WARNING] - Timeout '0' is invalid. Using default page load timeout: '30'

2022-01-16 21:13:02 - [MESSAGE][PASSED] - Object 'Object Repository/Page_Mood Administration Users Accounts Add_0e8dec/input_Address_submitbutton' is visible

2022-01-16 21:13:02 - [TEST_STEP][PASSED] - click(findTestObject("Object Repository/Page_Mood Administration Users Accounts Add_0e8dec/input_Address_submitbutton")): Object: 'Object Repository/Page_Mood Administration Users Accounts Add_0e8dec/input_Address_submitbutton' is clicked on

2022-01-16 21:13:04 - [MESSAGE][PASSED] - Object: 'Object Repository/Page_Mood Administration Users Accounts Add_0e8dec/input_Address_submitbutton' is clicked on

2022-01-16 21:13:04 - [TEST_STEP][PASSED] - verifyElementText(findTestObject("Object Repository/Page_Mood Administration Users Accounts Add_0e8dec/div_This username already exists, choose another"), "This username already exists, choose another"): Actual text and expected text of test object 'Object Repository/Page_Mood Administration Users Accounts Add_0e8dec/div_This username already exists, choose another' are matched.

2022-01-16 21:13:05 - [MESSAGE][PASSED] - Actual text and expected text of test object 'Object Repository/Page_Mood Administration Users Accounts Add_0e8dec/div_This username already exists, choose another' are matched.

2022-01-16 21:13:05 - [TEST_STEP][PASSED] - closeBrowser(): Browser is closed

2022-01-16 21:13:06 - [MESSAGE][PASSED] - Browser is closed]]></system-out>
         <system-err><![CDATA[]]></system-err>
      </testcase>
      <testcase name="Test Cases/test case 08" time="78.887" classname="Test Cases/test case 08" status="PASSED">
         <system-out><![CDATA[2022-01-16 21:13:06 - [TEST_CASE][PASSED] - Test Cases/test case 08: Test Cases/test case 08

2022-01-16 21:13:06 - [TEST_STEP][PASSED] - openBrowser(""): Browser is opened with url: ''

2022-01-16 21:13:06 - [MESSAGE][INFO] - Starting 'Chrome' driver

2022-01-16 21:13:06 - [MESSAGE][INFO] - Action delay is set to 0 milliseconds

2022-01-16 21:13:07 - [MESSAGE][PASSED] - Browser is opened with url: ''

2022-01-16 21:13:07 - [TEST_STEP][PASSED] - navigateToUrl("http://localhost/"): Navigate to 'http://localhost/' successfully

2022-01-16 21:13:08 - [MESSAGE][PASSED] - Navigate to 'http://localhost/' successfully

2022-01-16 21:13:08 - [TEST_STEP][PASSED] - click(findTestObject("Object Repository/Page_Moodle/a_Log in")): Object: 'Object Repository/Page_Moodle/a_Log in' is clicked on

2022-01-16 21:13:09 - [MESSAGE][PASSED] - Object: 'Object Repository/Page_Moodle/a_Log in' is clicked on

2022-01-16 21:13:09 - [TEST_STEP][PASSED] - setText(findTestObject("Object Repository/Page_Moodle Log in to the site/input_Username_username"), "admin"): Text 'admin' is set on object 'Object Repository/Page_Moodle Log in to the site/input_Username_username'

2022-01-16 21:13:10 - [MESSAGE][PASSED] - Text 'admin' is set on object 'Object Repository/Page_Moodle Log in to the site/input_Username_username'

2022-01-16 21:13:10 - [TEST_STEP][PASSED] - setEncryptedText(findTestObject("Object Repository/Page_Moodle Log in to the site/input_Password_password"), "r6H/uPCyCbQX7sAf5E1f3g=="): Text ****** has been set on object 'Object Repository/Page_Moodle Log in to the site/input_Password_password'

2022-01-16 21:13:10 - [MESSAGE][PASSED] - Text ****** has been set on object 'Object Repository/Page_Moodle Log in to the site/input_Password_password'

2022-01-16 21:13:10 - [TEST_STEP][PASSED] - click(findTestObject("Object Repository/Page_Moodle Log in to the site/button_Log in")): Object: 'Object Repository/Page_Moodle Log in to the site/button_Log in' is clicked on

2022-01-16 21:13:11 - [MESSAGE][PASSED] - Object: 'Object Repository/Page_Moodle Log in to the site/button_Log in' is clicked on

2022-01-16 21:13:11 - [TEST_STEP][PASSED] - click(findTestObject("Object Repository/Page_Dashboard/span_Site administration")): Object: 'Object Repository/Page_Dashboard/span_Site administration' is clicked on

2022-01-16 21:13:13 - [MESSAGE][PASSED] - Object: 'Object Repository/Page_Dashboard/span_Site administration' is clicked on

2022-01-16 21:13:13 - [TEST_STEP][PASSED] - click(findTestObject("Object Repository/Page_Mood Administration Search/a_Users")): Object: 'Object Repository/Page_Mood Administration Search/a_Users' is clicked on

2022-01-16 21:13:14 - [MESSAGE][PASSED] - Object: 'Object Repository/Page_Mood Administration Search/a_Users' is clicked on

2022-01-16 21:13:14 - [TEST_STEP][PASSED] - click(findTestObject("Object Repository/Page_Mood Administration Search/a_Add a new user")): Object: 'Object Repository/Page_Mood Administration Search/a_Add a new user' is clicked on

2022-01-16 21:13:15 - [MESSAGE][PASSED] - Object: 'Object Repository/Page_Mood Administration Search/a_Add a new user' is clicked on

2022-01-16 21:13:15 - [TEST_STEP][PASSED] - setText(findTestObject("Object Repository/Page_Mood Administration Users Accounts Add_0e8dec/input_Username_username"), "dddinh"): Text 'dddinh' is set on object 'Object Repository/Page_Mood Administration Users Accounts Add_0e8dec/input_Username_username'

2022-01-16 21:13:16 - [MESSAGE][PASSED] - Text 'dddinh' is set on object 'Object Repository/Page_Mood Administration Users Accounts Add_0e8dec/input_Username_username'

2022-01-16 21:13:16 - [TEST_STEP][PASSED] - waitForElementVisible(findTestObject("Object Repository/Page_Mood Administration Users Accounts Add_0e8dec/label_New password"), 0): Object 'Object Repository/Page_Mood Administration Users Accounts Add_0e8dec/label_New password' is visible

2022-01-16 21:13:16 - [MESSAGE][WARNING] - Timeout '0' is invalid. Using default page load timeout: '30'

2022-01-16 21:13:17 - [MESSAGE][PASSED] - Object 'Object Repository/Page_Mood Administration Users Accounts Add_0e8dec/label_New password' is visible

2022-01-16 21:13:17 - [TEST_STEP][PASSED] - click(findTestObject("Object Repository/Page_Mood Administration Users Accounts Add_0e8dec/em_Click to enter text")): Object: 'Object Repository/Page_Mood Administration Users Accounts Add_0e8dec/em_Click to enter text' is clicked on

2022-01-16 21:13:48 - [MESSAGE][INFO] - Unable to find the element located by 'By.xpath: //a[@id='yui_3_17_2_1_1642242441890_767']/span/span/em'. Please recheck the objects properties to make sure the desired element is located. 

2022-01-16 21:13:48 - [MESSAGE][WARNING] - [SELF-HEALING] Failed to find element with id 'Object Repository/Page_Mood Administration Users Accounts Add_0e8dec/em_Click to enter text'. Try using Self-healing.

2022-01-16 21:13:48 - [MESSAGE][WARNING] - [SELF-HEALING] The current locator of test object 'Object Repository/Page_Mood Administration Users Accounts Add_0e8dec/em_Click to enter text' was broken. Propose an alternative one: '(.//*[normalize-space(text()) and normalize-space(.)='New password'])[1]/following::em[1]'.

2022-01-16 21:13:48 - [MESSAGE][PASSED] - Object: 'Object Repository/Page_Mood Administration Users Accounts Add_0e8dec/em_Click to enter text' is clicked on

2022-01-16 21:13:48 - [TEST_STEP][PASSED] - setEncryptedText(findTestObject("Object Repository/Page_Mood Administration Users Accounts Add_0e8dec/input_New password_newpassword"), "Poyj66BFqQY="): Text ****** has been set on object 'Object Repository/Page_Mood Administration Users Accounts Add_0e8dec/input_New password_newpassword'

2022-01-16 21:13:49 - [MESSAGE][PASSED] - Text ****** has been set on object 'Object Repository/Page_Mood Administration Users Accounts Add_0e8dec/input_New password_newpassword'

2022-01-16 21:13:49 - [TEST_STEP][PASSED] - setText(findTestObject("Object Repository/Page_Mood Administration Users Accounts Add_0e8dec/input_First name_firstname"), "Dinh"): Text 'Dinh' is set on object 'Object Repository/Page_Mood Administration Users Accounts Add_0e8dec/input_First name_firstname'

2022-01-16 21:13:49 - [MESSAGE][PASSED] - Text 'Dinh' is set on object 'Object Repository/Page_Mood Administration Users Accounts Add_0e8dec/input_First name_firstname'

2022-01-16 21:13:49 - [TEST_STEP][PASSED] - click(findTestObject("Object Repository/Page_Mood Administration Users Accounts Add_0e8dec/div_Username                               _ccea4b")): Object: 'Object Repository/Page_Mood Administration Users Accounts Add_0e8dec/div_Username                               _ccea4b' is clicked on

2022-01-16 21:14:20 - [MESSAGE][INFO] - Unable to find the element located by 'By.xpath: //div[@id='yui_3_17_2_1_1642242441890_390']'. Please recheck the objects properties to make sure the desired element is located. 

2022-01-16 21:14:20 - [MESSAGE][WARNING] - [SELF-HEALING] Failed to find element with id 'Object Repository/Page_Mood Administration Users Accounts Add_0e8dec/div_Username                               _ccea4b'. Try using Self-healing.

2022-01-16 21:14:21 - [MESSAGE][WARNING] - [SELF-HEALING] The current locator of test object 'Object Repository/Page_Mood Administration Users Accounts Add_0e8dec/div_Username                               _ccea4b' was broken. Propose an alternative one: '//fieldset[@id='id_moodle']/div'.

2022-01-16 21:14:21 - [MESSAGE][PASSED] - Object: 'Object Repository/Page_Mood Administration Users Accounts Add_0e8dec/div_Username                               _ccea4b' is clicked on

2022-01-16 21:14:21 - [TEST_STEP][PASSED] - setText(findTestObject("Object Repository/Page_Mood Administration Users Accounts Add_0e8dec/input_Surname_lastname"), "Dinh"): Text 'Dinh' is set on object 'Object Repository/Page_Mood Administration Users Accounts Add_0e8dec/input_Surname_lastname'

2022-01-16 21:14:21 - [MESSAGE][PASSED] - Text 'Dinh' is set on object 'Object Repository/Page_Mood Administration Users Accounts Add_0e8dec/input_Surname_lastname'

2022-01-16 21:14:21 - [TEST_STEP][PASSED] - setText(findTestObject("Object Repository/Page_Mood Administration Users Accounts Add_0e8dec/input_Email address_email"), "dddinh@apcs.vn"): Text 'dddinh@apcs.vn' is set on object 'Object Repository/Page_Mood Administration Users Accounts Add_0e8dec/input_Email address_email'

2022-01-16 21:14:22 - [MESSAGE][PASSED] - Text 'dddinh@apcs.vn' is set on object 'Object Repository/Page_Mood Administration Users Accounts Add_0e8dec/input_Email address_email'

2022-01-16 21:14:22 - [TEST_STEP][PASSED] - waitForElementVisible(findTestObject("Object Repository/Page_Mood Administration Users Accounts Add_0e8dec/input_Address_submitbutton"), 0): Object 'Object Repository/Page_Mood Administration Users Accounts Add_0e8dec/input_Address_submitbutton' is visible

2022-01-16 21:14:22 - [MESSAGE][WARNING] - Timeout '0' is invalid. Using default page load timeout: '30'

2022-01-16 21:14:23 - [MESSAGE][PASSED] - Object 'Object Repository/Page_Mood Administration Users Accounts Add_0e8dec/input_Address_submitbutton' is visible

2022-01-16 21:14:23 - [TEST_STEP][PASSED] - click(findTestObject("Object Repository/Page_Mood Administration Users Accounts Add_0e8dec/input_Address_submitbutton")): Object: 'Object Repository/Page_Mood Administration Users Accounts Add_0e8dec/input_Address_submitbutton' is clicked on

2022-01-16 21:14:24 - [MESSAGE][PASSED] - Object: 'Object Repository/Page_Mood Administration Users Accounts Add_0e8dec/input_Address_submitbutton' is clicked on

2022-01-16 21:14:24 - [TEST_STEP][PASSED] - closeBrowser(): Browser is closed

2022-01-16 21:14:24 - [MESSAGE][PASSED] - Browser is closed]]></system-out>
         <system-err><![CDATA[]]></system-err>
      </testcase>
      <testcase name="Test Cases/test case 09" time="48.683" classname="Test Cases/test case 09" status="PASSED">
         <system-out><![CDATA[2022-01-16 21:14:24 - [TEST_CASE][PASSED] - Test Cases/test case 09: Test Cases/test case 09

2022-01-16 21:14:25 - [TEST_STEP][PASSED] - openBrowser(""): Browser is opened with url: ''

2022-01-16 21:14:25 - [MESSAGE][INFO] - Starting 'Chrome' driver

2022-01-16 21:14:25 - [MESSAGE][INFO] - Action delay is set to 0 milliseconds

2022-01-16 21:14:26 - [MESSAGE][PASSED] - Browser is opened with url: ''

2022-01-16 21:14:26 - [TEST_STEP][PASSED] - navigateToUrl("http://localhost/"): Navigate to 'http://localhost/' successfully

2022-01-16 21:14:27 - [MESSAGE][PASSED] - Navigate to 'http://localhost/' successfully

2022-01-16 21:14:27 - [TEST_STEP][PASSED] - click(findTestObject("Object Repository/Page_Moodle/a_Log in")): Object: 'Object Repository/Page_Moodle/a_Log in' is clicked on

2022-01-16 21:14:28 - [MESSAGE][PASSED] - Object: 'Object Repository/Page_Moodle/a_Log in' is clicked on

2022-01-16 21:14:28 - [TEST_STEP][PASSED] - setText(findTestObject("Object Repository/Page_Moodle Log in to the site/input_Username_username"), "admin"): Text 'admin' is set on object 'Object Repository/Page_Moodle Log in to the site/input_Username_username'

2022-01-16 21:14:29 - [MESSAGE][PASSED] - Text 'admin' is set on object 'Object Repository/Page_Moodle Log in to the site/input_Username_username'

2022-01-16 21:14:29 - [TEST_STEP][PASSED] - setEncryptedText(findTestObject("Object Repository/Page_Moodle Log in to the site/input_Password_password"), "r6H/uPCyCbQX7sAf5E1f3g=="): Text ****** has been set on object 'Object Repository/Page_Moodle Log in to the site/input_Password_password'

2022-01-16 21:14:29 - [MESSAGE][PASSED] - Text ****** has been set on object 'Object Repository/Page_Moodle Log in to the site/input_Password_password'

2022-01-16 21:14:29 - [TEST_STEP][PASSED] - click(findTestObject("Object Repository/Page_Moodle Log in to the site/button_Log in")): Object: 'Object Repository/Page_Moodle Log in to the site/button_Log in' is clicked on

2022-01-16 21:14:30 - [MESSAGE][PASSED] - Object: 'Object Repository/Page_Moodle Log in to the site/button_Log in' is clicked on

2022-01-16 21:14:30 - [TEST_STEP][PASSED] - click(findTestObject("Object Repository/Page_Dashboard/span_Site administration")): Object: 'Object Repository/Page_Dashboard/span_Site administration' is clicked on

2022-01-16 21:14:32 - [MESSAGE][PASSED] - Object: 'Object Repository/Page_Dashboard/span_Site administration' is clicked on

2022-01-16 21:14:32 - [TEST_STEP][PASSED] - click(findTestObject("Object Repository/Page_Mood Administration Search/a_Users")): Object: 'Object Repository/Page_Mood Administration Search/a_Users' is clicked on

2022-01-16 21:14:33 - [MESSAGE][PASSED] - Object: 'Object Repository/Page_Mood Administration Search/a_Users' is clicked on

2022-01-16 21:14:33 - [TEST_STEP][PASSED] - click(findTestObject("Object Repository/Page_Mood Administration Search/a_Add a new user")): Object: 'Object Repository/Page_Mood Administration Search/a_Add a new user' is clicked on

2022-01-16 21:14:34 - [MESSAGE][PASSED] - Object: 'Object Repository/Page_Mood Administration Search/a_Add a new user' is clicked on

2022-01-16 21:14:34 - [TEST_STEP][PASSED] - waitForElementVisible(findTestObject("Object Repository/Page_Mood Administration Users Accounts Add_0e8dec/label_Username"), 0): Object 'Object Repository/Page_Mood Administration Users Accounts Add_0e8dec/label_Username' is visible

2022-01-16 21:14:34 - [MESSAGE][WARNING] - Timeout '0' is invalid. Using default page load timeout: '30'

2022-01-16 21:14:35 - [MESSAGE][PASSED] - Object 'Object Repository/Page_Mood Administration Users Accounts Add_0e8dec/label_Username' is visible

2022-01-16 21:14:35 - [TEST_STEP][PASSED] - setText(findTestObject("Object Repository/Page_Mood Administration Users Accounts Add_0e8dec/input_Username_username"), "dddinh"): Text 'dddinh' is set on object 'Object Repository/Page_Mood Administration Users Accounts Add_0e8dec/input_Username_username'

2022-01-16 21:14:36 - [MESSAGE][PASSED] - Text 'dddinh' is set on object 'Object Repository/Page_Mood Administration Users Accounts Add_0e8dec/input_Username_username'

2022-01-16 21:14:36 - [TEST_STEP][PASSED] - waitForElementVisible(findTestObject("Object Repository/Page_Mood Administration Users Accounts Add_0e8dec/label_New password"), 0): Object 'Object Repository/Page_Mood Administration Users Accounts Add_0e8dec/label_New password' is visible

2022-01-16 21:14:36 - [MESSAGE][WARNING] - Timeout '0' is invalid. Using default page load timeout: '30'

2022-01-16 21:14:36 - [MESSAGE][PASSED] - Object 'Object Repository/Page_Mood Administration Users Accounts Add_0e8dec/label_New password' is visible

2022-01-16 21:14:36 - [TEST_STEP][PASSED] - click(findTestObject("Object Repository/Page_Mood Administration Users Accounts Add_0e8dec/em_Click to enter text")): Object: 'Object Repository/Page_Mood Administration Users Accounts Add_0e8dec/em_Click to enter text' is clicked on

2022-01-16 21:15:07 - [MESSAGE][INFO] - Unable to find the element located by 'By.xpath: //a[@id='yui_3_17_2_1_1642242441890_767']/span/span/em'. Please recheck the objects properties to make sure the desired element is located. 

2022-01-16 21:15:07 - [MESSAGE][WARNING] - [SELF-HEALING] Failed to find element with id 'Object Repository/Page_Mood Administration Users Accounts Add_0e8dec/em_Click to enter text'. Try using Self-healing.

2022-01-16 21:15:08 - [MESSAGE][WARNING] - [SELF-HEALING] The current locator of test object 'Object Repository/Page_Mood Administration Users Accounts Add_0e8dec/em_Click to enter text' was broken. Propose an alternative one: '(.//*[normalize-space(text()) and normalize-space(.)='New password'])[1]/following::em[1]'.

2022-01-16 21:15:08 - [MESSAGE][PASSED] - Object: 'Object Repository/Page_Mood Administration Users Accounts Add_0e8dec/em_Click to enter text' is clicked on

2022-01-16 21:15:08 - [TEST_STEP][PASSED] - setEncryptedText(findTestObject("Object Repository/Page_Mood Administration Users Accounts Add_0e8dec/input_New password_newpassword"), "o9w1gihRZMDFxbRmKPFkOQ=="): Text ****** has been set on object 'Object Repository/Page_Mood Administration Users Accounts Add_0e8dec/input_New password_newpassword'

2022-01-16 21:15:08 - [MESSAGE][PASSED] - Text ****** has been set on object 'Object Repository/Page_Mood Administration Users Accounts Add_0e8dec/input_New password_newpassword'

2022-01-16 21:15:08 - [TEST_STEP][PASSED] - setText(findTestObject("Object Repository/Page_Mood Administration Users Accounts Add_0e8dec/input_First name_firstname"), "Dinh Dang"): Text 'Dinh Dang' is set on object 'Object Repository/Page_Mood Administration Users Accounts Add_0e8dec/input_First name_firstname'

2022-01-16 21:15:09 - [MESSAGE][PASSED] - Text 'Dinh Dang' is set on object 'Object Repository/Page_Mood Administration Users Accounts Add_0e8dec/input_First name_firstname'

2022-01-16 21:15:09 - [TEST_STEP][PASSED] - setText(findTestObject("Object Repository/Page_Mood Administration Users Accounts Add_0e8dec/input_Surname_lastname"), "Dinh"): Text 'Dinh' is set on object 'Object Repository/Page_Mood Administration Users Accounts Add_0e8dec/input_Surname_lastname'

2022-01-16 21:15:10 - [MESSAGE][PASSED] - Text 'Dinh' is set on object 'Object Repository/Page_Mood Administration Users Accounts Add_0e8dec/input_Surname_lastname'

2022-01-16 21:15:10 - [TEST_STEP][PASSED] - setText(findTestObject("Object Repository/Page_Mood Administration Users Accounts Add_0e8dec/input_Email address_email"), "dddinh"): Text 'dddinh' is set on object 'Object Repository/Page_Mood Administration Users Accounts Add_0e8dec/input_Email address_email'

2022-01-16 21:15:11 - [MESSAGE][PASSED] - Text 'dddinh' is set on object 'Object Repository/Page_Mood Administration Users Accounts Add_0e8dec/input_Email address_email'

2022-01-16 21:15:11 - [TEST_STEP][PASSED] - waitForElementVisible(findTestObject("Object Repository/Page_Mood Administration Users Accounts Add_0e8dec/input_Address_submitbutton"), 0): Object 'Object Repository/Page_Mood Administration Users Accounts Add_0e8dec/input_Address_submitbutton' is visible

2022-01-16 21:15:11 - [MESSAGE][WARNING] - Timeout '0' is invalid. Using default page load timeout: '30'

2022-01-16 21:15:11 - [MESSAGE][PASSED] - Object 'Object Repository/Page_Mood Administration Users Accounts Add_0e8dec/input_Address_submitbutton' is visible

2022-01-16 21:15:11 - [TEST_STEP][PASSED] - click(findTestObject("Object Repository/Page_Mood Administration Users Accounts Add_0e8dec/input_Address_submitbutton")): Object: 'Object Repository/Page_Mood Administration Users Accounts Add_0e8dec/input_Address_submitbutton' is clicked on

2022-01-16 21:15:12 - [MESSAGE][PASSED] - Object: 'Object Repository/Page_Mood Administration Users Accounts Add_0e8dec/input_Address_submitbutton' is clicked on

2022-01-16 21:15:13 - [TEST_STEP][PASSED] - closeBrowser(): Browser is closed

2022-01-16 21:15:13 - [MESSAGE][PASSED] - Browser is closed]]></system-out>
         <system-err><![CDATA[]]></system-err>
      </testcase>
      <testcase name="Test Cases/test case 10" time="111.638" classname="Test Cases/test case 10" status="PASSED">
         <system-out><![CDATA[2022-01-16 21:15:13 - [TEST_CASE][PASSED] - Test Cases/test case 10: Test Cases/test case 10

2022-01-16 21:15:13 - [TEST_STEP][PASSED] - openBrowser(""): Browser is opened with url: ''

2022-01-16 21:15:13 - [MESSAGE][INFO] - Starting 'Chrome' driver

2022-01-16 21:15:13 - [MESSAGE][INFO] - Action delay is set to 0 milliseconds

2022-01-16 21:15:15 - [MESSAGE][PASSED] - Browser is opened with url: ''

2022-01-16 21:15:15 - [TEST_STEP][PASSED] - navigateToUrl("http://localhost/"): Navigate to 'http://localhost/' successfully

2022-01-16 21:15:15 - [MESSAGE][PASSED] - Navigate to 'http://localhost/' successfully

2022-01-16 21:15:15 - [TEST_STEP][PASSED] - click(findTestObject("Object Repository/Page_Moodle/a_Log in")): Object: 'Object Repository/Page_Moodle/a_Log in' is clicked on

2022-01-16 21:15:16 - [MESSAGE][PASSED] - Object: 'Object Repository/Page_Moodle/a_Log in' is clicked on

2022-01-16 21:15:16 - [TEST_STEP][PASSED] - setText(findTestObject("Object Repository/Page_Moodle Log in to the site/input_Username_username"), "admin"): Text 'admin' is set on object 'Object Repository/Page_Moodle Log in to the site/input_Username_username'

2022-01-16 21:15:17 - [MESSAGE][PASSED] - Text 'admin' is set on object 'Object Repository/Page_Moodle Log in to the site/input_Username_username'

2022-01-16 21:15:17 - [TEST_STEP][PASSED] - setEncryptedText(findTestObject("Object Repository/Page_Moodle Log in to the site/input_Password_password"), "r6H/uPCyCbQX7sAf5E1f3g=="): Text ****** has been set on object 'Object Repository/Page_Moodle Log in to the site/input_Password_password'

2022-01-16 21:15:17 - [MESSAGE][PASSED] - Text ****** has been set on object 'Object Repository/Page_Moodle Log in to the site/input_Password_password'

2022-01-16 21:15:17 - [TEST_STEP][PASSED] - click(findTestObject("Object Repository/Page_Moodle Log in to the site/button_Log in")): Object: 'Object Repository/Page_Moodle Log in to the site/button_Log in' is clicked on

2022-01-16 21:15:18 - [MESSAGE][PASSED] - Object: 'Object Repository/Page_Moodle Log in to the site/button_Log in' is clicked on

2022-01-16 21:15:18 - [TEST_STEP][PASSED] - click(findTestObject("Object Repository/Page_Dashboard/span_Site administration")): Object: 'Object Repository/Page_Dashboard/span_Site administration' is clicked on

2022-01-16 21:15:20 - [MESSAGE][PASSED] - Object: 'Object Repository/Page_Dashboard/span_Site administration' is clicked on

2022-01-16 21:15:20 - [TEST_STEP][PASSED] - click(findTestObject("Object Repository/Page_Mood Administration Search/a_Users")): Object: 'Object Repository/Page_Mood Administration Search/a_Users' is clicked on

2022-01-16 21:15:21 - [MESSAGE][PASSED] - Object: 'Object Repository/Page_Mood Administration Search/a_Users' is clicked on

2022-01-16 21:15:21 - [TEST_STEP][PASSED] - click(findTestObject("Object Repository/Page_Mood Administration Search/a_Add a new user")): Object: 'Object Repository/Page_Mood Administration Search/a_Add a new user' is clicked on

2022-01-16 21:15:22 - [MESSAGE][PASSED] - Object: 'Object Repository/Page_Mood Administration Search/a_Add a new user' is clicked on

2022-01-16 21:15:22 - [TEST_STEP][PASSED] - waitForElementVisible(findTestObject("Object Repository/Page_Mood Administration Users Accounts Add_0e8dec/label_Username"), 0): Object 'Object Repository/Page_Mood Administration Users Accounts Add_0e8dec/label_Username' is visible

2022-01-16 21:15:22 - [MESSAGE][WARNING] - Timeout '0' is invalid. Using default page load timeout: '30'

2022-01-16 21:15:23 - [MESSAGE][PASSED] - Object 'Object Repository/Page_Mood Administration Users Accounts Add_0e8dec/label_Username' is visible

2022-01-16 21:15:23 - [TEST_STEP][PASSED] - setText(findTestObject("Object Repository/Page_Mood Administration Users Accounts Add_0e8dec/input_Username_username"), "dddinh"): Text 'dddinh' is set on object 'Object Repository/Page_Mood Administration Users Accounts Add_0e8dec/input_Username_username'

2022-01-16 21:15:24 - [MESSAGE][PASSED] - Text 'dddinh' is set on object 'Object Repository/Page_Mood Administration Users Accounts Add_0e8dec/input_Username_username'

2022-01-16 21:15:24 - [TEST_STEP][PASSED] - waitForElementVisible(findTestObject("Object Repository/Page_Mood Administration Users Accounts Add_0e8dec/label_New password"), 0): Object 'Object Repository/Page_Mood Administration Users Accounts Add_0e8dec/label_New password' is visible

2022-01-16 21:15:24 - [MESSAGE][WARNING] - Timeout '0' is invalid. Using default page load timeout: '30'

2022-01-16 21:15:25 - [MESSAGE][PASSED] - Object 'Object Repository/Page_Mood Administration Users Accounts Add_0e8dec/label_New password' is visible

2022-01-16 21:15:25 - [TEST_STEP][PASSED] - click(findTestObject("Object Repository/Page_Mood Administration Users Accounts Add_0e8dec/em_Click to enter text")): Object: 'Object Repository/Page_Mood Administration Users Accounts Add_0e8dec/em_Click to enter text' is clicked on

2022-01-16 21:15:56 - [MESSAGE][INFO] - Unable to find the element located by 'By.xpath: //a[@id='yui_3_17_2_1_1642242441890_767']/span/span/em'. Please recheck the objects properties to make sure the desired element is located. 

2022-01-16 21:15:56 - [MESSAGE][WARNING] - [SELF-HEALING] Failed to find element with id 'Object Repository/Page_Mood Administration Users Accounts Add_0e8dec/em_Click to enter text'. Try using Self-healing.

2022-01-16 21:15:56 - [MESSAGE][WARNING] - [SELF-HEALING] The current locator of test object 'Object Repository/Page_Mood Administration Users Accounts Add_0e8dec/em_Click to enter text' was broken. Propose an alternative one: '(.//*[normalize-space(text()) and normalize-space(.)='New password'])[1]/following::em[1]'.

2022-01-16 21:15:56 - [MESSAGE][PASSED] - Object: 'Object Repository/Page_Mood Administration Users Accounts Add_0e8dec/em_Click to enter text' is clicked on

2022-01-16 21:15:56 - [TEST_STEP][PASSED] - setEncryptedText(findTestObject("Object Repository/Page_Mood Administration Users Accounts Add_0e8dec/input_New password_newpassword"), "o9w1gihRZMDFxbRmKPFkOQ=="): Text ****** has been set on object 'Object Repository/Page_Mood Administration Users Accounts Add_0e8dec/input_New password_newpassword'

2022-01-16 21:15:57 - [MESSAGE][PASSED] - Text ****** has been set on object 'Object Repository/Page_Mood Administration Users Accounts Add_0e8dec/input_New password_newpassword'

2022-01-16 21:15:57 - [TEST_STEP][PASSED] - setText(findTestObject("Object Repository/Page_Mood Administration Users Accounts Add_0e8dec/input_First name_firstname"), "Dinh Dang"): Text 'Dinh Dang' is set on object 'Object Repository/Page_Mood Administration Users Accounts Add_0e8dec/input_First name_firstname'

2022-01-16 21:15:58 - [MESSAGE][PASSED] - Text 'Dinh Dang' is set on object 'Object Repository/Page_Mood Administration Users Accounts Add_0e8dec/input_First name_firstname'

2022-01-16 21:15:58 - [TEST_STEP][PASSED] - setText(findTestObject("Object Repository/Page_Mood Administration Users Accounts Add_0e8dec/input_Surname_lastname"), "Dinh"): Text 'Dinh' is set on object 'Object Repository/Page_Mood Administration Users Accounts Add_0e8dec/input_Surname_lastname'

2022-01-16 21:15:58 - [MESSAGE][PASSED] - Text 'Dinh' is set on object 'Object Repository/Page_Mood Administration Users Accounts Add_0e8dec/input_Surname_lastname'

2022-01-16 21:15:58 - [TEST_STEP][PASSED] - setText(findTestObject("Object Repository/Page_Mood Administration Users Accounts Add_0e8dec/input_Email address_email"), "dddinh19@gmail.com"): Text 'dddinh19@gmail.com' is set on object 'Object Repository/Page_Mood Administration Users Accounts Add_0e8dec/input_Email address_email'

2022-01-16 21:15:59 - [MESSAGE][PASSED] - Text 'dddinh19@gmail.com' is set on object 'Object Repository/Page_Mood Administration Users Accounts Add_0e8dec/input_Email address_email'

2022-01-16 21:15:59 - [TEST_STEP][PASSED] - waitForElementVisible(findTestObject("Object Repository/Page_Mood Administration Users Accounts Add_0e8dec/input_Address_cancel"), 0): Object 'Object Repository/Page_Mood Administration Users Accounts Add_0e8dec/input_Address_cancel' is visible

2022-01-16 21:15:59 - [MESSAGE][WARNING] - Timeout '0' is invalid. Using default page load timeout: '30'

2022-01-16 21:16:00 - [MESSAGE][PASSED] - Object 'Object Repository/Page_Mood Administration Users Accounts Add_0e8dec/input_Address_cancel' is visible

2022-01-16 21:16:00 - [TEST_STEP][PASSED] - click(findTestObject("Object Repository/Page_Mood Administration Users Accounts Add_0e8dec/input_Address_cancel")): Object: 'Object Repository/Page_Mood Administration Users Accounts Add_0e8dec/input_Address_cancel' is clicked on

2022-01-16 21:16:01 - [MESSAGE][PASSED] - Object: 'Object Repository/Page_Mood Administration Users Accounts Add_0e8dec/input_Address_cancel' is clicked on

2022-01-16 21:16:01 - [TEST_STEP][PASSED] - waitForElementVisible(findTestObject("Object Repository/Page_Error/button_Continue"), 0): Object 'Object Repository/Page_Error/button_Continue' is visible

2022-01-16 21:16:01 - [MESSAGE][WARNING] - Timeout '0' is invalid. Using default page load timeout: '30'

2022-01-16 21:16:32 - [MESSAGE][INFO] - Unable to find the element located by 'By.xpath: //button[@id='single_button61e18c0eb0ab214']'. Please recheck the objects properties to make sure the desired element is located. 

2022-01-16 21:16:32 - [MESSAGE][WARNING] - [SELF-HEALING] Failed to find element with id 'Object Repository/Page_Error/button_Continue'. Try using Self-healing.

2022-01-16 21:16:32 - [MESSAGE][WARNING] - [SELF-HEALING] The current locator of test object 'Object Repository/Page_Error/button_Continue' was broken. Propose an alternative one: '//section[@id='region-main']/div/div[2]/form/button'.

2022-01-16 21:16:32 - [MESSAGE][PASSED] - Object 'Object Repository/Page_Error/button_Continue' is visible

2022-01-16 21:16:32 - [TEST_STEP][PASSED] - click(findTestObject("Object Repository/Page_Error/button_Continue")): Object: 'Object Repository/Page_Error/button_Continue' is clicked on

2022-01-16 21:17:03 - [MESSAGE][INFO] - Unable to find the element located by 'By.xpath: //button[@id='single_button61e18c0eb0ab214']'. Please recheck the objects properties to make sure the desired element is located. 

2022-01-16 21:17:03 - [MESSAGE][WARNING] - [SELF-HEALING] Failed to find element with id 'Object Repository/Page_Error/button_Continue'. Try using Self-healing.

2022-01-16 21:17:04 - [MESSAGE][WARNING] - [SELF-HEALING] The current locator of test object 'Object Repository/Page_Error/button_Continue' was broken. Propose an alternative one: '//section[@id='region-main']/div/div[2]/form/button'.

2022-01-16 21:17:04 - [MESSAGE][PASSED] - Object: 'Object Repository/Page_Error/button_Continue' is clicked on

2022-01-16 21:17:04 - [TEST_STEP][PASSED] - closeBrowser(): Browser is closed

2022-01-16 21:17:05 - [MESSAGE][PASSED] - Browser is closed]]></system-out>
         <system-err><![CDATA[]]></system-err>
      </testcase>
      <testcase name="Test Cases/test case 11" time="257.262" classname="Test Cases/test case 11" status="PASSED">
         <system-out><![CDATA[2022-01-16 21:17:05 - [TEST_CASE][PASSED] - Test Cases/test case 11: Test Cases/test case 11

2022-01-16 21:17:05 - [TEST_STEP][PASSED] - openBrowser(""): Browser is opened with url: ''

2022-01-16 21:17:05 - [MESSAGE][INFO] - Starting 'Chrome' driver

2022-01-16 21:17:05 - [MESSAGE][INFO] - Action delay is set to 0 milliseconds

2022-01-16 21:17:06 - [MESSAGE][PASSED] - Browser is opened with url: ''

2022-01-16 21:17:06 - [TEST_STEP][PASSED] - navigateToUrl("http://localhost/"): Navigate to 'http://localhost/' successfully

2022-01-16 21:17:07 - [MESSAGE][PASSED] - Navigate to 'http://localhost/' successfully

2022-01-16 21:17:07 - [TEST_STEP][PASSED] - click(findTestObject("Object Repository/Page_Moodle/a_Log in")): Object: 'Object Repository/Page_Moodle/a_Log in' is clicked on

2022-01-16 21:17:08 - [MESSAGE][PASSED] - Object: 'Object Repository/Page_Moodle/a_Log in' is clicked on

2022-01-16 21:17:08 - [TEST_STEP][PASSED] - setText(findTestObject("Object Repository/Page_Moodle Log in to the site/input_Username_username"), "admin"): Text 'admin' is set on object 'Object Repository/Page_Moodle Log in to the site/input_Username_username'

2022-01-16 21:17:09 - [MESSAGE][PASSED] - Text 'admin' is set on object 'Object Repository/Page_Moodle Log in to the site/input_Username_username'

2022-01-16 21:17:09 - [TEST_STEP][PASSED] - setEncryptedText(findTestObject("Object Repository/Page_Moodle Log in to the site/input_Password_password"), "r6H/uPCyCbQX7sAf5E1f3g=="): Text ****** has been set on object 'Object Repository/Page_Moodle Log in to the site/input_Password_password'

2022-01-16 21:17:09 - [MESSAGE][PASSED] - Text ****** has been set on object 'Object Repository/Page_Moodle Log in to the site/input_Password_password'

2022-01-16 21:17:09 - [TEST_STEP][PASSED] - click(findTestObject("Object Repository/Page_Moodle Log in to the site/button_Log in")): Object: 'Object Repository/Page_Moodle Log in to the site/button_Log in' is clicked on

2022-01-16 21:17:10 - [MESSAGE][PASSED] - Object: 'Object Repository/Page_Moodle Log in to the site/button_Log in' is clicked on

2022-01-16 21:17:10 - [TEST_STEP][PASSED] - verifyElementText(findTestObject("Object Repository/Page_Dashboard/span_Site administration"), "Site administration"): Actual text and expected text of test object 'Object Repository/Page_Dashboard/span_Site administration' are matched.

2022-01-16 21:17:12 - [MESSAGE][PASSED] - Actual text and expected text of test object 'Object Repository/Page_Dashboard/span_Site administration' are matched.

2022-01-16 21:17:12 - [TEST_STEP][PASSED] - click(findTestObject("Object Repository/Page_Dashboard/span_Site administration")): Object: 'Object Repository/Page_Dashboard/span_Site administration' is clicked on

2022-01-16 21:17:13 - [MESSAGE][PASSED] - Object: 'Object Repository/Page_Dashboard/span_Site administration' is clicked on

2022-01-16 21:17:13 - [TEST_STEP][PASSED] - click(findTestObject("Object Repository/Page_Mood Administration Search/a_Courses")): Object: 'Object Repository/Page_Mood Administration Search/a_Courses' is clicked on

2022-01-16 21:17:14 - [MESSAGE][PASSED] - Object: 'Object Repository/Page_Mood Administration Search/a_Courses' is clicked on

2022-01-16 21:17:14 - [TEST_STEP][PASSED] - click(findTestObject("Object Repository/Page_Mood Administration Search/a_Add a new course")): Object: 'Object Repository/Page_Mood Administration Search/a_Add a new course' is clicked on

2022-01-16 21:17:15 - [MESSAGE][PASSED] - Object: 'Object Repository/Page_Mood Administration Search/a_Add a new course' is clicked on

2022-01-16 21:17:15 - [TEST_STEP][PASSED] - waitForElementVisible(findTestObject("Object Repository/Page_Mood Add a new course/input_Course full name_fullname"), 0): Object 'Object Repository/Page_Mood Add a new course/input_Course full name_fullname' is visible

2022-01-16 21:17:15 - [MESSAGE][WARNING] - Timeout '0' is invalid. Using default page load timeout: '30'

2022-01-16 21:17:16 - [MESSAGE][PASSED] - Object 'Object Repository/Page_Mood Add a new course/input_Course full name_fullname' is visible

2022-01-16 21:17:16 - [TEST_STEP][PASSED] - setText(findTestObject("Object Repository/Page_Mood Add a new course/input_Course full name_fullname"), "Statistics"): Text 'Statistics' is set on object 'Object Repository/Page_Mood Add a new course/input_Course full name_fullname'

2022-01-16 21:17:17 - [MESSAGE][PASSED] - Text 'Statistics' is set on object 'Object Repository/Page_Mood Add a new course/input_Course full name_fullname'

2022-01-16 21:17:17 - [TEST_STEP][PASSED] - setText(findTestObject("Object Repository/Page_Mood Add a new course/input_Course short name_shortname"), "Stats"): Text 'Stats' is set on object 'Object Repository/Page_Mood Add a new course/input_Course short name_shortname'

2022-01-16 21:17:18 - [MESSAGE][PASSED] - Text 'Stats' is set on object 'Object Repository/Page_Mood Add a new course/input_Course short name_shortname'

2022-01-16 21:17:18 - [TEST_STEP][PASSED] - waitForElementVisible(findTestObject("Object Repository/Page_Mood Add a new course/p_Course start date"), 0): Object 'Object Repository/Page_Mood Add a new course/p_Course start date' is visible

2022-01-16 21:17:18 - [MESSAGE][WARNING] - Timeout '0' is invalid. Using default page load timeout: '30'

2022-01-16 21:17:18 - [MESSAGE][PASSED] - Object 'Object Repository/Page_Mood Add a new course/p_Course start date' is visible

2022-01-16 21:17:18 - [TEST_STEP][PASSED] - selectOptionByValue(findTestObject("Object Repository/Page_Mood Add a new course/select_1        2        3        4        _45ea30"), "13", true): All options with value '13' are selected in object 'Object Repository/Page_Mood Add a new course/select_1        2        3        4        _45ea30'  using regular expression

2022-01-16 21:17:19 - [MESSAGE][PASSED] - All options with value '13' are selected in object 'Object Repository/Page_Mood Add a new course/select_1        2        3        4        _45ea30'  using regular expression

2022-01-16 21:17:19 - [TEST_STEP][PASSED] - selectOptionByValue(findTestObject("Object Repository/Page_Mood Add a new course/select_1        2        3        4        _45ea30_1"), "13", true): All options with value '13' are selected in object 'Object Repository/Page_Mood Add a new course/select_1        2        3        4        _45ea30_1'  using regular expression

2022-01-16 21:17:20 - [MESSAGE][PASSED] - All options with value '13' are selected in object 'Object Repository/Page_Mood Add a new course/select_1        2        3        4        _45ea30_1'  using regular expression

2022-01-16 21:17:20 - [TEST_STEP][PASSED] - waitForElementVisible(findTestObject("Object Repository/Page_Mood Add a new course/input__saveanddisplay"), 0): Object 'Object Repository/Page_Mood Add a new course/input__saveanddisplay' is visible

2022-01-16 21:17:20 - [MESSAGE][WARNING] - Timeout '0' is invalid. Using default page load timeout: '30'

2022-01-16 21:17:21 - [MESSAGE][PASSED] - Object 'Object Repository/Page_Mood Add a new course/input__saveanddisplay' is visible

2022-01-16 21:17:21 - [TEST_STEP][PASSED] - click(findTestObject("Object Repository/Page_Mood Add a new course/input__saveanddisplay")): Object: 'Object Repository/Page_Mood Add a new course/input__saveanddisplay' is clicked on

2022-01-16 21:17:22 - [MESSAGE][PASSED] - Object: 'Object Repository/Page_Mood Add a new course/input__saveanddisplay' is clicked on

2022-01-16 21:17:22 - [TEST_STEP][PASSED] - waitForElementVisible(findTestObject("Object Repository/Page_Stats Participants/input_Participants_btn btn-secondary my-1"), 0): Object 'Object Repository/Page_Stats Participants/input_Participants_btn btn-secondary my-1' is visible

2022-01-16 21:17:22 - [MESSAGE][WARNING] - Timeout '0' is invalid. Using default page load timeout: '30'

2022-01-16 21:17:22 - [MESSAGE][PASSED] - Object 'Object Repository/Page_Stats Participants/input_Participants_btn btn-secondary my-1' is visible

2022-01-16 21:17:22 - [TEST_STEP][PASSED] - click(findTestObject("Object Repository/Page_Stats Participants/input_Participants_btn btn-secondary my-1")): Object: 'Object Repository/Page_Stats Participants/input_Participants_btn btn-secondary my-1' is clicked on

2022-01-16 21:17:23 - [MESSAGE][PASSED] - Object: 'Object Repository/Page_Stats Participants/input_Participants_btn btn-secondary my-1' is clicked on

2022-01-16 21:17:23 - [TEST_STEP][PASSED] - click(findTestObject("Object Repository/Page_Stats Participants/span_")): Object: 'Object Repository/Page_Stats Participants/span_' is clicked on

2022-01-16 21:17:54 - [MESSAGE][INFO] - Unable to find the element located by 'By.xpath: //span[@id='form_autocomplete_downarrow-1642275051251']'. Please recheck the objects properties to make sure the desired element is located. 

2022-01-16 21:17:54 - [MESSAGE][WARNING] - [SELF-HEALING] Failed to find element with id 'Object Repository/Page_Stats Participants/span_'. Try using Self-healing.

2022-01-16 21:17:54 - [MESSAGE][WARNING] - [SELF-HEALING] The current locator of test object 'Object Repository/Page_Stats Participants/span_' was broken. Propose an alternative one: '//div[@id='fitem_id_userlist']/div[2]/div[3]/span'.

2022-01-16 21:17:54 - [MESSAGE][PASSED] - Object: 'Object Repository/Page_Stats Participants/span_' is clicked on

2022-01-16 21:17:54 - [TEST_STEP][PASSED] - click(findTestObject("Object Repository/Page_Stats Participants/li_Quach Minh Khoi    qmkhoi19gmail.com")): Object: 'Object Repository/Page_Stats Participants/li_Quach Minh Khoi    qmkhoi19gmail.com' is clicked on

2022-01-16 21:18:25 - [MESSAGE][INFO] - Unable to find the element located by 'By.xpath: //li[@id='form_autocomplete_suggestions-1642275051251-0']'. Please recheck the objects properties to make sure the desired element is located. 

2022-01-16 21:18:25 - [MESSAGE][WARNING] - [SELF-HEALING] Failed to find element with id 'Object Repository/Page_Stats Participants/li_Quach Minh Khoi    qmkhoi19gmail.com'. Try using Self-healing.

2022-01-16 21:18:26 - [MESSAGE][WARNING] - [SELF-HEALING] The current locator of test object 'Object Repository/Page_Stats Participants/li_Quach Minh Khoi    qmkhoi19gmail.com' was broken. Propose an alternative one: '(.//*[normalize-space(text()) and normalize-space(.)='▼'])[1]/following::li[1]'.

2022-01-16 21:18:26 - [MESSAGE][PASSED] - Object: 'Object Repository/Page_Stats Participants/li_Quach Minh Khoi    qmkhoi19gmail.com' is clicked on

2022-01-16 21:18:26 - [TEST_STEP][PASSED] - selectOptionByValue(findTestObject("Object Repository/Page_Stats Participants/select_Quach Minh Khoi    qmkhoi19gmail.com_d68a25"), "17", true): All options with value '17' are selected in object 'Object Repository/Page_Stats Participants/select_Quach Minh Khoi    qmkhoi19gmail.com_d68a25'  using regular expression

2022-01-16 21:18:27 - [MESSAGE][PASSED] - All options with value '17' are selected in object 'Object Repository/Page_Stats Participants/select_Quach Minh Khoi    qmkhoi19gmail.com_d68a25'  using regular expression

2022-01-16 21:18:27 - [TEST_STEP][PASSED] - selectOptionByValue(findTestObject("Object Repository/Page_Stats Participants/select_Quach Minh Khoi    qmkhoi19gmail.com_d68a25"), "17", true): All options with value '17' are selected in object 'Object Repository/Page_Stats Participants/select_Quach Minh Khoi    qmkhoi19gmail.com_d68a25'  using regular expression

2022-01-16 21:18:28 - [MESSAGE][PASSED] - All options with value '17' are selected in object 'Object Repository/Page_Stats Participants/select_Quach Minh Khoi    qmkhoi19gmail.com_d68a25'  using regular expression

2022-01-16 21:18:28 - [TEST_STEP][PASSED] - selectOptionByValue(findTestObject("Object Repository/Page_Stats Participants/select_Quach Minh Khoi    qmkhoi19gmail.com_d68a25"), "17", true): All options with value '17' are selected in object 'Object Repository/Page_Stats Participants/select_Quach Minh Khoi    qmkhoi19gmail.com_d68a25'  using regular expression

2022-01-16 21:18:28 - [MESSAGE][PASSED] - All options with value '17' are selected in object 'Object Repository/Page_Stats Participants/select_Quach Minh Khoi    qmkhoi19gmail.com_d68a25'  using regular expression

2022-01-16 21:18:28 - [TEST_STEP][PASSED] - selectOptionByValue(findTestObject("Object Repository/Page_Stats Participants/select_Quach Minh Khoi    qmkhoi19gmail.com_d68a25"), "17", true): All options with value '17' are selected in object 'Object Repository/Page_Stats Participants/select_Quach Minh Khoi    qmkhoi19gmail.com_d68a25'  using regular expression

2022-01-16 21:18:29 - [MESSAGE][PASSED] - All options with value '17' are selected in object 'Object Repository/Page_Stats Participants/select_Quach Minh Khoi    qmkhoi19gmail.com_d68a25'  using regular expression

2022-01-16 21:18:29 - [TEST_STEP][PASSED] - click(findTestObject("Object Repository/Page_Stats Participants/button_Enrol users")): Object: 'Object Repository/Page_Stats Participants/button_Enrol users' is clicked on

2022-01-16 21:19:00 - [MESSAGE][INFO] - Unable to find the element located by 'By.xpath: //button[@id='yui_3_17_2_1_1642275051002_262']'. Please recheck the objects properties to make sure the desired element is located. 

2022-01-16 21:19:00 - [MESSAGE][WARNING] - [SELF-HEALING] Failed to find element with id 'Object Repository/Page_Stats Participants/button_Enrol users'. Try using Self-healing.

2022-01-16 21:19:01 - [MESSAGE][WARNING] - [SELF-HEALING] The current locator of test object 'Object Repository/Page_Stats Participants/button_Enrol users' was broken. Propose an alternative one: '(.//*[normalize-space(text()) and normalize-space(.)='Minute'])[1]/following::button[1]'.

2022-01-16 21:19:01 - [MESSAGE][PASSED] - Object: 'Object Repository/Page_Stats Participants/button_Enrol users' is clicked on

2022-01-16 21:19:01 - [TEST_STEP][PASSED] - click(findTestObject("Object Repository/Page_Stats Participants/a_Admin User")): Object: 'Object Repository/Page_Stats Participants/a_Admin User' is clicked on

2022-01-16 21:19:02 - [MESSAGE][PASSED] - Object: 'Object Repository/Page_Stats Participants/a_Admin User' is clicked on

2022-01-16 21:19:02 - [TEST_STEP][PASSED] - click(findTestObject("Object Repository/Page_Stats Participants/span_Log out")): Object: 'Object Repository/Page_Stats Participants/span_Log out' is clicked on

2022-01-16 21:19:02 - [MESSAGE][PASSED] - Object: 'Object Repository/Page_Stats Participants/span_Log out' is clicked on

2022-01-16 21:19:02 - [TEST_STEP][PASSED] - click(findTestObject("Object Repository/Page_Moodle/a_Log in")): Object: 'Object Repository/Page_Moodle/a_Log in' is clicked on

2022-01-16 21:19:03 - [MESSAGE][PASSED] - Object: 'Object Repository/Page_Moodle/a_Log in' is clicked on

2022-01-16 21:19:03 - [TEST_STEP][PASSED] - setText(findTestObject("Object Repository/Page_Moodle Log in to the site/input_Username_username"), "qmkhoi"): Text 'qmkhoi' is set on object 'Object Repository/Page_Moodle Log in to the site/input_Username_username'

2022-01-16 21:19:04 - [MESSAGE][PASSED] - Text 'qmkhoi' is set on object 'Object Repository/Page_Moodle Log in to the site/input_Username_username'

2022-01-16 21:19:04 - [TEST_STEP][PASSED] - setEncryptedText(findTestObject("Object Repository/Page_Moodle Log in to the site/input_Password_password"), "eiP2h/EMT1hJlGmKEGA7sg=="): Text ****** has been set on object 'Object Repository/Page_Moodle Log in to the site/input_Password_password'

2022-01-16 21:19:04 - [MESSAGE][PASSED] - Text ****** has been set on object 'Object Repository/Page_Moodle Log in to the site/input_Password_password'

2022-01-16 21:19:04 - [TEST_STEP][PASSED] - click(findTestObject("Object Repository/Page_Moodle Log in to the site/button_Log in")): Object: 'Object Repository/Page_Moodle Log in to the site/button_Log in' is clicked on

2022-01-16 21:19:05 - [MESSAGE][PASSED] - Object: 'Object Repository/Page_Moodle Log in to the site/button_Log in' is clicked on

2022-01-16 21:19:05 - [TEST_STEP][PASSED] - verifyElementText(findTestObject("Object Repository/Page_Dashboard/span_Stats"), "Stats"): Actual text and expected text of test object 'Object Repository/Page_Dashboard/span_Stats' are matched.

2022-01-16 21:19:07 - [MESSAGE][PASSED] - Actual text and expected text of test object 'Object Repository/Page_Dashboard/span_Stats' are matched.

2022-01-16 21:19:07 - [TEST_STEP][PASSED] - click(findTestObject("Object Repository/Page_Dashboard/a_Quach Minh Khoi")): Object: 'Object Repository/Page_Dashboard/a_Quach Minh Khoi' is clicked on

2022-01-16 21:19:07 - [MESSAGE][PASSED] - Object: 'Object Repository/Page_Dashboard/a_Quach Minh Khoi' is clicked on

2022-01-16 21:19:07 - [TEST_STEP][PASSED] - click(findTestObject("Object Repository/Page_Dashboard/span_Log out")): Object: 'Object Repository/Page_Dashboard/span_Log out' is clicked on

2022-01-16 21:19:08 - [MESSAGE][PASSED] - Object: 'Object Repository/Page_Dashboard/span_Log out' is clicked on

2022-01-16 21:19:08 - [TEST_STEP][PASSED] - click(findTestObject("Object Repository/Page_Moodle/a_Log in")): Object: 'Object Repository/Page_Moodle/a_Log in' is clicked on

2022-01-16 21:19:08 - [MESSAGE][PASSED] - Object: 'Object Repository/Page_Moodle/a_Log in' is clicked on

2022-01-16 21:19:08 - [TEST_STEP][PASSED] - setText(findTestObject("Object Repository/Page_Moodle Log in to the site/input_Username_username"), "admin"): Text 'admin' is set on object 'Object Repository/Page_Moodle Log in to the site/input_Username_username'

2022-01-16 21:19:09 - [MESSAGE][PASSED] - Text 'admin' is set on object 'Object Repository/Page_Moodle Log in to the site/input_Username_username'

2022-01-16 21:19:09 - [TEST_STEP][PASSED] - setEncryptedText(findTestObject("Object Repository/Page_Moodle Log in to the site/input_Password_password"), "r6H/uPCyCbQX7sAf5E1f3g=="): Text ****** has been set on object 'Object Repository/Page_Moodle Log in to the site/input_Password_password'

2022-01-16 21:19:09 - [MESSAGE][PASSED] - Text ****** has been set on object 'Object Repository/Page_Moodle Log in to the site/input_Password_password'

2022-01-16 21:19:09 - [TEST_STEP][PASSED] - click(findTestObject("Object Repository/Page_Moodle Log in to the site/button_Log in")): Object: 'Object Repository/Page_Moodle Log in to the site/button_Log in' is clicked on

2022-01-16 21:19:10 - [MESSAGE][PASSED] - Object: 'Object Repository/Page_Moodle Log in to the site/button_Log in' is clicked on

2022-01-16 21:19:10 - [TEST_STEP][PASSED] - click(findTestObject("Object Repository/Page_Dashboard/span_Site administration")): Object: 'Object Repository/Page_Dashboard/span_Site administration' is clicked on

2022-01-16 21:19:12 - [MESSAGE][PASSED] - Object: 'Object Repository/Page_Dashboard/span_Site administration' is clicked on

2022-01-16 21:19:12 - [TEST_STEP][PASSED] - click(findTestObject("Object Repository/Page_Mood Administration Search/a_Courses")): Object: 'Object Repository/Page_Mood Administration Search/a_Courses' is clicked on

2022-01-16 21:19:13 - [MESSAGE][PASSED] - Object: 'Object Repository/Page_Mood Administration Search/a_Courses' is clicked on

2022-01-16 21:19:13 - [TEST_STEP][PASSED] - click(findTestObject("Object Repository/Page_Mood Administration Search/a_Manage courses and categories")): Object: 'Object Repository/Page_Mood Administration Search/a_Manage courses and categories' is clicked on

2022-01-16 21:19:14 - [MESSAGE][PASSED] - Object: 'Object Repository/Page_Mood Administration Search/a_Manage courses and categories' is clicked on

2022-01-16 21:19:14 - [TEST_STEP][PASSED] - waitForElementVisible(findTestObject("Object Repository/Page_Course and category management/div_Statistics bulk action selectionStatistics"), 0): Object 'Object Repository/Page_Course and category management/div_Statistics bulk action selectionStatistics' is visible

2022-01-16 21:19:14 - [MESSAGE][WARNING] - Timeout '0' is invalid. Using default page load timeout: '30'

2022-01-16 21:19:45 - [MESSAGE][INFO] - Unable to find the element located by 'By.xpath: //div[@id='yui_3_17_2_1_1642275183792_317']'. Please recheck the objects properties to make sure the desired element is located. 

2022-01-16 21:19:45 - [MESSAGE][WARNING] - [SELF-HEALING] Failed to find element with id 'Object Repository/Page_Course and category management/div_Statistics bulk action selectionStatistics'. Try using Self-healing.

2022-01-16 21:19:45 - [MESSAGE][WARNING] - [SELF-HEALING] The current locator of test object 'Object Repository/Page_Course and category management/div_Statistics bulk action selectionStatistics' was broken. Propose an alternative one: '(.//*[normalize-space(text()) and normalize-space(.)='All'])[1]/following::div[1]'.

2022-01-16 21:19:45 - [MESSAGE][PASSED] - Object 'Object Repository/Page_Course and category management/div_Statistics bulk action selectionStatistics' is visible

2022-01-16 21:19:45 - [TEST_STEP][PASSED] - verifyElementText(findTestObject("Object Repository/Page_Course and category management/a_Statistics"), "Statistics"): Actual text and expected text of test object 'Object Repository/Page_Course and category management/a_Statistics' are matched.

2022-01-16 21:20:17 - [MESSAGE][INFO] - Unable to find the element located by 'By.xpath: //a[@id='yui_3_17_2_1_1642275183792_325']'. Please recheck the objects properties to make sure the desired element is located. 

2022-01-16 21:20:17 - [MESSAGE][WARNING] - [SELF-HEALING] Failed to find element with id 'Object Repository/Page_Course and category management/a_Statistics'. Try using Self-healing.

2022-01-16 21:20:17 - [MESSAGE][WARNING] - [SELF-HEALING] The current locator of test object 'Object Repository/Page_Course and category management/a_Statistics' was broken. Propose an alternative one: '//a[contains(text(),'Statistics')]'.

2022-01-16 21:20:17 - [MESSAGE][PASSED] - Actual text and expected text of test object 'Object Repository/Page_Course and category management/a_Statistics' are matched.

2022-01-16 21:20:17 - [TEST_STEP][PASSED] - click(findTestObject("Object Repository/Page_Course and category management/i_Statistics_yui_3_17_2_1_1642275183792_327")): Object: 'Object Repository/Page_Course and category management/i_Statistics_yui_3_17_2_1_1642275183792_327' is clicked on

2022-01-16 21:20:48 - [MESSAGE][INFO] - Unable to find the element located by 'By.xpath: //i[@id='yui_3_17_2_1_1642275183792_327']'. Please recheck the objects properties to make sure the desired element is located. 

2022-01-16 21:20:48 - [MESSAGE][WARNING] - [SELF-HEALING] Failed to find element with id 'Object Repository/Page_Course and category management/i_Statistics_yui_3_17_2_1_1642275183792_327'. Try using Self-healing.

2022-01-16 21:20:48 - [MESSAGE][WARNING] - [SELF-HEALING] The current locator of test object 'Object Repository/Page_Course and category management/i_Statistics_yui_3_17_2_1_1642275183792_327' was broken. Propose an alternative one: '//span/a[3]/i'.

2022-01-16 21:20:49 - [MESSAGE][PASSED] - Object: 'Object Repository/Page_Course and category management/i_Statistics_yui_3_17_2_1_1642275183792_327' is clicked on

2022-01-16 21:20:49 - [TEST_STEP][PASSED] - click(findTestObject("Object Repository/Page_Mood Delete Stats/button_Delete")): Object: 'Object Repository/Page_Mood Delete Stats/button_Delete' is clicked on

2022-01-16 21:21:20 - [MESSAGE][INFO] - Unable to find the element located by 'By.xpath: //button[@id='single_button61e32188cdcac14']'. Please recheck the objects properties to make sure the desired element is located. 

2022-01-16 21:21:20 - [MESSAGE][WARNING] - [SELF-HEALING] Failed to find element with id 'Object Repository/Page_Mood Delete Stats/button_Delete'. Try using Self-healing.

2022-01-16 21:21:20 - [MESSAGE][WARNING] - [SELF-HEALING] The current locator of test object 'Object Repository/Page_Mood Delete Stats/button_Delete' was broken. Propose an alternative one: '//div[@id='modal-footer']/div/div/form/button'.

2022-01-16 21:21:21 - [MESSAGE][PASSED] - Object: 'Object Repository/Page_Mood Delete Stats/button_Delete' is clicked on

2022-01-16 21:21:21 - [TEST_STEP][PASSED] - verifyElementText(findTestObject("Object Repository/Page_Mood Deleting Stats/h2_Deleting Stats"), "Deleting Stats"): Actual text and expected text of test object 'Object Repository/Page_Mood Deleting Stats/h2_Deleting Stats' are matched.

2022-01-16 21:21:21 - [MESSAGE][PASSED] - Actual text and expected text of test object 'Object Repository/Page_Mood Deleting Stats/h2_Deleting Stats' are matched.

2022-01-16 21:21:21 - [TEST_STEP][PASSED] - closeBrowser(): Browser is closed

2022-01-16 21:21:22 - [MESSAGE][PASSED] - Browser is closed]]></system-out>
         <system-err><![CDATA[]]></system-err>
      </testcase>
      <testcase name="Test Cases/test case 12" time="258.412" classname="Test Cases/test case 12" status="PASSED">
         <system-out><![CDATA[2022-01-16 21:21:22 - [TEST_CASE][PASSED] - Test Cases/test case 12: Test Cases/test case 12

2022-01-16 21:21:22 - [TEST_STEP][PASSED] - openBrowser(""): Browser is opened with url: ''

2022-01-16 21:21:22 - [MESSAGE][INFO] - Starting 'Chrome' driver

2022-01-16 21:21:22 - [MESSAGE][INFO] - Action delay is set to 0 milliseconds

2022-01-16 21:21:23 - [MESSAGE][PASSED] - Browser is opened with url: ''

2022-01-16 21:21:23 - [TEST_STEP][PASSED] - navigateToUrl("http://localhost/"): Navigate to 'http://localhost/' successfully

2022-01-16 21:21:25 - [MESSAGE][PASSED] - Navigate to 'http://localhost/' successfully

2022-01-16 21:21:25 - [TEST_STEP][PASSED] - click(findTestObject("Object Repository/Page_Moodle/a_Log in")): Object: 'Object Repository/Page_Moodle/a_Log in' is clicked on

2022-01-16 21:21:25 - [MESSAGE][PASSED] - Object: 'Object Repository/Page_Moodle/a_Log in' is clicked on

2022-01-16 21:21:25 - [TEST_STEP][PASSED] - setText(findTestObject("Object Repository/Page_Moodle Log in to the site/input_Username_username"), "admin"): Text 'admin' is set on object 'Object Repository/Page_Moodle Log in to the site/input_Username_username'

2022-01-16 21:21:26 - [MESSAGE][PASSED] - Text 'admin' is set on object 'Object Repository/Page_Moodle Log in to the site/input_Username_username'

2022-01-16 21:21:26 - [TEST_STEP][PASSED] - setEncryptedText(findTestObject("Object Repository/Page_Moodle Log in to the site/input_Password_password"), "r6H/uPCyCbQX7sAf5E1f3g=="): Text ****** has been set on object 'Object Repository/Page_Moodle Log in to the site/input_Password_password'

2022-01-16 21:21:27 - [MESSAGE][PASSED] - Text ****** has been set on object 'Object Repository/Page_Moodle Log in to the site/input_Password_password'

2022-01-16 21:21:27 - [TEST_STEP][PASSED] - click(findTestObject("Object Repository/Page_Moodle Log in to the site/button_Log in")): Object: 'Object Repository/Page_Moodle Log in to the site/button_Log in' is clicked on

2022-01-16 21:21:28 - [MESSAGE][PASSED] - Object: 'Object Repository/Page_Moodle Log in to the site/button_Log in' is clicked on

2022-01-16 21:21:28 - [TEST_STEP][PASSED] - click(findTestObject("Object Repository/Page_Dashboard/span_Site administration")): Object: 'Object Repository/Page_Dashboard/span_Site administration' is clicked on

2022-01-16 21:21:30 - [MESSAGE][PASSED] - Object: 'Object Repository/Page_Dashboard/span_Site administration' is clicked on

2022-01-16 21:21:30 - [TEST_STEP][PASSED] - click(findTestObject("Object Repository/Page_Mood Administration Search/a_Courses")): Object: 'Object Repository/Page_Mood Administration Search/a_Courses' is clicked on

2022-01-16 21:21:30 - [MESSAGE][PASSED] - Object: 'Object Repository/Page_Mood Administration Search/a_Courses' is clicked on

2022-01-16 21:21:30 - [TEST_STEP][PASSED] - click(findTestObject("Object Repository/Page_Mood Administration Search/a_Manage courses and categories")): Object: 'Object Repository/Page_Mood Administration Search/a_Manage courses and categories' is clicked on

2022-01-16 21:21:31 - [MESSAGE][PASSED] - Object: 'Object Repository/Page_Mood Administration Search/a_Manage courses and categories' is clicked on

2022-01-16 21:21:31 - [TEST_STEP][PASSED] - click(findTestObject("Object Repository/Page_Course and category management/a_Create new course")): Object: 'Object Repository/Page_Course and category management/a_Create new course' is clicked on

2022-01-16 21:22:02 - [MESSAGE][INFO] - Unable to find the element located by 'By.xpath: //div[@id='yui_3_17_2_1_1642173112741_71']/div/div/a'. Please recheck the objects properties to make sure the desired element is located. 

2022-01-16 21:22:02 - [MESSAGE][WARNING] - [SELF-HEALING] Failed to find element with id 'Object Repository/Page_Course and category management/a_Create new course'. Try using Self-healing.

2022-01-16 21:22:03 - [MESSAGE][WARNING] - [SELF-HEALING] The current locator of test object 'Object Repository/Page_Course and category management/a_Create new course' was broken. Propose an alternative one: '//a[contains(text(),'Create new course')]'.

2022-01-16 21:22:04 - [MESSAGE][PASSED] - Object: 'Object Repository/Page_Course and category management/a_Create new course' is clicked on

2022-01-16 21:22:04 - [TEST_STEP][PASSED] - waitForElementVisible(findTestObject("Object Repository/Page_Mood Add a new course/label_Course full name"), 0): Object 'Object Repository/Page_Mood Add a new course/label_Course full name' is visible

2022-01-16 21:22:04 - [MESSAGE][WARNING] - Timeout '0' is invalid. Using default page load timeout: '30'

2022-01-16 21:22:05 - [MESSAGE][PASSED] - Object 'Object Repository/Page_Mood Add a new course/label_Course full name' is visible

2022-01-16 21:22:05 - [TEST_STEP][PASSED] - setText(findTestObject("Object Repository/Page_Mood Add a new course/input_Course full name_fullname"), "Statistics"): Text 'Statistics' is set on object 'Object Repository/Page_Mood Add a new course/input_Course full name_fullname'

2022-01-16 21:22:05 - [MESSAGE][PASSED] - Text 'Statistics' is set on object 'Object Repository/Page_Mood Add a new course/input_Course full name_fullname'

2022-01-16 21:22:05 - [TEST_STEP][PASSED] - setText(findTestObject("Object Repository/Page_Mood Add a new course/input_Course short name_shortname"), "Stats"): Text 'Stats' is set on object 'Object Repository/Page_Mood Add a new course/input_Course short name_shortname'

2022-01-16 21:22:06 - [MESSAGE][PASSED] - Text 'Stats' is set on object 'Object Repository/Page_Mood Add a new course/input_Course short name_shortname'

2022-01-16 21:22:06 - [TEST_STEP][PASSED] - waitForElementVisible(findTestObject("Object Repository/Page_Mood Add a new course/p_Course start date"), 0): Object 'Object Repository/Page_Mood Add a new course/p_Course start date' is visible

2022-01-16 21:22:06 - [MESSAGE][WARNING] - Timeout '0' is invalid. Using default page load timeout: '30'

2022-01-16 21:22:07 - [MESSAGE][PASSED] - Object 'Object Repository/Page_Mood Add a new course/p_Course start date' is visible

2022-01-16 21:22:07 - [TEST_STEP][PASSED] - selectOptionByValue(findTestObject("Object Repository/Page_Mood Add a new course/select_1        2        3        4        _45ea30"), "13", true): All options with value '13' are selected in object 'Object Repository/Page_Mood Add a new course/select_1        2        3        4        _45ea30'  using regular expression

2022-01-16 21:22:08 - [MESSAGE][PASSED] - All options with value '13' are selected in object 'Object Repository/Page_Mood Add a new course/select_1        2        3        4        _45ea30'  using regular expression

2022-01-16 21:22:08 - [TEST_STEP][PASSED] - selectOptionByValue(findTestObject("Object Repository/Page_Mood Add a new course/select_1        2        3        4        _45ea30_1"), "13", true): All options with value '13' are selected in object 'Object Repository/Page_Mood Add a new course/select_1        2        3        4        _45ea30_1'  using regular expression

2022-01-16 21:22:09 - [MESSAGE][PASSED] - All options with value '13' are selected in object 'Object Repository/Page_Mood Add a new course/select_1        2        3        4        _45ea30_1'  using regular expression

2022-01-16 21:22:09 - [TEST_STEP][PASSED] - waitForElementVisible(findTestObject("Object Repository/Page_Mood Add a new course/input__saveanddisplay"), 0): Object 'Object Repository/Page_Mood Add a new course/input__saveanddisplay' is visible

2022-01-16 21:22:09 - [MESSAGE][WARNING] - Timeout '0' is invalid. Using default page load timeout: '30'

2022-01-16 21:22:09 - [MESSAGE][PASSED] - Object 'Object Repository/Page_Mood Add a new course/input__saveanddisplay' is visible

2022-01-16 21:22:09 - [TEST_STEP][PASSED] - click(findTestObject("Object Repository/Page_Mood Add a new course/input__saveanddisplay")): Object: 'Object Repository/Page_Mood Add a new course/input__saveanddisplay' is clicked on

2022-01-16 21:22:10 - [MESSAGE][PASSED] - Object: 'Object Repository/Page_Mood Add a new course/input__saveanddisplay' is clicked on

2022-01-16 21:22:10 - [TEST_STEP][PASSED] - waitForElementVisible(findTestObject("Object Repository/Page_Stats Participants/input_Participants_btn btn-secondary my-1"), 0): Object 'Object Repository/Page_Stats Participants/input_Participants_btn btn-secondary my-1' is visible

2022-01-16 21:22:10 - [MESSAGE][WARNING] - Timeout '0' is invalid. Using default page load timeout: '30'

2022-01-16 21:22:11 - [MESSAGE][PASSED] - Object 'Object Repository/Page_Stats Participants/input_Participants_btn btn-secondary my-1' is visible

2022-01-16 21:22:11 - [TEST_STEP][PASSED] - click(findTestObject("Object Repository/Page_Stats Participants/input_Participants_btn btn-secondary my-1")): Object: 'Object Repository/Page_Stats Participants/input_Participants_btn btn-secondary my-1' is clicked on

2022-01-16 21:22:11 - [MESSAGE][PASSED] - Object: 'Object Repository/Page_Stats Participants/input_Participants_btn btn-secondary my-1' is clicked on

2022-01-16 21:22:11 - [TEST_STEP][PASSED] - click(findTestObject("Object Repository/Page_Stats Participants/span_")): Object: 'Object Repository/Page_Stats Participants/span_' is clicked on

2022-01-16 21:22:42 - [MESSAGE][INFO] - Unable to find the element located by 'By.xpath: //span[@id='form_autocomplete_downarrow-1642275051251']'. Please recheck the objects properties to make sure the desired element is located. 

2022-01-16 21:22:42 - [MESSAGE][WARNING] - [SELF-HEALING] Failed to find element with id 'Object Repository/Page_Stats Participants/span_'. Try using Self-healing.

2022-01-16 21:22:42 - [MESSAGE][WARNING] - [SELF-HEALING] The current locator of test object 'Object Repository/Page_Stats Participants/span_' was broken. Propose an alternative one: '//div[@id='fitem_id_userlist']/div[2]/div[3]/span'.

2022-01-16 21:22:42 - [MESSAGE][PASSED] - Object: 'Object Repository/Page_Stats Participants/span_' is clicked on

2022-01-16 21:22:42 - [TEST_STEP][PASSED] - click(findTestObject("Object Repository/Page_Stats Participants/span_Quach Minh Khoi")): Object: 'Object Repository/Page_Stats Participants/span_Quach Minh Khoi' is clicked on

2022-01-16 21:23:14 - [MESSAGE][INFO] - Unable to find the element located by 'By.xpath: //li[@id='form_autocomplete_suggestions-1642173244309-0']/span/span'. Please recheck the objects properties to make sure the desired element is located. 

2022-01-16 21:23:14 - [MESSAGE][WARNING] - [SELF-HEALING] Failed to find element with id 'Object Repository/Page_Stats Participants/span_Quach Minh Khoi'. Try using Self-healing.

2022-01-16 21:23:14 - [MESSAGE][WARNING] - [SELF-HEALING] The current locator of test object 'Object Repository/Page_Stats Participants/span_Quach Minh Khoi' was broken. Propose an alternative one: '(.//*[normalize-space(text()) and normalize-space(.)='▼'])[1]/following::span[2]'.

2022-01-16 21:23:14 - [MESSAGE][PASSED] - Object: 'Object Repository/Page_Stats Participants/span_Quach Minh Khoi' is clicked on

2022-01-16 21:23:14 - [TEST_STEP][PASSED] - selectOptionByValue(findTestObject("Object Repository/Page_Stats Participants/select_Quach Minh Khoi    qmkhoi19gmail.com_d68a25"), "17", true): All options with value '17' are selected in object 'Object Repository/Page_Stats Participants/select_Quach Minh Khoi    qmkhoi19gmail.com_d68a25'  using regular expression

2022-01-16 21:23:15 - [MESSAGE][PASSED] - All options with value '17' are selected in object 'Object Repository/Page_Stats Participants/select_Quach Minh Khoi    qmkhoi19gmail.com_d68a25'  using regular expression

2022-01-16 21:23:15 - [TEST_STEP][PASSED] - selectOptionByValue(findTestObject("Object Repository/Page_Stats Participants/select_Quach Minh Khoi    qmkhoi19gmail.com_d68a25"), "17", true): All options with value '17' are selected in object 'Object Repository/Page_Stats Participants/select_Quach Minh Khoi    qmkhoi19gmail.com_d68a25'  using regular expression

2022-01-16 21:23:16 - [MESSAGE][PASSED] - All options with value '17' are selected in object 'Object Repository/Page_Stats Participants/select_Quach Minh Khoi    qmkhoi19gmail.com_d68a25'  using regular expression

2022-01-16 21:23:16 - [TEST_STEP][PASSED] - selectOptionByValue(findTestObject("Object Repository/Page_Stats Participants/select_Quach Minh Khoi    qmkhoi19gmail.com_d68a25"), "17", true): All options with value '17' are selected in object 'Object Repository/Page_Stats Participants/select_Quach Minh Khoi    qmkhoi19gmail.com_d68a25'  using regular expression

2022-01-16 21:23:17 - [MESSAGE][PASSED] - All options with value '17' are selected in object 'Object Repository/Page_Stats Participants/select_Quach Minh Khoi    qmkhoi19gmail.com_d68a25'  using regular expression

2022-01-16 21:23:17 - [TEST_STEP][PASSED] - selectOptionByValue(findTestObject("Object Repository/Page_Stats Participants/select_Quach Minh Khoi    qmkhoi19gmail.com_d68a25"), "17", true): All options with value '17' are selected in object 'Object Repository/Page_Stats Participants/select_Quach Minh Khoi    qmkhoi19gmail.com_d68a25'  using regular expression

2022-01-16 21:23:18 - [MESSAGE][PASSED] - All options with value '17' are selected in object 'Object Repository/Page_Stats Participants/select_Quach Minh Khoi    qmkhoi19gmail.com_d68a25'  using regular expression

2022-01-16 21:23:18 - [TEST_STEP][PASSED] - click(findTestObject("Object Repository/Page_Stats Participants/label_Assign role")): Object: 'Object Repository/Page_Stats Participants/label_Assign role' is clicked on

2022-01-16 21:23:18 - [MESSAGE][PASSED] - Object: 'Object Repository/Page_Stats Participants/label_Assign role' is clicked on

2022-01-16 21:23:18 - [TEST_STEP][PASSED] - click(findTestObject("Object Repository/Page_Stats Participants/button_Enrol users")): Object: 'Object Repository/Page_Stats Participants/button_Enrol users' is clicked on

2022-01-16 21:23:49 - [MESSAGE][INFO] - Unable to find the element located by 'By.xpath: //button[@id='yui_3_17_2_1_1642275051002_262']'. Please recheck the objects properties to make sure the desired element is located. 

2022-01-16 21:23:49 - [MESSAGE][WARNING] - [SELF-HEALING] Failed to find element with id 'Object Repository/Page_Stats Participants/button_Enrol users'. Try using Self-healing.

2022-01-16 21:23:49 - [MESSAGE][WARNING] - [SELF-HEALING] The current locator of test object 'Object Repository/Page_Stats Participants/button_Enrol users' was broken. Propose an alternative one: '(.//*[normalize-space(text()) and normalize-space(.)='Minute'])[1]/following::button[1]'.

2022-01-16 21:23:49 - [MESSAGE][PASSED] - Object: 'Object Repository/Page_Stats Participants/button_Enrol users' is clicked on

2022-01-16 21:23:49 - [TEST_STEP][PASSED] - click(findTestObject("Object Repository/Page_Stats Participants/a_Admin User")): Object: 'Object Repository/Page_Stats Participants/a_Admin User' is clicked on

2022-01-16 21:23:50 - [MESSAGE][PASSED] - Object: 'Object Repository/Page_Stats Participants/a_Admin User' is clicked on

2022-01-16 21:23:50 - [TEST_STEP][PASSED] - click(findTestObject("Object Repository/Page_Stats Participants/span_Log out")): Object: 'Object Repository/Page_Stats Participants/span_Log out' is clicked on

2022-01-16 21:23:51 - [MESSAGE][PASSED] - Object: 'Object Repository/Page_Stats Participants/span_Log out' is clicked on

2022-01-16 21:23:51 - [TEST_STEP][PASSED] - click(findTestObject("Object Repository/Page_Moodle/a_Log in")): Object: 'Object Repository/Page_Moodle/a_Log in' is clicked on

2022-01-16 21:23:52 - [MESSAGE][PASSED] - Object: 'Object Repository/Page_Moodle/a_Log in' is clicked on

2022-01-16 21:23:52 - [TEST_STEP][PASSED] - setText(findTestObject("Object Repository/Page_Moodle Log in to the site/input_Username_username"), "qmkhoi"): Text 'qmkhoi' is set on object 'Object Repository/Page_Moodle Log in to the site/input_Username_username'

2022-01-16 21:23:52 - [MESSAGE][PASSED] - Text 'qmkhoi' is set on object 'Object Repository/Page_Moodle Log in to the site/input_Username_username'

2022-01-16 21:23:52 - [TEST_STEP][PASSED] - setEncryptedText(findTestObject("Object Repository/Page_Moodle Log in to the site/input_Password_password"), "eiP2h/EMT1hJlGmKEGA7sg=="): Text ****** has been set on object 'Object Repository/Page_Moodle Log in to the site/input_Password_password'

2022-01-16 21:23:53 - [MESSAGE][PASSED] - Text ****** has been set on object 'Object Repository/Page_Moodle Log in to the site/input_Password_password'

2022-01-16 21:23:53 - [TEST_STEP][PASSED] - click(findTestObject("Object Repository/Page_Moodle Log in to the site/button_Log in")): Object: 'Object Repository/Page_Moodle Log in to the site/button_Log in' is clicked on

2022-01-16 21:23:54 - [MESSAGE][PASSED] - Object: 'Object Repository/Page_Moodle Log in to the site/button_Log in' is clicked on

2022-01-16 21:23:54 - [TEST_STEP][PASSED] - verifyElementText(findTestObject("Object Repository/Page_Dashboard/span_Stats"), "Stats"): Actual text and expected text of test object 'Object Repository/Page_Dashboard/span_Stats' are matched.

2022-01-16 21:23:55 - [MESSAGE][PASSED] - Actual text and expected text of test object 'Object Repository/Page_Dashboard/span_Stats' are matched.

2022-01-16 21:23:55 - [TEST_STEP][PASSED] - click(findTestObject("Object Repository/Page_Dashboard/a_Quach Minh Khoi")): Object: 'Object Repository/Page_Dashboard/a_Quach Minh Khoi' is clicked on

2022-01-16 21:23:56 - [MESSAGE][PASSED] - Object: 'Object Repository/Page_Dashboard/a_Quach Minh Khoi' is clicked on

2022-01-16 21:23:56 - [TEST_STEP][PASSED] - click(findTestObject("Object Repository/Page_Dashboard/span_Log out")): Object: 'Object Repository/Page_Dashboard/span_Log out' is clicked on

2022-01-16 21:23:56 - [MESSAGE][PASSED] - Object: 'Object Repository/Page_Dashboard/span_Log out' is clicked on

2022-01-16 21:23:56 - [TEST_STEP][PASSED] - click(findTestObject("Object Repository/Page_Moodle/a_Log in")): Object: 'Object Repository/Page_Moodle/a_Log in' is clicked on

2022-01-16 21:23:57 - [MESSAGE][PASSED] - Object: 'Object Repository/Page_Moodle/a_Log in' is clicked on

2022-01-16 21:23:57 - [TEST_STEP][PASSED] - setText(findTestObject("Object Repository/Page_Moodle Log in to the site/input_Username_username"), "admin"): Text 'admin' is set on object 'Object Repository/Page_Moodle Log in to the site/input_Username_username'

2022-01-16 21:23:58 - [MESSAGE][PASSED] - Text 'admin' is set on object 'Object Repository/Page_Moodle Log in to the site/input_Username_username'

2022-01-16 21:23:58 - [TEST_STEP][PASSED] - setEncryptedText(findTestObject("Object Repository/Page_Moodle Log in to the site/input_Password_password"), "r6H/uPCyCbQX7sAf5E1f3g=="): Text ****** has been set on object 'Object Repository/Page_Moodle Log in to the site/input_Password_password'

2022-01-16 21:23:58 - [MESSAGE][PASSED] - Text ****** has been set on object 'Object Repository/Page_Moodle Log in to the site/input_Password_password'

2022-01-16 21:23:58 - [TEST_STEP][PASSED] - click(findTestObject("Object Repository/Page_Moodle Log in to the site/button_Log in")): Object: 'Object Repository/Page_Moodle Log in to the site/button_Log in' is clicked on

2022-01-16 21:24:00 - [MESSAGE][PASSED] - Object: 'Object Repository/Page_Moodle Log in to the site/button_Log in' is clicked on

2022-01-16 21:24:00 - [TEST_STEP][PASSED] - click(findTestObject("Object Repository/Page_Dashboard/span_Site administration")): Object: 'Object Repository/Page_Dashboard/span_Site administration' is clicked on

2022-01-16 21:24:02 - [MESSAGE][PASSED] - Object: 'Object Repository/Page_Dashboard/span_Site administration' is clicked on

2022-01-16 21:24:02 - [TEST_STEP][PASSED] - click(findTestObject("Object Repository/Page_Mood Administration Search/a_Courses")): Object: 'Object Repository/Page_Mood Administration Search/a_Courses' is clicked on

2022-01-16 21:24:02 - [MESSAGE][PASSED] - Object: 'Object Repository/Page_Mood Administration Search/a_Courses' is clicked on

2022-01-16 21:24:02 - [TEST_STEP][PASSED] - click(findTestObject("Object Repository/Page_Mood Administration Search/a_Manage courses and categories")): Object: 'Object Repository/Page_Mood Administration Search/a_Manage courses and categories' is clicked on

2022-01-16 21:24:03 - [MESSAGE][PASSED] - Object: 'Object Repository/Page_Mood Administration Search/a_Manage courses and categories' is clicked on

2022-01-16 21:24:03 - [TEST_STEP][PASSED] - waitForElementVisible(findTestObject("Object Repository/Page_Course and category management/a_Statistics"), 0): Object 'Object Repository/Page_Course and category management/a_Statistics' is visible

2022-01-16 21:24:03 - [MESSAGE][WARNING] - Timeout '0' is invalid. Using default page load timeout: '30'

2022-01-16 21:24:35 - [MESSAGE][INFO] - Unable to find the element located by 'By.xpath: //a[@id='yui_3_17_2_1_1642275183792_325']'. Please recheck the objects properties to make sure the desired element is located. 

2022-01-16 21:24:35 - [MESSAGE][WARNING] - [SELF-HEALING] Failed to find element with id 'Object Repository/Page_Course and category management/a_Statistics'. Try using Self-healing.

2022-01-16 21:24:35 - [MESSAGE][WARNING] - [SELF-HEALING] The current locator of test object 'Object Repository/Page_Course and category management/a_Statistics' was broken. Propose an alternative one: '//a[contains(text(),'Statistics')]'.

2022-01-16 21:24:35 - [MESSAGE][PASSED] - Object 'Object Repository/Page_Course and category management/a_Statistics' is visible

2022-01-16 21:24:35 - [TEST_STEP][PASSED] - click(findTestObject("Object Repository/Page_Course and category management/i_Statistics_yui_3_17_2_1_1642173463341_325")): Object: 'Object Repository/Page_Course and category management/i_Statistics_yui_3_17_2_1_1642173463341_325' is clicked on

2022-01-16 21:25:06 - [MESSAGE][INFO] - Unable to find the element located by 'By.xpath: //i[@id='yui_3_17_2_1_1642173463341_325']'. Please recheck the objects properties to make sure the desired element is located. 

2022-01-16 21:25:06 - [MESSAGE][WARNING] - [SELF-HEALING] Failed to find element with id 'Object Repository/Page_Course and category management/i_Statistics_yui_3_17_2_1_1642173463341_325'. Try using Self-healing.

2022-01-16 21:25:06 - [MESSAGE][WARNING] - [SELF-HEALING] The current locator of test object 'Object Repository/Page_Course and category management/i_Statistics_yui_3_17_2_1_1642173463341_325' was broken. Propose an alternative one: '//span/a[3]/i'.

2022-01-16 21:25:07 - [MESSAGE][PASSED] - Object: 'Object Repository/Page_Course and category management/i_Statistics_yui_3_17_2_1_1642173463341_325' is clicked on

2022-01-16 21:25:07 - [TEST_STEP][PASSED] - click(findTestObject("Object Repository/Page_Mood Delete Stats/button_Delete")): Object: 'Object Repository/Page_Mood Delete Stats/button_Delete' is clicked on

2022-01-16 21:25:38 - [MESSAGE][INFO] - Unable to find the element located by 'By.xpath: //button[@id='single_button61e32188cdcac14']'. Please recheck the objects properties to make sure the desired element is located. 

2022-01-16 21:25:38 - [MESSAGE][WARNING] - [SELF-HEALING] Failed to find element with id 'Object Repository/Page_Mood Delete Stats/button_Delete'. Try using Self-healing.

2022-01-16 21:25:38 - [MESSAGE][WARNING] - [SELF-HEALING] The current locator of test object 'Object Repository/Page_Mood Delete Stats/button_Delete' was broken. Propose an alternative one: '//div[@id='modal-footer']/div/div/form/button'.

2022-01-16 21:25:39 - [MESSAGE][PASSED] - Object: 'Object Repository/Page_Mood Delete Stats/button_Delete' is clicked on

2022-01-16 21:25:39 - [TEST_STEP][PASSED] - click(findTestObject("Object Repository/Page_Mood Deleting Stats/section_Deleting Stats        Deleted - Com_528425")): Object: 'Object Repository/Page_Mood Deleting Stats/section_Deleting Stats        Deleted - Com_528425' is clicked on

2022-01-16 21:25:39 - [MESSAGE][PASSED] - Object: 'Object Repository/Page_Mood Deleting Stats/section_Deleting Stats        Deleted - Com_528425' is clicked on

2022-01-16 21:25:39 - [TEST_STEP][PASSED] - verifyElementText(findTestObject("Object Repository/Page_Mood Deleting Stats/h2_Deleting Stats"), "Deleting Stats"): Actual text and expected text of test object 'Object Repository/Page_Mood Deleting Stats/h2_Deleting Stats' are matched.

2022-01-16 21:25:40 - [MESSAGE][PASSED] - Actual text and expected text of test object 'Object Repository/Page_Mood Deleting Stats/h2_Deleting Stats' are matched.

2022-01-16 21:25:40 - [TEST_STEP][PASSED] - closeBrowser(): Browser is closed

2022-01-16 21:25:40 - [MESSAGE][PASSED] - Browser is closed]]></system-out>
         <system-err><![CDATA[]]></system-err>
      </testcase>
      <testcase name="Test Cases/test case 13" time="44.123" classname="Test Cases/test case 13" status="PASSED">
         <system-out><![CDATA[2022-01-16 21:25:40 - [TEST_CASE][PASSED] - Test Cases/test case 13: Test Cases/test case 13

2022-01-16 21:25:41 - [TEST_STEP][PASSED] - openBrowser(""): Browser is opened with url: ''

2022-01-16 21:25:41 - [MESSAGE][INFO] - Starting 'Chrome' driver

2022-01-16 21:25:41 - [MESSAGE][INFO] - Action delay is set to 0 milliseconds

2022-01-16 21:25:42 - [MESSAGE][PASSED] - Browser is opened with url: ''

2022-01-16 21:25:42 - [TEST_STEP][PASSED] - navigateToUrl("http://localhost/"): Navigate to 'http://localhost/' successfully

2022-01-16 21:25:43 - [MESSAGE][PASSED] - Navigate to 'http://localhost/' successfully

2022-01-16 21:25:43 - [TEST_STEP][PASSED] - click(findTestObject("Object Repository/Page_Moodle/a_Log in")): Object: 'Object Repository/Page_Moodle/a_Log in' is clicked on

2022-01-16 21:25:44 - [MESSAGE][PASSED] - Object: 'Object Repository/Page_Moodle/a_Log in' is clicked on

2022-01-16 21:25:44 - [TEST_STEP][PASSED] - setText(findTestObject("Object Repository/Page_Moodle Log in to the site/input_Username_username"), "admin"): Text 'admin' is set on object 'Object Repository/Page_Moodle Log in to the site/input_Username_username'

2022-01-16 21:25:45 - [MESSAGE][PASSED] - Text 'admin' is set on object 'Object Repository/Page_Moodle Log in to the site/input_Username_username'

2022-01-16 21:25:45 - [TEST_STEP][PASSED] - setEncryptedText(findTestObject("Object Repository/Page_Moodle Log in to the site/input_Password_password"), "r6H/uPCyCbQX7sAf5E1f3g=="): Text ****** has been set on object 'Object Repository/Page_Moodle Log in to the site/input_Password_password'

2022-01-16 21:25:45 - [MESSAGE][PASSED] - Text ****** has been set on object 'Object Repository/Page_Moodle Log in to the site/input_Password_password'

2022-01-16 21:25:45 - [TEST_STEP][PASSED] - click(findTestObject("Object Repository/Page_Moodle Log in to the site/button_Log in")): Object: 'Object Repository/Page_Moodle Log in to the site/button_Log in' is clicked on

2022-01-16 21:25:46 - [MESSAGE][PASSED] - Object: 'Object Repository/Page_Moodle Log in to the site/button_Log in' is clicked on

2022-01-16 21:25:46 - [TEST_STEP][PASSED] - verifyElementText(findTestObject("Object Repository/Page_Dashboard/span_Site administration"), "Site administration"): Actual text and expected text of test object 'Object Repository/Page_Dashboard/span_Site administration' are matched.

2022-01-16 21:25:48 - [MESSAGE][PASSED] - Actual text and expected text of test object 'Object Repository/Page_Dashboard/span_Site administration' are matched.

2022-01-16 21:25:48 - [TEST_STEP][PASSED] - click(findTestObject("Object Repository/Page_Dashboard/span_Site administration")): Object: 'Object Repository/Page_Dashboard/span_Site administration' is clicked on

2022-01-16 21:25:49 - [MESSAGE][PASSED] - Object: 'Object Repository/Page_Dashboard/span_Site administration' is clicked on

2022-01-16 21:25:49 - [TEST_STEP][PASSED] - click(findTestObject("Object Repository/Page_Mood Administration Search/a_Courses")): Object: 'Object Repository/Page_Mood Administration Search/a_Courses' is clicked on

2022-01-16 21:25:50 - [MESSAGE][PASSED] - Object: 'Object Repository/Page_Mood Administration Search/a_Courses' is clicked on

2022-01-16 21:25:50 - [TEST_STEP][PASSED] - click(findTestObject("Object Repository/Page_Mood Administration Search/a_Add a new course")): Object: 'Object Repository/Page_Mood Administration Search/a_Add a new course' is clicked on

2022-01-16 21:25:51 - [MESSAGE][PASSED] - Object: 'Object Repository/Page_Mood Administration Search/a_Add a new course' is clicked on

2022-01-16 21:25:51 - [TEST_STEP][PASSED] - verifyElementText(findTestObject("Object Repository/Page_Mood Add a new course/h2_Add a new course"), "Add a new course"): Actual text and expected text of test object 'Object Repository/Page_Mood Add a new course/h2_Add a new course' are matched.

2022-01-16 21:26:22 - [MESSAGE][INFO] - Unable to find the element located by 'By.xpath: //div[@id='yui_3_17_2_1_1642243253552_65']/h2'. Please recheck the objects properties to make sure the desired element is located. 

2022-01-16 21:26:22 - [MESSAGE][WARNING] - [SELF-HEALING] Failed to find element with id 'Object Repository/Page_Mood Add a new course/h2_Add a new course'. Try using Self-healing.

2022-01-16 21:26:22 - [MESSAGE][WARNING] - [SELF-HEALING] The current locator of test object 'Object Repository/Page_Mood Add a new course/h2_Add a new course' was broken. Propose an alternative one: '(.//*[normalize-space(text()) and normalize-space(.)='Add a new course'])[1]/following::h2[1]'.

2022-01-16 21:26:22 - [MESSAGE][PASSED] - Actual text and expected text of test object 'Object Repository/Page_Mood Add a new course/h2_Add a new course' are matched.

2022-01-16 21:26:22 - [TEST_STEP][PASSED] - waitForElementVisible(findTestObject("Object Repository/Page_Mood Add a new course/input__saveanddisplay"), 0): Object 'Object Repository/Page_Mood Add a new course/input__saveanddisplay' is visible

2022-01-16 21:26:23 - [MESSAGE][WARNING] - Timeout '0' is invalid. Using default page load timeout: '30'

2022-01-16 21:26:23 - [MESSAGE][PASSED] - Object 'Object Repository/Page_Mood Add a new course/input__saveanddisplay' is visible

2022-01-16 21:26:23 - [TEST_STEP][PASSED] - click(findTestObject("Object Repository/Page_Mood Add a new course/input__saveanddisplay")): Object: 'Object Repository/Page_Mood Add a new course/input__saveanddisplay' is clicked on

2022-01-16 21:26:23 - [MESSAGE][PASSED] - Object: 'Object Repository/Page_Mood Add a new course/input__saveanddisplay' is clicked on

2022-01-16 21:26:23 - [TEST_STEP][PASSED] - verifyElementText(findTestObject("Object Repository/Page_Mood Add a new course/div_- Missing full name"), "- Missing full name"): Actual text and expected text of test object 'Object Repository/Page_Mood Add a new course/div_- Missing full name' are matched.

2022-01-16 21:26:24 - [MESSAGE][PASSED] - Actual text and expected text of test object 'Object Repository/Page_Mood Add a new course/div_- Missing full name' are matched.

2022-01-16 21:26:24 - [TEST_STEP][PASSED] - verifyElementText(findTestObject("Object Repository/Page_Mood Add a new course/div_- Missing short name"), "- Missing short name"): Actual text and expected text of test object 'Object Repository/Page_Mood Add a new course/div_- Missing short name' are matched.

2022-01-16 21:26:24 - [MESSAGE][PASSED] - Actual text and expected text of test object 'Object Repository/Page_Mood Add a new course/div_- Missing short name' are matched.

2022-01-16 21:26:24 - [TEST_STEP][PASSED] - closeBrowser(): Browser is closed

2022-01-16 21:26:25 - [MESSAGE][PASSED] - Browser is closed]]></system-out>
         <system-err><![CDATA[]]></system-err>
      </testcase>
      <testcase name="Test Cases/test case 14" time="49.116" classname="Test Cases/test case 14" status="PASSED">
         <system-out><![CDATA[2022-01-16 21:26:25 - [TEST_CASE][PASSED] - Test Cases/test case 14: Test Cases/test case 14

2022-01-16 21:26:25 - [TEST_STEP][PASSED] - openBrowser(""): Browser is opened with url: ''

2022-01-16 21:26:25 - [MESSAGE][INFO] - Starting 'Chrome' driver

2022-01-16 21:26:25 - [MESSAGE][INFO] - Action delay is set to 0 milliseconds

2022-01-16 21:26:26 - [MESSAGE][PASSED] - Browser is opened with url: ''

2022-01-16 21:26:26 - [TEST_STEP][PASSED] - navigateToUrl("http://localhost/"): Navigate to 'http://localhost/' successfully

2022-01-16 21:26:28 - [MESSAGE][PASSED] - Navigate to 'http://localhost/' successfully

2022-01-16 21:26:28 - [TEST_STEP][PASSED] - click(findTestObject("Object Repository/Page_Moodle/a_Log in")): Object: 'Object Repository/Page_Moodle/a_Log in' is clicked on

2022-01-16 21:26:28 - [MESSAGE][PASSED] - Object: 'Object Repository/Page_Moodle/a_Log in' is clicked on

2022-01-16 21:26:28 - [TEST_STEP][PASSED] - setText(findTestObject("Object Repository/Page_Moodle Log in to the site/input_Username_username"), "admin"): Text 'admin' is set on object 'Object Repository/Page_Moodle Log in to the site/input_Username_username'

2022-01-16 21:26:29 - [MESSAGE][PASSED] - Text 'admin' is set on object 'Object Repository/Page_Moodle Log in to the site/input_Username_username'

2022-01-16 21:26:29 - [TEST_STEP][PASSED] - setEncryptedText(findTestObject("Object Repository/Page_Moodle Log in to the site/input_Password_password"), "r6H/uPCyCbQX7sAf5E1f3g=="): Text ****** has been set on object 'Object Repository/Page_Moodle Log in to the site/input_Password_password'

2022-01-16 21:26:30 - [MESSAGE][PASSED] - Text ****** has been set on object 'Object Repository/Page_Moodle Log in to the site/input_Password_password'

2022-01-16 21:26:30 - [TEST_STEP][PASSED] - click(findTestObject("Object Repository/Page_Moodle Log in to the site/button_Log in")): Object: 'Object Repository/Page_Moodle Log in to the site/button_Log in' is clicked on

2022-01-16 21:26:31 - [MESSAGE][PASSED] - Object: 'Object Repository/Page_Moodle Log in to the site/button_Log in' is clicked on

2022-01-16 21:26:31 - [TEST_STEP][PASSED] - verifyElementText(findTestObject("Object Repository/Page_Dashboard/span_Site administration"), "Site administration"): Actual text and expected text of test object 'Object Repository/Page_Dashboard/span_Site administration' are matched.

2022-01-16 21:26:32 - [MESSAGE][PASSED] - Actual text and expected text of test object 'Object Repository/Page_Dashboard/span_Site administration' are matched.

2022-01-16 21:26:32 - [TEST_STEP][PASSED] - click(findTestObject("Object Repository/Page_Dashboard/span_Site administration")): Object: 'Object Repository/Page_Dashboard/span_Site administration' is clicked on

2022-01-16 21:26:34 - [MESSAGE][PASSED] - Object: 'Object Repository/Page_Dashboard/span_Site administration' is clicked on

2022-01-16 21:26:34 - [TEST_STEP][PASSED] - click(findTestObject("Object Repository/Page_Mood Administration Search/a_Courses")): Object: 'Object Repository/Page_Mood Administration Search/a_Courses' is clicked on

2022-01-16 21:26:35 - [MESSAGE][PASSED] - Object: 'Object Repository/Page_Mood Administration Search/a_Courses' is clicked on

2022-01-16 21:26:35 - [TEST_STEP][PASSED] - click(findTestObject("Object Repository/Page_Mood Administration Search/a_Add a new course")): Object: 'Object Repository/Page_Mood Administration Search/a_Add a new course' is clicked on

2022-01-16 21:26:37 - [MESSAGE][PASSED] - Object: 'Object Repository/Page_Mood Administration Search/a_Add a new course' is clicked on

2022-01-16 21:26:37 - [TEST_STEP][PASSED] - verifyElementText(findTestObject("Object Repository/Page_Mood Add a new course/h2_Add a new course"), "Add a new course"): Actual text and expected text of test object 'Object Repository/Page_Mood Add a new course/h2_Add a new course' are matched.

2022-01-16 21:27:08 - [MESSAGE][INFO] - Unable to find the element located by 'By.xpath: //div[@id='yui_3_17_2_1_1642243253552_65']/h2'. Please recheck the objects properties to make sure the desired element is located. 

2022-01-16 21:27:08 - [MESSAGE][WARNING] - [SELF-HEALING] Failed to find element with id 'Object Repository/Page_Mood Add a new course/h2_Add a new course'. Try using Self-healing.

2022-01-16 21:27:08 - [MESSAGE][WARNING] - [SELF-HEALING] The current locator of test object 'Object Repository/Page_Mood Add a new course/h2_Add a new course' was broken. Propose an alternative one: '(.//*[normalize-space(text()) and normalize-space(.)='Add a new course'])[1]/following::h2[1]'.

2022-01-16 21:27:08 - [MESSAGE][PASSED] - Actual text and expected text of test object 'Object Repository/Page_Mood Add a new course/h2_Add a new course' are matched.

2022-01-16 21:27:08 - [TEST_STEP][PASSED] - click(findTestObject("Object Repository/Page_Mood Add a new course/input_Course short name_shortname")): Object: 'Object Repository/Page_Mood Add a new course/input_Course short name_shortname' is clicked on

2022-01-16 21:27:08 - [MESSAGE][PASSED] - Object: 'Object Repository/Page_Mood Add a new course/input_Course short name_shortname' is clicked on

2022-01-16 21:27:08 - [TEST_STEP][PASSED] - setText(findTestObject("Object Repository/Page_Mood Add a new course/input_Course short name_shortname"), "Stats"): Text 'Stats' is set on object 'Object Repository/Page_Mood Add a new course/input_Course short name_shortname'

2022-01-16 21:27:09 - [MESSAGE][PASSED] - Text 'Stats' is set on object 'Object Repository/Page_Mood Add a new course/input_Course short name_shortname'

2022-01-16 21:27:09 - [TEST_STEP][PASSED] - waitForElementVisible(findTestObject("Object Repository/Page_Mood Add a new course/p_Course start date"), 0): Object 'Object Repository/Page_Mood Add a new course/p_Course start date' is visible

2022-01-16 21:27:09 - [MESSAGE][WARNING] - Timeout '0' is invalid. Using default page load timeout: '30'

2022-01-16 21:27:09 - [MESSAGE][PASSED] - Object 'Object Repository/Page_Mood Add a new course/p_Course start date' is visible

2022-01-16 21:27:09 - [TEST_STEP][PASSED] - selectOptionByValue(findTestObject("Object Repository/Page_Mood Add a new course/select_1        2        3        4        _45ea30"), "13", true): All options with value '13' are selected in object 'Object Repository/Page_Mood Add a new course/select_1        2        3        4        _45ea30'  using regular expression

2022-01-16 21:27:11 - [MESSAGE][PASSED] - All options with value '13' are selected in object 'Object Repository/Page_Mood Add a new course/select_1        2        3        4        _45ea30'  using regular expression

2022-01-16 21:27:11 - [TEST_STEP][PASSED] - selectOptionByValue(findTestObject("Object Repository/Page_Mood Add a new course/select_1        2        3        4        _45ea30_1"), "13", true): All options with value '13' are selected in object 'Object Repository/Page_Mood Add a new course/select_1        2        3        4        _45ea30_1'  using regular expression

2022-01-16 21:27:12 - [MESSAGE][PASSED] - All options with value '13' are selected in object 'Object Repository/Page_Mood Add a new course/select_1        2        3        4        _45ea30_1'  using regular expression

2022-01-16 21:27:12 - [TEST_STEP][PASSED] - waitForElementVisible(findTestObject("Object Repository/Page_Mood Add a new course/input__saveanddisplay"), 0): Object 'Object Repository/Page_Mood Add a new course/input__saveanddisplay' is visible

2022-01-16 21:27:12 - [MESSAGE][WARNING] - Timeout '0' is invalid. Using default page load timeout: '30'

2022-01-16 21:27:12 - [MESSAGE][PASSED] - Object 'Object Repository/Page_Mood Add a new course/input__saveanddisplay' is visible

2022-01-16 21:27:12 - [TEST_STEP][PASSED] - click(findTestObject("Object Repository/Page_Mood Add a new course/input__saveanddisplay")): Object: 'Object Repository/Page_Mood Add a new course/input__saveanddisplay' is clicked on

2022-01-16 21:27:13 - [MESSAGE][PASSED] - Object: 'Object Repository/Page_Mood Add a new course/input__saveanddisplay' is clicked on

2022-01-16 21:27:13 - [TEST_STEP][PASSED] - verifyElementText(findTestObject("Object Repository/Page_Mood Add a new course/div_- Missing full name"), "- Missing full name"): Actual text and expected text of test object 'Object Repository/Page_Mood Add a new course/div_- Missing full name' are matched.

2022-01-16 21:27:13 - [MESSAGE][PASSED] - Actual text and expected text of test object 'Object Repository/Page_Mood Add a new course/div_- Missing full name' are matched.

2022-01-16 21:27:13 - [TEST_STEP][PASSED] - closeBrowser(): Browser is closed

2022-01-16 21:27:14 - [MESSAGE][PASSED] - Browser is closed]]></system-out>
         <system-err><![CDATA[]]></system-err>
      </testcase>
      <testcase name="Test Cases/test case 15" time="27.652" classname="Test Cases/test case 15" status="PASSED">
         <system-out><![CDATA[2022-01-16 21:27:14 - [TEST_CASE][PASSED] - Test Cases/test case 15: Test Cases/test case 15

2022-01-16 21:27:14 - [TEST_STEP][PASSED] - openBrowser(""): Browser is opened with url: ''

2022-01-16 21:27:14 - [MESSAGE][INFO] - Starting 'Chrome' driver

2022-01-16 21:27:14 - [MESSAGE][INFO] - Action delay is set to 0 milliseconds

2022-01-16 21:27:15 - [MESSAGE][PASSED] - Browser is opened with url: ''

2022-01-16 21:27:15 - [TEST_STEP][PASSED] - navigateToUrl("http://localhost/"): Navigate to 'http://localhost/' successfully

2022-01-16 21:27:18 - [MESSAGE][PASSED] - Navigate to 'http://localhost/' successfully

2022-01-16 21:27:18 - [TEST_STEP][PASSED] - click(findTestObject("Object Repository/Page_Moodle/a_Log in")): Object: 'Object Repository/Page_Moodle/a_Log in' is clicked on

2022-01-16 21:27:19 - [MESSAGE][PASSED] - Object: 'Object Repository/Page_Moodle/a_Log in' is clicked on

2022-01-16 21:27:19 - [TEST_STEP][PASSED] - setText(findTestObject("Object Repository/Page_Moodle Log in to the site/input_Username_username"), "admin"): Text 'admin' is set on object 'Object Repository/Page_Moodle Log in to the site/input_Username_username'

2022-01-16 21:27:20 - [MESSAGE][PASSED] - Text 'admin' is set on object 'Object Repository/Page_Moodle Log in to the site/input_Username_username'

2022-01-16 21:27:20 - [TEST_STEP][PASSED] - setEncryptedText(findTestObject("Object Repository/Page_Moodle Log in to the site/input_Password_password"), "r6H/uPCyCbQX7sAf5E1f3g=="): Text ****** has been set on object 'Object Repository/Page_Moodle Log in to the site/input_Password_password'

2022-01-16 21:27:20 - [MESSAGE][PASSED] - Text ****** has been set on object 'Object Repository/Page_Moodle Log in to the site/input_Password_password'

2022-01-16 21:27:20 - [TEST_STEP][PASSED] - click(findTestObject("Object Repository/Page_Moodle Log in to the site/button_Log in")): Object: 'Object Repository/Page_Moodle Log in to the site/button_Log in' is clicked on

2022-01-16 21:27:23 - [MESSAGE][PASSED] - Object: 'Object Repository/Page_Moodle Log in to the site/button_Log in' is clicked on

2022-01-16 21:27:23 - [TEST_STEP][PASSED] - verifyElementText(findTestObject("Object Repository/Page_Dashboard/span_Site administration"), "Site administration"): Actual text and expected text of test object 'Object Repository/Page_Dashboard/span_Site administration' are matched.

2022-01-16 21:27:25 - [MESSAGE][PASSED] - Actual text and expected text of test object 'Object Repository/Page_Dashboard/span_Site administration' are matched.

2022-01-16 21:27:25 - [TEST_STEP][PASSED] - click(findTestObject("Object Repository/Page_Dashboard/span_Site administration")): Object: 'Object Repository/Page_Dashboard/span_Site administration' is clicked on

2022-01-16 21:27:27 - [MESSAGE][PASSED] - Object: 'Object Repository/Page_Dashboard/span_Site administration' is clicked on

2022-01-16 21:27:27 - [TEST_STEP][PASSED] - click(findTestObject("Object Repository/Page_Mood Administration Search/a_Courses")): Object: 'Object Repository/Page_Mood Administration Search/a_Courses' is clicked on

2022-01-16 21:27:28 - [MESSAGE][PASSED] - Object: 'Object Repository/Page_Mood Administration Search/a_Courses' is clicked on

2022-01-16 21:27:28 - [TEST_STEP][PASSED] - click(findTestObject("Object Repository/Page_Mood Administration Search/a_Add a new course")): Object: 'Object Repository/Page_Mood Administration Search/a_Add a new course' is clicked on

2022-01-16 21:27:30 - [MESSAGE][PASSED] - Object: 'Object Repository/Page_Mood Administration Search/a_Add a new course' is clicked on

2022-01-16 21:27:30 - [TEST_STEP][PASSED] - waitForElementVisible(findTestObject("Object Repository/Page_Mood Add a new course/input_Course full name_fullname"), 0): Object 'Object Repository/Page_Mood Add a new course/input_Course full name_fullname' is visible

2022-01-16 21:27:30 - [MESSAGE][WARNING] - Timeout '0' is invalid. Using default page load timeout: '30'

2022-01-16 21:27:31 - [MESSAGE][PASSED] - Object 'Object Repository/Page_Mood Add a new course/input_Course full name_fullname' is visible

2022-01-16 21:27:31 - [TEST_STEP][PASSED] - setText(findTestObject("Object Repository/Page_Mood Add a new course/input_Course full name_fullname"), "Statistics"): Text 'Statistics' is set on object 'Object Repository/Page_Mood Add a new course/input_Course full name_fullname'

2022-01-16 21:27:32 - [MESSAGE][PASSED] - Text 'Statistics' is set on object 'Object Repository/Page_Mood Add a new course/input_Course full name_fullname'

2022-01-16 21:27:32 - [TEST_STEP][PASSED] - setText(findTestObject("Object Repository/Page_Mood Add a new course/input_Course short name_shortname"), "Stats"): Text 'Stats' is set on object 'Object Repository/Page_Mood Add a new course/input_Course short name_shortname'

2022-01-16 21:27:33 - [MESSAGE][PASSED] - Text 'Stats' is set on object 'Object Repository/Page_Mood Add a new course/input_Course short name_shortname'

2022-01-16 21:27:33 - [TEST_STEP][PASSED] - waitForElementVisible(findTestObject("Object Repository/Page_Mood Add a new course/p_Course start date"), 0): Object 'Object Repository/Page_Mood Add a new course/p_Course start date' is visible

2022-01-16 21:27:33 - [MESSAGE][WARNING] - Timeout '0' is invalid. Using default page load timeout: '30'

2022-01-16 21:27:33 - [MESSAGE][PASSED] - Object 'Object Repository/Page_Mood Add a new course/p_Course start date' is visible

2022-01-16 21:27:33 - [TEST_STEP][PASSED] - selectOptionByValue(findTestObject("Object Repository/Page_Mood Add a new course/select_1        2        3        4        _45ea30"), "13", true): All options with value '13' are selected in object 'Object Repository/Page_Mood Add a new course/select_1        2        3        4        _45ea30'  using regular expression

2022-01-16 21:27:34 - [MESSAGE][PASSED] - All options with value '13' are selected in object 'Object Repository/Page_Mood Add a new course/select_1        2        3        4        _45ea30'  using regular expression

2022-01-16 21:27:34 - [TEST_STEP][PASSED] - selectOptionByValue(findTestObject("Object Repository/Page_Mood Add a new course/select_1        2        3        4        _45ea30_1"), "13", true): All options with value '13' are selected in object 'Object Repository/Page_Mood Add a new course/select_1        2        3        4        _45ea30_1'  using regular expression

2022-01-16 21:27:35 - [MESSAGE][PASSED] - All options with value '13' are selected in object 'Object Repository/Page_Mood Add a new course/select_1        2        3        4        _45ea30_1'  using regular expression

2022-01-16 21:27:35 - [TEST_STEP][PASSED] - selectOptionByValue(findTestObject("Object Repository/Page_Mood Add a new course/select_1900        1901        1902        _6405c9"), "2021", true): All options with value '2021' are selected in object 'Object Repository/Page_Mood Add a new course/select_1900        1901        1902        _6405c9'  using regular expression

2022-01-16 21:27:38 - [MESSAGE][PASSED] - All options with value '2021' are selected in object 'Object Repository/Page_Mood Add a new course/select_1900        1901        1902        _6405c9'  using regular expression

2022-01-16 21:27:38 - [TEST_STEP][PASSED] - waitForElementVisible(findTestObject("Object Repository/Page_Mood Add a new course/input__saveanddisplay"), 0): Object 'Object Repository/Page_Mood Add a new course/input__saveanddisplay' is visible

2022-01-16 21:27:38 - [MESSAGE][WARNING] - Timeout '0' is invalid. Using default page load timeout: '30'

2022-01-16 21:27:39 - [MESSAGE][PASSED] - Object 'Object Repository/Page_Mood Add a new course/input__saveanddisplay' is visible

2022-01-16 21:27:39 - [TEST_STEP][PASSED] - click(findTestObject("Object Repository/Page_Mood Add a new course/input__saveanddisplay")): Object: 'Object Repository/Page_Mood Add a new course/input__saveanddisplay' is clicked on

2022-01-16 21:27:40 - [MESSAGE][PASSED] - Object: 'Object Repository/Page_Mood Add a new course/input__saveanddisplay' is clicked on

2022-01-16 21:27:40 - [TEST_STEP][PASSED] - verifyElementText(findTestObject("Object Repository/Page_Mood Add a new course/div_The course end date must be after the s_271b34"), "The course end date must be after the start date."): Actual text and expected text of test object 'Object Repository/Page_Mood Add a new course/div_The course end date must be after the s_271b34' are matched.

2022-01-16 21:27:41 - [MESSAGE][PASSED] - Actual text and expected text of test object 'Object Repository/Page_Mood Add a new course/div_The course end date must be after the s_271b34' are matched.

2022-01-16 21:27:41 - [TEST_STEP][PASSED] - closeBrowser(): Browser is closed

2022-01-16 21:27:41 - [MESSAGE][PASSED] - Browser is closed]]></system-out>
         <system-err><![CDATA[]]></system-err>
      </testcase>
      <testcase name="Test Cases/test case 16" time="19.16" classname="Test Cases/test case 16" status="PASSED">
         <system-out><![CDATA[2022-01-16 21:27:41 - [TEST_CASE][PASSED] - Test Cases/test case 16: Test Cases/test case 16

2022-01-16 21:27:42 - [TEST_STEP][PASSED] - openBrowser(""): Browser is opened with url: ''

2022-01-16 21:27:42 - [MESSAGE][INFO] - Starting 'Chrome' driver

2022-01-16 21:27:42 - [MESSAGE][INFO] - Action delay is set to 0 milliseconds

2022-01-16 21:27:43 - [MESSAGE][PASSED] - Browser is opened with url: ''

2022-01-16 21:27:43 - [TEST_STEP][PASSED] - navigateToUrl("http://localhost/"): Navigate to 'http://localhost/' successfully

2022-01-16 21:27:44 - [MESSAGE][PASSED] - Navigate to 'http://localhost/' successfully

2022-01-16 21:27:44 - [TEST_STEP][PASSED] - click(findTestObject("Object Repository/Page_Moodle/a_Log in")): Object: 'Object Repository/Page_Moodle/a_Log in' is clicked on

2022-01-16 21:27:45 - [MESSAGE][PASSED] - Object: 'Object Repository/Page_Moodle/a_Log in' is clicked on

2022-01-16 21:27:45 - [TEST_STEP][PASSED] - setText(findTestObject("Object Repository/Page_Moodle Log in to the site/input_Username_username"), "admin"): Text 'admin' is set on object 'Object Repository/Page_Moodle Log in to the site/input_Username_username'

2022-01-16 21:27:46 - [MESSAGE][PASSED] - Text 'admin' is set on object 'Object Repository/Page_Moodle Log in to the site/input_Username_username'

2022-01-16 21:27:46 - [TEST_STEP][PASSED] - setEncryptedText(findTestObject("Object Repository/Page_Moodle Log in to the site/input_Password_password"), "r6H/uPCyCbQX7sAf5E1f3g=="): Text ****** has been set on object 'Object Repository/Page_Moodle Log in to the site/input_Password_password'

2022-01-16 21:27:46 - [MESSAGE][PASSED] - Text ****** has been set on object 'Object Repository/Page_Moodle Log in to the site/input_Password_password'

2022-01-16 21:27:46 - [TEST_STEP][PASSED] - click(findTestObject("Object Repository/Page_Moodle Log in to the site/button_Log in")): Object: 'Object Repository/Page_Moodle Log in to the site/button_Log in' is clicked on

2022-01-16 21:27:47 - [MESSAGE][PASSED] - Object: 'Object Repository/Page_Moodle Log in to the site/button_Log in' is clicked on

2022-01-16 21:27:47 - [TEST_STEP][PASSED] - verifyElementText(findTestObject("Object Repository/Page_Dashboard/span_Site administration"), "Site administration"): Actual text and expected text of test object 'Object Repository/Page_Dashboard/span_Site administration' are matched.

2022-01-16 21:27:49 - [MESSAGE][PASSED] - Actual text and expected text of test object 'Object Repository/Page_Dashboard/span_Site administration' are matched.

2022-01-16 21:27:49 - [TEST_STEP][PASSED] - click(findTestObject("Object Repository/Page_Dashboard/span_Site administration")): Object: 'Object Repository/Page_Dashboard/span_Site administration' is clicked on

2022-01-16 21:27:50 - [MESSAGE][PASSED] - Object: 'Object Repository/Page_Dashboard/span_Site administration' is clicked on

2022-01-16 21:27:50 - [TEST_STEP][PASSED] - click(findTestObject("Object Repository/Page_Mood Administration Search/a_Courses")): Object: 'Object Repository/Page_Mood Administration Search/a_Courses' is clicked on

2022-01-16 21:27:51 - [MESSAGE][PASSED] - Object: 'Object Repository/Page_Mood Administration Search/a_Courses' is clicked on

2022-01-16 21:27:51 - [TEST_STEP][PASSED] - click(findTestObject("Object Repository/Page_Mood Administration Search/a_Add a new course")): Object: 'Object Repository/Page_Mood Administration Search/a_Add a new course' is clicked on

2022-01-16 21:27:53 - [MESSAGE][PASSED] - Object: 'Object Repository/Page_Mood Administration Search/a_Add a new course' is clicked on

2022-01-16 21:27:53 - [TEST_STEP][PASSED] - waitForElementVisible(findTestObject("Object Repository/Page_Mood Add a new course/label_Course full name"), 0): Object 'Object Repository/Page_Mood Add a new course/label_Course full name' is visible

2022-01-16 21:27:53 - [MESSAGE][WARNING] - Timeout '0' is invalid. Using default page load timeout: '30'

2022-01-16 21:27:54 - [MESSAGE][PASSED] - Object 'Object Repository/Page_Mood Add a new course/label_Course full name' is visible

2022-01-16 21:27:54 - [TEST_STEP][PASSED] - setText(findTestObject("Object Repository/Page_Mood Add a new course/input_Course full name_fullname"), "Statistics"): Text 'Statistics' is set on object 'Object Repository/Page_Mood Add a new course/input_Course full name_fullname'

2022-01-16 21:27:54 - [MESSAGE][PASSED] - Text 'Statistics' is set on object 'Object Repository/Page_Mood Add a new course/input_Course full name_fullname'

2022-01-16 21:27:54 - [TEST_STEP][PASSED] - setText(findTestObject("Object Repository/Page_Mood Add a new course/input_Course short name_shortname"), "Stats"): Text 'Stats' is set on object 'Object Repository/Page_Mood Add a new course/input_Course short name_shortname'

2022-01-16 21:27:55 - [MESSAGE][PASSED] - Text 'Stats' is set on object 'Object Repository/Page_Mood Add a new course/input_Course short name_shortname'

2022-01-16 21:27:55 - [TEST_STEP][PASSED] - waitForElementVisible(findTestObject("Object Repository/Page_Mood Add a new course/p_Course start date"), 0): Object 'Object Repository/Page_Mood Add a new course/p_Course start date' is visible

2022-01-16 21:27:55 - [MESSAGE][WARNING] - Timeout '0' is invalid. Using default page load timeout: '30'

2022-01-16 21:27:56 - [MESSAGE][PASSED] - Object 'Object Repository/Page_Mood Add a new course/p_Course start date' is visible

2022-01-16 21:27:56 - [TEST_STEP][PASSED] - selectOptionByValue(findTestObject("Object Repository/Page_Mood Add a new course/select_1        2        3        4        _45ea30"), "13", true): All options with value '13' are selected in object 'Object Repository/Page_Mood Add a new course/select_1        2        3        4        _45ea30'  using regular expression

2022-01-16 21:27:57 - [MESSAGE][PASSED] - All options with value '13' are selected in object 'Object Repository/Page_Mood Add a new course/select_1        2        3        4        _45ea30'  using regular expression

2022-01-16 21:27:57 - [TEST_STEP][PASSED] - selectOptionByValue(findTestObject("Object Repository/Page_Mood Add a new course/select_1        2        3        4        _45ea30_1"), "13", true): All options with value '13' are selected in object 'Object Repository/Page_Mood Add a new course/select_1        2        3        4        _45ea30_1'  using regular expression

2022-01-16 21:27:58 - [MESSAGE][PASSED] - All options with value '13' are selected in object 'Object Repository/Page_Mood Add a new course/select_1        2        3        4        _45ea30_1'  using regular expression

2022-01-16 21:27:58 - [TEST_STEP][PASSED] - waitForElementVisible(findTestObject("Object Repository/Page_Mood Add a new course/input__cancel"), 0): Object 'Object Repository/Page_Mood Add a new course/input__cancel' is visible

2022-01-16 21:27:58 - [MESSAGE][WARNING] - Timeout '0' is invalid. Using default page load timeout: '30'

2022-01-16 21:27:58 - [MESSAGE][PASSED] - Object 'Object Repository/Page_Mood Add a new course/input__cancel' is visible

2022-01-16 21:27:58 - [TEST_STEP][PASSED] - click(findTestObject("Object Repository/Page_Mood Add a new course/input__cancel")): Object: 'Object Repository/Page_Mood Add a new course/input__cancel' is clicked on

2022-01-16 21:27:59 - [MESSAGE][PASSED] - Object: 'Object Repository/Page_Mood Add a new course/input__cancel' is clicked on

2022-01-16 21:27:59 - [TEST_STEP][PASSED] - verifyElementVisible(findTestObject("Object Repository/Page_Mood All courses/section_Search courses                     _a46e39")): Object 'Object Repository/Page_Mood All courses/section_Search courses                     _a46e39' is visible

2022-01-16 21:28:00 - [MESSAGE][PASSED] - Object 'Object Repository/Page_Mood All courses/section_Search courses                     _a46e39' is visible

2022-01-16 21:28:00 - [TEST_STEP][PASSED] - closeBrowser(): Browser is closed

2022-01-16 21:28:01 - [MESSAGE][PASSED] - Browser is closed]]></system-out>
         <system-err><![CDATA[]]></system-err>
      </testcase>
      <testcase name="Test Cases/test case 17" time="103.238" classname="Test Cases/test case 17" status="PASSED">
         <system-out><![CDATA[2022-01-16 21:28:01 - [TEST_CASE][PASSED] - Test Cases/test case 17: Test Cases/test case 17

2022-01-16 21:28:01 - [TEST_STEP][PASSED] - openBrowser(""): Browser is opened with url: ''

2022-01-16 21:28:01 - [MESSAGE][INFO] - Starting 'Chrome' driver

2022-01-16 21:28:01 - [MESSAGE][INFO] - Action delay is set to 0 milliseconds

2022-01-16 21:28:02 - [MESSAGE][PASSED] - Browser is opened with url: ''

2022-01-16 21:28:02 - [TEST_STEP][PASSED] - navigateToUrl("http://localhost/"): Navigate to 'http://localhost/' successfully

2022-01-16 21:28:03 - [MESSAGE][PASSED] - Navigate to 'http://localhost/' successfully

2022-01-16 21:28:03 - [TEST_STEP][PASSED] - click(findTestObject("Object Repository/Page_Moodle/a_Log in")): Object: 'Object Repository/Page_Moodle/a_Log in' is clicked on

2022-01-16 21:28:04 - [MESSAGE][PASSED] - Object: 'Object Repository/Page_Moodle/a_Log in' is clicked on

2022-01-16 21:28:04 - [TEST_STEP][PASSED] - setText(findTestObject("Object Repository/Page_Moodle Log in to the site/input_Username_username"), "admin"): Text 'admin' is set on object 'Object Repository/Page_Moodle Log in to the site/input_Username_username'

2022-01-16 21:28:05 - [MESSAGE][PASSED] - Text 'admin' is set on object 'Object Repository/Page_Moodle Log in to the site/input_Username_username'

2022-01-16 21:28:05 - [TEST_STEP][PASSED] - setEncryptedText(findTestObject("Object Repository/Page_Moodle Log in to the site/input_Password_password"), "r6H/uPCyCbQX7sAf5E1f3g=="): Text ****** has been set on object 'Object Repository/Page_Moodle Log in to the site/input_Password_password'

2022-01-16 21:28:05 - [MESSAGE][PASSED] - Text ****** has been set on object 'Object Repository/Page_Moodle Log in to the site/input_Password_password'

2022-01-16 21:28:05 - [TEST_STEP][PASSED] - click(findTestObject("Object Repository/Page_Moodle Log in to the site/button_Log in")): Object: 'Object Repository/Page_Moodle Log in to the site/button_Log in' is clicked on

2022-01-16 21:28:06 - [MESSAGE][PASSED] - Object: 'Object Repository/Page_Moodle Log in to the site/button_Log in' is clicked on

2022-01-16 21:28:06 - [TEST_STEP][PASSED] - verifyElementVisible(findTestObject("Page_Dashboard/div_Courses                    Introduction to Computer ScienceMathemetics            All courses")): Object 'Object Repository/Page_Dashboard/div_Courses                    Introduction to Computer ScienceMathemetics            All courses' is visible

2022-01-16 21:28:38 - [MESSAGE][INFO] - Unable to find the element located by 'By.xpath: //section[@id='inst154']/div'. Please recheck the objects properties to make sure the desired element is located. 

2022-01-16 21:28:38 - [MESSAGE][WARNING] - [SELF-HEALING] Failed to find element with id 'Object Repository/Page_Dashboard/div_Courses                    Introduction to Computer ScienceMathemetics            All courses'. Try using Self-healing.

2022-01-16 21:28:38 - [MESSAGE][WARNING] - [SELF-HEALING] The current locator of test object 'Object Repository/Page_Dashboard/div_Courses                    Introduction to Computer ScienceMathemetics            All courses' was broken. Propose an alternative one: '(.//*[normalize-space(text()) and normalize-space(.)='Card'])[1]/following::div[10]'.

2022-01-16 21:28:38 - [MESSAGE][PASSED] - Object 'Object Repository/Page_Dashboard/div_Courses                    Introduction to Computer ScienceMathemetics            All courses' is visible

2022-01-16 21:28:38 - [TEST_STEP][PASSED] - verifyElementText(findTestObject("Object Repository/Page_Dashboard/a_Introduction to Computer Science"), "Introduction to Computer Science"): Actual text and expected text of test object 'Object Repository/Page_Dashboard/a_Introduction to Computer Science' are matched.

2022-01-16 21:29:09 - [MESSAGE][INFO] - Unable to find the element located by 'By.xpath: //section[@id='inst32']/div/div/ul/li/div/a'. Please recheck the objects properties to make sure the desired element is located. 

2022-01-16 21:29:09 - [MESSAGE][WARNING] - [SELF-HEALING] Failed to find element with id 'Object Repository/Page_Dashboard/a_Introduction to Computer Science'. Try using Self-healing.

2022-01-16 21:29:09 - [MESSAGE][WARNING] - [SELF-HEALING] The current locator of test object 'Object Repository/Page_Dashboard/a_Introduction to Computer Science' was broken. Propose an alternative one: '//div/ul/li/div/a'.

2022-01-16 21:29:09 - [MESSAGE][PASSED] - Actual text and expected text of test object 'Object Repository/Page_Dashboard/a_Introduction to Computer Science' are matched.

2022-01-16 21:29:09 - [TEST_STEP][PASSED] - click(findTestObject("Object Repository/Page_Dashboard/a_Introduction to Computer Science")): Object: 'Object Repository/Page_Dashboard/a_Introduction to Computer Science' is clicked on

2022-01-16 21:29:41 - [MESSAGE][INFO] - Unable to find the element located by 'By.xpath: //section[@id='inst32']/div/div/ul/li/div/a'. Please recheck the objects properties to make sure the desired element is located. 

2022-01-16 21:29:41 - [MESSAGE][WARNING] - [SELF-HEALING] Failed to find element with id 'Object Repository/Page_Dashboard/a_Introduction to Computer Science'. Try using Self-healing.

2022-01-16 21:29:41 - [MESSAGE][WARNING] - [SELF-HEALING] The current locator of test object 'Object Repository/Page_Dashboard/a_Introduction to Computer Science' was broken. Propose an alternative one: '//div/ul/li/div/a'.

2022-01-16 21:29:41 - [MESSAGE][PASSED] - Object: 'Object Repository/Page_Dashboard/a_Introduction to Computer Science' is clicked on

2022-01-16 21:29:41 - [TEST_STEP][PASSED] - verifyElementText(findTestObject("Object Repository/Page_Course Introduction to Computer Science/span_Grades"), "Grades"): Actual text and expected text of test object 'Object Repository/Page_Course Introduction to Computer Science/span_Grades' are matched.

2022-01-16 21:29:42 - [MESSAGE][PASSED] - Actual text and expected text of test object 'Object Repository/Page_Course Introduction to Computer Science/span_Grades' are matched.

2022-01-16 21:29:42 - [TEST_STEP][PASSED] - click(findTestObject("Object Repository/Page_Course Introduction to Computer Science/span_Grades")): Object: 'Object Repository/Page_Course Introduction to Computer Science/span_Grades' is clicked on

2022-01-16 21:29:42 - [MESSAGE][PASSED] - Object: 'Object Repository/Page_Course Introduction to Computer Science/span_Grades' is clicked on

2022-01-16 21:29:42 - [TEST_STEP][PASSED] - verifyElementText(findTestObject("Object Repository/Page_Grades View/h3_All participants 22"), "All participants: 2/2"): Actual text and expected text of test object 'Object Repository/Page_Grades View/h3_All participants 22' are matched.

2022-01-16 21:29:43 - [MESSAGE][PASSED] - Actual text and expected text of test object 'Object Repository/Page_Grades View/h3_All participants 22' are matched.

2022-01-16 21:29:43 - [TEST_STEP][PASSED] - closeBrowser(): Browser is closed

2022-01-16 21:29:44 - [MESSAGE][PASSED] - Browser is closed]]></system-out>
         <system-err><![CDATA[]]></system-err>
      </testcase>
      <testcase name="Test Cases/test case 18" time="138.332" classname="Test Cases/test case 18" status="PASSED">
         <system-out><![CDATA[2022-01-16 21:29:44 - [TEST_CASE][PASSED] - Test Cases/test case 18: Test Cases/test case 18

2022-01-16 21:29:44 - [TEST_STEP][PASSED] - openBrowser(""): Browser is opened with url: ''

2022-01-16 21:29:44 - [MESSAGE][INFO] - Starting 'Chrome' driver

2022-01-16 21:29:44 - [MESSAGE][INFO] - Action delay is set to 0 milliseconds

2022-01-16 21:29:45 - [MESSAGE][PASSED] - Browser is opened with url: ''

2022-01-16 21:29:45 - [TEST_STEP][PASSED] - navigateToUrl("http://localhost/"): Navigate to 'http://localhost/' successfully

2022-01-16 21:29:46 - [MESSAGE][PASSED] - Navigate to 'http://localhost/' successfully

2022-01-16 21:29:46 - [TEST_STEP][PASSED] - click(findTestObject("Object Repository/Page_Moodle/a_Log in")): Object: 'Object Repository/Page_Moodle/a_Log in' is clicked on

2022-01-16 21:29:47 - [MESSAGE][PASSED] - Object: 'Object Repository/Page_Moodle/a_Log in' is clicked on

2022-01-16 21:29:47 - [TEST_STEP][PASSED] - setText(findTestObject("Object Repository/Page_Moodle Log in to the site/input_Username_username"), "admin"): Text 'admin' is set on object 'Object Repository/Page_Moodle Log in to the site/input_Username_username'

2022-01-16 21:29:48 - [MESSAGE][PASSED] - Text 'admin' is set on object 'Object Repository/Page_Moodle Log in to the site/input_Username_username'

2022-01-16 21:29:48 - [TEST_STEP][PASSED] - setEncryptedText(findTestObject("Object Repository/Page_Moodle Log in to the site/input_Password_password"), "r6H/uPCyCbQX7sAf5E1f3g=="): Text ****** has been set on object 'Object Repository/Page_Moodle Log in to the site/input_Password_password'

2022-01-16 21:29:48 - [MESSAGE][PASSED] - Text ****** has been set on object 'Object Repository/Page_Moodle Log in to the site/input_Password_password'

2022-01-16 21:29:48 - [TEST_STEP][PASSED] - click(findTestObject("Object Repository/Page_Moodle Log in to the site/button_Log in")): Object: 'Object Repository/Page_Moodle Log in to the site/button_Log in' is clicked on

2022-01-16 21:29:49 - [MESSAGE][PASSED] - Object: 'Object Repository/Page_Moodle Log in to the site/button_Log in' is clicked on

2022-01-16 21:29:49 - [TEST_STEP][PASSED] - verifyElementText(findTestObject("Object Repository/Page_Dashboard/span_Site administration"), "Site administration"): Actual text and expected text of test object 'Object Repository/Page_Dashboard/span_Site administration' are matched.

2022-01-16 21:29:50 - [MESSAGE][PASSED] - Actual text and expected text of test object 'Object Repository/Page_Dashboard/span_Site administration' are matched.

2022-01-16 21:29:50 - [TEST_STEP][PASSED] - click(findTestObject("Object Repository/Page_Dashboard/span_Site administration")): Object: 'Object Repository/Page_Dashboard/span_Site administration' is clicked on

2022-01-16 21:29:52 - [MESSAGE][PASSED] - Object: 'Object Repository/Page_Dashboard/span_Site administration' is clicked on

2022-01-16 21:29:52 - [TEST_STEP][PASSED] - click(findTestObject("Object Repository/Page_Mood Administration Search/a_Courses")): Object: 'Object Repository/Page_Mood Administration Search/a_Courses' is clicked on

2022-01-16 21:29:52 - [MESSAGE][PASSED] - Object: 'Object Repository/Page_Mood Administration Search/a_Courses' is clicked on

2022-01-16 21:29:52 - [TEST_STEP][PASSED] - click(findTestObject("Object Repository/Page_Mood Administration Search/a_Manage courses and categories")): Object: 'Object Repository/Page_Mood Administration Search/a_Manage courses and categories' is clicked on

2022-01-16 21:29:53 - [MESSAGE][PASSED] - Object: 'Object Repository/Page_Mood Administration Search/a_Manage courses and categories' is clicked on

2022-01-16 21:29:53 - [TEST_STEP][PASSED] - verifyElementText(findTestObject("Object Repository/Page_Course and category management/a_Introduction to Computer Science"), "Introduction to Computer Science"): Actual text and expected text of test object 'Object Repository/Page_Course and category management/a_Introduction to Computer Science' are matched.

2022-01-16 21:30:24 - [MESSAGE][INFO] - Unable to find the element located by 'By.xpath: //a[@id='yui_3_17_2_1_1642250295888_263']'. Please recheck the objects properties to make sure the desired element is located. 

2022-01-16 21:30:24 - [MESSAGE][WARNING] - [SELF-HEALING] Failed to find element with id 'Object Repository/Page_Course and category management/a_Introduction to Computer Science'. Try using Self-healing.

2022-01-16 21:30:24 - [MESSAGE][WARNING] - [SELF-HEALING] The current locator of test object 'Object Repository/Page_Course and category management/a_Introduction to Computer Science' was broken. Propose an alternative one: '//a[contains(text(),'Introduction to Computer Science')]'.

2022-01-16 21:30:24 - [MESSAGE][PASSED] - Actual text and expected text of test object 'Object Repository/Page_Course and category management/a_Introduction to Computer Science' are matched.

2022-01-16 21:30:24 - [TEST_STEP][PASSED] - click(findTestObject("Object Repository/Page_Course and category management/a_Introduction to Computer Science")): Object: 'Object Repository/Page_Course and category management/a_Introduction to Computer Science' is clicked on

2022-01-16 21:30:56 - [MESSAGE][INFO] - Unable to find the element located by 'By.xpath: //a[@id='yui_3_17_2_1_1642250295888_263']'. Please recheck the objects properties to make sure the desired element is located. 

2022-01-16 21:30:56 - [MESSAGE][WARNING] - [SELF-HEALING] Failed to find element with id 'Object Repository/Page_Course and category management/a_Introduction to Computer Science'. Try using Self-healing.

2022-01-16 21:30:56 - [MESSAGE][WARNING] - [SELF-HEALING] The current locator of test object 'Object Repository/Page_Course and category management/a_Introduction to Computer Science' was broken. Propose an alternative one: '//a[contains(text(),'Introduction to Computer Science')]'.

2022-01-16 21:30:57 - [MESSAGE][PASSED] - Object: 'Object Repository/Page_Course and category management/a_Introduction to Computer Science' is clicked on

2022-01-16 21:30:57 - [TEST_STEP][PASSED] - waitForElementVisible(findTestObject("Object Repository/Page_Course and category management/a_View"), 0): Object 'Object Repository/Page_Course and category management/a_View' is visible

2022-01-16 21:30:57 - [MESSAGE][WARNING] - Timeout '0' is invalid. Using default page load timeout: '30'

2022-01-16 21:31:28 - [MESSAGE][INFO] - Unable to find the element located by 'By.xpath: //a[@id='action_link61e2c0502601360']'. Please recheck the objects properties to make sure the desired element is located. 

2022-01-16 21:31:28 - [MESSAGE][WARNING] - [SELF-HEALING] Failed to find element with id 'Object Repository/Page_Course and category management/a_View'. Try using Self-healing.

2022-01-16 21:31:28 - [MESSAGE][WARNING] - [SELF-HEALING] The current locator of test object 'Object Repository/Page_Course and category management/a_View' was broken. Propose an alternative one: '//div[@id='course-detail']/div/div[2]/div/a'.

2022-01-16 21:31:28 - [MESSAGE][PASSED] - Object 'Object Repository/Page_Course and category management/a_View' is visible

2022-01-16 21:31:28 - [TEST_STEP][PASSED] - click(findTestObject("Object Repository/Page_Course and category management/a_View")): Object: 'Object Repository/Page_Course and category management/a_View' is clicked on

2022-01-16 21:31:59 - [MESSAGE][INFO] - Unable to find the element located by 'By.xpath: //a[@id='action_link61e2c0502601360']'. Please recheck the objects properties to make sure the desired element is located. 

2022-01-16 21:31:59 - [MESSAGE][WARNING] - [SELF-HEALING] Failed to find element with id 'Object Repository/Page_Course and category management/a_View'. Try using Self-healing.

2022-01-16 21:32:00 - [MESSAGE][WARNING] - [SELF-HEALING] The current locator of test object 'Object Repository/Page_Course and category management/a_View' was broken. Propose an alternative one: '//div[@id='course-detail']/div/div[2]/div/a'.

2022-01-16 21:32:00 - [MESSAGE][PASSED] - Object: 'Object Repository/Page_Course and category management/a_View' is clicked on

2022-01-16 21:32:00 - [TEST_STEP][PASSED] - click(findTestObject("Object Repository/Page_Course Introduction to Computer Science/span_Grades")): Object: 'Object Repository/Page_Course Introduction to Computer Science/span_Grades' is clicked on

2022-01-16 21:32:01 - [MESSAGE][PASSED] - Object: 'Object Repository/Page_Course Introduction to Computer Science/span_Grades' is clicked on

2022-01-16 21:32:01 - [TEST_STEP][PASSED] - verifyElementText(findTestObject("Object Repository/Page_Grades View/h3_All participants 22"), "All participants: 2/2"): Actual text and expected text of test object 'Object Repository/Page_Grades View/h3_All participants 22' are matched.

2022-01-16 21:32:01 - [MESSAGE][PASSED] - Actual text and expected text of test object 'Object Repository/Page_Grades View/h3_All participants 22' are matched.

2022-01-16 21:32:01 - [TEST_STEP][PASSED] - closeBrowser(): Browser is closed

2022-01-16 21:32:02 - [MESSAGE][PASSED] - Browser is closed]]></system-out>
         <system-err><![CDATA[]]></system-err>
      </testcase>
      <testcase name="Test Cases/test case 19" time="10.599" classname="Test Cases/test case 19" status="PASSED">
         <system-out><![CDATA[2022-01-16 21:32:02 - [TEST_CASE][PASSED] - Test Cases/test case 19: Test Cases/test case 19

2022-01-16 21:32:02 - [TEST_STEP][PASSED] - openBrowser(""): Browser is opened with url: ''

2022-01-16 21:32:02 - [MESSAGE][INFO] - Starting 'Chrome' driver

2022-01-16 21:32:02 - [MESSAGE][INFO] - Action delay is set to 0 milliseconds

2022-01-16 21:32:04 - [MESSAGE][PASSED] - Browser is opened with url: ''

2022-01-16 21:32:04 - [TEST_STEP][PASSED] - navigateToUrl("http://localhost/"): Navigate to 'http://localhost/' successfully

2022-01-16 21:32:05 - [MESSAGE][PASSED] - Navigate to 'http://localhost/' successfully

2022-01-16 21:32:05 - [TEST_STEP][PASSED] - click(findTestObject("Object Repository/Page_Moodle/a_Log in")): Object: 'Object Repository/Page_Moodle/a_Log in' is clicked on

2022-01-16 21:32:06 - [MESSAGE][PASSED] - Object: 'Object Repository/Page_Moodle/a_Log in' is clicked on

2022-01-16 21:32:06 - [TEST_STEP][PASSED] - setText(findTestObject("Object Repository/Page_Moodle Log in to the site/input_Username_username"), "admin"): Text 'admin' is set on object 'Object Repository/Page_Moodle Log in to the site/input_Username_username'

2022-01-16 21:32:06 - [MESSAGE][PASSED] - Text 'admin' is set on object 'Object Repository/Page_Moodle Log in to the site/input_Username_username'

2022-01-16 21:32:06 - [TEST_STEP][PASSED] - setEncryptedText(findTestObject("Object Repository/Page_Moodle Log in to the site/input_Password_password"), "r6H/uPCyCbQX7sAf5E1f3g=="): Text ****** has been set on object 'Object Repository/Page_Moodle Log in to the site/input_Password_password'

2022-01-16 21:32:07 - [MESSAGE][PASSED] - Text ****** has been set on object 'Object Repository/Page_Moodle Log in to the site/input_Password_password'

2022-01-16 21:32:07 - [TEST_STEP][PASSED] - click(findTestObject("Object Repository/Page_Moodle Log in to the site/button_Log in")): Object: 'Object Repository/Page_Moodle Log in to the site/button_Log in' is clicked on

2022-01-16 21:32:08 - [MESSAGE][PASSED] - Object: 'Object Repository/Page_Moodle Log in to the site/button_Log in' is clicked on

2022-01-16 21:32:08 - [TEST_STEP][PASSED] - verifyElementText(findTestObject("Object Repository/Page_Dashboard/span_Site home"), "Site home"): Actual text and expected text of test object 'Object Repository/Page_Dashboard/span_Site home' are matched.

2022-01-16 21:32:09 - [MESSAGE][PASSED] - Actual text and expected text of test object 'Object Repository/Page_Dashboard/span_Site home' are matched.

2022-01-16 21:32:09 - [TEST_STEP][PASSED] - click(findTestObject("Object Repository/Page_Dashboard/a_Site home")): Object: 'Object Repository/Page_Dashboard/a_Site home' is clicked on

2022-01-16 21:32:10 - [MESSAGE][PASSED] - Object: 'Object Repository/Page_Dashboard/a_Site home' is clicked on

2022-01-16 21:32:10 - [TEST_STEP][PASSED] - verifyElementText(findTestObject("Object Repository/Page_Moodle/a_Introduction to Computer Science"), "Introduction to Computer Science"): Actual text and expected text of test object 'Object Repository/Page_Moodle/a_Introduction to Computer Science' are matched.

2022-01-16 21:32:10 - [MESSAGE][PASSED] - Actual text and expected text of test object 'Object Repository/Page_Moodle/a_Introduction to Computer Science' are matched.

2022-01-16 21:32:10 - [TEST_STEP][PASSED] - click(findTestObject("Object Repository/Page_Moodle/a_Introduction to Computer Science")): Object: 'Object Repository/Page_Moodle/a_Introduction to Computer Science' is clicked on

2022-01-16 21:32:11 - [MESSAGE][PASSED] - Object: 'Object Repository/Page_Moodle/a_Introduction to Computer Science' is clicked on

2022-01-16 21:32:11 - [TEST_STEP][PASSED] - click(findTestObject("Object Repository/Page_Course Introduction to Computer Science/span_Grades")): Object: 'Object Repository/Page_Course Introduction to Computer Science/span_Grades' is clicked on

2022-01-16 21:32:12 - [MESSAGE][PASSED] - Object: 'Object Repository/Page_Course Introduction to Computer Science/span_Grades' is clicked on

2022-01-16 21:32:12 - [TEST_STEP][PASSED] - verifyElementText(findTestObject("Object Repository/Page_Grades View/h3_All participants 22"), "All participants: 2/2"): Actual text and expected text of test object 'Object Repository/Page_Grades View/h3_All participants 22' are matched.

2022-01-16 21:32:12 - [MESSAGE][PASSED] - Actual text and expected text of test object 'Object Repository/Page_Grades View/h3_All participants 22' are matched.

2022-01-16 21:32:12 - [TEST_STEP][PASSED] - closeBrowser(): Browser is closed

2022-01-16 21:32:13 - [MESSAGE][PASSED] - Browser is closed]]></system-out>
         <system-err><![CDATA[]]></system-err>
      </testcase>
      <testcase name="Test Cases/test case 20" time="328.199" classname="Test Cases/test case 20" status="PASSED">
         <system-out><![CDATA[2022-01-16 21:32:13 - [TEST_CASE][PASSED] - Test Cases/test case 20: Test Cases/test case 20

2022-01-16 21:32:13 - [TEST_STEP][PASSED] - openBrowser(""): Browser is opened with url: ''

2022-01-16 21:32:13 - [MESSAGE][INFO] - Starting 'Chrome' driver

2022-01-16 21:32:13 - [MESSAGE][INFO] - Action delay is set to 0 milliseconds

2022-01-16 21:32:14 - [MESSAGE][PASSED] - Browser is opened with url: ''

2022-01-16 21:32:14 - [TEST_STEP][PASSED] - navigateToUrl("http://localhost/"): Navigate to 'http://localhost/' successfully

2022-01-16 21:32:15 - [MESSAGE][PASSED] - Navigate to 'http://localhost/' successfully

2022-01-16 21:32:15 - [TEST_STEP][PASSED] - click(findTestObject("Object Repository/Page_Moodle/a_Log in")): Object: 'Object Repository/Page_Moodle/a_Log in' is clicked on

2022-01-16 21:32:16 - [MESSAGE][PASSED] - Object: 'Object Repository/Page_Moodle/a_Log in' is clicked on

2022-01-16 21:32:16 - [TEST_STEP][PASSED] - setText(findTestObject("Object Repository/Page_Moodle Log in to the site/input_Username_username"), "admin"): Text 'admin' is set on object 'Object Repository/Page_Moodle Log in to the site/input_Username_username'

2022-01-16 21:32:17 - [MESSAGE][PASSED] - Text 'admin' is set on object 'Object Repository/Page_Moodle Log in to the site/input_Username_username'

2022-01-16 21:32:17 - [TEST_STEP][PASSED] - setEncryptedText(findTestObject("Object Repository/Page_Moodle Log in to the site/input_Password_password"), "r6H/uPCyCbQX7sAf5E1f3g=="): Text ****** has been set on object 'Object Repository/Page_Moodle Log in to the site/input_Password_password'

2022-01-16 21:32:17 - [MESSAGE][PASSED] - Text ****** has been set on object 'Object Repository/Page_Moodle Log in to the site/input_Password_password'

2022-01-16 21:32:17 - [TEST_STEP][PASSED] - click(findTestObject("Object Repository/Page_Moodle Log in to the site/button_Log in")): Object: 'Object Repository/Page_Moodle Log in to the site/button_Log in' is clicked on

2022-01-16 21:32:18 - [MESSAGE][PASSED] - Object: 'Object Repository/Page_Moodle Log in to the site/button_Log in' is clicked on

2022-01-16 21:32:18 - [TEST_STEP][PASSED] - verifyElementVisible(findTestObject("Page_Dashboard/div_Courses                    Introduction to Computer ScienceMathemetics            All courses")): Object 'Object Repository/Page_Dashboard/div_Courses                    Introduction to Computer ScienceMathemetics            All courses' is visible

2022-01-16 21:32:50 - [MESSAGE][INFO] - Unable to find the element located by 'By.xpath: //section[@id='inst154']/div'. Please recheck the objects properties to make sure the desired element is located. 

2022-01-16 21:32:50 - [MESSAGE][WARNING] - [SELF-HEALING] Failed to find element with id 'Object Repository/Page_Dashboard/div_Courses                    Introduction to Computer ScienceMathemetics            All courses'. Try using Self-healing.

2022-01-16 21:32:50 - [MESSAGE][WARNING] - [SELF-HEALING] The current locator of test object 'Object Repository/Page_Dashboard/div_Courses                    Introduction to Computer ScienceMathemetics            All courses' was broken. Propose an alternative one: '(.//*[normalize-space(text()) and normalize-space(.)='Card'])[1]/following::div[10]'.

2022-01-16 21:32:50 - [MESSAGE][PASSED] - Object 'Object Repository/Page_Dashboard/div_Courses                    Introduction to Computer ScienceMathemetics            All courses' is visible

2022-01-16 21:32:50 - [TEST_STEP][PASSED] - verifyElementText(findTestObject("Page_Dashboard/a_Introduction to Computer Science"), "Introduction to Computer Science"): Actual text and expected text of test object 'Object Repository/Page_Dashboard/a_Introduction to Computer Science' are matched.

2022-01-16 21:33:21 - [MESSAGE][INFO] - Unable to find the element located by 'By.xpath: //section[@id='inst32']/div/div/ul/li/div/a'. Please recheck the objects properties to make sure the desired element is located. 

2022-01-16 21:33:21 - [MESSAGE][WARNING] - [SELF-HEALING] Failed to find element with id 'Object Repository/Page_Dashboard/a_Introduction to Computer Science'. Try using Self-healing.

2022-01-16 21:33:21 - [MESSAGE][WARNING] - [SELF-HEALING] The current locator of test object 'Object Repository/Page_Dashboard/a_Introduction to Computer Science' was broken. Propose an alternative one: '//div/ul/li/div/a'.

2022-01-16 21:33:21 - [MESSAGE][PASSED] - Actual text and expected text of test object 'Object Repository/Page_Dashboard/a_Introduction to Computer Science' are matched.

2022-01-16 21:33:21 - [TEST_STEP][PASSED] - click(findTestObject("Page_Dashboard/a_Introduction to Computer Science")): Object: 'Object Repository/Page_Dashboard/a_Introduction to Computer Science' is clicked on

2022-01-16 21:33:53 - [MESSAGE][INFO] - Unable to find the element located by 'By.xpath: //section[@id='inst32']/div/div/ul/li/div/a'. Please recheck the objects properties to make sure the desired element is located. 

2022-01-16 21:33:53 - [MESSAGE][WARNING] - [SELF-HEALING] Failed to find element with id 'Object Repository/Page_Dashboard/a_Introduction to Computer Science'. Try using Self-healing.

2022-01-16 21:33:53 - [MESSAGE][WARNING] - [SELF-HEALING] The current locator of test object 'Object Repository/Page_Dashboard/a_Introduction to Computer Science' was broken. Propose an alternative one: '//div/ul/li/div/a'.

2022-01-16 21:33:53 - [MESSAGE][PASSED] - Object: 'Object Repository/Page_Dashboard/a_Introduction to Computer Science' is clicked on

2022-01-16 21:33:53 - [TEST_STEP][PASSED] - click(findTestObject("Object Repository/Page_Course Introduction to Computer Science/span_Calendar")): Object: 'Object Repository/Page_Course Introduction to Computer Science/span_Calendar' is clicked on

2022-01-16 21:33:54 - [MESSAGE][PASSED] - Object: 'Object Repository/Page_Course Introduction to Computer Science/span_Calendar' is clicked on

2022-01-16 21:33:54 - [TEST_STEP][PASSED] - waitForElementVisible(findTestObject("Object Repository/Page_IntroCS Calendar Detailed month view J_1643b4/button_New event"), 0): Object 'Object Repository/Page_IntroCS Calendar Detailed month view J_1643b4/button_New event' is visible

2022-01-16 21:33:54 - [MESSAGE][WARNING] - Timeout '0' is invalid. Using default page load timeout: '30'

2022-01-16 21:34:26 - [MESSAGE][INFO] - Unable to find the element located by 'By.xpath: //div[@id='calendar-month-61e1ad5d6c69d61e1ad5d02f2e16']/div/button'. Please recheck the objects properties to make sure the desired element is located. 

2022-01-16 21:34:26 - [MESSAGE][WARNING] - [SELF-HEALING] Failed to find element with id 'Object Repository/Page_IntroCS Calendar Detailed month view J_1643b4/button_New event'. Try using Self-healing.

2022-01-16 21:34:26 - [MESSAGE][WARNING] - [SELF-HEALING] The current locator of test object 'Object Repository/Page_IntroCS Calendar Detailed month view J_1643b4/button_New event' was broken. Propose an alternative one: '(.//*[normalize-space(text()) and normalize-space(.)='List of courses'])[1]/following::button[1]'.

2022-01-16 21:34:26 - [MESSAGE][PASSED] - Object 'Object Repository/Page_IntroCS Calendar Detailed month view J_1643b4/button_New event' is visible

2022-01-16 21:34:26 - [TEST_STEP][PASSED] - click(findTestObject("Object Repository/Page_IntroCS Calendar Detailed month view J_1643b4/button_New event")): Object: 'Object Repository/Page_IntroCS Calendar Detailed month view J_1643b4/button_New event' is clicked on

2022-01-16 21:34:57 - [MESSAGE][INFO] - Unable to find the element located by 'By.xpath: //div[@id='calendar-month-61e1ad5d6c69d61e1ad5d02f2e16']/div/button'. Please recheck the objects properties to make sure the desired element is located. 

2022-01-16 21:34:57 - [MESSAGE][WARNING] - [SELF-HEALING] Failed to find element with id 'Object Repository/Page_IntroCS Calendar Detailed month view J_1643b4/button_New event'. Try using Self-healing.

2022-01-16 21:34:57 - [MESSAGE][WARNING] - [SELF-HEALING] The current locator of test object 'Object Repository/Page_IntroCS Calendar Detailed month view J_1643b4/button_New event' was broken. Propose an alternative one: '(.//*[normalize-space(text()) and normalize-space(.)='List of courses'])[1]/following::button[1]'.

2022-01-16 21:34:57 - [MESSAGE][PASSED] - Object: 'Object Repository/Page_IntroCS Calendar Detailed month view J_1643b4/button_New event' is clicked on

2022-01-16 21:34:57 - [TEST_STEP][PASSED] - setText(findTestObject("Object Repository/Page_IntroCS Calendar Detailed month view J_1643b4/input_Event title_name"), "Seminar for Final Examination"): Text 'Seminar for Final Examination' is set on object 'Object Repository/Page_IntroCS Calendar Detailed month view J_1643b4/input_Event title_name'

2022-01-16 21:34:59 - [MESSAGE][PASSED] - Text 'Seminar for Final Examination' is set on object 'Object Repository/Page_IntroCS Calendar Detailed month view J_1643b4/input_Event title_name'

2022-01-16 21:34:59 - [TEST_STEP][PASSED] - selectOptionByValue(findTestObject("Object Repository/Page_IntroCS Calendar Detailed month view J_1643b4/select_1        2        3        4        _45ea30"), "26", true): All options with value '26' are selected in object 'Object Repository/Page_IntroCS Calendar Detailed month view J_1643b4/select_1        2        3        4        _45ea30'  using regular expression

2022-01-16 21:35:00 - [MESSAGE][PASSED] - All options with value '26' are selected in object 'Object Repository/Page_IntroCS Calendar Detailed month view J_1643b4/select_1        2        3        4        _45ea30'  using regular expression

2022-01-16 21:35:00 - [TEST_STEP][PASSED] - selectOptionByValue(findTestObject("Object Repository/Page_IntroCS Calendar Detailed month view J_1643b4/select_00        01        02        03    _f6e37b"), "0", true): All options with value '0' are selected in object 'Object Repository/Page_IntroCS Calendar Detailed month view J_1643b4/select_00        01        02        03    _f6e37b'  using regular expression

2022-01-16 21:35:02 - [MESSAGE][PASSED] - All options with value '0' are selected in object 'Object Repository/Page_IntroCS Calendar Detailed month view J_1643b4/select_00        01        02        03    _f6e37b'  using regular expression

2022-01-16 21:35:02 - [TEST_STEP][PASSED] - selectOptionByValue(findTestObject("Object Repository/Page_IntroCS Calendar Detailed month view J_1643b4/select_00        01        02        03    _f6e37b_1"), "0", true): All options with value '0' are selected in object 'Object Repository/Page_IntroCS Calendar Detailed month view J_1643b4/select_00        01        02        03    _f6e37b_1'  using regular expression

2022-01-16 21:35:03 - [MESSAGE][PASSED] - All options with value '0' are selected in object 'Object Repository/Page_IntroCS Calendar Detailed month view J_1643b4/select_00        01        02        03    _f6e37b_1'  using regular expression

2022-01-16 21:35:03 - [TEST_STEP][PASSED] - click(findTestObject("Object Repository/Page_IntroCS Calendar Detailed month view J_1643b4/button_Save")): Object: 'Object Repository/Page_IntroCS Calendar Detailed month view J_1643b4/button_Save' is clicked on

2022-01-16 21:35:34 - [MESSAGE][INFO] - Unable to find the element located by 'By.xpath: //button[@id='yui_3_17_2_1_1642179933493_604']'. Please recheck the objects properties to make sure the desired element is located. 

2022-01-16 21:35:34 - [MESSAGE][WARNING] - [SELF-HEALING] Failed to find element with id 'Object Repository/Page_IntroCS Calendar Detailed month view J_1643b4/button_Save'. Try using Self-healing.

2022-01-16 21:35:35 - [MESSAGE][WARNING] - [SELF-HEALING] The current locator of test object 'Object Repository/Page_IntroCS Calendar Detailed month view J_1643b4/button_Save' was broken. Propose an alternative one: '(.//*[normalize-space(text()) and normalize-space(.)='Repeat weekly, creating altogether'])[1]/following::button[1]'.

2022-01-16 21:35:35 - [MESSAGE][PASSED] - Object: 'Object Repository/Page_IntroCS Calendar Detailed month view J_1643b4/button_Save' is clicked on

2022-01-16 21:35:35 - [TEST_STEP][PASSED] - click(findTestObject("Object Repository/Page_IntroCS Calendar Detailed month view J_1643b4/span_Seminar for Final Examination")): Object: 'Object Repository/Page_IntroCS Calendar Detailed month view J_1643b4/span_Seminar for Final Examination' is clicked on

2022-01-16 21:36:06 - [MESSAGE][INFO] - Unable to find the element located by 'By.xpath: //a[@id='yui_3_17_2_1_1642179933493_2024']/span[2]'. Please recheck the objects properties to make sure the desired element is located. 

2022-01-16 21:36:06 - [MESSAGE][WARNING] - [SELF-HEALING] Failed to find element with id 'Object Repository/Page_IntroCS Calendar Detailed month view J_1643b4/span_Seminar for Final Examination'. Try using Self-healing.

2022-01-16 21:36:06 - [MESSAGE][WARNING] - [SELF-HEALING] The current locator of test object 'Object Repository/Page_IntroCS Calendar Detailed month view J_1643b4/span_Seminar for Final Examination' was broken. Propose an alternative one: '(.//*[normalize-space(text()) and normalize-space(.)='No events, Tuesday, 25 January'])[2]/following::span[4]'.

2022-01-16 21:36:06 - [MESSAGE][PASSED] - Object: 'Object Repository/Page_IntroCS Calendar Detailed month view J_1643b4/span_Seminar for Final Examination' is clicked on

2022-01-16 21:36:06 - [TEST_STEP][PASSED] - waitForElementVisible(findTestObject("Object Repository/Page_IntroCS Calendar Detailed month view J_1643b4/button_Delete"), 0): Object 'Object Repository/Page_IntroCS Calendar Detailed month view J_1643b4/button_Delete' is visible

2022-01-16 21:36:06 - [MESSAGE][WARNING] - Timeout '0' is invalid. Using default page load timeout: '30'

2022-01-16 21:36:37 - [MESSAGE][INFO] - Unable to find the element located by 'By.xpath: //button[@id='yui_3_17_2_1_1642179933493_2046']'. Please recheck the objects properties to make sure the desired element is located. 

2022-01-16 21:36:37 - [MESSAGE][WARNING] - [SELF-HEALING] Failed to find element with id 'Object Repository/Page_IntroCS Calendar Detailed month view J_1643b4/button_Delete'. Try using Self-healing.

2022-01-16 21:36:37 - [MESSAGE][WARNING] - [SELF-HEALING] The current locator of test object 'Object Repository/Page_IntroCS Calendar Detailed month view J_1643b4/button_Delete' was broken. Propose an alternative one: '(.//*[normalize-space(text()) and normalize-space(.)='Course event'])[1]/following::button[1]'.

2022-01-16 21:36:38 - [MESSAGE][PASSED] - Object 'Object Repository/Page_IntroCS Calendar Detailed month view J_1643b4/button_Delete' is visible

2022-01-16 21:36:38 - [TEST_STEP][PASSED] - click(findTestObject("Object Repository/Page_IntroCS Calendar Detailed month view J_1643b4/button_Delete")): Object: 'Object Repository/Page_IntroCS Calendar Detailed month view J_1643b4/button_Delete' is clicked on

2022-01-16 21:37:09 - [MESSAGE][INFO] - Unable to find the element located by 'By.xpath: //button[@id='yui_3_17_2_1_1642179933493_2046']'. Please recheck the objects properties to make sure the desired element is located. 

2022-01-16 21:37:09 - [MESSAGE][WARNING] - [SELF-HEALING] Failed to find element with id 'Object Repository/Page_IntroCS Calendar Detailed month view J_1643b4/button_Delete'. Try using Self-healing.

2022-01-16 21:37:09 - [MESSAGE][WARNING] - [SELF-HEALING] The current locator of test object 'Object Repository/Page_IntroCS Calendar Detailed month view J_1643b4/button_Delete' was broken. Propose an alternative one: '(.//*[normalize-space(text()) and normalize-space(.)='Course event'])[1]/following::button[1]'.

2022-01-16 21:37:09 - [MESSAGE][PASSED] - Object: 'Object Repository/Page_IntroCS Calendar Detailed month view J_1643b4/button_Delete' is clicked on

2022-01-16 21:37:09 - [TEST_STEP][PASSED] - click(findTestObject("Object Repository/Page_IntroCS Calendar Detailed month view J_1643b4/button_Delete event")): Object: 'Object Repository/Page_IntroCS Calendar Detailed month view J_1643b4/button_Delete event' is clicked on

2022-01-16 21:37:40 - [MESSAGE][INFO] - Unable to find the element located by 'By.xpath: //button[@id='yui_3_17_2_1_1642179933493_2066']'. Please recheck the objects properties to make sure the desired element is located. 

2022-01-16 21:37:40 - [MESSAGE][WARNING] - [SELF-HEALING] Failed to find element with id 'Object Repository/Page_IntroCS Calendar Detailed month view J_1643b4/button_Delete event'. Try using Self-healing.

2022-01-16 21:37:40 - [MESSAGE][WARNING] - [SELF-HEALING] The current locator of test object 'Object Repository/Page_IntroCS Calendar Detailed month view J_1643b4/button_Delete event' was broken. Propose an alternative one: '(.//*[normalize-space(text()) and normalize-space(.)=concat('Are you sure you want to delete the ', '"', 'Seminar for Final Examination', '"', ' event?')])[1]/following::button[1]'.

2022-01-16 21:37:40 - [MESSAGE][PASSED] - Object: 'Object Repository/Page_IntroCS Calendar Detailed month view J_1643b4/button_Delete event' is clicked on

2022-01-16 21:37:40 - [TEST_STEP][PASSED] - closeBrowser(): Browser is closed

2022-01-16 21:37:41 - [MESSAGE][PASSED] - Browser is closed]]></system-out>
         <system-err><![CDATA[]]></system-err>
      </testcase>
      <testcase name="Test Cases/test case 21" time="234.709" classname="Test Cases/test case 21" status="PASSED">
         <system-out><![CDATA[2022-01-16 21:37:41 - [TEST_CASE][PASSED] - Test Cases/test case 21: Test Cases/test case 21

2022-01-16 21:37:41 - [TEST_STEP][PASSED] - openBrowser(""): Browser is opened with url: ''

2022-01-16 21:37:41 - [MESSAGE][INFO] - Starting 'Chrome' driver

2022-01-16 21:37:41 - [MESSAGE][INFO] - Action delay is set to 0 milliseconds

2022-01-16 21:37:42 - [MESSAGE][PASSED] - Browser is opened with url: ''

2022-01-16 21:37:42 - [TEST_STEP][PASSED] - navigateToUrl("http://localhost/"): Navigate to 'http://localhost/' successfully

2022-01-16 21:37:44 - [MESSAGE][PASSED] - Navigate to 'http://localhost/' successfully

2022-01-16 21:37:44 - [TEST_STEP][PASSED] - click(findTestObject("Object Repository/Page_Moodle/a_Log in")): Object: 'Object Repository/Page_Moodle/a_Log in' is clicked on

2022-01-16 21:37:44 - [MESSAGE][PASSED] - Object: 'Object Repository/Page_Moodle/a_Log in' is clicked on

2022-01-16 21:37:44 - [TEST_STEP][PASSED] - setText(findTestObject("Object Repository/Page_Moodle Log in to the site/input_Username_username"), "admin"): Text 'admin' is set on object 'Object Repository/Page_Moodle Log in to the site/input_Username_username'

2022-01-16 21:37:45 - [MESSAGE][PASSED] - Text 'admin' is set on object 'Object Repository/Page_Moodle Log in to the site/input_Username_username'

2022-01-16 21:37:45 - [TEST_STEP][PASSED] - setEncryptedText(findTestObject("Object Repository/Page_Moodle Log in to the site/input_Password_password"), "r6H/uPCyCbQX7sAf5E1f3g=="): Text ****** has been set on object 'Object Repository/Page_Moodle Log in to the site/input_Password_password'

2022-01-16 21:37:45 - [MESSAGE][PASSED] - Text ****** has been set on object 'Object Repository/Page_Moodle Log in to the site/input_Password_password'

2022-01-16 21:37:45 - [TEST_STEP][PASSED] - click(findTestObject("Object Repository/Page_Moodle Log in to the site/button_Log in")): Object: 'Object Repository/Page_Moodle Log in to the site/button_Log in' is clicked on

2022-01-16 21:37:46 - [MESSAGE][PASSED] - Object: 'Object Repository/Page_Moodle Log in to the site/button_Log in' is clicked on

2022-01-16 21:37:46 - [TEST_STEP][PASSED] - click(findTestObject("Object Repository/Page_Dashboard/span_Site home")): Object: 'Object Repository/Page_Dashboard/span_Site home' is clicked on

2022-01-16 21:37:48 - [MESSAGE][PASSED] - Object: 'Object Repository/Page_Dashboard/span_Site home' is clicked on

2022-01-16 21:37:48 - [TEST_STEP][PASSED] - verifyElementText(findTestObject("Page_Moodle/a_Introduction to Computer Science"), "Introduction to Computer Science"): Actual text and expected text of test object 'Object Repository/Page_Moodle/a_Introduction to Computer Science' are matched.

2022-01-16 21:37:48 - [MESSAGE][PASSED] - Actual text and expected text of test object 'Object Repository/Page_Moodle/a_Introduction to Computer Science' are matched.

2022-01-16 21:37:48 - [TEST_STEP][PASSED] - click(findTestObject("Page_Moodle/a_Introduction to Computer Science")): Object: 'Object Repository/Page_Moodle/a_Introduction to Computer Science' is clicked on

2022-01-16 21:37:49 - [MESSAGE][PASSED] - Object: 'Object Repository/Page_Moodle/a_Introduction to Computer Science' is clicked on

2022-01-16 21:37:49 - [TEST_STEP][PASSED] - click(findTestObject("Object Repository/Page_Course Introduction to Computer Science/a_Calendar")): Object: 'Object Repository/Page_Course Introduction to Computer Science/a_Calendar' is clicked on

2022-01-16 21:37:50 - [MESSAGE][PASSED] - Object: 'Object Repository/Page_Course Introduction to Computer Science/a_Calendar' is clicked on

2022-01-16 21:37:50 - [TEST_STEP][PASSED] - waitForElementVisible(findTestObject("Object Repository/Page_IntroCS Calendar Detailed month view J_1643b4/button_New event"), 0): Object 'Object Repository/Page_IntroCS Calendar Detailed month view J_1643b4/button_New event' is visible

2022-01-16 21:37:50 - [MESSAGE][WARNING] - Timeout '0' is invalid. Using default page load timeout: '30'

2022-01-16 21:38:21 - [MESSAGE][INFO] - Unable to find the element located by 'By.xpath: //div[@id='calendar-month-61e1ad5d6c69d61e1ad5d02f2e16']/div/button'. Please recheck the objects properties to make sure the desired element is located. 

2022-01-16 21:38:21 - [MESSAGE][WARNING] - [SELF-HEALING] Failed to find element with id 'Object Repository/Page_IntroCS Calendar Detailed month view J_1643b4/button_New event'. Try using Self-healing.

2022-01-16 21:38:21 - [MESSAGE][WARNING] - [SELF-HEALING] The current locator of test object 'Object Repository/Page_IntroCS Calendar Detailed month view J_1643b4/button_New event' was broken. Propose an alternative one: '(.//*[normalize-space(text()) and normalize-space(.)='List of courses'])[1]/following::button[1]'.

2022-01-16 21:38:21 - [MESSAGE][PASSED] - Object 'Object Repository/Page_IntroCS Calendar Detailed month view J_1643b4/button_New event' is visible

2022-01-16 21:38:21 - [TEST_STEP][PASSED] - click(findTestObject("Object Repository/Page_IntroCS Calendar Detailed month view J_1643b4/button_New event")): Object: 'Object Repository/Page_IntroCS Calendar Detailed month view J_1643b4/button_New event' is clicked on

2022-01-16 21:38:53 - [MESSAGE][INFO] - Unable to find the element located by 'By.xpath: //div[@id='calendar-month-61e1ad5d6c69d61e1ad5d02f2e16']/div/button'. Please recheck the objects properties to make sure the desired element is located. 

2022-01-16 21:38:53 - [MESSAGE][WARNING] - [SELF-HEALING] Failed to find element with id 'Object Repository/Page_IntroCS Calendar Detailed month view J_1643b4/button_New event'. Try using Self-healing.

2022-01-16 21:38:53 - [MESSAGE][WARNING] - [SELF-HEALING] The current locator of test object 'Object Repository/Page_IntroCS Calendar Detailed month view J_1643b4/button_New event' was broken. Propose an alternative one: '(.//*[normalize-space(text()) and normalize-space(.)='List of courses'])[1]/following::button[1]'.

2022-01-16 21:38:53 - [MESSAGE][PASSED] - Object: 'Object Repository/Page_IntroCS Calendar Detailed month view J_1643b4/button_New event' is clicked on

2022-01-16 21:38:53 - [TEST_STEP][PASSED] - setText(findTestObject("Object Repository/Page_IntroCS Calendar Detailed month view J_1643b4/input_Event title_name"), "Seminar for Final Examination"): Text 'Seminar for Final Examination' is set on object 'Object Repository/Page_IntroCS Calendar Detailed month view J_1643b4/input_Event title_name'

2022-01-16 21:38:55 - [MESSAGE][PASSED] - Text 'Seminar for Final Examination' is set on object 'Object Repository/Page_IntroCS Calendar Detailed month view J_1643b4/input_Event title_name'

2022-01-16 21:38:55 - [TEST_STEP][PASSED] - selectOptionByValue(findTestObject("Object Repository/Page_IntroCS Calendar Detailed month view J_1643b4/select_1        2        3        4        _45ea30"), "26", true): All options with value '26' are selected in object 'Object Repository/Page_IntroCS Calendar Detailed month view J_1643b4/select_1        2        3        4        _45ea30'  using regular expression

2022-01-16 21:38:56 - [MESSAGE][PASSED] - All options with value '26' are selected in object 'Object Repository/Page_IntroCS Calendar Detailed month view J_1643b4/select_1        2        3        4        _45ea30'  using regular expression

2022-01-16 21:38:56 - [TEST_STEP][PASSED] - selectOptionByValue(findTestObject("Object Repository/Page_IntroCS Calendar Detailed month view J_1643b4/select_00        01        02        03    _f6e37b"), "0", true): All options with value '0' are selected in object 'Object Repository/Page_IntroCS Calendar Detailed month view J_1643b4/select_00        01        02        03    _f6e37b'  using regular expression

2022-01-16 21:38:57 - [MESSAGE][PASSED] - All options with value '0' are selected in object 'Object Repository/Page_IntroCS Calendar Detailed month view J_1643b4/select_00        01        02        03    _f6e37b'  using regular expression

2022-01-16 21:38:57 - [TEST_STEP][PASSED] - click(findTestObject("Object Repository/Page_IntroCS Calendar Detailed month view J_1643b4/button_Save")): Object: 'Object Repository/Page_IntroCS Calendar Detailed month view J_1643b4/button_Save' is clicked on

2022-01-16 21:39:29 - [MESSAGE][INFO] - Unable to find the element located by 'By.xpath: //button[@id='yui_3_17_2_1_1642179933493_604']'. Please recheck the objects properties to make sure the desired element is located. 

2022-01-16 21:39:29 - [MESSAGE][WARNING] - [SELF-HEALING] Failed to find element with id 'Object Repository/Page_IntroCS Calendar Detailed month view J_1643b4/button_Save'. Try using Self-healing.

2022-01-16 21:39:29 - [MESSAGE][WARNING] - [SELF-HEALING] The current locator of test object 'Object Repository/Page_IntroCS Calendar Detailed month view J_1643b4/button_Save' was broken. Propose an alternative one: '(.//*[normalize-space(text()) and normalize-space(.)='Repeat weekly, creating altogether'])[1]/following::button[1]'.

2022-01-16 21:39:29 - [MESSAGE][PASSED] - Object: 'Object Repository/Page_IntroCS Calendar Detailed month view J_1643b4/button_Save' is clicked on

2022-01-16 21:39:29 - [TEST_STEP][PASSED] - click(findTestObject("Object Repository/Page_IntroCS Calendar Detailed month view J_1643b4/span_Seminar for Final Examination")): Object: 'Object Repository/Page_IntroCS Calendar Detailed month view J_1643b4/span_Seminar for Final Examination' is clicked on

2022-01-16 21:40:00 - [MESSAGE][INFO] - Unable to find the element located by 'By.xpath: //a[@id='yui_3_17_2_1_1642179933493_2024']/span[2]'. Please recheck the objects properties to make sure the desired element is located. 

2022-01-16 21:40:00 - [MESSAGE][WARNING] - [SELF-HEALING] Failed to find element with id 'Object Repository/Page_IntroCS Calendar Detailed month view J_1643b4/span_Seminar for Final Examination'. Try using Self-healing.

2022-01-16 21:40:00 - [MESSAGE][WARNING] - [SELF-HEALING] The current locator of test object 'Object Repository/Page_IntroCS Calendar Detailed month view J_1643b4/span_Seminar for Final Examination' was broken. Propose an alternative one: '(.//*[normalize-space(text()) and normalize-space(.)='No events, Tuesday, 25 January'])[2]/following::span[4]'.

2022-01-16 21:40:00 - [MESSAGE][PASSED] - Object: 'Object Repository/Page_IntroCS Calendar Detailed month view J_1643b4/span_Seminar for Final Examination' is clicked on

2022-01-16 21:40:00 - [TEST_STEP][PASSED] - waitForElementVisible(findTestObject("Object Repository/Page_IntroCS Calendar Detailed month view J_1643b4/button_Delete"), 0): Object 'Object Repository/Page_IntroCS Calendar Detailed month view J_1643b4/button_Delete' is visible

2022-01-16 21:40:00 - [MESSAGE][WARNING] - Timeout '0' is invalid. Using default page load timeout: '30'

2022-01-16 21:40:32 - [MESSAGE][INFO] - Unable to find the element located by 'By.xpath: //button[@id='yui_3_17_2_1_1642179933493_2046']'. Please recheck the objects properties to make sure the desired element is located. 

2022-01-16 21:40:32 - [MESSAGE][WARNING] - [SELF-HEALING] Failed to find element with id 'Object Repository/Page_IntroCS Calendar Detailed month view J_1643b4/button_Delete'. Try using Self-healing.

2022-01-16 21:40:32 - [MESSAGE][WARNING] - [SELF-HEALING] The current locator of test object 'Object Repository/Page_IntroCS Calendar Detailed month view J_1643b4/button_Delete' was broken. Propose an alternative one: '(.//*[normalize-space(text()) and normalize-space(.)='Course event'])[1]/following::button[1]'.

2022-01-16 21:40:32 - [MESSAGE][PASSED] - Object 'Object Repository/Page_IntroCS Calendar Detailed month view J_1643b4/button_Delete' is visible

2022-01-16 21:40:32 - [TEST_STEP][PASSED] - click(findTestObject("Object Repository/Page_IntroCS Calendar Detailed month view J_1643b4/button_Delete")): Object: 'Object Repository/Page_IntroCS Calendar Detailed month view J_1643b4/button_Delete' is clicked on

2022-01-16 21:41:03 - [MESSAGE][INFO] - Unable to find the element located by 'By.xpath: //button[@id='yui_3_17_2_1_1642179933493_2046']'. Please recheck the objects properties to make sure the desired element is located. 

2022-01-16 21:41:03 - [MESSAGE][WARNING] - [SELF-HEALING] Failed to find element with id 'Object Repository/Page_IntroCS Calendar Detailed month view J_1643b4/button_Delete'. Try using Self-healing.

2022-01-16 21:41:03 - [MESSAGE][WARNING] - [SELF-HEALING] The current locator of test object 'Object Repository/Page_IntroCS Calendar Detailed month view J_1643b4/button_Delete' was broken. Propose an alternative one: '(.//*[normalize-space(text()) and normalize-space(.)='Course event'])[1]/following::button[1]'.

2022-01-16 21:41:03 - [MESSAGE][PASSED] - Object: 'Object Repository/Page_IntroCS Calendar Detailed month view J_1643b4/button_Delete' is clicked on

2022-01-16 21:41:03 - [TEST_STEP][PASSED] - click(findTestObject("Object Repository/Page_IntroCS Calendar Detailed month view J_1643b4/button_Delete event")): Object: 'Object Repository/Page_IntroCS Calendar Detailed month view J_1643b4/button_Delete event' is clicked on

2022-01-16 21:41:35 - [MESSAGE][INFO] - Unable to find the element located by 'By.xpath: //button[@id='yui_3_17_2_1_1642179933493_2066']'. Please recheck the objects properties to make sure the desired element is located. 

2022-01-16 21:41:35 - [MESSAGE][WARNING] - [SELF-HEALING] Failed to find element with id 'Object Repository/Page_IntroCS Calendar Detailed month view J_1643b4/button_Delete event'. Try using Self-healing.

2022-01-16 21:41:35 - [MESSAGE][WARNING] - [SELF-HEALING] The current locator of test object 'Object Repository/Page_IntroCS Calendar Detailed month view J_1643b4/button_Delete event' was broken. Propose an alternative one: '(.//*[normalize-space(text()) and normalize-space(.)=concat('Are you sure you want to delete the ', '"', 'Seminar for Final Examination', '"', ' event?')])[1]/following::button[1]'.

2022-01-16 21:41:35 - [MESSAGE][PASSED] - Object: 'Object Repository/Page_IntroCS Calendar Detailed month view J_1643b4/button_Delete event' is clicked on

2022-01-16 21:41:35 - [TEST_STEP][PASSED] - closeBrowser(): Browser is closed

2022-01-16 21:41:36 - [MESSAGE][PASSED] - Browser is closed]]></system-out>
         <system-err><![CDATA[]]></system-err>
      </testcase>
      <testcase name="Test Cases/test case 22" time="367.207" classname="Test Cases/test case 22" status="FAILED">
         <failure type="FAILED" message="Test Cases/test case 22 FAILED.
Reason:
com.kms.katalon.core.exception.StepFailedException: Unable to click on object 'Object Repository/Page_Mood Calendar Detailed month view Janu_18fc56/button_Delete event'
	at com.kms.katalon.core.webui.keyword.internal.WebUIKeywordMain.stepFailed(WebUIKeywordMain.groovy:64)
	at com.kms.katalon.core.webui.keyword.internal.WebUIKeywordMain.runKeyword(WebUIKeywordMain.groovy:26)
	at com.kms.katalon.core.webui.keyword.builtin.ClickKeyword.click(ClickKeyword.groovy:74)
	at com.kms.katalon.core.webui.keyword.builtin.ClickKeyword.execute(ClickKeyword.groovy:40)
	at com.kms.katalon.core.keyword.internal.KeywordExecutor.executeKeywordForPlatform(KeywordExecutor.groovy:74)
	at com.kms.katalon.core.webui.keyword.WebUiBuiltInKeywords.click(WebUiBuiltInKeywords.groovy:620)
	at com.kms.katalon.core.webui.keyword.WebUiBuiltInKeywords$click$1.call(Unknown Source)
	at test case 22.run(test case 22:56)
	at com.kms.katalon.core.main.ScriptEngine.run(ScriptEngine.java:194)
	at com.kms.katalon.core.main.ScriptEngine.runScriptAsRawText(ScriptEngine.java:119)
	at com.kms.katalon.core.main.TestCaseExecutor.runScript(TestCaseExecutor.java:442)
	at com.kms.katalon.core.main.TestCaseExecutor.doExecute(TestCaseExecutor.java:433)
	at com.kms.katalon.core.main.TestCaseExecutor.processExecutionPhase(TestCaseExecutor.java:412)
	at com.kms.katalon.core.main.TestCaseExecutor.accessMainPhase(TestCaseExecutor.java:404)
	at com.kms.katalon.core.main.TestCaseExecutor.execute(TestCaseExecutor.java:281)
	at com.kms.katalon.core.main.TestSuiteExecutor.accessTestCaseMainPhase(TestSuiteExecutor.java:202)
	at com.kms.katalon.core.main.TestSuiteExecutor.accessTestSuiteMainPhase(TestSuiteExecutor.java:164)
	at com.kms.katalon.core.main.TestSuiteExecutor.execute(TestSuiteExecutor.java:105)
	at com.kms.katalon.core.main.TestCaseMain.startTestSuite(TestCaseMain.java:181)
	at com.kms.katalon.core.main.TestCaseMain$startTestSuite$0.call(Unknown Source)
	at TempTestSuite1642341898122.run(TempTestSuite1642341898122.groovy:36)
Caused by: com.kms.katalon.core.webui.exception.WebElementNotFoundException: Web element with id: 'Object Repository/Page_Mood Calendar Detailed month view Janu_18fc56/button_Delete event' located by '//button[@id='yui_3_17_2_1_1642337585482_2083']' not found
	at com.kms.katalon.core.webui.common.WebUiCommonHelper.findWebElement(WebUiCommonHelper.java:1368)
	at com.kms.katalon.core.webui.keyword.internal.WebUIAbstractKeyword.findWebElement(WebUIAbstractKeyword.groovy:27)
	at com.kms.katalon.core.webui.keyword.builtin.ClickKeyword$_click_closure1.doCall(ClickKeyword.groovy:65)
	at com.kms.katalon.core.webui.keyword.builtin.ClickKeyword$_click_closure1.call(ClickKeyword.groovy)
	at com.kms.katalon.core.webui.keyword.internal.WebUIKeywordMain.runKeyword(WebUIKeywordMain.groovy:20)
	... 19 more
"/>
         <system-out><![CDATA[2022-01-16 21:41:36 - [TEST_CASE][FAILED] - Test Cases/test case 22: Test Cases/test case 22 FAILED.
Reason:
com.kms.katalon.core.exception.StepFailedException: Unable to click on object 'Object Repository/Page_Mood Calendar Detailed month view Janu_18fc56/button_Delete event'
	at com.kms.katalon.core.webui.keyword.internal.WebUIKeywordMain.stepFailed(WebUIKeywordMain.groovy:64)
	at com.kms.katalon.core.webui.keyword.internal.WebUIKeywordMain.runKeyword(WebUIKeywordMain.groovy:26)
	at com.kms.katalon.core.webui.keyword.builtin.ClickKeyword.click(ClickKeyword.groovy:74)
	at com.kms.katalon.core.webui.keyword.builtin.ClickKeyword.execute(ClickKeyword.groovy:40)
	at com.kms.katalon.core.keyword.internal.KeywordExecutor.executeKeywordForPlatform(KeywordExecutor.groovy:74)
	at com.kms.katalon.core.webui.keyword.WebUiBuiltInKeywords.click(WebUiBuiltInKeywords.groovy:620)
	at com.kms.katalon.core.webui.keyword.WebUiBuiltInKeywords$click$1.call(Unknown Source)
	at test case 22.run(test case 22:56)
	at com.kms.katalon.core.main.ScriptEngine.run(ScriptEngine.java:194)
	at com.kms.katalon.core.main.ScriptEngine.runScriptAsRawText(ScriptEngine.java:119)
	at com.kms.katalon.core.main.TestCaseExecutor.runScript(TestCaseExecutor.java:442)
	at com.kms.katalon.core.main.TestCaseExecutor.doExecute(TestCaseExecutor.java:433)
	at com.kms.katalon.core.main.TestCaseExecutor.processExecutionPhase(TestCaseExecutor.java:412)
	at com.kms.katalon.core.main.TestCaseExecutor.accessMainPhase(TestCaseExecutor.java:404)
	at com.kms.katalon.core.main.TestCaseExecutor.execute(TestCaseExecutor.java:281)
	at com.kms.katalon.core.main.TestSuiteExecutor.accessTestCaseMainPhase(TestSuiteExecutor.java:202)
	at com.kms.katalon.core.main.TestSuiteExecutor.accessTestSuiteMainPhase(TestSuiteExecutor.java:164)
	at com.kms.katalon.core.main.TestSuiteExecutor.execute(TestSuiteExecutor.java:105)
	at com.kms.katalon.core.main.TestCaseMain.startTestSuite(TestCaseMain.java:181)
	at com.kms.katalon.core.main.TestCaseMain$startTestSuite$0.call(Unknown Source)
	at TempTestSuite1642341898122.run(TempTestSuite1642341898122.groovy:36)
Caused by: com.kms.katalon.core.webui.exception.WebElementNotFoundException: Web element with id: 'Object Repository/Page_Mood Calendar Detailed month view Janu_18fc56/button_Delete event' located by '//button[@id='yui_3_17_2_1_1642337585482_2083']' not found
	at com.kms.katalon.core.webui.common.WebUiCommonHelper.findWebElement(WebUiCommonHelper.java:1368)
	at com.kms.katalon.core.webui.keyword.internal.WebUIAbstractKeyword.findWebElement(WebUIAbstractKeyword.groovy:27)
	at com.kms.katalon.core.webui.keyword.builtin.ClickKeyword$_click_closure1.doCall(ClickKeyword.groovy:65)
	at com.kms.katalon.core.webui.keyword.builtin.ClickKeyword$_click_closure1.call(ClickKeyword.groovy)
	at com.kms.katalon.core.webui.keyword.internal.WebUIKeywordMain.runKeyword(WebUIKeywordMain.groovy:20)
	... 19 more


2022-01-16 21:41:36 - [TEST_STEP][PASSED] - openBrowser(""): Browser is opened with url: ''

2022-01-16 21:41:36 - [MESSAGE][INFO] - Starting 'Chrome' driver

2022-01-16 21:41:36 - [MESSAGE][INFO] - Action delay is set to 0 milliseconds

2022-01-16 21:41:37 - [MESSAGE][PASSED] - Browser is opened with url: ''

2022-01-16 21:41:37 - [TEST_STEP][PASSED] - navigateToUrl("http://localhost/"): Navigate to 'http://localhost/' successfully

2022-01-16 21:41:38 - [MESSAGE][PASSED] - Navigate to 'http://localhost/' successfully

2022-01-16 21:41:38 - [TEST_STEP][PASSED] - click(findTestObject("Object Repository/Page_Moodle/a_Log in")): Object: 'Object Repository/Page_Moodle/a_Log in' is clicked on

2022-01-16 21:41:39 - [MESSAGE][PASSED] - Object: 'Object Repository/Page_Moodle/a_Log in' is clicked on

2022-01-16 21:41:39 - [TEST_STEP][PASSED] - setText(findTestObject("Object Repository/Page_Moodle Log in to the site/input_Username_username"), "admin"): Text 'admin' is set on object 'Object Repository/Page_Moodle Log in to the site/input_Username_username'

2022-01-16 21:41:40 - [MESSAGE][PASSED] - Text 'admin' is set on object 'Object Repository/Page_Moodle Log in to the site/input_Username_username'

2022-01-16 21:41:40 - [TEST_STEP][PASSED] - setEncryptedText(findTestObject("Object Repository/Page_Moodle Log in to the site/input_Password_password"), "r6H/uPCyCbQX7sAf5E1f3g=="): Text ****** has been set on object 'Object Repository/Page_Moodle Log in to the site/input_Password_password'

2022-01-16 21:41:40 - [MESSAGE][PASSED] - Text ****** has been set on object 'Object Repository/Page_Moodle Log in to the site/input_Password_password'

2022-01-16 21:41:40 - [TEST_STEP][PASSED] - click(findTestObject("Object Repository/Page_Moodle Log in to the site/button_Log in")): Object: 'Object Repository/Page_Moodle Log in to the site/button_Log in' is clicked on

2022-01-16 21:41:41 - [MESSAGE][PASSED] - Object: 'Object Repository/Page_Moodle Log in to the site/button_Log in' is clicked on

2022-01-16 21:41:41 - [TEST_STEP][PASSED] - waitForElementVisible(findTestObject("Object Repository/Page_Dashboard/a_January 2022"), 0): Object 'Object Repository/Page_Dashboard/a_January 2022' is visible

2022-01-16 21:41:41 - [MESSAGE][WARNING] - Timeout '0' is invalid. Using default page load timeout: '30'

2022-01-16 21:42:13 - [MESSAGE][INFO] - Unable to find the element located by 'By.xpath: //div[@id='month-mini-2022-1-5']/table/caption/span[2]/a'. Please recheck the objects properties to make sure the desired element is located. 

2022-01-16 21:42:13 - [MESSAGE][WARNING] - [SELF-HEALING] Failed to find element with id 'Object Repository/Page_Dashboard/a_January 2022'. Try using Self-healing.

2022-01-16 21:42:15 - [MESSAGE][WARNING] - [SELF-HEALING] The current locator of test object 'Object Repository/Page_Dashboard/a_January 2022' was broken. Propose an alternative one: '//a[contains(text(),'January 2022')]'.

2022-01-16 21:42:15 - [MESSAGE][PASSED] - Object 'Object Repository/Page_Dashboard/a_January 2022' is visible

2022-01-16 21:42:15 - [TEST_STEP][PASSED] - click(findTestObject("Object Repository/Page_Dashboard/a_January 2022")): Object: 'Object Repository/Page_Dashboard/a_January 2022' is clicked on

2022-01-16 21:42:47 - [MESSAGE][INFO] - Unable to find the element located by 'By.xpath: //div[@id='month-mini-2022-1-5']/table/caption/span[2]/a'. Please recheck the objects properties to make sure the desired element is located. 

2022-01-16 21:42:47 - [MESSAGE][WARNING] - [SELF-HEALING] Failed to find element with id 'Object Repository/Page_Dashboard/a_January 2022'. Try using Self-healing.

2022-01-16 21:42:49 - [MESSAGE][WARNING] - [SELF-HEALING] The current locator of test object 'Object Repository/Page_Dashboard/a_January 2022' was broken. Propose an alternative one: '//a[contains(text(),'January 2022')]'.

2022-01-16 21:42:49 - [MESSAGE][PASSED] - Object: 'Object Repository/Page_Dashboard/a_January 2022' is clicked on

2022-01-16 21:42:49 - [TEST_STEP][PASSED] - click(findTestObject("Object Repository/Page_Mood Calendar Detailed month view Janu_18fc56/button_New event")): Object: 'Object Repository/Page_Mood Calendar Detailed month view Janu_18fc56/button_New event' is clicked on

2022-01-16 21:43:21 - [MESSAGE][INFO] - Unable to find the element located by 'By.xpath: //div[@id='calendar-month-61e41531799f761e4153150b4a16']/div/button'. Please recheck the objects properties to make sure the desired element is located. 

2022-01-16 21:43:21 - [MESSAGE][WARNING] - [SELF-HEALING] Failed to find element with id 'Object Repository/Page_Mood Calendar Detailed month view Janu_18fc56/button_New event'. Try using Self-healing.

2022-01-16 21:43:23 - [MESSAGE][WARNING] - [SELF-HEALING] The current locator of test object 'Object Repository/Page_Mood Calendar Detailed month view Janu_18fc56/button_New event' was broken. Propose an alternative one: '(.//*[normalize-space(text()) and normalize-space(.)='List of courses'])[1]/following::button[1]'.

2022-01-16 21:43:23 - [MESSAGE][PASSED] - Object: 'Object Repository/Page_Mood Calendar Detailed month view Janu_18fc56/button_New event' is clicked on

2022-01-16 21:43:23 - [TEST_STEP][PASSED] - setText(findTestObject("Object Repository/Page_Mood Calendar Detailed month view Janu_18fc56/input_Event title_name"), "Seminar for Final Examination"): Text 'Seminar for Final Examination' is set on object 'Object Repository/Page_Mood Calendar Detailed month view Janu_18fc56/input_Event title_name'

2022-01-16 21:43:51 - [MESSAGE][PASSED] - Text 'Seminar for Final Examination' is set on object 'Object Repository/Page_Mood Calendar Detailed month view Janu_18fc56/input_Event title_name'

2022-01-16 21:43:51 - [TEST_STEP][PASSED] - selectOptionByValue(findTestObject("Object Repository/Page_Mood Calendar Detailed month view Janu_18fc56/select_1        2        3        4        _45ea30"), "26", true): All options with value '26' are selected in object 'Object Repository/Page_Mood Calendar Detailed month view Janu_18fc56/select_1        2        3        4        _45ea30'  using regular expression

2022-01-16 21:43:58 - [MESSAGE][PASSED] - All options with value '26' are selected in object 'Object Repository/Page_Mood Calendar Detailed month view Janu_18fc56/select_1        2        3        4        _45ea30'  using regular expression

2022-01-16 21:43:58 - [TEST_STEP][PASSED] - selectOptionByValue(findTestObject("Object Repository/Page_Mood Calendar Detailed month view Janu_18fc56/select_00        01        02        03    _f6e37b"), "0", true): All options with value '0' are selected in object 'Object Repository/Page_Mood Calendar Detailed month view Janu_18fc56/select_00        01        02        03    _f6e37b'  using regular expression

2022-01-16 21:44:04 - [MESSAGE][PASSED] - All options with value '0' are selected in object 'Object Repository/Page_Mood Calendar Detailed month view Janu_18fc56/select_00        01        02        03    _f6e37b'  using regular expression

2022-01-16 21:44:04 - [TEST_STEP][PASSED] - click(findTestObject("Object Repository/Page_Mood Calendar Detailed month view Janu_18fc56/button_Save")): Object: 'Object Repository/Page_Mood Calendar Detailed month view Janu_18fc56/button_Save' is clicked on

2022-01-16 21:44:37 - [MESSAGE][INFO] - Unable to find the element located by 'By.xpath: //button[@id='yui_3_17_2_1_1642337585482_1306']'. Please recheck the objects properties to make sure the desired element is located. 

2022-01-16 21:44:37 - [MESSAGE][WARNING] - [SELF-HEALING] Failed to find element with id 'Object Repository/Page_Mood Calendar Detailed month view Janu_18fc56/button_Save'. Try using Self-healing.

2022-01-16 21:44:39 - [MESSAGE][WARNING] - [SELF-HEALING] The current locator of test object 'Object Repository/Page_Mood Calendar Detailed month view Janu_18fc56/button_Save' was broken. Propose an alternative one: '(.//*[normalize-space(text()) and normalize-space(.)='Repeat weekly, creating altogether'])[1]/following::button[1]'.

2022-01-16 21:44:39 - [MESSAGE][PASSED] - Object: 'Object Repository/Page_Mood Calendar Detailed month view Janu_18fc56/button_Save' is clicked on

2022-01-16 21:44:39 - [TEST_STEP][PASSED] - click(findTestObject("Object Repository/Page_Mood Calendar Detailed month view Janu_18fc56/span_Seminar for Final Examination")): Object: 'Object Repository/Page_Mood Calendar Detailed month view Janu_18fc56/span_Seminar for Final Examination' is clicked on

2022-01-16 21:45:11 - [MESSAGE][INFO] - Unable to find the element located by 'By.xpath: //a[@id='yui_3_17_2_1_1642179747286_1999']/span[2]'. Please recheck the objects properties to make sure the desired element is located. 

2022-01-16 21:45:11 - [MESSAGE][WARNING] - [SELF-HEALING] Failed to find element with id 'Object Repository/Page_Mood Calendar Detailed month view Janu_18fc56/span_Seminar for Final Examination'. Try using Self-healing.

2022-01-16 21:45:13 - [MESSAGE][WARNING] - [SELF-HEALING] The current locator of test object 'Object Repository/Page_Mood Calendar Detailed month view Janu_18fc56/span_Seminar for Final Examination' was broken. Propose an alternative one: '(.//*[normalize-space(text()) and normalize-space(.)='No events, Tuesday, 25 January'])[2]/following::span[4]'.

2022-01-16 21:45:13 - [MESSAGE][PASSED] - Object: 'Object Repository/Page_Mood Calendar Detailed month view Janu_18fc56/span_Seminar for Final Examination' is clicked on

2022-01-16 21:45:13 - [TEST_STEP][PASSED] - waitForElementVisible(findTestObject("Object Repository/Page_Mood Calendar Detailed month view Janu_18fc56/button_Delete"), 0): Object 'Object Repository/Page_Mood Calendar Detailed month view Janu_18fc56/button_Delete' is visible

2022-01-16 21:45:13 - [MESSAGE][WARNING] - Timeout '0' is invalid. Using default page load timeout: '30'

2022-01-16 21:45:45 - [MESSAGE][INFO] - Unable to find the element located by 'By.xpath: //button[@id='yui_3_17_2_1_1642337585482_2067']'. Please recheck the objects properties to make sure the desired element is located. 

2022-01-16 21:45:45 - [MESSAGE][WARNING] - [SELF-HEALING] Failed to find element with id 'Object Repository/Page_Mood Calendar Detailed month view Janu_18fc56/button_Delete'. Try using Self-healing.

2022-01-16 21:45:47 - [MESSAGE][INFO] - Unable to find the element located by 'By.xpath: (.//*[normalize-space(text()) and normalize-space(.)='Introduction to Computer Science'])[3]/following::button[1]'. Please recheck the objects properties to make sure the desired element is located. 

2022-01-16 21:45:49 - [MESSAGE][INFO] - Unable to find the element located by 'By.xpath: (.//*[normalize-space(text()) and normalize-space(.)='User event'])[1]/following::button[1]'. Please recheck the objects properties to make sure the desired element is located. 

2022-01-16 21:45:51 - [MESSAGE][WARNING] - [SELF-HEALING] The current locator of test object 'Object Repository/Page_Mood Calendar Detailed month view Janu_18fc56/button_Delete' was broken. Propose an alternative one: '(.//*[normalize-space(text()) and normalize-space(.)='Edit'])[1]/preceding::button[1]'.

2022-01-16 21:45:51 - [MESSAGE][PASSED] - Object 'Object Repository/Page_Mood Calendar Detailed month view Janu_18fc56/button_Delete' is visible

2022-01-16 21:45:51 - [TEST_STEP][PASSED] - click(findTestObject("Object Repository/Page_Mood Calendar Detailed month view Janu_18fc56/button_Delete")): Object: 'Object Repository/Page_Mood Calendar Detailed month view Janu_18fc56/button_Delete' is clicked on

2022-01-16 21:46:24 - [MESSAGE][INFO] - Unable to find the element located by 'By.xpath: //button[@id='yui_3_17_2_1_1642337585482_2067']'. Please recheck the objects properties to make sure the desired element is located. 

2022-01-16 21:46:24 - [MESSAGE][WARNING] - [SELF-HEALING] Failed to find element with id 'Object Repository/Page_Mood Calendar Detailed month view Janu_18fc56/button_Delete'. Try using Self-healing.

2022-01-16 21:46:26 - [MESSAGE][INFO] - Unable to find the element located by 'By.xpath: (.//*[normalize-space(text()) and normalize-space(.)='Introduction to Computer Science'])[3]/following::button[1]'. Please recheck the objects properties to make sure the desired element is located. 

2022-01-16 21:46:28 - [MESSAGE][WARNING] - [SELF-HEALING] The current locator of test object 'Object Repository/Page_Mood Calendar Detailed month view Janu_18fc56/button_Delete' was broken. Propose an alternative one: '(.//*[normalize-space(text()) and normalize-space(.)='User event'])[1]/following::button[1]'.

2022-01-16 21:46:28 - [MESSAGE][PASSED] - Object: 'Object Repository/Page_Mood Calendar Detailed month view Janu_18fc56/button_Delete' is clicked on

2022-01-16 21:46:28 - [TEST_STEP][FAILED] - click(findTestObject("Object Repository/Page_Mood Calendar Detailed month view Janu_18fc56/button_Delete event")): Unable to click on object 'Object Repository/Page_Mood Calendar Detailed month view Janu_18fc56/button_Delete event' (Root cause: com.kms.katalon.core.exception.StepFailedException: Unable to click on object 'Object Repository/Page_Mood Calendar Detailed month view Janu_18fc56/button_Delete event'
	at com.kms.katalon.core.webui.keyword.internal.WebUIKeywordMain.stepFailed(WebUIKeywordMain.groovy:64)
	at com.kms.katalon.core.webui.keyword.internal.WebUIKeywordMain.runKeyword(WebUIKeywordMain.groovy:26)
	at com.kms.katalon.core.webui.keyword.builtin.ClickKeyword.click(ClickKeyword.groovy:74)
	at com.kms.katalon.core.webui.keyword.builtin.ClickKeyword.execute(ClickKeyword.groovy:40)
	at com.kms.katalon.core.keyword.internal.KeywordExecutor.executeKeywordForPlatform(KeywordExecutor.groovy:74)
	at com.kms.katalon.core.webui.keyword.WebUiBuiltInKeywords.click(WebUiBuiltInKeywords.groovy:620)
	at com.kms.katalon.core.webui.keyword.WebUiBuiltInKeywords$click$1.call(Unknown Source)
	at test case 22.run(test case 22:56)
	at com.kms.katalon.core.main.ScriptEngine.run(ScriptEngine.java:194)
	at com.kms.katalon.core.main.ScriptEngine.runScriptAsRawText(ScriptEngine.java:119)
	at com.kms.katalon.core.main.TestCaseExecutor.runScript(TestCaseExecutor.java:442)
	at com.kms.katalon.core.main.TestCaseExecutor.doExecute(TestCaseExecutor.java:433)
	at com.kms.katalon.core.main.TestCaseExecutor.processExecutionPhase(TestCaseExecutor.java:412)
	at com.kms.katalon.core.main.TestCaseExecutor.accessMainPhase(TestCaseExecutor.java:404)
	at com.kms.katalon.core.main.TestCaseExecutor.execute(TestCaseExecutor.java:281)
	at com.kms.katalon.core.main.TestSuiteExecutor.accessTestCaseMainPhase(TestSuiteExecutor.java:202)
	at com.kms.katalon.core.main.TestSuiteExecutor.accessTestSuiteMainPhase(TestSuiteExecutor.java:164)
	at com.kms.katalon.core.main.TestSuiteExecutor.execute(TestSuiteExecutor.java:105)
	at com.kms.katalon.core.main.TestCaseMain.startTestSuite(TestCaseMain.java:181)
	at com.kms.katalon.core.main.TestCaseMain$startTestSuite$0.call(Unknown Source)
	at TempTestSuite1642341898122.run(TempTestSuite1642341898122.groovy:36)
Caused by: com.kms.katalon.core.webui.exception.WebElementNotFoundException: Web element with id: 'Object Repository/Page_Mood Calendar Detailed month view Janu_18fc56/button_Delete event' located by '//button[@id='yui_3_17_2_1_1642337585482_2083']' not found
	at com.kms.katalon.core.webui.common.WebUiCommonHelper.findWebElement(WebUiCommonHelper.java:1368)
	at com.kms.katalon.core.webui.keyword.internal.WebUIAbstractKeyword.findWebElement(WebUIAbstractKeyword.groovy:27)
	at com.kms.katalon.core.webui.keyword.builtin.ClickKeyword$_click_closure1.doCall(ClickKeyword.groovy:65)
	at com.kms.katalon.core.webui.keyword.builtin.ClickKeyword$_click_closure1.call(ClickKeyword.groovy)
	at com.kms.katalon.core.webui.keyword.internal.WebUIKeywordMain.runKeyword(WebUIKeywordMain.groovy:20)
	at com.kms.katalon.core.webui.keyword.builtin.ClickKeyword.click(ClickKeyword.groovy:74)
	at com.kms.katalon.core.webui.keyword.builtin.ClickKeyword.execute(ClickKeyword.groovy:40)
	at com.kms.katalon.core.keyword.internal.KeywordExecutor.executeKeywordForPlatform(KeywordExecutor.groovy:74)
	at com.kms.katalon.core.webui.keyword.WebUiBuiltInKeywords.click(WebUiBuiltInKeywords.groovy:620)
	at com.kms.katalon.core.webui.keyword.WebUiBuiltInKeywords$click$1.call(Unknown Source)
	at Script1642251145288.run(Script1642251145288.groovy:56)
	... 13 more
)

2022-01-16 21:47:00 - [MESSAGE][INFO] - Unable to find the element located by 'By.xpath: //button[@id='yui_3_17_2_1_1642337585482_2083']'. Please recheck the objects properties to make sure the desired element is located. 

2022-01-16 21:47:00 - [MESSAGE][WARNING] - [SELF-HEALING] Failed to find element with id 'Object Repository/Page_Mood Calendar Detailed month view Janu_18fc56/button_Delete event'. Try using Self-healing.

2022-01-16 21:47:02 - [MESSAGE][INFO] - Unable to find the element located by 'By.xpath: (.//*[normalize-space(text()) and normalize-space(.)='Delete event'])[1]/following::button[2]'. Please recheck the objects properties to make sure the desired element is located. 

2022-01-16 21:47:04 - [MESSAGE][INFO] - Unable to find the element located by 'By.xpath: (.//*[normalize-space(text()) and normalize-space(.)=concat('Are you sure you want to delete the ', '"', 'Tet Quiz', '"', ' event?')])[1]/following::button[1]'. Please recheck the objects properties to make sure the desired element is located. 

2022-01-16 21:47:06 - [MESSAGE][INFO] - Unable to find the element located by 'By.xpath: (.//*[normalize-space(text()) and normalize-space(.)=concat('Are you sure you want to delete the ', '"', 'Festival at uni', '"', ' event?')])[1]/following::button[1]'. Please recheck the objects properties to make sure the desired element is located. 

2022-01-16 21:47:08 - [MESSAGE][INFO] - [SELF-HEALING] Failed Locator: '//button[@id='yui_3_17_2_1_1642337585482_2083']'.

2022-01-16 21:47:10 - [MESSAGE][INFO] - [SELF-HEALING] Failed Locator: '//div[@id='yui_3_17_2_1_1642337585482_2084']/button'.

2022-01-16 21:47:12 - [MESSAGE][INFO] - [SELF-HEALING] Failed Locator: '(.//*[normalize-space(text()) and normalize-space(.)=concat('Are you sure you want to delete the ', '"', 'Tet Quiz', '"', ' event?')])[1]/following::button[1]'.

2022-01-16 21:47:14 - [MESSAGE][INFO] - [SELF-HEALING] Failed Locator: '(.//*[normalize-space(text()) and normalize-space(.)='Delete event'])[1]/following::button[2]'.

2022-01-16 21:47:16 - [MESSAGE][INFO] - [SELF-HEALING] Failed Locator: '(.//*[normalize-space(text()) and normalize-space(.)='Cancel'])[2]/preceding::button[1]'.

2022-01-16 21:47:18 - [MESSAGE][INFO] - [SELF-HEALING] Failed Locator: '//div[12]/div[2]/div/div/div[3]/button'.

2022-01-16 21:47:20 - [MESSAGE][INFO] - [SELF-HEALING] Failed Locator: '//button[@id='yui_3_17_2_1_1642219203535_2017']'.

2022-01-16 21:47:22 - [MESSAGE][INFO] - [SELF-HEALING] Failed Locator: '//div[@id='yui_3_17_2_1_1642219203535_2018']/button'.

2022-01-16 21:47:24 - [MESSAGE][INFO] - [SELF-HEALING] Failed Locator: '(.//*[normalize-space(text()) and normalize-space(.)=concat('Are you sure you want to delete the ', '"', 'Festival at uni', '"', ' event?')])[1]/following::button[1]'.

2022-01-16 21:47:26 - [MESSAGE][INFO] - [SELF-HEALING] Failed Locator: '//button[@id='yui_3_17_2_1_1642218675660_2014']'.

2022-01-16 21:47:28 - [MESSAGE][INFO] - [SELF-HEALING] Failed Locator: '//div[@id='yui_3_17_2_1_1642218675660_2015']/button'.

2022-01-16 21:47:30 - [MESSAGE][INFO] - [SELF-HEALING] Failed Locator: '//button[@id='yui_3_17_2_1_1642213542869_2063']'.

2022-01-16 21:47:32 - [MESSAGE][INFO] - [SELF-HEALING] Failed Locator: '//div[@id='yui_3_17_2_1_1642213542869_2064']/button'.

2022-01-16 21:47:34 - [MESSAGE][INFO] - [SELF-HEALING] Failed Locator: '//button[@id='yui_3_17_2_1_1642179747286_2041']'.

2022-01-16 21:47:36 - [MESSAGE][INFO] - [SELF-HEALING] Failed Locator: '//div[@id='yui_3_17_2_1_1642179747286_2042']/button'.

2022-01-16 21:47:38 - [MESSAGE][INFO] - [SELF-HEALING] Failed Locator: '(.//*[normalize-space(text()) and normalize-space(.)=concat('Are you sure you want to delete the ', '"', 'Seminar for Final Examination', '"', ' event?')])[1]/following::button[1]'.

2022-01-16 21:47:40 - [MESSAGE][INFO] - Unable to find the element located by 'By.xpath: //*[@type = 'button' and @id = 'yui_3_17_2_1_1642337585482_2083' and (text() = 'Delete event' or . = 'Delete event')]'. Please recheck the objects properties to make sure the desired element is located. 

2022-01-16 21:47:42 - [MESSAGE][INFO] - Unable to find the element located by 'By.cssSelector: #yui_3_17_2_1_1642337585482_2083'. Please recheck the objects properties to make sure the desired element is located. 

2022-01-16 21:47:43 - [MESSAGE][FAILED] - Unable to click on object 'Object Repository/Page_Mood Calendar Detailed month view Janu_18fc56/button_Delete event' (Root cause: com.kms.katalon.core.exception.StepFailedException: Unable to click on object 'Object Repository/Page_Mood Calendar Detailed month view Janu_18fc56/button_Delete event'
	at com.kms.katalon.core.webui.keyword.internal.WebUIKeywordMain.stepFailed(WebUIKeywordMain.groovy:64)
	at com.kms.katalon.core.webui.keyword.internal.WebUIKeywordMain.runKeyword(WebUIKeywordMain.groovy:26)
	at com.kms.katalon.core.webui.keyword.builtin.ClickKeyword.click(ClickKeyword.groovy:74)
	at com.kms.katalon.core.webui.keyword.builtin.ClickKeyword.execute(ClickKeyword.groovy:40)
	at com.kms.katalon.core.keyword.internal.KeywordExecutor.executeKeywordForPlatform(KeywordExecutor.groovy:74)
	at com.kms.katalon.core.webui.keyword.WebUiBuiltInKeywords.click(WebUiBuiltInKeywords.groovy:620)
	at com.kms.katalon.core.webui.keyword.WebUiBuiltInKeywords$click$1.call(Unknown Source)
	at test case 22.run(test case 22:56)
	at com.kms.katalon.core.main.ScriptEngine.run(ScriptEngine.java:194)
	at com.kms.katalon.core.main.ScriptEngine.runScriptAsRawText(ScriptEngine.java:119)
	at com.kms.katalon.core.main.TestCaseExecutor.runScript(TestCaseExecutor.java:442)
	at com.kms.katalon.core.main.TestCaseExecutor.doExecute(TestCaseExecutor.java:433)
	at com.kms.katalon.core.main.TestCaseExecutor.processExecutionPhase(TestCaseExecutor.java:412)
	at com.kms.katalon.core.main.TestCaseExecutor.accessMainPhase(TestCaseExecutor.java:404)
	at com.kms.katalon.core.main.TestCaseExecutor.execute(TestCaseExecutor.java:281)
	at com.kms.katalon.core.main.TestSuiteExecutor.accessTestCaseMainPhase(TestSuiteExecutor.java:202)
	at com.kms.katalon.core.main.TestSuiteExecutor.accessTestSuiteMainPhase(TestSuiteExecutor.java:164)
	at com.kms.katalon.core.main.TestSuiteExecutor.execute(TestSuiteExecutor.java:105)
	at com.kms.katalon.core.main.TestCaseMain.startTestSuite(TestCaseMain.java:181)
	at com.kms.katalon.core.main.TestCaseMain$startTestSuite$0.call(Unknown Source)
	at TempTestSuite1642341898122.run(TempTestSuite1642341898122.groovy:36)
Caused by: com.kms.katalon.core.webui.exception.WebElementNotFoundException: Web element with id: 'Object Repository/Page_Mood Calendar Detailed month view Janu_18fc56/button_Delete event' located by '//button[@id='yui_3_17_2_1_1642337585482_2083']' not found
	at com.kms.katalon.core.webui.common.WebUiCommonHelper.findWebElement(WebUiCommonHelper.java:1368)
	at com.kms.katalon.core.webui.keyword.internal.WebUIAbstractKeyword.findWebElement(WebUIAbstractKeyword.groovy:27)
	at com.kms.katalon.core.webui.keyword.builtin.ClickKeyword$_click_closure1.doCall(ClickKeyword.groovy:65)
	at com.kms.katalon.core.webui.keyword.builtin.ClickKeyword$_click_closure1.call(ClickKeyword.groovy)
	at com.kms.katalon.core.webui.keyword.internal.WebUIKeywordMain.runKeyword(WebUIKeywordMain.groovy:20)
	at com.kms.katalon.core.webui.keyword.builtin.ClickKeyword.click(ClickKeyword.groovy:74)
	at com.kms.katalon.core.webui.keyword.builtin.ClickKeyword.execute(ClickKeyword.groovy:40)
	at com.kms.katalon.core.keyword.internal.KeywordExecutor.executeKeywordForPlatform(KeywordExecutor.groovy:74)
	at com.kms.katalon.core.webui.keyword.WebUiBuiltInKeywords.click(WebUiBuiltInKeywords.groovy:620)
	at com.kms.katalon.core.webui.keyword.WebUiBuiltInKeywords$click$1.call(Unknown Source)
	at Script1642251145288.run(Script1642251145288.groovy:56)
	... 13 more
)
[[ATTACHMENT|D:\\Test-Automation-SE-Bonus\\Test-Automation-SE-Bonus\\Reports\\20220116_210458\\Run all test cases\\20220116_210458\\1642344462565.png]]]]></system-out>
         <system-err><![CDATA[2022-01-16 21:41:36 - [TEST_CASE][FAILED] - Test Cases/test case 22: Test Cases/test case 22 FAILED.
Reason:
com.kms.katalon.core.exception.StepFailedException: Unable to click on object 'Object Repository/Page_Mood Calendar Detailed month view Janu_18fc56/button_Delete event'
	at com.kms.katalon.core.webui.keyword.internal.WebUIKeywordMain.stepFailed(WebUIKeywordMain.groovy:64)
	at com.kms.katalon.core.webui.keyword.internal.WebUIKeywordMain.runKeyword(WebUIKeywordMain.groovy:26)
	at com.kms.katalon.core.webui.keyword.builtin.ClickKeyword.click(ClickKeyword.groovy:74)
	at com.kms.katalon.core.webui.keyword.builtin.ClickKeyword.execute(ClickKeyword.groovy:40)
	at com.kms.katalon.core.keyword.internal.KeywordExecutor.executeKeywordForPlatform(KeywordExecutor.groovy:74)
	at com.kms.katalon.core.webui.keyword.WebUiBuiltInKeywords.click(WebUiBuiltInKeywords.groovy:620)
	at com.kms.katalon.core.webui.keyword.WebUiBuiltInKeywords$click$1.call(Unknown Source)
	at test case 22.run(test case 22:56)
	at com.kms.katalon.core.main.ScriptEngine.run(ScriptEngine.java:194)
	at com.kms.katalon.core.main.ScriptEngine.runScriptAsRawText(ScriptEngine.java:119)
	at com.kms.katalon.core.main.TestCaseExecutor.runScript(TestCaseExecutor.java:442)
	at com.kms.katalon.core.main.TestCaseExecutor.doExecute(TestCaseExecutor.java:433)
	at com.kms.katalon.core.main.TestCaseExecutor.processExecutionPhase(TestCaseExecutor.java:412)
	at com.kms.katalon.core.main.TestCaseExecutor.accessMainPhase(TestCaseExecutor.java:404)
	at com.kms.katalon.core.main.TestCaseExecutor.execute(TestCaseExecutor.java:281)
	at com.kms.katalon.core.main.TestSuiteExecutor.accessTestCaseMainPhase(TestSuiteExecutor.java:202)
	at com.kms.katalon.core.main.TestSuiteExecutor.accessTestSuiteMainPhase(TestSuiteExecutor.java:164)
	at com.kms.katalon.core.main.TestSuiteExecutor.execute(TestSuiteExecutor.java:105)
	at com.kms.katalon.core.main.TestCaseMain.startTestSuite(TestCaseMain.java:181)
	at com.kms.katalon.core.main.TestCaseMain$startTestSuite$0.call(Unknown Source)
	at TempTestSuite1642341898122.run(TempTestSuite1642341898122.groovy:36)
Caused by: com.kms.katalon.core.webui.exception.WebElementNotFoundException: Web element with id: 'Object Repository/Page_Mood Calendar Detailed month view Janu_18fc56/button_Delete event' located by '//button[@id='yui_3_17_2_1_1642337585482_2083']' not found
	at com.kms.katalon.core.webui.common.WebUiCommonHelper.findWebElement(WebUiCommonHelper.java:1368)
	at com.kms.katalon.core.webui.keyword.internal.WebUIAbstractKeyword.findWebElement(WebUIAbstractKeyword.groovy:27)
	at com.kms.katalon.core.webui.keyword.builtin.ClickKeyword$_click_closure1.doCall(ClickKeyword.groovy:65)
	at com.kms.katalon.core.webui.keyword.builtin.ClickKeyword$_click_closure1.call(ClickKeyword.groovy)
	at com.kms.katalon.core.webui.keyword.internal.WebUIKeywordMain.runKeyword(WebUIKeywordMain.groovy:20)
	... 19 more]]></system-err>
      </testcase>
      <testcase name="Test Cases/test case 23" time="104.622" classname="Test Cases/test case 23" status="PASSED">
         <system-out><![CDATA[2022-01-16 21:47:43 - [TEST_CASE][PASSED] - Test Cases/test case 23: Test Cases/test case 23

2022-01-16 21:47:43 - [TEST_STEP][PASSED] - openBrowser(""): Browser is opened with url: ''

2022-01-16 21:47:43 - [MESSAGE][WARNING] - A browser is already opened. Closing browser and opening a new one

2022-01-16 21:47:44 - [MESSAGE][INFO] - Starting 'Chrome' driver

2022-01-16 21:47:44 - [MESSAGE][INFO] - Action delay is set to 0 milliseconds

2022-01-16 21:47:45 - [MESSAGE][PASSED] - Browser is opened with url: ''

2022-01-16 21:47:45 - [TEST_STEP][PASSED] - navigateToUrl("http://localhost/"): Navigate to 'http://localhost/' successfully

2022-01-16 21:47:46 - [MESSAGE][PASSED] - Navigate to 'http://localhost/' successfully

2022-01-16 21:47:46 - [TEST_STEP][PASSED] - click(findTestObject("Object Repository/Page_Moodle/a_Log in")): Object: 'Object Repository/Page_Moodle/a_Log in' is clicked on

2022-01-16 21:47:47 - [MESSAGE][PASSED] - Object: 'Object Repository/Page_Moodle/a_Log in' is clicked on

2022-01-16 21:47:47 - [TEST_STEP][PASSED] - setText(findTestObject("Object Repository/Page_Moodle Log in to the site/input_Username_username"), "admin"): Text 'admin' is set on object 'Object Repository/Page_Moodle Log in to the site/input_Username_username'

2022-01-16 21:47:48 - [MESSAGE][PASSED] - Text 'admin' is set on object 'Object Repository/Page_Moodle Log in to the site/input_Username_username'

2022-01-16 21:47:48 - [TEST_STEP][PASSED] - setEncryptedText(findTestObject("Object Repository/Page_Moodle Log in to the site/input_Password_password"), "r6H/uPCyCbQX7sAf5E1f3g=="): Text ****** has been set on object 'Object Repository/Page_Moodle Log in to the site/input_Password_password'

2022-01-16 21:47:48 - [MESSAGE][PASSED] - Text ****** has been set on object 'Object Repository/Page_Moodle Log in to the site/input_Password_password'

2022-01-16 21:47:48 - [TEST_STEP][PASSED] - click(findTestObject("Object Repository/Page_Moodle Log in to the site/button_Log in")): Object: 'Object Repository/Page_Moodle Log in to the site/button_Log in' is clicked on

2022-01-16 21:47:49 - [MESSAGE][PASSED] - Object: 'Object Repository/Page_Moodle Log in to the site/button_Log in' is clicked on

2022-01-16 21:47:49 - [TEST_STEP][PASSED] - verifyElementText(findTestObject("Object Repository/Page_Dashboard/span_Calendar"), "Calendar"): Actual text and expected text of test object 'Object Repository/Page_Dashboard/span_Calendar' are matched.

2022-01-16 21:47:51 - [MESSAGE][PASSED] - Actual text and expected text of test object 'Object Repository/Page_Dashboard/span_Calendar' are matched.

2022-01-16 21:47:51 - [TEST_STEP][PASSED] - click(findTestObject("Object Repository/Page_Dashboard/span_Calendar")): Object: 'Object Repository/Page_Dashboard/span_Calendar' is clicked on

2022-01-16 21:47:52 - [MESSAGE][PASSED] - Object: 'Object Repository/Page_Dashboard/span_Calendar' is clicked on

2022-01-16 21:47:52 - [TEST_STEP][PASSED] - waitForElementVisible(findTestObject("Object Repository/Page_Mood Calendar Detailed month view Janu_18fc56/button_New event"), 0): Object 'Object Repository/Page_Mood Calendar Detailed month view Janu_18fc56/button_New event' is visible

2022-01-16 21:47:52 - [MESSAGE][WARNING] - Timeout '0' is invalid. Using default page load timeout: '30'

2022-01-16 21:48:23 - [MESSAGE][INFO] - Unable to find the element located by 'By.xpath: //div[@id='calendar-month-61e41531799f761e4153150b4a16']/div/button'. Please recheck the objects properties to make sure the desired element is located. 

2022-01-16 21:48:23 - [MESSAGE][WARNING] - [SELF-HEALING] Failed to find element with id 'Object Repository/Page_Mood Calendar Detailed month view Janu_18fc56/button_New event'. Try using Self-healing.

2022-01-16 21:48:23 - [MESSAGE][WARNING] - [SELF-HEALING] The current locator of test object 'Object Repository/Page_Mood Calendar Detailed month view Janu_18fc56/button_New event' was broken. Propose an alternative one: '(.//*[normalize-space(text()) and normalize-space(.)='List of courses'])[1]/following::button[1]'.

2022-01-16 21:48:23 - [MESSAGE][PASSED] - Object 'Object Repository/Page_Mood Calendar Detailed month view Janu_18fc56/button_New event' is visible

2022-01-16 21:48:23 - [TEST_STEP][PASSED] - click(findTestObject("Object Repository/Page_Mood Calendar Detailed month view Janu_18fc56/button_New event")): Object: 'Object Repository/Page_Mood Calendar Detailed month view Janu_18fc56/button_New event' is clicked on

2022-01-16 21:48:54 - [MESSAGE][INFO] - Unable to find the element located by 'By.xpath: //div[@id='calendar-month-61e41531799f761e4153150b4a16']/div/button'. Please recheck the objects properties to make sure the desired element is located. 

2022-01-16 21:48:54 - [MESSAGE][WARNING] - [SELF-HEALING] Failed to find element with id 'Object Repository/Page_Mood Calendar Detailed month view Janu_18fc56/button_New event'. Try using Self-healing.

2022-01-16 21:48:55 - [MESSAGE][WARNING] - [SELF-HEALING] The current locator of test object 'Object Repository/Page_Mood Calendar Detailed month view Janu_18fc56/button_New event' was broken. Propose an alternative one: '(.//*[normalize-space(text()) and normalize-space(.)='List of courses'])[1]/following::button[1]'.

2022-01-16 21:48:55 - [MESSAGE][PASSED] - Object: 'Object Repository/Page_Mood Calendar Detailed month view Janu_18fc56/button_New event' is clicked on

2022-01-16 21:48:55 - [TEST_STEP][PASSED] - click(findTestObject("Object Repository/Page_Mood Calendar Detailed month view Janu_18fc56/button_Save")): Object: 'Object Repository/Page_Mood Calendar Detailed month view Janu_18fc56/button_Save' is clicked on

2022-01-16 21:49:26 - [MESSAGE][INFO] - Unable to find the element located by 'By.xpath: //button[@id='yui_3_17_2_1_1642337585482_1306']'. Please recheck the objects properties to make sure the desired element is located. 

2022-01-16 21:49:26 - [MESSAGE][WARNING] - [SELF-HEALING] Failed to find element with id 'Object Repository/Page_Mood Calendar Detailed month view Janu_18fc56/button_Save'. Try using Self-healing.

2022-01-16 21:49:26 - [MESSAGE][WARNING] - [SELF-HEALING] The current locator of test object 'Object Repository/Page_Mood Calendar Detailed month view Janu_18fc56/button_Save' was broken. Propose an alternative one: '(.//*[normalize-space(text()) and normalize-space(.)='Repeat weekly, creating altogether'])[1]/following::button[1]'.

2022-01-16 21:49:26 - [MESSAGE][PASSED] - Object: 'Object Repository/Page_Mood Calendar Detailed month view Janu_18fc56/button_Save' is clicked on

2022-01-16 21:49:26 - [TEST_STEP][PASSED] - verifyElementText(findTestObject("Object Repository/Page_Mood Calendar Detailed month view Janu_18fc56/div_- Required"), "- Required"): Actual text and expected text of test object 'Object Repository/Page_Mood Calendar Detailed month view Janu_18fc56/div_- Required' are matched.

2022-01-16 21:49:27 - [MESSAGE][PASSED] - Actual text and expected text of test object 'Object Repository/Page_Mood Calendar Detailed month view Janu_18fc56/div_- Required' are matched.

2022-01-16 21:49:27 - [TEST_STEP][PASSED] - closeBrowser(): Browser is closed

2022-01-16 21:49:28 - [MESSAGE][PASSED] - Browser is closed]]></system-out>
         <system-err><![CDATA[]]></system-err>
      </testcase>
      <testcase name="Test Cases/test case 24" time="145.952" classname="Test Cases/test case 24" status="PASSED">
         <system-out><![CDATA[2022-01-16 21:49:28 - [TEST_CASE][PASSED] - Test Cases/test case 24: Test Cases/test case 24

2022-01-16 21:49:28 - [TEST_STEP][PASSED] - openBrowser(""): Browser is opened with url: ''

2022-01-16 21:49:28 - [MESSAGE][INFO] - Starting 'Chrome' driver

2022-01-16 21:49:28 - [MESSAGE][INFO] - Action delay is set to 0 milliseconds

2022-01-16 21:49:29 - [MESSAGE][PASSED] - Browser is opened with url: ''

2022-01-16 21:49:29 - [TEST_STEP][PASSED] - navigateToUrl("http://localhost/"): Navigate to 'http://localhost/' successfully

2022-01-16 21:49:30 - [MESSAGE][PASSED] - Navigate to 'http://localhost/' successfully

2022-01-16 21:49:30 - [TEST_STEP][PASSED] - click(findTestObject("Object Repository/Page_Moodle/a_Log in")): Object: 'Object Repository/Page_Moodle/a_Log in' is clicked on

2022-01-16 21:49:31 - [MESSAGE][PASSED] - Object: 'Object Repository/Page_Moodle/a_Log in' is clicked on

2022-01-16 21:49:31 - [TEST_STEP][PASSED] - setText(findTestObject("Object Repository/Page_Moodle Log in to the site/input_Username_username"), "admin"): Text 'admin' is set on object 'Object Repository/Page_Moodle Log in to the site/input_Username_username'

2022-01-16 21:49:32 - [MESSAGE][PASSED] - Text 'admin' is set on object 'Object Repository/Page_Moodle Log in to the site/input_Username_username'

2022-01-16 21:49:32 - [TEST_STEP][PASSED] - setEncryptedText(findTestObject("Object Repository/Page_Moodle Log in to the site/input_Password_password"), "r6H/uPCyCbQX7sAf5E1f3g=="): Text ****** has been set on object 'Object Repository/Page_Moodle Log in to the site/input_Password_password'

2022-01-16 21:49:32 - [MESSAGE][PASSED] - Text ****** has been set on object 'Object Repository/Page_Moodle Log in to the site/input_Password_password'

2022-01-16 21:49:32 - [TEST_STEP][PASSED] - click(findTestObject("Object Repository/Page_Moodle Log in to the site/button_Log in")): Object: 'Object Repository/Page_Moodle Log in to the site/button_Log in' is clicked on

2022-01-16 21:49:34 - [MESSAGE][PASSED] - Object: 'Object Repository/Page_Moodle Log in to the site/button_Log in' is clicked on

2022-01-16 21:49:34 - [TEST_STEP][PASSED] - verifyElementText(findTestObject("Object Repository/Page_Dashboard/span_Calendar"), "Calendar"): Actual text and expected text of test object 'Object Repository/Page_Dashboard/span_Calendar' are matched.

2022-01-16 21:49:36 - [MESSAGE][PASSED] - Actual text and expected text of test object 'Object Repository/Page_Dashboard/span_Calendar' are matched.

2022-01-16 21:49:36 - [TEST_STEP][PASSED] - click(findTestObject("Object Repository/Page_Dashboard/span_Calendar")): Object: 'Object Repository/Page_Dashboard/span_Calendar' is clicked on

2022-01-16 21:49:37 - [MESSAGE][PASSED] - Object: 'Object Repository/Page_Dashboard/span_Calendar' is clicked on

2022-01-16 21:49:37 - [TEST_STEP][PASSED] - waitForElementVisible(findTestObject("Object Repository/Page_Mood Calendar Detailed month view Janu_18fc56/button_New event"), 0): Object 'Object Repository/Page_Mood Calendar Detailed month view Janu_18fc56/button_New event' is visible

2022-01-16 21:49:37 - [MESSAGE][WARNING] - Timeout '0' is invalid. Using default page load timeout: '30'

2022-01-16 21:50:08 - [MESSAGE][INFO] - Unable to find the element located by 'By.xpath: //div[@id='calendar-month-61e41531799f761e4153150b4a16']/div/button'. Please recheck the objects properties to make sure the desired element is located. 

2022-01-16 21:50:08 - [MESSAGE][WARNING] - [SELF-HEALING] Failed to find element with id 'Object Repository/Page_Mood Calendar Detailed month view Janu_18fc56/button_New event'. Try using Self-healing.

2022-01-16 21:50:08 - [MESSAGE][WARNING] - [SELF-HEALING] The current locator of test object 'Object Repository/Page_Mood Calendar Detailed month view Janu_18fc56/button_New event' was broken. Propose an alternative one: '(.//*[normalize-space(text()) and normalize-space(.)='List of courses'])[1]/following::button[1]'.

2022-01-16 21:50:08 - [MESSAGE][PASSED] - Object 'Object Repository/Page_Mood Calendar Detailed month view Janu_18fc56/button_New event' is visible

2022-01-16 21:50:08 - [TEST_STEP][PASSED] - click(findTestObject("Object Repository/Page_Mood Calendar Detailed month view Janu_18fc56/button_New event")): Object: 'Object Repository/Page_Mood Calendar Detailed month view Janu_18fc56/button_New event' is clicked on

2022-01-16 21:50:39 - [MESSAGE][INFO] - Unable to find the element located by 'By.xpath: //div[@id='calendar-month-61e41531799f761e4153150b4a16']/div/button'. Please recheck the objects properties to make sure the desired element is located. 

2022-01-16 21:50:39 - [MESSAGE][WARNING] - [SELF-HEALING] Failed to find element with id 'Object Repository/Page_Mood Calendar Detailed month view Janu_18fc56/button_New event'. Try using Self-healing.

2022-01-16 21:50:40 - [MESSAGE][WARNING] - [SELF-HEALING] The current locator of test object 'Object Repository/Page_Mood Calendar Detailed month view Janu_18fc56/button_New event' was broken. Propose an alternative one: '(.//*[normalize-space(text()) and normalize-space(.)='List of courses'])[1]/following::button[1]'.

2022-01-16 21:50:40 - [MESSAGE][PASSED] - Object: 'Object Repository/Page_Mood Calendar Detailed month view Janu_18fc56/button_New event' is clicked on

2022-01-16 21:50:40 - [TEST_STEP][PASSED] - setText(findTestObject("Object Repository/Page_Mood Calendar Detailed month view Janu_18fc56/input_Event title_name"), "Holiday"): Text 'Holiday' is set on object 'Object Repository/Page_Mood Calendar Detailed month view Janu_18fc56/input_Event title_name'

2022-01-16 21:50:41 - [MESSAGE][PASSED] - Text 'Holiday' is set on object 'Object Repository/Page_Mood Calendar Detailed month view Janu_18fc56/input_Event title_name'

2022-01-16 21:50:41 - [TEST_STEP][PASSED] - selectOptionByValue(findTestObject("Object Repository/Page_Mood Calendar Detailed month view Janu_18fc56/select_1        2        3        4        _45ea30"), "26", true): All options with value '26' are selected in object 'Object Repository/Page_Mood Calendar Detailed month view Janu_18fc56/select_1        2        3        4        _45ea30'  using regular expression

2022-01-16 21:50:43 - [MESSAGE][PASSED] - All options with value '26' are selected in object 'Object Repository/Page_Mood Calendar Detailed month view Janu_18fc56/select_1        2        3        4        _45ea30'  using regular expression

2022-01-16 21:50:43 - [TEST_STEP][PASSED] - selectOptionByValue(findTestObject("Object Repository/Page_Mood Calendar Detailed month view Janu_18fc56/select_00        01        02        03    _f6e37b"), "0", true): All options with value '0' are selected in object 'Object Repository/Page_Mood Calendar Detailed month view Janu_18fc56/select_00        01        02        03    _f6e37b'  using regular expression

2022-01-16 21:50:44 - [MESSAGE][PASSED] - All options with value '0' are selected in object 'Object Repository/Page_Mood Calendar Detailed month view Janu_18fc56/select_00        01        02        03    _f6e37b'  using regular expression

2022-01-16 21:50:44 - [TEST_STEP][PASSED] - selectOptionByValue(findTestObject("Object Repository/Page_Mood Calendar Detailed month view Janu_18fc56/select_00        01        02        03    _f6e37b_1"), "0", true): All options with value '0' are selected in object 'Object Repository/Page_Mood Calendar Detailed month view Janu_18fc56/select_00        01        02        03    _f6e37b_1'  using regular expression

2022-01-16 21:50:45 - [MESSAGE][PASSED] - All options with value '0' are selected in object 'Object Repository/Page_Mood Calendar Detailed month view Janu_18fc56/select_00        01        02        03    _f6e37b_1'  using regular expression

2022-01-16 21:50:45 - [TEST_STEP][PASSED] - click(findTestObject("Object Repository/Page_Mood Calendar Detailed month view Janu_18fc56/a_Show more")): Object: 'Object Repository/Page_Mood Calendar Detailed month view Janu_18fc56/a_Show more' is clicked on

2022-01-16 21:51:16 - [MESSAGE][INFO] - Unable to find the element located by 'By.xpath: //a[@id='yui_3_17_2_1_1642251478287_609']'. Please recheck the objects properties to make sure the desired element is located. 

2022-01-16 21:51:16 - [MESSAGE][WARNING] - [SELF-HEALING] Failed to find element with id 'Object Repository/Page_Mood Calendar Detailed month view Janu_18fc56/a_Show more'. Try using Self-healing.

2022-01-16 21:51:16 - [MESSAGE][WARNING] - [SELF-HEALING] The current locator of test object 'Object Repository/Page_Mood Calendar Detailed month view Janu_18fc56/a_Show more' was broken. Propose an alternative one: '//a[contains(text(),'Show more...')]'.

2022-01-16 21:51:16 - [MESSAGE][PASSED] - Object: 'Object Repository/Page_Mood Calendar Detailed month view Janu_18fc56/a_Show more' is clicked on

2022-01-16 21:51:16 - [TEST_STEP][PASSED] - click(findTestObject("Object Repository/Page_Mood Calendar Detailed month view Janu_18fc56/label_Until")): Object: 'Object Repository/Page_Mood Calendar Detailed month view Janu_18fc56/label_Until' is clicked on

2022-01-16 21:51:17 - [MESSAGE][PASSED] - Object: 'Object Repository/Page_Mood Calendar Detailed month view Janu_18fc56/label_Until' is clicked on

2022-01-16 21:51:17 - [TEST_STEP][PASSED] - selectOptionByValue(findTestObject("Object Repository/Page_Mood Calendar Detailed month view Janu_18fc56/select_1900        1901        1902        _6405c9"), "2021", true): All options with value '2021' are selected in object 'Object Repository/Page_Mood Calendar Detailed month view Janu_18fc56/select_1900        1901        1902        _6405c9'  using regular expression

2022-01-16 21:51:20 - [MESSAGE][PASSED] - All options with value '2021' are selected in object 'Object Repository/Page_Mood Calendar Detailed month view Janu_18fc56/select_1900        1901        1902        _6405c9'  using regular expression

2022-01-16 21:51:20 - [TEST_STEP][PASSED] - click(findTestObject("Object Repository/Page_Mood Calendar Detailed month view Janu_18fc56/button_Save")): Object: 'Object Repository/Page_Mood Calendar Detailed month view Janu_18fc56/button_Save' is clicked on

2022-01-16 21:51:51 - [MESSAGE][INFO] - Unable to find the element located by 'By.xpath: //button[@id='yui_3_17_2_1_1642337585482_1306']'. Please recheck the objects properties to make sure the desired element is located. 

2022-01-16 21:51:51 - [MESSAGE][WARNING] - [SELF-HEALING] Failed to find element with id 'Object Repository/Page_Mood Calendar Detailed month view Janu_18fc56/button_Save'. Try using Self-healing.

2022-01-16 21:51:51 - [MESSAGE][WARNING] - [SELF-HEALING] The current locator of test object 'Object Repository/Page_Mood Calendar Detailed month view Janu_18fc56/button_Save' was broken. Propose an alternative one: '(.//*[normalize-space(text()) and normalize-space(.)='Repeat weekly, creating altogether'])[1]/following::button[1]'.

2022-01-16 21:51:51 - [MESSAGE][PASSED] - Object: 'Object Repository/Page_Mood Calendar Detailed month view Janu_18fc56/button_Save' is clicked on

2022-01-16 21:51:51 - [TEST_STEP][PASSED] - verifyElementText(findTestObject("Object Repository/Page_Mood Calendar Detailed month view Janu_18fc56/div_The date and time you selected for dura_28074d"), "The date and time you selected for duration until is before the start time of the event. Please correct this before proceeding."): Actual text and expected text of test object 'Object Repository/Page_Mood Calendar Detailed month view Janu_18fc56/div_The date and time you selected for dura_28074d' are matched.

2022-01-16 21:51:53 - [MESSAGE][PASSED] - Actual text and expected text of test object 'Object Repository/Page_Mood Calendar Detailed month view Janu_18fc56/div_The date and time you selected for dura_28074d' are matched.

2022-01-16 21:51:53 - [TEST_STEP][PASSED] - closeBrowser(): Browser is closed

2022-01-16 21:51:53 - [MESSAGE][PASSED] - Browser is closed]]></system-out>
         <system-err><![CDATA[]]></system-err>
      </testcase>
      <testcase name="Test Cases/test case 25" time="203.584" classname="Test Cases/test case 25" status="PASSED">
         <system-out><![CDATA[2022-01-16 21:51:53 - [TEST_CASE][PASSED] - Test Cases/test case 25: Test Cases/test case 25

2022-01-16 21:51:54 - [TEST_STEP][PASSED] - openBrowser(""): Browser is opened with url: ''

2022-01-16 21:51:54 - [MESSAGE][INFO] - Starting 'Chrome' driver

2022-01-16 21:51:54 - [MESSAGE][INFO] - Action delay is set to 0 milliseconds

2022-01-16 21:51:55 - [MESSAGE][PASSED] - Browser is opened with url: ''

2022-01-16 21:51:55 - [TEST_STEP][PASSED] - navigateToUrl("http://localhost/"): Navigate to 'http://localhost/' successfully

2022-01-16 21:51:56 - [MESSAGE][PASSED] - Navigate to 'http://localhost/' successfully

2022-01-16 21:51:56 - [TEST_STEP][PASSED] - click(findTestObject("Object Repository/Page_Moodle/a_Log in")): Object: 'Object Repository/Page_Moodle/a_Log in' is clicked on

2022-01-16 21:51:57 - [MESSAGE][PASSED] - Object: 'Object Repository/Page_Moodle/a_Log in' is clicked on

2022-01-16 21:51:57 - [TEST_STEP][PASSED] - setText(findTestObject("Object Repository/Page_Moodle Log in to the site/input_Username_username"), "nmthu"): Text 'nmthu' is set on object 'Object Repository/Page_Moodle Log in to the site/input_Username_username'

2022-01-16 21:51:58 - [MESSAGE][PASSED] - Text 'nmthu' is set on object 'Object Repository/Page_Moodle Log in to the site/input_Username_username'

2022-01-16 21:51:58 - [TEST_STEP][PASSED] - setEncryptedText(findTestObject("Object Repository/Page_Moodle Log in to the site/input_Password_password"), "zm/yZ1suVYniggK+4Jo9ew=="): Text ****** has been set on object 'Object Repository/Page_Moodle Log in to the site/input_Password_password'

2022-01-16 21:51:58 - [MESSAGE][PASSED] - Text ****** has been set on object 'Object Repository/Page_Moodle Log in to the site/input_Password_password'

2022-01-16 21:51:58 - [TEST_STEP][PASSED] - click(findTestObject("Object Repository/Page_Moodle Log in to the site/button_Log in")): Object: 'Object Repository/Page_Moodle Log in to the site/button_Log in' is clicked on

2022-01-16 21:51:59 - [MESSAGE][PASSED] - Object: 'Object Repository/Page_Moodle Log in to the site/button_Log in' is clicked on

2022-01-16 21:51:59 - [TEST_STEP][PASSED] - verifyElementVisible(findTestObject("Page_Dashboard/div_My courses                    Introduction to Computer Science            All courses")): Object 'Object Repository/Page_Dashboard/div_My courses                    Introduction to Computer Science            All courses' is visible

2022-01-16 21:52:31 - [MESSAGE][INFO] - Unable to find the element located by 'By.xpath: //section[@id='inst195']/div'. Please recheck the objects properties to make sure the desired element is located. 

2022-01-16 21:52:31 - [MESSAGE][WARNING] - [SELF-HEALING] Failed to find element with id 'Object Repository/Page_Dashboard/div_My courses                    Introduction to Computer Science            All courses'. Try using Self-healing.

2022-01-16 21:52:31 - [MESSAGE][WARNING] - [SELF-HEALING] The current locator of test object 'Object Repository/Page_Dashboard/div_My courses                    Introduction to Computer Science            All courses' was broken. Propose an alternative one: '(.//*[normalize-space(text()) and normalize-space(.)='Remove Introduction to Computer Science from view'])[1]/following::div[4]'.

2022-01-16 21:52:31 - [MESSAGE][PASSED] - Object 'Object Repository/Page_Dashboard/div_My courses                    Introduction to Computer Science            All courses' is visible

2022-01-16 21:52:31 - [TEST_STEP][PASSED] - verifyElementText(findTestObject("Page_Dashboard/a_All courses"), "All courses"): Actual text and expected text of test object 'Object Repository/Page_Dashboard/a_All courses' are matched.

2022-01-16 21:53:02 - [MESSAGE][INFO] - Unable to find the element located by 'By.xpath: //section[@id='inst52']/div/div/div/a'. Please recheck the objects properties to make sure the desired element is located. 

2022-01-16 21:53:02 - [MESSAGE][WARNING] - [SELF-HEALING] Failed to find element with id 'Object Repository/Page_Dashboard/a_All courses'. Try using Self-healing.

2022-01-16 21:53:02 - [MESSAGE][WARNING] - [SELF-HEALING] The current locator of test object 'Object Repository/Page_Dashboard/a_All courses' was broken. Propose an alternative one: '//a[contains(text(),'All courses')]'.

2022-01-16 21:53:02 - [MESSAGE][PASSED] - Actual text and expected text of test object 'Object Repository/Page_Dashboard/a_All courses' are matched.

2022-01-16 21:53:02 - [TEST_STEP][PASSED] - click(findTestObject("Object Repository/Page_Dashboard/a_All courses")): Object: 'Object Repository/Page_Dashboard/a_All courses' is clicked on

2022-01-16 21:53:33 - [MESSAGE][INFO] - Unable to find the element located by 'By.xpath: //section[@id='inst52']/div/div/div/a'. Please recheck the objects properties to make sure the desired element is located. 

2022-01-16 21:53:33 - [MESSAGE][WARNING] - [SELF-HEALING] Failed to find element with id 'Object Repository/Page_Dashboard/a_All courses'. Try using Self-healing.

2022-01-16 21:53:34 - [MESSAGE][WARNING] - [SELF-HEALING] The current locator of test object 'Object Repository/Page_Dashboard/a_All courses' was broken. Propose an alternative one: '//a[contains(text(),'All courses')]'.

2022-01-16 21:53:34 - [MESSAGE][PASSED] - Object: 'Object Repository/Page_Dashboard/a_All courses' is clicked on

2022-01-16 21:53:34 - [TEST_STEP][PASSED] - verifyElementText(findTestObject("Page_Mood All courses/a_Mathemetics"), "Mathemetics"): Actual text and expected text of test object 'Object Repository/Page_Mood All courses/a_Mathemetics' are matched.

2022-01-16 21:53:35 - [MESSAGE][PASSED] - Actual text and expected text of test object 'Object Repository/Page_Mood All courses/a_Mathemetics' are matched.

2022-01-16 21:53:35 - [TEST_STEP][PASSED] - click(findTestObject("Object Repository/Page_Mood All courses/a_Mathemetics")): Object: 'Object Repository/Page_Mood All courses/a_Mathemetics' is clicked on

2022-01-16 21:53:35 - [MESSAGE][PASSED] - Object: 'Object Repository/Page_Mood All courses/a_Mathemetics' is clicked on

2022-01-16 21:53:35 - [TEST_STEP][PASSED] - waitForElementVisible(findTestObject("Object Repository/Page_Math/input_No enrolment key required_submitbutton"), 0): Object 'Object Repository/Page_Math/input_No enrolment key required_submitbutton' is visible

2022-01-16 21:53:35 - [MESSAGE][WARNING] - Timeout '0' is invalid. Using default page load timeout: '30'

2022-01-16 21:53:36 - [MESSAGE][PASSED] - Object 'Object Repository/Page_Math/input_No enrolment key required_submitbutton' is visible

2022-01-16 21:53:36 - [TEST_STEP][PASSED] - click(findTestObject("Object Repository/Page_Math/input_No enrolment key required_submitbutton")): Object: 'Object Repository/Page_Math/input_No enrolment key required_submitbutton' is clicked on

2022-01-16 21:53:39 - [MESSAGE][PASSED] - Object: 'Object Repository/Page_Math/input_No enrolment key required_submitbutton' is clicked on

2022-01-16 21:53:39 - [TEST_STEP][PASSED] - verifyElementVisible(findTestObject("Object Repository/Page_Course Mathemetics/div_You are enrolled in the course")): Object 'Object Repository/Page_Course Mathemetics/div_You are enrolled in the course' is visible

2022-01-16 21:53:39 - [MESSAGE][PASSED] - Object 'Object Repository/Page_Course Mathemetics/div_You are enrolled in the course' is visible

2022-01-16 21:53:39 - [TEST_STEP][PASSED] - click(findTestObject("Object Repository/Page_Course Mathemetics/a_Mathemetics_action-menu-toggle-2")): Object: 'Object Repository/Page_Course Mathemetics/a_Mathemetics_action-menu-toggle-2' is clicked on

2022-01-16 21:53:40 - [MESSAGE][PASSED] - Object: 'Object Repository/Page_Course Mathemetics/a_Mathemetics_action-menu-toggle-2' is clicked on

2022-01-16 21:53:40 - [TEST_STEP][PASSED] - click(findTestObject("Object Repository/Page_Course Mathemetics/a_Unenrol me from Math")): Object: 'Object Repository/Page_Course Mathemetics/a_Unenrol me from Math' is clicked on

2022-01-16 21:54:11 - [MESSAGE][INFO] - Unable to find the element located by 'By.xpath: //a[@id='action_link61e2439977cb812']'. Please recheck the objects properties to make sure the desired element is located. 

2022-01-16 21:54:11 - [MESSAGE][WARNING] - [SELF-HEALING] Failed to find element with id 'Object Repository/Page_Course Mathemetics/a_Unenrol me from Math'. Try using Self-healing.

2022-01-16 21:54:11 - [MESSAGE][WARNING] - [SELF-HEALING] The current locator of test object 'Object Repository/Page_Course Mathemetics/a_Unenrol me from Math' was broken. Propose an alternative one: '//div[@id='action-menu-2-menu']/div/a'.

2022-01-16 21:54:11 - [MESSAGE][PASSED] - Object: 'Object Repository/Page_Course Mathemetics/a_Unenrol me from Math' is clicked on

2022-01-16 21:54:11 - [TEST_STEP][PASSED] - verifyElementClickable(findTestObject("Object Repository/Page_Self enrolment (Student)/button_Continue")): Object 'Object Repository/Page_Self enrolment (Student)/button_Continue' is clickable

2022-01-16 21:54:43 - [MESSAGE][INFO] - Unable to find the element located by 'By.xpath: //button[@id='single_button61e243a5d81b213']'. Please recheck the objects properties to make sure the desired element is located. 

2022-01-16 21:54:43 - [MESSAGE][WARNING] - [SELF-HEALING] Failed to find element with id 'Object Repository/Page_Self enrolment (Student)/button_Continue'. Try using Self-healing.

2022-01-16 21:54:43 - [MESSAGE][WARNING] - [SELF-HEALING] The current locator of test object 'Object Repository/Page_Self enrolment (Student)/button_Continue' was broken. Propose an alternative one: '//div[@id='modal-footer']/div/div/form/button'.

2022-01-16 21:54:43 - [MESSAGE][PASSED] - Object 'Object Repository/Page_Self enrolment (Student)/button_Continue' is clickable

2022-01-16 21:54:43 - [TEST_STEP][PASSED] - click(findTestObject("Object Repository/Page_Self enrolment (Student)/button_Continue")): Object: 'Object Repository/Page_Self enrolment (Student)/button_Continue' is clicked on

2022-01-16 21:55:14 - [MESSAGE][INFO] - Unable to find the element located by 'By.xpath: //button[@id='single_button61e243a5d81b213']'. Please recheck the objects properties to make sure the desired element is located. 

2022-01-16 21:55:14 - [MESSAGE][WARNING] - [SELF-HEALING] Failed to find element with id 'Object Repository/Page_Self enrolment (Student)/button_Continue'. Try using Self-healing.

2022-01-16 21:55:14 - [MESSAGE][WARNING] - [SELF-HEALING] The current locator of test object 'Object Repository/Page_Self enrolment (Student)/button_Continue' was broken. Propose an alternative one: '//div[@id='modal-footer']/div/div/form/button'.

2022-01-16 21:55:15 - [MESSAGE][PASSED] - Object: 'Object Repository/Page_Self enrolment (Student)/button_Continue' is clicked on

2022-01-16 21:55:15 - [TEST_STEP][PASSED] - verifyElementVisible(findTestObject("Object Repository/Page_Dashboard/div_You are unenrolled from the course Mathemetics")): Object 'Object Repository/Page_Dashboard/div_You are unenrolled from the course Mathemetics' is visible

2022-01-16 21:55:16 - [MESSAGE][PASSED] - Object 'Object Repository/Page_Dashboard/div_You are unenrolled from the course Mathemetics' is visible

2022-01-16 21:55:16 - [TEST_STEP][PASSED] - closeBrowser(): Browser is closed

2022-01-16 21:55:17 - [MESSAGE][PASSED] - Browser is closed]]></system-out>
         <system-err><![CDATA[]]></system-err>
      </testcase>
      <testcase name="Test Cases/test case 26" time="79.086" classname="Test Cases/test case 26" status="PASSED">
         <system-out><![CDATA[2022-01-16 21:55:17 - [TEST_CASE][PASSED] - Test Cases/test case 26: Test Cases/test case 26

2022-01-16 21:55:17 - [TEST_STEP][PASSED] - openBrowser(""): Browser is opened with url: ''

2022-01-16 21:55:17 - [MESSAGE][INFO] - Starting 'Chrome' driver

2022-01-16 21:55:17 - [MESSAGE][INFO] - Action delay is set to 0 milliseconds

2022-01-16 21:55:18 - [MESSAGE][PASSED] - Browser is opened with url: ''

2022-01-16 21:55:18 - [TEST_STEP][PASSED] - navigateToUrl("http://localhost/"): Navigate to 'http://localhost/' successfully

2022-01-16 21:55:20 - [MESSAGE][PASSED] - Navigate to 'http://localhost/' successfully

2022-01-16 21:55:20 - [TEST_STEP][PASSED] - click(findTestObject("Object Repository/Page_Moodle/a_Log in")): Object: 'Object Repository/Page_Moodle/a_Log in' is clicked on

2022-01-16 21:55:20 - [MESSAGE][PASSED] - Object: 'Object Repository/Page_Moodle/a_Log in' is clicked on

2022-01-16 21:55:20 - [TEST_STEP][PASSED] - setText(findTestObject("Object Repository/Page_Moodle Log in to the site/input_Username_username"), "nmthu"): Text 'nmthu' is set on object 'Object Repository/Page_Moodle Log in to the site/input_Username_username'

2022-01-16 21:55:21 - [MESSAGE][PASSED] - Text 'nmthu' is set on object 'Object Repository/Page_Moodle Log in to the site/input_Username_username'

2022-01-16 21:55:21 - [TEST_STEP][PASSED] - setEncryptedText(findTestObject("Object Repository/Page_Moodle Log in to the site/input_Password_password"), "zm/yZ1suVYniggK+4Jo9ew=="): Text ****** has been set on object 'Object Repository/Page_Moodle Log in to the site/input_Password_password'

2022-01-16 21:55:22 - [MESSAGE][PASSED] - Text ****** has been set on object 'Object Repository/Page_Moodle Log in to the site/input_Password_password'

2022-01-16 21:55:22 - [TEST_STEP][PASSED] - click(findTestObject("Object Repository/Page_Moodle Log in to the site/form_document.getElementById(anchor).value _70e5d4")): Object: 'Object Repository/Page_Moodle Log in to the site/form_document.getElementById(anchor).value _70e5d4' is clicked on

2022-01-16 21:55:22 - [MESSAGE][PASSED] - Object: 'Object Repository/Page_Moodle Log in to the site/form_document.getElementById(anchor).value _70e5d4' is clicked on

2022-01-16 21:55:22 - [TEST_STEP][PASSED] - click(findTestObject("Object Repository/Page_Moodle Log in to the site/button_Log in")): Object: 'Object Repository/Page_Moodle Log in to the site/button_Log in' is clicked on

2022-01-16 21:55:23 - [MESSAGE][PASSED] - Object: 'Object Repository/Page_Moodle Log in to the site/button_Log in' is clicked on

2022-01-16 21:55:23 - [TEST_STEP][PASSED] - click(findTestObject("Object Repository/Page_Dashboard/span_Site home")): Object: 'Object Repository/Page_Dashboard/span_Site home' is clicked on

2022-01-16 21:55:25 - [MESSAGE][PASSED] - Object: 'Object Repository/Page_Dashboard/span_Site home' is clicked on

2022-01-16 21:55:25 - [TEST_STEP][PASSED] - verifyElementText(findTestObject("Page_Moodle/a_Mathemetics"), "Mathemetics"): Actual text and expected text of test object 'Object Repository/Page_Moodle/a_Mathemetics' are matched.

2022-01-16 21:55:26 - [MESSAGE][PASSED] - Actual text and expected text of test object 'Object Repository/Page_Moodle/a_Mathemetics' are matched.

2022-01-16 21:55:26 - [TEST_STEP][PASSED] - click(findTestObject("Object Repository/Page_Moodle/a_Mathemetics")): Object: 'Object Repository/Page_Moodle/a_Mathemetics' is clicked on

2022-01-16 21:55:26 - [MESSAGE][PASSED] - Object: 'Object Repository/Page_Moodle/a_Mathemetics' is clicked on

2022-01-16 21:55:26 - [TEST_STEP][PASSED] - waitForElementVisible(findTestObject("Object Repository/Page_Math/input_No enrolment key required_submitbutton"), 0): Object 'Object Repository/Page_Math/input_No enrolment key required_submitbutton' is visible

2022-01-16 21:55:26 - [MESSAGE][WARNING] - Timeout '0' is invalid. Using default page load timeout: '30'

2022-01-16 21:55:27 - [MESSAGE][PASSED] - Object 'Object Repository/Page_Math/input_No enrolment key required_submitbutton' is visible

2022-01-16 21:55:27 - [TEST_STEP][PASSED] - click(findTestObject("Object Repository/Page_Math/input_No enrolment key required_submitbutton")): Object: 'Object Repository/Page_Math/input_No enrolment key required_submitbutton' is clicked on

2022-01-16 21:55:29 - [MESSAGE][PASSED] - Object: 'Object Repository/Page_Math/input_No enrolment key required_submitbutton' is clicked on

2022-01-16 21:55:29 - [TEST_STEP][PASSED] - verifyElementVisible(findTestObject("Object Repository/Page_Course Mathemetics/div_You are enrolled in the course")): Object 'Object Repository/Page_Course Mathemetics/div_You are enrolled in the course' is visible

2022-01-16 21:55:30 - [MESSAGE][PASSED] - Object 'Object Repository/Page_Course Mathemetics/div_You are enrolled in the course' is visible

2022-01-16 21:55:30 - [TEST_STEP][PASSED] - click(findTestObject("Object Repository/Page_Course Mathemetics/a_Mathemetics_action-menu-toggle-2")): Object: 'Object Repository/Page_Course Mathemetics/a_Mathemetics_action-menu-toggle-2' is clicked on

2022-01-16 21:55:30 - [MESSAGE][PASSED] - Object: 'Object Repository/Page_Course Mathemetics/a_Mathemetics_action-menu-toggle-2' is clicked on

2022-01-16 21:55:30 - [TEST_STEP][PASSED] - click(findTestObject("Object Repository/Page_Course Mathemetics/a_Unenrol me from Math")): Object: 'Object Repository/Page_Course Mathemetics/a_Unenrol me from Math' is clicked on

2022-01-16 21:56:02 - [MESSAGE][INFO] - Unable to find the element located by 'By.xpath: //a[@id='action_link61e2439977cb812']'. Please recheck the objects properties to make sure the desired element is located. 

2022-01-16 21:56:02 - [MESSAGE][WARNING] - [SELF-HEALING] Failed to find element with id 'Object Repository/Page_Course Mathemetics/a_Unenrol me from Math'. Try using Self-healing.

2022-01-16 21:56:02 - [MESSAGE][WARNING] - [SELF-HEALING] The current locator of test object 'Object Repository/Page_Course Mathemetics/a_Unenrol me from Math' was broken. Propose an alternative one: '//div[@id='action-menu-2-menu']/div/a'.

2022-01-16 21:56:02 - [MESSAGE][PASSED] - Object: 'Object Repository/Page_Course Mathemetics/a_Unenrol me from Math' is clicked on

2022-01-16 21:56:02 - [TEST_STEP][PASSED] - click(findTestObject("Object Repository/Page_Self enrolment (Student)/button_Continue")): Object: 'Object Repository/Page_Self enrolment (Student)/button_Continue' is clicked on

2022-01-16 21:56:33 - [MESSAGE][INFO] - Unable to find the element located by 'By.xpath: //button[@id='single_button61e243a5d81b213']'. Please recheck the objects properties to make sure the desired element is located. 

2022-01-16 21:56:33 - [MESSAGE][WARNING] - [SELF-HEALING] Failed to find element with id 'Object Repository/Page_Self enrolment (Student)/button_Continue'. Try using Self-healing.

2022-01-16 21:56:34 - [MESSAGE][WARNING] - [SELF-HEALING] The current locator of test object 'Object Repository/Page_Self enrolment (Student)/button_Continue' was broken. Propose an alternative one: '//div[@id='modal-footer']/div/div/form/button'.

2022-01-16 21:56:34 - [MESSAGE][PASSED] - Object: 'Object Repository/Page_Self enrolment (Student)/button_Continue' is clicked on

2022-01-16 21:56:34 - [TEST_STEP][PASSED] - verifyElementVisible(findTestObject("Object Repository/Page_Dashboard/div_You are unenrolled from the course Mathemetics")): Object 'Object Repository/Page_Dashboard/div_You are unenrolled from the course Mathemetics' is visible

2022-01-16 21:56:36 - [MESSAGE][PASSED] - Object 'Object Repository/Page_Dashboard/div_You are unenrolled from the course Mathemetics' is visible

2022-01-16 21:56:36 - [TEST_STEP][PASSED] - closeBrowser(): Browser is closed

2022-01-16 21:56:36 - [MESSAGE][PASSED] - Browser is closed]]></system-out>
         <system-err><![CDATA[]]></system-err>
      </testcase>
      <testcase name="Test Cases/test case 27" time="104.699" classname="Test Cases/test case 27" status="PASSED">
         <system-out><![CDATA[2022-01-16 21:56:36 - [TEST_CASE][PASSED] - Test Cases/test case 27: Test Cases/test case 27

2022-01-16 21:56:36 - [TEST_STEP][PASSED] - openBrowser(""): Browser is opened with url: ''

2022-01-16 21:56:36 - [MESSAGE][INFO] - Starting 'Chrome' driver

2022-01-16 21:56:36 - [MESSAGE][INFO] - Action delay is set to 0 milliseconds

2022-01-16 21:56:38 - [MESSAGE][PASSED] - Browser is opened with url: ''

2022-01-16 21:56:38 - [TEST_STEP][PASSED] - navigateToUrl("http://localhost/"): Navigate to 'http://localhost/' successfully

2022-01-16 21:56:39 - [MESSAGE][PASSED] - Navigate to 'http://localhost/' successfully

2022-01-16 21:56:39 - [TEST_STEP][PASSED] - click(findTestObject("Object Repository/Page_Moodle/a_Log in")): Object: 'Object Repository/Page_Moodle/a_Log in' is clicked on

2022-01-16 21:56:39 - [MESSAGE][PASSED] - Object: 'Object Repository/Page_Moodle/a_Log in' is clicked on

2022-01-16 21:56:39 - [TEST_STEP][PASSED] - setText(findTestObject("Object Repository/Page_Moodle Log in to the site/input_Username_username"), "nmthu"): Text 'nmthu' is set on object 'Object Repository/Page_Moodle Log in to the site/input_Username_username'

2022-01-16 21:56:40 - [MESSAGE][PASSED] - Text 'nmthu' is set on object 'Object Repository/Page_Moodle Log in to the site/input_Username_username'

2022-01-16 21:56:40 - [TEST_STEP][PASSED] - setEncryptedText(findTestObject("Object Repository/Page_Moodle Log in to the site/input_Password_password"), "zm/yZ1suVYniggK+4Jo9ew=="): Text ****** has been set on object 'Object Repository/Page_Moodle Log in to the site/input_Password_password'

2022-01-16 21:56:41 - [MESSAGE][PASSED] - Text ****** has been set on object 'Object Repository/Page_Moodle Log in to the site/input_Password_password'

2022-01-16 21:56:41 - [TEST_STEP][PASSED] - click(findTestObject("Object Repository/Page_Moodle Log in to the site/button_Log in")): Object: 'Object Repository/Page_Moodle Log in to the site/button_Log in' is clicked on

2022-01-16 21:56:42 - [MESSAGE][PASSED] - Object: 'Object Repository/Page_Moodle Log in to the site/button_Log in' is clicked on

2022-01-16 21:56:42 - [TEST_STEP][PASSED] - verifyElementText(findTestObject("Object Repository/Page_Dashboard/span_Calendar"), "Calendar"): Actual text and expected text of test object 'Object Repository/Page_Dashboard/span_Calendar' are matched.

2022-01-16 21:56:43 - [MESSAGE][PASSED] - Actual text and expected text of test object 'Object Repository/Page_Dashboard/span_Calendar' are matched.

2022-01-16 21:56:43 - [TEST_STEP][PASSED] - click(findTestObject("Object Repository/Page_Dashboard/span_Calendar")): Object: 'Object Repository/Page_Dashboard/span_Calendar' is clicked on

2022-01-16 21:56:44 - [MESSAGE][PASSED] - Object: 'Object Repository/Page_Dashboard/span_Calendar' is clicked on

2022-01-16 21:56:44 - [TEST_STEP][PASSED] - verifyElementClickable(findTestObject("Object Repository/Page_Mood Calendar Detailed month view Janu_18fc56/a_3 weeks for Tet")): Object 'Object Repository/Page_Mood Calendar Detailed month view Janu_18fc56/a_3 weeks for Tet' is clickable

2022-01-16 21:57:16 - [MESSAGE][INFO] - Unable to find the element located by 'By.xpath: //table[@id='month-detailed-61e3a5257e82561e3a525554bc15']/tbody/tr[4]/td[7]/div/div/ul/li/a'. Please recheck the objects properties to make sure the desired element is located. 

2022-01-16 21:57:16 - [MESSAGE][WARNING] - [SELF-HEALING] Failed to find element with id 'Object Repository/Page_Mood Calendar Detailed month view Janu_18fc56/a_3 weeks for Tet'. Try using Self-healing.

2022-01-16 21:57:16 - [MESSAGE][WARNING] - [SELF-HEALING] The current locator of test object 'Object Repository/Page_Mood Calendar Detailed month view Janu_18fc56/a_3 weeks for Tet' was broken. Propose an alternative one: '(.//*[normalize-space(text()) and normalize-space(.)='No events, Saturday, 22 January'])[2]/following::a[2]'.

2022-01-16 21:57:16 - [MESSAGE][PASSED] - Object 'Object Repository/Page_Mood Calendar Detailed month view Janu_18fc56/a_3 weeks for Tet' is clickable

2022-01-16 21:57:16 - [TEST_STEP][PASSED] - click(findTestObject("Object Repository/Page_Mood Calendar Detailed month view Janu_18fc56/a_3 weeks for Tet")): Object: 'Object Repository/Page_Mood Calendar Detailed month view Janu_18fc56/a_3 weeks for Tet' is clicked on

2022-01-16 21:57:47 - [MESSAGE][INFO] - Unable to find the element located by 'By.xpath: //table[@id='month-detailed-61e3a5257e82561e3a525554bc15']/tbody/tr[4]/td[7]/div/div/ul/li/a'. Please recheck the objects properties to make sure the desired element is located. 

2022-01-16 21:57:47 - [MESSAGE][WARNING] - [SELF-HEALING] Failed to find element with id 'Object Repository/Page_Mood Calendar Detailed month view Janu_18fc56/a_3 weeks for Tet'. Try using Self-healing.

2022-01-16 21:57:48 - [MESSAGE][WARNING] - [SELF-HEALING] The current locator of test object 'Object Repository/Page_Mood Calendar Detailed month view Janu_18fc56/a_3 weeks for Tet' was broken. Propose an alternative one: '(.//*[normalize-space(text()) and normalize-space(.)='No events, Saturday, 22 January'])[2]/following::a[2]'.

2022-01-16 21:57:48 - [MESSAGE][PASSED] - Object: 'Object Repository/Page_Mood Calendar Detailed month view Janu_18fc56/a_3 weeks for Tet' is clicked on

2022-01-16 21:57:48 - [TEST_STEP][PASSED] - verifyElementText(findTestObject("Object Repository/Page_Mood Calendar Detailed month view Janu_18fc56/h5_3 weeks for Tet"), "3 weeks for Tet"): Actual text and expected text of test object 'Object Repository/Page_Mood Calendar Detailed month view Janu_18fc56/h5_3 weeks for Tet' are matched.

2022-01-16 21:57:49 - [MESSAGE][PASSED] - Actual text and expected text of test object 'Object Repository/Page_Mood Calendar Detailed month view Janu_18fc56/h5_3 weeks for Tet' are matched.

2022-01-16 21:57:49 - [TEST_STEP][PASSED] - verifyElementText(findTestObject("Object Repository/Page_Mood Calendar Detailed month view Janu_18fc56/a_Sunday, 23 January"), "Sunday, 23 January"): Actual text and expected text of test object 'Object Repository/Page_Mood Calendar Detailed month view Janu_18fc56/a_Sunday, 23 January' are matched.

2022-01-16 21:58:20 - [MESSAGE][INFO] - Unable to find the element located by 'By.xpath: //div[@id='yui_3_17_2_1_1642308901509_439']/div/div/div/div[2]/a'. Please recheck the objects properties to make sure the desired element is located. 

2022-01-16 21:58:20 - [MESSAGE][WARNING] - [SELF-HEALING] Failed to find element with id 'Object Repository/Page_Mood Calendar Detailed month view Janu_18fc56/a_Sunday, 23 January'. Try using Self-healing.

2022-01-16 21:58:20 - [MESSAGE][WARNING] - [SELF-HEALING] The current locator of test object 'Object Repository/Page_Mood Calendar Detailed month view Janu_18fc56/a_Sunday, 23 January' was broken. Propose an alternative one: '//a[contains(text(),'Sunday, 23 January')]'.

2022-01-16 21:58:20 - [MESSAGE][PASSED] - Actual text and expected text of test object 'Object Repository/Page_Mood Calendar Detailed month view Janu_18fc56/a_Sunday, 23 January' are matched.

2022-01-16 21:58:20 - [TEST_STEP][PASSED] - closeBrowser(): Browser is closed

2022-01-16 21:58:21 - [MESSAGE][PASSED] - Browser is closed]]></system-out>
         <system-err><![CDATA[]]></system-err>
      </testcase>
      <testcase name="Test Cases/test case 28" time="196.411" classname="Test Cases/test case 28" status="PASSED">
         <system-out><![CDATA[2022-01-16 21:58:21 - [TEST_CASE][PASSED] - Test Cases/test case 28: Test Cases/test case 28

2022-01-16 21:58:21 - [TEST_STEP][PASSED] - openBrowser(""): Browser is opened with url: ''

2022-01-16 21:58:21 - [MESSAGE][INFO] - Starting 'Chrome' driver

2022-01-16 21:58:21 - [MESSAGE][INFO] - Action delay is set to 0 milliseconds

2022-01-16 21:58:22 - [MESSAGE][PASSED] - Browser is opened with url: ''

2022-01-16 21:58:22 - [TEST_STEP][PASSED] - navigateToUrl("http://localhost/"): Navigate to 'http://localhost/' successfully

2022-01-16 21:58:23 - [MESSAGE][PASSED] - Navigate to 'http://localhost/' successfully

2022-01-16 21:58:23 - [TEST_STEP][PASSED] - click(findTestObject("Object Repository/Page_Moodle/a_Log in")): Object: 'Object Repository/Page_Moodle/a_Log in' is clicked on

2022-01-16 21:58:24 - [MESSAGE][PASSED] - Object: 'Object Repository/Page_Moodle/a_Log in' is clicked on

2022-01-16 21:58:24 - [TEST_STEP][PASSED] - setText(findTestObject("Object Repository/Page_Moodle Log in to the site/input_Username_username"), "nmthu"): Text 'nmthu' is set on object 'Object Repository/Page_Moodle Log in to the site/input_Username_username'

2022-01-16 21:58:25 - [MESSAGE][PASSED] - Text 'nmthu' is set on object 'Object Repository/Page_Moodle Log in to the site/input_Username_username'

2022-01-16 21:58:25 - [TEST_STEP][PASSED] - setEncryptedText(findTestObject("Object Repository/Page_Moodle Log in to the site/input_Password_password"), "zm/yZ1suVYniggK+4Jo9ew=="): Text ****** has been set on object 'Object Repository/Page_Moodle Log in to the site/input_Password_password'

2022-01-16 21:58:25 - [MESSAGE][PASSED] - Text ****** has been set on object 'Object Repository/Page_Moodle Log in to the site/input_Password_password'

2022-01-16 21:58:25 - [TEST_STEP][PASSED] - click(findTestObject("Object Repository/Page_Moodle Log in to the site/button_Log in")): Object: 'Object Repository/Page_Moodle Log in to the site/button_Log in' is clicked on

2022-01-16 21:58:26 - [MESSAGE][PASSED] - Object: 'Object Repository/Page_Moodle Log in to the site/button_Log in' is clicked on

2022-01-16 21:58:26 - [TEST_STEP][PASSED] - verifyElementVisible(findTestObject("Object Repository/Page_Dashboard/div_Calendar                               _78b00d")): Object 'Object Repository/Page_Dashboard/div_Calendar                               _78b00d' is visible

2022-01-16 21:58:57 - [MESSAGE][INFO] - Unable to find the element located by 'By.xpath: //section[@id='inst200']/div'. Please recheck the objects properties to make sure the desired element is located. 

2022-01-16 21:58:57 - [MESSAGE][WARNING] - [SELF-HEALING] Failed to find element with id 'Object Repository/Page_Dashboard/div_Calendar                               _78b00d'. Try using Self-healing.

2022-01-16 21:58:58 - [MESSAGE][WARNING] - [SELF-HEALING] The current locator of test object 'Object Repository/Page_Dashboard/div_Calendar                               _78b00d' was broken. Propose an alternative one: '(.//*[normalize-space(text()) and normalize-space(.)='Skip Calendar'])[1]/following::div[1]'.

2022-01-16 21:58:58 - [MESSAGE][PASSED] - Object 'Object Repository/Page_Dashboard/div_Calendar                               _78b00d' is visible

2022-01-16 21:58:58 - [TEST_STEP][PASSED] - verifyElementClickable(findTestObject("Object Repository/Page_Dashboard/a_January 2022")): Object 'Object Repository/Page_Dashboard/a_January 2022' is clickable

2022-01-16 21:59:29 - [MESSAGE][INFO] - Unable to find the element located by 'By.xpath: //div[@id='month-mini-2022-1-5']/table/caption/span[2]/a'. Please recheck the objects properties to make sure the desired element is located. 

2022-01-16 21:59:29 - [MESSAGE][WARNING] - [SELF-HEALING] Failed to find element with id 'Object Repository/Page_Dashboard/a_January 2022'. Try using Self-healing.

2022-01-16 21:59:29 - [MESSAGE][WARNING] - [SELF-HEALING] The current locator of test object 'Object Repository/Page_Dashboard/a_January 2022' was broken. Propose an alternative one: '//a[contains(text(),'January 2022')]'.

2022-01-16 21:59:29 - [MESSAGE][PASSED] - Object 'Object Repository/Page_Dashboard/a_January 2022' is clickable

2022-01-16 21:59:29 - [TEST_STEP][PASSED] - click(findTestObject("Object Repository/Page_Dashboard/a_January 2022")): Object: 'Object Repository/Page_Dashboard/a_January 2022' is clicked on

2022-01-16 22:00:00 - [MESSAGE][INFO] - Unable to find the element located by 'By.xpath: //div[@id='month-mini-2022-1-5']/table/caption/span[2]/a'. Please recheck the objects properties to make sure the desired element is located. 

2022-01-16 22:00:00 - [MESSAGE][WARNING] - [SELF-HEALING] Failed to find element with id 'Object Repository/Page_Dashboard/a_January 2022'. Try using Self-healing.

2022-01-16 22:00:01 - [MESSAGE][WARNING] - [SELF-HEALING] The current locator of test object 'Object Repository/Page_Dashboard/a_January 2022' was broken. Propose an alternative one: '//a[contains(text(),'January 2022')]'.

2022-01-16 22:00:01 - [MESSAGE][PASSED] - Object: 'Object Repository/Page_Dashboard/a_January 2022' is clicked on

2022-01-16 22:00:01 - [TEST_STEP][PASSED] - verifyElementVisible(findTestObject("Object Repository/Page_Mood Calendar Detailed month view Janu_18fc56/a_3 weeks for Tet")): Object 'Object Repository/Page_Mood Calendar Detailed month view Janu_18fc56/a_3 weeks for Tet' is visible

2022-01-16 22:00:32 - [MESSAGE][INFO] - Unable to find the element located by 'By.xpath: //table[@id='month-detailed-61e3a5257e82561e3a525554bc15']/tbody/tr[4]/td[7]/div/div/ul/li/a'. Please recheck the objects properties to make sure the desired element is located. 

2022-01-16 22:00:32 - [MESSAGE][WARNING] - [SELF-HEALING] Failed to find element with id 'Object Repository/Page_Mood Calendar Detailed month view Janu_18fc56/a_3 weeks for Tet'. Try using Self-healing.

2022-01-16 22:00:33 - [MESSAGE][WARNING] - [SELF-HEALING] The current locator of test object 'Object Repository/Page_Mood Calendar Detailed month view Janu_18fc56/a_3 weeks for Tet' was broken. Propose an alternative one: '(.//*[normalize-space(text()) and normalize-space(.)='No events, Saturday, 22 January'])[2]/following::a[2]'.

2022-01-16 22:00:33 - [MESSAGE][PASSED] - Object 'Object Repository/Page_Mood Calendar Detailed month view Janu_18fc56/a_3 weeks for Tet' is visible

2022-01-16 22:00:33 - [TEST_STEP][PASSED] - click(findTestObject("Object Repository/Page_Mood Calendar Detailed month view Janu_18fc56/a_3 weeks for Tet")): Object: 'Object Repository/Page_Mood Calendar Detailed month view Janu_18fc56/a_3 weeks for Tet' is clicked on

2022-01-16 22:01:04 - [MESSAGE][INFO] - Unable to find the element located by 'By.xpath: //table[@id='month-detailed-61e3a5257e82561e3a525554bc15']/tbody/tr[4]/td[7]/div/div/ul/li/a'. Please recheck the objects properties to make sure the desired element is located. 

2022-01-16 22:01:04 - [MESSAGE][WARNING] - [SELF-HEALING] Failed to find element with id 'Object Repository/Page_Mood Calendar Detailed month view Janu_18fc56/a_3 weeks for Tet'. Try using Self-healing.

2022-01-16 22:01:04 - [MESSAGE][WARNING] - [SELF-HEALING] The current locator of test object 'Object Repository/Page_Mood Calendar Detailed month view Janu_18fc56/a_3 weeks for Tet' was broken. Propose an alternative one: '(.//*[normalize-space(text()) and normalize-space(.)='No events, Saturday, 22 January'])[2]/following::a[2]'.

2022-01-16 22:01:04 - [MESSAGE][PASSED] - Object: 'Object Repository/Page_Mood Calendar Detailed month view Janu_18fc56/a_3 weeks for Tet' is clicked on

2022-01-16 22:01:04 - [TEST_STEP][PASSED] - verifyElementText(findTestObject("Object Repository/Page_Mood Calendar Detailed month view Janu_18fc56/h5_3 weeks for Tet"), "3 weeks for Tet"): Actual text and expected text of test object 'Object Repository/Page_Mood Calendar Detailed month view Janu_18fc56/h5_3 weeks for Tet' are matched.

2022-01-16 22:01:05 - [MESSAGE][PASSED] - Actual text and expected text of test object 'Object Repository/Page_Mood Calendar Detailed month view Janu_18fc56/h5_3 weeks for Tet' are matched.

2022-01-16 22:01:05 - [TEST_STEP][PASSED] - verifyElementText(findTestObject("Object Repository/Page_Mood Calendar Detailed month view Janu_18fc56/a_Sunday, 23 January"), "Sunday, 23 January"): Actual text and expected text of test object 'Object Repository/Page_Mood Calendar Detailed month view Janu_18fc56/a_Sunday, 23 January' are matched.

2022-01-16 22:01:36 - [MESSAGE][INFO] - Unable to find the element located by 'By.xpath: //div[@id='yui_3_17_2_1_1642308901509_439']/div/div/div/div[2]/a'. Please recheck the objects properties to make sure the desired element is located. 

2022-01-16 22:01:36 - [MESSAGE][WARNING] - [SELF-HEALING] Failed to find element with id 'Object Repository/Page_Mood Calendar Detailed month view Janu_18fc56/a_Sunday, 23 January'. Try using Self-healing.

2022-01-16 22:01:37 - [MESSAGE][WARNING] - [SELF-HEALING] The current locator of test object 'Object Repository/Page_Mood Calendar Detailed month view Janu_18fc56/a_Sunday, 23 January' was broken. Propose an alternative one: '//a[contains(text(),'Sunday, 23 January')]'.

2022-01-16 22:01:37 - [MESSAGE][PASSED] - Actual text and expected text of test object 'Object Repository/Page_Mood Calendar Detailed month view Janu_18fc56/a_Sunday, 23 January' are matched.

2022-01-16 22:01:37 - [TEST_STEP][PASSED] - closeBrowser(): Browser is closed

2022-01-16 22:01:37 - [MESSAGE][PASSED] - Browser is closed]]></system-out>
         <system-err><![CDATA[]]></system-err>
      </testcase>
      <testcase name="Test Cases/test case 29" time="133.891" classname="Test Cases/test case 29" status="PASSED">
         <system-out><![CDATA[2022-01-16 22:01:37 - [TEST_CASE][PASSED] - Test Cases/test case 29: Test Cases/test case 29

2022-01-16 22:01:38 - [TEST_STEP][PASSED] - openBrowser(""): Browser is opened with url: ''

2022-01-16 22:01:38 - [MESSAGE][INFO] - Starting 'Chrome' driver

2022-01-16 22:01:38 - [MESSAGE][INFO] - Action delay is set to 0 milliseconds

2022-01-16 22:01:39 - [MESSAGE][PASSED] - Browser is opened with url: ''

2022-01-16 22:01:39 - [TEST_STEP][PASSED] - navigateToUrl("http://localhost/"): Navigate to 'http://localhost/' successfully

2022-01-16 22:01:40 - [MESSAGE][PASSED] - Navigate to 'http://localhost/' successfully

2022-01-16 22:01:40 - [TEST_STEP][PASSED] - click(findTestObject("Object Repository/Page_Moodle/div_You are not logged in. (Log in)")): Object: 'Object Repository/Page_Moodle/div_You are not logged in. (Log in)' is clicked on

2022-01-16 22:01:40 - [MESSAGE][PASSED] - Object: 'Object Repository/Page_Moodle/div_You are not logged in. (Log in)' is clicked on

2022-01-16 22:01:40 - [TEST_STEP][PASSED] - click(findTestObject("Object Repository/Page_Moodle/a_Log in")): Object: 'Object Repository/Page_Moodle/a_Log in' is clicked on

2022-01-16 22:01:41 - [MESSAGE][PASSED] - Object: 'Object Repository/Page_Moodle/a_Log in' is clicked on

2022-01-16 22:01:41 - [TEST_STEP][PASSED] - setText(findTestObject("Object Repository/Page_Moodle Log in to the site/input_Username_username"), "nmthu"): Text 'nmthu' is set on object 'Object Repository/Page_Moodle Log in to the site/input_Username_username'

2022-01-16 22:01:42 - [MESSAGE][PASSED] - Text 'nmthu' is set on object 'Object Repository/Page_Moodle Log in to the site/input_Username_username'

2022-01-16 22:01:42 - [TEST_STEP][PASSED] - setEncryptedText(findTestObject("Object Repository/Page_Moodle Log in to the site/input_Password_password"), "zm/yZ1suVYniggK+4Jo9ew=="): Text ****** has been set on object 'Object Repository/Page_Moodle Log in to the site/input_Password_password'

2022-01-16 22:01:42 - [MESSAGE][PASSED] - Text ****** has been set on object 'Object Repository/Page_Moodle Log in to the site/input_Password_password'

2022-01-16 22:01:42 - [TEST_STEP][PASSED] - click(findTestObject("Object Repository/Page_Moodle Log in to the site/button_Log in")): Object: 'Object Repository/Page_Moodle Log in to the site/button_Log in' is clicked on

2022-01-16 22:01:43 - [MESSAGE][PASSED] - Object: 'Object Repository/Page_Moodle Log in to the site/button_Log in' is clicked on

2022-01-16 22:01:43 - [TEST_STEP][PASSED] - verifyElementVisible(findTestObject("Object Repository/Page_Dashboard/div_Upcoming events                        _f1fb13")): Object 'Object Repository/Page_Dashboard/div_Upcoming events                        _f1fb13' is visible

2022-01-16 22:02:15 - [MESSAGE][INFO] - Unable to find the element located by 'By.xpath: //section[@id='inst191']/div'. Please recheck the objects properties to make sure the desired element is located. 

2022-01-16 22:02:15 - [MESSAGE][WARNING] - [SELF-HEALING] Failed to find element with id 'Object Repository/Page_Dashboard/div_Upcoming events                        _f1fb13'. Try using Self-healing.

2022-01-16 22:02:15 - [MESSAGE][WARNING] - [SELF-HEALING] The current locator of test object 'Object Repository/Page_Dashboard/div_Upcoming events                        _f1fb13' was broken. Propose an alternative one: '(.//*[normalize-space(text()) and normalize-space(.)='Skip Upcoming events'])[1]/following::div[1]'.

2022-01-16 22:02:15 - [MESSAGE][PASSED] - Object 'Object Repository/Page_Dashboard/div_Upcoming events                        _f1fb13' is visible

2022-01-16 22:02:15 - [TEST_STEP][PASSED] - verifyElementClickable(findTestObject("Object Repository/Page_Dashboard/a_3 weeks for Tet")): Object 'Object Repository/Page_Dashboard/a_3 weeks for Tet' is clickable

2022-01-16 22:02:46 - [MESSAGE][INFO] - Unable to find the element located by 'By.xpath: //div[@id='month-upcoming-mini-61e3a1d0af96d61e3a1d0997fc4']/div/a'. Please recheck the objects properties to make sure the desired element is located. 

2022-01-16 22:02:46 - [MESSAGE][WARNING] - [SELF-HEALING] Failed to find element with id 'Object Repository/Page_Dashboard/a_3 weeks for Tet'. Try using Self-healing.

2022-01-16 22:02:46 - [MESSAGE][WARNING] - [SELF-HEALING] The current locator of test object 'Object Repository/Page_Dashboard/a_3 weeks for Tet' was broken. Propose an alternative one: '//a[contains(text(),'3 weeks for Tet')]'.

2022-01-16 22:02:46 - [MESSAGE][PASSED] - Object 'Object Repository/Page_Dashboard/a_3 weeks for Tet' is clickable

2022-01-16 22:02:46 - [TEST_STEP][PASSED] - click(findTestObject("Object Repository/Page_Dashboard/a_3 weeks for Tet")): Object: 'Object Repository/Page_Dashboard/a_3 weeks for Tet' is clicked on

2022-01-16 22:03:17 - [MESSAGE][INFO] - Unable to find the element located by 'By.xpath: //div[@id='month-upcoming-mini-61e3a1d0af96d61e3a1d0997fc4']/div/a'. Please recheck the objects properties to make sure the desired element is located. 

2022-01-16 22:03:17 - [MESSAGE][WARNING] - [SELF-HEALING] Failed to find element with id 'Object Repository/Page_Dashboard/a_3 weeks for Tet'. Try using Self-healing.

2022-01-16 22:03:18 - [MESSAGE][WARNING] - [SELF-HEALING] The current locator of test object 'Object Repository/Page_Dashboard/a_3 weeks for Tet' was broken. Propose an alternative one: '//a[contains(text(),'3 weeks for Tet')]'.

2022-01-16 22:03:18 - [MESSAGE][PASSED] - Object: 'Object Repository/Page_Dashboard/a_3 weeks for Tet' is clicked on

2022-01-16 22:03:18 - [TEST_STEP][PASSED] - verifyElementText(findTestObject("Object Repository/Page_Dashboard/h5_3 weeks for Tet"), "3 weeks for Tet"): Actual text and expected text of test object 'Object Repository/Page_Dashboard/h5_3 weeks for Tet' are matched.

2022-01-16 22:03:19 - [MESSAGE][PASSED] - Actual text and expected text of test object 'Object Repository/Page_Dashboard/h5_3 weeks for Tet' are matched.

2022-01-16 22:03:19 - [TEST_STEP][PASSED] - verifyElementText(findTestObject("Object Repository/Page_Dashboard/a_Sunday, 23 January"), "Sunday, 23 January"): Actual text and expected text of test object 'Object Repository/Page_Dashboard/a_Sunday, 23 January' are matched.

2022-01-16 22:03:50 - [MESSAGE][INFO] - Unable to find the element located by 'By.xpath: //div[@id='yui_3_17_2_1_1642308048827_192']/div/div/div/div[2]/a'. Please recheck the objects properties to make sure the desired element is located. 

2022-01-16 22:03:50 - [MESSAGE][WARNING] - [SELF-HEALING] Failed to find element with id 'Object Repository/Page_Dashboard/a_Sunday, 23 January'. Try using Self-healing.

2022-01-16 22:03:50 - [MESSAGE][WARNING] - [SELF-HEALING] The current locator of test object 'Object Repository/Page_Dashboard/a_Sunday, 23 January' was broken. Propose an alternative one: '(.//*[normalize-space(text()) and normalize-space(.)='Data retention summary'])[1]/following::a[1]'.

2022-01-16 22:03:50 - [MESSAGE][PASSED] - Actual text and expected text of test object 'Object Repository/Page_Dashboard/a_Sunday, 23 January' are matched.

2022-01-16 22:03:50 - [TEST_STEP][PASSED] - closeBrowser(): Browser is closed

2022-01-16 22:03:51 - [MESSAGE][PASSED] - Browser is closed]]></system-out>
         <system-err><![CDATA[]]></system-err>
      </testcase>
      <testcase name="Test Cases/test case 30" time="267.231" classname="Test Cases/test case 30" status="PASSED">
         <system-out><![CDATA[2022-01-16 22:03:51 - [TEST_CASE][PASSED] - Test Cases/test case 30: Test Cases/test case 30

2022-01-16 22:03:51 - [TEST_STEP][PASSED] - openBrowser(""): Browser is opened with url: ''

2022-01-16 22:03:51 - [MESSAGE][INFO] - Starting 'Chrome' driver

2022-01-16 22:03:51 - [MESSAGE][INFO] - Action delay is set to 0 milliseconds

2022-01-16 22:03:53 - [MESSAGE][PASSED] - Browser is opened with url: ''

2022-01-16 22:03:53 - [TEST_STEP][PASSED] - navigateToUrl("http://localhost/"): Navigate to 'http://localhost/' successfully

2022-01-16 22:03:54 - [MESSAGE][PASSED] - Navigate to 'http://localhost/' successfully

2022-01-16 22:03:54 - [TEST_STEP][PASSED] - click(findTestObject("Object Repository/Page_Moodle/a_Log in")): Object: 'Object Repository/Page_Moodle/a_Log in' is clicked on

2022-01-16 22:03:55 - [MESSAGE][PASSED] - Object: 'Object Repository/Page_Moodle/a_Log in' is clicked on

2022-01-16 22:03:55 - [TEST_STEP][PASSED] - setText(findTestObject("Object Repository/Page_Moodle Log in to the site/input_Username_username"), "nmthu"): Text 'nmthu' is set on object 'Object Repository/Page_Moodle Log in to the site/input_Username_username'

2022-01-16 22:03:56 - [MESSAGE][PASSED] - Text 'nmthu' is set on object 'Object Repository/Page_Moodle Log in to the site/input_Username_username'

2022-01-16 22:03:56 - [TEST_STEP][PASSED] - setEncryptedText(findTestObject("Object Repository/Page_Moodle Log in to the site/input_Password_password"), "zm/yZ1suVYniggK+4Jo9ew=="): Text ****** has been set on object 'Object Repository/Page_Moodle Log in to the site/input_Password_password'

2022-01-16 22:03:56 - [MESSAGE][PASSED] - Text ****** has been set on object 'Object Repository/Page_Moodle Log in to the site/input_Password_password'

2022-01-16 22:03:56 - [TEST_STEP][PASSED] - click(findTestObject("Object Repository/Page_Moodle Log in to the site/button_Log in")): Object: 'Object Repository/Page_Moodle Log in to the site/button_Log in' is clicked on

2022-01-16 22:03:58 - [MESSAGE][PASSED] - Object: 'Object Repository/Page_Moodle Log in to the site/button_Log in' is clicked on

2022-01-16 22:03:58 - [TEST_STEP][PASSED] - click(findTestObject("Object Repository/Page_Dashboard/span_Calendar")): Object: 'Object Repository/Page_Dashboard/span_Calendar' is clicked on

2022-01-16 22:04:00 - [MESSAGE][PASSED] - Object: 'Object Repository/Page_Dashboard/span_Calendar' is clicked on

2022-01-16 22:04:00 - [TEST_STEP][PASSED] - focus(findTestObject("Page_Mood Calendar Detailed month view Janu_18fc56/button_New event")): Object: 'Object Repository/Page_Mood Calendar Detailed month view Janu_18fc56/button_New event' is focused

2022-01-16 22:04:32 - [MESSAGE][INFO] - Unable to find the element located by 'By.xpath: //div[@id='calendar-month-61e41531799f761e4153150b4a16']/div/button'. Please recheck the objects properties to make sure the desired element is located. 

2022-01-16 22:04:32 - [MESSAGE][WARNING] - [SELF-HEALING] Failed to find element with id 'Object Repository/Page_Mood Calendar Detailed month view Janu_18fc56/button_New event'. Try using Self-healing.

2022-01-16 22:04:32 - [MESSAGE][WARNING] - [SELF-HEALING] The current locator of test object 'Object Repository/Page_Mood Calendar Detailed month view Janu_18fc56/button_New event' was broken. Propose an alternative one: '(.//*[normalize-space(text()) and normalize-space(.)='List of courses'])[1]/following::button[1]'.

2022-01-16 22:04:32 - [MESSAGE][PASSED] - Object: 'Object Repository/Page_Mood Calendar Detailed month view Janu_18fc56/button_New event' is focused

2022-01-16 22:04:32 - [TEST_STEP][PASSED] - click(findTestObject("Object Repository/Page_Mood Calendar Detailed month view Janu_18fc56/button_New event")): Object: 'Object Repository/Page_Mood Calendar Detailed month view Janu_18fc56/button_New event' is clicked on

2022-01-16 22:05:03 - [MESSAGE][INFO] - Unable to find the element located by 'By.xpath: //div[@id='calendar-month-61e41531799f761e4153150b4a16']/div/button'. Please recheck the objects properties to make sure the desired element is located. 

2022-01-16 22:05:03 - [MESSAGE][WARNING] - [SELF-HEALING] Failed to find element with id 'Object Repository/Page_Mood Calendar Detailed month view Janu_18fc56/button_New event'. Try using Self-healing.

2022-01-16 22:05:03 - [MESSAGE][WARNING] - [SELF-HEALING] The current locator of test object 'Object Repository/Page_Mood Calendar Detailed month view Janu_18fc56/button_New event' was broken. Propose an alternative one: '(.//*[normalize-space(text()) and normalize-space(.)='List of courses'])[1]/following::button[1]'.

2022-01-16 22:05:03 - [MESSAGE][PASSED] - Object: 'Object Repository/Page_Mood Calendar Detailed month view Janu_18fc56/button_New event' is clicked on

2022-01-16 22:05:03 - [TEST_STEP][PASSED] - setText(findTestObject("Object Repository/Page_Mood Calendar Detailed month view Janu_18fc56/input_Event title_name"), "Festival at uni"): Text 'Festival at uni' is set on object 'Object Repository/Page_Mood Calendar Detailed month view Janu_18fc56/input_Event title_name'

2022-01-16 22:05:05 - [MESSAGE][PASSED] - Text 'Festival at uni' is set on object 'Object Repository/Page_Mood Calendar Detailed month view Janu_18fc56/input_Event title_name'

2022-01-16 22:05:05 - [TEST_STEP][PASSED] - selectOptionByValue(findTestObject("Object Repository/Page_Mood Calendar Detailed month view Janu_18fc56/select_1        2        3        4        _45ea30"), "26", true): All options with value '26' are selected in object 'Object Repository/Page_Mood Calendar Detailed month view Janu_18fc56/select_1        2        3        4        _45ea30'  using regular expression

2022-01-16 22:05:06 - [MESSAGE][PASSED] - All options with value '26' are selected in object 'Object Repository/Page_Mood Calendar Detailed month view Janu_18fc56/select_1        2        3        4        _45ea30'  using regular expression

2022-01-16 22:05:06 - [TEST_STEP][PASSED] - click(findTestObject("Object Repository/Page_Mood Calendar Detailed month view Janu_18fc56/button_Save")): Object: 'Object Repository/Page_Mood Calendar Detailed month view Janu_18fc56/button_Save' is clicked on

2022-01-16 22:05:38 - [MESSAGE][INFO] - Unable to find the element located by 'By.xpath: //button[@id='yui_3_17_2_1_1642337585482_1306']'. Please recheck the objects properties to make sure the desired element is located. 

2022-01-16 22:05:38 - [MESSAGE][WARNING] - [SELF-HEALING] Failed to find element with id 'Object Repository/Page_Mood Calendar Detailed month view Janu_18fc56/button_Save'. Try using Self-healing.

2022-01-16 22:05:38 - [MESSAGE][WARNING] - [SELF-HEALING] The current locator of test object 'Object Repository/Page_Mood Calendar Detailed month view Janu_18fc56/button_Save' was broken. Propose an alternative one: '(.//*[normalize-space(text()) and normalize-space(.)='Repeat weekly, creating altogether'])[1]/following::button[1]'.

2022-01-16 22:05:38 - [MESSAGE][PASSED] - Object: 'Object Repository/Page_Mood Calendar Detailed month view Janu_18fc56/button_Save' is clicked on

2022-01-16 22:05:38 - [TEST_STEP][PASSED] - verifyElementVisible(findTestObject("Object Repository/Page_Mood Calendar Detailed month view Janu_18fc56/a_Festival at uni")): Object 'Object Repository/Page_Mood Calendar Detailed month view Janu_18fc56/a_Festival at uni' is visible

2022-01-16 22:06:09 - [MESSAGE][INFO] - Unable to find the element located by 'By.xpath: //a[@id='yui_3_17_2_1_1642219203535_1975']'. Please recheck the objects properties to make sure the desired element is located. 

2022-01-16 22:06:09 - [MESSAGE][WARNING] - [SELF-HEALING] Failed to find element with id 'Object Repository/Page_Mood Calendar Detailed month view Janu_18fc56/a_Festival at uni'. Try using Self-healing.

2022-01-16 22:06:09 - [MESSAGE][WARNING] - [SELF-HEALING] The current locator of test object 'Object Repository/Page_Mood Calendar Detailed month view Janu_18fc56/a_Festival at uni' was broken. Propose an alternative one: '(.//*[normalize-space(text()) and normalize-space(.)='No events, Tuesday, 25 January'])[2]/following::a[2]'.

2022-01-16 22:06:09 - [MESSAGE][PASSED] - Object 'Object Repository/Page_Mood Calendar Detailed month view Janu_18fc56/a_Festival at uni' is visible

2022-01-16 22:06:09 - [TEST_STEP][PASSED] - click(findTestObject("Object Repository/Page_Mood Calendar Detailed month view Janu_18fc56/a_Festival at uni")): Object: 'Object Repository/Page_Mood Calendar Detailed month view Janu_18fc56/a_Festival at uni' is clicked on

2022-01-16 22:06:41 - [MESSAGE][INFO] - Unable to find the element located by 'By.xpath: //a[@id='yui_3_17_2_1_1642219203535_1975']'. Please recheck the objects properties to make sure the desired element is located. 

2022-01-16 22:06:41 - [MESSAGE][WARNING] - [SELF-HEALING] Failed to find element with id 'Object Repository/Page_Mood Calendar Detailed month view Janu_18fc56/a_Festival at uni'. Try using Self-healing.

2022-01-16 22:06:41 - [MESSAGE][WARNING] - [SELF-HEALING] The current locator of test object 'Object Repository/Page_Mood Calendar Detailed month view Janu_18fc56/a_Festival at uni' was broken. Propose an alternative one: '(.//*[normalize-space(text()) and normalize-space(.)='No events, Tuesday, 25 January'])[2]/following::a[2]'.

2022-01-16 22:06:41 - [MESSAGE][PASSED] - Object: 'Object Repository/Page_Mood Calendar Detailed month view Janu_18fc56/a_Festival at uni' is clicked on

2022-01-16 22:06:41 - [TEST_STEP][PASSED] - verifyElementClickable(findTestObject("Object Repository/Page_Mood Calendar Detailed month view Janu_18fc56/button_Delete")): Object 'Object Repository/Page_Mood Calendar Detailed month view Janu_18fc56/button_Delete' is clickable

2022-01-16 22:07:12 - [MESSAGE][INFO] - Unable to find the element located by 'By.xpath: //button[@id='yui_3_17_2_1_1642337585482_2067']'. Please recheck the objects properties to make sure the desired element is located. 

2022-01-16 22:07:12 - [MESSAGE][WARNING] - [SELF-HEALING] Failed to find element with id 'Object Repository/Page_Mood Calendar Detailed month view Janu_18fc56/button_Delete'. Try using Self-healing.

2022-01-16 22:07:13 - [MESSAGE][INFO] - Unable to find the element located by 'By.xpath: (.//*[normalize-space(text()) and normalize-space(.)='Introduction to Computer Science'])[3]/following::button[1]'. Please recheck the objects properties to make sure the desired element is located. 

2022-01-16 22:07:14 - [MESSAGE][WARNING] - [SELF-HEALING] The current locator of test object 'Object Repository/Page_Mood Calendar Detailed month view Janu_18fc56/button_Delete' was broken. Propose an alternative one: '(.//*[normalize-space(text()) and normalize-space(.)='User event'])[1]/following::button[1]'.

2022-01-16 22:07:14 - [MESSAGE][PASSED] - Object 'Object Repository/Page_Mood Calendar Detailed month view Janu_18fc56/button_Delete' is clickable

2022-01-16 22:07:14 - [TEST_STEP][PASSED] - click(findTestObject("Object Repository/Page_Mood Calendar Detailed month view Janu_18fc56/button_Delete")): Object: 'Object Repository/Page_Mood Calendar Detailed month view Janu_18fc56/button_Delete' is clicked on

2022-01-16 22:07:45 - [MESSAGE][INFO] - Unable to find the element located by 'By.xpath: //button[@id='yui_3_17_2_1_1642337585482_2067']'. Please recheck the objects properties to make sure the desired element is located. 

2022-01-16 22:07:45 - [MESSAGE][WARNING] - [SELF-HEALING] Failed to find element with id 'Object Repository/Page_Mood Calendar Detailed month view Janu_18fc56/button_Delete'. Try using Self-healing.

2022-01-16 22:07:46 - [MESSAGE][INFO] - Unable to find the element located by 'By.xpath: (.//*[normalize-space(text()) and normalize-space(.)='Introduction to Computer Science'])[3]/following::button[1]'. Please recheck the objects properties to make sure the desired element is located. 

2022-01-16 22:07:46 - [MESSAGE][WARNING] - [SELF-HEALING] The current locator of test object 'Object Repository/Page_Mood Calendar Detailed month view Janu_18fc56/button_Delete' was broken. Propose an alternative one: '(.//*[normalize-space(text()) and normalize-space(.)='User event'])[1]/following::button[1]'.

2022-01-16 22:07:46 - [MESSAGE][PASSED] - Object: 'Object Repository/Page_Mood Calendar Detailed month view Janu_18fc56/button_Delete' is clicked on

2022-01-16 22:07:46 - [TEST_STEP][PASSED] - click(findTestObject("Object Repository/Page_Mood Calendar Detailed month view Janu_18fc56/button_Delete event")): Object: 'Object Repository/Page_Mood Calendar Detailed month view Janu_18fc56/button_Delete event' is clicked on

2022-01-16 22:08:17 - [MESSAGE][INFO] - Unable to find the element located by 'By.xpath: //button[@id='yui_3_17_2_1_1642337585482_2083']'. Please recheck the objects properties to make sure the desired element is located. 

2022-01-16 22:08:17 - [MESSAGE][WARNING] - [SELF-HEALING] Failed to find element with id 'Object Repository/Page_Mood Calendar Detailed month view Janu_18fc56/button_Delete event'. Try using Self-healing.

2022-01-16 22:08:18 - [MESSAGE][WARNING] - [SELF-HEALING] The current locator of test object 'Object Repository/Page_Mood Calendar Detailed month view Janu_18fc56/button_Delete event' was broken. Propose an alternative one: '(.//*[normalize-space(text()) and normalize-space(.)='Delete event'])[1]/following::button[2]'.

2022-01-16 22:08:18 - [MESSAGE][PASSED] - Object: 'Object Repository/Page_Mood Calendar Detailed month view Janu_18fc56/button_Delete event' is clicked on

2022-01-16 22:08:18 - [TEST_STEP][PASSED] - closeBrowser(): Browser is closed

2022-01-16 22:08:18 - [MESSAGE][PASSED] - Browser is closed]]></system-out>
         <system-err><![CDATA[]]></system-err>
      </testcase>
      <testcase name="Test Cases/test case 31" time="295.675" classname="Test Cases/test case 31" status="PASSED">
         <system-out><![CDATA[2022-01-16 22:08:18 - [TEST_CASE][PASSED] - Test Cases/test case 31: Test Cases/test case 31

2022-01-16 22:08:19 - [TEST_STEP][PASSED] - openBrowser(""): Browser is opened with url: ''

2022-01-16 22:08:19 - [MESSAGE][INFO] - Starting 'Chrome' driver

2022-01-16 22:08:19 - [MESSAGE][INFO] - Action delay is set to 0 milliseconds

2022-01-16 22:08:20 - [MESSAGE][PASSED] - Browser is opened with url: ''

2022-01-16 22:08:20 - [TEST_STEP][PASSED] - navigateToUrl("http://localhost/"): Navigate to 'http://localhost/' successfully

2022-01-16 22:08:21 - [MESSAGE][PASSED] - Navigate to 'http://localhost/' successfully

2022-01-16 22:08:21 - [TEST_STEP][PASSED] - click(findTestObject("Object Repository/Page_Moodle/a_Log in")): Object: 'Object Repository/Page_Moodle/a_Log in' is clicked on

2022-01-16 22:08:22 - [MESSAGE][PASSED] - Object: 'Object Repository/Page_Moodle/a_Log in' is clicked on

2022-01-16 22:08:22 - [TEST_STEP][PASSED] - setText(findTestObject("Object Repository/Page_Moodle Log in to the site/input_Username_username"), "nmthu"): Text 'nmthu' is set on object 'Object Repository/Page_Moodle Log in to the site/input_Username_username'

2022-01-16 22:08:23 - [MESSAGE][PASSED] - Text 'nmthu' is set on object 'Object Repository/Page_Moodle Log in to the site/input_Username_username'

2022-01-16 22:08:23 - [TEST_STEP][PASSED] - setEncryptedText(findTestObject("Object Repository/Page_Moodle Log in to the site/input_Password_password"), "zm/yZ1suVYniggK+4Jo9ew=="): Text ****** has been set on object 'Object Repository/Page_Moodle Log in to the site/input_Password_password'

2022-01-16 22:08:23 - [MESSAGE][PASSED] - Text ****** has been set on object 'Object Repository/Page_Moodle Log in to the site/input_Password_password'

2022-01-16 22:08:23 - [TEST_STEP][PASSED] - click(findTestObject("Object Repository/Page_Moodle Log in to the site/button_Log in")): Object: 'Object Repository/Page_Moodle Log in to the site/button_Log in' is clicked on

2022-01-16 22:08:24 - [MESSAGE][PASSED] - Object: 'Object Repository/Page_Moodle Log in to the site/button_Log in' is clicked on

2022-01-16 22:08:24 - [TEST_STEP][PASSED] - verifyElementVisible(findTestObject("Object Repository/Page_Dashboard/div_Calendar                               _78b00d")): Object 'Object Repository/Page_Dashboard/div_Calendar                               _78b00d' is visible

2022-01-16 22:08:55 - [MESSAGE][INFO] - Unable to find the element located by 'By.xpath: //section[@id='inst200']/div'. Please recheck the objects properties to make sure the desired element is located. 

2022-01-16 22:08:55 - [MESSAGE][WARNING] - [SELF-HEALING] Failed to find element with id 'Object Repository/Page_Dashboard/div_Calendar                               _78b00d'. Try using Self-healing.

2022-01-16 22:08:56 - [MESSAGE][WARNING] - [SELF-HEALING] The current locator of test object 'Object Repository/Page_Dashboard/div_Calendar                               _78b00d' was broken. Propose an alternative one: '(.//*[normalize-space(text()) and normalize-space(.)='Skip Calendar'])[1]/following::div[1]'.

2022-01-16 22:08:56 - [MESSAGE][PASSED] - Object 'Object Repository/Page_Dashboard/div_Calendar                               _78b00d' is visible

2022-01-16 22:08:56 - [TEST_STEP][PASSED] - click(findTestObject("Object Repository/Page_Dashboard/a_January 2022")): Object: 'Object Repository/Page_Dashboard/a_January 2022' is clicked on

2022-01-16 22:09:27 - [MESSAGE][INFO] - Unable to find the element located by 'By.xpath: //div[@id='month-mini-2022-1-5']/table/caption/span[2]/a'. Please recheck the objects properties to make sure the desired element is located. 

2022-01-16 22:09:27 - [MESSAGE][WARNING] - [SELF-HEALING] Failed to find element with id 'Object Repository/Page_Dashboard/a_January 2022'. Try using Self-healing.

2022-01-16 22:09:27 - [MESSAGE][WARNING] - [SELF-HEALING] The current locator of test object 'Object Repository/Page_Dashboard/a_January 2022' was broken. Propose an alternative one: '//a[contains(text(),'January 2022')]'.

2022-01-16 22:09:27 - [MESSAGE][PASSED] - Object: 'Object Repository/Page_Dashboard/a_January 2022' is clicked on

2022-01-16 22:09:27 - [TEST_STEP][PASSED] - click(findTestObject("Object Repository/Page_Mood Calendar Detailed month view Janu_18fc56/button_New event")): Object: 'Object Repository/Page_Mood Calendar Detailed month view Janu_18fc56/button_New event' is clicked on

2022-01-16 22:09:59 - [MESSAGE][INFO] - Unable to find the element located by 'By.xpath: //div[@id='calendar-month-61e41531799f761e4153150b4a16']/div/button'. Please recheck the objects properties to make sure the desired element is located. 

2022-01-16 22:09:59 - [MESSAGE][WARNING] - [SELF-HEALING] Failed to find element with id 'Object Repository/Page_Mood Calendar Detailed month view Janu_18fc56/button_New event'. Try using Self-healing.

2022-01-16 22:09:59 - [MESSAGE][WARNING] - [SELF-HEALING] The current locator of test object 'Object Repository/Page_Mood Calendar Detailed month view Janu_18fc56/button_New event' was broken. Propose an alternative one: '(.//*[normalize-space(text()) and normalize-space(.)='List of courses'])[1]/following::button[1]'.

2022-01-16 22:09:59 - [MESSAGE][PASSED] - Object: 'Object Repository/Page_Mood Calendar Detailed month view Janu_18fc56/button_New event' is clicked on

2022-01-16 22:09:59 - [TEST_STEP][PASSED] - setText(findTestObject("Object Repository/Page_Mood Calendar Detailed month view Janu_18fc56/input_Event title_name"), "Festival at uni"): Text 'Festival at uni' is set on object 'Object Repository/Page_Mood Calendar Detailed month view Janu_18fc56/input_Event title_name'

2022-01-16 22:10:01 - [MESSAGE][PASSED] - Text 'Festival at uni' is set on object 'Object Repository/Page_Mood Calendar Detailed month view Janu_18fc56/input_Event title_name'

2022-01-16 22:10:01 - [TEST_STEP][PASSED] - selectOptionByValue(findTestObject("Object Repository/Page_Mood Calendar Detailed month view Janu_18fc56/select_1        2        3        4        _45ea30"), "26", true): All options with value '26' are selected in object 'Object Repository/Page_Mood Calendar Detailed month view Janu_18fc56/select_1        2        3        4        _45ea30'  using regular expression

2022-01-16 22:10:02 - [MESSAGE][PASSED] - All options with value '26' are selected in object 'Object Repository/Page_Mood Calendar Detailed month view Janu_18fc56/select_1        2        3        4        _45ea30'  using regular expression

2022-01-16 22:10:02 - [TEST_STEP][PASSED] - click(findTestObject("Object Repository/Page_Mood Calendar Detailed month view Janu_18fc56/button_Save")): Object: 'Object Repository/Page_Mood Calendar Detailed month view Janu_18fc56/button_Save' is clicked on

2022-01-16 22:10:33 - [MESSAGE][INFO] - Unable to find the element located by 'By.xpath: //button[@id='yui_3_17_2_1_1642337585482_1306']'. Please recheck the objects properties to make sure the desired element is located. 

2022-01-16 22:10:33 - [MESSAGE][WARNING] - [SELF-HEALING] Failed to find element with id 'Object Repository/Page_Mood Calendar Detailed month view Janu_18fc56/button_Save'. Try using Self-healing.

2022-01-16 22:10:34 - [MESSAGE][WARNING] - [SELF-HEALING] The current locator of test object 'Object Repository/Page_Mood Calendar Detailed month view Janu_18fc56/button_Save' was broken. Propose an alternative one: '(.//*[normalize-space(text()) and normalize-space(.)='Repeat weekly, creating altogether'])[1]/following::button[1]'.

2022-01-16 22:10:34 - [MESSAGE][PASSED] - Object: 'Object Repository/Page_Mood Calendar Detailed month view Janu_18fc56/button_Save' is clicked on

2022-01-16 22:10:34 - [TEST_STEP][PASSED] - verifyElementVisible(findTestObject("Object Repository/Page_Mood Calendar Detailed month view Janu_18fc56/a_Festival at uni")): Object 'Object Repository/Page_Mood Calendar Detailed month view Janu_18fc56/a_Festival at uni' is visible

2022-01-16 22:11:05 - [MESSAGE][INFO] - Unable to find the element located by 'By.xpath: //a[@id='yui_3_17_2_1_1642219203535_1975']'. Please recheck the objects properties to make sure the desired element is located. 

2022-01-16 22:11:05 - [MESSAGE][WARNING] - [SELF-HEALING] Failed to find element with id 'Object Repository/Page_Mood Calendar Detailed month view Janu_18fc56/a_Festival at uni'. Try using Self-healing.

2022-01-16 22:11:05 - [MESSAGE][WARNING] - [SELF-HEALING] The current locator of test object 'Object Repository/Page_Mood Calendar Detailed month view Janu_18fc56/a_Festival at uni' was broken. Propose an alternative one: '(.//*[normalize-space(text()) and normalize-space(.)='No events, Tuesday, 25 January'])[2]/following::a[2]'.

2022-01-16 22:11:05 - [MESSAGE][PASSED] - Object 'Object Repository/Page_Mood Calendar Detailed month view Janu_18fc56/a_Festival at uni' is visible

2022-01-16 22:11:05 - [TEST_STEP][PASSED] - click(findTestObject("Object Repository/Page_Mood Calendar Detailed month view Janu_18fc56/a_Festival at uni")): Object: 'Object Repository/Page_Mood Calendar Detailed month view Janu_18fc56/a_Festival at uni' is clicked on

2022-01-16 22:11:36 - [MESSAGE][INFO] - Unable to find the element located by 'By.xpath: //a[@id='yui_3_17_2_1_1642219203535_1975']'. Please recheck the objects properties to make sure the desired element is located. 

2022-01-16 22:11:36 - [MESSAGE][WARNING] - [SELF-HEALING] Failed to find element with id 'Object Repository/Page_Mood Calendar Detailed month view Janu_18fc56/a_Festival at uni'. Try using Self-healing.

2022-01-16 22:11:37 - [MESSAGE][WARNING] - [SELF-HEALING] The current locator of test object 'Object Repository/Page_Mood Calendar Detailed month view Janu_18fc56/a_Festival at uni' was broken. Propose an alternative one: '(.//*[normalize-space(text()) and normalize-space(.)='No events, Tuesday, 25 January'])[2]/following::a[2]'.

2022-01-16 22:11:37 - [MESSAGE][PASSED] - Object: 'Object Repository/Page_Mood Calendar Detailed month view Janu_18fc56/a_Festival at uni' is clicked on

2022-01-16 22:11:37 - [TEST_STEP][PASSED] - verifyElementClickable(findTestObject("Object Repository/Page_Mood Calendar Detailed month view Janu_18fc56/button_Delete")): Object 'Object Repository/Page_Mood Calendar Detailed month view Janu_18fc56/button_Delete' is clickable

2022-01-16 22:12:08 - [MESSAGE][INFO] - Unable to find the element located by 'By.xpath: //button[@id='yui_3_17_2_1_1642337585482_2067']'. Please recheck the objects properties to make sure the desired element is located. 

2022-01-16 22:12:08 - [MESSAGE][WARNING] - [SELF-HEALING] Failed to find element with id 'Object Repository/Page_Mood Calendar Detailed month view Janu_18fc56/button_Delete'. Try using Self-healing.

2022-01-16 22:12:09 - [MESSAGE][INFO] - Unable to find the element located by 'By.xpath: (.//*[normalize-space(text()) and normalize-space(.)='Introduction to Computer Science'])[3]/following::button[1]'. Please recheck the objects properties to make sure the desired element is located. 

2022-01-16 22:12:09 - [MESSAGE][WARNING] - [SELF-HEALING] The current locator of test object 'Object Repository/Page_Mood Calendar Detailed month view Janu_18fc56/button_Delete' was broken. Propose an alternative one: '(.//*[normalize-space(text()) and normalize-space(.)='User event'])[1]/following::button[1]'.

2022-01-16 22:12:09 - [MESSAGE][PASSED] - Object 'Object Repository/Page_Mood Calendar Detailed month view Janu_18fc56/button_Delete' is clickable

2022-01-16 22:12:09 - [TEST_STEP][PASSED] - click(findTestObject("Object Repository/Page_Mood Calendar Detailed month view Janu_18fc56/button_Delete")): Object: 'Object Repository/Page_Mood Calendar Detailed month view Janu_18fc56/button_Delete' is clicked on

2022-01-16 22:12:40 - [MESSAGE][INFO] - Unable to find the element located by 'By.xpath: //button[@id='yui_3_17_2_1_1642337585482_2067']'. Please recheck the objects properties to make sure the desired element is located. 

2022-01-16 22:12:40 - [MESSAGE][WARNING] - [SELF-HEALING] Failed to find element with id 'Object Repository/Page_Mood Calendar Detailed month view Janu_18fc56/button_Delete'. Try using Self-healing.

2022-01-16 22:12:42 - [MESSAGE][INFO] - Unable to find the element located by 'By.xpath: (.//*[normalize-space(text()) and normalize-space(.)='Introduction to Computer Science'])[3]/following::button[1]'. Please recheck the objects properties to make sure the desired element is located. 

2022-01-16 22:12:42 - [MESSAGE][WARNING] - [SELF-HEALING] The current locator of test object 'Object Repository/Page_Mood Calendar Detailed month view Janu_18fc56/button_Delete' was broken. Propose an alternative one: '(.//*[normalize-space(text()) and normalize-space(.)='User event'])[1]/following::button[1]'.

2022-01-16 22:12:42 - [MESSAGE][PASSED] - Object: 'Object Repository/Page_Mood Calendar Detailed month view Janu_18fc56/button_Delete' is clicked on

2022-01-16 22:12:42 - [TEST_STEP][PASSED] - click(findTestObject("Object Repository/Page_Mood Calendar Detailed month view Janu_18fc56/button_Delete event")): Object: 'Object Repository/Page_Mood Calendar Detailed month view Janu_18fc56/button_Delete event' is clicked on

2022-01-16 22:13:13 - [MESSAGE][INFO] - Unable to find the element located by 'By.xpath: //button[@id='yui_3_17_2_1_1642337585482_2083']'. Please recheck the objects properties to make sure the desired element is located. 

2022-01-16 22:13:13 - [MESSAGE][WARNING] - [SELF-HEALING] Failed to find element with id 'Object Repository/Page_Mood Calendar Detailed month view Janu_18fc56/button_Delete event'. Try using Self-healing.

2022-01-16 22:13:13 - [MESSAGE][WARNING] - [SELF-HEALING] The current locator of test object 'Object Repository/Page_Mood Calendar Detailed month view Janu_18fc56/button_Delete event' was broken. Propose an alternative one: '(.//*[normalize-space(text()) and normalize-space(.)='Delete event'])[1]/following::button[2]'.

2022-01-16 22:13:13 - [MESSAGE][PASSED] - Object: 'Object Repository/Page_Mood Calendar Detailed month view Janu_18fc56/button_Delete event' is clicked on

2022-01-16 22:13:13 - [TEST_STEP][PASSED] - closeBrowser(): Browser is closed

2022-01-16 22:13:14 - [MESSAGE][PASSED] - Browser is closed]]></system-out>
         <system-err><![CDATA[]]></system-err>
      </testcase>
      <testcase name="Test Cases/test case 32" time="178.539" classname="Test Cases/test case 32" status="PASSED">
         <system-out><![CDATA[2022-01-16 22:13:14 - [TEST_CASE][PASSED] - Test Cases/test case 32: Test Cases/test case 32

2022-01-16 22:13:14 - [TEST_STEP][PASSED] - openBrowser(""): Browser is opened with url: ''

2022-01-16 22:13:14 - [MESSAGE][INFO] - Starting 'Chrome' driver

2022-01-16 22:13:14 - [MESSAGE][INFO] - Action delay is set to 0 milliseconds

2022-01-16 22:13:16 - [MESSAGE][PASSED] - Browser is opened with url: ''

2022-01-16 22:13:16 - [TEST_STEP][PASSED] - navigateToUrl("http://localhost/"): Navigate to 'http://localhost/' successfully

2022-01-16 22:13:17 - [MESSAGE][PASSED] - Navigate to 'http://localhost/' successfully

2022-01-16 22:13:17 - [TEST_STEP][PASSED] - click(findTestObject("Object Repository/Page_Moodle/a_Log in")): Object: 'Object Repository/Page_Moodle/a_Log in' is clicked on

2022-01-16 22:13:18 - [MESSAGE][PASSED] - Object: 'Object Repository/Page_Moodle/a_Log in' is clicked on

2022-01-16 22:13:18 - [TEST_STEP][PASSED] - setText(findTestObject("Object Repository/Page_Moodle Log in to the site/input_Username_username"), "nmthu"): Text 'nmthu' is set on object 'Object Repository/Page_Moodle Log in to the site/input_Username_username'

2022-01-16 22:13:19 - [MESSAGE][PASSED] - Text 'nmthu' is set on object 'Object Repository/Page_Moodle Log in to the site/input_Username_username'

2022-01-16 22:13:19 - [TEST_STEP][PASSED] - setEncryptedText(findTestObject("Object Repository/Page_Moodle Log in to the site/input_Password_password"), "zm/yZ1suVYniggK+4Jo9ew=="): Text ****** has been set on object 'Object Repository/Page_Moodle Log in to the site/input_Password_password'

2022-01-16 22:13:19 - [MESSAGE][PASSED] - Text ****** has been set on object 'Object Repository/Page_Moodle Log in to the site/input_Password_password'

2022-01-16 22:13:19 - [TEST_STEP][PASSED] - click(findTestObject("Object Repository/Page_Moodle Log in to the site/button_Log in")): Object: 'Object Repository/Page_Moodle Log in to the site/button_Log in' is clicked on

2022-01-16 22:13:20 - [MESSAGE][PASSED] - Object: 'Object Repository/Page_Moodle Log in to the site/button_Log in' is clicked on

2022-01-16 22:13:20 - [TEST_STEP][PASSED] - verifyElementVisible(findTestObject("Object Repository/Page_Dashboard/div_Calendar                               _78b00d")): Object 'Object Repository/Page_Dashboard/div_Calendar                               _78b00d' is visible

2022-01-16 22:13:52 - [MESSAGE][INFO] - Unable to find the element located by 'By.xpath: //section[@id='inst200']/div'. Please recheck the objects properties to make sure the desired element is located. 

2022-01-16 22:13:52 - [MESSAGE][WARNING] - [SELF-HEALING] Failed to find element with id 'Object Repository/Page_Dashboard/div_Calendar                               _78b00d'. Try using Self-healing.

2022-01-16 22:13:54 - [MESSAGE][WARNING] - [SELF-HEALING] The current locator of test object 'Object Repository/Page_Dashboard/div_Calendar                               _78b00d' was broken. Propose an alternative one: '(.//*[normalize-space(text()) and normalize-space(.)='Skip Calendar'])[1]/following::div[1]'.

2022-01-16 22:13:54 - [MESSAGE][PASSED] - Object 'Object Repository/Page_Dashboard/div_Calendar                               _78b00d' is visible

2022-01-16 22:13:54 - [TEST_STEP][PASSED] - click(findTestObject("Object Repository/Page_Dashboard/a_January 2022")): Object: 'Object Repository/Page_Dashboard/a_January 2022' is clicked on

2022-01-16 22:14:27 - [MESSAGE][INFO] - Unable to find the element located by 'By.xpath: //div[@id='month-mini-2022-1-5']/table/caption/span[2]/a'. Please recheck the objects properties to make sure the desired element is located. 

2022-01-16 22:14:27 - [MESSAGE][WARNING] - [SELF-HEALING] Failed to find element with id 'Object Repository/Page_Dashboard/a_January 2022'. Try using Self-healing.

2022-01-16 22:14:29 - [MESSAGE][WARNING] - [SELF-HEALING] The current locator of test object 'Object Repository/Page_Dashboard/a_January 2022' was broken. Propose an alternative one: '//a[contains(text(),'January 2022')]'.

2022-01-16 22:14:29 - [MESSAGE][PASSED] - Object: 'Object Repository/Page_Dashboard/a_January 2022' is clicked on

2022-01-16 22:14:29 - [TEST_STEP][PASSED] - click(findTestObject("Object Repository/Page_Mood Calendar Detailed month view Janu_18fc56/button_New event")): Object: 'Object Repository/Page_Mood Calendar Detailed month view Janu_18fc56/button_New event' is clicked on

2022-01-16 22:15:01 - [MESSAGE][INFO] - Unable to find the element located by 'By.xpath: //div[@id='calendar-month-61e41531799f761e4153150b4a16']/div/button'. Please recheck the objects properties to make sure the desired element is located. 

2022-01-16 22:15:01 - [MESSAGE][WARNING] - [SELF-HEALING] Failed to find element with id 'Object Repository/Page_Mood Calendar Detailed month view Janu_18fc56/button_New event'. Try using Self-healing.

2022-01-16 22:15:03 - [MESSAGE][WARNING] - [SELF-HEALING] The current locator of test object 'Object Repository/Page_Mood Calendar Detailed month view Janu_18fc56/button_New event' was broken. Propose an alternative one: '(.//*[normalize-space(text()) and normalize-space(.)='List of courses'])[1]/following::button[1]'.

2022-01-16 22:15:03 - [MESSAGE][PASSED] - Object: 'Object Repository/Page_Mood Calendar Detailed month view Janu_18fc56/button_New event' is clicked on

2022-01-16 22:15:03 - [TEST_STEP][PASSED] - verifyElementText(findTestObject("Object Repository/Page_Mood Calendar Detailed month view Janu_18fc56/button_Save"), "Save"): Actual text and expected text of test object 'Object Repository/Page_Mood Calendar Detailed month view Janu_18fc56/button_Save' are matched.

2022-01-16 22:15:35 - [MESSAGE][INFO] - Unable to find the element located by 'By.xpath: //button[@id='yui_3_17_2_1_1642337585482_1306']'. Please recheck the objects properties to make sure the desired element is located. 

2022-01-16 22:15:35 - [MESSAGE][WARNING] - [SELF-HEALING] Failed to find element with id 'Object Repository/Page_Mood Calendar Detailed month view Janu_18fc56/button_Save'. Try using Self-healing.

2022-01-16 22:15:38 - [MESSAGE][WARNING] - [SELF-HEALING] The current locator of test object 'Object Repository/Page_Mood Calendar Detailed month view Janu_18fc56/button_Save' was broken. Propose an alternative one: '(.//*[normalize-space(text()) and normalize-space(.)='Repeat weekly, creating altogether'])[1]/following::button[1]'.

2022-01-16 22:15:38 - [MESSAGE][PASSED] - Actual text and expected text of test object 'Object Repository/Page_Mood Calendar Detailed month view Janu_18fc56/button_Save' are matched.

2022-01-16 22:15:38 - [TEST_STEP][PASSED] - click(findTestObject("Object Repository/Page_Mood Calendar Detailed month view Janu_18fc56/button_Save")): Object: 'Object Repository/Page_Mood Calendar Detailed month view Janu_18fc56/button_Save' is clicked on

2022-01-16 22:16:10 - [MESSAGE][INFO] - Unable to find the element located by 'By.xpath: //button[@id='yui_3_17_2_1_1642337585482_1306']'. Please recheck the objects properties to make sure the desired element is located. 

2022-01-16 22:16:10 - [MESSAGE][WARNING] - [SELF-HEALING] Failed to find element with id 'Object Repository/Page_Mood Calendar Detailed month view Janu_18fc56/button_Save'. Try using Self-healing.

2022-01-16 22:16:12 - [MESSAGE][WARNING] - [SELF-HEALING] The current locator of test object 'Object Repository/Page_Mood Calendar Detailed month view Janu_18fc56/button_Save' was broken. Propose an alternative one: '(.//*[normalize-space(text()) and normalize-space(.)='Repeat weekly, creating altogether'])[1]/following::button[1]'.

2022-01-16 22:16:12 - [MESSAGE][PASSED] - Object: 'Object Repository/Page_Mood Calendar Detailed month view Janu_18fc56/button_Save' is clicked on

2022-01-16 22:16:12 - [TEST_STEP][PASSED] - closeBrowser(): Browser is closed

2022-01-16 22:16:13 - [MESSAGE][PASSED] - Browser is closed]]></system-out>
         <system-err><![CDATA[]]></system-err>
      </testcase>
      <testcase name="Test Cases/test case 33" time="227.937" classname="Test Cases/test case 33" status="PASSED">
         <system-out><![CDATA[2022-01-16 22:16:13 - [TEST_CASE][PASSED] - Test Cases/test case 33: Test Cases/test case 33

2022-01-16 22:16:13 - [TEST_STEP][PASSED] - openBrowser(""): Browser is opened with url: ''

2022-01-16 22:16:13 - [MESSAGE][INFO] - Starting 'Chrome' driver

2022-01-16 22:16:13 - [MESSAGE][INFO] - Action delay is set to 0 milliseconds

2022-01-16 22:16:14 - [MESSAGE][PASSED] - Browser is opened with url: ''

2022-01-16 22:16:14 - [TEST_STEP][PASSED] - navigateToUrl("http://localhost/"): Navigate to 'http://localhost/' successfully

2022-01-16 22:16:15 - [MESSAGE][PASSED] - Navigate to 'http://localhost/' successfully

2022-01-16 22:16:15 - [TEST_STEP][PASSED] - click(findTestObject("Object Repository/Page_Moodle/a_Log in")): Object: 'Object Repository/Page_Moodle/a_Log in' is clicked on

2022-01-16 22:16:16 - [MESSAGE][PASSED] - Object: 'Object Repository/Page_Moodle/a_Log in' is clicked on

2022-01-16 22:16:16 - [TEST_STEP][PASSED] - setText(findTestObject("Object Repository/Page_Moodle Log in to the site/input_Username_username"), "nmthu"): Text 'nmthu' is set on object 'Object Repository/Page_Moodle Log in to the site/input_Username_username'

2022-01-16 22:16:17 - [MESSAGE][PASSED] - Text 'nmthu' is set on object 'Object Repository/Page_Moodle Log in to the site/input_Username_username'

2022-01-16 22:16:17 - [TEST_STEP][PASSED] - setEncryptedText(findTestObject("Object Repository/Page_Moodle Log in to the site/input_Password_password"), "zm/yZ1suVYniggK+4Jo9ew=="): Text ****** has been set on object 'Object Repository/Page_Moodle Log in to the site/input_Password_password'

2022-01-16 22:16:17 - [MESSAGE][PASSED] - Text ****** has been set on object 'Object Repository/Page_Moodle Log in to the site/input_Password_password'

2022-01-16 22:16:17 - [TEST_STEP][PASSED] - click(findTestObject("Object Repository/Page_Moodle Log in to the site/button_Log in")): Object: 'Object Repository/Page_Moodle Log in to the site/button_Log in' is clicked on

2022-01-16 22:16:18 - [MESSAGE][PASSED] - Object: 'Object Repository/Page_Moodle Log in to the site/button_Log in' is clicked on

2022-01-16 22:16:18 - [TEST_STEP][PASSED] - verifyElementVisible(findTestObject("Object Repository/Page_Dashboard/i_See all_icon fa fa-comment fa-fw")): Object 'Object Repository/Page_Dashboard/i_See all_icon fa fa-comment fa-fw' is visible

2022-01-16 22:16:49 - [MESSAGE][INFO] - Unable to find the element located by 'By.xpath: //a[@id='message-drawer-toggle-61e170f2da1f961e170f0da18a9']/i'. Please recheck the objects properties to make sure the desired element is located. 

2022-01-16 22:16:49 - [MESSAGE][WARNING] - [SELF-HEALING] Failed to find element with id 'Object Repository/Page_Dashboard/i_See all_icon fa fa-comment fa-fw'. Try using Self-healing.

2022-01-16 22:16:50 - [MESSAGE][WARNING] - [SELF-HEALING] The current locator of test object 'Object Repository/Page_Dashboard/i_See all_icon fa fa-comment fa-fw' was broken. Propose an alternative one: '//div[2]/a/i'.

2022-01-16 22:16:50 - [MESSAGE][PASSED] - Object 'Object Repository/Page_Dashboard/i_See all_icon fa fa-comment fa-fw' is visible

2022-01-16 22:16:50 - [TEST_STEP][PASSED] - click(findTestObject("Object Repository/Page_Dashboard/i_See all_icon fa fa-comment fa-fw")): Object: 'Object Repository/Page_Dashboard/i_See all_icon fa fa-comment fa-fw' is clicked on

2022-01-16 22:17:21 - [MESSAGE][INFO] - Unable to find the element located by 'By.xpath: //a[@id='message-drawer-toggle-61e170f2da1f961e170f0da18a9']/i'. Please recheck the objects properties to make sure the desired element is located. 

2022-01-16 22:17:21 - [MESSAGE][WARNING] - [SELF-HEALING] Failed to find element with id 'Object Repository/Page_Dashboard/i_See all_icon fa fa-comment fa-fw'. Try using Self-healing.

2022-01-16 22:17:21 - [MESSAGE][WARNING] - [SELF-HEALING] The current locator of test object 'Object Repository/Page_Dashboard/i_See all_icon fa fa-comment fa-fw' was broken. Propose an alternative one: '//div[2]/a/i'.

2022-01-16 22:17:21 - [MESSAGE][PASSED] - Object: 'Object Repository/Page_Dashboard/i_See all_icon fa fa-comment fa-fw' is clicked on

2022-01-16 22:17:21 - [TEST_STEP][PASSED] - setText(findTestObject("Object Repository/Page_Dashboard/input_Messages selected_form-control"), "Nguyen Minh Thu"): Text 'Nguyen Minh Thu' is set on object 'Object Repository/Page_Dashboard/input_Messages selected_form-control'

2022-01-16 22:17:22 - [MESSAGE][PASSED] - Text 'Nguyen Minh Thu' is set on object 'Object Repository/Page_Dashboard/input_Messages selected_form-control'

2022-01-16 22:17:22 - [TEST_STEP][PASSED] - click(findTestObject("Object Repository/Page_Dashboard/i_Messages selected_icon fa fa-search fa-fw")): Object: 'Object Repository/Page_Dashboard/i_Messages selected_icon fa fa-search fa-fw' is clicked on

2022-01-16 22:17:54 - [MESSAGE][INFO] - Unable to find the element located by 'By.xpath: //div[@id='yui_3_17_2_1_1642164467055_202']/div[4]/div/div/div/button/span/i'. Please recheck the objects properties to make sure the desired element is located. 

2022-01-16 22:17:54 - [MESSAGE][WARNING] - [SELF-HEALING] Failed to find element with id 'Object Repository/Page_Dashboard/i_Messages selected_icon fa fa-search fa-fw'. Try using Self-healing.

2022-01-16 22:17:54 - [MESSAGE][WARNING] - [SELF-HEALING] The current locator of test object 'Object Repository/Page_Dashboard/i_Messages selected_icon fa fa-search fa-fw' was broken. Propose an alternative one: '//button/span/i'.

2022-01-16 22:17:54 - [MESSAGE][PASSED] - Object: 'Object Repository/Page_Dashboard/i_Messages selected_icon fa fa-search fa-fw' is clicked on

2022-01-16 22:17:54 - [TEST_STEP][PASSED] - click(findTestObject("Object Repository/Page_Dashboard/span_Nguyen Minh Thu")): Object: 'Object Repository/Page_Dashboard/span_Nguyen Minh Thu' is clicked on

2022-01-16 22:18:25 - [MESSAGE][INFO] - Unable to find the element located by 'By.xpath: //div[@id='yui_3_17_2_1_1642164467055_197']/div[6]/div/div/div/div[2]/div/a/h6/span'. Please recheck the objects properties to make sure the desired element is located. 

2022-01-16 22:18:25 - [MESSAGE][WARNING] - [SELF-HEALING] Failed to find element with id 'Object Repository/Page_Dashboard/span_Nguyen Minh Thu'. Try using Self-healing.

2022-01-16 22:18:25 - [MESSAGE][WARNING] - [SELF-HEALING] The current locator of test object 'Object Repository/Page_Dashboard/span_Nguyen Minh Thu' was broken. Propose an alternative one: '(.//*[normalize-space(text()) and normalize-space(.)='Non-contacts'])[1]/following::span[1]'.

2022-01-16 22:18:25 - [MESSAGE][PASSED] - Object: 'Object Repository/Page_Dashboard/span_Nguyen Minh Thu' is clicked on

2022-01-16 22:18:25 - [TEST_STEP][PASSED] - setText(findTestObject("Object Repository/Page_Dashboard/textarea_Use enter to send_yui_3_17_2_1_164_3ccbd5"), "Hello"): Text 'Hello' is set on object 'Object Repository/Page_Dashboard/textarea_Use enter to send_yui_3_17_2_1_164_3ccbd5'

2022-01-16 22:18:57 - [MESSAGE][INFO] - Unable to find the element located by 'By.xpath: //textarea[@id='yui_3_17_2_1_1642164467055_223']'. Please recheck the objects properties to make sure the desired element is located. 

2022-01-16 22:18:57 - [MESSAGE][WARNING] - [SELF-HEALING] Failed to find element with id 'Object Repository/Page_Dashboard/textarea_Use enter to send_yui_3_17_2_1_164_3ccbd5'. Try using Self-healing.

2022-01-16 22:18:57 - [MESSAGE][WARNING] - [SELF-HEALING] The current locator of test object 'Object Repository/Page_Dashboard/textarea_Use enter to send_yui_3_17_2_1_164_3ccbd5' was broken. Propose an alternative one: '//textarea'.

2022-01-16 22:19:28 - [MESSAGE][INFO] - Unable to find the element located by 'By.xpath: //textarea[@id='yui_3_17_2_1_1642164467055_223']'. Please recheck the objects properties to make sure the desired element is located. 

2022-01-16 22:19:28 - [MESSAGE][WARNING] - [SELF-HEALING] Failed to find element with id 'Object Repository/Page_Dashboard/textarea_Use enter to send_yui_3_17_2_1_164_3ccbd5'. Try using Self-healing.

2022-01-16 22:19:28 - [MESSAGE][WARNING] - [SELF-HEALING] The current locator of test object 'Object Repository/Page_Dashboard/textarea_Use enter to send_yui_3_17_2_1_164_3ccbd5' was broken. Propose an alternative one: '//textarea'.

2022-01-16 22:19:28 - [MESSAGE][PASSED] - Text 'Hello' is set on object 'Object Repository/Page_Dashboard/textarea_Use enter to send_yui_3_17_2_1_164_3ccbd5'

2022-01-16 22:19:28 - [TEST_STEP][PASSED] - click(findTestObject("Object Repository/Page_Dashboard/button__btn btn-link btn-icon icon-size-3 m_754a09")): Object: 'Object Repository/Page_Dashboard/button__btn btn-link btn-icon icon-size-3 m_754a09' is clicked on

2022-01-16 22:20:00 - [MESSAGE][INFO] - Unable to find the element located by 'By.xpath: //div[@id='yui_3_17_2_1_1642164467055_224']/div/button[2]'. Please recheck the objects properties to make sure the desired element is located. 

2022-01-16 22:20:00 - [MESSAGE][WARNING] - [SELF-HEALING] Failed to find element with id 'Object Repository/Page_Dashboard/button__btn btn-link btn-icon icon-size-3 m_754a09'. Try using Self-healing.

2022-01-16 22:20:00 - [MESSAGE][WARNING] - [SELF-HEALING] The current locator of test object 'Object Repository/Page_Dashboard/button__btn btn-link btn-icon icon-size-3 m_754a09' was broken. Propose an alternative one: '(.//*[normalize-space(text()) and normalize-space(.)='😠'])[1]/following::button[2]'.

2022-01-16 22:20:00 - [MESSAGE][PASSED] - Object: 'Object Repository/Page_Dashboard/button__btn btn-link btn-icon icon-size-3 m_754a09' is clicked on

2022-01-16 22:20:00 - [TEST_STEP][PASSED] - closeBrowser(): Browser is closed

2022-01-16 22:20:01 - [MESSAGE][PASSED] - Browser is closed]]></system-out>
         <system-err><![CDATA[]]></system-err>
      </testcase>
      <testcase name="Test Cases/test case 34" time="228.955" classname="Test Cases/test case 34" status="PASSED">
         <system-out><![CDATA[2022-01-16 22:20:01 - [TEST_CASE][PASSED] - Test Cases/test case 34: Test Cases/test case 34

2022-01-16 22:20:01 - [TEST_STEP][PASSED] - openBrowser(""): Browser is opened with url: ''

2022-01-16 22:20:01 - [MESSAGE][INFO] - Starting 'Chrome' driver

2022-01-16 22:20:01 - [MESSAGE][INFO] - Action delay is set to 0 milliseconds

2022-01-16 22:20:02 - [MESSAGE][PASSED] - Browser is opened with url: ''

2022-01-16 22:20:02 - [TEST_STEP][PASSED] - navigateToUrl("http://localhost/"): Navigate to 'http://localhost/' successfully

2022-01-16 22:20:03 - [MESSAGE][PASSED] - Navigate to 'http://localhost/' successfully

2022-01-16 22:20:03 - [TEST_STEP][PASSED] - click(findTestObject("Object Repository/Page_Moodle/a_Log in")): Object: 'Object Repository/Page_Moodle/a_Log in' is clicked on

2022-01-16 22:20:04 - [MESSAGE][PASSED] - Object: 'Object Repository/Page_Moodle/a_Log in' is clicked on

2022-01-16 22:20:04 - [TEST_STEP][PASSED] - setText(findTestObject("Object Repository/Page_Moodle Log in to the site/input_Username_username"), "nmthu"): Text 'nmthu' is set on object 'Object Repository/Page_Moodle Log in to the site/input_Username_username'

2022-01-16 22:20:05 - [MESSAGE][PASSED] - Text 'nmthu' is set on object 'Object Repository/Page_Moodle Log in to the site/input_Username_username'

2022-01-16 22:20:05 - [TEST_STEP][PASSED] - setEncryptedText(findTestObject("Object Repository/Page_Moodle Log in to the site/input_Password_password"), "zm/yZ1suVYniggK+4Jo9ew=="): Text ****** has been set on object 'Object Repository/Page_Moodle Log in to the site/input_Password_password'

2022-01-16 22:20:05 - [MESSAGE][PASSED] - Text ****** has been set on object 'Object Repository/Page_Moodle Log in to the site/input_Password_password'

2022-01-16 22:20:05 - [TEST_STEP][PASSED] - click(findTestObject("Object Repository/Page_Moodle Log in to the site/form_document.getElementById(anchor).value _70e5d4")): Object: 'Object Repository/Page_Moodle Log in to the site/form_document.getElementById(anchor).value _70e5d4' is clicked on

2022-01-16 22:20:05 - [MESSAGE][PASSED] - Object: 'Object Repository/Page_Moodle Log in to the site/form_document.getElementById(anchor).value _70e5d4' is clicked on

2022-01-16 22:20:05 - [TEST_STEP][PASSED] - click(findTestObject("Object Repository/Page_Moodle Log in to the site/button_Log in")): Object: 'Object Repository/Page_Moodle Log in to the site/button_Log in' is clicked on

2022-01-16 22:20:07 - [MESSAGE][PASSED] - Object: 'Object Repository/Page_Moodle Log in to the site/button_Log in' is clicked on

2022-01-16 22:20:07 - [TEST_STEP][PASSED] - verifyElementText(findTestObject("Object Repository/Page_Dashboard/h5_Online users"), "Online users"): Actual text and expected text of test object 'Object Repository/Page_Dashboard/h5_Online users' are matched.

2022-01-16 22:20:38 - [MESSAGE][INFO] - Unable to find the element located by 'By.xpath: //h5[@id='instance-169-header']'. Please recheck the objects properties to make sure the desired element is located. 

2022-01-16 22:20:38 - [MESSAGE][WARNING] - [SELF-HEALING] Failed to find element with id 'Object Repository/Page_Dashboard/h5_Online users'. Try using Self-healing.

2022-01-16 22:20:38 - [MESSAGE][WARNING] - [SELF-HEALING] The current locator of test object 'Object Repository/Page_Dashboard/h5_Online users' was broken. Propose an alternative one: '(.//*[normalize-space(text()) and normalize-space(.)='Manage private files...'])[1]/following::h5[1]'.

2022-01-16 22:20:38 - [MESSAGE][PASSED] - Actual text and expected text of test object 'Object Repository/Page_Dashboard/h5_Online users' are matched.

2022-01-16 22:20:38 - [TEST_STEP][PASSED] - verifyElementVisible(findTestObject("Object Repository/Page_Dashboard/div_Online users                    1 onlin_84bdab")): Object 'Object Repository/Page_Dashboard/div_Online users                    1 onlin_84bdab' is visible

2022-01-16 22:21:09 - [MESSAGE][INFO] - Unable to find the element located by 'By.xpath: //section[@id='inst169']/div'. Please recheck the objects properties to make sure the desired element is located. 

2022-01-16 22:21:09 - [MESSAGE][WARNING] - [SELF-HEALING] Failed to find element with id 'Object Repository/Page_Dashboard/div_Online users                    1 onlin_84bdab'. Try using Self-healing.

2022-01-16 22:21:10 - [MESSAGE][WARNING] - [SELF-HEALING] The current locator of test object 'Object Repository/Page_Dashboard/div_Online users                    1 onlin_84bdab' was broken. Propose an alternative one: '(.//*[normalize-space(text()) and normalize-space(.)='Skip Online users'])[1]/following::div[1]'.

2022-01-16 22:21:10 - [MESSAGE][PASSED] - Object 'Object Repository/Page_Dashboard/div_Online users                    1 onlin_84bdab' is visible

2022-01-16 22:21:10 - [TEST_STEP][PASSED] - verifyElementText(findTestObject("Object Repository/Page_Dashboard/a_Nguyen Minh Thu"), "Nguyen Minh Thu"): Actual text and expected text of test object 'Object Repository/Page_Dashboard/a_Nguyen Minh Thu' are matched.

2022-01-16 22:21:41 - [MESSAGE][INFO] - Unable to find the element located by 'By.xpath: //section[@id='inst169']/div/div/ul/li/div/a'. Please recheck the objects properties to make sure the desired element is located. 

2022-01-16 22:21:41 - [MESSAGE][WARNING] - [SELF-HEALING] Failed to find element with id 'Object Repository/Page_Dashboard/a_Nguyen Minh Thu'. Try using Self-healing.

2022-01-16 22:21:41 - [MESSAGE][WARNING] - [SELF-HEALING] The current locator of test object 'Object Repository/Page_Dashboard/a_Nguyen Minh Thu' was broken. Propose an alternative one: '//a[contains(text(),'Nguyen Minh Thu')]'.

2022-01-16 22:21:41 - [MESSAGE][PASSED] - Actual text and expected text of test object 'Object Repository/Page_Dashboard/a_Nguyen Minh Thu' are matched.

2022-01-16 22:21:41 - [TEST_STEP][PASSED] - click(findTestObject("Object Repository/Page_Dashboard/a_Nguyen Minh Thu")): Object: 'Object Repository/Page_Dashboard/a_Nguyen Minh Thu' is clicked on

2022-01-16 22:22:12 - [MESSAGE][INFO] - Unable to find the element located by 'By.xpath: //section[@id='inst169']/div/div/ul/li/div/a'. Please recheck the objects properties to make sure the desired element is located. 

2022-01-16 22:22:12 - [MESSAGE][WARNING] - [SELF-HEALING] Failed to find element with id 'Object Repository/Page_Dashboard/a_Nguyen Minh Thu'. Try using Self-healing.

2022-01-16 22:22:13 - [MESSAGE][WARNING] - [SELF-HEALING] The current locator of test object 'Object Repository/Page_Dashboard/a_Nguyen Minh Thu' was broken. Propose an alternative one: '//a[contains(text(),'Nguyen Minh Thu')]'.

2022-01-16 22:22:13 - [MESSAGE][PASSED] - Object: 'Object Repository/Page_Dashboard/a_Nguyen Minh Thu' is clicked on

2022-01-16 22:22:13 - [TEST_STEP][PASSED] - waitForElementVisible(findTestObject("Object Repository/Page_Nguyen Minh Thu Public profile/span_Message"), 0): Object 'Object Repository/Page_Nguyen Minh Thu Public profile/span_Message' is visible

2022-01-16 22:22:13 - [MESSAGE][WARNING] - Timeout '0' is invalid. Using default page load timeout: '30'

2022-01-16 22:22:14 - [MESSAGE][PASSED] - Object 'Object Repository/Page_Nguyen Minh Thu Public profile/span_Message' is visible

2022-01-16 22:22:14 - [TEST_STEP][PASSED] - click(findTestObject("Object Repository/Page_Nguyen Minh Thu Public profile/span_Message")): Object: 'Object Repository/Page_Nguyen Minh Thu Public profile/span_Message' is clicked on

2022-01-16 22:22:14 - [MESSAGE][PASSED] - Object: 'Object Repository/Page_Nguyen Minh Thu Public profile/span_Message' is clicked on

2022-01-16 22:22:14 - [TEST_STEP][PASSED] - setText(findTestObject("Object Repository/Page_Nguyen Minh Thu Public profile/textarea_Use enter to send_yui_3_17_2_1_164_0af767"), "Hello"): Text 'Hello' is set on object 'Object Repository/Page_Nguyen Minh Thu Public profile/textarea_Use enter to send_yui_3_17_2_1_164_0af767'

2022-01-16 22:22:46 - [MESSAGE][INFO] - Unable to find the element located by 'By.xpath: //textarea[@id='yui_3_17_2_1_1642286579398_38']'. Please recheck the objects properties to make sure the desired element is located. 

2022-01-16 22:22:46 - [MESSAGE][WARNING] - [SELF-HEALING] Failed to find element with id 'Object Repository/Page_Nguyen Minh Thu Public profile/textarea_Use enter to send_yui_3_17_2_1_164_0af767'. Try using Self-healing.

2022-01-16 22:22:46 - [MESSAGE][WARNING] - [SELF-HEALING] The current locator of test object 'Object Repository/Page_Nguyen Minh Thu Public profile/textarea_Use enter to send_yui_3_17_2_1_164_0af767' was broken. Propose an alternative one: '//textarea'.

2022-01-16 22:23:17 - [MESSAGE][INFO] - Unable to find the element located by 'By.xpath: //textarea[@id='yui_3_17_2_1_1642286579398_38']'. Please recheck the objects properties to make sure the desired element is located. 

2022-01-16 22:23:17 - [MESSAGE][WARNING] - [SELF-HEALING] Failed to find element with id 'Object Repository/Page_Nguyen Minh Thu Public profile/textarea_Use enter to send_yui_3_17_2_1_164_0af767'. Try using Self-healing.

2022-01-16 22:23:17 - [MESSAGE][WARNING] - [SELF-HEALING] The current locator of test object 'Object Repository/Page_Nguyen Minh Thu Public profile/textarea_Use enter to send_yui_3_17_2_1_164_0af767' was broken. Propose an alternative one: '//textarea'.

2022-01-16 22:23:17 - [MESSAGE][PASSED] - Text 'Hello' is set on object 'Object Repository/Page_Nguyen Minh Thu Public profile/textarea_Use enter to send_yui_3_17_2_1_164_0af767'

2022-01-16 22:23:17 - [TEST_STEP][PASSED] - click(findTestObject("Object Repository/Page_Nguyen Minh Thu Public profile/i__icon fa fa-paper-plane fa-fw")): Object: 'Object Repository/Page_Nguyen Minh Thu Public profile/i__icon fa fa-paper-plane fa-fw' is clicked on

2022-01-16 22:23:48 - [MESSAGE][INFO] - Unable to find the element located by 'By.xpath: //div[@id='yui_3_17_2_1_1642286579398_39']/div/button[2]/span/i'. Please recheck the objects properties to make sure the desired element is located. 

2022-01-16 22:23:48 - [MESSAGE][WARNING] - [SELF-HEALING] Failed to find element with id 'Object Repository/Page_Nguyen Minh Thu Public profile/i__icon fa fa-paper-plane fa-fw'. Try using Self-healing.

2022-01-16 22:23:49 - [MESSAGE][WARNING] - [SELF-HEALING] The current locator of test object 'Object Repository/Page_Nguyen Minh Thu Public profile/i__icon fa fa-paper-plane fa-fw' was broken. Propose an alternative one: '//button[2]/span/i'.

2022-01-16 22:23:49 - [MESSAGE][PASSED] - Object: 'Object Repository/Page_Nguyen Minh Thu Public profile/i__icon fa fa-paper-plane fa-fw' is clicked on

2022-01-16 22:23:49 - [TEST_STEP][PASSED] - closeBrowser(): Browser is closed

2022-01-16 22:23:50 - [MESSAGE][PASSED] - Browser is closed]]></system-out>
         <system-err><![CDATA[]]></system-err>
      </testcase>
      <testcase name="Test Cases/test case 35" time="116.797" classname="Test Cases/test case 35" status="FAILED">
         <failure type="FAILED" message="Test Cases/test case 35 FAILED.
Reason:
com.kms.katalon.core.exception.StepFailedException: Unable to set text 'Quach Minh Khoi' of object 'Object Repository/Page_IntroCS Participants/input_Keyword_form_autocomplete_input-16422_b4d395'
	at com.kms.katalon.core.webui.keyword.internal.WebUIKeywordMain.stepFailed(WebUIKeywordMain.groovy:64)
	at com.kms.katalon.core.webui.keyword.internal.WebUIKeywordMain.runKeyword(WebUIKeywordMain.groovy:26)
	at com.kms.katalon.core.webui.keyword.builtin.SetTextKeyword.setText(SetTextKeyword.groovy:66)
	at com.kms.katalon.core.webui.keyword.builtin.SetTextKeyword.execute(SetTextKeyword.groovy:37)
	at com.kms.katalon.core.keyword.internal.KeywordExecutor.executeKeywordForPlatform(KeywordExecutor.groovy:74)
	at com.kms.katalon.core.webui.keyword.WebUiBuiltInKeywords.setText(WebUiBuiltInKeywords.groovy:980)
	at com.kms.katalon.core.webui.keyword.WebUiBuiltInKeywords$setText$2.call(Unknown Source)
	at test case 35.run(test case 35:49)
	at com.kms.katalon.core.main.ScriptEngine.run(ScriptEngine.java:194)
	at com.kms.katalon.core.main.ScriptEngine.runScriptAsRawText(ScriptEngine.java:119)
	at com.kms.katalon.core.main.TestCaseExecutor.runScript(TestCaseExecutor.java:442)
	at com.kms.katalon.core.main.TestCaseExecutor.doExecute(TestCaseExecutor.java:433)
	at com.kms.katalon.core.main.TestCaseExecutor.processExecutionPhase(TestCaseExecutor.java:412)
	at com.kms.katalon.core.main.TestCaseExecutor.accessMainPhase(TestCaseExecutor.java:404)
	at com.kms.katalon.core.main.TestCaseExecutor.execute(TestCaseExecutor.java:281)
	at com.kms.katalon.core.main.TestSuiteExecutor.accessTestCaseMainPhase(TestSuiteExecutor.java:202)
	at com.kms.katalon.core.main.TestSuiteExecutor.accessTestSuiteMainPhase(TestSuiteExecutor.java:164)
	at com.kms.katalon.core.main.TestSuiteExecutor.execute(TestSuiteExecutor.java:105)
	at com.kms.katalon.core.main.TestCaseMain.startTestSuite(TestCaseMain.java:181)
	at com.kms.katalon.core.main.TestCaseMain$startTestSuite$0.call(Unknown Source)
	at TempTestSuite1642341898122.run(TempTestSuite1642341898122.groovy:36)
Caused by: org.openqa.selenium.InvalidElementStateException: invalid element state
  (Session info: chrome=97.0.4692.71)
Build info: version: '3.141.59', revision: 'e82be7d358', time: '2018-11-14T08:25:53'
System info: host: 'DESKTOP-5AUJFCN', ip: '192.168.1.8', os.name: 'Windows 10', os.arch: 'amd64', os.version: '10.0', java.version: '1.8.0_282'
Driver info: com.kms.katalon.selenium.driver.CChromeDriver
Capabilities {acceptInsecureCerts: false, browserName: chrome, browserVersion: 97.0.4692.71, chrome: {chromedriverVersion: 97.0.4692.71 (adefa7837d02a..., userDataDir: C:\Users\LENOVO\AppData\Loc...}, goog:chromeOptions: {debuggerAddress: localhost:65166}, javascriptEnabled: true, networkConnectionEnabled: false, pageLoadStrategy: normal, platform: WINDOWS, platformName: WINDOWS, proxy: Proxy(), setWindowRect: true, strictFileInteractability: false, timeouts: {implicit: 0, pageLoad: 300000, script: 30000}, unhandledPromptBehavior: dismiss and notify, webauthn:extension:credBlob: true, webauthn:extension:largeBlob: true, webauthn:virtualAuthenticators: true}
Session ID: e65f2c073b178d00b3e3ffeae334ba3a
	at org.openqa.selenium.remote.http.W3CHttpResponseCodec.createException(W3CHttpResponseCodec.java:187)
	at org.openqa.selenium.remote.http.W3CHttpResponseCodec.decode(W3CHttpResponseCodec.java:122)
	at org.openqa.selenium.remote.http.W3CHttpResponseCodec.decode(W3CHttpResponseCodec.java:49)
	at org.openqa.selenium.remote.HttpCommandExecutor.execute(HttpCommandExecutor.java:158)
	at org.openqa.selenium.remote.service.DriverCommandExecutor.execute(DriverCommandExecutor.java:83)
	at org.openqa.selenium.remote.RemoteWebDriver.execute(RemoteWebDriver.java:552)
	at com.kms.katalon.selenium.driver.CChromeDriver.execute(CChromeDriver.java:19)
	at org.openqa.selenium.remote.RemoteWebElement.execute(RemoteWebElement.java:285)
	at org.openqa.selenium.remote.RemoteWebElement.clear(RemoteWebElement.java:124)
	at org.openqa.selenium.support.events.EventFiringWebDriver$EventFiringWebElement.lambda$new$0(EventFiringWebDriver.java:404)
	at com.sun.proxy.$Proxy11.clear(Unknown Source)
	at org.openqa.selenium.support.events.EventFiringWebDriver$EventFiringWebElement.clear(EventFiringWebDriver.java:436)
	at com.kms.katalon.core.webui.keyword.builtin.SetTextKeyword$_setText_closure1.doCall(SetTextKeyword.groovy:53)
	at com.kms.katalon.core.webui.keyword.builtin.SetTextKeyword$_setText_closure1.call(SetTextKeyword.groovy)
	at com.kms.katalon.core.webui.keyword.internal.WebUIKeywordMain.runKeyword(WebUIKeywordMain.groovy:20)
	... 19 more
"/>
         <system-out><![CDATA[2022-01-16 22:23:50 - [TEST_CASE][FAILED] - Test Cases/test case 35: Test Cases/test case 35 FAILED.
Reason:
com.kms.katalon.core.exception.StepFailedException: Unable to set text 'Quach Minh Khoi' of object 'Object Repository/Page_IntroCS Participants/input_Keyword_form_autocomplete_input-16422_b4d395'
	at com.kms.katalon.core.webui.keyword.internal.WebUIKeywordMain.stepFailed(WebUIKeywordMain.groovy:64)
	at com.kms.katalon.core.webui.keyword.internal.WebUIKeywordMain.runKeyword(WebUIKeywordMain.groovy:26)
	at com.kms.katalon.core.webui.keyword.builtin.SetTextKeyword.setText(SetTextKeyword.groovy:66)
	at com.kms.katalon.core.webui.keyword.builtin.SetTextKeyword.execute(SetTextKeyword.groovy:37)
	at com.kms.katalon.core.keyword.internal.KeywordExecutor.executeKeywordForPlatform(KeywordExecutor.groovy:74)
	at com.kms.katalon.core.webui.keyword.WebUiBuiltInKeywords.setText(WebUiBuiltInKeywords.groovy:980)
	at com.kms.katalon.core.webui.keyword.WebUiBuiltInKeywords$setText$2.call(Unknown Source)
	at test case 35.run(test case 35:49)
	at com.kms.katalon.core.main.ScriptEngine.run(ScriptEngine.java:194)
	at com.kms.katalon.core.main.ScriptEngine.runScriptAsRawText(ScriptEngine.java:119)
	at com.kms.katalon.core.main.TestCaseExecutor.runScript(TestCaseExecutor.java:442)
	at com.kms.katalon.core.main.TestCaseExecutor.doExecute(TestCaseExecutor.java:433)
	at com.kms.katalon.core.main.TestCaseExecutor.processExecutionPhase(TestCaseExecutor.java:412)
	at com.kms.katalon.core.main.TestCaseExecutor.accessMainPhase(TestCaseExecutor.java:404)
	at com.kms.katalon.core.main.TestCaseExecutor.execute(TestCaseExecutor.java:281)
	at com.kms.katalon.core.main.TestSuiteExecutor.accessTestCaseMainPhase(TestSuiteExecutor.java:202)
	at com.kms.katalon.core.main.TestSuiteExecutor.accessTestSuiteMainPhase(TestSuiteExecutor.java:164)
	at com.kms.katalon.core.main.TestSuiteExecutor.execute(TestSuiteExecutor.java:105)
	at com.kms.katalon.core.main.TestCaseMain.startTestSuite(TestCaseMain.java:181)
	at com.kms.katalon.core.main.TestCaseMain$startTestSuite$0.call(Unknown Source)
	at TempTestSuite1642341898122.run(TempTestSuite1642341898122.groovy:36)
Caused by: org.openqa.selenium.InvalidElementStateException: invalid element state
  (Session info: chrome=97.0.4692.71)
Build info: version: '3.141.59', revision: 'e82be7d358', time: '2018-11-14T08:25:53'
System info: host: 'DESKTOP-5AUJFCN', ip: '192.168.1.8', os.name: 'Windows 10', os.arch: 'amd64', os.version: '10.0', java.version: '1.8.0_282'
Driver info: com.kms.katalon.selenium.driver.CChromeDriver
Capabilities {acceptInsecureCerts: false, browserName: chrome, browserVersion: 97.0.4692.71, chrome: {chromedriverVersion: 97.0.4692.71 (adefa7837d02a..., userDataDir: C:\Users\LENOVO\AppData\Loc...}, goog:chromeOptions: {debuggerAddress: localhost:65166}, javascriptEnabled: true, networkConnectionEnabled: false, pageLoadStrategy: normal, platform: WINDOWS, platformName: WINDOWS, proxy: Proxy(), setWindowRect: true, strictFileInteractability: false, timeouts: {implicit: 0, pageLoad: 300000, script: 30000}, unhandledPromptBehavior: dismiss and notify, webauthn:extension:credBlob: true, webauthn:extension:largeBlob: true, webauthn:virtualAuthenticators: true}
Session ID: e65f2c073b178d00b3e3ffeae334ba3a
	at org.openqa.selenium.remote.http.W3CHttpResponseCodec.createException(W3CHttpResponseCodec.java:187)
	at org.openqa.selenium.remote.http.W3CHttpResponseCodec.decode(W3CHttpResponseCodec.java:122)
	at org.openqa.selenium.remote.http.W3CHttpResponseCodec.decode(W3CHttpResponseCodec.java:49)
	at org.openqa.selenium.remote.HttpCommandExecutor.execute(HttpCommandExecutor.java:158)
	at org.openqa.selenium.remote.service.DriverCommandExecutor.execute(DriverCommandExecutor.java:83)
	at org.openqa.selenium.remote.RemoteWebDriver.execute(RemoteWebDriver.java:552)
	at com.kms.katalon.selenium.driver.CChromeDriver.execute(CChromeDriver.java:19)
	at org.openqa.selenium.remote.RemoteWebElement.execute(RemoteWebElement.java:285)
	at org.openqa.selenium.remote.RemoteWebElement.clear(RemoteWebElement.java:124)
	at org.openqa.selenium.support.events.EventFiringWebDriver$EventFiringWebElement.lambda$new$0(EventFiringWebDriver.java:404)
	at com.sun.proxy.$Proxy11.clear(Unknown Source)
	at org.openqa.selenium.support.events.EventFiringWebDriver$EventFiringWebElement.clear(EventFiringWebDriver.java:436)
	at com.kms.katalon.core.webui.keyword.builtin.SetTextKeyword$_setText_closure1.doCall(SetTextKeyword.groovy:53)
	at com.kms.katalon.core.webui.keyword.builtin.SetTextKeyword$_setText_closure1.call(SetTextKeyword.groovy)
	at com.kms.katalon.core.webui.keyword.internal.WebUIKeywordMain.runKeyword(WebUIKeywordMain.groovy:20)
	... 19 more


2022-01-16 22:23:50 - [TEST_STEP][PASSED] - openBrowser(""): Browser is opened with url: ''

2022-01-16 22:23:50 - [MESSAGE][INFO] - Starting 'Chrome' driver

2022-01-16 22:23:50 - [MESSAGE][INFO] - Action delay is set to 0 milliseconds

2022-01-16 22:23:51 - [MESSAGE][PASSED] - Browser is opened with url: ''

2022-01-16 22:23:51 - [TEST_STEP][PASSED] - navigateToUrl("http://localhost/"): Navigate to 'http://localhost/' successfully

2022-01-16 22:23:52 - [MESSAGE][PASSED] - Navigate to 'http://localhost/' successfully

2022-01-16 22:23:52 - [TEST_STEP][PASSED] - click(findTestObject("Object Repository/Page_Moodle/a_Log in")): Object: 'Object Repository/Page_Moodle/a_Log in' is clicked on

2022-01-16 22:23:53 - [MESSAGE][PASSED] - Object: 'Object Repository/Page_Moodle/a_Log in' is clicked on

2022-01-16 22:23:53 - [TEST_STEP][PASSED] - doubleClick(findTestObject("Object Repository/Page_Moodle Log in to the site/input_Username_username")): Object: 'Object Repository/Page_Moodle Log in to the site/input_Username_username' is double clicked on

2022-01-16 22:23:54 - [MESSAGE][PASSED] - Object: 'Object Repository/Page_Moodle Log in to the site/input_Username_username' is double clicked on

2022-01-16 22:23:54 - [TEST_STEP][PASSED] - setText(findTestObject("Object Repository/Page_Moodle Log in to the site/input_Username_username"), "nmthu"): Text 'nmthu' is set on object 'Object Repository/Page_Moodle Log in to the site/input_Username_username'

2022-01-16 22:23:54 - [MESSAGE][PASSED] - Text 'nmthu' is set on object 'Object Repository/Page_Moodle Log in to the site/input_Username_username'

2022-01-16 22:23:54 - [TEST_STEP][PASSED] - setEncryptedText(findTestObject("Object Repository/Page_Moodle Log in to the site/input_Password_password"), "zm/yZ1suVYniggK+4Jo9ew=="): Text ****** has been set on object 'Object Repository/Page_Moodle Log in to the site/input_Password_password'

2022-01-16 22:23:55 - [MESSAGE][PASSED] - Text ****** has been set on object 'Object Repository/Page_Moodle Log in to the site/input_Password_password'

2022-01-16 22:23:55 - [TEST_STEP][PASSED] - click(findTestObject("Object Repository/Page_Moodle Log in to the site/button_Log in")): Object: 'Object Repository/Page_Moodle Log in to the site/button_Log in' is clicked on

2022-01-16 22:23:56 - [MESSAGE][PASSED] - Object: 'Object Repository/Page_Moodle Log in to the site/button_Log in' is clicked on

2022-01-16 22:23:56 - [TEST_STEP][PASSED] - verifyElementText(findTestObject("Object Repository/Page_Dashboard/span_IntroCS"), "IntroCS"): Actual text and expected text of test object 'Object Repository/Page_Dashboard/span_IntroCS' are matched.

2022-01-16 22:23:58 - [MESSAGE][PASSED] - Actual text and expected text of test object 'Object Repository/Page_Dashboard/span_IntroCS' are matched.

2022-01-16 22:23:58 - [TEST_STEP][PASSED] - click(findTestObject("Object Repository/Page_Dashboard/span_IntroCS")): Object: 'Object Repository/Page_Dashboard/span_IntroCS' is clicked on

2022-01-16 22:23:59 - [MESSAGE][PASSED] - Object: 'Object Repository/Page_Dashboard/span_IntroCS' is clicked on

2022-01-16 22:23:59 - [TEST_STEP][PASSED] - verifyElementText(findTestObject("Object Repository/Page_Course Introduction to Computer Science/span_Participants"), "Participants"): Actual text and expected text of test object 'Object Repository/Page_Course Introduction to Computer Science/span_Participants' are matched.

2022-01-16 22:23:59 - [MESSAGE][PASSED] - Actual text and expected text of test object 'Object Repository/Page_Course Introduction to Computer Science/span_Participants' are matched.

2022-01-16 22:23:59 - [TEST_STEP][PASSED] - click(findTestObject("Object Repository/Page_Course Introduction to Computer Science/span_Participants")): Object: 'Object Repository/Page_Course Introduction to Computer Science/span_Participants' is clicked on

2022-01-16 22:24:00 - [MESSAGE][PASSED] - Object: 'Object Repository/Page_Course Introduction to Computer Science/span_Participants' is clicked on

2022-01-16 22:24:00 - [TEST_STEP][PASSED] - waitForElementVisible(findTestObject("Object Repository/Page_IntroCS Participants/select_Select                        Keywor_5ec06e"), 0): Object 'Object Repository/Page_IntroCS Participants/select_Select                        Keywor_5ec06e' is visible

2022-01-16 22:24:00 - [MESSAGE][WARNING] - Timeout '0' is invalid. Using default page load timeout: '30'

2022-01-16 22:24:32 - [MESSAGE][INFO] - Unable to find the element located by 'By.xpath: //select[@id='core_user-local-participantsfilter-filterrow-filtertype-61e2d22d9e97461e2d22d8e5d113']'. Please recheck the objects properties to make sure the desired element is located. 

2022-01-16 22:24:32 - [MESSAGE][WARNING] - [SELF-HEALING] Failed to find element with id 'Object Repository/Page_IntroCS Participants/select_Select                        Keywor_5ec06e'. Try using Self-healing.

2022-01-16 22:24:34 - [MESSAGE][WARNING] - [SELF-HEALING] The current locator of test object 'Object Repository/Page_IntroCS Participants/select_Select                        Keywor_5ec06e' was broken. Propose an alternative one: '(.//*[normalize-space(text()) and normalize-space(.)='Filter type'])[1]/following::select[1]'.

2022-01-16 22:24:34 - [MESSAGE][PASSED] - Object 'Object Repository/Page_IntroCS Participants/select_Select                        Keywor_5ec06e' is visible

2022-01-16 22:24:34 - [TEST_STEP][PASSED] - selectOptionByValue(findTestObject("Object Repository/Page_IntroCS Participants/select_Select                        Keywor_5ec06e"), "keywords", true): All options with value 'keywords' are selected in object 'Object Repository/Page_IntroCS Participants/select_Select                        Keywor_5ec06e'  using regular expression

2022-01-16 22:25:06 - [MESSAGE][INFO] - Unable to find the element located by 'By.xpath: //select[@id='core_user-local-participantsfilter-filterrow-filtertype-61e2d22d9e97461e2d22d8e5d113']'. Please recheck the objects properties to make sure the desired element is located. 

2022-01-16 22:25:06 - [MESSAGE][WARNING] - [SELF-HEALING] Failed to find element with id 'Object Repository/Page_IntroCS Participants/select_Select                        Keywor_5ec06e'. Try using Self-healing.

2022-01-16 22:25:08 - [MESSAGE][WARNING] - [SELF-HEALING] The current locator of test object 'Object Repository/Page_IntroCS Participants/select_Select                        Keywor_5ec06e' was broken. Propose an alternative one: '(.//*[normalize-space(text()) and normalize-space(.)='Filter type'])[1]/following::select[1]'.

2022-01-16 22:25:12 - [MESSAGE][PASSED] - All options with value 'keywords' are selected in object 'Object Repository/Page_IntroCS Participants/select_Select                        Keywor_5ec06e'  using regular expression

2022-01-16 22:25:12 - [TEST_STEP][FAILED] - setText(findTestObject("Object Repository/Page_IntroCS Participants/input_Keyword_form_autocomplete_input-16422_b4d395"), "Quach Minh Khoi"): Unable to set text 'Quach Minh Khoi' of object 'Object Repository/Page_IntroCS Participants/input_Keyword_form_autocomplete_input-16422_b4d395' (Root cause: com.kms.katalon.core.exception.StepFailedException: Unable to set text 'Quach Minh Khoi' of object 'Object Repository/Page_IntroCS Participants/input_Keyword_form_autocomplete_input-16422_b4d395'
	at com.kms.katalon.core.webui.keyword.internal.WebUIKeywordMain.stepFailed(WebUIKeywordMain.groovy:64)
	at com.kms.katalon.core.webui.keyword.internal.WebUIKeywordMain.runKeyword(WebUIKeywordMain.groovy:26)
	at com.kms.katalon.core.webui.keyword.builtin.SetTextKeyword.setText(SetTextKeyword.groovy:66)
	at com.kms.katalon.core.webui.keyword.builtin.SetTextKeyword.execute(SetTextKeyword.groovy:37)
	at com.kms.katalon.core.keyword.internal.KeywordExecutor.executeKeywordForPlatform(KeywordExecutor.groovy:74)
	at com.kms.katalon.core.webui.keyword.WebUiBuiltInKeywords.setText(WebUiBuiltInKeywords.groovy:980)
	at com.kms.katalon.core.webui.keyword.WebUiBuiltInKeywords$setText$2.call(Unknown Source)
	at test case 35.run(test case 35:49)
	at com.kms.katalon.core.main.ScriptEngine.run(ScriptEngine.java:194)
	at com.kms.katalon.core.main.ScriptEngine.runScriptAsRawText(ScriptEngine.java:119)
	at com.kms.katalon.core.main.TestCaseExecutor.runScript(TestCaseExecutor.java:442)
	at com.kms.katalon.core.main.TestCaseExecutor.doExecute(TestCaseExecutor.java:433)
	at com.kms.katalon.core.main.TestCaseExecutor.processExecutionPhase(TestCaseExecutor.java:412)
	at com.kms.katalon.core.main.TestCaseExecutor.accessMainPhase(TestCaseExecutor.java:404)
	at com.kms.katalon.core.main.TestCaseExecutor.execute(TestCaseExecutor.java:281)
	at com.kms.katalon.core.main.TestSuiteExecutor.accessTestCaseMainPhase(TestSuiteExecutor.java:202)
	at com.kms.katalon.core.main.TestSuiteExecutor.accessTestSuiteMainPhase(TestSuiteExecutor.java:164)
	at com.kms.katalon.core.main.TestSuiteExecutor.execute(TestSuiteExecutor.java:105)
	at com.kms.katalon.core.main.TestCaseMain.startTestSuite(TestCaseMain.java:181)
	at com.kms.katalon.core.main.TestCaseMain$startTestSuite$0.call(Unknown Source)
	at TempTestSuite1642341898122.run(TempTestSuite1642341898122.groovy:36)
Caused by: org.openqa.selenium.InvalidElementStateException: invalid element state
  (Session info: chrome=97.0.4692.71)
Build info: version: '3.141.59', revision: 'e82be7d358', time: '2018-11-14T08:25:53'
System info: host: 'DESKTOP-5AUJFCN', ip: '192.168.1.8', os.name: 'Windows 10', os.arch: 'amd64', os.version: '10.0', java.version: '1.8.0_282'
Driver info: com.kms.katalon.selenium.driver.CChromeDriver
Capabilities {acceptInsecureCerts: false, browserName: chrome, browserVersion: 97.0.4692.71, chrome: {chromedriverVersion: 97.0.4692.71 (adefa7837d02a..., userDataDir: C:\Users\LENOVO\AppData\Loc...}, goog:chromeOptions: {debuggerAddress: localhost:65166}, javascriptEnabled: true, networkConnectionEnabled: false, pageLoadStrategy: normal, platform: WINDOWS, platformName: WINDOWS, proxy: Proxy(), setWindowRect: true, strictFileInteractability: false, timeouts: {implicit: 0, pageLoad: 300000, script: 30000}, unhandledPromptBehavior: dismiss and notify, webauthn:extension:credBlob: true, webauthn:extension:largeBlob: true, webauthn:virtualAuthenticators: true}
Session ID: e65f2c073b178d00b3e3ffeae334ba3a
	at org.openqa.selenium.remote.http.W3CHttpResponseCodec.createException(W3CHttpResponseCodec.java:187)
	at org.openqa.selenium.remote.http.W3CHttpResponseCodec.decode(W3CHttpResponseCodec.java:122)
	at org.openqa.selenium.remote.http.W3CHttpResponseCodec.decode(W3CHttpResponseCodec.java:49)
	at org.openqa.selenium.remote.HttpCommandExecutor.execute(HttpCommandExecutor.java:158)
	at org.openqa.selenium.remote.service.DriverCommandExecutor.execute(DriverCommandExecutor.java:83)
	at org.openqa.selenium.remote.RemoteWebDriver.execute(RemoteWebDriver.java:552)
	at com.kms.katalon.selenium.driver.CChromeDriver.execute(CChromeDriver.java:19)
	at org.openqa.selenium.remote.RemoteWebElement.execute(RemoteWebElement.java:285)
	at org.openqa.selenium.remote.RemoteWebElement.clear(RemoteWebElement.java:124)
	at org.openqa.selenium.support.events.EventFiringWebDriver$EventFiringWebElement.lambda$new$0(EventFiringWebDriver.java:404)
	at com.sun.proxy.$Proxy11.clear(Unknown Source)
	at org.openqa.selenium.support.events.EventFiringWebDriver$EventFiringWebElement.clear(EventFiringWebDriver.java:436)
	at com.kms.katalon.core.webui.keyword.builtin.SetTextKeyword$_setText_closure1.doCall(SetTextKeyword.groovy:53)
	at com.kms.katalon.core.webui.keyword.builtin.SetTextKeyword$_setText_closure1.call(SetTextKeyword.groovy)
	at com.kms.katalon.core.webui.keyword.internal.WebUIKeywordMain.runKeyword(WebUIKeywordMain.groovy:20)
	at com.kms.katalon.core.webui.keyword.builtin.SetTextKeyword.setText(SetTextKeyword.groovy:66)
	at com.kms.katalon.core.webui.keyword.builtin.SetTextKeyword.execute(SetTextKeyword.groovy:37)
	at com.kms.katalon.core.keyword.internal.KeywordExecutor.executeKeywordForPlatform(KeywordExecutor.groovy:74)
	at com.kms.katalon.core.webui.keyword.WebUiBuiltInKeywords.setText(WebUiBuiltInKeywords.groovy:980)
	at com.kms.katalon.core.webui.keyword.WebUiBuiltInKeywords$setText$2.call(Unknown Source)
	at Script1642164872185.run(Script1642164872185.groovy:49)
	... 13 more
)

2022-01-16 22:25:44 - [MESSAGE][INFO] - Unable to find the element located by 'By.xpath: //input[@id='form_autocomplete_input-1642254329788']'. Please recheck the objects properties to make sure the desired element is located. 

2022-01-16 22:25:44 - [MESSAGE][WARNING] - [SELF-HEALING] Failed to find element with id 'Object Repository/Page_IntroCS Participants/input_Keyword_form_autocomplete_input-16422_b4d395'. Try using Self-healing.

2022-01-16 22:25:46 - [MESSAGE][WARNING] - [SELF-HEALING] The current locator of test object 'Object Repository/Page_IntroCS Participants/input_Keyword_form_autocomplete_input-16422_b4d395' was broken. Propose an alternative one: '//input'.

2022-01-16 22:25:46 - [MESSAGE][FAILED] - Unable to set text 'Quach Minh Khoi' of object 'Object Repository/Page_IntroCS Participants/input_Keyword_form_autocomplete_input-16422_b4d395' (Root cause: com.kms.katalon.core.exception.StepFailedException: Unable to set text 'Quach Minh Khoi' of object 'Object Repository/Page_IntroCS Participants/input_Keyword_form_autocomplete_input-16422_b4d395'
	at com.kms.katalon.core.webui.keyword.internal.WebUIKeywordMain.stepFailed(WebUIKeywordMain.groovy:64)
	at com.kms.katalon.core.webui.keyword.internal.WebUIKeywordMain.runKeyword(WebUIKeywordMain.groovy:26)
	at com.kms.katalon.core.webui.keyword.builtin.SetTextKeyword.setText(SetTextKeyword.groovy:66)
	at com.kms.katalon.core.webui.keyword.builtin.SetTextKeyword.execute(SetTextKeyword.groovy:37)
	at com.kms.katalon.core.keyword.internal.KeywordExecutor.executeKeywordForPlatform(KeywordExecutor.groovy:74)
	at com.kms.katalon.core.webui.keyword.WebUiBuiltInKeywords.setText(WebUiBuiltInKeywords.groovy:980)
	at com.kms.katalon.core.webui.keyword.WebUiBuiltInKeywords$setText$2.call(Unknown Source)
	at test case 35.run(test case 35:49)
	at com.kms.katalon.core.main.ScriptEngine.run(ScriptEngine.java:194)
	at com.kms.katalon.core.main.ScriptEngine.runScriptAsRawText(ScriptEngine.java:119)
	at com.kms.katalon.core.main.TestCaseExecutor.runScript(TestCaseExecutor.java:442)
	at com.kms.katalon.core.main.TestCaseExecutor.doExecute(TestCaseExecutor.java:433)
	at com.kms.katalon.core.main.TestCaseExecutor.processExecutionPhase(TestCaseExecutor.java:412)
	at com.kms.katalon.core.main.TestCaseExecutor.accessMainPhase(TestCaseExecutor.java:404)
	at com.kms.katalon.core.main.TestCaseExecutor.execute(TestCaseExecutor.java:281)
	at com.kms.katalon.core.main.TestSuiteExecutor.accessTestCaseMainPhase(TestSuiteExecutor.java:202)
	at com.kms.katalon.core.main.TestSuiteExecutor.accessTestSuiteMainPhase(TestSuiteExecutor.java:164)
	at com.kms.katalon.core.main.TestSuiteExecutor.execute(TestSuiteExecutor.java:105)
	at com.kms.katalon.core.main.TestCaseMain.startTestSuite(TestCaseMain.java:181)
	at com.kms.katalon.core.main.TestCaseMain$startTestSuite$0.call(Unknown Source)
	at TempTestSuite1642341898122.run(TempTestSuite1642341898122.groovy:36)
Caused by: org.openqa.selenium.InvalidElementStateException: invalid element state
  (Session info: chrome=97.0.4692.71)
Build info: version: '3.141.59', revision: 'e82be7d358', time: '2018-11-14T08:25:53'
System info: host: 'DESKTOP-5AUJFCN', ip: '192.168.1.8', os.name: 'Windows 10', os.arch: 'amd64', os.version: '10.0', java.version: '1.8.0_282'
Driver info: com.kms.katalon.selenium.driver.CChromeDriver
Capabilities {acceptInsecureCerts: false, browserName: chrome, browserVersion: 97.0.4692.71, chrome: {chromedriverVersion: 97.0.4692.71 (adefa7837d02a..., userDataDir: C:\Users\LENOVO\AppData\Loc...}, goog:chromeOptions: {debuggerAddress: localhost:65166}, javascriptEnabled: true, networkConnectionEnabled: false, pageLoadStrategy: normal, platform: WINDOWS, platformName: WINDOWS, proxy: Proxy(), setWindowRect: true, strictFileInteractability: false, timeouts: {implicit: 0, pageLoad: 300000, script: 30000}, unhandledPromptBehavior: dismiss and notify, webauthn:extension:credBlob: true, webauthn:extension:largeBlob: true, webauthn:virtualAuthenticators: true}
Session ID: e65f2c073b178d00b3e3ffeae334ba3a
	at org.openqa.selenium.remote.http.W3CHttpResponseCodec.createException(W3CHttpResponseCodec.java:187)
	at org.openqa.selenium.remote.http.W3CHttpResponseCodec.decode(W3CHttpResponseCodec.java:122)
	at org.openqa.selenium.remote.http.W3CHttpResponseCodec.decode(W3CHttpResponseCodec.java:49)
	at org.openqa.selenium.remote.HttpCommandExecutor.execute(HttpCommandExecutor.java:158)
	at org.openqa.selenium.remote.service.DriverCommandExecutor.execute(DriverCommandExecutor.java:83)
	at org.openqa.selenium.remote.RemoteWebDriver.execute(RemoteWebDriver.java:552)
	at com.kms.katalon.selenium.driver.CChromeDriver.execute(CChromeDriver.java:19)
	at org.openqa.selenium.remote.RemoteWebElement.execute(RemoteWebElement.java:285)
	at org.openqa.selenium.remote.RemoteWebElement.clear(RemoteWebElement.java:124)
	at org.openqa.selenium.support.events.EventFiringWebDriver$EventFiringWebElement.lambda$new$0(EventFiringWebDriver.java:404)
	at com.sun.proxy.$Proxy11.clear(Unknown Source)
	at org.openqa.selenium.support.events.EventFiringWebDriver$EventFiringWebElement.clear(EventFiringWebDriver.java:436)
	at com.kms.katalon.core.webui.keyword.builtin.SetTextKeyword$_setText_closure1.doCall(SetTextKeyword.groovy:53)
	at com.kms.katalon.core.webui.keyword.builtin.SetTextKeyword$_setText_closure1.call(SetTextKeyword.groovy)
	at com.kms.katalon.core.webui.keyword.internal.WebUIKeywordMain.runKeyword(WebUIKeywordMain.groovy:20)
	at com.kms.katalon.core.webui.keyword.builtin.SetTextKeyword.setText(SetTextKeyword.groovy:66)
	at com.kms.katalon.core.webui.keyword.builtin.SetTextKeyword.execute(SetTextKeyword.groovy:37)
	at com.kms.katalon.core.keyword.internal.KeywordExecutor.executeKeywordForPlatform(KeywordExecutor.groovy:74)
	at com.kms.katalon.core.webui.keyword.WebUiBuiltInKeywords.setText(WebUiBuiltInKeywords.groovy:980)
	at com.kms.katalon.core.webui.keyword.WebUiBuiltInKeywords$setText$2.call(Unknown Source)
	at Script1642164872185.run(Script1642164872185.groovy:49)
	... 13 more
)
[[ATTACHMENT|D:\\Test-Automation-SE-Bonus\\Test-Automation-SE-Bonus\\Reports\\20220116_210458\\Run all test cases\\20220116_210458\\1642346746464.png]]]]></system-out>
         <system-err><![CDATA[2022-01-16 22:23:50 - [TEST_CASE][FAILED] - Test Cases/test case 35: Test Cases/test case 35 FAILED.
Reason:
com.kms.katalon.core.exception.StepFailedException: Unable to set text 'Quach Minh Khoi' of object 'Object Repository/Page_IntroCS Participants/input_Keyword_form_autocomplete_input-16422_b4d395'
	at com.kms.katalon.core.webui.keyword.internal.WebUIKeywordMain.stepFailed(WebUIKeywordMain.groovy:64)
	at com.kms.katalon.core.webui.keyword.internal.WebUIKeywordMain.runKeyword(WebUIKeywordMain.groovy:26)
	at com.kms.katalon.core.webui.keyword.builtin.SetTextKeyword.setText(SetTextKeyword.groovy:66)
	at com.kms.katalon.core.webui.keyword.builtin.SetTextKeyword.execute(SetTextKeyword.groovy:37)
	at com.kms.katalon.core.keyword.internal.KeywordExecutor.executeKeywordForPlatform(KeywordExecutor.groovy:74)
	at com.kms.katalon.core.webui.keyword.WebUiBuiltInKeywords.setText(WebUiBuiltInKeywords.groovy:980)
	at com.kms.katalon.core.webui.keyword.WebUiBuiltInKeywords$setText$2.call(Unknown Source)
	at test case 35.run(test case 35:49)
	at com.kms.katalon.core.main.ScriptEngine.run(ScriptEngine.java:194)
	at com.kms.katalon.core.main.ScriptEngine.runScriptAsRawText(ScriptEngine.java:119)
	at com.kms.katalon.core.main.TestCaseExecutor.runScript(TestCaseExecutor.java:442)
	at com.kms.katalon.core.main.TestCaseExecutor.doExecute(TestCaseExecutor.java:433)
	at com.kms.katalon.core.main.TestCaseExecutor.processExecutionPhase(TestCaseExecutor.java:412)
	at com.kms.katalon.core.main.TestCaseExecutor.accessMainPhase(TestCaseExecutor.java:404)
	at com.kms.katalon.core.main.TestCaseExecutor.execute(TestCaseExecutor.java:281)
	at com.kms.katalon.core.main.TestSuiteExecutor.accessTestCaseMainPhase(TestSuiteExecutor.java:202)
	at com.kms.katalon.core.main.TestSuiteExecutor.accessTestSuiteMainPhase(TestSuiteExecutor.java:164)
	at com.kms.katalon.core.main.TestSuiteExecutor.execute(TestSuiteExecutor.java:105)
	at com.kms.katalon.core.main.TestCaseMain.startTestSuite(TestCaseMain.java:181)
	at com.kms.katalon.core.main.TestCaseMain$startTestSuite$0.call(Unknown Source)
	at TempTestSuite1642341898122.run(TempTestSuite1642341898122.groovy:36)
Caused by: org.openqa.selenium.InvalidElementStateException: invalid element state
  (Session info: chrome=97.0.4692.71)
Build info: version: '3.141.59', revision: 'e82be7d358', time: '2018-11-14T08:25:53'
System info: host: 'DESKTOP-5AUJFCN', ip: '192.168.1.8', os.name: 'Windows 10', os.arch: 'amd64', os.version: '10.0', java.version: '1.8.0_282'
Driver info: com.kms.katalon.selenium.driver.CChromeDriver
Capabilities {acceptInsecureCerts: false, browserName: chrome, browserVersion: 97.0.4692.71, chrome: {chromedriverVersion: 97.0.4692.71 (adefa7837d02a..., userDataDir: C:\Users\LENOVO\AppData\Loc...}, goog:chromeOptions: {debuggerAddress: localhost:65166}, javascriptEnabled: true, networkConnectionEnabled: false, pageLoadStrategy: normal, platform: WINDOWS, platformName: WINDOWS, proxy: Proxy(), setWindowRect: true, strictFileInteractability: false, timeouts: {implicit: 0, pageLoad: 300000, script: 30000}, unhandledPromptBehavior: dismiss and notify, webauthn:extension:credBlob: true, webauthn:extension:largeBlob: true, webauthn:virtualAuthenticators: true}
Session ID: e65f2c073b178d00b3e3ffeae334ba3a
	at org.openqa.selenium.remote.http.W3CHttpResponseCodec.createException(W3CHttpResponseCodec.java:187)
	at org.openqa.selenium.remote.http.W3CHttpResponseCodec.decode(W3CHttpResponseCodec.java:122)
	at org.openqa.selenium.remote.http.W3CHttpResponseCodec.decode(W3CHttpResponseCodec.java:49)
	at org.openqa.selenium.remote.HttpCommandExecutor.execute(HttpCommandExecutor.java:158)
	at org.openqa.selenium.remote.service.DriverCommandExecutor.execute(DriverCommandExecutor.java:83)
	at org.openqa.selenium.remote.RemoteWebDriver.execute(RemoteWebDriver.java:552)
	at com.kms.katalon.selenium.driver.CChromeDriver.execute(CChromeDriver.java:19)
	at org.openqa.selenium.remote.RemoteWebElement.execute(RemoteWebElement.java:285)
	at org.openqa.selenium.remote.RemoteWebElement.clear(RemoteWebElement.java:124)
	at org.openqa.selenium.support.events.EventFiringWebDriver$EventFiringWebElement.lambda$new$0(EventFiringWebDriver.java:404)
	at com.sun.proxy.$Proxy11.clear(Unknown Source)
	at org.openqa.selenium.support.events.EventFiringWebDriver$EventFiringWebElement.clear(EventFiringWebDriver.java:436)
	at com.kms.katalon.core.webui.keyword.builtin.SetTextKeyword$_setText_closure1.doCall(SetTextKeyword.groovy:53)
	at com.kms.katalon.core.webui.keyword.builtin.SetTextKeyword$_setText_closure1.call(SetTextKeyword.groovy)
	at com.kms.katalon.core.webui.keyword.internal.WebUIKeywordMain.runKeyword(WebUIKeywordMain.groovy:20)
	... 19 more]]></system-err>
      </testcase>
      <testcase name="Test Cases/test case 36" time="106.056" classname="Test Cases/test case 36" status="PASSED">
         <system-out><![CDATA[2022-01-16 22:25:46 - [TEST_CASE][PASSED] - Test Cases/test case 36: Test Cases/test case 36

2022-01-16 22:25:47 - [TEST_STEP][PASSED] - openBrowser(""): Browser is opened with url: ''

2022-01-16 22:25:47 - [MESSAGE][WARNING] - A browser is already opened. Closing browser and opening a new one

2022-01-16 22:25:47 - [MESSAGE][INFO] - Starting 'Chrome' driver

2022-01-16 22:25:47 - [MESSAGE][INFO] - Action delay is set to 0 milliseconds

2022-01-16 22:25:49 - [MESSAGE][PASSED] - Browser is opened with url: ''

2022-01-16 22:25:49 - [TEST_STEP][PASSED] - navigateToUrl("http://localhost/"): Navigate to 'http://localhost/' successfully

2022-01-16 22:25:50 - [MESSAGE][PASSED] - Navigate to 'http://localhost/' successfully

2022-01-16 22:25:50 - [TEST_STEP][PASSED] - click(findTestObject("Object Repository/Page_Moodle/a_Log in")): Object: 'Object Repository/Page_Moodle/a_Log in' is clicked on

2022-01-16 22:25:51 - [MESSAGE][PASSED] - Object: 'Object Repository/Page_Moodle/a_Log in' is clicked on

2022-01-16 22:25:51 - [TEST_STEP][PASSED] - setText(findTestObject("Object Repository/Page_Moodle Log in to the site/input_Username_username"), "nmthu"): Text 'nmthu' is set on object 'Object Repository/Page_Moodle Log in to the site/input_Username_username'

2022-01-16 22:25:51 - [MESSAGE][PASSED] - Text 'nmthu' is set on object 'Object Repository/Page_Moodle Log in to the site/input_Username_username'

2022-01-16 22:25:51 - [TEST_STEP][PASSED] - setEncryptedText(findTestObject("Object Repository/Page_Moodle Log in to the site/input_Password_password"), "zm/yZ1suVYniggK+4Jo9ew=="): Text ****** has been set on object 'Object Repository/Page_Moodle Log in to the site/input_Password_password'

2022-01-16 22:25:52 - [MESSAGE][PASSED] - Text ****** has been set on object 'Object Repository/Page_Moodle Log in to the site/input_Password_password'

2022-01-16 22:25:52 - [TEST_STEP][PASSED] - click(findTestObject("Object Repository/Page_Moodle Log in to the site/button_Log in")): Object: 'Object Repository/Page_Moodle Log in to the site/button_Log in' is clicked on

2022-01-16 22:25:53 - [MESSAGE][PASSED] - Object: 'Object Repository/Page_Moodle Log in to the site/button_Log in' is clicked on

2022-01-16 22:25:53 - [TEST_STEP][PASSED] - verifyElementText(findTestObject("Object Repository/Page_Dashboard/span_Site home"), "Site home"): Actual text and expected text of test object 'Object Repository/Page_Dashboard/span_Site home' are matched.

2022-01-16 22:25:55 - [MESSAGE][PASSED] - Actual text and expected text of test object 'Object Repository/Page_Dashboard/span_Site home' are matched.

2022-01-16 22:25:55 - [TEST_STEP][PASSED] - click(findTestObject("Object Repository/Page_Dashboard/span_Site home")): Object: 'Object Repository/Page_Dashboard/span_Site home' is clicked on

2022-01-16 22:25:55 - [MESSAGE][PASSED] - Object: 'Object Repository/Page_Dashboard/span_Site home' is clicked on

2022-01-16 22:25:55 - [TEST_STEP][PASSED] - click(findTestObject("Object Repository/Page_Moodle/a_Tran Minh Triet")): Object: 'Object Repository/Page_Moodle/a_Tran Minh Triet' is clicked on

2022-01-16 22:25:56 - [MESSAGE][PASSED] - Object: 'Object Repository/Page_Moodle/a_Tran Minh Triet' is clicked on

2022-01-16 22:25:56 - [TEST_STEP][PASSED] - click(findTestObject("Object Repository/Page_Tran Minh Triet Public profile/span_Message")): Object: 'Object Repository/Page_Tran Minh Triet Public profile/span_Message' is clicked on

2022-01-16 22:25:57 - [MESSAGE][PASSED] - Object: 'Object Repository/Page_Tran Minh Triet Public profile/span_Message' is clicked on

2022-01-16 22:25:57 - [TEST_STEP][PASSED] - setText(findTestObject("Object Repository/Page_Tran Minh Triet Public profile/textarea_Use enter to send_yui_3_17_2_1_164_393869"), "Hello"): Text 'Hello' is set on object 'Object Repository/Page_Tran Minh Triet Public profile/textarea_Use enter to send_yui_3_17_2_1_164_393869'

2022-01-16 22:26:29 - [MESSAGE][INFO] - Unable to find the element located by 'By.xpath: //textarea[@id='yui_3_17_2_1_1642165102142_38']'. Please recheck the objects properties to make sure the desired element is located. 

2022-01-16 22:26:29 - [MESSAGE][WARNING] - [SELF-HEALING] Failed to find element with id 'Object Repository/Page_Tran Minh Triet Public profile/textarea_Use enter to send_yui_3_17_2_1_164_393869'. Try using Self-healing.

2022-01-16 22:26:29 - [MESSAGE][WARNING] - [SELF-HEALING] The current locator of test object 'Object Repository/Page_Tran Minh Triet Public profile/textarea_Use enter to send_yui_3_17_2_1_164_393869' was broken. Propose an alternative one: '//textarea'.

2022-01-16 22:27:00 - [MESSAGE][INFO] - Unable to find the element located by 'By.xpath: //textarea[@id='yui_3_17_2_1_1642165102142_38']'. Please recheck the objects properties to make sure the desired element is located. 

2022-01-16 22:27:00 - [MESSAGE][WARNING] - [SELF-HEALING] Failed to find element with id 'Object Repository/Page_Tran Minh Triet Public profile/textarea_Use enter to send_yui_3_17_2_1_164_393869'. Try using Self-healing.

2022-01-16 22:27:00 - [MESSAGE][WARNING] - [SELF-HEALING] The current locator of test object 'Object Repository/Page_Tran Minh Triet Public profile/textarea_Use enter to send_yui_3_17_2_1_164_393869' was broken. Propose an alternative one: '//textarea'.

2022-01-16 22:27:00 - [MESSAGE][PASSED] - Text 'Hello' is set on object 'Object Repository/Page_Tran Minh Triet Public profile/textarea_Use enter to send_yui_3_17_2_1_164_393869'

2022-01-16 22:27:00 - [TEST_STEP][PASSED] - click(findTestObject("Object Repository/Page_Tran Minh Triet Public profile/button__btn btn-link btn-icon icon-size-3 m_754a09")): Object: 'Object Repository/Page_Tran Minh Triet Public profile/button__btn btn-link btn-icon icon-size-3 m_754a09' is clicked on

2022-01-16 22:27:31 - [MESSAGE][INFO] - Unable to find the element located by 'By.xpath: //div[@id='yui_3_17_2_1_1642165102142_39']/div/button[2]'. Please recheck the objects properties to make sure the desired element is located. 

2022-01-16 22:27:31 - [MESSAGE][WARNING] - [SELF-HEALING] Failed to find element with id 'Object Repository/Page_Tran Minh Triet Public profile/button__btn btn-link btn-icon icon-size-3 m_754a09'. Try using Self-healing.

2022-01-16 22:27:32 - [MESSAGE][WARNING] - [SELF-HEALING] The current locator of test object 'Object Repository/Page_Tran Minh Triet Public profile/button__btn btn-link btn-icon icon-size-3 m_754a09' was broken. Propose an alternative one: '(.//*[normalize-space(text()) and normalize-space(.)='😠'])[1]/following::button[2]'.

2022-01-16 22:27:32 - [MESSAGE][PASSED] - Object: 'Object Repository/Page_Tran Minh Triet Public profile/button__btn btn-link btn-icon icon-size-3 m_754a09' is clicked on

2022-01-16 22:27:32 - [TEST_STEP][PASSED] - closeBrowser(): Browser is closed

2022-01-16 22:27:32 - [MESSAGE][PASSED] - Browser is closed]]></system-out>
         <system-err><![CDATA[]]></system-err>
      </testcase>
      <testcase name="Test Cases/test case 37" time="208.152" classname="Test Cases/test case 37" status="PASSED">
         <system-out><![CDATA[2022-01-16 22:27:32 - [TEST_CASE][PASSED] - Test Cases/test case 37: Test Cases/test case 37

2022-01-16 22:27:33 - [TEST_STEP][PASSED] - openBrowser(""): Browser is opened with url: ''

2022-01-16 22:27:33 - [MESSAGE][INFO] - Starting 'Chrome' driver

2022-01-16 22:27:33 - [MESSAGE][INFO] - Action delay is set to 0 milliseconds

2022-01-16 22:27:34 - [MESSAGE][PASSED] - Browser is opened with url: ''

2022-01-16 22:27:34 - [TEST_STEP][PASSED] - navigateToUrl("http://localhost/"): Navigate to 'http://localhost/' successfully

2022-01-16 22:27:35 - [MESSAGE][PASSED] - Navigate to 'http://localhost/' successfully

2022-01-16 22:27:35 - [TEST_STEP][PASSED] - click(findTestObject("Object Repository/Page_Moodle/a_Log in")): Object: 'Object Repository/Page_Moodle/a_Log in' is clicked on

2022-01-16 22:27:36 - [MESSAGE][PASSED] - Object: 'Object Repository/Page_Moodle/a_Log in' is clicked on

2022-01-16 22:27:36 - [TEST_STEP][PASSED] - setText(findTestObject("Object Repository/Page_Moodle Log in to the site/input_Username_username"), "nmthu"): Text 'nmthu' is set on object 'Object Repository/Page_Moodle Log in to the site/input_Username_username'

2022-01-16 22:27:37 - [MESSAGE][PASSED] - Text 'nmthu' is set on object 'Object Repository/Page_Moodle Log in to the site/input_Username_username'

2022-01-16 22:27:37 - [TEST_STEP][PASSED] - setEncryptedText(findTestObject("Object Repository/Page_Moodle Log in to the site/input_Password_password"), "zm/yZ1suVYniggK+4Jo9ew=="): Text ****** has been set on object 'Object Repository/Page_Moodle Log in to the site/input_Password_password'

2022-01-16 22:27:37 - [MESSAGE][PASSED] - Text ****** has been set on object 'Object Repository/Page_Moodle Log in to the site/input_Password_password'

2022-01-16 22:27:37 - [TEST_STEP][PASSED] - click(findTestObject("Object Repository/Page_Moodle Log in to the site/button_Log in")): Object: 'Object Repository/Page_Moodle Log in to the site/button_Log in' is clicked on

2022-01-16 22:27:38 - [MESSAGE][PASSED] - Object: 'Object Repository/Page_Moodle Log in to the site/button_Log in' is clicked on

2022-01-16 22:27:38 - [TEST_STEP][PASSED] - verifyElementText(findTestObject("Object Repository/Page_Dashboard/span_IntroCS"), "IntroCS"): Actual text and expected text of test object 'Object Repository/Page_Dashboard/span_IntroCS' are matched.

2022-01-16 22:27:40 - [MESSAGE][PASSED] - Actual text and expected text of test object 'Object Repository/Page_Dashboard/span_IntroCS' are matched.

2022-01-16 22:27:40 - [TEST_STEP][PASSED] - click(findTestObject("Object Repository/Page_Dashboard/span_IntroCS")): Object: 'Object Repository/Page_Dashboard/span_IntroCS' is clicked on

2022-01-16 22:27:41 - [MESSAGE][PASSED] - Object: 'Object Repository/Page_Dashboard/span_IntroCS' is clicked on

2022-01-16 22:27:41 - [TEST_STEP][PASSED] - click(findTestObject("Object Repository/Page_Course Introduction to Computer Science/span_Participants")): Object: 'Object Repository/Page_Course Introduction to Computer Science/span_Participants' is clicked on

2022-01-16 22:27:41 - [MESSAGE][PASSED] - Object: 'Object Repository/Page_Course Introduction to Computer Science/span_Participants' is clicked on

2022-01-16 22:27:41 - [TEST_STEP][PASSED] - waitForElementVisible(findTestObject("Object Repository/Page_IntroCS Participants/select_Select                        Keywor_5ec06e"), 0): Object 'Object Repository/Page_IntroCS Participants/select_Select                        Keywor_5ec06e' is visible

2022-01-16 22:27:41 - [MESSAGE][WARNING] - Timeout '0' is invalid. Using default page load timeout: '30'

2022-01-16 22:28:12 - [MESSAGE][INFO] - Unable to find the element located by 'By.xpath: //select[@id='core_user-local-participantsfilter-filterrow-filtertype-61e2d22d9e97461e2d22d8e5d113']'. Please recheck the objects properties to make sure the desired element is located. 

2022-01-16 22:28:12 - [MESSAGE][WARNING] - [SELF-HEALING] Failed to find element with id 'Object Repository/Page_IntroCS Participants/select_Select                        Keywor_5ec06e'. Try using Self-healing.

2022-01-16 22:28:13 - [MESSAGE][WARNING] - [SELF-HEALING] The current locator of test object 'Object Repository/Page_IntroCS Participants/select_Select                        Keywor_5ec06e' was broken. Propose an alternative one: '(.//*[normalize-space(text()) and normalize-space(.)='Filter type'])[1]/following::select[1]'.

2022-01-16 22:28:13 - [MESSAGE][PASSED] - Object 'Object Repository/Page_IntroCS Participants/select_Select                        Keywor_5ec06e' is visible

2022-01-16 22:28:13 - [TEST_STEP][PASSED] - selectOptionByValue(findTestObject("Object Repository/Page_IntroCS Participants/select_Select                        Keywor_5ec06e"), "roles", true): All options with value 'roles' are selected in object 'Object Repository/Page_IntroCS Participants/select_Select                        Keywor_5ec06e'  using regular expression

2022-01-16 22:28:44 - [MESSAGE][INFO] - Unable to find the element located by 'By.xpath: //select[@id='core_user-local-participantsfilter-filterrow-filtertype-61e2d22d9e97461e2d22d8e5d113']'. Please recheck the objects properties to make sure the desired element is located. 

2022-01-16 22:28:44 - [MESSAGE][WARNING] - [SELF-HEALING] Failed to find element with id 'Object Repository/Page_IntroCS Participants/select_Select                        Keywor_5ec06e'. Try using Self-healing.

2022-01-16 22:28:44 - [MESSAGE][WARNING] - [SELF-HEALING] The current locator of test object 'Object Repository/Page_IntroCS Participants/select_Select                        Keywor_5ec06e' was broken. Propose an alternative one: '(.//*[normalize-space(text()) and normalize-space(.)='Filter type'])[1]/following::select[1]'.

2022-01-16 22:28:45 - [MESSAGE][PASSED] - All options with value 'roles' are selected in object 'Object Repository/Page_IntroCS Participants/select_Select                        Keywor_5ec06e'  using regular expression

2022-01-16 22:28:45 - [TEST_STEP][PASSED] - click(findTestObject("Object Repository/Page_IntroCS Participants/span_")): Object: 'Object Repository/Page_IntroCS Participants/span_' is clicked on

2022-01-16 22:29:16 - [MESSAGE][INFO] - Unable to find the element located by 'By.xpath: //span[@id='form_autocomplete_downarrow-1642254893905']'. Please recheck the objects properties to make sure the desired element is located. 

2022-01-16 22:29:16 - [MESSAGE][WARNING] - [SELF-HEALING] Failed to find element with id 'Object Repository/Page_IntroCS Participants/span_'. Try using Self-healing.

2022-01-16 22:29:16 - [MESSAGE][WARNING] - [SELF-HEALING] The current locator of test object 'Object Repository/Page_IntroCS Participants/span_' was broken. Propose an alternative one: '(.//*[normalize-space(text()) and normalize-space(.)='Roles'])[2]/following::span[1]'.

2022-01-16 22:29:16 - [MESSAGE][PASSED] - Object: 'Object Repository/Page_IntroCS Participants/span_' is clicked on

2022-01-16 22:29:16 - [TEST_STEP][PASSED] - verifyElementText(findTestObject("Object Repository/Page_IntroCS Participants/li_Teacher"), "Teacher"): Actual text and expected text of test object 'Object Repository/Page_IntroCS Participants/li_Teacher' are matched.

2022-01-16 22:29:17 - [MESSAGE][PASSED] - Actual text and expected text of test object 'Object Repository/Page_IntroCS Participants/li_Teacher' are matched.

2022-01-16 22:29:17 - [TEST_STEP][PASSED] - click(findTestObject("Object Repository/Page_IntroCS Participants/li_Teacher")): Object: 'Object Repository/Page_IntroCS Participants/li_Teacher' is clicked on

2022-01-16 22:29:18 - [MESSAGE][PASSED] - Object: 'Object Repository/Page_IntroCS Participants/li_Teacher' is clicked on

2022-01-16 22:29:18 - [TEST_STEP][PASSED] - selectOptionByValue(findTestObject("Object Repository/Page_IntroCS Participants/select_No roles                    Course c_9336fa"), "3", true): All options with value '3' are selected in object 'Object Repository/Page_IntroCS Participants/select_No roles                    Course c_9336fa'  using regular expression

2022-01-16 22:29:19 - [MESSAGE][PASSED] - All options with value '3' are selected in object 'Object Repository/Page_IntroCS Participants/select_No roles                    Course c_9336fa'  using regular expression

2022-01-16 22:29:19 - [TEST_STEP][PASSED] - selectOptionByValue(findTestObject("Object Repository/Page_IntroCS Participants/select_No roles                    Course c_9336fa"), "3", true): All options with value '3' are selected in object 'Object Repository/Page_IntroCS Participants/select_No roles                    Course c_9336fa'  using regular expression

2022-01-16 22:29:20 - [MESSAGE][PASSED] - All options with value '3' are selected in object 'Object Repository/Page_IntroCS Participants/select_No roles                    Course c_9336fa'  using regular expression

2022-01-16 22:29:20 - [TEST_STEP][PASSED] - selectOptionByValue(findTestObject("Object Repository/Page_IntroCS Participants/select_No roles                    Course c_9336fa"), "3", true): All options with value '3' are selected in object 'Object Repository/Page_IntroCS Participants/select_No roles                    Course c_9336fa'  using regular expression

2022-01-16 22:29:20 - [MESSAGE][PASSED] - All options with value '3' are selected in object 'Object Repository/Page_IntroCS Participants/select_No roles                    Course c_9336fa'  using regular expression

2022-01-16 22:29:21 - [TEST_STEP][PASSED] - selectOptionByValue(findTestObject("Object Repository/Page_IntroCS Participants/select_No roles                    Course c_9336fa"), "3", true): All options with value '3' are selected in object 'Object Repository/Page_IntroCS Participants/select_No roles                    Course c_9336fa'  using regular expression

2022-01-16 22:29:21 - [MESSAGE][PASSED] - All options with value '3' are selected in object 'Object Repository/Page_IntroCS Participants/select_No roles                    Course c_9336fa'  using regular expression

2022-01-16 22:29:21 - [TEST_STEP][PASSED] - selectOptionByValue(findTestObject("Object Repository/Page_IntroCS Participants/select_No roles                    Course c_9336fa"), "3", true): All options with value '3' are selected in object 'Object Repository/Page_IntroCS Participants/select_No roles                    Course c_9336fa'  using regular expression

2022-01-16 22:29:22 - [MESSAGE][PASSED] - All options with value '3' are selected in object 'Object Repository/Page_IntroCS Participants/select_No roles                    Course c_9336fa'  using regular expression

2022-01-16 22:29:22 - [TEST_STEP][PASSED] - click(findTestObject("Object Repository/Page_IntroCS Participants/button_Apply filters")): Object: 'Object Repository/Page_IntroCS Participants/button_Apply filters' is clicked on

2022-01-16 22:29:22 - [MESSAGE][PASSED] - Object: 'Object Repository/Page_IntroCS Participants/button_Apply filters' is clicked on

2022-01-16 22:29:22 - [TEST_STEP][PASSED] - click(findTestObject("Object Repository/Page_IntroCS Participants/section_Participants                       _399b9a")): Object: 'Object Repository/Page_IntroCS Participants/section_Participants                       _399b9a' is clicked on

2022-01-16 22:29:23 - [MESSAGE][PASSED] - Object: 'Object Repository/Page_IntroCS Participants/section_Participants                       _399b9a' is clicked on

2022-01-16 22:29:23 - [TEST_STEP][PASSED] - verifyElementText(findTestObject("Object Repository/Page_IntroCS Participants/a_Tran Minh Triet"), "Tran Minh Triet"): Actual text and expected text of test object 'Object Repository/Page_IntroCS Participants/a_Tran Minh Triet' are matched.

2022-01-16 22:29:24 - [MESSAGE][PASSED] - Actual text and expected text of test object 'Object Repository/Page_IntroCS Participants/a_Tran Minh Triet' are matched.

2022-01-16 22:29:24 - [TEST_STEP][PASSED] - click(findTestObject("Object Repository/Page_IntroCS Participants/a_Tran Minh Triet")): Object: 'Object Repository/Page_IntroCS Participants/a_Tran Minh Triet' is clicked on

2022-01-16 22:29:24 - [MESSAGE][PASSED] - Object: 'Object Repository/Page_IntroCS Participants/a_Tran Minh Triet' is clicked on

2022-01-16 22:29:24 - [TEST_STEP][PASSED] - waitForElementVisible(findTestObject("Object Repository/Page_Introduction to Computer Science Perso_abbbf2/span_Message"), 0): Object 'Object Repository/Page_Introduction to Computer Science Perso_abbbf2/span_Message' is visible

2022-01-16 22:29:24 - [MESSAGE][WARNING] - Timeout '0' is invalid. Using default page load timeout: '30'

2022-01-16 22:29:25 - [MESSAGE][PASSED] - Object 'Object Repository/Page_Introduction to Computer Science Perso_abbbf2/span_Message' is visible

2022-01-16 22:29:25 - [TEST_STEP][PASSED] - click(findTestObject("Object Repository/Page_Introduction to Computer Science Perso_abbbf2/span_Message")): Object: 'Object Repository/Page_Introduction to Computer Science Perso_abbbf2/span_Message' is clicked on

2022-01-16 22:29:25 - [MESSAGE][PASSED] - Object: 'Object Repository/Page_Introduction to Computer Science Perso_abbbf2/span_Message' is clicked on

2022-01-16 22:29:25 - [TEST_STEP][PASSED] - setText(findTestObject("Object Repository/Page_Introduction to Computer Science Perso_abbbf2/textarea_Use enter to send_yui_3_17_2_1_164_06a8dd"), "Hello"): Text 'Hello' is set on object 'Object Repository/Page_Introduction to Computer Science Perso_abbbf2/textarea_Use enter to send_yui_3_17_2_1_164_06a8dd'

2022-01-16 22:29:57 - [MESSAGE][INFO] - Unable to find the element located by 'By.xpath: //textarea[@id='yui_3_17_2_1_1642254941870_35']'. Please recheck the objects properties to make sure the desired element is located. 

2022-01-16 22:29:57 - [MESSAGE][WARNING] - [SELF-HEALING] Failed to find element with id 'Object Repository/Page_Introduction to Computer Science Perso_abbbf2/textarea_Use enter to send_yui_3_17_2_1_164_06a8dd'. Try using Self-healing.

2022-01-16 22:29:57 - [MESSAGE][WARNING] - [SELF-HEALING] The current locator of test object 'Object Repository/Page_Introduction to Computer Science Perso_abbbf2/textarea_Use enter to send_yui_3_17_2_1_164_06a8dd' was broken. Propose an alternative one: '//textarea'.

2022-01-16 22:30:28 - [MESSAGE][INFO] - Unable to find the element located by 'By.xpath: //textarea[@id='yui_3_17_2_1_1642254941870_35']'. Please recheck the objects properties to make sure the desired element is located. 

2022-01-16 22:30:28 - [MESSAGE][WARNING] - [SELF-HEALING] Failed to find element with id 'Object Repository/Page_Introduction to Computer Science Perso_abbbf2/textarea_Use enter to send_yui_3_17_2_1_164_06a8dd'. Try using Self-healing.

2022-01-16 22:30:28 - [MESSAGE][WARNING] - [SELF-HEALING] The current locator of test object 'Object Repository/Page_Introduction to Computer Science Perso_abbbf2/textarea_Use enter to send_yui_3_17_2_1_164_06a8dd' was broken. Propose an alternative one: '//textarea'.

2022-01-16 22:30:28 - [MESSAGE][PASSED] - Text 'Hello' is set on object 'Object Repository/Page_Introduction to Computer Science Perso_abbbf2/textarea_Use enter to send_yui_3_17_2_1_164_06a8dd'

2022-01-16 22:30:28 - [TEST_STEP][PASSED] - click(findTestObject("Object Repository/Page_Introduction to Computer Science Perso_abbbf2/i__icon fa fa-paper-plane fa-fw")): Object: 'Object Repository/Page_Introduction to Computer Science Perso_abbbf2/i__icon fa fa-paper-plane fa-fw' is clicked on

2022-01-16 22:31:00 - [MESSAGE][INFO] - Unable to find the element located by 'By.xpath: //div[@id='yui_3_17_2_1_1642254941870_36']/div/button[2]/span/i'. Please recheck the objects properties to make sure the desired element is located. 

2022-01-16 22:31:00 - [MESSAGE][WARNING] - [SELF-HEALING] Failed to find element with id 'Object Repository/Page_Introduction to Computer Science Perso_abbbf2/i__icon fa fa-paper-plane fa-fw'. Try using Self-healing.

2022-01-16 22:31:00 - [MESSAGE][WARNING] - [SELF-HEALING] The current locator of test object 'Object Repository/Page_Introduction to Computer Science Perso_abbbf2/i__icon fa fa-paper-plane fa-fw' was broken. Propose an alternative one: '//button[2]/span/i'.

2022-01-16 22:31:00 - [MESSAGE][PASSED] - Object: 'Object Repository/Page_Introduction to Computer Science Perso_abbbf2/i__icon fa fa-paper-plane fa-fw' is clicked on

2022-01-16 22:31:00 - [TEST_STEP][PASSED] - closeBrowser(): Browser is closed

2022-01-16 22:31:01 - [MESSAGE][PASSED] - Browser is closed]]></system-out>
         <system-err><![CDATA[]]></system-err>
      </testcase>
      <testcase name="Test Cases/test case 38" time="103.251" classname="Test Cases/test case 38" status="PASSED">
         <system-out><![CDATA[2022-01-16 22:31:01 - [TEST_CASE][PASSED] - Test Cases/test case 38: Test Cases/test case 38

2022-01-16 22:31:01 - [TEST_STEP][PASSED] - openBrowser(""): Browser is opened with url: ''

2022-01-16 22:31:01 - [MESSAGE][INFO] - Starting 'Chrome' driver

2022-01-16 22:31:01 - [MESSAGE][INFO] - Action delay is set to 0 milliseconds

2022-01-16 22:31:02 - [MESSAGE][PASSED] - Browser is opened with url: ''

2022-01-16 22:31:02 - [TEST_STEP][PASSED] - navigateToUrl("http://localhost/"): Navigate to 'http://localhost/' successfully

2022-01-16 22:31:03 - [MESSAGE][PASSED] - Navigate to 'http://localhost/' successfully

2022-01-16 22:31:03 - [TEST_STEP][PASSED] - click(findTestObject("Object Repository/Page_Moodle/a_Log in")): Object: 'Object Repository/Page_Moodle/a_Log in' is clicked on

2022-01-16 22:31:04 - [MESSAGE][PASSED] - Object: 'Object Repository/Page_Moodle/a_Log in' is clicked on

2022-01-16 22:31:04 - [TEST_STEP][PASSED] - setText(findTestObject("Object Repository/Page_Moodle Log in to the site/input_Username_username"), "qmkhoi"): Text 'qmkhoi' is set on object 'Object Repository/Page_Moodle Log in to the site/input_Username_username'

2022-01-16 22:31:05 - [MESSAGE][PASSED] - Text 'qmkhoi' is set on object 'Object Repository/Page_Moodle Log in to the site/input_Username_username'

2022-01-16 22:31:05 - [TEST_STEP][PASSED] - setEncryptedText(findTestObject("Object Repository/Page_Moodle Log in to the site/input_Password_password"), "eiP2h/EMT1hJlGmKEGA7sg=="): Text ****** has been set on object 'Object Repository/Page_Moodle Log in to the site/input_Password_password'

2022-01-16 22:31:05 - [MESSAGE][PASSED] - Text ****** has been set on object 'Object Repository/Page_Moodle Log in to the site/input_Password_password'

2022-01-16 22:31:05 - [TEST_STEP][PASSED] - click(findTestObject("Object Repository/Page_Moodle Log in to the site/button_Log in")): Object: 'Object Repository/Page_Moodle Log in to the site/button_Log in' is clicked on

2022-01-16 22:31:06 - [MESSAGE][PASSED] - Object: 'Object Repository/Page_Moodle Log in to the site/button_Log in' is clicked on

2022-01-16 22:31:06 - [TEST_STEP][PASSED] - click(findTestObject("Object Repository/Page_Dashboard/a_Quach Minh Khoi")): Object: 'Object Repository/Page_Dashboard/a_Quach Minh Khoi' is clicked on

2022-01-16 22:31:08 - [MESSAGE][PASSED] - Object: 'Object Repository/Page_Dashboard/a_Quach Minh Khoi' is clicked on

2022-01-16 22:31:08 - [TEST_STEP][PASSED] - click(findTestObject("Object Repository/Page_Dashboard/span_Grades")): Object: 'Object Repository/Page_Dashboard/span_Grades' is clicked on

2022-01-16 22:31:09 - [MESSAGE][PASSED] - Object: 'Object Repository/Page_Dashboard/span_Grades' is clicked on

2022-01-16 22:31:09 - [TEST_STEP][PASSED] - verifyElementText(findTestObject("Page_Grades - Quach Minh Khoi/a_Introduction to Computer Science"), "Introduction to Computer Science"): Actual text and expected text of test object 'Object Repository/Page_Grades - Quach Minh Khoi/a_Introduction to Computer Science' are matched.

2022-01-16 22:31:40 - [MESSAGE][INFO] - Unable to find the element located by 'By.xpath: //td[@id='grade-report-overview-3_r0_c0']/a'. Please recheck the objects properties to make sure the desired element is located. 

2022-01-16 22:31:40 - [MESSAGE][WARNING] - [SELF-HEALING] Failed to find element with id 'Object Repository/Page_Grades - Quach Minh Khoi/a_Introduction to Computer Science'. Try using Self-healing.

2022-01-16 22:31:40 - [MESSAGE][WARNING] - [SELF-HEALING] The current locator of test object 'Object Repository/Page_Grades - Quach Minh Khoi/a_Introduction to Computer Science' was broken. Propose an alternative one: '//a[contains(text(),'Introduction to Computer Science')]'.

2022-01-16 22:31:40 - [MESSAGE][PASSED] - Actual text and expected text of test object 'Object Repository/Page_Grades - Quach Minh Khoi/a_Introduction to Computer Science' are matched.

2022-01-16 22:31:40 - [TEST_STEP][PASSED] - click(findTestObject("Object Repository/Page_Grades - Quach Minh Khoi/a_Introduction to Computer Science")): Object: 'Object Repository/Page_Grades - Quach Minh Khoi/a_Introduction to Computer Science' is clicked on

2022-01-16 22:32:11 - [MESSAGE][INFO] - Unable to find the element located by 'By.xpath: //td[@id='grade-report-overview-3_r0_c0']/a'. Please recheck the objects properties to make sure the desired element is located. 

2022-01-16 22:32:11 - [MESSAGE][WARNING] - [SELF-HEALING] Failed to find element with id 'Object Repository/Page_Grades - Quach Minh Khoi/a_Introduction to Computer Science'. Try using Self-healing.

2022-01-16 22:32:11 - [MESSAGE][WARNING] - [SELF-HEALING] The current locator of test object 'Object Repository/Page_Grades - Quach Minh Khoi/a_Introduction to Computer Science' was broken. Propose an alternative one: '//a[contains(text(),'Introduction to Computer Science')]'.

2022-01-16 22:32:12 - [MESSAGE][PASSED] - Object: 'Object Repository/Page_Grades - Quach Minh Khoi/a_Introduction to Computer Science' is clicked on

2022-01-16 22:32:12 - [TEST_STEP][PASSED] - verifyElementText(findTestObject("Object Repository/Page_IntroCS Activity report (grade)/span_Course total"), "Course total"): Actual text and expected text of test object 'Object Repository/Page_IntroCS Activity report (grade)/span_Course total' are matched.

2022-01-16 22:32:43 - [MESSAGE][INFO] - Unable to find the element located by 'By.xpath: //th[@id='row_9_3']/span'. Please recheck the objects properties to make sure the desired element is located. 

2022-01-16 22:32:43 - [MESSAGE][WARNING] - [SELF-HEALING] Failed to find element with id 'Object Repository/Page_IntroCS Activity report (grade)/span_Course total'. Try using Self-healing.

2022-01-16 22:32:43 - [MESSAGE][WARNING] - [SELF-HEALING] The current locator of test object 'Object Repository/Page_IntroCS Activity report (grade)/span_Course total' was broken. Propose an alternative one: '(.//*[normalize-space(text()) and normalize-space(.)='Introduction to Computer Science'])[1]/following::span[1]'.

2022-01-16 22:32:43 - [MESSAGE][PASSED] - Actual text and expected text of test object 'Object Repository/Page_IntroCS Activity report (grade)/span_Course total' are matched.

2022-01-16 22:32:43 - [TEST_STEP][PASSED] - closeBrowser(): Browser is closed

2022-01-16 22:32:44 - [MESSAGE][PASSED] - Browser is closed]]></system-out>
         <system-err><![CDATA[]]></system-err>
      </testcase>
      <testcase name="Test Cases/test case 39" time="59.71" classname="Test Cases/test case 39" status="PASSED">
         <system-out><![CDATA[2022-01-16 22:32:44 - [TEST_CASE][PASSED] - Test Cases/test case 39: Test Cases/test case 39

2022-01-16 22:32:44 - [TEST_STEP][PASSED] - openBrowser(""): Browser is opened with url: ''

2022-01-16 22:32:44 - [MESSAGE][INFO] - Starting 'Chrome' driver

2022-01-16 22:32:44 - [MESSAGE][INFO] - Action delay is set to 0 milliseconds

2022-01-16 22:32:45 - [MESSAGE][PASSED] - Browser is opened with url: ''

2022-01-16 22:32:45 - [TEST_STEP][PASSED] - navigateToUrl("http://localhost/"): Navigate to 'http://localhost/' successfully

2022-01-16 22:32:46 - [MESSAGE][PASSED] - Navigate to 'http://localhost/' successfully

2022-01-16 22:32:46 - [TEST_STEP][PASSED] - click(findTestObject("Object Repository/Page_Moodle/a_Log in")): Object: 'Object Repository/Page_Moodle/a_Log in' is clicked on

2022-01-16 22:32:47 - [MESSAGE][PASSED] - Object: 'Object Repository/Page_Moodle/a_Log in' is clicked on

2022-01-16 22:32:47 - [TEST_STEP][PASSED] - setText(findTestObject("Object Repository/Page_Moodle Log in to the site/input_Username_username"), "qmkhoi"): Text 'qmkhoi' is set on object 'Object Repository/Page_Moodle Log in to the site/input_Username_username'

2022-01-16 22:32:51 - [MESSAGE][PASSED] - Text 'qmkhoi' is set on object 'Object Repository/Page_Moodle Log in to the site/input_Username_username'

2022-01-16 22:32:51 - [TEST_STEP][PASSED] - setEncryptedText(findTestObject("Object Repository/Page_Moodle Log in to the site/input_Password_password"), "eiP2h/EMT1hJlGmKEGA7sg=="): Text ****** has been set on object 'Object Repository/Page_Moodle Log in to the site/input_Password_password'

2022-01-16 22:32:53 - [MESSAGE][PASSED] - Text ****** has been set on object 'Object Repository/Page_Moodle Log in to the site/input_Password_password'

2022-01-16 22:32:53 - [TEST_STEP][PASSED] - click(findTestObject("Object Repository/Page_Moodle Log in to the site/button_Log in")): Object: 'Object Repository/Page_Moodle Log in to the site/button_Log in' is clicked on

2022-01-16 22:32:56 - [MESSAGE][PASSED] - Object: 'Object Repository/Page_Moodle Log in to the site/button_Log in' is clicked on

2022-01-16 22:32:56 - [TEST_STEP][PASSED] - click(findTestObject("Object Repository/Page_Dashboard/a_Quach Minh Khoi")): Object: 'Object Repository/Page_Dashboard/a_Quach Minh Khoi' is clicked on

2022-01-16 22:32:59 - [MESSAGE][PASSED] - Object: 'Object Repository/Page_Dashboard/a_Quach Minh Khoi' is clicked on

2022-01-16 22:32:59 - [TEST_STEP][PASSED] - click(findTestObject("Object Repository/Page_Dashboard/a_Profile")): Object: 'Object Repository/Page_Dashboard/a_Profile' is clicked on

2022-01-16 22:33:01 - [MESSAGE][PASSED] - Object: 'Object Repository/Page_Dashboard/a_Profile' is clicked on

2022-01-16 22:33:01 - [TEST_STEP][PASSED] - verifyElementText(findTestObject("Page_Quach Minh Khoi Public profile/a_Introduction to Computer Science"), "Introduction to Computer Science"): Actual text and expected text of test object 'Object Repository/Page_Quach Minh Khoi Public profile/a_Introduction to Computer Science' are matched.

2022-01-16 22:33:04 - [MESSAGE][PASSED] - Actual text and expected text of test object 'Object Repository/Page_Quach Minh Khoi Public profile/a_Introduction to Computer Science' are matched.

2022-01-16 22:33:04 - [TEST_STEP][PASSED] - click(findTestObject("Object Repository/Page_Quach Minh Khoi Public profile/a_Introduction to Computer Science")): Object: 'Object Repository/Page_Quach Minh Khoi Public profile/a_Introduction to Computer Science' is clicked on

2022-01-16 22:33:06 - [MESSAGE][PASSED] - Object: 'Object Repository/Page_Quach Minh Khoi Public profile/a_Introduction to Computer Science' is clicked on

2022-01-16 22:33:06 - [TEST_STEP][PASSED] - click(findTestObject("Object Repository/Page_Introduction to Computer Science Perso_363e4d/a_Grades")): Object: 'Object Repository/Page_Introduction to Computer Science Perso_363e4d/a_Grades' is clicked on

2022-01-16 22:33:09 - [MESSAGE][PASSED] - Object: 'Object Repository/Page_Introduction to Computer Science Perso_363e4d/a_Grades' is clicked on

2022-01-16 22:33:09 - [TEST_STEP][PASSED] - verifyElementText(findTestObject("Object Repository/Page_IntroCS Activity report (grade)/span_Course total"), "Course total"): Actual text and expected text of test object 'Object Repository/Page_IntroCS Activity report (grade)/span_Course total' are matched.

2022-01-16 22:33:41 - [MESSAGE][INFO] - Unable to find the element located by 'By.xpath: //th[@id='row_9_3']/span'. Please recheck the objects properties to make sure the desired element is located. 

2022-01-16 22:33:41 - [MESSAGE][WARNING] - [SELF-HEALING] Failed to find element with id 'Object Repository/Page_IntroCS Activity report (grade)/span_Course total'. Try using Self-healing.

2022-01-16 22:33:43 - [MESSAGE][WARNING] - [SELF-HEALING] The current locator of test object 'Object Repository/Page_IntroCS Activity report (grade)/span_Course total' was broken. Propose an alternative one: '(.//*[normalize-space(text()) and normalize-space(.)='Introduction to Computer Science'])[1]/following::span[1]'.

2022-01-16 22:33:43 - [MESSAGE][PASSED] - Actual text and expected text of test object 'Object Repository/Page_IntroCS Activity report (grade)/span_Course total' are matched.

2022-01-16 22:33:43 - [TEST_STEP][PASSED] - closeBrowser(): Browser is closed

2022-01-16 22:33:44 - [MESSAGE][PASSED] - Browser is closed]]></system-out>
         <system-err><![CDATA[]]></system-err>
      </testcase>
      <testcase name="Test Cases/test case 40" time="25.979" classname="Test Cases/test case 40" status="PASSED">
         <system-out><![CDATA[2022-01-16 22:33:44 - [TEST_CASE][PASSED] - Test Cases/test case 40: Test Cases/test case 40

2022-01-16 22:33:44 - [TEST_STEP][PASSED] - openBrowser(""): Browser is opened with url: ''

2022-01-16 22:33:44 - [MESSAGE][INFO] - Starting 'Chrome' driver

2022-01-16 22:33:44 - [MESSAGE][INFO] - Action delay is set to 0 milliseconds

2022-01-16 22:33:45 - [MESSAGE][PASSED] - Browser is opened with url: ''

2022-01-16 22:33:45 - [TEST_STEP][PASSED] - navigateToUrl("http://localhost/"): Navigate to 'http://localhost/' successfully

2022-01-16 22:33:46 - [MESSAGE][PASSED] - Navigate to 'http://localhost/' successfully

2022-01-16 22:33:46 - [TEST_STEP][PASSED] - click(findTestObject("Object Repository/Page_Moodle/a_Log in")): Object: 'Object Repository/Page_Moodle/a_Log in' is clicked on

2022-01-16 22:33:48 - [MESSAGE][PASSED] - Object: 'Object Repository/Page_Moodle/a_Log in' is clicked on

2022-01-16 22:33:48 - [TEST_STEP][PASSED] - setText(findTestObject("Object Repository/Page_Moodle Log in to the site/input_Username_username"), "qmkhoi"): Text 'qmkhoi' is set on object 'Object Repository/Page_Moodle Log in to the site/input_Username_username'

2022-01-16 22:33:53 - [MESSAGE][PASSED] - Text 'qmkhoi' is set on object 'Object Repository/Page_Moodle Log in to the site/input_Username_username'

2022-01-16 22:33:53 - [TEST_STEP][PASSED] - setEncryptedText(findTestObject("Object Repository/Page_Moodle Log in to the site/input_Password_password"), "eiP2h/EMT1hJlGmKEGA7sg=="): Text ****** has been set on object 'Object Repository/Page_Moodle Log in to the site/input_Password_password'

2022-01-16 22:33:55 - [MESSAGE][PASSED] - Text ****** has been set on object 'Object Repository/Page_Moodle Log in to the site/input_Password_password'

2022-01-16 22:33:55 - [TEST_STEP][PASSED] - click(findTestObject("Object Repository/Page_Moodle Log in to the site/button_Log in")): Object: 'Object Repository/Page_Moodle Log in to the site/button_Log in' is clicked on

2022-01-16 22:33:58 - [MESSAGE][PASSED] - Object: 'Object Repository/Page_Moodle Log in to the site/button_Log in' is clicked on

2022-01-16 22:33:58 - [TEST_STEP][PASSED] - verifyElementText(findTestObject("Object Repository/Page_Dashboard/span_IntroCS"), "IntroCS"): Actual text and expected text of test object 'Object Repository/Page_Dashboard/span_IntroCS' are matched.

2022-01-16 22:34:01 - [MESSAGE][PASSED] - Actual text and expected text of test object 'Object Repository/Page_Dashboard/span_IntroCS' are matched.

2022-01-16 22:34:01 - [TEST_STEP][PASSED] - click(findTestObject("Object Repository/Page_Dashboard/span_IntroCS")): Object: 'Object Repository/Page_Dashboard/span_IntroCS' is clicked on

2022-01-16 22:34:03 - [MESSAGE][PASSED] - Object: 'Object Repository/Page_Dashboard/span_IntroCS' is clicked on

2022-01-16 22:34:03 - [TEST_STEP][PASSED] - click(findTestObject("Object Repository/Page_Course Introduction to Computer Science/span_Grades")): Object: 'Object Repository/Page_Course Introduction to Computer Science/span_Grades' is clicked on

2022-01-16 22:34:06 - [MESSAGE][PASSED] - Object: 'Object Repository/Page_Course Introduction to Computer Science/span_Grades' is clicked on

2022-01-16 22:34:06 - [TEST_STEP][PASSED] - verifyElementText(findTestObject("Object Repository/Page_Grades View/h2_User report - Quach Minh Khoi"), "User report - Quach Minh Khoi"): Actual text and expected text of test object 'Object Repository/Page_Grades View/h2_User report - Quach Minh Khoi' are matched.

2022-01-16 22:34:09 - [MESSAGE][PASSED] - Actual text and expected text of test object 'Object Repository/Page_Grades View/h2_User report - Quach Minh Khoi' are matched.

2022-01-16 22:34:09 - [TEST_STEP][PASSED] - closeBrowser(): Browser is closed

2022-01-16 22:34:10 - [MESSAGE][PASSED] - Browser is closed]]></system-out>
         <system-err><![CDATA[]]></system-err>
      </testcase>
      <testcase name="Test Cases/test case 41" time="10.352" classname="Test Cases/test case 41" status="FAILED">
         <failure type="FAILED" message="Test Cases/test case 41 FAILED.
Reason:
com.kms.katalon.core.exception.StepFailedException: Verify element text of test object 'Object Repository/Page_Announcements/h2_Announcements' FAILED.
	at com.kms.katalon.core.webui.keyword.internal.WebUIKeywordMain.stepFailed(WebUIKeywordMain.groovy:64)
	at com.kms.katalon.core.webui.keyword.internal.WebUIKeywordMain.runKeyword(WebUIKeywordMain.groovy:26)
	at com.kms.katalon.core.webui.keyword.builtin.VerifyElementTextKeyword.verifyElementText(VerifyElementTextKeyword.groovy:72)
	at com.kms.katalon.core.webui.keyword.builtin.VerifyElementTextKeyword.execute(VerifyElementTextKeyword.groovy:40)
	at com.kms.katalon.core.keyword.internal.KeywordExecutor.executeKeywordForPlatform(KeywordExecutor.groovy:74)
	at com.kms.katalon.core.webui.keyword.WebUiBuiltInKeywords.verifyElementText(WebUiBuiltInKeywords.groovy:4749)
	at com.kms.katalon.core.webui.keyword.WebUiBuiltInKeywords$verifyElementText$7.call(Unknown Source)
	at test case 41.run(test case 41:41)
	at com.kms.katalon.core.main.ScriptEngine.run(ScriptEngine.java:194)
	at com.kms.katalon.core.main.ScriptEngine.runScriptAsRawText(ScriptEngine.java:119)
	at com.kms.katalon.core.main.TestCaseExecutor.runScript(TestCaseExecutor.java:442)
	at com.kms.katalon.core.main.TestCaseExecutor.doExecute(TestCaseExecutor.java:433)
	at com.kms.katalon.core.main.TestCaseExecutor.processExecutionPhase(TestCaseExecutor.java:412)
	at com.kms.katalon.core.main.TestCaseExecutor.accessMainPhase(TestCaseExecutor.java:404)
	at com.kms.katalon.core.main.TestCaseExecutor.execute(TestCaseExecutor.java:281)
	at com.kms.katalon.core.main.TestSuiteExecutor.accessTestCaseMainPhase(TestSuiteExecutor.java:202)
	at com.kms.katalon.core.main.TestSuiteExecutor.accessTestSuiteMainPhase(TestSuiteExecutor.java:164)
	at com.kms.katalon.core.main.TestSuiteExecutor.execute(TestSuiteExecutor.java:105)
	at com.kms.katalon.core.main.TestCaseMain.startTestSuite(TestCaseMain.java:181)
	at com.kms.katalon.core.main.TestCaseMain$startTestSuite$0.call(Unknown Source)
	at TempTestSuite1642341898122.run(TempTestSuite1642341898122.groovy:36)
Caused by: com.kms.katalon.core.exception.StepFailedException: Actual text 'Discussion' and expected text 'Announcements' of test object 'Object Repository/Page_Announcements/h2_Announcements' are NOT matched.
	at com.kms.katalon.core.webui.keyword.internal.WebUIKeywordMain.stepFailed(WebUIKeywordMain.groovy:64)
	at com.kms.katalon.core.webui.keyword.builtin.VerifyElementTextKeyword$_verifyElementText_closure1.doCall(VerifyElementTextKeyword.groovy:57)
	at com.kms.katalon.core.webui.keyword.builtin.VerifyElementTextKeyword$_verifyElementText_closure1.call(VerifyElementTextKeyword.groovy)
	at com.kms.katalon.core.webui.keyword.internal.WebUIKeywordMain.runKeyword(WebUIKeywordMain.groovy:20)
	... 19 more
"/>
         <system-out><![CDATA[2022-01-16 22:34:10 - [TEST_CASE][FAILED] - Test Cases/test case 41: Test Cases/test case 41 FAILED.
Reason:
com.kms.katalon.core.exception.StepFailedException: Verify element text of test object 'Object Repository/Page_Announcements/h2_Announcements' FAILED.
	at com.kms.katalon.core.webui.keyword.internal.WebUIKeywordMain.stepFailed(WebUIKeywordMain.groovy:64)
	at com.kms.katalon.core.webui.keyword.internal.WebUIKeywordMain.runKeyword(WebUIKeywordMain.groovy:26)
	at com.kms.katalon.core.webui.keyword.builtin.VerifyElementTextKeyword.verifyElementText(VerifyElementTextKeyword.groovy:72)
	at com.kms.katalon.core.webui.keyword.builtin.VerifyElementTextKeyword.execute(VerifyElementTextKeyword.groovy:40)
	at com.kms.katalon.core.keyword.internal.KeywordExecutor.executeKeywordForPlatform(KeywordExecutor.groovy:74)
	at com.kms.katalon.core.webui.keyword.WebUiBuiltInKeywords.verifyElementText(WebUiBuiltInKeywords.groovy:4749)
	at com.kms.katalon.core.webui.keyword.WebUiBuiltInKeywords$verifyElementText$7.call(Unknown Source)
	at test case 41.run(test case 41:41)
	at com.kms.katalon.core.main.ScriptEngine.run(ScriptEngine.java:194)
	at com.kms.katalon.core.main.ScriptEngine.runScriptAsRawText(ScriptEngine.java:119)
	at com.kms.katalon.core.main.TestCaseExecutor.runScript(TestCaseExecutor.java:442)
	at com.kms.katalon.core.main.TestCaseExecutor.doExecute(TestCaseExecutor.java:433)
	at com.kms.katalon.core.main.TestCaseExecutor.processExecutionPhase(TestCaseExecutor.java:412)
	at com.kms.katalon.core.main.TestCaseExecutor.accessMainPhase(TestCaseExecutor.java:404)
	at com.kms.katalon.core.main.TestCaseExecutor.execute(TestCaseExecutor.java:281)
	at com.kms.katalon.core.main.TestSuiteExecutor.accessTestCaseMainPhase(TestSuiteExecutor.java:202)
	at com.kms.katalon.core.main.TestSuiteExecutor.accessTestSuiteMainPhase(TestSuiteExecutor.java:164)
	at com.kms.katalon.core.main.TestSuiteExecutor.execute(TestSuiteExecutor.java:105)
	at com.kms.katalon.core.main.TestCaseMain.startTestSuite(TestCaseMain.java:181)
	at com.kms.katalon.core.main.TestCaseMain$startTestSuite$0.call(Unknown Source)
	at TempTestSuite1642341898122.run(TempTestSuite1642341898122.groovy:36)
Caused by: com.kms.katalon.core.exception.StepFailedException: Actual text 'Discussion' and expected text 'Announcements' of test object 'Object Repository/Page_Announcements/h2_Announcements' are NOT matched.
	at com.kms.katalon.core.webui.keyword.internal.WebUIKeywordMain.stepFailed(WebUIKeywordMain.groovy:64)
	at com.kms.katalon.core.webui.keyword.builtin.VerifyElementTextKeyword$_verifyElementText_closure1.doCall(VerifyElementTextKeyword.groovy:57)
	at com.kms.katalon.core.webui.keyword.builtin.VerifyElementTextKeyword$_verifyElementText_closure1.call(VerifyElementTextKeyword.groovy)
	at com.kms.katalon.core.webui.keyword.internal.WebUIKeywordMain.runKeyword(WebUIKeywordMain.groovy:20)
	... 19 more


2022-01-16 22:34:10 - [TEST_STEP][PASSED] - openBrowser(""): Browser is opened with url: ''

2022-01-16 22:34:10 - [MESSAGE][INFO] - Starting 'Chrome' driver

2022-01-16 22:34:10 - [MESSAGE][INFO] - Action delay is set to 0 milliseconds

2022-01-16 22:34:11 - [MESSAGE][PASSED] - Browser is opened with url: ''

2022-01-16 22:34:11 - [TEST_STEP][PASSED] - navigateToUrl("http://localhost/"): Navigate to 'http://localhost/' successfully

2022-01-16 22:34:12 - [MESSAGE][PASSED] - Navigate to 'http://localhost/' successfully

2022-01-16 22:34:12 - [TEST_STEP][PASSED] - click(findTestObject("Object Repository/Page_Moodle/a_Log in")): Object: 'Object Repository/Page_Moodle/a_Log in' is clicked on

2022-01-16 22:34:13 - [MESSAGE][PASSED] - Object: 'Object Repository/Page_Moodle/a_Log in' is clicked on

2022-01-16 22:34:13 - [TEST_STEP][PASSED] - setText(findTestObject("Object Repository/Page_Moodle Log in to the site/input_Username_username"), "tmtriet"): Text 'tmtriet' is set on object 'Object Repository/Page_Moodle Log in to the site/input_Username_username'

2022-01-16 22:34:14 - [MESSAGE][PASSED] - Text 'tmtriet' is set on object 'Object Repository/Page_Moodle Log in to the site/input_Username_username'

2022-01-16 22:34:14 - [TEST_STEP][PASSED] - setEncryptedText(findTestObject("Object Repository/Page_Moodle Log in to the site/input_Password_password"), "NMz1A57fMJEpXGm/T4cXeQ=="): Text ****** has been set on object 'Object Repository/Page_Moodle Log in to the site/input_Password_password'

2022-01-16 22:34:14 - [MESSAGE][PASSED] - Text ****** has been set on object 'Object Repository/Page_Moodle Log in to the site/input_Password_password'

2022-01-16 22:34:14 - [TEST_STEP][PASSED] - click(findTestObject("Object Repository/Page_Moodle Log in to the site/button_Log in")): Object: 'Object Repository/Page_Moodle Log in to the site/button_Log in' is clicked on

2022-01-16 22:34:15 - [MESSAGE][PASSED] - Object: 'Object Repository/Page_Moodle Log in to the site/button_Log in' is clicked on

2022-01-16 22:34:15 - [TEST_STEP][PASSED] - verifyElementText(findTestObject("Page_Dashboard/span_IntroCS"), "IntroCS"): Actual text and expected text of test object 'Object Repository/Page_Dashboard/span_IntroCS' are matched.

2022-01-16 22:34:17 - [MESSAGE][PASSED] - Actual text and expected text of test object 'Object Repository/Page_Dashboard/span_IntroCS' are matched.

2022-01-16 22:34:17 - [TEST_STEP][PASSED] - click(findTestObject("Object Repository/Page_Dashboard/span_IntroCS")): Object: 'Object Repository/Page_Dashboard/span_IntroCS' is clicked on

2022-01-16 22:34:18 - [MESSAGE][PASSED] - Object: 'Object Repository/Page_Dashboard/span_IntroCS' is clicked on

2022-01-16 22:34:18 - [TEST_STEP][PASSED] - waitForElementPresent(findTestObject("Object Repository/Page_Course Introduction to Computer Science/span_Announcements Forum"), 0): Object 'Object Repository/Page_Course Introduction to Computer Science/span_Announcements Forum' is present

2022-01-16 22:34:18 - [MESSAGE][WARNING] - Timeout '0' is invalid. Using default page load timeout: '30'

2022-01-16 22:34:18 - [MESSAGE][PASSED] - Object 'Object Repository/Page_Course Introduction to Computer Science/span_Announcements Forum' is present

2022-01-16 22:34:18 - [TEST_STEP][PASSED] - click(findTestObject("Object Repository/Page_Course Introduction to Computer Science/span_Announcements Forum")): Object: 'Object Repository/Page_Course Introduction to Computer Science/span_Announcements Forum' is clicked on

2022-01-16 22:34:19 - [MESSAGE][PASSED] - Object: 'Object Repository/Page_Course Introduction to Computer Science/span_Announcements Forum' is clicked on

2022-01-16 22:34:19 - [TEST_STEP][FAILED] - verifyElementText(findTestObject("Page_Announcements/h2_Announcements"), "Announcements"): Verify element text of test object 'Object Repository/Page_Announcements/h2_Announcements' FAILED. (Root cause: com.kms.katalon.core.exception.StepFailedException: Verify element text of test object 'Object Repository/Page_Announcements/h2_Announcements' FAILED.
	at com.kms.katalon.core.webui.keyword.internal.WebUIKeywordMain.stepFailed(WebUIKeywordMain.groovy:64)
	at com.kms.katalon.core.webui.keyword.internal.WebUIKeywordMain.runKeyword(WebUIKeywordMain.groovy:26)
	at com.kms.katalon.core.webui.keyword.builtin.VerifyElementTextKeyword.verifyElementText(VerifyElementTextKeyword.groovy:72)
	at com.kms.katalon.core.webui.keyword.builtin.VerifyElementTextKeyword.execute(VerifyElementTextKeyword.groovy:40)
	at com.kms.katalon.core.keyword.internal.KeywordExecutor.executeKeywordForPlatform(KeywordExecutor.groovy:74)
	at com.kms.katalon.core.webui.keyword.WebUiBuiltInKeywords.verifyElementText(WebUiBuiltInKeywords.groovy:4749)
	at com.kms.katalon.core.webui.keyword.WebUiBuiltInKeywords$verifyElementText$7.call(Unknown Source)
	at test case 41.run(test case 41:41)
	at com.kms.katalon.core.main.ScriptEngine.run(ScriptEngine.java:194)
	at com.kms.katalon.core.main.ScriptEngine.runScriptAsRawText(ScriptEngine.java:119)
	at com.kms.katalon.core.main.TestCaseExecutor.runScript(TestCaseExecutor.java:442)
	at com.kms.katalon.core.main.TestCaseExecutor.doExecute(TestCaseExecutor.java:433)
	at com.kms.katalon.core.main.TestCaseExecutor.processExecutionPhase(TestCaseExecutor.java:412)
	at com.kms.katalon.core.main.TestCaseExecutor.accessMainPhase(TestCaseExecutor.java:404)
	at com.kms.katalon.core.main.TestCaseExecutor.execute(TestCaseExecutor.java:281)
	at com.kms.katalon.core.main.TestSuiteExecutor.accessTestCaseMainPhase(TestSuiteExecutor.java:202)
	at com.kms.katalon.core.main.TestSuiteExecutor.accessTestSuiteMainPhase(TestSuiteExecutor.java:164)
	at com.kms.katalon.core.main.TestSuiteExecutor.execute(TestSuiteExecutor.java:105)
	at com.kms.katalon.core.main.TestCaseMain.startTestSuite(TestCaseMain.java:181)
	at com.kms.katalon.core.main.TestCaseMain$startTestSuite$0.call(Unknown Source)
	at TempTestSuite1642341898122.run(TempTestSuite1642341898122.groovy:36)
Caused by: com.kms.katalon.core.exception.StepFailedException: Actual text 'Discussion' and expected text 'Announcements' of test object 'Object Repository/Page_Announcements/h2_Announcements' are NOT matched.
	at com.kms.katalon.core.webui.keyword.internal.WebUIKeywordMain.stepFailed(WebUIKeywordMain.groovy:64)
	at com.kms.katalon.core.webui.keyword.builtin.VerifyElementTextKeyword$_verifyElementText_closure1.doCall(VerifyElementTextKeyword.groovy:57)
	at com.kms.katalon.core.webui.keyword.builtin.VerifyElementTextKeyword$_verifyElementText_closure1.call(VerifyElementTextKeyword.groovy)
	at com.kms.katalon.core.webui.keyword.internal.WebUIKeywordMain.runKeyword(WebUIKeywordMain.groovy:20)
	... 19 more
)

2022-01-16 22:34:20 - [MESSAGE][FAILED] - Actual text 'Discussion' and expected text 'Announcements' of test object 'Object Repository/Page_Announcements/h2_Announcements' are NOT matched. (Root cause: com.kms.katalon.core.exception.StepFailedException: Actual text 'Discussion' and expected text 'Announcements' of test object 'Object Repository/Page_Announcements/h2_Announcements' are NOT matched.
	at com.kms.katalon.core.webui.keyword.internal.WebUIKeywordMain.stepFailed(WebUIKeywordMain.groovy:64)
	at com.kms.katalon.core.webui.keyword.builtin.VerifyElementTextKeyword$_verifyElementText_closure1.doCall(VerifyElementTextKeyword.groovy:57)
	at com.kms.katalon.core.webui.keyword.builtin.VerifyElementTextKeyword$_verifyElementText_closure1.call(VerifyElementTextKeyword.groovy)
	at com.kms.katalon.core.webui.keyword.internal.WebUIKeywordMain.runKeyword(WebUIKeywordMain.groovy:20)
	at com.kms.katalon.core.webui.keyword.builtin.VerifyElementTextKeyword.verifyElementText(VerifyElementTextKeyword.groovy:72)
	at com.kms.katalon.core.webui.keyword.builtin.VerifyElementTextKeyword.execute(VerifyElementTextKeyword.groovy:40)
	at com.kms.katalon.core.keyword.internal.KeywordExecutor.executeKeywordForPlatform(KeywordExecutor.groovy:74)
	at com.kms.katalon.core.webui.keyword.WebUiBuiltInKeywords.verifyElementText(WebUiBuiltInKeywords.groovy:4749)
	at com.kms.katalon.core.webui.keyword.WebUiBuiltInKeywords$verifyElementText$7.call(Unknown Source)
	at test case 41.run(test case 41:41)
	at com.kms.katalon.core.main.ScriptEngine.run(ScriptEngine.java:194)
	at com.kms.katalon.core.main.ScriptEngine.runScriptAsRawText(ScriptEngine.java:119)
	at com.kms.katalon.core.main.TestCaseExecutor.runScript(TestCaseExecutor.java:442)
	at com.kms.katalon.core.main.TestCaseExecutor.doExecute(TestCaseExecutor.java:433)
	at com.kms.katalon.core.main.TestCaseExecutor.processExecutionPhase(TestCaseExecutor.java:412)
	at com.kms.katalon.core.main.TestCaseExecutor.accessMainPhase(TestCaseExecutor.java:404)
	at com.kms.katalon.core.main.TestCaseExecutor.execute(TestCaseExecutor.java:281)
	at com.kms.katalon.core.main.TestSuiteExecutor.accessTestCaseMainPhase(TestSuiteExecutor.java:202)
	at com.kms.katalon.core.main.TestSuiteExecutor.accessTestSuiteMainPhase(TestSuiteExecutor.java:164)
	at com.kms.katalon.core.main.TestSuiteExecutor.execute(TestSuiteExecutor.java:105)
	at com.kms.katalon.core.main.TestCaseMain.startTestSuite(TestCaseMain.java:181)
	at com.kms.katalon.core.main.TestCaseMain$startTestSuite$0.call(Unknown Source)
	at TempTestSuite1642341898122.run(TempTestSuite1642341898122.groovy:36)
)
[[ATTACHMENT|D:\\Test-Automation-SE-Bonus\\Test-Automation-SE-Bonus\\Reports\\20220116_210458\\Run all test cases\\20220116_210458\\1642347260131.png]]

2022-01-16 22:34:20 - [MESSAGE][FAILED] - Verify element text of test object 'Object Repository/Page_Announcements/h2_Announcements' FAILED. (Root cause: com.kms.katalon.core.exception.StepFailedException: Verify element text of test object 'Object Repository/Page_Announcements/h2_Announcements' FAILED.
	at com.kms.katalon.core.webui.keyword.internal.WebUIKeywordMain.stepFailed(WebUIKeywordMain.groovy:64)
	at com.kms.katalon.core.webui.keyword.internal.WebUIKeywordMain.runKeyword(WebUIKeywordMain.groovy:26)
	at com.kms.katalon.core.webui.keyword.builtin.VerifyElementTextKeyword.verifyElementText(VerifyElementTextKeyword.groovy:72)
	at com.kms.katalon.core.webui.keyword.builtin.VerifyElementTextKeyword.execute(VerifyElementTextKeyword.groovy:40)
	at com.kms.katalon.core.keyword.internal.KeywordExecutor.executeKeywordForPlatform(KeywordExecutor.groovy:74)
	at com.kms.katalon.core.webui.keyword.WebUiBuiltInKeywords.verifyElementText(WebUiBuiltInKeywords.groovy:4749)
	at com.kms.katalon.core.webui.keyword.WebUiBuiltInKeywords$verifyElementText$7.call(Unknown Source)
	at test case 41.run(test case 41:41)
	at com.kms.katalon.core.main.ScriptEngine.run(ScriptEngine.java:194)
	at com.kms.katalon.core.main.ScriptEngine.runScriptAsRawText(ScriptEngine.java:119)
	at com.kms.katalon.core.main.TestCaseExecutor.runScript(TestCaseExecutor.java:442)
	at com.kms.katalon.core.main.TestCaseExecutor.doExecute(TestCaseExecutor.java:433)
	at com.kms.katalon.core.main.TestCaseExecutor.processExecutionPhase(TestCaseExecutor.java:412)
	at com.kms.katalon.core.main.TestCaseExecutor.accessMainPhase(TestCaseExecutor.java:404)
	at com.kms.katalon.core.main.TestCaseExecutor.execute(TestCaseExecutor.java:281)
	at com.kms.katalon.core.main.TestSuiteExecutor.accessTestCaseMainPhase(TestSuiteExecutor.java:202)
	at com.kms.katalon.core.main.TestSuiteExecutor.accessTestSuiteMainPhase(TestSuiteExecutor.java:164)
	at com.kms.katalon.core.main.TestSuiteExecutor.execute(TestSuiteExecutor.java:105)
	at com.kms.katalon.core.main.TestCaseMain.startTestSuite(TestCaseMain.java:181)
	at com.kms.katalon.core.main.TestCaseMain$startTestSuite$0.call(Unknown Source)
	at TempTestSuite1642341898122.run(TempTestSuite1642341898122.groovy:36)
Caused by: com.kms.katalon.core.exception.StepFailedException: Actual text 'Discussion' and expected text 'Announcements' of test object 'Object Repository/Page_Announcements/h2_Announcements' are NOT matched.
	at com.kms.katalon.core.webui.keyword.internal.WebUIKeywordMain.stepFailed(WebUIKeywordMain.groovy:64)
	at com.kms.katalon.core.webui.keyword.builtin.VerifyElementTextKeyword$_verifyElementText_closure1.doCall(VerifyElementTextKeyword.groovy:57)
	at com.kms.katalon.core.webui.keyword.builtin.VerifyElementTextKeyword$_verifyElementText_closure1.call(VerifyElementTextKeyword.groovy)
	at com.kms.katalon.core.webui.keyword.internal.WebUIKeywordMain.runKeyword(WebUIKeywordMain.groovy:20)
	... 19 more
)
[[ATTACHMENT|D:\\Test-Automation-SE-Bonus\\Test-Automation-SE-Bonus\\Reports\\20220116_210458\\Run all test cases\\20220116_210458\\1642347260270.png]]]]></system-out>
         <system-err><![CDATA[2022-01-16 22:34:10 - [TEST_CASE][FAILED] - Test Cases/test case 41: Test Cases/test case 41 FAILED.
Reason:
com.kms.katalon.core.exception.StepFailedException: Verify element text of test object 'Object Repository/Page_Announcements/h2_Announcements' FAILED.
	at com.kms.katalon.core.webui.keyword.internal.WebUIKeywordMain.stepFailed(WebUIKeywordMain.groovy:64)
	at com.kms.katalon.core.webui.keyword.internal.WebUIKeywordMain.runKeyword(WebUIKeywordMain.groovy:26)
	at com.kms.katalon.core.webui.keyword.builtin.VerifyElementTextKeyword.verifyElementText(VerifyElementTextKeyword.groovy:72)
	at com.kms.katalon.core.webui.keyword.builtin.VerifyElementTextKeyword.execute(VerifyElementTextKeyword.groovy:40)
	at com.kms.katalon.core.keyword.internal.KeywordExecutor.executeKeywordForPlatform(KeywordExecutor.groovy:74)
	at com.kms.katalon.core.webui.keyword.WebUiBuiltInKeywords.verifyElementText(WebUiBuiltInKeywords.groovy:4749)
	at com.kms.katalon.core.webui.keyword.WebUiBuiltInKeywords$verifyElementText$7.call(Unknown Source)
	at test case 41.run(test case 41:41)
	at com.kms.katalon.core.main.ScriptEngine.run(ScriptEngine.java:194)
	at com.kms.katalon.core.main.ScriptEngine.runScriptAsRawText(ScriptEngine.java:119)
	at com.kms.katalon.core.main.TestCaseExecutor.runScript(TestCaseExecutor.java:442)
	at com.kms.katalon.core.main.TestCaseExecutor.doExecute(TestCaseExecutor.java:433)
	at com.kms.katalon.core.main.TestCaseExecutor.processExecutionPhase(TestCaseExecutor.java:412)
	at com.kms.katalon.core.main.TestCaseExecutor.accessMainPhase(TestCaseExecutor.java:404)
	at com.kms.katalon.core.main.TestCaseExecutor.execute(TestCaseExecutor.java:281)
	at com.kms.katalon.core.main.TestSuiteExecutor.accessTestCaseMainPhase(TestSuiteExecutor.java:202)
	at com.kms.katalon.core.main.TestSuiteExecutor.accessTestSuiteMainPhase(TestSuiteExecutor.java:164)
	at com.kms.katalon.core.main.TestSuiteExecutor.execute(TestSuiteExecutor.java:105)
	at com.kms.katalon.core.main.TestCaseMain.startTestSuite(TestCaseMain.java:181)
	at com.kms.katalon.core.main.TestCaseMain$startTestSuite$0.call(Unknown Source)
	at TempTestSuite1642341898122.run(TempTestSuite1642341898122.groovy:36)
Caused by: com.kms.katalon.core.exception.StepFailedException: Actual text 'Discussion' and expected text 'Announcements' of test object 'Object Repository/Page_Announcements/h2_Announcements' are NOT matched.
	at com.kms.katalon.core.webui.keyword.internal.WebUIKeywordMain.stepFailed(WebUIKeywordMain.groovy:64)
	at com.kms.katalon.core.webui.keyword.builtin.VerifyElementTextKeyword$_verifyElementText_closure1.doCall(VerifyElementTextKeyword.groovy:57)
	at com.kms.katalon.core.webui.keyword.builtin.VerifyElementTextKeyword$_verifyElementText_closure1.call(VerifyElementTextKeyword.groovy)
	at com.kms.katalon.core.webui.keyword.internal.WebUIKeywordMain.runKeyword(WebUIKeywordMain.groovy:20)
	... 19 more]]></system-err>
      </testcase>
      <testcase name="Test Cases/test case 42" time="11.32" classname="Test Cases/test case 42" status="FAILED">
         <failure type="FAILED" message="Test Cases/test case 42 FAILED.
Reason:
com.kms.katalon.core.exception.StepFailedException: Verify element text of test object 'Object Repository/Page_Announcements/h2_Announcements' FAILED.
	at com.kms.katalon.core.webui.keyword.internal.WebUIKeywordMain.stepFailed(WebUIKeywordMain.groovy:64)
	at com.kms.katalon.core.webui.keyword.internal.WebUIKeywordMain.runKeyword(WebUIKeywordMain.groovy:26)
	at com.kms.katalon.core.webui.keyword.builtin.VerifyElementTextKeyword.verifyElementText(VerifyElementTextKeyword.groovy:72)
	at com.kms.katalon.core.webui.keyword.builtin.VerifyElementTextKeyword.execute(VerifyElementTextKeyword.groovy:40)
	at com.kms.katalon.core.keyword.internal.KeywordExecutor.executeKeywordForPlatform(KeywordExecutor.groovy:74)
	at com.kms.katalon.core.webui.keyword.WebUiBuiltInKeywords.verifyElementText(WebUiBuiltInKeywords.groovy:4749)
	at com.kms.katalon.core.webui.keyword.WebUiBuiltInKeywords$verifyElementText$7.call(Unknown Source)
	at test case 42.run(test case 42:41)
	at com.kms.katalon.core.main.ScriptEngine.run(ScriptEngine.java:194)
	at com.kms.katalon.core.main.ScriptEngine.runScriptAsRawText(ScriptEngine.java:119)
	at com.kms.katalon.core.main.TestCaseExecutor.runScript(TestCaseExecutor.java:442)
	at com.kms.katalon.core.main.TestCaseExecutor.doExecute(TestCaseExecutor.java:433)
	at com.kms.katalon.core.main.TestCaseExecutor.processExecutionPhase(TestCaseExecutor.java:412)
	at com.kms.katalon.core.main.TestCaseExecutor.accessMainPhase(TestCaseExecutor.java:404)
	at com.kms.katalon.core.main.TestCaseExecutor.execute(TestCaseExecutor.java:281)
	at com.kms.katalon.core.main.TestSuiteExecutor.accessTestCaseMainPhase(TestSuiteExecutor.java:202)
	at com.kms.katalon.core.main.TestSuiteExecutor.accessTestSuiteMainPhase(TestSuiteExecutor.java:164)
	at com.kms.katalon.core.main.TestSuiteExecutor.execute(TestSuiteExecutor.java:105)
	at com.kms.katalon.core.main.TestCaseMain.startTestSuite(TestCaseMain.java:181)
	at com.kms.katalon.core.main.TestCaseMain$startTestSuite$0.call(Unknown Source)
	at TempTestSuite1642341898122.run(TempTestSuite1642341898122.groovy:36)
Caused by: com.kms.katalon.core.exception.StepFailedException: Actual text 'Discussion' and expected text 'Announcements' of test object 'Object Repository/Page_Announcements/h2_Announcements' are NOT matched.
	at com.kms.katalon.core.webui.keyword.internal.WebUIKeywordMain.stepFailed(WebUIKeywordMain.groovy:64)
	at com.kms.katalon.core.webui.keyword.builtin.VerifyElementTextKeyword$_verifyElementText_closure1.doCall(VerifyElementTextKeyword.groovy:57)
	at com.kms.katalon.core.webui.keyword.builtin.VerifyElementTextKeyword$_verifyElementText_closure1.call(VerifyElementTextKeyword.groovy)
	at com.kms.katalon.core.webui.keyword.internal.WebUIKeywordMain.runKeyword(WebUIKeywordMain.groovy:20)
	... 19 more
"/>
         <system-out><![CDATA[2022-01-16 22:34:20 - [TEST_CASE][FAILED] - Test Cases/test case 42: Test Cases/test case 42 FAILED.
Reason:
com.kms.katalon.core.exception.StepFailedException: Verify element text of test object 'Object Repository/Page_Announcements/h2_Announcements' FAILED.
	at com.kms.katalon.core.webui.keyword.internal.WebUIKeywordMain.stepFailed(WebUIKeywordMain.groovy:64)
	at com.kms.katalon.core.webui.keyword.internal.WebUIKeywordMain.runKeyword(WebUIKeywordMain.groovy:26)
	at com.kms.katalon.core.webui.keyword.builtin.VerifyElementTextKeyword.verifyElementText(VerifyElementTextKeyword.groovy:72)
	at com.kms.katalon.core.webui.keyword.builtin.VerifyElementTextKeyword.execute(VerifyElementTextKeyword.groovy:40)
	at com.kms.katalon.core.keyword.internal.KeywordExecutor.executeKeywordForPlatform(KeywordExecutor.groovy:74)
	at com.kms.katalon.core.webui.keyword.WebUiBuiltInKeywords.verifyElementText(WebUiBuiltInKeywords.groovy:4749)
	at com.kms.katalon.core.webui.keyword.WebUiBuiltInKeywords$verifyElementText$7.call(Unknown Source)
	at test case 42.run(test case 42:41)
	at com.kms.katalon.core.main.ScriptEngine.run(ScriptEngine.java:194)
	at com.kms.katalon.core.main.ScriptEngine.runScriptAsRawText(ScriptEngine.java:119)
	at com.kms.katalon.core.main.TestCaseExecutor.runScript(TestCaseExecutor.java:442)
	at com.kms.katalon.core.main.TestCaseExecutor.doExecute(TestCaseExecutor.java:433)
	at com.kms.katalon.core.main.TestCaseExecutor.processExecutionPhase(TestCaseExecutor.java:412)
	at com.kms.katalon.core.main.TestCaseExecutor.accessMainPhase(TestCaseExecutor.java:404)
	at com.kms.katalon.core.main.TestCaseExecutor.execute(TestCaseExecutor.java:281)
	at com.kms.katalon.core.main.TestSuiteExecutor.accessTestCaseMainPhase(TestSuiteExecutor.java:202)
	at com.kms.katalon.core.main.TestSuiteExecutor.accessTestSuiteMainPhase(TestSuiteExecutor.java:164)
	at com.kms.katalon.core.main.TestSuiteExecutor.execute(TestSuiteExecutor.java:105)
	at com.kms.katalon.core.main.TestCaseMain.startTestSuite(TestCaseMain.java:181)
	at com.kms.katalon.core.main.TestCaseMain$startTestSuite$0.call(Unknown Source)
	at TempTestSuite1642341898122.run(TempTestSuite1642341898122.groovy:36)
Caused by: com.kms.katalon.core.exception.StepFailedException: Actual text 'Discussion' and expected text 'Announcements' of test object 'Object Repository/Page_Announcements/h2_Announcements' are NOT matched.
	at com.kms.katalon.core.webui.keyword.internal.WebUIKeywordMain.stepFailed(WebUIKeywordMain.groovy:64)
	at com.kms.katalon.core.webui.keyword.builtin.VerifyElementTextKeyword$_verifyElementText_closure1.doCall(VerifyElementTextKeyword.groovy:57)
	at com.kms.katalon.core.webui.keyword.builtin.VerifyElementTextKeyword$_verifyElementText_closure1.call(VerifyElementTextKeyword.groovy)
	at com.kms.katalon.core.webui.keyword.internal.WebUIKeywordMain.runKeyword(WebUIKeywordMain.groovy:20)
	... 19 more


2022-01-16 22:34:20 - [TEST_STEP][PASSED] - openBrowser(""): Browser is opened with url: ''

2022-01-16 22:34:20 - [MESSAGE][WARNING] - A browser is already opened. Closing browser and opening a new one

2022-01-16 22:34:21 - [MESSAGE][INFO] - Starting 'Chrome' driver

2022-01-16 22:34:21 - [MESSAGE][INFO] - Action delay is set to 0 milliseconds

2022-01-16 22:34:22 - [MESSAGE][PASSED] - Browser is opened with url: ''

2022-01-16 22:34:22 - [TEST_STEP][PASSED] - navigateToUrl("http://localhost/"): Navigate to 'http://localhost/' successfully

2022-01-16 22:34:23 - [MESSAGE][PASSED] - Navigate to 'http://localhost/' successfully

2022-01-16 22:34:23 - [TEST_STEP][PASSED] - click(findTestObject("Object Repository/Page_Moodle/a_Log in")): Object: 'Object Repository/Page_Moodle/a_Log in' is clicked on

2022-01-16 22:34:24 - [MESSAGE][PASSED] - Object: 'Object Repository/Page_Moodle/a_Log in' is clicked on

2022-01-16 22:34:24 - [TEST_STEP][PASSED] - setText(findTestObject("Object Repository/Page_Moodle Log in to the site/input_Username_username"), "tmtriet"): Text 'tmtriet' is set on object 'Object Repository/Page_Moodle Log in to the site/input_Username_username'

2022-01-16 22:34:25 - [MESSAGE][PASSED] - Text 'tmtriet' is set on object 'Object Repository/Page_Moodle Log in to the site/input_Username_username'

2022-01-16 22:34:25 - [TEST_STEP][PASSED] - setEncryptedText(findTestObject("Object Repository/Page_Moodle Log in to the site/input_Password_password"), "NMz1A57fMJEpXGm/T4cXeQ=="): Text ****** has been set on object 'Object Repository/Page_Moodle Log in to the site/input_Password_password'

2022-01-16 22:34:25 - [MESSAGE][PASSED] - Text ****** has been set on object 'Object Repository/Page_Moodle Log in to the site/input_Password_password'

2022-01-16 22:34:25 - [TEST_STEP][PASSED] - click(findTestObject("Object Repository/Page_Moodle Log in to the site/button_Log in")): Object: 'Object Repository/Page_Moodle Log in to the site/button_Log in' is clicked on

2022-01-16 22:34:26 - [MESSAGE][PASSED] - Object: 'Object Repository/Page_Moodle Log in to the site/button_Log in' is clicked on

2022-01-16 22:34:26 - [TEST_STEP][PASSED] - verifyElementText(findTestObject("Page_Dashboard/span_IntroCS"), "IntroCS"): Actual text and expected text of test object 'Object Repository/Page_Dashboard/span_IntroCS' are matched.

2022-01-16 22:34:28 - [MESSAGE][PASSED] - Actual text and expected text of test object 'Object Repository/Page_Dashboard/span_IntroCS' are matched.

2022-01-16 22:34:28 - [TEST_STEP][PASSED] - click(findTestObject("Object Repository/Page_Dashboard/span_IntroCS")): Object: 'Object Repository/Page_Dashboard/span_IntroCS' is clicked on

2022-01-16 22:34:29 - [MESSAGE][PASSED] - Object: 'Object Repository/Page_Dashboard/span_IntroCS' is clicked on

2022-01-16 22:34:29 - [TEST_STEP][PASSED] - verifyElementPresent(findTestObject("Object Repository/Page_Course Introduction to Computer Science/span_Announcements Forum"), 0): Object 'Object Repository/Page_Course Introduction to Computer Science/span_Announcements Forum' is present

2022-01-16 22:34:29 - [MESSAGE][WARNING] - Timeout '0' is invalid. Using default page load timeout: '30'

2022-01-16 22:34:29 - [MESSAGE][PASSED] - Object 'Object Repository/Page_Course Introduction to Computer Science/span_Announcements Forum' is present

2022-01-16 22:34:29 - [TEST_STEP][PASSED] - click(findTestObject("Object Repository/Page_Course Introduction to Computer Science/span_Announcements Forum")): Object: 'Object Repository/Page_Course Introduction to Computer Science/span_Announcements Forum' is clicked on

2022-01-16 22:34:30 - [MESSAGE][PASSED] - Object: 'Object Repository/Page_Course Introduction to Computer Science/span_Announcements Forum' is clicked on

2022-01-16 22:34:30 - [TEST_STEP][FAILED] - verifyElementText(findTestObject("Page_Announcements/h2_Announcements"), "Announcements"): Verify element text of test object 'Object Repository/Page_Announcements/h2_Announcements' FAILED. (Root cause: com.kms.katalon.core.exception.StepFailedException: Verify element text of test object 'Object Repository/Page_Announcements/h2_Announcements' FAILED.
	at com.kms.katalon.core.webui.keyword.internal.WebUIKeywordMain.stepFailed(WebUIKeywordMain.groovy:64)
	at com.kms.katalon.core.webui.keyword.internal.WebUIKeywordMain.runKeyword(WebUIKeywordMain.groovy:26)
	at com.kms.katalon.core.webui.keyword.builtin.VerifyElementTextKeyword.verifyElementText(VerifyElementTextKeyword.groovy:72)
	at com.kms.katalon.core.webui.keyword.builtin.VerifyElementTextKeyword.execute(VerifyElementTextKeyword.groovy:40)
	at com.kms.katalon.core.keyword.internal.KeywordExecutor.executeKeywordForPlatform(KeywordExecutor.groovy:74)
	at com.kms.katalon.core.webui.keyword.WebUiBuiltInKeywords.verifyElementText(WebUiBuiltInKeywords.groovy:4749)
	at com.kms.katalon.core.webui.keyword.WebUiBuiltInKeywords$verifyElementText$7.call(Unknown Source)
	at test case 42.run(test case 42:41)
	at com.kms.katalon.core.main.ScriptEngine.run(ScriptEngine.java:194)
	at com.kms.katalon.core.main.ScriptEngine.runScriptAsRawText(ScriptEngine.java:119)
	at com.kms.katalon.core.main.TestCaseExecutor.runScript(TestCaseExecutor.java:442)
	at com.kms.katalon.core.main.TestCaseExecutor.doExecute(TestCaseExecutor.java:433)
	at com.kms.katalon.core.main.TestCaseExecutor.processExecutionPhase(TestCaseExecutor.java:412)
	at com.kms.katalon.core.main.TestCaseExecutor.accessMainPhase(TestCaseExecutor.java:404)
	at com.kms.katalon.core.main.TestCaseExecutor.execute(TestCaseExecutor.java:281)
	at com.kms.katalon.core.main.TestSuiteExecutor.accessTestCaseMainPhase(TestSuiteExecutor.java:202)
	at com.kms.katalon.core.main.TestSuiteExecutor.accessTestSuiteMainPhase(TestSuiteExecutor.java:164)
	at com.kms.katalon.core.main.TestSuiteExecutor.execute(TestSuiteExecutor.java:105)
	at com.kms.katalon.core.main.TestCaseMain.startTestSuite(TestCaseMain.java:181)
	at com.kms.katalon.core.main.TestCaseMain$startTestSuite$0.call(Unknown Source)
	at TempTestSuite1642341898122.run(TempTestSuite1642341898122.groovy:36)
Caused by: com.kms.katalon.core.exception.StepFailedException: Actual text 'Discussion' and expected text 'Announcements' of test object 'Object Repository/Page_Announcements/h2_Announcements' are NOT matched.
	at com.kms.katalon.core.webui.keyword.internal.WebUIKeywordMain.stepFailed(WebUIKeywordMain.groovy:64)
	at com.kms.katalon.core.webui.keyword.builtin.VerifyElementTextKeyword$_verifyElementText_closure1.doCall(VerifyElementTextKeyword.groovy:57)
	at com.kms.katalon.core.webui.keyword.builtin.VerifyElementTextKeyword$_verifyElementText_closure1.call(VerifyElementTextKeyword.groovy)
	at com.kms.katalon.core.webui.keyword.internal.WebUIKeywordMain.runKeyword(WebUIKeywordMain.groovy:20)
	... 19 more
)

2022-01-16 22:34:31 - [MESSAGE][FAILED] - Actual text 'Discussion' and expected text 'Announcements' of test object 'Object Repository/Page_Announcements/h2_Announcements' are NOT matched. (Root cause: com.kms.katalon.core.exception.StepFailedException: Actual text 'Discussion' and expected text 'Announcements' of test object 'Object Repository/Page_Announcements/h2_Announcements' are NOT matched.
	at com.kms.katalon.core.webui.keyword.internal.WebUIKeywordMain.stepFailed(WebUIKeywordMain.groovy:64)
	at com.kms.katalon.core.webui.keyword.builtin.VerifyElementTextKeyword$_verifyElementText_closure1.doCall(VerifyElementTextKeyword.groovy:57)
	at com.kms.katalon.core.webui.keyword.builtin.VerifyElementTextKeyword$_verifyElementText_closure1.call(VerifyElementTextKeyword.groovy)
	at com.kms.katalon.core.webui.keyword.internal.WebUIKeywordMain.runKeyword(WebUIKeywordMain.groovy:20)
	at com.kms.katalon.core.webui.keyword.builtin.VerifyElementTextKeyword.verifyElementText(VerifyElementTextKeyword.groovy:72)
	at com.kms.katalon.core.webui.keyword.builtin.VerifyElementTextKeyword.execute(VerifyElementTextKeyword.groovy:40)
	at com.kms.katalon.core.keyword.internal.KeywordExecutor.executeKeywordForPlatform(KeywordExecutor.groovy:74)
	at com.kms.katalon.core.webui.keyword.WebUiBuiltInKeywords.verifyElementText(WebUiBuiltInKeywords.groovy:4749)
	at com.kms.katalon.core.webui.keyword.WebUiBuiltInKeywords$verifyElementText$7.call(Unknown Source)
	at test case 42.run(test case 42:41)
	at com.kms.katalon.core.main.ScriptEngine.run(ScriptEngine.java:194)
	at com.kms.katalon.core.main.ScriptEngine.runScriptAsRawText(ScriptEngine.java:119)
	at com.kms.katalon.core.main.TestCaseExecutor.runScript(TestCaseExecutor.java:442)
	at com.kms.katalon.core.main.TestCaseExecutor.doExecute(TestCaseExecutor.java:433)
	at com.kms.katalon.core.main.TestCaseExecutor.processExecutionPhase(TestCaseExecutor.java:412)
	at com.kms.katalon.core.main.TestCaseExecutor.accessMainPhase(TestCaseExecutor.java:404)
	at com.kms.katalon.core.main.TestCaseExecutor.execute(TestCaseExecutor.java:281)
	at com.kms.katalon.core.main.TestSuiteExecutor.accessTestCaseMainPhase(TestSuiteExecutor.java:202)
	at com.kms.katalon.core.main.TestSuiteExecutor.accessTestSuiteMainPhase(TestSuiteExecutor.java:164)
	at com.kms.katalon.core.main.TestSuiteExecutor.execute(TestSuiteExecutor.java:105)
	at com.kms.katalon.core.main.TestCaseMain.startTestSuite(TestCaseMain.java:181)
	at com.kms.katalon.core.main.TestCaseMain$startTestSuite$0.call(Unknown Source)
	at TempTestSuite1642341898122.run(TempTestSuite1642341898122.groovy:36)
)
[[ATTACHMENT|D:\\Test-Automation-SE-Bonus\\Test-Automation-SE-Bonus\\Reports\\20220116_210458\\Run all test cases\\20220116_210458\\1642347271447.png]]

2022-01-16 22:34:31 - [MESSAGE][FAILED] - Verify element text of test object 'Object Repository/Page_Announcements/h2_Announcements' FAILED. (Root cause: com.kms.katalon.core.exception.StepFailedException: Verify element text of test object 'Object Repository/Page_Announcements/h2_Announcements' FAILED.
	at com.kms.katalon.core.webui.keyword.internal.WebUIKeywordMain.stepFailed(WebUIKeywordMain.groovy:64)
	at com.kms.katalon.core.webui.keyword.internal.WebUIKeywordMain.runKeyword(WebUIKeywordMain.groovy:26)
	at com.kms.katalon.core.webui.keyword.builtin.VerifyElementTextKeyword.verifyElementText(VerifyElementTextKeyword.groovy:72)
	at com.kms.katalon.core.webui.keyword.builtin.VerifyElementTextKeyword.execute(VerifyElementTextKeyword.groovy:40)
	at com.kms.katalon.core.keyword.internal.KeywordExecutor.executeKeywordForPlatform(KeywordExecutor.groovy:74)
	at com.kms.katalon.core.webui.keyword.WebUiBuiltInKeywords.verifyElementText(WebUiBuiltInKeywords.groovy:4749)
	at com.kms.katalon.core.webui.keyword.WebUiBuiltInKeywords$verifyElementText$7.call(Unknown Source)
	at test case 42.run(test case 42:41)
	at com.kms.katalon.core.main.ScriptEngine.run(ScriptEngine.java:194)
	at com.kms.katalon.core.main.ScriptEngine.runScriptAsRawText(ScriptEngine.java:119)
	at com.kms.katalon.core.main.TestCaseExecutor.runScript(TestCaseExecutor.java:442)
	at com.kms.katalon.core.main.TestCaseExecutor.doExecute(TestCaseExecutor.java:433)
	at com.kms.katalon.core.main.TestCaseExecutor.processExecutionPhase(TestCaseExecutor.java:412)
	at com.kms.katalon.core.main.TestCaseExecutor.accessMainPhase(TestCaseExecutor.java:404)
	at com.kms.katalon.core.main.TestCaseExecutor.execute(TestCaseExecutor.java:281)
	at com.kms.katalon.core.main.TestSuiteExecutor.accessTestCaseMainPhase(TestSuiteExecutor.java:202)
	at com.kms.katalon.core.main.TestSuiteExecutor.accessTestSuiteMainPhase(TestSuiteExecutor.java:164)
	at com.kms.katalon.core.main.TestSuiteExecutor.execute(TestSuiteExecutor.java:105)
	at com.kms.katalon.core.main.TestCaseMain.startTestSuite(TestCaseMain.java:181)
	at com.kms.katalon.core.main.TestCaseMain$startTestSuite$0.call(Unknown Source)
	at TempTestSuite1642341898122.run(TempTestSuite1642341898122.groovy:36)
Caused by: com.kms.katalon.core.exception.StepFailedException: Actual text 'Discussion' and expected text 'Announcements' of test object 'Object Repository/Page_Announcements/h2_Announcements' are NOT matched.
	at com.kms.katalon.core.webui.keyword.internal.WebUIKeywordMain.stepFailed(WebUIKeywordMain.groovy:64)
	at com.kms.katalon.core.webui.keyword.builtin.VerifyElementTextKeyword$_verifyElementText_closure1.doCall(VerifyElementTextKeyword.groovy:57)
	at com.kms.katalon.core.webui.keyword.builtin.VerifyElementTextKeyword$_verifyElementText_closure1.call(VerifyElementTextKeyword.groovy)
	at com.kms.katalon.core.webui.keyword.internal.WebUIKeywordMain.runKeyword(WebUIKeywordMain.groovy:20)
	... 19 more
)
[[ATTACHMENT|D:\\Test-Automation-SE-Bonus\\Test-Automation-SE-Bonus\\Reports\\20220116_210458\\Run all test cases\\20220116_210458\\1642347271599.png]]]]></system-out>
         <system-err><![CDATA[2022-01-16 22:34:20 - [TEST_CASE][FAILED] - Test Cases/test case 42: Test Cases/test case 42 FAILED.
Reason:
com.kms.katalon.core.exception.StepFailedException: Verify element text of test object 'Object Repository/Page_Announcements/h2_Announcements' FAILED.
	at com.kms.katalon.core.webui.keyword.internal.WebUIKeywordMain.stepFailed(WebUIKeywordMain.groovy:64)
	at com.kms.katalon.core.webui.keyword.internal.WebUIKeywordMain.runKeyword(WebUIKeywordMain.groovy:26)
	at com.kms.katalon.core.webui.keyword.builtin.VerifyElementTextKeyword.verifyElementText(VerifyElementTextKeyword.groovy:72)
	at com.kms.katalon.core.webui.keyword.builtin.VerifyElementTextKeyword.execute(VerifyElementTextKeyword.groovy:40)
	at com.kms.katalon.core.keyword.internal.KeywordExecutor.executeKeywordForPlatform(KeywordExecutor.groovy:74)
	at com.kms.katalon.core.webui.keyword.WebUiBuiltInKeywords.verifyElementText(WebUiBuiltInKeywords.groovy:4749)
	at com.kms.katalon.core.webui.keyword.WebUiBuiltInKeywords$verifyElementText$7.call(Unknown Source)
	at test case 42.run(test case 42:41)
	at com.kms.katalon.core.main.ScriptEngine.run(ScriptEngine.java:194)
	at com.kms.katalon.core.main.ScriptEngine.runScriptAsRawText(ScriptEngine.java:119)
	at com.kms.katalon.core.main.TestCaseExecutor.runScript(TestCaseExecutor.java:442)
	at com.kms.katalon.core.main.TestCaseExecutor.doExecute(TestCaseExecutor.java:433)
	at com.kms.katalon.core.main.TestCaseExecutor.processExecutionPhase(TestCaseExecutor.java:412)
	at com.kms.katalon.core.main.TestCaseExecutor.accessMainPhase(TestCaseExecutor.java:404)
	at com.kms.katalon.core.main.TestCaseExecutor.execute(TestCaseExecutor.java:281)
	at com.kms.katalon.core.main.TestSuiteExecutor.accessTestCaseMainPhase(TestSuiteExecutor.java:202)
	at com.kms.katalon.core.main.TestSuiteExecutor.accessTestSuiteMainPhase(TestSuiteExecutor.java:164)
	at com.kms.katalon.core.main.TestSuiteExecutor.execute(TestSuiteExecutor.java:105)
	at com.kms.katalon.core.main.TestCaseMain.startTestSuite(TestCaseMain.java:181)
	at com.kms.katalon.core.main.TestCaseMain$startTestSuite$0.call(Unknown Source)
	at TempTestSuite1642341898122.run(TempTestSuite1642341898122.groovy:36)
Caused by: com.kms.katalon.core.exception.StepFailedException: Actual text 'Discussion' and expected text 'Announcements' of test object 'Object Repository/Page_Announcements/h2_Announcements' are NOT matched.
	at com.kms.katalon.core.webui.keyword.internal.WebUIKeywordMain.stepFailed(WebUIKeywordMain.groovy:64)
	at com.kms.katalon.core.webui.keyword.builtin.VerifyElementTextKeyword$_verifyElementText_closure1.doCall(VerifyElementTextKeyword.groovy:57)
	at com.kms.katalon.core.webui.keyword.builtin.VerifyElementTextKeyword$_verifyElementText_closure1.call(VerifyElementTextKeyword.groovy)
	at com.kms.katalon.core.webui.keyword.internal.WebUIKeywordMain.runKeyword(WebUIKeywordMain.groovy:20)
	... 19 more]]></system-err>
      </testcase>
      <testcase name="Test Cases/test case 43" time="10.794" classname="Test Cases/test case 43" status="FAILED">
         <failure type="FAILED" message="Test Cases/test case 43 FAILED.
Reason:
com.kms.katalon.core.exception.StepFailedException: Verify element text of test object 'Object Repository/Page_Announcements/h2_Announcements' FAILED.
	at com.kms.katalon.core.webui.keyword.internal.WebUIKeywordMain.stepFailed(WebUIKeywordMain.groovy:64)
	at com.kms.katalon.core.webui.keyword.internal.WebUIKeywordMain.runKeyword(WebUIKeywordMain.groovy:26)
	at com.kms.katalon.core.webui.keyword.builtin.VerifyElementTextKeyword.verifyElementText(VerifyElementTextKeyword.groovy:72)
	at com.kms.katalon.core.webui.keyword.builtin.VerifyElementTextKeyword.execute(VerifyElementTextKeyword.groovy:40)
	at com.kms.katalon.core.keyword.internal.KeywordExecutor.executeKeywordForPlatform(KeywordExecutor.groovy:74)
	at com.kms.katalon.core.webui.keyword.WebUiBuiltInKeywords.verifyElementText(WebUiBuiltInKeywords.groovy:4749)
	at com.kms.katalon.core.webui.keyword.WebUiBuiltInKeywords$verifyElementText$7.call(Unknown Source)
	at test case 43.run(test case 43:41)
	at com.kms.katalon.core.main.ScriptEngine.run(ScriptEngine.java:194)
	at com.kms.katalon.core.main.ScriptEngine.runScriptAsRawText(ScriptEngine.java:119)
	at com.kms.katalon.core.main.TestCaseExecutor.runScript(TestCaseExecutor.java:442)
	at com.kms.katalon.core.main.TestCaseExecutor.doExecute(TestCaseExecutor.java:433)
	at com.kms.katalon.core.main.TestCaseExecutor.processExecutionPhase(TestCaseExecutor.java:412)
	at com.kms.katalon.core.main.TestCaseExecutor.accessMainPhase(TestCaseExecutor.java:404)
	at com.kms.katalon.core.main.TestCaseExecutor.execute(TestCaseExecutor.java:281)
	at com.kms.katalon.core.main.TestSuiteExecutor.accessTestCaseMainPhase(TestSuiteExecutor.java:202)
	at com.kms.katalon.core.main.TestSuiteExecutor.accessTestSuiteMainPhase(TestSuiteExecutor.java:164)
	at com.kms.katalon.core.main.TestSuiteExecutor.execute(TestSuiteExecutor.java:105)
	at com.kms.katalon.core.main.TestCaseMain.startTestSuite(TestCaseMain.java:181)
	at com.kms.katalon.core.main.TestCaseMain$startTestSuite$0.call(Unknown Source)
	at TempTestSuite1642341898122.run(TempTestSuite1642341898122.groovy:36)
Caused by: com.kms.katalon.core.exception.StepFailedException: Actual text 'Discussion' and expected text 'Announcements' of test object 'Object Repository/Page_Announcements/h2_Announcements' are NOT matched.
	at com.kms.katalon.core.webui.keyword.internal.WebUIKeywordMain.stepFailed(WebUIKeywordMain.groovy:64)
	at com.kms.katalon.core.webui.keyword.builtin.VerifyElementTextKeyword$_verifyElementText_closure1.doCall(VerifyElementTextKeyword.groovy:57)
	at com.kms.katalon.core.webui.keyword.builtin.VerifyElementTextKeyword$_verifyElementText_closure1.call(VerifyElementTextKeyword.groovy)
	at com.kms.katalon.core.webui.keyword.internal.WebUIKeywordMain.runKeyword(WebUIKeywordMain.groovy:20)
	... 19 more
"/>
         <system-out><![CDATA[2022-01-16 22:34:31 - [TEST_CASE][FAILED] - Test Cases/test case 43: Test Cases/test case 43 FAILED.
Reason:
com.kms.katalon.core.exception.StepFailedException: Verify element text of test object 'Object Repository/Page_Announcements/h2_Announcements' FAILED.
	at com.kms.katalon.core.webui.keyword.internal.WebUIKeywordMain.stepFailed(WebUIKeywordMain.groovy:64)
	at com.kms.katalon.core.webui.keyword.internal.WebUIKeywordMain.runKeyword(WebUIKeywordMain.groovy:26)
	at com.kms.katalon.core.webui.keyword.builtin.VerifyElementTextKeyword.verifyElementText(VerifyElementTextKeyword.groovy:72)
	at com.kms.katalon.core.webui.keyword.builtin.VerifyElementTextKeyword.execute(VerifyElementTextKeyword.groovy:40)
	at com.kms.katalon.core.keyword.internal.KeywordExecutor.executeKeywordForPlatform(KeywordExecutor.groovy:74)
	at com.kms.katalon.core.webui.keyword.WebUiBuiltInKeywords.verifyElementText(WebUiBuiltInKeywords.groovy:4749)
	at com.kms.katalon.core.webui.keyword.WebUiBuiltInKeywords$verifyElementText$7.call(Unknown Source)
	at test case 43.run(test case 43:41)
	at com.kms.katalon.core.main.ScriptEngine.run(ScriptEngine.java:194)
	at com.kms.katalon.core.main.ScriptEngine.runScriptAsRawText(ScriptEngine.java:119)
	at com.kms.katalon.core.main.TestCaseExecutor.runScript(TestCaseExecutor.java:442)
	at com.kms.katalon.core.main.TestCaseExecutor.doExecute(TestCaseExecutor.java:433)
	at com.kms.katalon.core.main.TestCaseExecutor.processExecutionPhase(TestCaseExecutor.java:412)
	at com.kms.katalon.core.main.TestCaseExecutor.accessMainPhase(TestCaseExecutor.java:404)
	at com.kms.katalon.core.main.TestCaseExecutor.execute(TestCaseExecutor.java:281)
	at com.kms.katalon.core.main.TestSuiteExecutor.accessTestCaseMainPhase(TestSuiteExecutor.java:202)
	at com.kms.katalon.core.main.TestSuiteExecutor.accessTestSuiteMainPhase(TestSuiteExecutor.java:164)
	at com.kms.katalon.core.main.TestSuiteExecutor.execute(TestSuiteExecutor.java:105)
	at com.kms.katalon.core.main.TestCaseMain.startTestSuite(TestCaseMain.java:181)
	at com.kms.katalon.core.main.TestCaseMain$startTestSuite$0.call(Unknown Source)
	at TempTestSuite1642341898122.run(TempTestSuite1642341898122.groovy:36)
Caused by: com.kms.katalon.core.exception.StepFailedException: Actual text 'Discussion' and expected text 'Announcements' of test object 'Object Repository/Page_Announcements/h2_Announcements' are NOT matched.
	at com.kms.katalon.core.webui.keyword.internal.WebUIKeywordMain.stepFailed(WebUIKeywordMain.groovy:64)
	at com.kms.katalon.core.webui.keyword.builtin.VerifyElementTextKeyword$_verifyElementText_closure1.doCall(VerifyElementTextKeyword.groovy:57)
	at com.kms.katalon.core.webui.keyword.builtin.VerifyElementTextKeyword$_verifyElementText_closure1.call(VerifyElementTextKeyword.groovy)
	at com.kms.katalon.core.webui.keyword.internal.WebUIKeywordMain.runKeyword(WebUIKeywordMain.groovy:20)
	... 19 more


2022-01-16 22:34:31 - [TEST_STEP][PASSED] - openBrowser(""): Browser is opened with url: ''

2022-01-16 22:34:31 - [MESSAGE][WARNING] - A browser is already opened. Closing browser and opening a new one

2022-01-16 22:34:32 - [MESSAGE][INFO] - Starting 'Chrome' driver

2022-01-16 22:34:32 - [MESSAGE][INFO] - Action delay is set to 0 milliseconds

2022-01-16 22:34:33 - [MESSAGE][PASSED] - Browser is opened with url: ''

2022-01-16 22:34:33 - [TEST_STEP][PASSED] - navigateToUrl("http://localhost/"): Navigate to 'http://localhost/' successfully

2022-01-16 22:34:35 - [MESSAGE][PASSED] - Navigate to 'http://localhost/' successfully

2022-01-16 22:34:35 - [TEST_STEP][PASSED] - click(findTestObject("Object Repository/Page_Moodle/a_Log in")): Object: 'Object Repository/Page_Moodle/a_Log in' is clicked on

2022-01-16 22:34:35 - [MESSAGE][PASSED] - Object: 'Object Repository/Page_Moodle/a_Log in' is clicked on

2022-01-16 22:34:35 - [TEST_STEP][PASSED] - setText(findTestObject("Object Repository/Page_Moodle Log in to the site/input_Username_username"), "tmtriet"): Text 'tmtriet' is set on object 'Object Repository/Page_Moodle Log in to the site/input_Username_username'

2022-01-16 22:34:36 - [MESSAGE][PASSED] - Text 'tmtriet' is set on object 'Object Repository/Page_Moodle Log in to the site/input_Username_username'

2022-01-16 22:34:36 - [TEST_STEP][PASSED] - setEncryptedText(findTestObject("Object Repository/Page_Moodle Log in to the site/input_Password_password"), "NMz1A57fMJEpXGm/T4cXeQ=="): Text ****** has been set on object 'Object Repository/Page_Moodle Log in to the site/input_Password_password'

2022-01-16 22:34:36 - [MESSAGE][PASSED] - Text ****** has been set on object 'Object Repository/Page_Moodle Log in to the site/input_Password_password'

2022-01-16 22:34:36 - [TEST_STEP][PASSED] - click(findTestObject("Object Repository/Page_Moodle Log in to the site/button_Log in")): Object: 'Object Repository/Page_Moodle Log in to the site/button_Log in' is clicked on

2022-01-16 22:34:37 - [MESSAGE][PASSED] - Object: 'Object Repository/Page_Moodle Log in to the site/button_Log in' is clicked on

2022-01-16 22:34:37 - [TEST_STEP][PASSED] - verifyElementText(findTestObject("Page_Dashboard/span_IntroCS"), "IntroCS"): Actual text and expected text of test object 'Object Repository/Page_Dashboard/span_IntroCS' are matched.

2022-01-16 22:34:39 - [MESSAGE][PASSED] - Actual text and expected text of test object 'Object Repository/Page_Dashboard/span_IntroCS' are matched.

2022-01-16 22:34:39 - [TEST_STEP][PASSED] - click(findTestObject("Object Repository/Page_Dashboard/span_IntroCS")): Object: 'Object Repository/Page_Dashboard/span_IntroCS' is clicked on

2022-01-16 22:34:40 - [MESSAGE][PASSED] - Object: 'Object Repository/Page_Dashboard/span_IntroCS' is clicked on

2022-01-16 22:34:40 - [TEST_STEP][PASSED] - verifyElementPresent(findTestObject("Object Repository/Page_Course Introduction to Computer Science/span_Announcements Forum"), 0): Object 'Object Repository/Page_Course Introduction to Computer Science/span_Announcements Forum' is present

2022-01-16 22:34:40 - [MESSAGE][WARNING] - Timeout '0' is invalid. Using default page load timeout: '30'

2022-01-16 22:34:40 - [MESSAGE][PASSED] - Object 'Object Repository/Page_Course Introduction to Computer Science/span_Announcements Forum' is present

2022-01-16 22:34:40 - [TEST_STEP][PASSED] - click(findTestObject("Object Repository/Page_Course Introduction to Computer Science/span_Announcements Forum")): Object: 'Object Repository/Page_Course Introduction to Computer Science/span_Announcements Forum' is clicked on

2022-01-16 22:34:41 - [MESSAGE][PASSED] - Object: 'Object Repository/Page_Course Introduction to Computer Science/span_Announcements Forum' is clicked on

2022-01-16 22:34:41 - [TEST_STEP][FAILED] - verifyElementText(findTestObject("Page_Announcements/h2_Announcements"), "Announcements"): Verify element text of test object 'Object Repository/Page_Announcements/h2_Announcements' FAILED. (Root cause: com.kms.katalon.core.exception.StepFailedException: Verify element text of test object 'Object Repository/Page_Announcements/h2_Announcements' FAILED.
	at com.kms.katalon.core.webui.keyword.internal.WebUIKeywordMain.stepFailed(WebUIKeywordMain.groovy:64)
	at com.kms.katalon.core.webui.keyword.internal.WebUIKeywordMain.runKeyword(WebUIKeywordMain.groovy:26)
	at com.kms.katalon.core.webui.keyword.builtin.VerifyElementTextKeyword.verifyElementText(VerifyElementTextKeyword.groovy:72)
	at com.kms.katalon.core.webui.keyword.builtin.VerifyElementTextKeyword.execute(VerifyElementTextKeyword.groovy:40)
	at com.kms.katalon.core.keyword.internal.KeywordExecutor.executeKeywordForPlatform(KeywordExecutor.groovy:74)
	at com.kms.katalon.core.webui.keyword.WebUiBuiltInKeywords.verifyElementText(WebUiBuiltInKeywords.groovy:4749)
	at com.kms.katalon.core.webui.keyword.WebUiBuiltInKeywords$verifyElementText$7.call(Unknown Source)
	at test case 43.run(test case 43:41)
	at com.kms.katalon.core.main.ScriptEngine.run(ScriptEngine.java:194)
	at com.kms.katalon.core.main.ScriptEngine.runScriptAsRawText(ScriptEngine.java:119)
	at com.kms.katalon.core.main.TestCaseExecutor.runScript(TestCaseExecutor.java:442)
	at com.kms.katalon.core.main.TestCaseExecutor.doExecute(TestCaseExecutor.java:433)
	at com.kms.katalon.core.main.TestCaseExecutor.processExecutionPhase(TestCaseExecutor.java:412)
	at com.kms.katalon.core.main.TestCaseExecutor.accessMainPhase(TestCaseExecutor.java:404)
	at com.kms.katalon.core.main.TestCaseExecutor.execute(TestCaseExecutor.java:281)
	at com.kms.katalon.core.main.TestSuiteExecutor.accessTestCaseMainPhase(TestSuiteExecutor.java:202)
	at com.kms.katalon.core.main.TestSuiteExecutor.accessTestSuiteMainPhase(TestSuiteExecutor.java:164)
	at com.kms.katalon.core.main.TestSuiteExecutor.execute(TestSuiteExecutor.java:105)
	at com.kms.katalon.core.main.TestCaseMain.startTestSuite(TestCaseMain.java:181)
	at com.kms.katalon.core.main.TestCaseMain$startTestSuite$0.call(Unknown Source)
	at TempTestSuite1642341898122.run(TempTestSuite1642341898122.groovy:36)
Caused by: com.kms.katalon.core.exception.StepFailedException: Actual text 'Discussion' and expected text 'Announcements' of test object 'Object Repository/Page_Announcements/h2_Announcements' are NOT matched.
	at com.kms.katalon.core.webui.keyword.internal.WebUIKeywordMain.stepFailed(WebUIKeywordMain.groovy:64)
	at com.kms.katalon.core.webui.keyword.builtin.VerifyElementTextKeyword$_verifyElementText_closure1.doCall(VerifyElementTextKeyword.groovy:57)
	at com.kms.katalon.core.webui.keyword.builtin.VerifyElementTextKeyword$_verifyElementText_closure1.call(VerifyElementTextKeyword.groovy)
	at com.kms.katalon.core.webui.keyword.internal.WebUIKeywordMain.runKeyword(WebUIKeywordMain.groovy:20)
	... 19 more
)

2022-01-16 22:34:42 - [MESSAGE][FAILED] - Actual text 'Discussion' and expected text 'Announcements' of test object 'Object Repository/Page_Announcements/h2_Announcements' are NOT matched. (Root cause: com.kms.katalon.core.exception.StepFailedException: Actual text 'Discussion' and expected text 'Announcements' of test object 'Object Repository/Page_Announcements/h2_Announcements' are NOT matched.
	at com.kms.katalon.core.webui.keyword.internal.WebUIKeywordMain.stepFailed(WebUIKeywordMain.groovy:64)
	at com.kms.katalon.core.webui.keyword.builtin.VerifyElementTextKeyword$_verifyElementText_closure1.doCall(VerifyElementTextKeyword.groovy:57)
	at com.kms.katalon.core.webui.keyword.builtin.VerifyElementTextKeyword$_verifyElementText_closure1.call(VerifyElementTextKeyword.groovy)
	at com.kms.katalon.core.webui.keyword.internal.WebUIKeywordMain.runKeyword(WebUIKeywordMain.groovy:20)
	at com.kms.katalon.core.webui.keyword.builtin.VerifyElementTextKeyword.verifyElementText(VerifyElementTextKeyword.groovy:72)
	at com.kms.katalon.core.webui.keyword.builtin.VerifyElementTextKeyword.execute(VerifyElementTextKeyword.groovy:40)
	at com.kms.katalon.core.keyword.internal.KeywordExecutor.executeKeywordForPlatform(KeywordExecutor.groovy:74)
	at com.kms.katalon.core.webui.keyword.WebUiBuiltInKeywords.verifyElementText(WebUiBuiltInKeywords.groovy:4749)
	at com.kms.katalon.core.webui.keyword.WebUiBuiltInKeywords$verifyElementText$7.call(Unknown Source)
	at test case 43.run(test case 43:41)
	at com.kms.katalon.core.main.ScriptEngine.run(ScriptEngine.java:194)
	at com.kms.katalon.core.main.ScriptEngine.runScriptAsRawText(ScriptEngine.java:119)
	at com.kms.katalon.core.main.TestCaseExecutor.runScript(TestCaseExecutor.java:442)
	at com.kms.katalon.core.main.TestCaseExecutor.doExecute(TestCaseExecutor.java:433)
	at com.kms.katalon.core.main.TestCaseExecutor.processExecutionPhase(TestCaseExecutor.java:412)
	at com.kms.katalon.core.main.TestCaseExecutor.accessMainPhase(TestCaseExecutor.java:404)
	at com.kms.katalon.core.main.TestCaseExecutor.execute(TestCaseExecutor.java:281)
	at com.kms.katalon.core.main.TestSuiteExecutor.accessTestCaseMainPhase(TestSuiteExecutor.java:202)
	at com.kms.katalon.core.main.TestSuiteExecutor.accessTestSuiteMainPhase(TestSuiteExecutor.java:164)
	at com.kms.katalon.core.main.TestSuiteExecutor.execute(TestSuiteExecutor.java:105)
	at com.kms.katalon.core.main.TestCaseMain.startTestSuite(TestCaseMain.java:181)
	at com.kms.katalon.core.main.TestCaseMain$startTestSuite$0.call(Unknown Source)
	at TempTestSuite1642341898122.run(TempTestSuite1642341898122.groovy:36)
)
[[ATTACHMENT|D:\\Test-Automation-SE-Bonus\\Test-Automation-SE-Bonus\\Reports\\20220116_210458\\Run all test cases\\20220116_210458\\1642347282254.png]]

2022-01-16 22:34:42 - [MESSAGE][FAILED] - Verify element text of test object 'Object Repository/Page_Announcements/h2_Announcements' FAILED. (Root cause: com.kms.katalon.core.exception.StepFailedException: Verify element text of test object 'Object Repository/Page_Announcements/h2_Announcements' FAILED.
	at com.kms.katalon.core.webui.keyword.internal.WebUIKeywordMain.stepFailed(WebUIKeywordMain.groovy:64)
	at com.kms.katalon.core.webui.keyword.internal.WebUIKeywordMain.runKeyword(WebUIKeywordMain.groovy:26)
	at com.kms.katalon.core.webui.keyword.builtin.VerifyElementTextKeyword.verifyElementText(VerifyElementTextKeyword.groovy:72)
	at com.kms.katalon.core.webui.keyword.builtin.VerifyElementTextKeyword.execute(VerifyElementTextKeyword.groovy:40)
	at com.kms.katalon.core.keyword.internal.KeywordExecutor.executeKeywordForPlatform(KeywordExecutor.groovy:74)
	at com.kms.katalon.core.webui.keyword.WebUiBuiltInKeywords.verifyElementText(WebUiBuiltInKeywords.groovy:4749)
	at com.kms.katalon.core.webui.keyword.WebUiBuiltInKeywords$verifyElementText$7.call(Unknown Source)
	at test case 43.run(test case 43:41)
	at com.kms.katalon.core.main.ScriptEngine.run(ScriptEngine.java:194)
	at com.kms.katalon.core.main.ScriptEngine.runScriptAsRawText(ScriptEngine.java:119)
	at com.kms.katalon.core.main.TestCaseExecutor.runScript(TestCaseExecutor.java:442)
	at com.kms.katalon.core.main.TestCaseExecutor.doExecute(TestCaseExecutor.java:433)
	at com.kms.katalon.core.main.TestCaseExecutor.processExecutionPhase(TestCaseExecutor.java:412)
	at com.kms.katalon.core.main.TestCaseExecutor.accessMainPhase(TestCaseExecutor.java:404)
	at com.kms.katalon.core.main.TestCaseExecutor.execute(TestCaseExecutor.java:281)
	at com.kms.katalon.core.main.TestSuiteExecutor.accessTestCaseMainPhase(TestSuiteExecutor.java:202)
	at com.kms.katalon.core.main.TestSuiteExecutor.accessTestSuiteMainPhase(TestSuiteExecutor.java:164)
	at com.kms.katalon.core.main.TestSuiteExecutor.execute(TestSuiteExecutor.java:105)
	at com.kms.katalon.core.main.TestCaseMain.startTestSuite(TestCaseMain.java:181)
	at com.kms.katalon.core.main.TestCaseMain$startTestSuite$0.call(Unknown Source)
	at TempTestSuite1642341898122.run(TempTestSuite1642341898122.groovy:36)
Caused by: com.kms.katalon.core.exception.StepFailedException: Actual text 'Discussion' and expected text 'Announcements' of test object 'Object Repository/Page_Announcements/h2_Announcements' are NOT matched.
	at com.kms.katalon.core.webui.keyword.internal.WebUIKeywordMain.stepFailed(WebUIKeywordMain.groovy:64)
	at com.kms.katalon.core.webui.keyword.builtin.VerifyElementTextKeyword$_verifyElementText_closure1.doCall(VerifyElementTextKeyword.groovy:57)
	at com.kms.katalon.core.webui.keyword.builtin.VerifyElementTextKeyword$_verifyElementText_closure1.call(VerifyElementTextKeyword.groovy)
	at com.kms.katalon.core.webui.keyword.internal.WebUIKeywordMain.runKeyword(WebUIKeywordMain.groovy:20)
	... 19 more
)
[[ATTACHMENT|D:\\Test-Automation-SE-Bonus\\Test-Automation-SE-Bonus\\Reports\\20220116_210458\\Run all test cases\\20220116_210458\\1642347282384.png]]]]></system-out>
         <system-err><![CDATA[2022-01-16 22:34:31 - [TEST_CASE][FAILED] - Test Cases/test case 43: Test Cases/test case 43 FAILED.
Reason:
com.kms.katalon.core.exception.StepFailedException: Verify element text of test object 'Object Repository/Page_Announcements/h2_Announcements' FAILED.
	at com.kms.katalon.core.webui.keyword.internal.WebUIKeywordMain.stepFailed(WebUIKeywordMain.groovy:64)
	at com.kms.katalon.core.webui.keyword.internal.WebUIKeywordMain.runKeyword(WebUIKeywordMain.groovy:26)
	at com.kms.katalon.core.webui.keyword.builtin.VerifyElementTextKeyword.verifyElementText(VerifyElementTextKeyword.groovy:72)
	at com.kms.katalon.core.webui.keyword.builtin.VerifyElementTextKeyword.execute(VerifyElementTextKeyword.groovy:40)
	at com.kms.katalon.core.keyword.internal.KeywordExecutor.executeKeywordForPlatform(KeywordExecutor.groovy:74)
	at com.kms.katalon.core.webui.keyword.WebUiBuiltInKeywords.verifyElementText(WebUiBuiltInKeywords.groovy:4749)
	at com.kms.katalon.core.webui.keyword.WebUiBuiltInKeywords$verifyElementText$7.call(Unknown Source)
	at test case 43.run(test case 43:41)
	at com.kms.katalon.core.main.ScriptEngine.run(ScriptEngine.java:194)
	at com.kms.katalon.core.main.ScriptEngine.runScriptAsRawText(ScriptEngine.java:119)
	at com.kms.katalon.core.main.TestCaseExecutor.runScript(TestCaseExecutor.java:442)
	at com.kms.katalon.core.main.TestCaseExecutor.doExecute(TestCaseExecutor.java:433)
	at com.kms.katalon.core.main.TestCaseExecutor.processExecutionPhase(TestCaseExecutor.java:412)
	at com.kms.katalon.core.main.TestCaseExecutor.accessMainPhase(TestCaseExecutor.java:404)
	at com.kms.katalon.core.main.TestCaseExecutor.execute(TestCaseExecutor.java:281)
	at com.kms.katalon.core.main.TestSuiteExecutor.accessTestCaseMainPhase(TestSuiteExecutor.java:202)
	at com.kms.katalon.core.main.TestSuiteExecutor.accessTestSuiteMainPhase(TestSuiteExecutor.java:164)
	at com.kms.katalon.core.main.TestSuiteExecutor.execute(TestSuiteExecutor.java:105)
	at com.kms.katalon.core.main.TestCaseMain.startTestSuite(TestCaseMain.java:181)
	at com.kms.katalon.core.main.TestCaseMain$startTestSuite$0.call(Unknown Source)
	at TempTestSuite1642341898122.run(TempTestSuite1642341898122.groovy:36)
Caused by: com.kms.katalon.core.exception.StepFailedException: Actual text 'Discussion' and expected text 'Announcements' of test object 'Object Repository/Page_Announcements/h2_Announcements' are NOT matched.
	at com.kms.katalon.core.webui.keyword.internal.WebUIKeywordMain.stepFailed(WebUIKeywordMain.groovy:64)
	at com.kms.katalon.core.webui.keyword.builtin.VerifyElementTextKeyword$_verifyElementText_closure1.doCall(VerifyElementTextKeyword.groovy:57)
	at com.kms.katalon.core.webui.keyword.builtin.VerifyElementTextKeyword$_verifyElementText_closure1.call(VerifyElementTextKeyword.groovy)
	at com.kms.katalon.core.webui.keyword.internal.WebUIKeywordMain.runKeyword(WebUIKeywordMain.groovy:20)
	... 19 more]]></system-err>
      </testcase>
      <testcase name="Test Cases/test case 44" time="110.276" classname="Test Cases/test case 44" status="FAILED">
         <failure type="FAILED" message="Test Cases/test case 44 FAILED.
Reason:
com.kms.katalon.core.exception.StepFailedException: Verify element text of test object 'Object Repository/Page_Course Introduction to Computer Science/a_Topic 1' FAILED.
	at com.kms.katalon.core.webui.keyword.internal.WebUIKeywordMain.stepFailed(WebUIKeywordMain.groovy:64)
	at com.kms.katalon.core.webui.keyword.internal.WebUIKeywordMain.runKeyword(WebUIKeywordMain.groovy:26)
	at com.kms.katalon.core.webui.keyword.builtin.VerifyElementTextKeyword.verifyElementText(VerifyElementTextKeyword.groovy:72)
	at com.kms.katalon.core.webui.keyword.builtin.VerifyElementTextKeyword.execute(VerifyElementTextKeyword.groovy:40)
	at com.kms.katalon.core.keyword.internal.KeywordExecutor.executeKeywordForPlatform(KeywordExecutor.groovy:74)
	at com.kms.katalon.core.webui.keyword.WebUiBuiltInKeywords.verifyElementText(WebUiBuiltInKeywords.groovy:4749)
	at com.kms.katalon.core.webui.keyword.WebUiBuiltInKeywords$verifyElementText$7.call(Unknown Source)
	at test case 44.run(test case 44:41)
	at com.kms.katalon.core.main.ScriptEngine.run(ScriptEngine.java:194)
	at com.kms.katalon.core.main.ScriptEngine.runScriptAsRawText(ScriptEngine.java:119)
	at com.kms.katalon.core.main.TestCaseExecutor.runScript(TestCaseExecutor.java:442)
	at com.kms.katalon.core.main.TestCaseExecutor.doExecute(TestCaseExecutor.java:433)
	at com.kms.katalon.core.main.TestCaseExecutor.processExecutionPhase(TestCaseExecutor.java:412)
	at com.kms.katalon.core.main.TestCaseExecutor.accessMainPhase(TestCaseExecutor.java:404)
	at com.kms.katalon.core.main.TestCaseExecutor.execute(TestCaseExecutor.java:281)
	at com.kms.katalon.core.main.TestSuiteExecutor.accessTestCaseMainPhase(TestSuiteExecutor.java:202)
	at com.kms.katalon.core.main.TestSuiteExecutor.accessTestSuiteMainPhase(TestSuiteExecutor.java:164)
	at com.kms.katalon.core.main.TestSuiteExecutor.execute(TestSuiteExecutor.java:105)
	at com.kms.katalon.core.main.TestCaseMain.startTestSuite(TestCaseMain.java:181)
	at com.kms.katalon.core.main.TestCaseMain$startTestSuite$0.call(Unknown Source)
	at TempTestSuite1642341898122.run(TempTestSuite1642341898122.groovy:36)
Caused by: com.kms.katalon.core.exception.StepFailedException: Actual text 'The first topic' and expected text 'Topic 1' of test object 'Object Repository/Page_Course Introduction to Computer Science/a_Topic 1' are NOT matched.
	at com.kms.katalon.core.webui.keyword.internal.WebUIKeywordMain.stepFailed(WebUIKeywordMain.groovy:64)
	at com.kms.katalon.core.webui.keyword.builtin.VerifyElementTextKeyword$_verifyElementText_closure1.doCall(VerifyElementTextKeyword.groovy:57)
	at com.kms.katalon.core.webui.keyword.builtin.VerifyElementTextKeyword$_verifyElementText_closure1.call(VerifyElementTextKeyword.groovy)
	at com.kms.katalon.core.webui.keyword.internal.WebUIKeywordMain.runKeyword(WebUIKeywordMain.groovy:20)
	... 19 more
"/>
         <system-out><![CDATA[2022-01-16 22:34:42 - [TEST_CASE][FAILED] - Test Cases/test case 44: Test Cases/test case 44 FAILED.
Reason:
com.kms.katalon.core.exception.StepFailedException: Verify element text of test object 'Object Repository/Page_Course Introduction to Computer Science/a_Topic 1' FAILED.
	at com.kms.katalon.core.webui.keyword.internal.WebUIKeywordMain.stepFailed(WebUIKeywordMain.groovy:64)
	at com.kms.katalon.core.webui.keyword.internal.WebUIKeywordMain.runKeyword(WebUIKeywordMain.groovy:26)
	at com.kms.katalon.core.webui.keyword.builtin.VerifyElementTextKeyword.verifyElementText(VerifyElementTextKeyword.groovy:72)
	at com.kms.katalon.core.webui.keyword.builtin.VerifyElementTextKeyword.execute(VerifyElementTextKeyword.groovy:40)
	at com.kms.katalon.core.keyword.internal.KeywordExecutor.executeKeywordForPlatform(KeywordExecutor.groovy:74)
	at com.kms.katalon.core.webui.keyword.WebUiBuiltInKeywords.verifyElementText(WebUiBuiltInKeywords.groovy:4749)
	at com.kms.katalon.core.webui.keyword.WebUiBuiltInKeywords$verifyElementText$7.call(Unknown Source)
	at test case 44.run(test case 44:41)
	at com.kms.katalon.core.main.ScriptEngine.run(ScriptEngine.java:194)
	at com.kms.katalon.core.main.ScriptEngine.runScriptAsRawText(ScriptEngine.java:119)
	at com.kms.katalon.core.main.TestCaseExecutor.runScript(TestCaseExecutor.java:442)
	at com.kms.katalon.core.main.TestCaseExecutor.doExecute(TestCaseExecutor.java:433)
	at com.kms.katalon.core.main.TestCaseExecutor.processExecutionPhase(TestCaseExecutor.java:412)
	at com.kms.katalon.core.main.TestCaseExecutor.accessMainPhase(TestCaseExecutor.java:404)
	at com.kms.katalon.core.main.TestCaseExecutor.execute(TestCaseExecutor.java:281)
	at com.kms.katalon.core.main.TestSuiteExecutor.accessTestCaseMainPhase(TestSuiteExecutor.java:202)
	at com.kms.katalon.core.main.TestSuiteExecutor.accessTestSuiteMainPhase(TestSuiteExecutor.java:164)
	at com.kms.katalon.core.main.TestSuiteExecutor.execute(TestSuiteExecutor.java:105)
	at com.kms.katalon.core.main.TestCaseMain.startTestSuite(TestCaseMain.java:181)
	at com.kms.katalon.core.main.TestCaseMain$startTestSuite$0.call(Unknown Source)
	at TempTestSuite1642341898122.run(TempTestSuite1642341898122.groovy:36)
Caused by: com.kms.katalon.core.exception.StepFailedException: Actual text 'The first topic' and expected text 'Topic 1' of test object 'Object Repository/Page_Course Introduction to Computer Science/a_Topic 1' are NOT matched.
	at com.kms.katalon.core.webui.keyword.internal.WebUIKeywordMain.stepFailed(WebUIKeywordMain.groovy:64)
	at com.kms.katalon.core.webui.keyword.builtin.VerifyElementTextKeyword$_verifyElementText_closure1.doCall(VerifyElementTextKeyword.groovy:57)
	at com.kms.katalon.core.webui.keyword.builtin.VerifyElementTextKeyword$_verifyElementText_closure1.call(VerifyElementTextKeyword.groovy)
	at com.kms.katalon.core.webui.keyword.internal.WebUIKeywordMain.runKeyword(WebUIKeywordMain.groovy:20)
	... 19 more


2022-01-16 22:34:42 - [TEST_STEP][PASSED] - openBrowser(""): Browser is opened with url: ''

2022-01-16 22:34:42 - [MESSAGE][WARNING] - A browser is already opened. Closing browser and opening a new one

2022-01-16 22:34:43 - [MESSAGE][INFO] - Starting 'Chrome' driver

2022-01-16 22:34:43 - [MESSAGE][INFO] - Action delay is set to 0 milliseconds

2022-01-16 22:34:44 - [MESSAGE][PASSED] - Browser is opened with url: ''

2022-01-16 22:34:44 - [TEST_STEP][PASSED] - navigateToUrl("http://localhost/"): Navigate to 'http://localhost/' successfully

2022-01-16 22:34:45 - [MESSAGE][PASSED] - Navigate to 'http://localhost/' successfully

2022-01-16 22:34:45 - [TEST_STEP][PASSED] - click(findTestObject("Object Repository/Page_Moodle/a_Log in")): Object: 'Object Repository/Page_Moodle/a_Log in' is clicked on

2022-01-16 22:34:46 - [MESSAGE][PASSED] - Object: 'Object Repository/Page_Moodle/a_Log in' is clicked on

2022-01-16 22:34:46 - [TEST_STEP][PASSED] - setText(findTestObject("Object Repository/Page_Moodle Log in to the site/input_Username_username"), "tmtriet"): Text 'tmtriet' is set on object 'Object Repository/Page_Moodle Log in to the site/input_Username_username'

2022-01-16 22:34:47 - [MESSAGE][PASSED] - Text 'tmtriet' is set on object 'Object Repository/Page_Moodle Log in to the site/input_Username_username'

2022-01-16 22:34:47 - [TEST_STEP][PASSED] - setEncryptedText(findTestObject("Object Repository/Page_Moodle Log in to the site/input_Password_password"), "NMz1A57fMJEpXGm/T4cXeQ=="): Text ****** has been set on object 'Object Repository/Page_Moodle Log in to the site/input_Password_password'

2022-01-16 22:34:47 - [MESSAGE][PASSED] - Text ****** has been set on object 'Object Repository/Page_Moodle Log in to the site/input_Password_password'

2022-01-16 22:34:47 - [TEST_STEP][PASSED] - click(findTestObject("Object Repository/Page_Moodle Log in to the site/button_Log in")): Object: 'Object Repository/Page_Moodle Log in to the site/button_Log in' is clicked on

2022-01-16 22:34:48 - [MESSAGE][PASSED] - Object: 'Object Repository/Page_Moodle Log in to the site/button_Log in' is clicked on

2022-01-16 22:34:48 - [TEST_STEP][PASSED] - verifyElementText(findTestObject("Page_Dashboard/span_IntroCS"), "IntroCS"): Actual text and expected text of test object 'Object Repository/Page_Dashboard/span_IntroCS' are matched.

2022-01-16 22:34:50 - [MESSAGE][PASSED] - Actual text and expected text of test object 'Object Repository/Page_Dashboard/span_IntroCS' are matched.

2022-01-16 22:34:50 - [TEST_STEP][PASSED] - click(findTestObject("Object Repository/Page_Dashboard/span_IntroCS")): Object: 'Object Repository/Page_Dashboard/span_IntroCS' is clicked on

2022-01-16 22:34:51 - [MESSAGE][PASSED] - Object: 'Object Repository/Page_Dashboard/span_IntroCS' is clicked on

2022-01-16 22:34:51 - [TEST_STEP][PASSED] - waitForElementVisible(findTestObject("Object Repository/Page_Course Introduction to Computer Science/button_Turn editing on"), 0): Object 'Object Repository/Page_Course Introduction to Computer Science/button_Turn editing on' is visible

2022-01-16 22:34:51 - [MESSAGE][WARNING] - Timeout '0' is invalid. Using default page load timeout: '30'

2022-01-16 22:35:22 - [MESSAGE][INFO] - Unable to find the element located by 'By.xpath: //button[@id='single_button61e328e173a791']'. Please recheck the objects properties to make sure the desired element is located. 

2022-01-16 22:35:22 - [MESSAGE][WARNING] - [SELF-HEALING] Failed to find element with id 'Object Repository/Page_Course Introduction to Computer Science/button_Turn editing on'. Try using Self-healing.

2022-01-16 22:35:22 - [MESSAGE][WARNING] - [SELF-HEALING] The current locator of test object 'Object Repository/Page_Course Introduction to Computer Science/button_Turn editing on' was broken. Propose an alternative one: '//header[@id='page-header']/div/div/div/div[2]/div[2]/div/form/button'.

2022-01-16 22:35:22 - [MESSAGE][PASSED] - Object 'Object Repository/Page_Course Introduction to Computer Science/button_Turn editing on' is visible

2022-01-16 22:35:22 - [TEST_STEP][PASSED] - click(findTestObject("Object Repository/Page_Course Introduction to Computer Science/button_Turn editing on")): Object: 'Object Repository/Page_Course Introduction to Computer Science/button_Turn editing on' is clicked on

2022-01-16 22:35:55 - [MESSAGE][INFO] - Unable to find the element located by 'By.xpath: //button[@id='single_button61e328e173a791']'. Please recheck the objects properties to make sure the desired element is located. 

2022-01-16 22:35:55 - [MESSAGE][WARNING] - [SELF-HEALING] Failed to find element with id 'Object Repository/Page_Course Introduction to Computer Science/button_Turn editing on'. Try using Self-healing.

2022-01-16 22:35:57 - [MESSAGE][WARNING] - [SELF-HEALING] The current locator of test object 'Object Repository/Page_Course Introduction to Computer Science/button_Turn editing on' was broken. Propose an alternative one: '//header[@id='page-header']/div/div/div/div[2]/div[2]/div/form/button'.

2022-01-16 22:35:57 - [MESSAGE][PASSED] - Object: 'Object Repository/Page_Course Introduction to Computer Science/button_Turn editing on' is clicked on

2022-01-16 22:35:57 - [TEST_STEP][FAILED] - verifyElementText(findTestObject("Object Repository/Page_Course Introduction to Computer Science/a_Topic 1"), "Topic 1"): Verify element text of test object 'Object Repository/Page_Course Introduction to Computer Science/a_Topic 1' FAILED. (Root cause: com.kms.katalon.core.exception.StepFailedException: Verify element text of test object 'Object Repository/Page_Course Introduction to Computer Science/a_Topic 1' FAILED.
	at com.kms.katalon.core.webui.keyword.internal.WebUIKeywordMain.stepFailed(WebUIKeywordMain.groovy:64)
	at com.kms.katalon.core.webui.keyword.internal.WebUIKeywordMain.runKeyword(WebUIKeywordMain.groovy:26)
	at com.kms.katalon.core.webui.keyword.builtin.VerifyElementTextKeyword.verifyElementText(VerifyElementTextKeyword.groovy:72)
	at com.kms.katalon.core.webui.keyword.builtin.VerifyElementTextKeyword.execute(VerifyElementTextKeyword.groovy:40)
	at com.kms.katalon.core.keyword.internal.KeywordExecutor.executeKeywordForPlatform(KeywordExecutor.groovy:74)
	at com.kms.katalon.core.webui.keyword.WebUiBuiltInKeywords.verifyElementText(WebUiBuiltInKeywords.groovy:4749)
	at com.kms.katalon.core.webui.keyword.WebUiBuiltInKeywords$verifyElementText$7.call(Unknown Source)
	at test case 44.run(test case 44:41)
	at com.kms.katalon.core.main.ScriptEngine.run(ScriptEngine.java:194)
	at com.kms.katalon.core.main.ScriptEngine.runScriptAsRawText(ScriptEngine.java:119)
	at com.kms.katalon.core.main.TestCaseExecutor.runScript(TestCaseExecutor.java:442)
	at com.kms.katalon.core.main.TestCaseExecutor.doExecute(TestCaseExecutor.java:433)
	at com.kms.katalon.core.main.TestCaseExecutor.processExecutionPhase(TestCaseExecutor.java:412)
	at com.kms.katalon.core.main.TestCaseExecutor.accessMainPhase(TestCaseExecutor.java:404)
	at com.kms.katalon.core.main.TestCaseExecutor.execute(TestCaseExecutor.java:281)
	at com.kms.katalon.core.main.TestSuiteExecutor.accessTestCaseMainPhase(TestSuiteExecutor.java:202)
	at com.kms.katalon.core.main.TestSuiteExecutor.accessTestSuiteMainPhase(TestSuiteExecutor.java:164)
	at com.kms.katalon.core.main.TestSuiteExecutor.execute(TestSuiteExecutor.java:105)
	at com.kms.katalon.core.main.TestCaseMain.startTestSuite(TestCaseMain.java:181)
	at com.kms.katalon.core.main.TestCaseMain$startTestSuite$0.call(Unknown Source)
	at TempTestSuite1642341898122.run(TempTestSuite1642341898122.groovy:36)
Caused by: com.kms.katalon.core.exception.StepFailedException: Actual text 'The first topic' and expected text 'Topic 1' of test object 'Object Repository/Page_Course Introduction to Computer Science/a_Topic 1' are NOT matched.
	at com.kms.katalon.core.webui.keyword.internal.WebUIKeywordMain.stepFailed(WebUIKeywordMain.groovy:64)
	at com.kms.katalon.core.webui.keyword.builtin.VerifyElementTextKeyword$_verifyElementText_closure1.doCall(VerifyElementTextKeyword.groovy:57)
	at com.kms.katalon.core.webui.keyword.builtin.VerifyElementTextKeyword$_verifyElementText_closure1.call(VerifyElementTextKeyword.groovy)
	at com.kms.katalon.core.webui.keyword.internal.WebUIKeywordMain.runKeyword(WebUIKeywordMain.groovy:20)
	... 19 more
)

2022-01-16 22:36:30 - [MESSAGE][INFO] - Unable to find the element located by 'By.xpath: //a[@id='yui_3_17_2_1_1642277100868_624']'. Please recheck the objects properties to make sure the desired element is located. 

2022-01-16 22:36:30 - [MESSAGE][WARNING] - [SELF-HEALING] Failed to find element with id 'Object Repository/Page_Course Introduction to Computer Science/a_Topic 1'. Try using Self-healing.

2022-01-16 22:36:32 - [MESSAGE][WARNING] - [SELF-HEALING] The current locator of test object 'Object Repository/Page_Course Introduction to Computer Science/a_Topic 1' was broken. Propose an alternative one: '(.//*[normalize-space(text()) and normalize-space(.)='Delete topic'])[1]/following::a[1]'.

2022-01-16 22:36:32 - [MESSAGE][FAILED] - Actual text 'The first topic' and expected text 'Topic 1' of test object 'Object Repository/Page_Course Introduction to Computer Science/a_Topic 1' are NOT matched. (Root cause: com.kms.katalon.core.exception.StepFailedException: Actual text 'The first topic' and expected text 'Topic 1' of test object 'Object Repository/Page_Course Introduction to Computer Science/a_Topic 1' are NOT matched.
	at com.kms.katalon.core.webui.keyword.internal.WebUIKeywordMain.stepFailed(WebUIKeywordMain.groovy:64)
	at com.kms.katalon.core.webui.keyword.builtin.VerifyElementTextKeyword$_verifyElementText_closure1.doCall(VerifyElementTextKeyword.groovy:57)
	at com.kms.katalon.core.webui.keyword.builtin.VerifyElementTextKeyword$_verifyElementText_closure1.call(VerifyElementTextKeyword.groovy)
	at com.kms.katalon.core.webui.keyword.internal.WebUIKeywordMain.runKeyword(WebUIKeywordMain.groovy:20)
	at com.kms.katalon.core.webui.keyword.builtin.VerifyElementTextKeyword.verifyElementText(VerifyElementTextKeyword.groovy:72)
	at com.kms.katalon.core.webui.keyword.builtin.VerifyElementTextKeyword.execute(VerifyElementTextKeyword.groovy:40)
	at com.kms.katalon.core.keyword.internal.KeywordExecutor.executeKeywordForPlatform(KeywordExecutor.groovy:74)
	at com.kms.katalon.core.webui.keyword.WebUiBuiltInKeywords.verifyElementText(WebUiBuiltInKeywords.groovy:4749)
	at com.kms.katalon.core.webui.keyword.WebUiBuiltInKeywords$verifyElementText$7.call(Unknown Source)
	at test case 44.run(test case 44:41)
	at com.kms.katalon.core.main.ScriptEngine.run(ScriptEngine.java:194)
	at com.kms.katalon.core.main.ScriptEngine.runScriptAsRawText(ScriptEngine.java:119)
	at com.kms.katalon.core.main.TestCaseExecutor.runScript(TestCaseExecutor.java:442)
	at com.kms.katalon.core.main.TestCaseExecutor.doExecute(TestCaseExecutor.java:433)
	at com.kms.katalon.core.main.TestCaseExecutor.processExecutionPhase(TestCaseExecutor.java:412)
	at com.kms.katalon.core.main.TestCaseExecutor.accessMainPhase(TestCaseExecutor.java:404)
	at com.kms.katalon.core.main.TestCaseExecutor.execute(TestCaseExecutor.java:281)
	at com.kms.katalon.core.main.TestSuiteExecutor.accessTestCaseMainPhase(TestSuiteExecutor.java:202)
	at com.kms.katalon.core.main.TestSuiteExecutor.accessTestSuiteMainPhase(TestSuiteExecutor.java:164)
	at com.kms.katalon.core.main.TestSuiteExecutor.execute(TestSuiteExecutor.java:105)
	at com.kms.katalon.core.main.TestCaseMain.startTestSuite(TestCaseMain.java:181)
	at com.kms.katalon.core.main.TestCaseMain$startTestSuite$0.call(Unknown Source)
	at TempTestSuite1642341898122.run(TempTestSuite1642341898122.groovy:36)
)
[[ATTACHMENT|D:\\Test-Automation-SE-Bonus\\Test-Automation-SE-Bonus\\Reports\\20220116_210458\\Run all test cases\\20220116_210458\\1642347392390.png]]

2022-01-16 22:36:32 - [MESSAGE][FAILED] - Verify element text of test object 'Object Repository/Page_Course Introduction to Computer Science/a_Topic 1' FAILED. (Root cause: com.kms.katalon.core.exception.StepFailedException: Verify element text of test object 'Object Repository/Page_Course Introduction to Computer Science/a_Topic 1' FAILED.
	at com.kms.katalon.core.webui.keyword.internal.WebUIKeywordMain.stepFailed(WebUIKeywordMain.groovy:64)
	at com.kms.katalon.core.webui.keyword.internal.WebUIKeywordMain.runKeyword(WebUIKeywordMain.groovy:26)
	at com.kms.katalon.core.webui.keyword.builtin.VerifyElementTextKeyword.verifyElementText(VerifyElementTextKeyword.groovy:72)
	at com.kms.katalon.core.webui.keyword.builtin.VerifyElementTextKeyword.execute(VerifyElementTextKeyword.groovy:40)
	at com.kms.katalon.core.keyword.internal.KeywordExecutor.executeKeywordForPlatform(KeywordExecutor.groovy:74)
	at com.kms.katalon.core.webui.keyword.WebUiBuiltInKeywords.verifyElementText(WebUiBuiltInKeywords.groovy:4749)
	at com.kms.katalon.core.webui.keyword.WebUiBuiltInKeywords$verifyElementText$7.call(Unknown Source)
	at test case 44.run(test case 44:41)
	at com.kms.katalon.core.main.ScriptEngine.run(ScriptEngine.java:194)
	at com.kms.katalon.core.main.ScriptEngine.runScriptAsRawText(ScriptEngine.java:119)
	at com.kms.katalon.core.main.TestCaseExecutor.runScript(TestCaseExecutor.java:442)
	at com.kms.katalon.core.main.TestCaseExecutor.doExecute(TestCaseExecutor.java:433)
	at com.kms.katalon.core.main.TestCaseExecutor.processExecutionPhase(TestCaseExecutor.java:412)
	at com.kms.katalon.core.main.TestCaseExecutor.accessMainPhase(TestCaseExecutor.java:404)
	at com.kms.katalon.core.main.TestCaseExecutor.execute(TestCaseExecutor.java:281)
	at com.kms.katalon.core.main.TestSuiteExecutor.accessTestCaseMainPhase(TestSuiteExecutor.java:202)
	at com.kms.katalon.core.main.TestSuiteExecutor.accessTestSuiteMainPhase(TestSuiteExecutor.java:164)
	at com.kms.katalon.core.main.TestSuiteExecutor.execute(TestSuiteExecutor.java:105)
	at com.kms.katalon.core.main.TestCaseMain.startTestSuite(TestCaseMain.java:181)
	at com.kms.katalon.core.main.TestCaseMain$startTestSuite$0.call(Unknown Source)
	at TempTestSuite1642341898122.run(TempTestSuite1642341898122.groovy:36)
Caused by: com.kms.katalon.core.exception.StepFailedException: Actual text 'The first topic' and expected text 'Topic 1' of test object 'Object Repository/Page_Course Introduction to Computer Science/a_Topic 1' are NOT matched.
	at com.kms.katalon.core.webui.keyword.internal.WebUIKeywordMain.stepFailed(WebUIKeywordMain.groovy:64)
	at com.kms.katalon.core.webui.keyword.builtin.VerifyElementTextKeyword$_verifyElementText_closure1.doCall(VerifyElementTextKeyword.groovy:57)
	at com.kms.katalon.core.webui.keyword.builtin.VerifyElementTextKeyword$_verifyElementText_closure1.call(VerifyElementTextKeyword.groovy)
	at com.kms.katalon.core.webui.keyword.internal.WebUIKeywordMain.runKeyword(WebUIKeywordMain.groovy:20)
	... 19 more
)
[[ATTACHMENT|D:\\Test-Automation-SE-Bonus\\Test-Automation-SE-Bonus\\Reports\\20220116_210458\\Run all test cases\\20220116_210458\\1642347392662.png]]]]></system-out>
         <system-err><![CDATA[2022-01-16 22:34:42 - [TEST_CASE][FAILED] - Test Cases/test case 44: Test Cases/test case 44 FAILED.
Reason:
com.kms.katalon.core.exception.StepFailedException: Verify element text of test object 'Object Repository/Page_Course Introduction to Computer Science/a_Topic 1' FAILED.
	at com.kms.katalon.core.webui.keyword.internal.WebUIKeywordMain.stepFailed(WebUIKeywordMain.groovy:64)
	at com.kms.katalon.core.webui.keyword.internal.WebUIKeywordMain.runKeyword(WebUIKeywordMain.groovy:26)
	at com.kms.katalon.core.webui.keyword.builtin.VerifyElementTextKeyword.verifyElementText(VerifyElementTextKeyword.groovy:72)
	at com.kms.katalon.core.webui.keyword.builtin.VerifyElementTextKeyword.execute(VerifyElementTextKeyword.groovy:40)
	at com.kms.katalon.core.keyword.internal.KeywordExecutor.executeKeywordForPlatform(KeywordExecutor.groovy:74)
	at com.kms.katalon.core.webui.keyword.WebUiBuiltInKeywords.verifyElementText(WebUiBuiltInKeywords.groovy:4749)
	at com.kms.katalon.core.webui.keyword.WebUiBuiltInKeywords$verifyElementText$7.call(Unknown Source)
	at test case 44.run(test case 44:41)
	at com.kms.katalon.core.main.ScriptEngine.run(ScriptEngine.java:194)
	at com.kms.katalon.core.main.ScriptEngine.runScriptAsRawText(ScriptEngine.java:119)
	at com.kms.katalon.core.main.TestCaseExecutor.runScript(TestCaseExecutor.java:442)
	at com.kms.katalon.core.main.TestCaseExecutor.doExecute(TestCaseExecutor.java:433)
	at com.kms.katalon.core.main.TestCaseExecutor.processExecutionPhase(TestCaseExecutor.java:412)
	at com.kms.katalon.core.main.TestCaseExecutor.accessMainPhase(TestCaseExecutor.java:404)
	at com.kms.katalon.core.main.TestCaseExecutor.execute(TestCaseExecutor.java:281)
	at com.kms.katalon.core.main.TestSuiteExecutor.accessTestCaseMainPhase(TestSuiteExecutor.java:202)
	at com.kms.katalon.core.main.TestSuiteExecutor.accessTestSuiteMainPhase(TestSuiteExecutor.java:164)
	at com.kms.katalon.core.main.TestSuiteExecutor.execute(TestSuiteExecutor.java:105)
	at com.kms.katalon.core.main.TestCaseMain.startTestSuite(TestCaseMain.java:181)
	at com.kms.katalon.core.main.TestCaseMain$startTestSuite$0.call(Unknown Source)
	at TempTestSuite1642341898122.run(TempTestSuite1642341898122.groovy:36)
Caused by: com.kms.katalon.core.exception.StepFailedException: Actual text 'The first topic' and expected text 'Topic 1' of test object 'Object Repository/Page_Course Introduction to Computer Science/a_Topic 1' are NOT matched.
	at com.kms.katalon.core.webui.keyword.internal.WebUIKeywordMain.stepFailed(WebUIKeywordMain.groovy:64)
	at com.kms.katalon.core.webui.keyword.builtin.VerifyElementTextKeyword$_verifyElementText_closure1.doCall(VerifyElementTextKeyword.groovy:57)
	at com.kms.katalon.core.webui.keyword.builtin.VerifyElementTextKeyword$_verifyElementText_closure1.call(VerifyElementTextKeyword.groovy)
	at com.kms.katalon.core.webui.keyword.internal.WebUIKeywordMain.runKeyword(WebUIKeywordMain.groovy:20)
	... 19 more]]></system-err>
      </testcase>
      <testcase name="Test Cases/test case 45" time="103.927" classname="Test Cases/test case 45" status="FAILED">
         <failure type="FAILED" message="Test Cases/test case 45 FAILED.
Reason:
com.kms.katalon.core.exception.StepFailedException: Verify element text of test object 'Object Repository/Page_Course Introduction to Computer Science/a_Topic 1' FAILED.
	at com.kms.katalon.core.webui.keyword.internal.WebUIKeywordMain.stepFailed(WebUIKeywordMain.groovy:64)
	at com.kms.katalon.core.webui.keyword.internal.WebUIKeywordMain.runKeyword(WebUIKeywordMain.groovy:26)
	at com.kms.katalon.core.webui.keyword.builtin.VerifyElementTextKeyword.verifyElementText(VerifyElementTextKeyword.groovy:72)
	at com.kms.katalon.core.webui.keyword.builtin.VerifyElementTextKeyword.execute(VerifyElementTextKeyword.groovy:40)
	at com.kms.katalon.core.keyword.internal.KeywordExecutor.executeKeywordForPlatform(KeywordExecutor.groovy:74)
	at com.kms.katalon.core.webui.keyword.WebUiBuiltInKeywords.verifyElementText(WebUiBuiltInKeywords.groovy:4749)
	at com.kms.katalon.core.webui.keyword.WebUiBuiltInKeywords$verifyElementText$7.call(Unknown Source)
	at test case 45.run(test case 45:41)
	at com.kms.katalon.core.main.ScriptEngine.run(ScriptEngine.java:194)
	at com.kms.katalon.core.main.ScriptEngine.runScriptAsRawText(ScriptEngine.java:119)
	at com.kms.katalon.core.main.TestCaseExecutor.runScript(TestCaseExecutor.java:442)
	at com.kms.katalon.core.main.TestCaseExecutor.doExecute(TestCaseExecutor.java:433)
	at com.kms.katalon.core.main.TestCaseExecutor.processExecutionPhase(TestCaseExecutor.java:412)
	at com.kms.katalon.core.main.TestCaseExecutor.accessMainPhase(TestCaseExecutor.java:404)
	at com.kms.katalon.core.main.TestCaseExecutor.execute(TestCaseExecutor.java:281)
	at com.kms.katalon.core.main.TestSuiteExecutor.accessTestCaseMainPhase(TestSuiteExecutor.java:202)
	at com.kms.katalon.core.main.TestSuiteExecutor.accessTestSuiteMainPhase(TestSuiteExecutor.java:164)
	at com.kms.katalon.core.main.TestSuiteExecutor.execute(TestSuiteExecutor.java:105)
	at com.kms.katalon.core.main.TestCaseMain.startTestSuite(TestCaseMain.java:181)
	at com.kms.katalon.core.main.TestCaseMain$startTestSuite$0.call(Unknown Source)
	at TempTestSuite1642341898122.run(TempTestSuite1642341898122.groovy:36)
Caused by: com.kms.katalon.core.exception.StepFailedException: Actual text 'The first topic' and expected text 'Topic 1' of test object 'Object Repository/Page_Course Introduction to Computer Science/a_Topic 1' are NOT matched.
	at com.kms.katalon.core.webui.keyword.internal.WebUIKeywordMain.stepFailed(WebUIKeywordMain.groovy:64)
	at com.kms.katalon.core.webui.keyword.builtin.VerifyElementTextKeyword$_verifyElementText_closure1.doCall(VerifyElementTextKeyword.groovy:57)
	at com.kms.katalon.core.webui.keyword.builtin.VerifyElementTextKeyword$_verifyElementText_closure1.call(VerifyElementTextKeyword.groovy)
	at com.kms.katalon.core.webui.keyword.internal.WebUIKeywordMain.runKeyword(WebUIKeywordMain.groovy:20)
	... 19 more
"/>
         <system-out><![CDATA[2022-01-16 22:36:32 - [TEST_CASE][FAILED] - Test Cases/test case 45: Test Cases/test case 45 FAILED.
Reason:
com.kms.katalon.core.exception.StepFailedException: Verify element text of test object 'Object Repository/Page_Course Introduction to Computer Science/a_Topic 1' FAILED.
	at com.kms.katalon.core.webui.keyword.internal.WebUIKeywordMain.stepFailed(WebUIKeywordMain.groovy:64)
	at com.kms.katalon.core.webui.keyword.internal.WebUIKeywordMain.runKeyword(WebUIKeywordMain.groovy:26)
	at com.kms.katalon.core.webui.keyword.builtin.VerifyElementTextKeyword.verifyElementText(VerifyElementTextKeyword.groovy:72)
	at com.kms.katalon.core.webui.keyword.builtin.VerifyElementTextKeyword.execute(VerifyElementTextKeyword.groovy:40)
	at com.kms.katalon.core.keyword.internal.KeywordExecutor.executeKeywordForPlatform(KeywordExecutor.groovy:74)
	at com.kms.katalon.core.webui.keyword.WebUiBuiltInKeywords.verifyElementText(WebUiBuiltInKeywords.groovy:4749)
	at com.kms.katalon.core.webui.keyword.WebUiBuiltInKeywords$verifyElementText$7.call(Unknown Source)
	at test case 45.run(test case 45:41)
	at com.kms.katalon.core.main.ScriptEngine.run(ScriptEngine.java:194)
	at com.kms.katalon.core.main.ScriptEngine.runScriptAsRawText(ScriptEngine.java:119)
	at com.kms.katalon.core.main.TestCaseExecutor.runScript(TestCaseExecutor.java:442)
	at com.kms.katalon.core.main.TestCaseExecutor.doExecute(TestCaseExecutor.java:433)
	at com.kms.katalon.core.main.TestCaseExecutor.processExecutionPhase(TestCaseExecutor.java:412)
	at com.kms.katalon.core.main.TestCaseExecutor.accessMainPhase(TestCaseExecutor.java:404)
	at com.kms.katalon.core.main.TestCaseExecutor.execute(TestCaseExecutor.java:281)
	at com.kms.katalon.core.main.TestSuiteExecutor.accessTestCaseMainPhase(TestSuiteExecutor.java:202)
	at com.kms.katalon.core.main.TestSuiteExecutor.accessTestSuiteMainPhase(TestSuiteExecutor.java:164)
	at com.kms.katalon.core.main.TestSuiteExecutor.execute(TestSuiteExecutor.java:105)
	at com.kms.katalon.core.main.TestCaseMain.startTestSuite(TestCaseMain.java:181)
	at com.kms.katalon.core.main.TestCaseMain$startTestSuite$0.call(Unknown Source)
	at TempTestSuite1642341898122.run(TempTestSuite1642341898122.groovy:36)
Caused by: com.kms.katalon.core.exception.StepFailedException: Actual text 'The first topic' and expected text 'Topic 1' of test object 'Object Repository/Page_Course Introduction to Computer Science/a_Topic 1' are NOT matched.
	at com.kms.katalon.core.webui.keyword.internal.WebUIKeywordMain.stepFailed(WebUIKeywordMain.groovy:64)
	at com.kms.katalon.core.webui.keyword.builtin.VerifyElementTextKeyword$_verifyElementText_closure1.doCall(VerifyElementTextKeyword.groovy:57)
	at com.kms.katalon.core.webui.keyword.builtin.VerifyElementTextKeyword$_verifyElementText_closure1.call(VerifyElementTextKeyword.groovy)
	at com.kms.katalon.core.webui.keyword.internal.WebUIKeywordMain.runKeyword(WebUIKeywordMain.groovy:20)
	... 19 more


2022-01-16 22:36:33 - [TEST_STEP][PASSED] - openBrowser(""): Browser is opened with url: ''

2022-01-16 22:36:33 - [MESSAGE][WARNING] - A browser is already opened. Closing browser and opening a new one

2022-01-16 22:36:33 - [MESSAGE][INFO] - Starting 'Chrome' driver

2022-01-16 22:36:33 - [MESSAGE][INFO] - Action delay is set to 0 milliseconds

2022-01-16 22:36:34 - [MESSAGE][PASSED] - Browser is opened with url: ''

2022-01-16 22:36:34 - [TEST_STEP][PASSED] - navigateToUrl("http://localhost/"): Navigate to 'http://localhost/' successfully

2022-01-16 22:36:36 - [MESSAGE][PASSED] - Navigate to 'http://localhost/' successfully

2022-01-16 22:36:36 - [TEST_STEP][PASSED] - click(findTestObject("Object Repository/Page_Moodle/a_Log in")): Object: 'Object Repository/Page_Moodle/a_Log in' is clicked on

2022-01-16 22:36:36 - [MESSAGE][PASSED] - Object: 'Object Repository/Page_Moodle/a_Log in' is clicked on

2022-01-16 22:36:36 - [TEST_STEP][PASSED] - setText(findTestObject("Object Repository/Page_Moodle Log in to the site/input_Username_username"), "tmtriet"): Text 'tmtriet' is set on object 'Object Repository/Page_Moodle Log in to the site/input_Username_username'

2022-01-16 22:36:37 - [MESSAGE][PASSED] - Text 'tmtriet' is set on object 'Object Repository/Page_Moodle Log in to the site/input_Username_username'

2022-01-16 22:36:37 - [TEST_STEP][PASSED] - setEncryptedText(findTestObject("Object Repository/Page_Moodle Log in to the site/input_Password_password"), "NMz1A57fMJEpXGm/T4cXeQ=="): Text ****** has been set on object 'Object Repository/Page_Moodle Log in to the site/input_Password_password'

2022-01-16 22:36:38 - [MESSAGE][PASSED] - Text ****** has been set on object 'Object Repository/Page_Moodle Log in to the site/input_Password_password'

2022-01-16 22:36:38 - [TEST_STEP][PASSED] - click(findTestObject("Object Repository/Page_Moodle Log in to the site/button_Log in")): Object: 'Object Repository/Page_Moodle Log in to the site/button_Log in' is clicked on

2022-01-16 22:36:39 - [MESSAGE][PASSED] - Object: 'Object Repository/Page_Moodle Log in to the site/button_Log in' is clicked on

2022-01-16 22:36:39 - [TEST_STEP][PASSED] - verifyElementText(findTestObject("Page_Dashboard/span_IntroCS"), "IntroCS"): Actual text and expected text of test object 'Object Repository/Page_Dashboard/span_IntroCS' are matched.

2022-01-16 22:36:40 - [MESSAGE][PASSED] - Actual text and expected text of test object 'Object Repository/Page_Dashboard/span_IntroCS' are matched.

2022-01-16 22:36:40 - [TEST_STEP][PASSED] - click(findTestObject("Object Repository/Page_Dashboard/span_IntroCS")): Object: 'Object Repository/Page_Dashboard/span_IntroCS' is clicked on

2022-01-16 22:36:41 - [MESSAGE][PASSED] - Object: 'Object Repository/Page_Dashboard/span_IntroCS' is clicked on

2022-01-16 22:36:41 - [TEST_STEP][PASSED] - waitForElementVisible(findTestObject("Object Repository/Page_Course Introduction to Computer Science/button_Turn editing on"), 0): Object 'Object Repository/Page_Course Introduction to Computer Science/button_Turn editing on' is visible

2022-01-16 22:36:41 - [MESSAGE][WARNING] - Timeout '0' is invalid. Using default page load timeout: '30'

2022-01-16 22:37:12 - [MESSAGE][INFO] - Unable to find the element located by 'By.xpath: //button[@id='single_button61e328e173a791']'. Please recheck the objects properties to make sure the desired element is located. 

2022-01-16 22:37:12 - [MESSAGE][WARNING] - [SELF-HEALING] Failed to find element with id 'Object Repository/Page_Course Introduction to Computer Science/button_Turn editing on'. Try using Self-healing.

2022-01-16 22:37:13 - [MESSAGE][WARNING] - [SELF-HEALING] The current locator of test object 'Object Repository/Page_Course Introduction to Computer Science/button_Turn editing on' was broken. Propose an alternative one: '//header[@id='page-header']/div/div/div/div[2]/div[2]/div/form/button'.

2022-01-16 22:37:13 - [MESSAGE][PASSED] - Object 'Object Repository/Page_Course Introduction to Computer Science/button_Turn editing on' is visible

2022-01-16 22:37:13 - [TEST_STEP][PASSED] - click(findTestObject("Object Repository/Page_Course Introduction to Computer Science/button_Turn editing on")): Object: 'Object Repository/Page_Course Introduction to Computer Science/button_Turn editing on' is clicked on

2022-01-16 22:37:44 - [MESSAGE][INFO] - Unable to find the element located by 'By.xpath: //button[@id='single_button61e328e173a791']'. Please recheck the objects properties to make sure the desired element is located. 

2022-01-16 22:37:44 - [MESSAGE][WARNING] - [SELF-HEALING] Failed to find element with id 'Object Repository/Page_Course Introduction to Computer Science/button_Turn editing on'. Try using Self-healing.

2022-01-16 22:37:44 - [MESSAGE][WARNING] - [SELF-HEALING] The current locator of test object 'Object Repository/Page_Course Introduction to Computer Science/button_Turn editing on' was broken. Propose an alternative one: '//header[@id='page-header']/div/div/div/div[2]/div[2]/div/form/button'.

2022-01-16 22:37:45 - [MESSAGE][PASSED] - Object: 'Object Repository/Page_Course Introduction to Computer Science/button_Turn editing on' is clicked on

2022-01-16 22:37:45 - [TEST_STEP][FAILED] - verifyElementText(findTestObject("Object Repository/Page_Course Introduction to Computer Science/a_Topic 1"), "Topic 1"): Verify element text of test object 'Object Repository/Page_Course Introduction to Computer Science/a_Topic 1' FAILED. (Root cause: com.kms.katalon.core.exception.StepFailedException: Verify element text of test object 'Object Repository/Page_Course Introduction to Computer Science/a_Topic 1' FAILED.
	at com.kms.katalon.core.webui.keyword.internal.WebUIKeywordMain.stepFailed(WebUIKeywordMain.groovy:64)
	at com.kms.katalon.core.webui.keyword.internal.WebUIKeywordMain.runKeyword(WebUIKeywordMain.groovy:26)
	at com.kms.katalon.core.webui.keyword.builtin.VerifyElementTextKeyword.verifyElementText(VerifyElementTextKeyword.groovy:72)
	at com.kms.katalon.core.webui.keyword.builtin.VerifyElementTextKeyword.execute(VerifyElementTextKeyword.groovy:40)
	at com.kms.katalon.core.keyword.internal.KeywordExecutor.executeKeywordForPlatform(KeywordExecutor.groovy:74)
	at com.kms.katalon.core.webui.keyword.WebUiBuiltInKeywords.verifyElementText(WebUiBuiltInKeywords.groovy:4749)
	at com.kms.katalon.core.webui.keyword.WebUiBuiltInKeywords$verifyElementText$7.call(Unknown Source)
	at test case 45.run(test case 45:41)
	at com.kms.katalon.core.main.ScriptEngine.run(ScriptEngine.java:194)
	at com.kms.katalon.core.main.ScriptEngine.runScriptAsRawText(ScriptEngine.java:119)
	at com.kms.katalon.core.main.TestCaseExecutor.runScript(TestCaseExecutor.java:442)
	at com.kms.katalon.core.main.TestCaseExecutor.doExecute(TestCaseExecutor.java:433)
	at com.kms.katalon.core.main.TestCaseExecutor.processExecutionPhase(TestCaseExecutor.java:412)
	at com.kms.katalon.core.main.TestCaseExecutor.accessMainPhase(TestCaseExecutor.java:404)
	at com.kms.katalon.core.main.TestCaseExecutor.execute(TestCaseExecutor.java:281)
	at com.kms.katalon.core.main.TestSuiteExecutor.accessTestCaseMainPhase(TestSuiteExecutor.java:202)
	at com.kms.katalon.core.main.TestSuiteExecutor.accessTestSuiteMainPhase(TestSuiteExecutor.java:164)
	at com.kms.katalon.core.main.TestSuiteExecutor.execute(TestSuiteExecutor.java:105)
	at com.kms.katalon.core.main.TestCaseMain.startTestSuite(TestCaseMain.java:181)
	at com.kms.katalon.core.main.TestCaseMain$startTestSuite$0.call(Unknown Source)
	at TempTestSuite1642341898122.run(TempTestSuite1642341898122.groovy:36)
Caused by: com.kms.katalon.core.exception.StepFailedException: Actual text 'The first topic' and expected text 'Topic 1' of test object 'Object Repository/Page_Course Introduction to Computer Science/a_Topic 1' are NOT matched.
	at com.kms.katalon.core.webui.keyword.internal.WebUIKeywordMain.stepFailed(WebUIKeywordMain.groovy:64)
	at com.kms.katalon.core.webui.keyword.builtin.VerifyElementTextKeyword$_verifyElementText_closure1.doCall(VerifyElementTextKeyword.groovy:57)
	at com.kms.katalon.core.webui.keyword.builtin.VerifyElementTextKeyword$_verifyElementText_closure1.call(VerifyElementTextKeyword.groovy)
	at com.kms.katalon.core.webui.keyword.internal.WebUIKeywordMain.runKeyword(WebUIKeywordMain.groovy:20)
	... 19 more
)

2022-01-16 22:38:16 - [MESSAGE][INFO] - Unable to find the element located by 'By.xpath: //a[@id='yui_3_17_2_1_1642277100868_624']'. Please recheck the objects properties to make sure the desired element is located. 

2022-01-16 22:38:16 - [MESSAGE][WARNING] - [SELF-HEALING] Failed to find element with id 'Object Repository/Page_Course Introduction to Computer Science/a_Topic 1'. Try using Self-healing.

2022-01-16 22:38:16 - [MESSAGE][WARNING] - [SELF-HEALING] The current locator of test object 'Object Repository/Page_Course Introduction to Computer Science/a_Topic 1' was broken. Propose an alternative one: '(.//*[normalize-space(text()) and normalize-space(.)='Delete topic'])[1]/following::a[1]'.

2022-01-16 22:38:16 - [MESSAGE][FAILED] - Actual text 'The first topic' and expected text 'Topic 1' of test object 'Object Repository/Page_Course Introduction to Computer Science/a_Topic 1' are NOT matched. (Root cause: com.kms.katalon.core.exception.StepFailedException: Actual text 'The first topic' and expected text 'Topic 1' of test object 'Object Repository/Page_Course Introduction to Computer Science/a_Topic 1' are NOT matched.
	at com.kms.katalon.core.webui.keyword.internal.WebUIKeywordMain.stepFailed(WebUIKeywordMain.groovy:64)
	at com.kms.katalon.core.webui.keyword.builtin.VerifyElementTextKeyword$_verifyElementText_closure1.doCall(VerifyElementTextKeyword.groovy:57)
	at com.kms.katalon.core.webui.keyword.builtin.VerifyElementTextKeyword$_verifyElementText_closure1.call(VerifyElementTextKeyword.groovy)
	at com.kms.katalon.core.webui.keyword.internal.WebUIKeywordMain.runKeyword(WebUIKeywordMain.groovy:20)
	at com.kms.katalon.core.webui.keyword.builtin.VerifyElementTextKeyword.verifyElementText(VerifyElementTextKeyword.groovy:72)
	at com.kms.katalon.core.webui.keyword.builtin.VerifyElementTextKeyword.execute(VerifyElementTextKeyword.groovy:40)
	at com.kms.katalon.core.keyword.internal.KeywordExecutor.executeKeywordForPlatform(KeywordExecutor.groovy:74)
	at com.kms.katalon.core.webui.keyword.WebUiBuiltInKeywords.verifyElementText(WebUiBuiltInKeywords.groovy:4749)
	at com.kms.katalon.core.webui.keyword.WebUiBuiltInKeywords$verifyElementText$7.call(Unknown Source)
	at test case 45.run(test case 45:41)
	at com.kms.katalon.core.main.ScriptEngine.run(ScriptEngine.java:194)
	at com.kms.katalon.core.main.ScriptEngine.runScriptAsRawText(ScriptEngine.java:119)
	at com.kms.katalon.core.main.TestCaseExecutor.runScript(TestCaseExecutor.java:442)
	at com.kms.katalon.core.main.TestCaseExecutor.doExecute(TestCaseExecutor.java:433)
	at com.kms.katalon.core.main.TestCaseExecutor.processExecutionPhase(TestCaseExecutor.java:412)
	at com.kms.katalon.core.main.TestCaseExecutor.accessMainPhase(TestCaseExecutor.java:404)
	at com.kms.katalon.core.main.TestCaseExecutor.execute(TestCaseExecutor.java:281)
	at com.kms.katalon.core.main.TestSuiteExecutor.accessTestCaseMainPhase(TestSuiteExecutor.java:202)
	at com.kms.katalon.core.main.TestSuiteExecutor.accessTestSuiteMainPhase(TestSuiteExecutor.java:164)
	at com.kms.katalon.core.main.TestSuiteExecutor.execute(TestSuiteExecutor.java:105)
	at com.kms.katalon.core.main.TestCaseMain.startTestSuite(TestCaseMain.java:181)
	at com.kms.katalon.core.main.TestCaseMain$startTestSuite$0.call(Unknown Source)
	at TempTestSuite1642341898122.run(TempTestSuite1642341898122.groovy:36)
)
[[ATTACHMENT|D:\\Test-Automation-SE-Bonus\\Test-Automation-SE-Bonus\\Reports\\20220116_210458\\Run all test cases\\20220116_210458\\1642347496446.png]]

2022-01-16 22:38:16 - [MESSAGE][FAILED] - Verify element text of test object 'Object Repository/Page_Course Introduction to Computer Science/a_Topic 1' FAILED. (Root cause: com.kms.katalon.core.exception.StepFailedException: Verify element text of test object 'Object Repository/Page_Course Introduction to Computer Science/a_Topic 1' FAILED.
	at com.kms.katalon.core.webui.keyword.internal.WebUIKeywordMain.stepFailed(WebUIKeywordMain.groovy:64)
	at com.kms.katalon.core.webui.keyword.internal.WebUIKeywordMain.runKeyword(WebUIKeywordMain.groovy:26)
	at com.kms.katalon.core.webui.keyword.builtin.VerifyElementTextKeyword.verifyElementText(VerifyElementTextKeyword.groovy:72)
	at com.kms.katalon.core.webui.keyword.builtin.VerifyElementTextKeyword.execute(VerifyElementTextKeyword.groovy:40)
	at com.kms.katalon.core.keyword.internal.KeywordExecutor.executeKeywordForPlatform(KeywordExecutor.groovy:74)
	at com.kms.katalon.core.webui.keyword.WebUiBuiltInKeywords.verifyElementText(WebUiBuiltInKeywords.groovy:4749)
	at com.kms.katalon.core.webui.keyword.WebUiBuiltInKeywords$verifyElementText$7.call(Unknown Source)
	at test case 45.run(test case 45:41)
	at com.kms.katalon.core.main.ScriptEngine.run(ScriptEngine.java:194)
	at com.kms.katalon.core.main.ScriptEngine.runScriptAsRawText(ScriptEngine.java:119)
	at com.kms.katalon.core.main.TestCaseExecutor.runScript(TestCaseExecutor.java:442)
	at com.kms.katalon.core.main.TestCaseExecutor.doExecute(TestCaseExecutor.java:433)
	at com.kms.katalon.core.main.TestCaseExecutor.processExecutionPhase(TestCaseExecutor.java:412)
	at com.kms.katalon.core.main.TestCaseExecutor.accessMainPhase(TestCaseExecutor.java:404)
	at com.kms.katalon.core.main.TestCaseExecutor.execute(TestCaseExecutor.java:281)
	at com.kms.katalon.core.main.TestSuiteExecutor.accessTestCaseMainPhase(TestSuiteExecutor.java:202)
	at com.kms.katalon.core.main.TestSuiteExecutor.accessTestSuiteMainPhase(TestSuiteExecutor.java:164)
	at com.kms.katalon.core.main.TestSuiteExecutor.execute(TestSuiteExecutor.java:105)
	at com.kms.katalon.core.main.TestCaseMain.startTestSuite(TestCaseMain.java:181)
	at com.kms.katalon.core.main.TestCaseMain$startTestSuite$0.call(Unknown Source)
	at TempTestSuite1642341898122.run(TempTestSuite1642341898122.groovy:36)
Caused by: com.kms.katalon.core.exception.StepFailedException: Actual text 'The first topic' and expected text 'Topic 1' of test object 'Object Repository/Page_Course Introduction to Computer Science/a_Topic 1' are NOT matched.
	at com.kms.katalon.core.webui.keyword.internal.WebUIKeywordMain.stepFailed(WebUIKeywordMain.groovy:64)
	at com.kms.katalon.core.webui.keyword.builtin.VerifyElementTextKeyword$_verifyElementText_closure1.doCall(VerifyElementTextKeyword.groovy:57)
	at com.kms.katalon.core.webui.keyword.builtin.VerifyElementTextKeyword$_verifyElementText_closure1.call(VerifyElementTextKeyword.groovy)
	at com.kms.katalon.core.webui.keyword.internal.WebUIKeywordMain.runKeyword(WebUIKeywordMain.groovy:20)
	... 19 more
)
[[ATTACHMENT|D:\\Test-Automation-SE-Bonus\\Test-Automation-SE-Bonus\\Reports\\20220116_210458\\Run all test cases\\20220116_210458\\1642347496605.png]]]]></system-out>
         <system-err><![CDATA[2022-01-16 22:36:32 - [TEST_CASE][FAILED] - Test Cases/test case 45: Test Cases/test case 45 FAILED.
Reason:
com.kms.katalon.core.exception.StepFailedException: Verify element text of test object 'Object Repository/Page_Course Introduction to Computer Science/a_Topic 1' FAILED.
	at com.kms.katalon.core.webui.keyword.internal.WebUIKeywordMain.stepFailed(WebUIKeywordMain.groovy:64)
	at com.kms.katalon.core.webui.keyword.internal.WebUIKeywordMain.runKeyword(WebUIKeywordMain.groovy:26)
	at com.kms.katalon.core.webui.keyword.builtin.VerifyElementTextKeyword.verifyElementText(VerifyElementTextKeyword.groovy:72)
	at com.kms.katalon.core.webui.keyword.builtin.VerifyElementTextKeyword.execute(VerifyElementTextKeyword.groovy:40)
	at com.kms.katalon.core.keyword.internal.KeywordExecutor.executeKeywordForPlatform(KeywordExecutor.groovy:74)
	at com.kms.katalon.core.webui.keyword.WebUiBuiltInKeywords.verifyElementText(WebUiBuiltInKeywords.groovy:4749)
	at com.kms.katalon.core.webui.keyword.WebUiBuiltInKeywords$verifyElementText$7.call(Unknown Source)
	at test case 45.run(test case 45:41)
	at com.kms.katalon.core.main.ScriptEngine.run(ScriptEngine.java:194)
	at com.kms.katalon.core.main.ScriptEngine.runScriptAsRawText(ScriptEngine.java:119)
	at com.kms.katalon.core.main.TestCaseExecutor.runScript(TestCaseExecutor.java:442)
	at com.kms.katalon.core.main.TestCaseExecutor.doExecute(TestCaseExecutor.java:433)
	at com.kms.katalon.core.main.TestCaseExecutor.processExecutionPhase(TestCaseExecutor.java:412)
	at com.kms.katalon.core.main.TestCaseExecutor.accessMainPhase(TestCaseExecutor.java:404)
	at com.kms.katalon.core.main.TestCaseExecutor.execute(TestCaseExecutor.java:281)
	at com.kms.katalon.core.main.TestSuiteExecutor.accessTestCaseMainPhase(TestSuiteExecutor.java:202)
	at com.kms.katalon.core.main.TestSuiteExecutor.accessTestSuiteMainPhase(TestSuiteExecutor.java:164)
	at com.kms.katalon.core.main.TestSuiteExecutor.execute(TestSuiteExecutor.java:105)
	at com.kms.katalon.core.main.TestCaseMain.startTestSuite(TestCaseMain.java:181)
	at com.kms.katalon.core.main.TestCaseMain$startTestSuite$0.call(Unknown Source)
	at TempTestSuite1642341898122.run(TempTestSuite1642341898122.groovy:36)
Caused by: com.kms.katalon.core.exception.StepFailedException: Actual text 'The first topic' and expected text 'Topic 1' of test object 'Object Repository/Page_Course Introduction to Computer Science/a_Topic 1' are NOT matched.
	at com.kms.katalon.core.webui.keyword.internal.WebUIKeywordMain.stepFailed(WebUIKeywordMain.groovy:64)
	at com.kms.katalon.core.webui.keyword.builtin.VerifyElementTextKeyword$_verifyElementText_closure1.doCall(VerifyElementTextKeyword.groovy:57)
	at com.kms.katalon.core.webui.keyword.builtin.VerifyElementTextKeyword$_verifyElementText_closure1.call(VerifyElementTextKeyword.groovy)
	at com.kms.katalon.core.webui.keyword.internal.WebUIKeywordMain.runKeyword(WebUIKeywordMain.groovy:20)
	... 19 more]]></system-err>
      </testcase>
      <testcase name="Test Cases/test case 46" time="72.617" classname="Test Cases/test case 46" status="FAILED">
         <failure type="FAILED" message="Test Cases/test case 46 FAILED.
Reason:
com.kms.katalon.core.exception.StepFailedException: Verify element text of test object 'Object Repository/Page_Course Introduction to Computer Science/a_Topic 1' FAILED.
	at com.kms.katalon.core.webui.keyword.internal.WebUIKeywordMain.stepFailed(WebUIKeywordMain.groovy:64)
	at com.kms.katalon.core.webui.keyword.internal.WebUIKeywordMain.runKeyword(WebUIKeywordMain.groovy:26)
	at com.kms.katalon.core.webui.keyword.builtin.VerifyElementTextKeyword.verifyElementText(VerifyElementTextKeyword.groovy:72)
	at com.kms.katalon.core.webui.keyword.builtin.VerifyElementTextKeyword.execute(VerifyElementTextKeyword.groovy:40)
	at com.kms.katalon.core.keyword.internal.KeywordExecutor.executeKeywordForPlatform(KeywordExecutor.groovy:74)
	at com.kms.katalon.core.webui.keyword.WebUiBuiltInKeywords.verifyElementText(WebUiBuiltInKeywords.groovy:4749)
	at com.kms.katalon.core.webui.keyword.WebUiBuiltInKeywords$verifyElementText$7.call(Unknown Source)
	at test case 46.run(test case 46:41)
	at com.kms.katalon.core.main.ScriptEngine.run(ScriptEngine.java:194)
	at com.kms.katalon.core.main.ScriptEngine.runScriptAsRawText(ScriptEngine.java:119)
	at com.kms.katalon.core.main.TestCaseExecutor.runScript(TestCaseExecutor.java:442)
	at com.kms.katalon.core.main.TestCaseExecutor.doExecute(TestCaseExecutor.java:433)
	at com.kms.katalon.core.main.TestCaseExecutor.processExecutionPhase(TestCaseExecutor.java:412)
	at com.kms.katalon.core.main.TestCaseExecutor.accessMainPhase(TestCaseExecutor.java:404)
	at com.kms.katalon.core.main.TestCaseExecutor.execute(TestCaseExecutor.java:281)
	at com.kms.katalon.core.main.TestSuiteExecutor.accessTestCaseMainPhase(TestSuiteExecutor.java:202)
	at com.kms.katalon.core.main.TestSuiteExecutor.accessTestSuiteMainPhase(TestSuiteExecutor.java:164)
	at com.kms.katalon.core.main.TestSuiteExecutor.execute(TestSuiteExecutor.java:105)
	at com.kms.katalon.core.main.TestCaseMain.startTestSuite(TestCaseMain.java:181)
	at com.kms.katalon.core.main.TestCaseMain$startTestSuite$0.call(Unknown Source)
	at TempTestSuite1642341898122.run(TempTestSuite1642341898122.groovy:36)
Caused by: com.kms.katalon.core.exception.StepFailedException: Actual text 'The first topic' and expected text 'Topic 1' of test object 'Object Repository/Page_Course Introduction to Computer Science/a_Topic 1' are NOT matched.
	at com.kms.katalon.core.webui.keyword.internal.WebUIKeywordMain.stepFailed(WebUIKeywordMain.groovy:64)
	at com.kms.katalon.core.webui.keyword.builtin.VerifyElementTextKeyword$_verifyElementText_closure1.doCall(VerifyElementTextKeyword.groovy:57)
	at com.kms.katalon.core.webui.keyword.builtin.VerifyElementTextKeyword$_verifyElementText_closure1.call(VerifyElementTextKeyword.groovy)
	at com.kms.katalon.core.webui.keyword.internal.WebUIKeywordMain.runKeyword(WebUIKeywordMain.groovy:20)
	... 19 more
"/>
         <system-out><![CDATA[2022-01-16 22:38:16 - [TEST_CASE][FAILED] - Test Cases/test case 46: Test Cases/test case 46 FAILED.
Reason:
com.kms.katalon.core.exception.StepFailedException: Verify element text of test object 'Object Repository/Page_Course Introduction to Computer Science/a_Topic 1' FAILED.
	at com.kms.katalon.core.webui.keyword.internal.WebUIKeywordMain.stepFailed(WebUIKeywordMain.groovy:64)
	at com.kms.katalon.core.webui.keyword.internal.WebUIKeywordMain.runKeyword(WebUIKeywordMain.groovy:26)
	at com.kms.katalon.core.webui.keyword.builtin.VerifyElementTextKeyword.verifyElementText(VerifyElementTextKeyword.groovy:72)
	at com.kms.katalon.core.webui.keyword.builtin.VerifyElementTextKeyword.execute(VerifyElementTextKeyword.groovy:40)
	at com.kms.katalon.core.keyword.internal.KeywordExecutor.executeKeywordForPlatform(KeywordExecutor.groovy:74)
	at com.kms.katalon.core.webui.keyword.WebUiBuiltInKeywords.verifyElementText(WebUiBuiltInKeywords.groovy:4749)
	at com.kms.katalon.core.webui.keyword.WebUiBuiltInKeywords$verifyElementText$7.call(Unknown Source)
	at test case 46.run(test case 46:41)
	at com.kms.katalon.core.main.ScriptEngine.run(ScriptEngine.java:194)
	at com.kms.katalon.core.main.ScriptEngine.runScriptAsRawText(ScriptEngine.java:119)
	at com.kms.katalon.core.main.TestCaseExecutor.runScript(TestCaseExecutor.java:442)
	at com.kms.katalon.core.main.TestCaseExecutor.doExecute(TestCaseExecutor.java:433)
	at com.kms.katalon.core.main.TestCaseExecutor.processExecutionPhase(TestCaseExecutor.java:412)
	at com.kms.katalon.core.main.TestCaseExecutor.accessMainPhase(TestCaseExecutor.java:404)
	at com.kms.katalon.core.main.TestCaseExecutor.execute(TestCaseExecutor.java:281)
	at com.kms.katalon.core.main.TestSuiteExecutor.accessTestCaseMainPhase(TestSuiteExecutor.java:202)
	at com.kms.katalon.core.main.TestSuiteExecutor.accessTestSuiteMainPhase(TestSuiteExecutor.java:164)
	at com.kms.katalon.core.main.TestSuiteExecutor.execute(TestSuiteExecutor.java:105)
	at com.kms.katalon.core.main.TestCaseMain.startTestSuite(TestCaseMain.java:181)
	at com.kms.katalon.core.main.TestCaseMain$startTestSuite$0.call(Unknown Source)
	at TempTestSuite1642341898122.run(TempTestSuite1642341898122.groovy:36)
Caused by: com.kms.katalon.core.exception.StepFailedException: Actual text 'The first topic' and expected text 'Topic 1' of test object 'Object Repository/Page_Course Introduction to Computer Science/a_Topic 1' are NOT matched.
	at com.kms.katalon.core.webui.keyword.internal.WebUIKeywordMain.stepFailed(WebUIKeywordMain.groovy:64)
	at com.kms.katalon.core.webui.keyword.builtin.VerifyElementTextKeyword$_verifyElementText_closure1.doCall(VerifyElementTextKeyword.groovy:57)
	at com.kms.katalon.core.webui.keyword.builtin.VerifyElementTextKeyword$_verifyElementText_closure1.call(VerifyElementTextKeyword.groovy)
	at com.kms.katalon.core.webui.keyword.internal.WebUIKeywordMain.runKeyword(WebUIKeywordMain.groovy:20)
	... 19 more


2022-01-16 22:38:16 - [TEST_STEP][PASSED] - openBrowser(""): Browser is opened with url: ''

2022-01-16 22:38:16 - [MESSAGE][WARNING] - A browser is already opened. Closing browser and opening a new one

2022-01-16 22:38:17 - [MESSAGE][INFO] - Starting 'Chrome' driver

2022-01-16 22:38:17 - [MESSAGE][INFO] - Action delay is set to 0 milliseconds

2022-01-16 22:38:18 - [MESSAGE][PASSED] - Browser is opened with url: ''

2022-01-16 22:38:18 - [TEST_STEP][PASSED] - navigateToUrl("http://localhost/"): Navigate to 'http://localhost/' successfully

2022-01-16 22:38:20 - [MESSAGE][PASSED] - Navigate to 'http://localhost/' successfully

2022-01-16 22:38:20 - [TEST_STEP][PASSED] - click(findTestObject("Object Repository/Page_Moodle/a_Log in")): Object: 'Object Repository/Page_Moodle/a_Log in' is clicked on

2022-01-16 22:38:20 - [MESSAGE][PASSED] - Object: 'Object Repository/Page_Moodle/a_Log in' is clicked on

2022-01-16 22:38:20 - [TEST_STEP][PASSED] - setText(findTestObject("Object Repository/Page_Moodle Log in to the site/input_Username_username"), "tmtriet"): Text 'tmtriet' is set on object 'Object Repository/Page_Moodle Log in to the site/input_Username_username'

2022-01-16 22:38:21 - [MESSAGE][PASSED] - Text 'tmtriet' is set on object 'Object Repository/Page_Moodle Log in to the site/input_Username_username'

2022-01-16 22:38:21 - [TEST_STEP][PASSED] - setEncryptedText(findTestObject("Object Repository/Page_Moodle Log in to the site/input_Password_password"), "NMz1A57fMJEpXGm/T4cXeQ=="): Text ****** has been set on object 'Object Repository/Page_Moodle Log in to the site/input_Password_password'

2022-01-16 22:38:21 - [MESSAGE][PASSED] - Text ****** has been set on object 'Object Repository/Page_Moodle Log in to the site/input_Password_password'

2022-01-16 22:38:21 - [TEST_STEP][PASSED] - click(findTestObject("Object Repository/Page_Moodle Log in to the site/button_Log in")): Object: 'Object Repository/Page_Moodle Log in to the site/button_Log in' is clicked on

2022-01-16 22:38:22 - [MESSAGE][PASSED] - Object: 'Object Repository/Page_Moodle Log in to the site/button_Log in' is clicked on

2022-01-16 22:38:22 - [TEST_STEP][PASSED] - verifyElementText(findTestObject("Object Repository/Page_Dashboard/span_IntroCS"), "IntroCS"): Actual text and expected text of test object 'Object Repository/Page_Dashboard/span_IntroCS' are matched.

2022-01-16 22:38:24 - [MESSAGE][PASSED] - Actual text and expected text of test object 'Object Repository/Page_Dashboard/span_IntroCS' are matched.

2022-01-16 22:38:24 - [TEST_STEP][PASSED] - click(findTestObject("Object Repository/Page_Dashboard/span_IntroCS")): Object: 'Object Repository/Page_Dashboard/span_IntroCS' is clicked on

2022-01-16 22:38:25 - [MESSAGE][PASSED] - Object: 'Object Repository/Page_Dashboard/span_IntroCS' is clicked on

2022-01-16 22:38:25 - [TEST_STEP][PASSED] - verifyElementText(findTestObject("Object Repository/Page_Course Introduction to Computer Science/h1_Introduction to Computer Science"), "Introduction to Computer Science"): Actual text and expected text of test object 'Object Repository/Page_Course Introduction to Computer Science/h1_Introduction to Computer Science' are matched.

2022-01-16 22:38:25 - [MESSAGE][PASSED] - Actual text and expected text of test object 'Object Repository/Page_Course Introduction to Computer Science/h1_Introduction to Computer Science' are matched.

2022-01-16 22:38:25 - [TEST_STEP][PASSED] - click(findTestObject("Object Repository/Page_Course Introduction to Computer Science/button_Turn editing on")): Object: 'Object Repository/Page_Course Introduction to Computer Science/button_Turn editing on' is clicked on

2022-01-16 22:38:56 - [MESSAGE][INFO] - Unable to find the element located by 'By.xpath: //button[@id='single_button61e328e173a791']'. Please recheck the objects properties to make sure the desired element is located. 

2022-01-16 22:38:56 - [MESSAGE][WARNING] - [SELF-HEALING] Failed to find element with id 'Object Repository/Page_Course Introduction to Computer Science/button_Turn editing on'. Try using Self-healing.

2022-01-16 22:38:57 - [MESSAGE][WARNING] - [SELF-HEALING] The current locator of test object 'Object Repository/Page_Course Introduction to Computer Science/button_Turn editing on' was broken. Propose an alternative one: '//header[@id='page-header']/div/div/div/div[2]/div[2]/div/form/button'.

2022-01-16 22:38:57 - [MESSAGE][PASSED] - Object: 'Object Repository/Page_Course Introduction to Computer Science/button_Turn editing on' is clicked on

2022-01-16 22:38:57 - [TEST_STEP][FAILED] - verifyElementText(findTestObject("Object Repository/Page_Course Introduction to Computer Science/a_Topic 1"), "Topic 1"): Verify element text of test object 'Object Repository/Page_Course Introduction to Computer Science/a_Topic 1' FAILED. (Root cause: com.kms.katalon.core.exception.StepFailedException: Verify element text of test object 'Object Repository/Page_Course Introduction to Computer Science/a_Topic 1' FAILED.
	at com.kms.katalon.core.webui.keyword.internal.WebUIKeywordMain.stepFailed(WebUIKeywordMain.groovy:64)
	at com.kms.katalon.core.webui.keyword.internal.WebUIKeywordMain.runKeyword(WebUIKeywordMain.groovy:26)
	at com.kms.katalon.core.webui.keyword.builtin.VerifyElementTextKeyword.verifyElementText(VerifyElementTextKeyword.groovy:72)
	at com.kms.katalon.core.webui.keyword.builtin.VerifyElementTextKeyword.execute(VerifyElementTextKeyword.groovy:40)
	at com.kms.katalon.core.keyword.internal.KeywordExecutor.executeKeywordForPlatform(KeywordExecutor.groovy:74)
	at com.kms.katalon.core.webui.keyword.WebUiBuiltInKeywords.verifyElementText(WebUiBuiltInKeywords.groovy:4749)
	at com.kms.katalon.core.webui.keyword.WebUiBuiltInKeywords$verifyElementText$7.call(Unknown Source)
	at test case 46.run(test case 46:41)
	at com.kms.katalon.core.main.ScriptEngine.run(ScriptEngine.java:194)
	at com.kms.katalon.core.main.ScriptEngine.runScriptAsRawText(ScriptEngine.java:119)
	at com.kms.katalon.core.main.TestCaseExecutor.runScript(TestCaseExecutor.java:442)
	at com.kms.katalon.core.main.TestCaseExecutor.doExecute(TestCaseExecutor.java:433)
	at com.kms.katalon.core.main.TestCaseExecutor.processExecutionPhase(TestCaseExecutor.java:412)
	at com.kms.katalon.core.main.TestCaseExecutor.accessMainPhase(TestCaseExecutor.java:404)
	at com.kms.katalon.core.main.TestCaseExecutor.execute(TestCaseExecutor.java:281)
	at com.kms.katalon.core.main.TestSuiteExecutor.accessTestCaseMainPhase(TestSuiteExecutor.java:202)
	at com.kms.katalon.core.main.TestSuiteExecutor.accessTestSuiteMainPhase(TestSuiteExecutor.java:164)
	at com.kms.katalon.core.main.TestSuiteExecutor.execute(TestSuiteExecutor.java:105)
	at com.kms.katalon.core.main.TestCaseMain.startTestSuite(TestCaseMain.java:181)
	at com.kms.katalon.core.main.TestCaseMain$startTestSuite$0.call(Unknown Source)
	at TempTestSuite1642341898122.run(TempTestSuite1642341898122.groovy:36)
Caused by: com.kms.katalon.core.exception.StepFailedException: Actual text 'The first topic' and expected text 'Topic 1' of test object 'Object Repository/Page_Course Introduction to Computer Science/a_Topic 1' are NOT matched.
	at com.kms.katalon.core.webui.keyword.internal.WebUIKeywordMain.stepFailed(WebUIKeywordMain.groovy:64)
	at com.kms.katalon.core.webui.keyword.builtin.VerifyElementTextKeyword$_verifyElementText_closure1.doCall(VerifyElementTextKeyword.groovy:57)
	at com.kms.katalon.core.webui.keyword.builtin.VerifyElementTextKeyword$_verifyElementText_closure1.call(VerifyElementTextKeyword.groovy)
	at com.kms.katalon.core.webui.keyword.internal.WebUIKeywordMain.runKeyword(WebUIKeywordMain.groovy:20)
	... 19 more
)

2022-01-16 22:39:28 - [MESSAGE][INFO] - Unable to find the element located by 'By.xpath: //a[@id='yui_3_17_2_1_1642277100868_624']'. Please recheck the objects properties to make sure the desired element is located. 

2022-01-16 22:39:28 - [MESSAGE][WARNING] - [SELF-HEALING] Failed to find element with id 'Object Repository/Page_Course Introduction to Computer Science/a_Topic 1'. Try using Self-healing.

2022-01-16 22:39:29 - [MESSAGE][WARNING] - [SELF-HEALING] The current locator of test object 'Object Repository/Page_Course Introduction to Computer Science/a_Topic 1' was broken. Propose an alternative one: '(.//*[normalize-space(text()) and normalize-space(.)='Delete topic'])[1]/following::a[1]'.

2022-01-16 22:39:29 - [MESSAGE][FAILED] - Actual text 'The first topic' and expected text 'Topic 1' of test object 'Object Repository/Page_Course Introduction to Computer Science/a_Topic 1' are NOT matched. (Root cause: com.kms.katalon.core.exception.StepFailedException: Actual text 'The first topic' and expected text 'Topic 1' of test object 'Object Repository/Page_Course Introduction to Computer Science/a_Topic 1' are NOT matched.
	at com.kms.katalon.core.webui.keyword.internal.WebUIKeywordMain.stepFailed(WebUIKeywordMain.groovy:64)
	at com.kms.katalon.core.webui.keyword.builtin.VerifyElementTextKeyword$_verifyElementText_closure1.doCall(VerifyElementTextKeyword.groovy:57)
	at com.kms.katalon.core.webui.keyword.builtin.VerifyElementTextKeyword$_verifyElementText_closure1.call(VerifyElementTextKeyword.groovy)
	at com.kms.katalon.core.webui.keyword.internal.WebUIKeywordMain.runKeyword(WebUIKeywordMain.groovy:20)
	at com.kms.katalon.core.webui.keyword.builtin.VerifyElementTextKeyword.verifyElementText(VerifyElementTextKeyword.groovy:72)
	at com.kms.katalon.core.webui.keyword.builtin.VerifyElementTextKeyword.execute(VerifyElementTextKeyword.groovy:40)
	at com.kms.katalon.core.keyword.internal.KeywordExecutor.executeKeywordForPlatform(KeywordExecutor.groovy:74)
	at com.kms.katalon.core.webui.keyword.WebUiBuiltInKeywords.verifyElementText(WebUiBuiltInKeywords.groovy:4749)
	at com.kms.katalon.core.webui.keyword.WebUiBuiltInKeywords$verifyElementText$7.call(Unknown Source)
	at test case 46.run(test case 46:41)
	at com.kms.katalon.core.main.ScriptEngine.run(ScriptEngine.java:194)
	at com.kms.katalon.core.main.ScriptEngine.runScriptAsRawText(ScriptEngine.java:119)
	at com.kms.katalon.core.main.TestCaseExecutor.runScript(TestCaseExecutor.java:442)
	at com.kms.katalon.core.main.TestCaseExecutor.doExecute(TestCaseExecutor.java:433)
	at com.kms.katalon.core.main.TestCaseExecutor.processExecutionPhase(TestCaseExecutor.java:412)
	at com.kms.katalon.core.main.TestCaseExecutor.accessMainPhase(TestCaseExecutor.java:404)
	at com.kms.katalon.core.main.TestCaseExecutor.execute(TestCaseExecutor.java:281)
	at com.kms.katalon.core.main.TestSuiteExecutor.accessTestCaseMainPhase(TestSuiteExecutor.java:202)
	at com.kms.katalon.core.main.TestSuiteExecutor.accessTestSuiteMainPhase(TestSuiteExecutor.java:164)
	at com.kms.katalon.core.main.TestSuiteExecutor.execute(TestSuiteExecutor.java:105)
	at com.kms.katalon.core.main.TestCaseMain.startTestSuite(TestCaseMain.java:181)
	at com.kms.katalon.core.main.TestCaseMain$startTestSuite$0.call(Unknown Source)
	at TempTestSuite1642341898122.run(TempTestSuite1642341898122.groovy:36)
)
[[ATTACHMENT|D:\\Test-Automation-SE-Bonus\\Test-Automation-SE-Bonus\\Reports\\20220116_210458\\Run all test cases\\20220116_210458\\1642347569069.png]]

2022-01-16 22:39:29 - [MESSAGE][FAILED] - Verify element text of test object 'Object Repository/Page_Course Introduction to Computer Science/a_Topic 1' FAILED. (Root cause: com.kms.katalon.core.exception.StepFailedException: Verify element text of test object 'Object Repository/Page_Course Introduction to Computer Science/a_Topic 1' FAILED.
	at com.kms.katalon.core.webui.keyword.internal.WebUIKeywordMain.stepFailed(WebUIKeywordMain.groovy:64)
	at com.kms.katalon.core.webui.keyword.internal.WebUIKeywordMain.runKeyword(WebUIKeywordMain.groovy:26)
	at com.kms.katalon.core.webui.keyword.builtin.VerifyElementTextKeyword.verifyElementText(VerifyElementTextKeyword.groovy:72)
	at com.kms.katalon.core.webui.keyword.builtin.VerifyElementTextKeyword.execute(VerifyElementTextKeyword.groovy:40)
	at com.kms.katalon.core.keyword.internal.KeywordExecutor.executeKeywordForPlatform(KeywordExecutor.groovy:74)
	at com.kms.katalon.core.webui.keyword.WebUiBuiltInKeywords.verifyElementText(WebUiBuiltInKeywords.groovy:4749)
	at com.kms.katalon.core.webui.keyword.WebUiBuiltInKeywords$verifyElementText$7.call(Unknown Source)
	at test case 46.run(test case 46:41)
	at com.kms.katalon.core.main.ScriptEngine.run(ScriptEngine.java:194)
	at com.kms.katalon.core.main.ScriptEngine.runScriptAsRawText(ScriptEngine.java:119)
	at com.kms.katalon.core.main.TestCaseExecutor.runScript(TestCaseExecutor.java:442)
	at com.kms.katalon.core.main.TestCaseExecutor.doExecute(TestCaseExecutor.java:433)
	at com.kms.katalon.core.main.TestCaseExecutor.processExecutionPhase(TestCaseExecutor.java:412)
	at com.kms.katalon.core.main.TestCaseExecutor.accessMainPhase(TestCaseExecutor.java:404)
	at com.kms.katalon.core.main.TestCaseExecutor.execute(TestCaseExecutor.java:281)
	at com.kms.katalon.core.main.TestSuiteExecutor.accessTestCaseMainPhase(TestSuiteExecutor.java:202)
	at com.kms.katalon.core.main.TestSuiteExecutor.accessTestSuiteMainPhase(TestSuiteExecutor.java:164)
	at com.kms.katalon.core.main.TestSuiteExecutor.execute(TestSuiteExecutor.java:105)
	at com.kms.katalon.core.main.TestCaseMain.startTestSuite(TestCaseMain.java:181)
	at com.kms.katalon.core.main.TestCaseMain$startTestSuite$0.call(Unknown Source)
	at TempTestSuite1642341898122.run(TempTestSuite1642341898122.groovy:36)
Caused by: com.kms.katalon.core.exception.StepFailedException: Actual text 'The first topic' and expected text 'Topic 1' of test object 'Object Repository/Page_Course Introduction to Computer Science/a_Topic 1' are NOT matched.
	at com.kms.katalon.core.webui.keyword.internal.WebUIKeywordMain.stepFailed(WebUIKeywordMain.groovy:64)
	at com.kms.katalon.core.webui.keyword.builtin.VerifyElementTextKeyword$_verifyElementText_closure1.doCall(VerifyElementTextKeyword.groovy:57)
	at com.kms.katalon.core.webui.keyword.builtin.VerifyElementTextKeyword$_verifyElementText_closure1.call(VerifyElementTextKeyword.groovy)
	at com.kms.katalon.core.webui.keyword.internal.WebUIKeywordMain.runKeyword(WebUIKeywordMain.groovy:20)
	... 19 more
)
[[ATTACHMENT|D:\\Test-Automation-SE-Bonus\\Test-Automation-SE-Bonus\\Reports\\20220116_210458\\Run all test cases\\20220116_210458\\1642347569213.png]]]]></system-out>
         <system-err><![CDATA[2022-01-16 22:38:16 - [TEST_CASE][FAILED] - Test Cases/test case 46: Test Cases/test case 46 FAILED.
Reason:
com.kms.katalon.core.exception.StepFailedException: Verify element text of test object 'Object Repository/Page_Course Introduction to Computer Science/a_Topic 1' FAILED.
	at com.kms.katalon.core.webui.keyword.internal.WebUIKeywordMain.stepFailed(WebUIKeywordMain.groovy:64)
	at com.kms.katalon.core.webui.keyword.internal.WebUIKeywordMain.runKeyword(WebUIKeywordMain.groovy:26)
	at com.kms.katalon.core.webui.keyword.builtin.VerifyElementTextKeyword.verifyElementText(VerifyElementTextKeyword.groovy:72)
	at com.kms.katalon.core.webui.keyword.builtin.VerifyElementTextKeyword.execute(VerifyElementTextKeyword.groovy:40)
	at com.kms.katalon.core.keyword.internal.KeywordExecutor.executeKeywordForPlatform(KeywordExecutor.groovy:74)
	at com.kms.katalon.core.webui.keyword.WebUiBuiltInKeywords.verifyElementText(WebUiBuiltInKeywords.groovy:4749)
	at com.kms.katalon.core.webui.keyword.WebUiBuiltInKeywords$verifyElementText$7.call(Unknown Source)
	at test case 46.run(test case 46:41)
	at com.kms.katalon.core.main.ScriptEngine.run(ScriptEngine.java:194)
	at com.kms.katalon.core.main.ScriptEngine.runScriptAsRawText(ScriptEngine.java:119)
	at com.kms.katalon.core.main.TestCaseExecutor.runScript(TestCaseExecutor.java:442)
	at com.kms.katalon.core.main.TestCaseExecutor.doExecute(TestCaseExecutor.java:433)
	at com.kms.katalon.core.main.TestCaseExecutor.processExecutionPhase(TestCaseExecutor.java:412)
	at com.kms.katalon.core.main.TestCaseExecutor.accessMainPhase(TestCaseExecutor.java:404)
	at com.kms.katalon.core.main.TestCaseExecutor.execute(TestCaseExecutor.java:281)
	at com.kms.katalon.core.main.TestSuiteExecutor.accessTestCaseMainPhase(TestSuiteExecutor.java:202)
	at com.kms.katalon.core.main.TestSuiteExecutor.accessTestSuiteMainPhase(TestSuiteExecutor.java:164)
	at com.kms.katalon.core.main.TestSuiteExecutor.execute(TestSuiteExecutor.java:105)
	at com.kms.katalon.core.main.TestCaseMain.startTestSuite(TestCaseMain.java:181)
	at com.kms.katalon.core.main.TestCaseMain$startTestSuite$0.call(Unknown Source)
	at TempTestSuite1642341898122.run(TempTestSuite1642341898122.groovy:36)
Caused by: com.kms.katalon.core.exception.StepFailedException: Actual text 'The first topic' and expected text 'Topic 1' of test object 'Object Repository/Page_Course Introduction to Computer Science/a_Topic 1' are NOT matched.
	at com.kms.katalon.core.webui.keyword.internal.WebUIKeywordMain.stepFailed(WebUIKeywordMain.groovy:64)
	at com.kms.katalon.core.webui.keyword.builtin.VerifyElementTextKeyword$_verifyElementText_closure1.doCall(VerifyElementTextKeyword.groovy:57)
	at com.kms.katalon.core.webui.keyword.builtin.VerifyElementTextKeyword$_verifyElementText_closure1.call(VerifyElementTextKeyword.groovy)
	at com.kms.katalon.core.webui.keyword.internal.WebUIKeywordMain.runKeyword(WebUIKeywordMain.groovy:20)
	... 19 more]]></system-err>
      </testcase>
      <testcase name="Test Cases/test case 47" time="11.37" classname="Test Cases/test case 47" status="PASSED">
         <system-out><![CDATA[2022-01-16 22:39:29 - [TEST_CASE][PASSED] - Test Cases/test case 47: Test Cases/test case 47

2022-01-16 22:39:29 - [TEST_STEP][PASSED] - openBrowser(""): Browser is opened with url: ''

2022-01-16 22:39:29 - [MESSAGE][WARNING] - A browser is already opened. Closing browser and opening a new one

2022-01-16 22:39:30 - [MESSAGE][INFO] - Starting 'Chrome' driver

2022-01-16 22:39:30 - [MESSAGE][INFO] - Action delay is set to 0 milliseconds

2022-01-16 22:39:31 - [MESSAGE][PASSED] - Browser is opened with url: ''

2022-01-16 22:39:31 - [TEST_STEP][PASSED] - navigateToUrl("http://localhost/"): Navigate to 'http://localhost/' successfully

2022-01-16 22:39:32 - [MESSAGE][PASSED] - Navigate to 'http://localhost/' successfully

2022-01-16 22:39:32 - [TEST_STEP][PASSED] - click(findTestObject("Object Repository/Page_Moodle/a_Log in")): Object: 'Object Repository/Page_Moodle/a_Log in' is clicked on

2022-01-16 22:39:33 - [MESSAGE][PASSED] - Object: 'Object Repository/Page_Moodle/a_Log in' is clicked on

2022-01-16 22:39:33 - [TEST_STEP][PASSED] - setText(findTestObject("Object Repository/Page_Moodle Log in to the site/input_Username_username"), "tmtriet"): Text 'tmtriet' is set on object 'Object Repository/Page_Moodle Log in to the site/input_Username_username'

2022-01-16 22:39:34 - [MESSAGE][PASSED] - Text 'tmtriet' is set on object 'Object Repository/Page_Moodle Log in to the site/input_Username_username'

2022-01-16 22:39:34 - [TEST_STEP][PASSED] - setEncryptedText(findTestObject("Object Repository/Page_Moodle Log in to the site/input_Password_password"), "NMz1A57fMJEpXGm/T4cXeQ=="): Text ****** has been set on object 'Object Repository/Page_Moodle Log in to the site/input_Password_password'

2022-01-16 22:39:34 - [MESSAGE][PASSED] - Text ****** has been set on object 'Object Repository/Page_Moodle Log in to the site/input_Password_password'

2022-01-16 22:39:34 - [TEST_STEP][PASSED] - click(findTestObject("Object Repository/Page_Moodle Log in to the site/button_Log in")): Object: 'Object Repository/Page_Moodle Log in to the site/button_Log in' is clicked on

2022-01-16 22:39:35 - [MESSAGE][PASSED] - Object: 'Object Repository/Page_Moodle Log in to the site/button_Log in' is clicked on

2022-01-16 22:39:35 - [TEST_STEP][PASSED] - click(findTestObject("Object Repository/Page_Dashboard/a_Tran Minh Triet")): Object: 'Object Repository/Page_Dashboard/a_Tran Minh Triet' is clicked on

2022-01-16 22:39:37 - [MESSAGE][PASSED] - Object: 'Object Repository/Page_Dashboard/a_Tran Minh Triet' is clicked on

2022-01-16 22:39:37 - [TEST_STEP][PASSED] - click(findTestObject("Object Repository/Page_Dashboard/span_Grades")): Object: 'Object Repository/Page_Dashboard/span_Grades' is clicked on

2022-01-16 22:39:38 - [MESSAGE][PASSED] - Object: 'Object Repository/Page_Dashboard/span_Grades' is clicked on

2022-01-16 22:39:38 - [TEST_STEP][PASSED] - verifyElementText(findTestObject("Page_Grades - Tran Minh Triet/a_Introduction to Computer Science"), "Introduction to Computer Science"): Actual text and expected text of test object 'Object Repository/Page_Grades - Tran Minh Triet/a_Introduction to Computer Science' are matched.

2022-01-16 22:39:38 - [MESSAGE][PASSED] - Actual text and expected text of test object 'Object Repository/Page_Grades - Tran Minh Triet/a_Introduction to Computer Science' are matched.

2022-01-16 22:39:38 - [TEST_STEP][PASSED] - click(findTestObject("Object Repository/Page_Grades - Tran Minh Triet/a_Introduction to Computer Science")): Object: 'Object Repository/Page_Grades - Tran Minh Triet/a_Introduction to Computer Science' is clicked on

2022-01-16 22:39:39 - [MESSAGE][PASSED] - Object: 'Object Repository/Page_Grades - Tran Minh Triet/a_Introduction to Computer Science' is clicked on

2022-01-16 22:39:39 - [TEST_STEP][PASSED] - verifyElementText(findTestObject("Object Repository/Page_Grades View/h2_Grader report"), "Grader report"): Actual text and expected text of test object 'Object Repository/Page_Grades View/h2_Grader report' are matched.

2022-01-16 22:39:40 - [MESSAGE][PASSED] - Actual text and expected text of test object 'Object Repository/Page_Grades View/h2_Grader report' are matched.

2022-01-16 22:39:40 - [TEST_STEP][PASSED] - closeBrowser(): Browser is closed

2022-01-16 22:39:40 - [MESSAGE][PASSED] - Browser is closed]]></system-out>
         <system-err><![CDATA[]]></system-err>
      </testcase>
      <testcase name="Test Cases/test case 48" time="11.092" classname="Test Cases/test case 48" status="PASSED">
         <system-out><![CDATA[2022-01-16 22:39:40 - [TEST_CASE][PASSED] - Test Cases/test case 48: Test Cases/test case 48

2022-01-16 22:39:40 - [TEST_STEP][PASSED] - openBrowser(""): Browser is opened with url: ''

2022-01-16 22:39:40 - [MESSAGE][INFO] - Starting 'Chrome' driver

2022-01-16 22:39:40 - [MESSAGE][INFO] - Action delay is set to 0 milliseconds

2022-01-16 22:39:42 - [MESSAGE][PASSED] - Browser is opened with url: ''

2022-01-16 22:39:42 - [TEST_STEP][PASSED] - navigateToUrl("http://localhost/"): Navigate to 'http://localhost/' successfully

2022-01-16 22:39:43 - [MESSAGE][PASSED] - Navigate to 'http://localhost/' successfully

2022-01-16 22:39:43 - [TEST_STEP][PASSED] - click(findTestObject("Object Repository/Page_Moodle/a_Log in")): Object: 'Object Repository/Page_Moodle/a_Log in' is clicked on

2022-01-16 22:39:44 - [MESSAGE][PASSED] - Object: 'Object Repository/Page_Moodle/a_Log in' is clicked on

2022-01-16 22:39:44 - [TEST_STEP][PASSED] - setText(findTestObject("Object Repository/Page_Moodle Log in to the site/input_Username_username"), "tmtriet"): Text 'tmtriet' is set on object 'Object Repository/Page_Moodle Log in to the site/input_Username_username'

2022-01-16 22:39:44 - [MESSAGE][PASSED] - Text 'tmtriet' is set on object 'Object Repository/Page_Moodle Log in to the site/input_Username_username'

2022-01-16 22:39:44 - [TEST_STEP][PASSED] - setEncryptedText(findTestObject("Object Repository/Page_Moodle Log in to the site/input_Password_password"), "NMz1A57fMJEpXGm/T4cXeQ=="): Text ****** has been set on object 'Object Repository/Page_Moodle Log in to the site/input_Password_password'

2022-01-16 22:39:45 - [MESSAGE][PASSED] - Text ****** has been set on object 'Object Repository/Page_Moodle Log in to the site/input_Password_password'

2022-01-16 22:39:45 - [TEST_STEP][PASSED] - click(findTestObject("Object Repository/Page_Moodle Log in to the site/button_Log in")): Object: 'Object Repository/Page_Moodle Log in to the site/button_Log in' is clicked on

2022-01-16 22:39:46 - [MESSAGE][PASSED] - Object: 'Object Repository/Page_Moodle Log in to the site/button_Log in' is clicked on

2022-01-16 22:39:46 - [TEST_STEP][PASSED] - click(findTestObject("Object Repository/Page_Dashboard/a_Tran Minh Triet")): Object: 'Object Repository/Page_Dashboard/a_Tran Minh Triet' is clicked on

2022-01-16 22:39:47 - [MESSAGE][PASSED] - Object: 'Object Repository/Page_Dashboard/a_Tran Minh Triet' is clicked on

2022-01-16 22:39:47 - [TEST_STEP][PASSED] - click(findTestObject("Object Repository/Page_Dashboard/span_Profile")): Object: 'Object Repository/Page_Dashboard/span_Profile' is clicked on

2022-01-16 22:39:48 - [MESSAGE][PASSED] - Object: 'Object Repository/Page_Dashboard/span_Profile' is clicked on

2022-01-16 22:39:48 - [TEST_STEP][PASSED] - verifyElementText(findTestObject("Page_Tran Minh Triet Public profile/a_Introduction to Computer Science"), "Introduction to Computer Science"): Actual text and expected text of test object 'Object Repository/Page_Tran Minh Triet Public profile/a_Introduction to Computer Science' are matched.

2022-01-16 22:39:49 - [MESSAGE][PASSED] - Actual text and expected text of test object 'Object Repository/Page_Tran Minh Triet Public profile/a_Introduction to Computer Science' are matched.

2022-01-16 22:39:49 - [TEST_STEP][PASSED] - click(findTestObject("Object Repository/Page_Tran Minh Triet Public profile/a_Introduction to Computer Science")): Object: 'Object Repository/Page_Tran Minh Triet Public profile/a_Introduction to Computer Science' is clicked on

2022-01-16 22:39:49 - [MESSAGE][PASSED] - Object: 'Object Repository/Page_Tran Minh Triet Public profile/a_Introduction to Computer Science' is clicked on

2022-01-16 22:39:49 - [TEST_STEP][PASSED] - click(findTestObject("Object Repository/Page_Introduction to Computer Science Perso_abbbf2/span_Grades")): Object: 'Object Repository/Page_Introduction to Computer Science Perso_abbbf2/span_Grades' is clicked on

2022-01-16 22:39:50 - [MESSAGE][PASSED] - Object: 'Object Repository/Page_Introduction to Computer Science Perso_abbbf2/span_Grades' is clicked on

2022-01-16 22:39:50 - [TEST_STEP][PASSED] - verifyElementText(findTestObject("Object Repository/Page_Grades View/h2_Grader report"), "Grader report"): Actual text and expected text of test object 'Object Repository/Page_Grades View/h2_Grader report' are matched.

2022-01-16 22:39:51 - [MESSAGE][PASSED] - Actual text and expected text of test object 'Object Repository/Page_Grades View/h2_Grader report' are matched.

2022-01-16 22:39:51 - [TEST_STEP][PASSED] - closeBrowser(): Browser is closed

2022-01-16 22:39:51 - [MESSAGE][PASSED] - Browser is closed]]></system-out>
         <system-err><![CDATA[]]></system-err>
      </testcase>
      <testcase name="Test Cases/test case 49" time="9.823" classname="Test Cases/test case 49" status="PASSED">
         <system-out><![CDATA[2022-01-16 22:39:51 - [TEST_CASE][PASSED] - Test Cases/test case 49: Test Cases/test case 49

2022-01-16 22:39:52 - [TEST_STEP][PASSED] - openBrowser(""): Browser is opened with url: ''

2022-01-16 22:39:52 - [MESSAGE][INFO] - Starting 'Chrome' driver

2022-01-16 22:39:52 - [MESSAGE][INFO] - Action delay is set to 0 milliseconds

2022-01-16 22:39:53 - [MESSAGE][PASSED] - Browser is opened with url: ''

2022-01-16 22:39:53 - [TEST_STEP][PASSED] - navigateToUrl("http://localhost/"): Navigate to 'http://localhost/' successfully

2022-01-16 22:39:54 - [MESSAGE][PASSED] - Navigate to 'http://localhost/' successfully

2022-01-16 22:39:54 - [TEST_STEP][PASSED] - click(findTestObject("Object Repository/Page_Moodle/a_Log in")): Object: 'Object Repository/Page_Moodle/a_Log in' is clicked on

2022-01-16 22:39:55 - [MESSAGE][PASSED] - Object: 'Object Repository/Page_Moodle/a_Log in' is clicked on

2022-01-16 22:39:55 - [TEST_STEP][PASSED] - setText(findTestObject("Object Repository/Page_Moodle Log in to the site/input_Username_username"), "tmtriet"): Text 'tmtriet' is set on object 'Object Repository/Page_Moodle Log in to the site/input_Username_username'

2022-01-16 22:39:55 - [MESSAGE][PASSED] - Text 'tmtriet' is set on object 'Object Repository/Page_Moodle Log in to the site/input_Username_username'

2022-01-16 22:39:55 - [TEST_STEP][PASSED] - setEncryptedText(findTestObject("Object Repository/Page_Moodle Log in to the site/input_Password_password"), "NMz1A57fMJEpXGm/T4cXeQ=="): Text ****** has been set on object 'Object Repository/Page_Moodle Log in to the site/input_Password_password'

2022-01-16 22:39:56 - [MESSAGE][PASSED] - Text ****** has been set on object 'Object Repository/Page_Moodle Log in to the site/input_Password_password'

2022-01-16 22:39:56 - [TEST_STEP][PASSED] - click(findTestObject("Object Repository/Page_Moodle Log in to the site/button_Log in")): Object: 'Object Repository/Page_Moodle Log in to the site/button_Log in' is clicked on

2022-01-16 22:39:57 - [MESSAGE][PASSED] - Object: 'Object Repository/Page_Moodle Log in to the site/button_Log in' is clicked on

2022-01-16 22:39:57 - [TEST_STEP][PASSED] - verifyElementText(findTestObject("Page_Dashboard/span_IntroCS"), "IntroCS"): Actual text and expected text of test object 'Object Repository/Page_Dashboard/span_IntroCS' are matched.

2022-01-16 22:39:58 - [MESSAGE][PASSED] - Actual text and expected text of test object 'Object Repository/Page_Dashboard/span_IntroCS' are matched.

2022-01-16 22:39:58 - [TEST_STEP][PASSED] - click(findTestObject("Object Repository/Page_Dashboard/span_IntroCS")): Object: 'Object Repository/Page_Dashboard/span_IntroCS' is clicked on

2022-01-16 22:39:59 - [MESSAGE][PASSED] - Object: 'Object Repository/Page_Dashboard/span_IntroCS' is clicked on

2022-01-16 22:39:59 - [TEST_STEP][PASSED] - click(findTestObject("Object Repository/Page_Course Introduction to Computer Science/span_Grades")): Object: 'Object Repository/Page_Course Introduction to Computer Science/span_Grades' is clicked on

2022-01-16 22:40:00 - [MESSAGE][PASSED] - Object: 'Object Repository/Page_Course Introduction to Computer Science/span_Grades' is clicked on

2022-01-16 22:40:00 - [TEST_STEP][PASSED] - verifyElementText(findTestObject("Object Repository/Page_Grades View/h2_Grader report"), "Grader report"): Actual text and expected text of test object 'Object Repository/Page_Grades View/h2_Grader report' are matched.

2022-01-16 22:40:01 - [MESSAGE][PASSED] - Actual text and expected text of test object 'Object Repository/Page_Grades View/h2_Grader report' are matched.

2022-01-16 22:40:01 - [TEST_STEP][PASSED] - closeBrowser(): Browser is closed

2022-01-16 22:40:01 - [MESSAGE][PASSED] - Browser is closed]]></system-out>
         <system-err><![CDATA[]]></system-err>
      </testcase>
      <testcase name="Test Cases/test case 50" time="455.748" classname="Test Cases/test case 50" status="PASSED">
         <system-out><![CDATA[2022-01-16 22:40:01 - [TEST_CASE][PASSED] - Test Cases/test case 50: Test Cases/test case 50

2022-01-16 22:40:01 - [TEST_STEP][PASSED] - openBrowser(""): Browser is opened with url: ''

2022-01-16 22:40:01 - [MESSAGE][INFO] - Starting 'Chrome' driver

2022-01-16 22:40:01 - [MESSAGE][INFO] - Action delay is set to 0 milliseconds

2022-01-16 22:40:03 - [MESSAGE][PASSED] - Browser is opened with url: ''

2022-01-16 22:40:03 - [TEST_STEP][PASSED] - navigateToUrl("http://localhost/"): Navigate to 'http://localhost/' successfully

2022-01-16 22:40:04 - [MESSAGE][PASSED] - Navigate to 'http://localhost/' successfully

2022-01-16 22:40:04 - [TEST_STEP][PASSED] - click(findTestObject("Object Repository/Page_Moodle/a_Log in")): Object: 'Object Repository/Page_Moodle/a_Log in' is clicked on

2022-01-16 22:40:05 - [MESSAGE][PASSED] - Object: 'Object Repository/Page_Moodle/a_Log in' is clicked on

2022-01-16 22:40:05 - [TEST_STEP][PASSED] - setText(findTestObject("Object Repository/Page_Moodle Log in to the site/input_Username_username"), "tmtriet"): Text 'tmtriet' is set on object 'Object Repository/Page_Moodle Log in to the site/input_Username_username'

2022-01-16 22:40:05 - [MESSAGE][PASSED] - Text 'tmtriet' is set on object 'Object Repository/Page_Moodle Log in to the site/input_Username_username'

2022-01-16 22:40:05 - [TEST_STEP][PASSED] - setEncryptedText(findTestObject("Object Repository/Page_Moodle Log in to the site/input_Password_password"), "NMz1A57fMJEpXGm/T4cXeQ=="): Text ****** has been set on object 'Object Repository/Page_Moodle Log in to the site/input_Password_password'

2022-01-16 22:40:06 - [MESSAGE][PASSED] - Text ****** has been set on object 'Object Repository/Page_Moodle Log in to the site/input_Password_password'

2022-01-16 22:40:06 - [TEST_STEP][PASSED] - click(findTestObject("Object Repository/Page_Moodle Log in to the site/button_Log in")): Object: 'Object Repository/Page_Moodle Log in to the site/button_Log in' is clicked on

2022-01-16 22:40:07 - [MESSAGE][PASSED] - Object: 'Object Repository/Page_Moodle Log in to the site/button_Log in' is clicked on

2022-01-16 22:40:07 - [TEST_STEP][PASSED] - verifyElementVisible(findTestObject("Object Repository/Page_Dashboard/div_Calendar                               _78b00d")): Object 'Object Repository/Page_Dashboard/div_Calendar                               _78b00d' is visible

2022-01-16 22:40:08 - [MESSAGE][PASSED] - Object 'Object Repository/Page_Dashboard/div_Calendar                               _78b00d' is visible

2022-01-16 22:40:08 - [TEST_STEP][PASSED] - verifyElementClickable(findTestObject("Object Repository/Page_Dashboard/a_January 2022")): Object 'Object Repository/Page_Dashboard/a_January 2022' is clickable

2022-01-16 22:40:39 - [MESSAGE][INFO] - Unable to find the element located by 'By.xpath: //div[@id='month-mini-2022-1-5']/table/caption/span[2]/a'. Please recheck the objects properties to make sure the desired element is located. 

2022-01-16 22:40:39 - [MESSAGE][WARNING] - [SELF-HEALING] Failed to find element with id 'Object Repository/Page_Dashboard/a_January 2022'. Try using Self-healing.

2022-01-16 22:40:40 - [MESSAGE][WARNING] - [SELF-HEALING] The current locator of test object 'Object Repository/Page_Dashboard/a_January 2022' was broken. Propose an alternative one: '//a[contains(text(),'January 2022')]'.

2022-01-16 22:40:40 - [MESSAGE][PASSED] - Object 'Object Repository/Page_Dashboard/a_January 2022' is clickable

2022-01-16 22:40:40 - [TEST_STEP][PASSED] - click(findTestObject("Object Repository/Page_Dashboard/a_January 2022")): Object: 'Object Repository/Page_Dashboard/a_January 2022' is clicked on

2022-01-16 22:41:11 - [MESSAGE][INFO] - Unable to find the element located by 'By.xpath: //div[@id='month-mini-2022-1-5']/table/caption/span[2]/a'. Please recheck the objects properties to make sure the desired element is located. 

2022-01-16 22:41:11 - [MESSAGE][WARNING] - [SELF-HEALING] Failed to find element with id 'Object Repository/Page_Dashboard/a_January 2022'. Try using Self-healing.

2022-01-16 22:41:11 - [MESSAGE][WARNING] - [SELF-HEALING] The current locator of test object 'Object Repository/Page_Dashboard/a_January 2022' was broken. Propose an alternative one: '//a[contains(text(),'January 2022')]'.

2022-01-16 22:41:11 - [MESSAGE][PASSED] - Object: 'Object Repository/Page_Dashboard/a_January 2022' is clicked on

2022-01-16 22:41:11 - [TEST_STEP][PASSED] - waitForElementVisible(findTestObject("Object Repository/Page_Mood Calendar Detailed month view Janu_18fc56/button_New event"), 0): Object 'Object Repository/Page_Mood Calendar Detailed month view Janu_18fc56/button_New event' is visible

2022-01-16 22:41:11 - [MESSAGE][WARNING] - Timeout '0' is invalid. Using default page load timeout: '30'

2022-01-16 22:41:43 - [MESSAGE][INFO] - Unable to find the element located by 'By.xpath: //div[@id='calendar-month-61e41531799f761e4153150b4a16']/div/button'. Please recheck the objects properties to make sure the desired element is located. 

2022-01-16 22:41:43 - [MESSAGE][WARNING] - [SELF-HEALING] Failed to find element with id 'Object Repository/Page_Mood Calendar Detailed month view Janu_18fc56/button_New event'. Try using Self-healing.

2022-01-16 22:41:43 - [MESSAGE][WARNING] - [SELF-HEALING] The current locator of test object 'Object Repository/Page_Mood Calendar Detailed month view Janu_18fc56/button_New event' was broken. Propose an alternative one: '(.//*[normalize-space(text()) and normalize-space(.)='List of courses'])[1]/following::button[1]'.

2022-01-16 22:41:43 - [MESSAGE][PASSED] - Object 'Object Repository/Page_Mood Calendar Detailed month view Janu_18fc56/button_New event' is visible

2022-01-16 22:41:43 - [TEST_STEP][PASSED] - click(findTestObject("Object Repository/Page_Mood Calendar Detailed month view Janu_18fc56/button_New event")): Object: 'Object Repository/Page_Mood Calendar Detailed month view Janu_18fc56/button_New event' is clicked on

2022-01-16 22:42:14 - [MESSAGE][INFO] - Unable to find the element located by 'By.xpath: //div[@id='calendar-month-61e41531799f761e4153150b4a16']/div/button'. Please recheck the objects properties to make sure the desired element is located. 

2022-01-16 22:42:14 - [MESSAGE][WARNING] - [SELF-HEALING] Failed to find element with id 'Object Repository/Page_Mood Calendar Detailed month view Janu_18fc56/button_New event'. Try using Self-healing.

2022-01-16 22:42:14 - [MESSAGE][WARNING] - [SELF-HEALING] The current locator of test object 'Object Repository/Page_Mood Calendar Detailed month view Janu_18fc56/button_New event' was broken. Propose an alternative one: '(.//*[normalize-space(text()) and normalize-space(.)='List of courses'])[1]/following::button[1]'.

2022-01-16 22:42:14 - [MESSAGE][PASSED] - Object: 'Object Repository/Page_Mood Calendar Detailed month view Janu_18fc56/button_New event' is clicked on

2022-01-16 22:42:14 - [TEST_STEP][PASSED] - setText(findTestObject("Object Repository/Page_Mood Calendar Detailed month view Janu_18fc56/input_Event title_name"), "Tet Quiz"): Text 'Tet Quiz' is set on object 'Object Repository/Page_Mood Calendar Detailed month view Janu_18fc56/input_Event title_name'

2022-01-16 22:42:16 - [MESSAGE][PASSED] - Text 'Tet Quiz' is set on object 'Object Repository/Page_Mood Calendar Detailed month view Janu_18fc56/input_Event title_name'

2022-01-16 22:42:16 - [TEST_STEP][PASSED] - selectOptionByValue(findTestObject("Object Repository/Page_Mood Calendar Detailed month view Janu_18fc56/select_1        2        3        4        _45ea30"), "22", true): All options with value '22' are selected in object 'Object Repository/Page_Mood Calendar Detailed month view Janu_18fc56/select_1        2        3        4        _45ea30'  using regular expression

2022-01-16 22:42:17 - [MESSAGE][PASSED] - All options with value '22' are selected in object 'Object Repository/Page_Mood Calendar Detailed month view Janu_18fc56/select_1        2        3        4        _45ea30'  using regular expression

2022-01-16 22:42:17 - [TEST_STEP][PASSED] - selectOptionByValue(findTestObject("Object Repository/Page_Mood Calendar Detailed month view Janu_18fc56/select_00        01        02        03    _f6e37b"), "0", true): All options with value '0' are selected in object 'Object Repository/Page_Mood Calendar Detailed month view Janu_18fc56/select_00        01        02        03    _f6e37b'  using regular expression

2022-01-16 22:42:19 - [MESSAGE][PASSED] - All options with value '0' are selected in object 'Object Repository/Page_Mood Calendar Detailed month view Janu_18fc56/select_00        01        02        03    _f6e37b'  using regular expression

2022-01-16 22:42:19 - [TEST_STEP][PASSED] - selectOptionByValue(findTestObject("Object Repository/Page_Mood Calendar Detailed month view Janu_18fc56/select_00        01        02        03    _f6e37b_1"), "0", true): All options with value '0' are selected in object 'Object Repository/Page_Mood Calendar Detailed month view Janu_18fc56/select_00        01        02        03    _f6e37b_1'  using regular expression

2022-01-16 22:42:20 - [MESSAGE][PASSED] - All options with value '0' are selected in object 'Object Repository/Page_Mood Calendar Detailed month view Janu_18fc56/select_00        01        02        03    _f6e37b_1'  using regular expression

2022-01-16 22:42:20 - [TEST_STEP][PASSED] - selectOptionByValue(findTestObject("Object Repository/Page_Mood Calendar Detailed month view Janu_18fc56/select_User            Course            Site"), "course", true): All options with value 'course' are selected in object 'Object Repository/Page_Mood Calendar Detailed month view Janu_18fc56/select_User            Course            Site'  using regular expression

2022-01-16 22:42:21 - [MESSAGE][PASSED] - All options with value 'course' are selected in object 'Object Repository/Page_Mood Calendar Detailed month view Janu_18fc56/select_User            Course            Site'  using regular expression

2022-01-16 22:42:21 - [TEST_STEP][PASSED] - click(findTestObject("Object Repository/Page_Mood Calendar Detailed month view Janu_18fc56/span_")): Object: 'Object Repository/Page_Mood Calendar Detailed month view Janu_18fc56/span_' is clicked on

2022-01-16 22:42:52 - [MESSAGE][INFO] - Unable to find the element located by 'By.xpath: //span[@id='form_autocomplete_downarrow-1642337592468']'. Please recheck the objects properties to make sure the desired element is located. 

2022-01-16 22:42:52 - [MESSAGE][WARNING] - [SELF-HEALING] Failed to find element with id 'Object Repository/Page_Mood Calendar Detailed month view Janu_18fc56/span_'. Try using Self-healing.

2022-01-16 22:42:52 - [MESSAGE][WARNING] - [SELF-HEALING] The current locator of test object 'Object Repository/Page_Mood Calendar Detailed month view Janu_18fc56/span_' was broken. Propose an alternative one: '(.//*[normalize-space(text()) and normalize-space(.)='No selection'])[1]/following::span[1]'.

2022-01-16 22:42:52 - [MESSAGE][PASSED] - Object: 'Object Repository/Page_Mood Calendar Detailed month view Janu_18fc56/span_' is clicked on

2022-01-16 22:42:52 - [TEST_STEP][PASSED] - click(findTestObject("Object Repository/Page_Mood Calendar Detailed month view Janu_18fc56/li_Introduction to Computer Science")): Object: 'Object Repository/Page_Mood Calendar Detailed month view Janu_18fc56/li_Introduction to Computer Science' is clicked on

2022-01-16 22:43:23 - [MESSAGE][INFO] - Unable to find the element located by 'By.xpath: //li[@id='form_autocomplete_suggestions-1642337592468-0']'. Please recheck the objects properties to make sure the desired element is located. 

2022-01-16 22:43:23 - [MESSAGE][WARNING] - [SELF-HEALING] Failed to find element with id 'Object Repository/Page_Mood Calendar Detailed month view Janu_18fc56/li_Introduction to Computer Science'. Try using Self-healing.

2022-01-16 22:43:23 - [MESSAGE][WARNING] - [SELF-HEALING] The current locator of test object 'Object Repository/Page_Mood Calendar Detailed month view Janu_18fc56/li_Introduction to Computer Science' was broken. Propose an alternative one: '(.//*[normalize-space(text()) and normalize-space(.)='▼'])[1]/following::li[1]'.

2022-01-16 22:43:24 - [MESSAGE][PASSED] - Object: 'Object Repository/Page_Mood Calendar Detailed month view Janu_18fc56/li_Introduction to Computer Science' is clicked on

2022-01-16 22:43:24 - [TEST_STEP][PASSED] - selectOptionByValue(findTestObject("Object Repository/Page_Mood Calendar Detailed month view Janu_18fc56/select_Introduction to Computer ScienceMathemetics"), "4", true): All options with value '4' are selected in object 'Object Repository/Page_Mood Calendar Detailed month view Janu_18fc56/select_Introduction to Computer ScienceMathemetics'  using regular expression

2022-01-16 22:43:25 - [MESSAGE][PASSED] - All options with value '4' are selected in object 'Object Repository/Page_Mood Calendar Detailed month view Janu_18fc56/select_Introduction to Computer ScienceMathemetics'  using regular expression

2022-01-16 22:43:25 - [TEST_STEP][PASSED] - click(findTestObject("Object Repository/Page_Mood Calendar Detailed month view Janu_18fc56/button_Save")): Object: 'Object Repository/Page_Mood Calendar Detailed month view Janu_18fc56/button_Save' is clicked on

2022-01-16 22:43:56 - [MESSAGE][INFO] - Unable to find the element located by 'By.xpath: //button[@id='yui_3_17_2_1_1642337585482_1306']'. Please recheck the objects properties to make sure the desired element is located. 

2022-01-16 22:43:56 - [MESSAGE][WARNING] - [SELF-HEALING] Failed to find element with id 'Object Repository/Page_Mood Calendar Detailed month view Janu_18fc56/button_Save'. Try using Self-healing.

2022-01-16 22:43:56 - [MESSAGE][WARNING] - [SELF-HEALING] The current locator of test object 'Object Repository/Page_Mood Calendar Detailed month view Janu_18fc56/button_Save' was broken. Propose an alternative one: '(.//*[normalize-space(text()) and normalize-space(.)='Repeat weekly, creating altogether'])[1]/following::button[1]'.

2022-01-16 22:43:56 - [MESSAGE][PASSED] - Object: 'Object Repository/Page_Mood Calendar Detailed month view Janu_18fc56/button_Save' is clicked on

2022-01-16 22:43:56 - [TEST_STEP][PASSED] - verifyElementText(findTestObject("Object Repository/Page_Mood Calendar Detailed month view Janu_18fc56/span_Tet Quiz"), "Tet Quiz"): Actual text and expected text of test object 'Object Repository/Page_Mood Calendar Detailed month view Janu_18fc56/span_Tet Quiz' are matched.

2022-01-16 22:44:27 - [MESSAGE][INFO] - Unable to find the element located by 'By.xpath: //a[@id='yui_3_17_2_1_1642337585482_2029']/span[2]'. Please recheck the objects properties to make sure the desired element is located. 

2022-01-16 22:44:27 - [MESSAGE][WARNING] - [SELF-HEALING] Failed to find element with id 'Object Repository/Page_Mood Calendar Detailed month view Janu_18fc56/span_Tet Quiz'. Try using Self-healing.

2022-01-16 22:44:28 - [MESSAGE][WARNING] - [SELF-HEALING] The current locator of test object 'Object Repository/Page_Mood Calendar Detailed month view Janu_18fc56/span_Tet Quiz' was broken. Propose an alternative one: '(.//*[normalize-space(text()) and normalize-space(.)='No events, Friday, 21 January'])[2]/following::span[4]'.

2022-01-16 22:44:28 - [MESSAGE][PASSED] - Actual text and expected text of test object 'Object Repository/Page_Mood Calendar Detailed month view Janu_18fc56/span_Tet Quiz' are matched.

2022-01-16 22:44:28 - [TEST_STEP][PASSED] - click(findTestObject("Object Repository/Page_Mood Calendar Detailed month view Janu_18fc56/span_Tet Quiz")): Object: 'Object Repository/Page_Mood Calendar Detailed month view Janu_18fc56/span_Tet Quiz' is clicked on

2022-01-16 22:44:59 - [MESSAGE][INFO] - Unable to find the element located by 'By.xpath: //a[@id='yui_3_17_2_1_1642337585482_2029']/span[2]'. Please recheck the objects properties to make sure the desired element is located. 

2022-01-16 22:44:59 - [MESSAGE][WARNING] - [SELF-HEALING] Failed to find element with id 'Object Repository/Page_Mood Calendar Detailed month view Janu_18fc56/span_Tet Quiz'. Try using Self-healing.

2022-01-16 22:44:59 - [MESSAGE][WARNING] - [SELF-HEALING] The current locator of test object 'Object Repository/Page_Mood Calendar Detailed month view Janu_18fc56/span_Tet Quiz' was broken. Propose an alternative one: '(.//*[normalize-space(text()) and normalize-space(.)='No events, Friday, 21 January'])[2]/following::span[4]'.

2022-01-16 22:44:59 - [MESSAGE][PASSED] - Object: 'Object Repository/Page_Mood Calendar Detailed month view Janu_18fc56/span_Tet Quiz' is clicked on

2022-01-16 22:44:59 - [TEST_STEP][PASSED] - verifyElementText(findTestObject("Object Repository/Page_Mood Calendar Detailed month view Janu_18fc56/a_Saturday, 22 January"), "Saturday, 22 January"): Actual text and expected text of test object 'Object Repository/Page_Mood Calendar Detailed month view Janu_18fc56/a_Saturday, 22 January' are matched.

2022-01-16 22:45:30 - [MESSAGE][INFO] - Unable to find the element located by 'By.xpath: //a[@id='yui_3_17_2_1_1642337585482_2054']'. Please recheck the objects properties to make sure the desired element is located. 

2022-01-16 22:45:30 - [MESSAGE][WARNING] - [SELF-HEALING] Failed to find element with id 'Object Repository/Page_Mood Calendar Detailed month view Janu_18fc56/a_Saturday, 22 January'. Try using Self-healing.

2022-01-16 22:45:30 - [MESSAGE][WARNING] - [SELF-HEALING] The current locator of test object 'Object Repository/Page_Mood Calendar Detailed month view Janu_18fc56/a_Saturday, 22 January' was broken. Propose an alternative one: '//a[contains(text(),'Saturday, 22 January')]'.

2022-01-16 22:45:31 - [MESSAGE][PASSED] - Actual text and expected text of test object 'Object Repository/Page_Mood Calendar Detailed month view Janu_18fc56/a_Saturday, 22 January' are matched.

2022-01-16 22:45:31 - [TEST_STEP][PASSED] - verifyElementClickable(findTestObject("Object Repository/Page_Mood Calendar Detailed month view Janu_18fc56/button_Delete")): Object 'Object Repository/Page_Mood Calendar Detailed month view Janu_18fc56/button_Delete' is clickable

2022-01-16 22:46:02 - [MESSAGE][INFO] - Unable to find the element located by 'By.xpath: //button[@id='yui_3_17_2_1_1642337585482_2067']'. Please recheck the objects properties to make sure the desired element is located. 

2022-01-16 22:46:02 - [MESSAGE][WARNING] - [SELF-HEALING] Failed to find element with id 'Object Repository/Page_Mood Calendar Detailed month view Janu_18fc56/button_Delete'. Try using Self-healing.

2022-01-16 22:46:02 - [MESSAGE][WARNING] - [SELF-HEALING] The current locator of test object 'Object Repository/Page_Mood Calendar Detailed month view Janu_18fc56/button_Delete' was broken. Propose an alternative one: '(.//*[normalize-space(text()) and normalize-space(.)='Introduction to Computer Science'])[3]/following::button[1]'.

2022-01-16 22:46:02 - [MESSAGE][PASSED] - Object 'Object Repository/Page_Mood Calendar Detailed month view Janu_18fc56/button_Delete' is clickable

2022-01-16 22:46:02 - [TEST_STEP][PASSED] - click(findTestObject("Object Repository/Page_Mood Calendar Detailed month view Janu_18fc56/button_Delete")): Object: 'Object Repository/Page_Mood Calendar Detailed month view Janu_18fc56/button_Delete' is clicked on

2022-01-16 22:46:33 - [MESSAGE][INFO] - Unable to find the element located by 'By.xpath: //button[@id='yui_3_17_2_1_1642337585482_2067']'. Please recheck the objects properties to make sure the desired element is located. 

2022-01-16 22:46:33 - [MESSAGE][WARNING] - [SELF-HEALING] Failed to find element with id 'Object Repository/Page_Mood Calendar Detailed month view Janu_18fc56/button_Delete'. Try using Self-healing.

2022-01-16 22:46:33 - [MESSAGE][WARNING] - [SELF-HEALING] The current locator of test object 'Object Repository/Page_Mood Calendar Detailed month view Janu_18fc56/button_Delete' was broken. Propose an alternative one: '(.//*[normalize-space(text()) and normalize-space(.)='Introduction to Computer Science'])[3]/following::button[1]'.

2022-01-16 22:46:33 - [MESSAGE][PASSED] - Object: 'Object Repository/Page_Mood Calendar Detailed month view Janu_18fc56/button_Delete' is clicked on

2022-01-16 22:46:33 - [TEST_STEP][PASSED] - waitForElementVisible(findTestObject("Object Repository/Page_Mood Calendar Detailed month view Janu_18fc56/button_Delete event"), 0): Object 'Object Repository/Page_Mood Calendar Detailed month view Janu_18fc56/button_Delete event' is visible

2022-01-16 22:46:33 - [MESSAGE][WARNING] - Timeout '0' is invalid. Using default page load timeout: '30'

2022-01-16 22:47:04 - [MESSAGE][INFO] - Unable to find the element located by 'By.xpath: //button[@id='yui_3_17_2_1_1642337585482_2083']'. Please recheck the objects properties to make sure the desired element is located. 

2022-01-16 22:47:04 - [MESSAGE][WARNING] - [SELF-HEALING] Failed to find element with id 'Object Repository/Page_Mood Calendar Detailed month view Janu_18fc56/button_Delete event'. Try using Self-healing.

2022-01-16 22:47:05 - [MESSAGE][WARNING] - [SELF-HEALING] The current locator of test object 'Object Repository/Page_Mood Calendar Detailed month view Janu_18fc56/button_Delete event' was broken. Propose an alternative one: '(.//*[normalize-space(text()) and normalize-space(.)='Delete event'])[1]/following::button[2]'.

2022-01-16 22:47:05 - [MESSAGE][PASSED] - Object 'Object Repository/Page_Mood Calendar Detailed month view Janu_18fc56/button_Delete event' is visible

2022-01-16 22:47:05 - [TEST_STEP][PASSED] - click(findTestObject("Object Repository/Page_Mood Calendar Detailed month view Janu_18fc56/button_Delete event")): Object: 'Object Repository/Page_Mood Calendar Detailed month view Janu_18fc56/button_Delete event' is clicked on

2022-01-16 22:47:36 - [MESSAGE][INFO] - Unable to find the element located by 'By.xpath: //button[@id='yui_3_17_2_1_1642337585482_2083']'. Please recheck the objects properties to make sure the desired element is located. 

2022-01-16 22:47:36 - [MESSAGE][WARNING] - [SELF-HEALING] Failed to find element with id 'Object Repository/Page_Mood Calendar Detailed month view Janu_18fc56/button_Delete event'. Try using Self-healing.

2022-01-16 22:47:36 - [MESSAGE][WARNING] - [SELF-HEALING] The current locator of test object 'Object Repository/Page_Mood Calendar Detailed month view Janu_18fc56/button_Delete event' was broken. Propose an alternative one: '(.//*[normalize-space(text()) and normalize-space(.)='Delete event'])[1]/following::button[2]'.

2022-01-16 22:47:36 - [MESSAGE][PASSED] - Object: 'Object Repository/Page_Mood Calendar Detailed month view Janu_18fc56/button_Delete event' is clicked on

2022-01-16 22:47:36 - [TEST_STEP][PASSED] - closeBrowser(): Browser is closed

2022-01-16 22:47:37 - [MESSAGE][PASSED] - Browser is closed]]></system-out>
         <system-err><![CDATA[]]></system-err>
      </testcase>
      <system-out><![CDATA[2022-01-16 21:05:14 - [TEST_SUITE][FAILED] - Run all test cases: Test Cases/test case 22 FAILED.
Reason:
com.kms.katalon.core.exception.StepFailedException: Unable to click on object 'Object Repository/Page_Mood Calendar Detailed month view Janu_18fc56/button_Delete event'
	at com.kms.katalon.core.webui.keyword.internal.WebUIKeywordMain.stepFailed(WebUIKeywordMain.groovy:64)
	at com.kms.katalon.core.webui.keyword.internal.WebUIKeywordMain.runKeyword(WebUIKeywordMain.groovy:26)
	at com.kms.katalon.core.webui.keyword.builtin.ClickKeyword.click(ClickKeyword.groovy:74)
	at com.kms.katalon.core.webui.keyword.builtin.ClickKeyword.execute(ClickKeyword.groovy:40)
	at com.kms.katalon.core.keyword.internal.KeywordExecutor.executeKeywordForPlatform(KeywordExecutor.groovy:74)
	at com.kms.katalon.core.webui.keyword.WebUiBuiltInKeywords.click(WebUiBuiltInKeywords.groovy:620)
	at com.kms.katalon.core.webui.keyword.WebUiBuiltInKeywords$click$1.call(Unknown Source)
	at test case 22.run(test case 22:56)
	at com.kms.katalon.core.main.ScriptEngine.run(ScriptEngine.java:194)
	at com.kms.katalon.core.main.ScriptEngine.runScriptAsRawText(ScriptEngine.java:119)
	at com.kms.katalon.core.main.TestCaseExecutor.runScript(TestCaseExecutor.java:442)
	at com.kms.katalon.core.main.TestCaseExecutor.doExecute(TestCaseExecutor.java:433)
	at com.kms.katalon.core.main.TestCaseExecutor.processExecutionPhase(TestCaseExecutor.java:412)
	at com.kms.katalon.core.main.TestCaseExecutor.accessMainPhase(TestCaseExecutor.java:404)
	at com.kms.katalon.core.main.TestCaseExecutor.execute(TestCaseExecutor.java:281)
	at com.kms.katalon.core.main.TestSuiteExecutor.accessTestCaseMainPhase(TestSuiteExecutor.java:202)
	at com.kms.katalon.core.main.TestSuiteExecutor.accessTestSuiteMainPhase(TestSuiteExecutor.java:164)
	at com.kms.katalon.core.main.TestSuiteExecutor.execute(TestSuiteExecutor.java:105)
	at com.kms.katalon.core.main.TestCaseMain.startTestSuite(TestCaseMain.java:181)
	at com.kms.katalon.core.main.TestCaseMain$startTestSuite$0.call(Unknown Source)
	at TempTestSuite1642341898122.run(TempTestSuite1642341898122.groovy:36)
Caused by: com.kms.katalon.core.webui.exception.WebElementNotFoundException: Web element with id: 'Object Repository/Page_Mood Calendar Detailed month view Janu_18fc56/button_Delete event' located by '//button[@id='yui_3_17_2_1_1642337585482_2083']' not found
	at com.kms.katalon.core.webui.common.WebUiCommonHelper.findWebElement(WebUiCommonHelper.java:1368)
	at com.kms.katalon.core.webui.keyword.internal.WebUIAbstractKeyword.findWebElement(WebUIAbstractKeyword.groovy:27)
	at com.kms.katalon.core.webui.keyword.builtin.ClickKeyword$_click_closure1.doCall(ClickKeyword.groovy:65)
	at com.kms.katalon.core.webui.keyword.builtin.ClickKeyword$_click_closure1.call(ClickKeyword.groovy)
	at com.kms.katalon.core.webui.keyword.internal.WebUIKeywordMain.runKeyword(WebUIKeywordMain.groovy:20)
	... 19 more]]></system-out>
      <system-err><![CDATA[2022-01-16 21:05:14 - [TEST_SUITE][FAILED] - Run all test cases: Test Cases/test case 22 FAILED.
Reason:
com.kms.katalon.core.exception.StepFailedException: Unable to click on object 'Object Repository/Page_Mood Calendar Detailed month view Janu_18fc56/button_Delete event'
	at com.kms.katalon.core.webui.keyword.internal.WebUIKeywordMain.stepFailed(WebUIKeywordMain.groovy:64)
	at com.kms.katalon.core.webui.keyword.internal.WebUIKeywordMain.runKeyword(WebUIKeywordMain.groovy:26)
	at com.kms.katalon.core.webui.keyword.builtin.ClickKeyword.click(ClickKeyword.groovy:74)
	at com.kms.katalon.core.webui.keyword.builtin.ClickKeyword.execute(ClickKeyword.groovy:40)
	at com.kms.katalon.core.keyword.internal.KeywordExecutor.executeKeywordForPlatform(KeywordExecutor.groovy:74)
	at com.kms.katalon.core.webui.keyword.WebUiBuiltInKeywords.click(WebUiBuiltInKeywords.groovy:620)
	at com.kms.katalon.core.webui.keyword.WebUiBuiltInKeywords$click$1.call(Unknown Source)
	at test case 22.run(test case 22:56)
	at com.kms.katalon.core.main.ScriptEngine.run(ScriptEngine.java:194)
	at com.kms.katalon.core.main.ScriptEngine.runScriptAsRawText(ScriptEngine.java:119)
	at com.kms.katalon.core.main.TestCaseExecutor.runScript(TestCaseExecutor.java:442)
	at com.kms.katalon.core.main.TestCaseExecutor.doExecute(TestCaseExecutor.java:433)
	at com.kms.katalon.core.main.TestCaseExecutor.processExecutionPhase(TestCaseExecutor.java:412)
	at com.kms.katalon.core.main.TestCaseExecutor.accessMainPhase(TestCaseExecutor.java:404)
	at com.kms.katalon.core.main.TestCaseExecutor.execute(TestCaseExecutor.java:281)
	at com.kms.katalon.core.main.TestSuiteExecutor.accessTestCaseMainPhase(TestSuiteExecutor.java:202)
	at com.kms.katalon.core.main.TestSuiteExecutor.accessTestSuiteMainPhase(TestSuiteExecutor.java:164)
	at com.kms.katalon.core.main.TestSuiteExecutor.execute(TestSuiteExecutor.java:105)
	at com.kms.katalon.core.main.TestCaseMain.startTestSuite(TestCaseMain.java:181)
	at com.kms.katalon.core.main.TestCaseMain$startTestSuite$0.call(Unknown Source)
	at TempTestSuite1642341898122.run(TempTestSuite1642341898122.groovy:36)
Caused by: com.kms.katalon.core.webui.exception.WebElementNotFoundException: Web element with id: 'Object Repository/Page_Mood Calendar Detailed month view Janu_18fc56/button_Delete event' located by '//button[@id='yui_3_17_2_1_1642337585482_2083']' not found
	at com.kms.katalon.core.webui.common.WebUiCommonHelper.findWebElement(WebUiCommonHelper.java:1368)
	at com.kms.katalon.core.webui.keyword.internal.WebUIAbstractKeyword.findWebElement(WebUIAbstractKeyword.groovy:27)
	at com.kms.katalon.core.webui.keyword.builtin.ClickKeyword$_click_closure1.doCall(ClickKeyword.groovy:65)
	at com.kms.katalon.core.webui.keyword.builtin.ClickKeyword$_click_closure1.call(ClickKeyword.groovy)
	at com.kms.katalon.core.webui.keyword.internal.WebUIKeywordMain.runKeyword(WebUIKeywordMain.groovy:20)
	... 19 more]]></system-err>
   </testsuite>
</testsuites>
