<?xml version="1.0" encoding="UTF-8"?>
<testsuites name="Run all test cases" time="6971.676" tests="50" failures="5" errors="0">
   <testsuite name="Run all test cases" tests="50" failures="5" errors="0" time="6971.676" skipped="0" timestamp="2022-01-16 23:53:36" hostname="LENOVO - host.docker.internal" id="Test Suites/Run all test cases">
      <properties>
         <property name="deviceName" value=""/>
         <property name="devicePlatform" value=""/>
         <property name="logFolder" value="D:\\Test-Automation-SE-Bonus\\Test-Automation-SE-Bonus\\Reports\\20220116_235327\\Run all test cases\\20220116_235328"/>
         <property name="logFiles" value="D:\\Test-Automation-SE-Bonus\\Test-Automation-SE-Bonus\\Reports\\20220116_235327\\Run all test cases\\20220116_235328\\execution0.log"/>
         <property name="attachments" value="D:\\Test-Automation-SE-Bonus\\Test-Automation-SE-Bonus\\Reports\\20220116_235327\\Run all test cases\\20220116_235328\\1642354862681.png, D:\\Test-Automation-SE-Bonus\\Test-Automation-SE-Bonus\\Reports\\20220116_235327\\Run all test cases\\20220116_235328\\1642354940355.png, D:\\Test-Automation-SE-Bonus\\Test-Automation-SE-Bonus\\Reports\\20220116_235327\\Run all test cases\\20220116_235328\\1642355046490.png, D:\\Test-Automation-SE-Bonus\\Test-Automation-SE-Bonus\\Reports\\20220116_235327\\Run all test cases\\20220116_235328\\1642355046623.png, D:\\Test-Automation-SE-Bonus\\Test-Automation-SE-Bonus\\Reports\\20220116_235327\\Run all test cases\\20220116_235328\\1642355245606.png, D:\\Test-Automation-SE-Bonus\\Test-Automation-SE-Bonus\\Reports\\20220116_235327\\Run all test cases\\20220116_235328\\1642355245749.png, D:\\Test-Automation-SE-Bonus\\Test-Automation-SE-Bonus\\Reports\\20220116_235327\\Run all test cases\\20220116_235328\\1642355384620.png, D:\\Test-Automation-SE-Bonus\\Test-Automation-SE-Bonus\\Reports\\20220116_235327\\Run all test cases\\20220116_235328\\1642355384753.png"/>
         <property name="hostName" value="LENOVO - host.docker.internal"/>
         <property name="os" value="Windows 10 64bit"/>
         <property name="katalonVersion" value="8.2.0.208"/>
         <property name="browser" value="Chrome 97.0.4692.71"/>
         <property name="hostAddress" value="192.168.1.8"/>
         <property name="sessionId" value="8450384aa4d7b9a819e311d6b7f87a60"/>
         <property name="seleniumVersion" value="3.141.59"/>
         <property name="proxyInformation" value="ProxyInformation { proxyOption=NO_PROXY, proxyServerType=HTTP, username=, password=********, proxyServerAddress=, proxyServerPort=0, executionList=&quot;&quot;, isApplyToDesiredCapabilities=true }"/>
         <property name="platform" value="Windows 10"/>
      </properties>
      <testcase name="Test Cases/test case 01" time="7.934" classname="Test Cases/test case 01" status="PASSED">
         <system-out><![CDATA[2022-01-16 23:53:36 - [TEST_CASE][PASSED] - Test Cases/test case 01: Test Cases/test case 01

2022-01-16 23:53:37 - [TEST_STEP][PASSED] - openBrowser(""): Browser is opened with url: ''

2022-01-16 23:53:37 - [MESSAGE][INFO] - Starting 'Chrome' driver

2022-01-16 23:53:37 - [MESSAGE][INFO] - Action delay is set to 0 milliseconds

2022-01-16 23:53:39 - [MESSAGE][PASSED] - Browser is opened with url: ''

2022-01-16 23:53:39 - [TEST_STEP][PASSED] - navigateToUrl("http://localhost/"): Navigate to 'http://localhost/' successfully

2022-01-16 23:53:40 - [MESSAGE][PASSED] - Navigate to 'http://localhost/' successfully

2022-01-16 23:53:40 - [TEST_STEP][PASSED] - click(findTestObject("Object Repository/Page_Moodle/a_Log in")): Object: 'Object Repository/Page_Moodle/a_Log in' is clicked on

2022-01-16 23:53:41 - [MESSAGE][PASSED] - Object: 'Object Repository/Page_Moodle/a_Log in' is clicked on

2022-01-16 23:53:41 - [TEST_STEP][PASSED] - setText(findTestObject("Object Repository/Page_Moodle Log in to the site/input_Username_username"), "admin"): Text 'admin' is set on object 'Object Repository/Page_Moodle Log in to the site/input_Username_username'

2022-01-16 23:53:42 - [MESSAGE][PASSED] - Text 'admin' is set on object 'Object Repository/Page_Moodle Log in to the site/input_Username_username'

2022-01-16 23:53:42 - [TEST_STEP][PASSED] - setEncryptedText(findTestObject("Object Repository/Page_Moodle Log in to the site/input_Password_password"), "r6H/uPCyCbQX7sAf5E1f3g=="): Text ****** has been set on object 'Object Repository/Page_Moodle Log in to the site/input_Password_password'

2022-01-16 23:53:42 - [MESSAGE][PASSED] - Text ****** has been set on object 'Object Repository/Page_Moodle Log in to the site/input_Password_password'

2022-01-16 23:53:42 - [TEST_STEP][PASSED] - click(findTestObject("Object Repository/Page_Moodle Log in to the site/button_Log in")): Object: 'Object Repository/Page_Moodle Log in to the site/button_Log in' is clicked on

2022-01-16 23:53:43 - [MESSAGE][PASSED] - Object: 'Object Repository/Page_Moodle Log in to the site/button_Log in' is clicked on

2022-01-16 23:53:43 - [TEST_STEP][PASSED] - closeBrowser(): Browser is closed

2022-01-16 23:53:44 - [MESSAGE][PASSED] - Browser is closed]]></system-out>
         <system-err><![CDATA[]]></system-err>
      </testcase>
      <testcase name="Test Cases/test case 02" time="5.262" classname="Test Cases/test case 02" status="PASSED">
         <system-out><![CDATA[2022-01-16 23:53:44 - [TEST_CASE][PASSED] - Test Cases/test case 02: Test Cases/test case 02

2022-01-16 23:53:44 - [TEST_STEP][PASSED] - openBrowser(""): Browser is opened with url: ''

2022-01-16 23:53:44 - [MESSAGE][INFO] - Starting 'Chrome' driver

2022-01-16 23:53:44 - [MESSAGE][INFO] - Action delay is set to 0 milliseconds

2022-01-16 23:53:46 - [MESSAGE][PASSED] - Browser is opened with url: ''

2022-01-16 23:53:46 - [TEST_STEP][PASSED] - navigateToUrl("http://localhost/"): Navigate to 'http://localhost/' successfully

2022-01-16 23:53:46 - [MESSAGE][PASSED] - Navigate to 'http://localhost/' successfully

2022-01-16 23:53:46 - [TEST_STEP][PASSED] - click(findTestObject("Object Repository/Page_Moodle/a_Log in")): Object: 'Object Repository/Page_Moodle/a_Log in' is clicked on

2022-01-16 23:53:47 - [MESSAGE][PASSED] - Object: 'Object Repository/Page_Moodle/a_Log in' is clicked on

2022-01-16 23:53:47 - [TEST_STEP][PASSED] - setText(findTestObject("Object Repository/Page_Moodle Log in to the site/input_Username_username"), "qmkhoi19"): Text 'qmkhoi19' is set on object 'Object Repository/Page_Moodle Log in to the site/input_Username_username'

2022-01-16 23:53:48 - [MESSAGE][PASSED] - Text 'qmkhoi19' is set on object 'Object Repository/Page_Moodle Log in to the site/input_Username_username'

2022-01-16 23:53:48 - [TEST_STEP][PASSED] - setEncryptedText(findTestObject("Object Repository/Page_Moodle Log in to the site/input_Password_password"), "eiP2h/EMT1hJlGmKEGA7sg=="): Text ****** has been set on object 'Object Repository/Page_Moodle Log in to the site/input_Password_password'

2022-01-16 23:53:48 - [MESSAGE][PASSED] - Text ****** has been set on object 'Object Repository/Page_Moodle Log in to the site/input_Password_password'

2022-01-16 23:53:48 - [TEST_STEP][PASSED] - click(findTestObject("Object Repository/Page_Moodle Log in to the site/button_Log in")): Object: 'Object Repository/Page_Moodle Log in to the site/button_Log in' is clicked on

2022-01-16 23:53:49 - [MESSAGE][PASSED] - Object: 'Object Repository/Page_Moodle Log in to the site/button_Log in' is clicked on

2022-01-16 23:53:49 - [TEST_STEP][PASSED] - closeBrowser(): Browser is closed

2022-01-16 23:53:49 - [MESSAGE][PASSED] - Browser is closed]]></system-out>
         <system-err><![CDATA[]]></system-err>
      </testcase>
      <testcase name="Test Cases/test case 03" time="5.658" classname="Test Cases/test case 03" status="PASSED">
         <system-out><![CDATA[2022-01-16 23:53:49 - [TEST_CASE][PASSED] - Test Cases/test case 03: Test Cases/test case 03

2022-01-16 23:53:50 - [TEST_STEP][PASSED] - openBrowser(""): Browser is opened with url: ''

2022-01-16 23:53:50 - [MESSAGE][INFO] - Starting 'Chrome' driver

2022-01-16 23:53:50 - [MESSAGE][INFO] - Action delay is set to 0 milliseconds

2022-01-16 23:53:51 - [MESSAGE][PASSED] - Browser is opened with url: ''

2022-01-16 23:53:51 - [TEST_STEP][PASSED] - navigateToUrl("http://localhost/"): Navigate to 'http://localhost/' successfully

2022-01-16 23:53:52 - [MESSAGE][PASSED] - Navigate to 'http://localhost/' successfully

2022-01-16 23:53:52 - [TEST_STEP][PASSED] - click(findTestObject("Object Repository/Page_Moodle/a_Log in")): Object: 'Object Repository/Page_Moodle/a_Log in' is clicked on

2022-01-16 23:53:53 - [MESSAGE][PASSED] - Object: 'Object Repository/Page_Moodle/a_Log in' is clicked on

2022-01-16 23:53:53 - [TEST_STEP][PASSED] - setText(findTestObject("Object Repository/Page_Moodle Log in to the site/input_Username_username"), "tmtriet"): Text 'tmtriet' is set on object 'Object Repository/Page_Moodle Log in to the site/input_Username_username'

2022-01-16 23:53:54 - [MESSAGE][PASSED] - Text 'tmtriet' is set on object 'Object Repository/Page_Moodle Log in to the site/input_Username_username'

2022-01-16 23:53:54 - [TEST_STEP][PASSED] - setEncryptedText(findTestObject("Object Repository/Page_Moodle Log in to the site/input_Password_password"), "7zaGmpS+cDNyF13apsNnmA=="): Text ****** has been set on object 'Object Repository/Page_Moodle Log in to the site/input_Password_password'

2022-01-16 23:53:54 - [MESSAGE][PASSED] - Text ****** has been set on object 'Object Repository/Page_Moodle Log in to the site/input_Password_password'

2022-01-16 23:53:54 - [TEST_STEP][PASSED] - click(findTestObject("Object Repository/Page_Moodle Log in to the site/button_Log in")): Object: 'Object Repository/Page_Moodle Log in to the site/button_Log in' is clicked on

2022-01-16 23:53:54 - [MESSAGE][PASSED] - Object: 'Object Repository/Page_Moodle Log in to the site/button_Log in' is clicked on

2022-01-16 23:53:54 - [TEST_STEP][PASSED] - closeBrowser(): Browser is closed

2022-01-16 23:53:55 - [MESSAGE][PASSED] - Browser is closed]]></system-out>
         <system-err><![CDATA[]]></system-err>
      </testcase>
      <testcase name="Test Cases/test case 04" time="4.609" classname="Test Cases/test case 04" status="PASSED">
         <system-out><![CDATA[2022-01-16 23:53:55 - [TEST_CASE][PASSED] - Test Cases/test case 04: Test Cases/test case 04

2022-01-16 23:53:55 - [TEST_STEP][PASSED] - openBrowser(""): Browser is opened with url: ''

2022-01-16 23:53:55 - [MESSAGE][INFO] - Starting 'Chrome' driver

2022-01-16 23:53:55 - [MESSAGE][INFO] - Action delay is set to 0 milliseconds

2022-01-16 23:53:56 - [MESSAGE][PASSED] - Browser is opened with url: ''

2022-01-16 23:53:56 - [TEST_STEP][PASSED] - navigateToUrl("http://localhost/"): Navigate to 'http://localhost/' successfully

2022-01-16 23:53:58 - [MESSAGE][PASSED] - Navigate to 'http://localhost/' successfully

2022-01-16 23:53:58 - [TEST_STEP][PASSED] - click(findTestObject("Object Repository/Page_Moodle/a_Log in")): Object: 'Object Repository/Page_Moodle/a_Log in' is clicked on

2022-01-16 23:53:58 - [MESSAGE][PASSED] - Object: 'Object Repository/Page_Moodle/a_Log in' is clicked on

2022-01-16 23:53:58 - [TEST_STEP][PASSED] - click(findTestObject("Object Repository/Page_Moodle Log in to the site/button_Log in")): Object: 'Object Repository/Page_Moodle Log in to the site/button_Log in' is clicked on

2022-01-16 23:53:59 - [MESSAGE][PASSED] - Object: 'Object Repository/Page_Moodle Log in to the site/button_Log in' is clicked on

2022-01-16 23:53:59 - [TEST_STEP][PASSED] - closeBrowser(): Browser is closed

2022-01-16 23:54:00 - [MESSAGE][PASSED] - Browser is closed]]></system-out>
         <system-err><![CDATA[]]></system-err>
      </testcase>
      <testcase name="Test Cases/test case 05" time="4.889" classname="Test Cases/test case 05" status="PASSED">
         <system-out><![CDATA[2022-01-16 23:54:00 - [TEST_CASE][PASSED] - Test Cases/test case 05: Test Cases/test case 05

2022-01-16 23:54:00 - [TEST_STEP][PASSED] - openBrowser(""): Browser is opened with url: ''

2022-01-16 23:54:00 - [MESSAGE][INFO] - Starting 'Chrome' driver

2022-01-16 23:54:00 - [MESSAGE][INFO] - Action delay is set to 0 milliseconds

2022-01-16 23:54:01 - [MESSAGE][PASSED] - Browser is opened with url: ''

2022-01-16 23:54:01 - [TEST_STEP][PASSED] - navigateToUrl("http://localhost/"): Navigate to 'http://localhost/' successfully

2022-01-16 23:54:02 - [MESSAGE][PASSED] - Navigate to 'http://localhost/' successfully

2022-01-16 23:54:02 - [TEST_STEP][PASSED] - click(findTestObject("Object Repository/Page_Moodle/a_Log in")): Object: 'Object Repository/Page_Moodle/a_Log in' is clicked on

2022-01-16 23:54:03 - [MESSAGE][PASSED] - Object: 'Object Repository/Page_Moodle/a_Log in' is clicked on

2022-01-16 23:54:03 - [TEST_STEP][PASSED] - click(findTestObject("Object Repository/Page_Moodle Log in to the site/button_Log in as a guest")): Object: 'Object Repository/Page_Moodle Log in to the site/button_Log in as a guest' is clicked on

2022-01-16 23:54:04 - [MESSAGE][PASSED] - Object: 'Object Repository/Page_Moodle Log in to the site/button_Log in as a guest' is clicked on

2022-01-16 23:54:04 - [TEST_STEP][PASSED] - closeBrowser(): Browser is closed

2022-01-16 23:54:05 - [MESSAGE][PASSED] - Browser is closed]]></system-out>
         <system-err><![CDATA[]]></system-err>
      </testcase>
      <testcase name="Test Cases/test case 06" time="352.3" classname="Test Cases/test case 06" status="PASSED">
         <system-out><![CDATA[2022-01-16 23:54:05 - [TEST_CASE][PASSED] - Test Cases/test case 06: Test Cases/test case 06

2022-01-16 23:54:05 - [TEST_STEP][PASSED] - openBrowser(""): Browser is opened with url: ''

2022-01-16 23:54:05 - [MESSAGE][INFO] - Starting 'Chrome' driver

2022-01-16 23:54:05 - [MESSAGE][INFO] - Action delay is set to 0 milliseconds

2022-01-16 23:54:06 - [MESSAGE][PASSED] - Browser is opened with url: ''

2022-01-16 23:54:06 - [TEST_STEP][PASSED] - navigateToUrl("http://localhost/"): Navigate to 'http://localhost/' successfully

2022-01-16 23:54:07 - [MESSAGE][PASSED] - Navigate to 'http://localhost/' successfully

2022-01-16 23:54:07 - [TEST_STEP][PASSED] - click(findTestObject("Object Repository/Page_Moodle/a_Log in")): Object: 'Object Repository/Page_Moodle/a_Log in' is clicked on

2022-01-16 23:54:08 - [MESSAGE][PASSED] - Object: 'Object Repository/Page_Moodle/a_Log in' is clicked on

2022-01-16 23:54:08 - [TEST_STEP][PASSED] - setText(findTestObject("Object Repository/Page_Moodle Log in to the site/input_Username_username"), "admin"): Text 'admin' is set on object 'Object Repository/Page_Moodle Log in to the site/input_Username_username'

2022-01-16 23:54:09 - [MESSAGE][PASSED] - Text 'admin' is set on object 'Object Repository/Page_Moodle Log in to the site/input_Username_username'

2022-01-16 23:54:09 - [TEST_STEP][PASSED] - setEncryptedText(findTestObject("Object Repository/Page_Moodle Log in to the site/input_Password_password"), "r6H/uPCyCbQX7sAf5E1f3g=="): Text ****** has been set on object 'Object Repository/Page_Moodle Log in to the site/input_Password_password'

2022-01-16 23:54:09 - [MESSAGE][PASSED] - Text ****** has been set on object 'Object Repository/Page_Moodle Log in to the site/input_Password_password'

2022-01-16 23:54:09 - [TEST_STEP][PASSED] - click(findTestObject("Object Repository/Page_Moodle Log in to the site/button_Log in")): Object: 'Object Repository/Page_Moodle Log in to the site/button_Log in' is clicked on

2022-01-16 23:54:10 - [MESSAGE][PASSED] - Object: 'Object Repository/Page_Moodle Log in to the site/button_Log in' is clicked on

2022-01-16 23:54:10 - [TEST_STEP][PASSED] - click(findTestObject("Object Repository/Page_Dashboard/span_Site administration")): Object: 'Object Repository/Page_Dashboard/span_Site administration' is clicked on

2022-01-16 23:54:12 - [MESSAGE][PASSED] - Object: 'Object Repository/Page_Dashboard/span_Site administration' is clicked on

2022-01-16 23:54:12 - [TEST_STEP][PASSED] - click(findTestObject("Object Repository/Page_Mood Administration Search/a_Users")): Object: 'Object Repository/Page_Mood Administration Search/a_Users' is clicked on

2022-01-16 23:54:13 - [MESSAGE][PASSED] - Object: 'Object Repository/Page_Mood Administration Search/a_Users' is clicked on

2022-01-16 23:54:13 - [TEST_STEP][PASSED] - click(findTestObject("Object Repository/Page_Mood Administration Search/a_Add a new user")): Object: 'Object Repository/Page_Mood Administration Search/a_Add a new user' is clicked on

2022-01-16 23:54:14 - [MESSAGE][PASSED] - Object: 'Object Repository/Page_Mood Administration Search/a_Add a new user' is clicked on

2022-01-16 23:54:14 - [TEST_STEP][PASSED] - waitForElementVisible(findTestObject("Object Repository/Page_Mood Administration Users Accounts Add_0e8dec/label_Username"), 0): Object 'Object Repository/Page_Mood Administration Users Accounts Add_0e8dec/label_Username' is visible

2022-01-16 23:54:14 - [MESSAGE][WARNING] - Timeout '0' is invalid. Using default page load timeout: '30'

2022-01-16 23:54:15 - [MESSAGE][PASSED] - Object 'Object Repository/Page_Mood Administration Users Accounts Add_0e8dec/label_Username' is visible

2022-01-16 23:54:15 - [TEST_STEP][PASSED] - setText(findTestObject("Object Repository/Page_Mood Administration Users Accounts Add_0e8dec/input_Username_username"), "dddinh"): Text 'dddinh' is set on object 'Object Repository/Page_Mood Administration Users Accounts Add_0e8dec/input_Username_username'

2022-01-16 23:54:15 - [MESSAGE][PASSED] - Text 'dddinh' is set on object 'Object Repository/Page_Mood Administration Users Accounts Add_0e8dec/input_Username_username'

2022-01-16 23:54:15 - [TEST_STEP][PASSED] - waitForElementVisible(findTestObject("Object Repository/Page_Mood Administration Users Accounts Add_0e8dec/label_New password"), 0): Object 'Object Repository/Page_Mood Administration Users Accounts Add_0e8dec/label_New password' is visible

2022-01-16 23:54:16 - [MESSAGE][WARNING] - Timeout '0' is invalid. Using default page load timeout: '30'

2022-01-16 23:54:16 - [MESSAGE][PASSED] - Object 'Object Repository/Page_Mood Administration Users Accounts Add_0e8dec/label_New password' is visible

2022-01-16 23:54:16 - [TEST_STEP][PASSED] - click(findTestObject("Object Repository/Page_Mood Administration Users Accounts Add_0e8dec/em_Click to enter text")): Object: 'Object Repository/Page_Mood Administration Users Accounts Add_0e8dec/em_Click to enter text' is clicked on

2022-01-16 23:54:47 - [MESSAGE][INFO] - Unable to find the element located by 'By.xpath: //a[@id='yui_3_17_2_1_1642242441890_767']/span/span/em'. Please recheck the objects properties to make sure the desired element is located. 

2022-01-16 23:54:47 - [MESSAGE][WARNING] - [SELF-HEALING] Failed to find element with id 'Object Repository/Page_Mood Administration Users Accounts Add_0e8dec/em_Click to enter text'. Try using Self-healing.

2022-01-16 23:54:48 - [MESSAGE][WARNING] - [SELF-HEALING] The current locator of test object 'Object Repository/Page_Mood Administration Users Accounts Add_0e8dec/em_Click to enter text' was broken. Propose an alternative one: '(.//*[normalize-space(text()) and normalize-space(.)='New password'])[1]/following::em[1]'.

2022-01-16 23:54:48 - [MESSAGE][PASSED] - Object: 'Object Repository/Page_Mood Administration Users Accounts Add_0e8dec/em_Click to enter text' is clicked on

2022-01-16 23:54:48 - [TEST_STEP][PASSED] - setEncryptedText(findTestObject("Object Repository/Page_Mood Administration Users Accounts Add_0e8dec/input_New password_newpassword"), "o9w1gihRZMDFxbRmKPFkOQ=="): Text ****** has been set on object 'Object Repository/Page_Mood Administration Users Accounts Add_0e8dec/input_New password_newpassword'

2022-01-16 23:54:48 - [MESSAGE][PASSED] - Text ****** has been set on object 'Object Repository/Page_Mood Administration Users Accounts Add_0e8dec/input_New password_newpassword'

2022-01-16 23:54:48 - [TEST_STEP][PASSED] - setText(findTestObject("Object Repository/Page_Mood Administration Users Accounts Add_0e8dec/input_First name_firstname"), "Dinh Dang"): Text 'Dinh Dang' is set on object 'Object Repository/Page_Mood Administration Users Accounts Add_0e8dec/input_First name_firstname'

2022-01-16 23:54:49 - [MESSAGE][PASSED] - Text 'Dinh Dang' is set on object 'Object Repository/Page_Mood Administration Users Accounts Add_0e8dec/input_First name_firstname'

2022-01-16 23:54:49 - [TEST_STEP][PASSED] - setText(findTestObject("Object Repository/Page_Mood Administration Users Accounts Add_0e8dec/input_Surname_lastname"), "Dinh"): Text 'Dinh' is set on object 'Object Repository/Page_Mood Administration Users Accounts Add_0e8dec/input_Surname_lastname'

2022-01-16 23:54:50 - [MESSAGE][PASSED] - Text 'Dinh' is set on object 'Object Repository/Page_Mood Administration Users Accounts Add_0e8dec/input_Surname_lastname'

2022-01-16 23:54:50 - [TEST_STEP][PASSED] - setText(findTestObject("Object Repository/Page_Mood Administration Users Accounts Add_0e8dec/input_Email address_email"), "dddinh19@gmail.com"): Text 'dddinh19@gmail.com' is set on object 'Object Repository/Page_Mood Administration Users Accounts Add_0e8dec/input_Email address_email'

2022-01-16 23:54:51 - [MESSAGE][PASSED] - Text 'dddinh19@gmail.com' is set on object 'Object Repository/Page_Mood Administration Users Accounts Add_0e8dec/input_Email address_email'

2022-01-16 23:54:51 - [TEST_STEP][PASSED] - waitForElementVisible(findTestObject("Object Repository/Page_Mood Administration Users Accounts Add_0e8dec/input_Address_submitbutton"), 0): Object 'Object Repository/Page_Mood Administration Users Accounts Add_0e8dec/input_Address_submitbutton' is visible

2022-01-16 23:54:51 - [MESSAGE][WARNING] - Timeout '0' is invalid. Using default page load timeout: '30'

2022-01-16 23:54:51 - [MESSAGE][PASSED] - Object 'Object Repository/Page_Mood Administration Users Accounts Add_0e8dec/input_Address_submitbutton' is visible

2022-01-16 23:54:51 - [TEST_STEP][PASSED] - click(findTestObject("Object Repository/Page_Mood Administration Users Accounts Add_0e8dec/input_Address_submitbutton")): Object: 'Object Repository/Page_Mood Administration Users Accounts Add_0e8dec/input_Address_submitbutton' is clicked on

2022-01-16 23:54:53 - [MESSAGE][PASSED] - Object: 'Object Repository/Page_Mood Administration Users Accounts Add_0e8dec/input_Address_submitbutton' is clicked on

2022-01-16 23:54:53 - [TEST_STEP][PASSED] - waitForElementVisible(findTestObject("Object Repository/Page_Mood Administration Users Accounts Bro_af2de9/td_dddinh19gmail.com"), 0): Object 'Object Repository/Page_Mood Administration Users Accounts Bro_af2de9/td_dddinh19gmail.com' is visible

2022-01-16 23:54:53 - [MESSAGE][WARNING] - Timeout '0' is invalid. Using default page load timeout: '30'

2022-01-16 23:54:53 - [MESSAGE][PASSED] - Object 'Object Repository/Page_Mood Administration Users Accounts Bro_af2de9/td_dddinh19gmail.com' is visible

2022-01-16 23:54:53 - [TEST_STEP][PASSED] - click(findTestObject("Object Repository/Page_Mood Administration Users Accounts Bro_af2de9/a_Dinh Dang Dinh")): Object: 'Object Repository/Page_Mood Administration Users Accounts Bro_af2de9/a_Dinh Dang Dinh' is clicked on

2022-01-16 23:55:24 - [MESSAGE][INFO] - Unable to find the element located by 'By.xpath: //a[@id='yui_3_17_2_1_1642174179288_555']'. Please recheck the objects properties to make sure the desired element is located. 

2022-01-16 23:55:24 - [MESSAGE][WARNING] - [SELF-HEALING] Failed to find element with id 'Object Repository/Page_Mood Administration Users Accounts Bro_af2de9/a_Dinh Dang Dinh'. Try using Self-healing.

2022-01-16 23:55:25 - [MESSAGE][WARNING] - [SELF-HEALING] The current locator of test object 'Object Repository/Page_Mood Administration Users Accounts Bro_af2de9/a_Dinh Dang Dinh' was broken. Propose an alternative one: '//a[contains(text(),'Dinh Dang Dinh')]'.

2022-01-16 23:55:25 - [MESSAGE][PASSED] - Object: 'Object Repository/Page_Mood Administration Users Accounts Bro_af2de9/a_Dinh Dang Dinh' is clicked on

2022-01-16 23:55:25 - [TEST_STEP][PASSED] - click(findTestObject("Object Repository/Page_Dinh Dang Dinh Public profile/a_Users")): Object: 'Object Repository/Page_Dinh Dang Dinh Public profile/a_Users' is clicked on

2022-01-16 23:55:26 - [MESSAGE][PASSED] - Object: 'Object Repository/Page_Dinh Dang Dinh Public profile/a_Users' is clicked on

2022-01-16 23:55:26 - [TEST_STEP][PASSED] - waitForElementVisible(findTestObject("Object Repository/Page_Mood Participants/td_No groups"), 0): Object 'Object Repository/Page_Mood Participants/td_No groups' is visible

2022-01-16 23:55:26 - [MESSAGE][WARNING] - Timeout '0' is invalid. Using default page load timeout: '30'

2022-01-16 23:55:27 - [MESSAGE][PASSED] - Object 'Object Repository/Page_Mood Participants/td_No groups' is visible

2022-01-16 23:55:27 - [TEST_STEP][PASSED] - click(findTestObject("Object Repository/Page_Mood Participants/a_No roles")): Object: 'Object Repository/Page_Mood Participants/a_No roles' is clicked on

2022-01-16 23:55:27 - [MESSAGE][PASSED] - Object: 'Object Repository/Page_Mood Participants/a_No roles' is clicked on

2022-01-16 23:55:27 - [TEST_STEP][PASSED] - click(findTestObject("Object Repository/Page_Mood Participants/span_")): Object: 'Object Repository/Page_Mood Participants/span_' is clicked on

2022-01-16 23:55:58 - [MESSAGE][INFO] - Unable to find the element located by 'By.xpath: //span[@id='form_autocomplete_downarrow-1642174222631']'. Please recheck the objects properties to make sure the desired element is located. 

2022-01-16 23:55:58 - [MESSAGE][WARNING] - [SELF-HEALING] Failed to find element with id 'Object Repository/Page_Mood Participants/span_'. Try using Self-healing.

2022-01-16 23:55:58 - [MESSAGE][WARNING] - [SELF-HEALING] The current locator of test object 'Object Repository/Page_Mood Participants/span_' was broken. Propose an alternative one: '(.//*[normalize-space(text()) and normalize-space(.)='Selected items:'])[1]/following::span[2]'.

2022-01-16 23:55:59 - [MESSAGE][PASSED] - Object: 'Object Repository/Page_Mood Participants/span_' is clicked on

2022-01-16 23:55:59 - [TEST_STEP][PASSED] - click(findTestObject("Object Repository/Page_Mood Participants/li_Student")): Object: 'Object Repository/Page_Mood Participants/li_Student' is clicked on

2022-01-16 23:55:59 - [MESSAGE][PASSED] - Object: 'Object Repository/Page_Mood Participants/li_Student' is clicked on

2022-01-16 23:55:59 - [TEST_STEP][PASSED] - selectOptionByValue(findTestObject("Object Repository/Page_Mood Participants/select_ManagerTeacherNon-editing teacherStudent"), "5", true): All options with value '5' are selected in object 'Object Repository/Page_Mood Participants/select_ManagerTeacherNon-editing teacherStudent'  using regular expression

2022-01-16 23:56:30 - [MESSAGE][INFO] - Unable to find the element located by 'By.xpath: //select[@id='id_inplacevalue_74133699509967380152']'. Please recheck the objects properties to make sure the desired element is located. 

2022-01-16 23:56:30 - [MESSAGE][WARNING] - [SELF-HEALING] Failed to find element with id 'Object Repository/Page_Mood Participants/select_ManagerTeacherNon-editing teacherStudent'. Try using Self-healing.

2022-01-16 23:56:31 - [MESSAGE][WARNING] - [SELF-HEALING] The current locator of test object 'Object Repository/Page_Mood Participants/select_ManagerTeacherNon-editing teacherStudent' was broken. Propose an alternative one: '(.//*[normalize-space(text()) and normalize-space(.)=concat('Dinh Dang Dinh', "'", 's role assignments')])[1]/following::select[1]'.

2022-01-16 23:56:31 - [MESSAGE][PASSED] - All options with value '5' are selected in object 'Object Repository/Page_Mood Participants/select_ManagerTeacherNon-editing teacherStudent'  using regular expression

2022-01-16 23:56:31 - [TEST_STEP][PASSED] - selectOptionByValue(findTestObject("Object Repository/Page_Mood Participants/select_ManagerTeacherNon-editing teacherStudent"), "5", true): All options with value '5' are selected in object 'Object Repository/Page_Mood Participants/select_ManagerTeacherNon-editing teacherStudent'  using regular expression

2022-01-16 23:57:03 - [MESSAGE][INFO] - Unable to find the element located by 'By.xpath: //select[@id='id_inplacevalue_74133699509967380152']'. Please recheck the objects properties to make sure the desired element is located. 

2022-01-16 23:57:03 - [MESSAGE][WARNING] - [SELF-HEALING] Failed to find element with id 'Object Repository/Page_Mood Participants/select_ManagerTeacherNon-editing teacherStudent'. Try using Self-healing.

2022-01-16 23:57:03 - [MESSAGE][WARNING] - [SELF-HEALING] The current locator of test object 'Object Repository/Page_Mood Participants/select_ManagerTeacherNon-editing teacherStudent' was broken. Propose an alternative one: '(.//*[normalize-space(text()) and normalize-space(.)=concat('Dinh Dang Dinh', "'", 's role assignments')])[1]/following::select[1]'.

2022-01-16 23:57:03 - [MESSAGE][PASSED] - All options with value '5' are selected in object 'Object Repository/Page_Mood Participants/select_ManagerTeacherNon-editing teacherStudent'  using regular expression

2022-01-16 23:57:03 - [TEST_STEP][PASSED] - selectOptionByValue(findTestObject("Object Repository/Page_Mood Participants/select_ManagerTeacherNon-editing teacherStudent"), "5", true): All options with value '5' are selected in object 'Object Repository/Page_Mood Participants/select_ManagerTeacherNon-editing teacherStudent'  using regular expression

2022-01-16 23:57:35 - [MESSAGE][INFO] - Unable to find the element located by 'By.xpath: //select[@id='id_inplacevalue_74133699509967380152']'. Please recheck the objects properties to make sure the desired element is located. 

2022-01-16 23:57:35 - [MESSAGE][WARNING] - [SELF-HEALING] Failed to find element with id 'Object Repository/Page_Mood Participants/select_ManagerTeacherNon-editing teacherStudent'. Try using Self-healing.

2022-01-16 23:57:35 - [MESSAGE][WARNING] - [SELF-HEALING] The current locator of test object 'Object Repository/Page_Mood Participants/select_ManagerTeacherNon-editing teacherStudent' was broken. Propose an alternative one: '(.//*[normalize-space(text()) and normalize-space(.)=concat('Dinh Dang Dinh', "'", 's role assignments')])[1]/following::select[1]'.

2022-01-16 23:57:36 - [MESSAGE][PASSED] - All options with value '5' are selected in object 'Object Repository/Page_Mood Participants/select_ManagerTeacherNon-editing teacherStudent'  using regular expression

2022-01-16 23:57:36 - [TEST_STEP][PASSED] - selectOptionByValue(findTestObject("Object Repository/Page_Mood Participants/select_ManagerTeacherNon-editing teacherStudent"), "5", true): All options with value '5' are selected in object 'Object Repository/Page_Mood Participants/select_ManagerTeacherNon-editing teacherStudent'  using regular expression

2022-01-16 23:58:07 - [MESSAGE][INFO] - Unable to find the element located by 'By.xpath: //select[@id='id_inplacevalue_74133699509967380152']'. Please recheck the objects properties to make sure the desired element is located. 

2022-01-16 23:58:07 - [MESSAGE][WARNING] - [SELF-HEALING] Failed to find element with id 'Object Repository/Page_Mood Participants/select_ManagerTeacherNon-editing teacherStudent'. Try using Self-healing.

2022-01-16 23:58:07 - [MESSAGE][WARNING] - [SELF-HEALING] The current locator of test object 'Object Repository/Page_Mood Participants/select_ManagerTeacherNon-editing teacherStudent' was broken. Propose an alternative one: '(.//*[normalize-space(text()) and normalize-space(.)=concat('Dinh Dang Dinh', "'", 's role assignments')])[1]/following::select[1]'.

2022-01-16 23:58:08 - [MESSAGE][PASSED] - All options with value '5' are selected in object 'Object Repository/Page_Mood Participants/select_ManagerTeacherNon-editing teacherStudent'  using regular expression

2022-01-16 23:58:08 - [TEST_STEP][PASSED] - click(findTestObject("Object Repository/Page_Mood Participants/i_concat(Dinh Dang Dinh, , s role assignmen_ff9324")): Object: 'Object Repository/Page_Mood Participants/i_concat(Dinh Dang Dinh, , s role assignmen_ff9324' is clicked on

2022-01-16 23:58:39 - [MESSAGE][INFO] - Unable to find the element located by 'By.xpath: //span[@id='yui_3_17_2_1_1642174222490_21']/a/i'. Please recheck the objects properties to make sure the desired element is located. 

2022-01-16 23:58:39 - [MESSAGE][WARNING] - [SELF-HEALING] Failed to find element with id 'Object Repository/Page_Mood Participants/i_concat(Dinh Dang Dinh, , s role assignmen_ff9324'. Try using Self-healing.

2022-01-16 23:58:39 - [MESSAGE][WARNING] - [SELF-HEALING] The current locator of test object 'Object Repository/Page_Mood Participants/i_concat(Dinh Dang Dinh, , s role assignmen_ff9324' was broken. Propose an alternative one: '//span/a/i'.

2022-01-16 23:58:39 - [MESSAGE][PASSED] - Object: 'Object Repository/Page_Mood Participants/i_concat(Dinh Dang Dinh, , s role assignmen_ff9324' is clicked on

2022-01-16 23:58:39 - [TEST_STEP][PASSED] - click(findTestObject("Object Repository/Page_Mood Participants/a_Admin User")): Object: 'Object Repository/Page_Mood Participants/a_Admin User' is clicked on

2022-01-16 23:58:40 - [MESSAGE][PASSED] - Object: 'Object Repository/Page_Mood Participants/a_Admin User' is clicked on

2022-01-16 23:58:40 - [TEST_STEP][PASSED] - click(findTestObject("Object Repository/Page_Mood Participants/span_Log out")): Object: 'Object Repository/Page_Mood Participants/span_Log out' is clicked on

2022-01-16 23:58:40 - [MESSAGE][PASSED] - Object: 'Object Repository/Page_Mood Participants/span_Log out' is clicked on

2022-01-16 23:58:40 - [TEST_STEP][PASSED] - click(findTestObject("Object Repository/Page_Moodle/a_Log in")): Object: 'Object Repository/Page_Moodle/a_Log in' is clicked on

2022-01-16 23:58:41 - [MESSAGE][PASSED] - Object: 'Object Repository/Page_Moodle/a_Log in' is clicked on

2022-01-16 23:58:41 - [TEST_STEP][PASSED] - setText(findTestObject("Object Repository/Page_Moodle Log in to the site/input_Username_username"), "dddinh"): Text 'dddinh' is set on object 'Object Repository/Page_Moodle Log in to the site/input_Username_username'

2022-01-16 23:58:42 - [MESSAGE][PASSED] - Text 'dddinh' is set on object 'Object Repository/Page_Moodle Log in to the site/input_Username_username'

2022-01-16 23:58:42 - [TEST_STEP][PASSED] - setEncryptedText(findTestObject("Object Repository/Page_Moodle Log in to the site/input_Password_password"), "o9w1gihRZMDFxbRmKPFkOQ=="): Text ****** has been set on object 'Object Repository/Page_Moodle Log in to the site/input_Password_password'

2022-01-16 23:58:42 - [MESSAGE][PASSED] - Text ****** has been set on object 'Object Repository/Page_Moodle Log in to the site/input_Password_password'

2022-01-16 23:58:42 - [TEST_STEP][PASSED] - click(findTestObject("Object Repository/Page_Moodle Log in to the site/button_Log in")): Object: 'Object Repository/Page_Moodle Log in to the site/button_Log in' is clicked on

2022-01-16 23:58:43 - [MESSAGE][PASSED] - Object: 'Object Repository/Page_Moodle Log in to the site/button_Log in' is clicked on

2022-01-16 23:58:43 - [TEST_STEP][PASSED] - click(findTestObject("Object Repository/Page_Dashboard/a_Dinh Dang Dinh")): Object: 'Object Repository/Page_Dashboard/a_Dinh Dang Dinh' is clicked on

2022-01-16 23:58:45 - [MESSAGE][PASSED] - Object: 'Object Repository/Page_Dashboard/a_Dinh Dang Dinh' is clicked on

2022-01-16 23:58:45 - [TEST_STEP][PASSED] - click(findTestObject("Object Repository/Page_Dashboard/span_Log out")): Object: 'Object Repository/Page_Dashboard/span_Log out' is clicked on

2022-01-16 23:58:45 - [MESSAGE][PASSED] - Object: 'Object Repository/Page_Dashboard/span_Log out' is clicked on

2022-01-16 23:58:45 - [TEST_STEP][PASSED] - click(findTestObject("Object Repository/Page_Moodle/a_Log in")): Object: 'Object Repository/Page_Moodle/a_Log in' is clicked on

2022-01-16 23:58:46 - [MESSAGE][PASSED] - Object: 'Object Repository/Page_Moodle/a_Log in' is clicked on

2022-01-16 23:58:46 - [TEST_STEP][PASSED] - setText(findTestObject("Object Repository/Page_Moodle Log in to the site/input_Username_username"), "admin"): Text 'admin' is set on object 'Object Repository/Page_Moodle Log in to the site/input_Username_username'

2022-01-16 23:58:47 - [MESSAGE][PASSED] - Text 'admin' is set on object 'Object Repository/Page_Moodle Log in to the site/input_Username_username'

2022-01-16 23:58:47 - [TEST_STEP][PASSED] - setEncryptedText(findTestObject("Object Repository/Page_Moodle Log in to the site/input_Password_password"), "r6H/uPCyCbQX7sAf5E1f3g=="): Text ****** has been set on object 'Object Repository/Page_Moodle Log in to the site/input_Password_password'

2022-01-16 23:58:47 - [MESSAGE][PASSED] - Text ****** has been set on object 'Object Repository/Page_Moodle Log in to the site/input_Password_password'

2022-01-16 23:58:47 - [TEST_STEP][PASSED] - click(findTestObject("Object Repository/Page_Moodle Log in to the site/button_Log in")): Object: 'Object Repository/Page_Moodle Log in to the site/button_Log in' is clicked on

2022-01-16 23:58:48 - [MESSAGE][PASSED] - Object: 'Object Repository/Page_Moodle Log in to the site/button_Log in' is clicked on

2022-01-16 23:58:48 - [TEST_STEP][PASSED] - click(findTestObject("Object Repository/Page_Dashboard/span_Site administration")): Object: 'Object Repository/Page_Dashboard/span_Site administration' is clicked on

2022-01-16 23:58:50 - [MESSAGE][PASSED] - Object: 'Object Repository/Page_Dashboard/span_Site administration' is clicked on

2022-01-16 23:58:50 - [TEST_STEP][PASSED] - click(findTestObject("Object Repository/Page_Mood Administration Search/a_Users")): Object: 'Object Repository/Page_Mood Administration Search/a_Users' is clicked on

2022-01-16 23:58:50 - [MESSAGE][PASSED] - Object: 'Object Repository/Page_Mood Administration Search/a_Users' is clicked on

2022-01-16 23:58:50 - [TEST_STEP][PASSED] - click(findTestObject("Object Repository/Page_Mood Administration Search/a_Browse list of users")): Object: 'Object Repository/Page_Mood Administration Search/a_Browse list of users' is clicked on

2022-01-16 23:58:51 - [MESSAGE][PASSED] - Object: 'Object Repository/Page_Mood Administration Search/a_Browse list of users' is clicked on

2022-01-16 23:58:51 - [TEST_STEP][PASSED] - waitForElementVisible(findTestObject("Object Repository/Page_Mood Administration Users Accounts Bro_af2de9/td_dddinh19gmail.com"), 0): Object 'Object Repository/Page_Mood Administration Users Accounts Bro_af2de9/td_dddinh19gmail.com' is visible

2022-01-16 23:58:52 - [MESSAGE][WARNING] - Timeout '0' is invalid. Using default page load timeout: '30'

2022-01-16 23:58:52 - [MESSAGE][PASSED] - Object 'Object Repository/Page_Mood Administration Users Accounts Bro_af2de9/td_dddinh19gmail.com' is visible

2022-01-16 23:58:52 - [TEST_STEP][PASSED] - click(findTestObject("Object Repository/Page_Mood Administration Users Accounts Bro_af2de9/i_dddinh19gmail.com_icon fa fa-trash fa-fw")): Object: 'Object Repository/Page_Mood Administration Users Accounts Bro_af2de9/i_dddinh19gmail.com_icon fa fa-trash fa-fw' is clicked on

2022-01-16 23:59:23 - [MESSAGE][INFO] - Unable to find the element located by 'By.xpath: //a[@id='yui_3_17_2_1_1642174322054_556']/i'. Please recheck the objects properties to make sure the desired element is located. 

2022-01-16 23:59:23 - [MESSAGE][WARNING] - [SELF-HEALING] Failed to find element with id 'Object Repository/Page_Mood Administration Users Accounts Bro_af2de9/i_dddinh19gmail.com_icon fa fa-trash fa-fw'. Try using Self-healing.

2022-01-16 23:59:23 - [MESSAGE][WARNING] - [SELF-HEALING] The current locator of test object 'Object Repository/Page_Mood Administration Users Accounts Bro_af2de9/i_dddinh19gmail.com_icon fa fa-trash fa-fw' was broken. Propose an alternative one: '//tr[2]/td[6]/a/i'.

2022-01-16 23:59:24 - [MESSAGE][PASSED] - Object: 'Object Repository/Page_Mood Administration Users Accounts Bro_af2de9/i_dddinh19gmail.com_icon fa fa-trash fa-fw' is clicked on

2022-01-16 23:59:24 - [TEST_STEP][PASSED] - click(findTestObject("Object Repository/Page_Mood Administration Users Accounts Bro_af2de9/button_Delete")): Object: 'Object Repository/Page_Mood Administration Users Accounts Bro_af2de9/button_Delete' is clicked on

2022-01-16 23:59:55 - [MESSAGE][INFO] - Unable to find the element located by 'By.xpath: //button[@id='single_button61e1977d503fb15']'. Please recheck the objects properties to make sure the desired element is located. 

2022-01-16 23:59:55 - [MESSAGE][WARNING] - [SELF-HEALING] Failed to find element with id 'Object Repository/Page_Mood Administration Users Accounts Bro_af2de9/button_Delete'. Try using Self-healing.

2022-01-16 23:59:55 - [MESSAGE][WARNING] - [SELF-HEALING] The current locator of test object 'Object Repository/Page_Mood Administration Users Accounts Bro_af2de9/button_Delete' was broken. Propose an alternative one: '//div[@id='modal-footer']/div/div/form/button'.

2022-01-16 23:59:56 - [MESSAGE][PASSED] - Object: 'Object Repository/Page_Mood Administration Users Accounts Bro_af2de9/button_Delete' is clicked on

2022-01-16 23:59:56 - [TEST_STEP][PASSED] - closeBrowser(): Browser is closed

2022-01-16 23:59:57 - [MESSAGE][PASSED] - Browser is closed]]></system-out>
         <system-err><![CDATA[]]></system-err>
      </testcase>
      <testcase name="Test Cases/test case 07" time="82.018" classname="Test Cases/test case 07" status="PASSED">
         <system-out><![CDATA[2022-01-16 23:59:57 - [TEST_CASE][PASSED] - Test Cases/test case 07: Test Cases/test case 07

2022-01-16 23:59:57 - [TEST_STEP][PASSED] - openBrowser(""): Browser is opened with url: ''

2022-01-16 23:59:57 - [MESSAGE][INFO] - Starting 'Chrome' driver

2022-01-16 23:59:57 - [MESSAGE][INFO] - Action delay is set to 0 milliseconds

2022-01-16 23:59:58 - [MESSAGE][PASSED] - Browser is opened with url: ''

2022-01-16 23:59:58 - [TEST_STEP][PASSED] - navigateToUrl("http://localhost/"): Navigate to 'http://localhost/' successfully

2022-01-16 23:59:59 - [MESSAGE][PASSED] - Navigate to 'http://localhost/' successfully

2022-01-16 23:59:59 - [TEST_STEP][PASSED] - click(findTestObject("Object Repository/Page_Moodle/a_Log in")): Object: 'Object Repository/Page_Moodle/a_Log in' is clicked on

2022-01-17 00:00:00 - [MESSAGE][PASSED] - Object: 'Object Repository/Page_Moodle/a_Log in' is clicked on

2022-01-17 00:00:00 - [TEST_STEP][PASSED] - setText(findTestObject("Object Repository/Page_Moodle Log in to the site/input_Username_username"), "admin"): Text 'admin' is set on object 'Object Repository/Page_Moodle Log in to the site/input_Username_username'

2022-01-17 00:00:01 - [MESSAGE][PASSED] - Text 'admin' is set on object 'Object Repository/Page_Moodle Log in to the site/input_Username_username'

2022-01-17 00:00:01 - [TEST_STEP][PASSED] - setEncryptedText(findTestObject("Object Repository/Page_Moodle Log in to the site/input_Password_password"), "r6H/uPCyCbQX7sAf5E1f3g=="): Text ****** has been set on object 'Object Repository/Page_Moodle Log in to the site/input_Password_password'

2022-01-17 00:00:02 - [MESSAGE][PASSED] - Text ****** has been set on object 'Object Repository/Page_Moodle Log in to the site/input_Password_password'

2022-01-17 00:00:02 - [TEST_STEP][PASSED] - click(findTestObject("Object Repository/Page_Moodle Log in to the site/button_Log in")): Object: 'Object Repository/Page_Moodle Log in to the site/button_Log in' is clicked on

2022-01-17 00:00:03 - [MESSAGE][PASSED] - Object: 'Object Repository/Page_Moodle Log in to the site/button_Log in' is clicked on

2022-01-17 00:00:03 - [TEST_STEP][PASSED] - verifyElementText(findTestObject("Object Repository/Page_Dashboard/span_Site administration"), "Site administration"): Actual text and expected text of test object 'Object Repository/Page_Dashboard/span_Site administration' are matched.

2022-01-17 00:00:04 - [MESSAGE][PASSED] - Actual text and expected text of test object 'Object Repository/Page_Dashboard/span_Site administration' are matched.

2022-01-17 00:00:04 - [TEST_STEP][PASSED] - click(findTestObject("Object Repository/Page_Dashboard/span_Site administration")): Object: 'Object Repository/Page_Dashboard/span_Site administration' is clicked on

2022-01-17 00:00:05 - [MESSAGE][PASSED] - Object: 'Object Repository/Page_Dashboard/span_Site administration' is clicked on

2022-01-17 00:00:05 - [TEST_STEP][PASSED] - rightClick(findTestObject("Object Repository/Page_Mood Administration Search/a_Users")): Object: 'Object Repository/Page_Mood Administration Search/a_Users' is right clicked on

2022-01-17 00:00:06 - [MESSAGE][PASSED] - Object: 'Object Repository/Page_Mood Administration Search/a_Users' is right clicked on

2022-01-17 00:00:06 - [TEST_STEP][PASSED] - click(findTestObject("Object Repository/Page_Mood Administration Search/a_Users")): Object: 'Object Repository/Page_Mood Administration Search/a_Users' is clicked on

2022-01-17 00:00:06 - [MESSAGE][PASSED] - Object: 'Object Repository/Page_Mood Administration Search/a_Users' is clicked on

2022-01-17 00:00:06 - [TEST_STEP][PASSED] - click(findTestObject("Object Repository/Page_Mood Administration Search/a_Add a new user")): Object: 'Object Repository/Page_Mood Administration Search/a_Add a new user' is clicked on

2022-01-17 00:00:07 - [MESSAGE][PASSED] - Object: 'Object Repository/Page_Mood Administration Search/a_Add a new user' is clicked on

2022-01-17 00:00:07 - [TEST_STEP][PASSED] - waitForElementVisible(findTestObject("Object Repository/Page_Mood Administration Users Accounts Add_0e8dec/label_Username"), 0): Object 'Object Repository/Page_Mood Administration Users Accounts Add_0e8dec/label_Username' is visible

2022-01-17 00:00:07 - [MESSAGE][WARNING] - Timeout '0' is invalid. Using default page load timeout: '30'

2022-01-17 00:00:08 - [MESSAGE][PASSED] - Object 'Object Repository/Page_Mood Administration Users Accounts Add_0e8dec/label_Username' is visible

2022-01-17 00:00:08 - [TEST_STEP][PASSED] - setText(findTestObject("Object Repository/Page_Mood Administration Users Accounts Add_0e8dec/input_Username_username"), "qmkhoi"): Text 'qmkhoi' is set on object 'Object Repository/Page_Mood Administration Users Accounts Add_0e8dec/input_Username_username'

2022-01-17 00:00:09 - [MESSAGE][PASSED] - Text 'qmkhoi' is set on object 'Object Repository/Page_Mood Administration Users Accounts Add_0e8dec/input_Username_username'

2022-01-17 00:00:09 - [TEST_STEP][PASSED] - click(findTestObject("Object Repository/Page_Mood Administration Users Accounts Add_0e8dec/em_Click to enter text")): Object: 'Object Repository/Page_Mood Administration Users Accounts Add_0e8dec/em_Click to enter text' is clicked on

2022-01-17 00:00:40 - [MESSAGE][INFO] - Unable to find the element located by 'By.xpath: //a[@id='yui_3_17_2_1_1642242441890_767']/span/span/em'. Please recheck the objects properties to make sure the desired element is located. 

2022-01-17 00:00:40 - [MESSAGE][WARNING] - [SELF-HEALING] Failed to find element with id 'Object Repository/Page_Mood Administration Users Accounts Add_0e8dec/em_Click to enter text'. Try using Self-healing.

2022-01-17 00:00:40 - [MESSAGE][WARNING] - [SELF-HEALING] The current locator of test object 'Object Repository/Page_Mood Administration Users Accounts Add_0e8dec/em_Click to enter text' was broken. Propose an alternative one: '(.//*[normalize-space(text()) and normalize-space(.)='New password'])[1]/following::em[1]'.

2022-01-17 00:00:41 - [MESSAGE][PASSED] - Object: 'Object Repository/Page_Mood Administration Users Accounts Add_0e8dec/em_Click to enter text' is clicked on

2022-01-17 00:00:41 - [TEST_STEP][PASSED] - setEncryptedText(findTestObject("Object Repository/Page_Mood Administration Users Accounts Add_0e8dec/input_New password_newpassword"), "eiP2h/EMT1gGbs0OIJkleA=="): Text ****** has been set on object 'Object Repository/Page_Mood Administration Users Accounts Add_0e8dec/input_New password_newpassword'

2022-01-17 00:00:41 - [MESSAGE][PASSED] - Text ****** has been set on object 'Object Repository/Page_Mood Administration Users Accounts Add_0e8dec/input_New password_newpassword'

2022-01-17 00:00:41 - [TEST_STEP][PASSED] - waitForElementVisible(findTestObject("Object Repository/Page_Mood Administration Users Accounts Add_0e8dec/input_First name_firstname"), 0): Object 'Object Repository/Page_Mood Administration Users Accounts Add_0e8dec/input_First name_firstname' is visible

2022-01-17 00:00:41 - [MESSAGE][WARNING] - Timeout '0' is invalid. Using default page load timeout: '30'

2022-01-17 00:00:42 - [MESSAGE][PASSED] - Object 'Object Repository/Page_Mood Administration Users Accounts Add_0e8dec/input_First name_firstname' is visible

2022-01-17 00:00:42 - [TEST_STEP][PASSED] - setText(findTestObject("Object Repository/Page_Mood Administration Users Accounts Add_0e8dec/input_First name_firstname"), "Quach"): Text 'Quach' is set on object 'Object Repository/Page_Mood Administration Users Accounts Add_0e8dec/input_First name_firstname'

2022-01-17 00:00:42 - [MESSAGE][PASSED] - Text 'Quach' is set on object 'Object Repository/Page_Mood Administration Users Accounts Add_0e8dec/input_First name_firstname'

2022-01-17 00:00:42 - [TEST_STEP][PASSED] - click(findTestObject("Object Repository/Page_Mood Administration Users Accounts Add_0e8dec/div_Username                               _ccea4b")): Object: 'Object Repository/Page_Mood Administration Users Accounts Add_0e8dec/div_Username                               _ccea4b' is clicked on

2022-01-17 00:01:13 - [MESSAGE][INFO] - Unable to find the element located by 'By.xpath: //div[@id='yui_3_17_2_1_1642242441890_390']'. Please recheck the objects properties to make sure the desired element is located. 

2022-01-17 00:01:13 - [MESSAGE][WARNING] - [SELF-HEALING] Failed to find element with id 'Object Repository/Page_Mood Administration Users Accounts Add_0e8dec/div_Username                               _ccea4b'. Try using Self-healing.

2022-01-17 00:01:14 - [MESSAGE][WARNING] - [SELF-HEALING] The current locator of test object 'Object Repository/Page_Mood Administration Users Accounts Add_0e8dec/div_Username                               _ccea4b' was broken. Propose an alternative one: '//fieldset[@id='id_moodle']/div'.

2022-01-17 00:01:14 - [MESSAGE][PASSED] - Object: 'Object Repository/Page_Mood Administration Users Accounts Add_0e8dec/div_Username                               _ccea4b' is clicked on

2022-01-17 00:01:14 - [TEST_STEP][PASSED] - setText(findTestObject("Object Repository/Page_Mood Administration Users Accounts Add_0e8dec/input_Surname_lastname"), "Minh Khoi"): Text 'Minh Khoi' is set on object 'Object Repository/Page_Mood Administration Users Accounts Add_0e8dec/input_Surname_lastname'

2022-01-17 00:01:14 - [MESSAGE][PASSED] - Text 'Minh Khoi' is set on object 'Object Repository/Page_Mood Administration Users Accounts Add_0e8dec/input_Surname_lastname'

2022-01-17 00:01:14 - [TEST_STEP][PASSED] - setText(findTestObject("Object Repository/Page_Mood Administration Users Accounts Add_0e8dec/input_Email address_email"), "qmkhoi19@gmail.com"): Text 'qmkhoi19@gmail.com' is set on object 'Object Repository/Page_Mood Administration Users Accounts Add_0e8dec/input_Email address_email'

2022-01-17 00:01:15 - [MESSAGE][PASSED] - Text 'qmkhoi19@gmail.com' is set on object 'Object Repository/Page_Mood Administration Users Accounts Add_0e8dec/input_Email address_email'

2022-01-17 00:01:15 - [TEST_STEP][PASSED] - waitForElementVisible(findTestObject("Object Repository/Page_Mood Administration Users Accounts Add_0e8dec/input_Address_submitbutton"), 0): Object 'Object Repository/Page_Mood Administration Users Accounts Add_0e8dec/input_Address_submitbutton' is visible

2022-01-17 00:01:15 - [MESSAGE][WARNING] - Timeout '0' is invalid. Using default page load timeout: '30'

2022-01-17 00:01:16 - [MESSAGE][PASSED] - Object 'Object Repository/Page_Mood Administration Users Accounts Add_0e8dec/input_Address_submitbutton' is visible

2022-01-17 00:01:16 - [TEST_STEP][PASSED] - click(findTestObject("Object Repository/Page_Mood Administration Users Accounts Add_0e8dec/input_Address_submitbutton")): Object: 'Object Repository/Page_Mood Administration Users Accounts Add_0e8dec/input_Address_submitbutton' is clicked on

2022-01-17 00:01:17 - [MESSAGE][PASSED] - Object: 'Object Repository/Page_Mood Administration Users Accounts Add_0e8dec/input_Address_submitbutton' is clicked on

2022-01-17 00:01:17 - [TEST_STEP][PASSED] - verifyElementText(findTestObject("Object Repository/Page_Mood Administration Users Accounts Add_0e8dec/div_This username already exists, choose another"), "This username already exists, choose another"): Actual text and expected text of test object 'Object Repository/Page_Mood Administration Users Accounts Add_0e8dec/div_This username already exists, choose another' are matched.

2022-01-17 00:01:18 - [MESSAGE][PASSED] - Actual text and expected text of test object 'Object Repository/Page_Mood Administration Users Accounts Add_0e8dec/div_This username already exists, choose another' are matched.

2022-01-17 00:01:18 - [TEST_STEP][PASSED] - closeBrowser(): Browser is closed

2022-01-17 00:01:19 - [MESSAGE][PASSED] - Browser is closed]]></system-out>
         <system-err><![CDATA[]]></system-err>
      </testcase>
      <testcase name="Test Cases/test case 08" time="79.027" classname="Test Cases/test case 08" status="PASSED">
         <system-out><![CDATA[2022-01-17 00:01:19 - [TEST_CASE][PASSED] - Test Cases/test case 08: Test Cases/test case 08

2022-01-17 00:01:19 - [TEST_STEP][PASSED] - openBrowser(""): Browser is opened with url: ''

2022-01-17 00:01:19 - [MESSAGE][INFO] - Starting 'Chrome' driver

2022-01-17 00:01:19 - [MESSAGE][INFO] - Action delay is set to 0 milliseconds

2022-01-17 00:01:20 - [MESSAGE][PASSED] - Browser is opened with url: ''

2022-01-17 00:01:20 - [TEST_STEP][PASSED] - navigateToUrl("http://localhost/"): Navigate to 'http://localhost/' successfully

2022-01-17 00:01:21 - [MESSAGE][PASSED] - Navigate to 'http://localhost/' successfully

2022-01-17 00:01:21 - [TEST_STEP][PASSED] - click(findTestObject("Object Repository/Page_Moodle/a_Log in")): Object: 'Object Repository/Page_Moodle/a_Log in' is clicked on

2022-01-17 00:01:22 - [MESSAGE][PASSED] - Object: 'Object Repository/Page_Moodle/a_Log in' is clicked on

2022-01-17 00:01:22 - [TEST_STEP][PASSED] - setText(findTestObject("Object Repository/Page_Moodle Log in to the site/input_Username_username"), "admin"): Text 'admin' is set on object 'Object Repository/Page_Moodle Log in to the site/input_Username_username'

2022-01-17 00:01:23 - [MESSAGE][PASSED] - Text 'admin' is set on object 'Object Repository/Page_Moodle Log in to the site/input_Username_username'

2022-01-17 00:01:23 - [TEST_STEP][PASSED] - setEncryptedText(findTestObject("Object Repository/Page_Moodle Log in to the site/input_Password_password"), "r6H/uPCyCbQX7sAf5E1f3g=="): Text ****** has been set on object 'Object Repository/Page_Moodle Log in to the site/input_Password_password'

2022-01-17 00:01:23 - [MESSAGE][PASSED] - Text ****** has been set on object 'Object Repository/Page_Moodle Log in to the site/input_Password_password'

2022-01-17 00:01:23 - [TEST_STEP][PASSED] - click(findTestObject("Object Repository/Page_Moodle Log in to the site/button_Log in")): Object: 'Object Repository/Page_Moodle Log in to the site/button_Log in' is clicked on

2022-01-17 00:01:24 - [MESSAGE][PASSED] - Object: 'Object Repository/Page_Moodle Log in to the site/button_Log in' is clicked on

2022-01-17 00:01:24 - [TEST_STEP][PASSED] - click(findTestObject("Object Repository/Page_Dashboard/span_Site administration")): Object: 'Object Repository/Page_Dashboard/span_Site administration' is clicked on

2022-01-17 00:01:26 - [MESSAGE][PASSED] - Object: 'Object Repository/Page_Dashboard/span_Site administration' is clicked on

2022-01-17 00:01:26 - [TEST_STEP][PASSED] - click(findTestObject("Object Repository/Page_Mood Administration Search/a_Users")): Object: 'Object Repository/Page_Mood Administration Search/a_Users' is clicked on

2022-01-17 00:01:27 - [MESSAGE][PASSED] - Object: 'Object Repository/Page_Mood Administration Search/a_Users' is clicked on

2022-01-17 00:01:27 - [TEST_STEP][PASSED] - click(findTestObject("Object Repository/Page_Mood Administration Search/a_Add a new user")): Object: 'Object Repository/Page_Mood Administration Search/a_Add a new user' is clicked on

2022-01-17 00:01:28 - [MESSAGE][PASSED] - Object: 'Object Repository/Page_Mood Administration Search/a_Add a new user' is clicked on

2022-01-17 00:01:28 - [TEST_STEP][PASSED] - setText(findTestObject("Object Repository/Page_Mood Administration Users Accounts Add_0e8dec/input_Username_username"), "dddinh"): Text 'dddinh' is set on object 'Object Repository/Page_Mood Administration Users Accounts Add_0e8dec/input_Username_username'

2022-01-17 00:01:29 - [MESSAGE][PASSED] - Text 'dddinh' is set on object 'Object Repository/Page_Mood Administration Users Accounts Add_0e8dec/input_Username_username'

2022-01-17 00:01:29 - [TEST_STEP][PASSED] - waitForElementVisible(findTestObject("Object Repository/Page_Mood Administration Users Accounts Add_0e8dec/label_New password"), 0): Object 'Object Repository/Page_Mood Administration Users Accounts Add_0e8dec/label_New password' is visible

2022-01-17 00:01:29 - [MESSAGE][WARNING] - Timeout '0' is invalid. Using default page load timeout: '30'

2022-01-17 00:01:30 - [MESSAGE][PASSED] - Object 'Object Repository/Page_Mood Administration Users Accounts Add_0e8dec/label_New password' is visible

2022-01-17 00:01:30 - [TEST_STEP][PASSED] - click(findTestObject("Object Repository/Page_Mood Administration Users Accounts Add_0e8dec/em_Click to enter text")): Object: 'Object Repository/Page_Mood Administration Users Accounts Add_0e8dec/em_Click to enter text' is clicked on

2022-01-17 00:02:01 - [MESSAGE][INFO] - Unable to find the element located by 'By.xpath: //a[@id='yui_3_17_2_1_1642242441890_767']/span/span/em'. Please recheck the objects properties to make sure the desired element is located. 

2022-01-17 00:02:01 - [MESSAGE][WARNING] - [SELF-HEALING] Failed to find element with id 'Object Repository/Page_Mood Administration Users Accounts Add_0e8dec/em_Click to enter text'. Try using Self-healing.

2022-01-17 00:02:01 - [MESSAGE][WARNING] - [SELF-HEALING] The current locator of test object 'Object Repository/Page_Mood Administration Users Accounts Add_0e8dec/em_Click to enter text' was broken. Propose an alternative one: '(.//*[normalize-space(text()) and normalize-space(.)='New password'])[1]/following::em[1]'.

2022-01-17 00:02:01 - [MESSAGE][PASSED] - Object: 'Object Repository/Page_Mood Administration Users Accounts Add_0e8dec/em_Click to enter text' is clicked on

2022-01-17 00:02:01 - [TEST_STEP][PASSED] - setEncryptedText(findTestObject("Object Repository/Page_Mood Administration Users Accounts Add_0e8dec/input_New password_newpassword"), "Poyj66BFqQY="): Text ****** has been set on object 'Object Repository/Page_Mood Administration Users Accounts Add_0e8dec/input_New password_newpassword'

2022-01-17 00:02:02 - [MESSAGE][PASSED] - Text ****** has been set on object 'Object Repository/Page_Mood Administration Users Accounts Add_0e8dec/input_New password_newpassword'

2022-01-17 00:02:02 - [TEST_STEP][PASSED] - setText(findTestObject("Object Repository/Page_Mood Administration Users Accounts Add_0e8dec/input_First name_firstname"), "Dinh"): Text 'Dinh' is set on object 'Object Repository/Page_Mood Administration Users Accounts Add_0e8dec/input_First name_firstname'

2022-01-17 00:02:03 - [MESSAGE][PASSED] - Text 'Dinh' is set on object 'Object Repository/Page_Mood Administration Users Accounts Add_0e8dec/input_First name_firstname'

2022-01-17 00:02:03 - [TEST_STEP][PASSED] - click(findTestObject("Object Repository/Page_Mood Administration Users Accounts Add_0e8dec/div_Username                               _ccea4b")): Object: 'Object Repository/Page_Mood Administration Users Accounts Add_0e8dec/div_Username                               _ccea4b' is clicked on

2022-01-17 00:02:34 - [MESSAGE][INFO] - Unable to find the element located by 'By.xpath: //div[@id='yui_3_17_2_1_1642242441890_390']'. Please recheck the objects properties to make sure the desired element is located. 

2022-01-17 00:02:34 - [MESSAGE][WARNING] - [SELF-HEALING] Failed to find element with id 'Object Repository/Page_Mood Administration Users Accounts Add_0e8dec/div_Username                               _ccea4b'. Try using Self-healing.

2022-01-17 00:02:34 - [MESSAGE][WARNING] - [SELF-HEALING] The current locator of test object 'Object Repository/Page_Mood Administration Users Accounts Add_0e8dec/div_Username                               _ccea4b' was broken. Propose an alternative one: '//fieldset[@id='id_moodle']/div'.

2022-01-17 00:02:34 - [MESSAGE][PASSED] - Object: 'Object Repository/Page_Mood Administration Users Accounts Add_0e8dec/div_Username                               _ccea4b' is clicked on

2022-01-17 00:02:34 - [TEST_STEP][PASSED] - setText(findTestObject("Object Repository/Page_Mood Administration Users Accounts Add_0e8dec/input_Surname_lastname"), "Dinh"): Text 'Dinh' is set on object 'Object Repository/Page_Mood Administration Users Accounts Add_0e8dec/input_Surname_lastname'

2022-01-17 00:02:35 - [MESSAGE][PASSED] - Text 'Dinh' is set on object 'Object Repository/Page_Mood Administration Users Accounts Add_0e8dec/input_Surname_lastname'

2022-01-17 00:02:35 - [TEST_STEP][PASSED] - setText(findTestObject("Object Repository/Page_Mood Administration Users Accounts Add_0e8dec/input_Email address_email"), "dddinh@apcs.vn"): Text 'dddinh@apcs.vn' is set on object 'Object Repository/Page_Mood Administration Users Accounts Add_0e8dec/input_Email address_email'

2022-01-17 00:02:35 - [MESSAGE][PASSED] - Text 'dddinh@apcs.vn' is set on object 'Object Repository/Page_Mood Administration Users Accounts Add_0e8dec/input_Email address_email'

2022-01-17 00:02:35 - [TEST_STEP][PASSED] - waitForElementVisible(findTestObject("Object Repository/Page_Mood Administration Users Accounts Add_0e8dec/input_Address_submitbutton"), 0): Object 'Object Repository/Page_Mood Administration Users Accounts Add_0e8dec/input_Address_submitbutton' is visible

2022-01-17 00:02:36 - [MESSAGE][WARNING] - Timeout '0' is invalid. Using default page load timeout: '30'

2022-01-17 00:02:36 - [MESSAGE][PASSED] - Object 'Object Repository/Page_Mood Administration Users Accounts Add_0e8dec/input_Address_submitbutton' is visible

2022-01-17 00:02:36 - [TEST_STEP][PASSED] - click(findTestObject("Object Repository/Page_Mood Administration Users Accounts Add_0e8dec/input_Address_submitbutton")): Object: 'Object Repository/Page_Mood Administration Users Accounts Add_0e8dec/input_Address_submitbutton' is clicked on

2022-01-17 00:02:37 - [MESSAGE][PASSED] - Object: 'Object Repository/Page_Mood Administration Users Accounts Add_0e8dec/input_Address_submitbutton' is clicked on

2022-01-17 00:02:37 - [TEST_STEP][PASSED] - closeBrowser(): Browser is closed

2022-01-17 00:02:38 - [MESSAGE][PASSED] - Browser is closed]]></system-out>
         <system-err><![CDATA[]]></system-err>
      </testcase>
      <testcase name="Test Cases/test case 09" time="48.564" classname="Test Cases/test case 09" status="PASSED">
         <system-out><![CDATA[2022-01-17 00:02:38 - [TEST_CASE][PASSED] - Test Cases/test case 09: Test Cases/test case 09

2022-01-17 00:02:38 - [TEST_STEP][PASSED] - openBrowser(""): Browser is opened with url: ''

2022-01-17 00:02:38 - [MESSAGE][INFO] - Starting 'Chrome' driver

2022-01-17 00:02:38 - [MESSAGE][INFO] - Action delay is set to 0 milliseconds

2022-01-17 00:02:39 - [MESSAGE][PASSED] - Browser is opened with url: ''

2022-01-17 00:02:39 - [TEST_STEP][PASSED] - navigateToUrl("http://localhost/"): Navigate to 'http://localhost/' successfully

2022-01-17 00:02:40 - [MESSAGE][PASSED] - Navigate to 'http://localhost/' successfully

2022-01-17 00:02:40 - [TEST_STEP][PASSED] - click(findTestObject("Object Repository/Page_Moodle/a_Log in")): Object: 'Object Repository/Page_Moodle/a_Log in' is clicked on

2022-01-17 00:02:41 - [MESSAGE][PASSED] - Object: 'Object Repository/Page_Moodle/a_Log in' is clicked on

2022-01-17 00:02:41 - [TEST_STEP][PASSED] - setText(findTestObject("Object Repository/Page_Moodle Log in to the site/input_Username_username"), "admin"): Text 'admin' is set on object 'Object Repository/Page_Moodle Log in to the site/input_Username_username'

2022-01-17 00:02:42 - [MESSAGE][PASSED] - Text 'admin' is set on object 'Object Repository/Page_Moodle Log in to the site/input_Username_username'

2022-01-17 00:02:42 - [TEST_STEP][PASSED] - setEncryptedText(findTestObject("Object Repository/Page_Moodle Log in to the site/input_Password_password"), "r6H/uPCyCbQX7sAf5E1f3g=="): Text ****** has been set on object 'Object Repository/Page_Moodle Log in to the site/input_Password_password'

2022-01-17 00:02:43 - [MESSAGE][PASSED] - Text ****** has been set on object 'Object Repository/Page_Moodle Log in to the site/input_Password_password'

2022-01-17 00:02:43 - [TEST_STEP][PASSED] - click(findTestObject("Object Repository/Page_Moodle Log in to the site/button_Log in")): Object: 'Object Repository/Page_Moodle Log in to the site/button_Log in' is clicked on

2022-01-17 00:02:44 - [MESSAGE][PASSED] - Object: 'Object Repository/Page_Moodle Log in to the site/button_Log in' is clicked on

2022-01-17 00:02:44 - [TEST_STEP][PASSED] - click(findTestObject("Object Repository/Page_Dashboard/span_Site administration")): Object: 'Object Repository/Page_Dashboard/span_Site administration' is clicked on

2022-01-17 00:02:45 - [MESSAGE][PASSED] - Object: 'Object Repository/Page_Dashboard/span_Site administration' is clicked on

2022-01-17 00:02:45 - [TEST_STEP][PASSED] - click(findTestObject("Object Repository/Page_Mood Administration Search/a_Users")): Object: 'Object Repository/Page_Mood Administration Search/a_Users' is clicked on

2022-01-17 00:02:46 - [MESSAGE][PASSED] - Object: 'Object Repository/Page_Mood Administration Search/a_Users' is clicked on

2022-01-17 00:02:46 - [TEST_STEP][PASSED] - click(findTestObject("Object Repository/Page_Mood Administration Search/a_Add a new user")): Object: 'Object Repository/Page_Mood Administration Search/a_Add a new user' is clicked on

2022-01-17 00:02:47 - [MESSAGE][PASSED] - Object: 'Object Repository/Page_Mood Administration Search/a_Add a new user' is clicked on

2022-01-17 00:02:47 - [TEST_STEP][PASSED] - waitForElementVisible(findTestObject("Object Repository/Page_Mood Administration Users Accounts Add_0e8dec/label_Username"), 0): Object 'Object Repository/Page_Mood Administration Users Accounts Add_0e8dec/label_Username' is visible

2022-01-17 00:02:47 - [MESSAGE][WARNING] - Timeout '0' is invalid. Using default page load timeout: '30'

2022-01-17 00:02:48 - [MESSAGE][PASSED] - Object 'Object Repository/Page_Mood Administration Users Accounts Add_0e8dec/label_Username' is visible

2022-01-17 00:02:48 - [TEST_STEP][PASSED] - setText(findTestObject("Object Repository/Page_Mood Administration Users Accounts Add_0e8dec/input_Username_username"), "dddinh"): Text 'dddinh' is set on object 'Object Repository/Page_Mood Administration Users Accounts Add_0e8dec/input_Username_username'

2022-01-17 00:02:49 - [MESSAGE][PASSED] - Text 'dddinh' is set on object 'Object Repository/Page_Mood Administration Users Accounts Add_0e8dec/input_Username_username'

2022-01-17 00:02:49 - [TEST_STEP][PASSED] - waitForElementVisible(findTestObject("Object Repository/Page_Mood Administration Users Accounts Add_0e8dec/label_New password"), 0): Object 'Object Repository/Page_Mood Administration Users Accounts Add_0e8dec/label_New password' is visible

2022-01-17 00:02:49 - [MESSAGE][WARNING] - Timeout '0' is invalid. Using default page load timeout: '30'

2022-01-17 00:02:49 - [MESSAGE][PASSED] - Object 'Object Repository/Page_Mood Administration Users Accounts Add_0e8dec/label_New password' is visible

2022-01-17 00:02:49 - [TEST_STEP][PASSED] - click(findTestObject("Object Repository/Page_Mood Administration Users Accounts Add_0e8dec/em_Click to enter text")): Object: 'Object Repository/Page_Mood Administration Users Accounts Add_0e8dec/em_Click to enter text' is clicked on

2022-01-17 00:03:20 - [MESSAGE][INFO] - Unable to find the element located by 'By.xpath: //a[@id='yui_3_17_2_1_1642242441890_767']/span/span/em'. Please recheck the objects properties to make sure the desired element is located. 

2022-01-17 00:03:20 - [MESSAGE][WARNING] - [SELF-HEALING] Failed to find element with id 'Object Repository/Page_Mood Administration Users Accounts Add_0e8dec/em_Click to enter text'. Try using Self-healing.

2022-01-17 00:03:21 - [MESSAGE][WARNING] - [SELF-HEALING] The current locator of test object 'Object Repository/Page_Mood Administration Users Accounts Add_0e8dec/em_Click to enter text' was broken. Propose an alternative one: '(.//*[normalize-space(text()) and normalize-space(.)='New password'])[1]/following::em[1]'.

2022-01-17 00:03:21 - [MESSAGE][PASSED] - Object: 'Object Repository/Page_Mood Administration Users Accounts Add_0e8dec/em_Click to enter text' is clicked on

2022-01-17 00:03:21 - [TEST_STEP][PASSED] - setEncryptedText(findTestObject("Object Repository/Page_Mood Administration Users Accounts Add_0e8dec/input_New password_newpassword"), "o9w1gihRZMDFxbRmKPFkOQ=="): Text ****** has been set on object 'Object Repository/Page_Mood Administration Users Accounts Add_0e8dec/input_New password_newpassword'

2022-01-17 00:03:21 - [MESSAGE][PASSED] - Text ****** has been set on object 'Object Repository/Page_Mood Administration Users Accounts Add_0e8dec/input_New password_newpassword'

2022-01-17 00:03:21 - [TEST_STEP][PASSED] - setText(findTestObject("Object Repository/Page_Mood Administration Users Accounts Add_0e8dec/input_First name_firstname"), "Dinh Dang"): Text 'Dinh Dang' is set on object 'Object Repository/Page_Mood Administration Users Accounts Add_0e8dec/input_First name_firstname'

2022-01-17 00:03:22 - [MESSAGE][PASSED] - Text 'Dinh Dang' is set on object 'Object Repository/Page_Mood Administration Users Accounts Add_0e8dec/input_First name_firstname'

2022-01-17 00:03:22 - [TEST_STEP][PASSED] - setText(findTestObject("Object Repository/Page_Mood Administration Users Accounts Add_0e8dec/input_Surname_lastname"), "Dinh"): Text 'Dinh' is set on object 'Object Repository/Page_Mood Administration Users Accounts Add_0e8dec/input_Surname_lastname'

2022-01-17 00:03:23 - [MESSAGE][PASSED] - Text 'Dinh' is set on object 'Object Repository/Page_Mood Administration Users Accounts Add_0e8dec/input_Surname_lastname'

2022-01-17 00:03:23 - [TEST_STEP][PASSED] - setText(findTestObject("Object Repository/Page_Mood Administration Users Accounts Add_0e8dec/input_Email address_email"), "dddinh"): Text 'dddinh' is set on object 'Object Repository/Page_Mood Administration Users Accounts Add_0e8dec/input_Email address_email'

2022-01-17 00:03:24 - [MESSAGE][PASSED] - Text 'dddinh' is set on object 'Object Repository/Page_Mood Administration Users Accounts Add_0e8dec/input_Email address_email'

2022-01-17 00:03:24 - [TEST_STEP][PASSED] - waitForElementVisible(findTestObject("Object Repository/Page_Mood Administration Users Accounts Add_0e8dec/input_Address_submitbutton"), 0): Object 'Object Repository/Page_Mood Administration Users Accounts Add_0e8dec/input_Address_submitbutton' is visible

2022-01-17 00:03:24 - [MESSAGE][WARNING] - Timeout '0' is invalid. Using default page load timeout: '30'

2022-01-17 00:03:25 - [MESSAGE][PASSED] - Object 'Object Repository/Page_Mood Administration Users Accounts Add_0e8dec/input_Address_submitbutton' is visible

2022-01-17 00:03:25 - [TEST_STEP][PASSED] - click(findTestObject("Object Repository/Page_Mood Administration Users Accounts Add_0e8dec/input_Address_submitbutton")): Object: 'Object Repository/Page_Mood Administration Users Accounts Add_0e8dec/input_Address_submitbutton' is clicked on

2022-01-17 00:03:26 - [MESSAGE][PASSED] - Object: 'Object Repository/Page_Mood Administration Users Accounts Add_0e8dec/input_Address_submitbutton' is clicked on

2022-01-17 00:03:26 - [TEST_STEP][PASSED] - closeBrowser(): Browser is closed

2022-01-17 00:03:26 - [MESSAGE][PASSED] - Browser is closed]]></system-out>
         <system-err><![CDATA[]]></system-err>
      </testcase>
      <testcase name="Test Cases/test case 10" time="110.661" classname="Test Cases/test case 10" status="PASSED">
         <system-out><![CDATA[2022-01-17 00:03:27 - [TEST_CASE][PASSED] - Test Cases/test case 10: Test Cases/test case 10

2022-01-17 00:03:27 - [TEST_STEP][PASSED] - openBrowser(""): Browser is opened with url: ''

2022-01-17 00:03:27 - [MESSAGE][INFO] - Starting 'Chrome' driver

2022-01-17 00:03:27 - [MESSAGE][INFO] - Action delay is set to 0 milliseconds

2022-01-17 00:03:28 - [MESSAGE][PASSED] - Browser is opened with url: ''

2022-01-17 00:03:28 - [TEST_STEP][PASSED] - navigateToUrl("http://localhost/"): Navigate to 'http://localhost/' successfully

2022-01-17 00:03:28 - [MESSAGE][PASSED] - Navigate to 'http://localhost/' successfully

2022-01-17 00:03:28 - [TEST_STEP][PASSED] - click(findTestObject("Object Repository/Page_Moodle/a_Log in")): Object: 'Object Repository/Page_Moodle/a_Log in' is clicked on

2022-01-17 00:03:29 - [MESSAGE][PASSED] - Object: 'Object Repository/Page_Moodle/a_Log in' is clicked on

2022-01-17 00:03:29 - [TEST_STEP][PASSED] - setText(findTestObject("Object Repository/Page_Moodle Log in to the site/input_Username_username"), "admin"): Text 'admin' is set on object 'Object Repository/Page_Moodle Log in to the site/input_Username_username'

2022-01-17 00:03:30 - [MESSAGE][PASSED] - Text 'admin' is set on object 'Object Repository/Page_Moodle Log in to the site/input_Username_username'

2022-01-17 00:03:30 - [TEST_STEP][PASSED] - setEncryptedText(findTestObject("Object Repository/Page_Moodle Log in to the site/input_Password_password"), "r6H/uPCyCbQX7sAf5E1f3g=="): Text ****** has been set on object 'Object Repository/Page_Moodle Log in to the site/input_Password_password'

2022-01-17 00:03:30 - [MESSAGE][PASSED] - Text ****** has been set on object 'Object Repository/Page_Moodle Log in to the site/input_Password_password'

2022-01-17 00:03:30 - [TEST_STEP][PASSED] - click(findTestObject("Object Repository/Page_Moodle Log in to the site/button_Log in")): Object: 'Object Repository/Page_Moodle Log in to the site/button_Log in' is clicked on

2022-01-17 00:03:31 - [MESSAGE][PASSED] - Object: 'Object Repository/Page_Moodle Log in to the site/button_Log in' is clicked on

2022-01-17 00:03:31 - [TEST_STEP][PASSED] - click(findTestObject("Object Repository/Page_Dashboard/span_Site administration")): Object: 'Object Repository/Page_Dashboard/span_Site administration' is clicked on

2022-01-17 00:03:33 - [MESSAGE][PASSED] - Object: 'Object Repository/Page_Dashboard/span_Site administration' is clicked on

2022-01-17 00:03:33 - [TEST_STEP][PASSED] - click(findTestObject("Object Repository/Page_Mood Administration Search/a_Users")): Object: 'Object Repository/Page_Mood Administration Search/a_Users' is clicked on

2022-01-17 00:03:34 - [MESSAGE][PASSED] - Object: 'Object Repository/Page_Mood Administration Search/a_Users' is clicked on

2022-01-17 00:03:34 - [TEST_STEP][PASSED] - click(findTestObject("Object Repository/Page_Mood Administration Search/a_Add a new user")): Object: 'Object Repository/Page_Mood Administration Search/a_Add a new user' is clicked on

2022-01-17 00:03:35 - [MESSAGE][PASSED] - Object: 'Object Repository/Page_Mood Administration Search/a_Add a new user' is clicked on

2022-01-17 00:03:35 - [TEST_STEP][PASSED] - waitForElementVisible(findTestObject("Object Repository/Page_Mood Administration Users Accounts Add_0e8dec/label_Username"), 0): Object 'Object Repository/Page_Mood Administration Users Accounts Add_0e8dec/label_Username' is visible

2022-01-17 00:03:35 - [MESSAGE][WARNING] - Timeout '0' is invalid. Using default page load timeout: '30'

2022-01-17 00:03:36 - [MESSAGE][PASSED] - Object 'Object Repository/Page_Mood Administration Users Accounts Add_0e8dec/label_Username' is visible

2022-01-17 00:03:36 - [TEST_STEP][PASSED] - setText(findTestObject("Object Repository/Page_Mood Administration Users Accounts Add_0e8dec/input_Username_username"), "dddinh"): Text 'dddinh' is set on object 'Object Repository/Page_Mood Administration Users Accounts Add_0e8dec/input_Username_username'

2022-01-17 00:03:37 - [MESSAGE][PASSED] - Text 'dddinh' is set on object 'Object Repository/Page_Mood Administration Users Accounts Add_0e8dec/input_Username_username'

2022-01-17 00:03:37 - [TEST_STEP][PASSED] - waitForElementVisible(findTestObject("Object Repository/Page_Mood Administration Users Accounts Add_0e8dec/label_New password"), 0): Object 'Object Repository/Page_Mood Administration Users Accounts Add_0e8dec/label_New password' is visible

2022-01-17 00:03:37 - [MESSAGE][WARNING] - Timeout '0' is invalid. Using default page load timeout: '30'

2022-01-17 00:03:37 - [MESSAGE][PASSED] - Object 'Object Repository/Page_Mood Administration Users Accounts Add_0e8dec/label_New password' is visible

2022-01-17 00:03:37 - [TEST_STEP][PASSED] - click(findTestObject("Object Repository/Page_Mood Administration Users Accounts Add_0e8dec/em_Click to enter text")): Object: 'Object Repository/Page_Mood Administration Users Accounts Add_0e8dec/em_Click to enter text' is clicked on

2022-01-17 00:04:08 - [MESSAGE][INFO] - Unable to find the element located by 'By.xpath: //a[@id='yui_3_17_2_1_1642242441890_767']/span/span/em'. Please recheck the objects properties to make sure the desired element is located. 

2022-01-17 00:04:08 - [MESSAGE][WARNING] - [SELF-HEALING] Failed to find element with id 'Object Repository/Page_Mood Administration Users Accounts Add_0e8dec/em_Click to enter text'. Try using Self-healing.

2022-01-17 00:04:08 - [MESSAGE][WARNING] - [SELF-HEALING] The current locator of test object 'Object Repository/Page_Mood Administration Users Accounts Add_0e8dec/em_Click to enter text' was broken. Propose an alternative one: '(.//*[normalize-space(text()) and normalize-space(.)='New password'])[1]/following::em[1]'.

2022-01-17 00:04:08 - [MESSAGE][PASSED] - Object: 'Object Repository/Page_Mood Administration Users Accounts Add_0e8dec/em_Click to enter text' is clicked on

2022-01-17 00:04:08 - [TEST_STEP][PASSED] - setEncryptedText(findTestObject("Object Repository/Page_Mood Administration Users Accounts Add_0e8dec/input_New password_newpassword"), "o9w1gihRZMDFxbRmKPFkOQ=="): Text ****** has been set on object 'Object Repository/Page_Mood Administration Users Accounts Add_0e8dec/input_New password_newpassword'

2022-01-17 00:04:09 - [MESSAGE][PASSED] - Text ****** has been set on object 'Object Repository/Page_Mood Administration Users Accounts Add_0e8dec/input_New password_newpassword'

2022-01-17 00:04:09 - [TEST_STEP][PASSED] - setText(findTestObject("Object Repository/Page_Mood Administration Users Accounts Add_0e8dec/input_First name_firstname"), "Dinh Dang"): Text 'Dinh Dang' is set on object 'Object Repository/Page_Mood Administration Users Accounts Add_0e8dec/input_First name_firstname'

2022-01-17 00:04:10 - [MESSAGE][PASSED] - Text 'Dinh Dang' is set on object 'Object Repository/Page_Mood Administration Users Accounts Add_0e8dec/input_First name_firstname'

2022-01-17 00:04:10 - [TEST_STEP][PASSED] - setText(findTestObject("Object Repository/Page_Mood Administration Users Accounts Add_0e8dec/input_Surname_lastname"), "Dinh"): Text 'Dinh' is set on object 'Object Repository/Page_Mood Administration Users Accounts Add_0e8dec/input_Surname_lastname'

2022-01-17 00:04:11 - [MESSAGE][PASSED] - Text 'Dinh' is set on object 'Object Repository/Page_Mood Administration Users Accounts Add_0e8dec/input_Surname_lastname'

2022-01-17 00:04:11 - [TEST_STEP][PASSED] - setText(findTestObject("Object Repository/Page_Mood Administration Users Accounts Add_0e8dec/input_Email address_email"), "dddinh19@gmail.com"): Text 'dddinh19@gmail.com' is set on object 'Object Repository/Page_Mood Administration Users Accounts Add_0e8dec/input_Email address_email'

2022-01-17 00:04:12 - [MESSAGE][PASSED] - Text 'dddinh19@gmail.com' is set on object 'Object Repository/Page_Mood Administration Users Accounts Add_0e8dec/input_Email address_email'

2022-01-17 00:04:12 - [TEST_STEP][PASSED] - waitForElementVisible(findTestObject("Object Repository/Page_Mood Administration Users Accounts Add_0e8dec/input_Address_cancel"), 0): Object 'Object Repository/Page_Mood Administration Users Accounts Add_0e8dec/input_Address_cancel' is visible

2022-01-17 00:04:12 - [MESSAGE][WARNING] - Timeout '0' is invalid. Using default page load timeout: '30'

2022-01-17 00:04:12 - [MESSAGE][PASSED] - Object 'Object Repository/Page_Mood Administration Users Accounts Add_0e8dec/input_Address_cancel' is visible

2022-01-17 00:04:12 - [TEST_STEP][PASSED] - click(findTestObject("Object Repository/Page_Mood Administration Users Accounts Add_0e8dec/input_Address_cancel")): Object: 'Object Repository/Page_Mood Administration Users Accounts Add_0e8dec/input_Address_cancel' is clicked on

2022-01-17 00:04:13 - [MESSAGE][PASSED] - Object: 'Object Repository/Page_Mood Administration Users Accounts Add_0e8dec/input_Address_cancel' is clicked on

2022-01-17 00:04:13 - [TEST_STEP][PASSED] - waitForElementVisible(findTestObject("Object Repository/Page_Error/button_Continue"), 0): Object 'Object Repository/Page_Error/button_Continue' is visible

2022-01-17 00:04:13 - [MESSAGE][WARNING] - Timeout '0' is invalid. Using default page load timeout: '30'

2022-01-17 00:04:44 - [MESSAGE][INFO] - Unable to find the element located by 'By.xpath: //button[@id='single_button61e18c0eb0ab214']'. Please recheck the objects properties to make sure the desired element is located. 

2022-01-17 00:04:44 - [MESSAGE][WARNING] - [SELF-HEALING] Failed to find element with id 'Object Repository/Page_Error/button_Continue'. Try using Self-healing.

2022-01-17 00:04:45 - [MESSAGE][WARNING] - [SELF-HEALING] The current locator of test object 'Object Repository/Page_Error/button_Continue' was broken. Propose an alternative one: '//section[@id='region-main']/div/div[2]/form/button'.

2022-01-17 00:04:45 - [MESSAGE][PASSED] - Object 'Object Repository/Page_Error/button_Continue' is visible

2022-01-17 00:04:45 - [TEST_STEP][PASSED] - click(findTestObject("Object Repository/Page_Error/button_Continue")): Object: 'Object Repository/Page_Error/button_Continue' is clicked on

2022-01-17 00:05:16 - [MESSAGE][INFO] - Unable to find the element located by 'By.xpath: //button[@id='single_button61e18c0eb0ab214']'. Please recheck the objects properties to make sure the desired element is located. 

2022-01-17 00:05:16 - [MESSAGE][WARNING] - [SELF-HEALING] Failed to find element with id 'Object Repository/Page_Error/button_Continue'. Try using Self-healing.

2022-01-17 00:05:16 - [MESSAGE][WARNING] - [SELF-HEALING] The current locator of test object 'Object Repository/Page_Error/button_Continue' was broken. Propose an alternative one: '//section[@id='region-main']/div/div[2]/form/button'.

2022-01-17 00:05:16 - [MESSAGE][PASSED] - Object: 'Object Repository/Page_Error/button_Continue' is clicked on

2022-01-17 00:05:16 - [TEST_STEP][PASSED] - closeBrowser(): Browser is closed

2022-01-17 00:05:17 - [MESSAGE][PASSED] - Browser is closed]]></system-out>
         <system-err><![CDATA[]]></system-err>
      </testcase>
      <testcase name="Test Cases/test case 11" time="257.858" classname="Test Cases/test case 11" status="PASSED">
         <system-out><![CDATA[2022-01-17 00:05:17 - [TEST_CASE][PASSED] - Test Cases/test case 11: Test Cases/test case 11

2022-01-17 00:05:17 - [TEST_STEP][PASSED] - openBrowser(""): Browser is opened with url: ''

2022-01-17 00:05:17 - [MESSAGE][INFO] - Starting 'Chrome' driver

2022-01-17 00:05:17 - [MESSAGE][INFO] - Action delay is set to 0 milliseconds

2022-01-17 00:05:19 - [MESSAGE][PASSED] - Browser is opened with url: ''

2022-01-17 00:05:19 - [TEST_STEP][PASSED] - navigateToUrl("http://localhost/"): Navigate to 'http://localhost/' successfully

2022-01-17 00:05:20 - [MESSAGE][PASSED] - Navigate to 'http://localhost/' successfully

2022-01-17 00:05:20 - [TEST_STEP][PASSED] - click(findTestObject("Object Repository/Page_Moodle/a_Log in")): Object: 'Object Repository/Page_Moodle/a_Log in' is clicked on

2022-01-17 00:05:20 - [MESSAGE][PASSED] - Object: 'Object Repository/Page_Moodle/a_Log in' is clicked on

2022-01-17 00:05:20 - [TEST_STEP][PASSED] - setText(findTestObject("Object Repository/Page_Moodle Log in to the site/input_Username_username"), "admin"): Text 'admin' is set on object 'Object Repository/Page_Moodle Log in to the site/input_Username_username'

2022-01-17 00:05:21 - [MESSAGE][PASSED] - Text 'admin' is set on object 'Object Repository/Page_Moodle Log in to the site/input_Username_username'

2022-01-17 00:05:21 - [TEST_STEP][PASSED] - setEncryptedText(findTestObject("Object Repository/Page_Moodle Log in to the site/input_Password_password"), "r6H/uPCyCbQX7sAf5E1f3g=="): Text ****** has been set on object 'Object Repository/Page_Moodle Log in to the site/input_Password_password'

2022-01-17 00:05:22 - [MESSAGE][PASSED] - Text ****** has been set on object 'Object Repository/Page_Moodle Log in to the site/input_Password_password'

2022-01-17 00:05:22 - [TEST_STEP][PASSED] - click(findTestObject("Object Repository/Page_Moodle Log in to the site/button_Log in")): Object: 'Object Repository/Page_Moodle Log in to the site/button_Log in' is clicked on

2022-01-17 00:05:23 - [MESSAGE][PASSED] - Object: 'Object Repository/Page_Moodle Log in to the site/button_Log in' is clicked on

2022-01-17 00:05:23 - [TEST_STEP][PASSED] - verifyElementText(findTestObject("Object Repository/Page_Dashboard/span_Site administration"), "Site administration"): Actual text and expected text of test object 'Object Repository/Page_Dashboard/span_Site administration' are matched.

2022-01-17 00:05:24 - [MESSAGE][PASSED] - Actual text and expected text of test object 'Object Repository/Page_Dashboard/span_Site administration' are matched.

2022-01-17 00:05:24 - [TEST_STEP][PASSED] - click(findTestObject("Object Repository/Page_Dashboard/span_Site administration")): Object: 'Object Repository/Page_Dashboard/span_Site administration' is clicked on

2022-01-17 00:05:25 - [MESSAGE][PASSED] - Object: 'Object Repository/Page_Dashboard/span_Site administration' is clicked on

2022-01-17 00:05:25 - [TEST_STEP][PASSED] - click(findTestObject("Object Repository/Page_Mood Administration Search/a_Courses")): Object: 'Object Repository/Page_Mood Administration Search/a_Courses' is clicked on

2022-01-17 00:05:26 - [MESSAGE][PASSED] - Object: 'Object Repository/Page_Mood Administration Search/a_Courses' is clicked on

2022-01-17 00:05:26 - [TEST_STEP][PASSED] - click(findTestObject("Object Repository/Page_Mood Administration Search/a_Add a new course")): Object: 'Object Repository/Page_Mood Administration Search/a_Add a new course' is clicked on

2022-01-17 00:05:27 - [MESSAGE][PASSED] - Object: 'Object Repository/Page_Mood Administration Search/a_Add a new course' is clicked on

2022-01-17 00:05:27 - [TEST_STEP][PASSED] - waitForElementVisible(findTestObject("Object Repository/Page_Mood Add a new course/input_Course full name_fullname"), 0): Object 'Object Repository/Page_Mood Add a new course/input_Course full name_fullname' is visible

2022-01-17 00:05:27 - [MESSAGE][WARNING] - Timeout '0' is invalid. Using default page load timeout: '30'

2022-01-17 00:05:28 - [MESSAGE][PASSED] - Object 'Object Repository/Page_Mood Add a new course/input_Course full name_fullname' is visible

2022-01-17 00:05:28 - [TEST_STEP][PASSED] - setText(findTestObject("Object Repository/Page_Mood Add a new course/input_Course full name_fullname"), "Statistics"): Text 'Statistics' is set on object 'Object Repository/Page_Mood Add a new course/input_Course full name_fullname'

2022-01-17 00:05:29 - [MESSAGE][PASSED] - Text 'Statistics' is set on object 'Object Repository/Page_Mood Add a new course/input_Course full name_fullname'

2022-01-17 00:05:29 - [TEST_STEP][PASSED] - setText(findTestObject("Object Repository/Page_Mood Add a new course/input_Course short name_shortname"), "Stats"): Text 'Stats' is set on object 'Object Repository/Page_Mood Add a new course/input_Course short name_shortname'

2022-01-17 00:05:29 - [MESSAGE][PASSED] - Text 'Stats' is set on object 'Object Repository/Page_Mood Add a new course/input_Course short name_shortname'

2022-01-17 00:05:29 - [TEST_STEP][PASSED] - waitForElementVisible(findTestObject("Object Repository/Page_Mood Add a new course/p_Course start date"), 0): Object 'Object Repository/Page_Mood Add a new course/p_Course start date' is visible

2022-01-17 00:05:30 - [MESSAGE][WARNING] - Timeout '0' is invalid. Using default page load timeout: '30'

2022-01-17 00:05:30 - [MESSAGE][PASSED] - Object 'Object Repository/Page_Mood Add a new course/p_Course start date' is visible

2022-01-17 00:05:30 - [TEST_STEP][PASSED] - selectOptionByValue(findTestObject("Object Repository/Page_Mood Add a new course/select_1        2        3        4        _45ea30"), "13", true): All options with value '13' are selected in object 'Object Repository/Page_Mood Add a new course/select_1        2        3        4        _45ea30'  using regular expression

2022-01-17 00:05:31 - [MESSAGE][PASSED] - All options with value '13' are selected in object 'Object Repository/Page_Mood Add a new course/select_1        2        3        4        _45ea30'  using regular expression

2022-01-17 00:05:31 - [TEST_STEP][PASSED] - selectOptionByValue(findTestObject("Object Repository/Page_Mood Add a new course/select_1        2        3        4        _45ea30_1"), "13", true): All options with value '13' are selected in object 'Object Repository/Page_Mood Add a new course/select_1        2        3        4        _45ea30_1'  using regular expression

2022-01-17 00:05:32 - [MESSAGE][PASSED] - All options with value '13' are selected in object 'Object Repository/Page_Mood Add a new course/select_1        2        3        4        _45ea30_1'  using regular expression

2022-01-17 00:05:32 - [TEST_STEP][PASSED] - waitForElementVisible(findTestObject("Object Repository/Page_Mood Add a new course/input__saveanddisplay"), 0): Object 'Object Repository/Page_Mood Add a new course/input__saveanddisplay' is visible

2022-01-17 00:05:32 - [MESSAGE][WARNING] - Timeout '0' is invalid. Using default page load timeout: '30'

2022-01-17 00:05:32 - [MESSAGE][PASSED] - Object 'Object Repository/Page_Mood Add a new course/input__saveanddisplay' is visible

2022-01-17 00:05:32 - [TEST_STEP][PASSED] - click(findTestObject("Object Repository/Page_Mood Add a new course/input__saveanddisplay")): Object: 'Object Repository/Page_Mood Add a new course/input__saveanddisplay' is clicked on

2022-01-17 00:05:33 - [MESSAGE][PASSED] - Object: 'Object Repository/Page_Mood Add a new course/input__saveanddisplay' is clicked on

2022-01-17 00:05:33 - [TEST_STEP][PASSED] - waitForElementVisible(findTestObject("Object Repository/Page_Stats Participants/input_Participants_btn btn-secondary my-1"), 0): Object 'Object Repository/Page_Stats Participants/input_Participants_btn btn-secondary my-1' is visible

2022-01-17 00:05:34 - [MESSAGE][WARNING] - Timeout '0' is invalid. Using default page load timeout: '30'

2022-01-17 00:05:34 - [MESSAGE][PASSED] - Object 'Object Repository/Page_Stats Participants/input_Participants_btn btn-secondary my-1' is visible

2022-01-17 00:05:34 - [TEST_STEP][PASSED] - click(findTestObject("Object Repository/Page_Stats Participants/input_Participants_btn btn-secondary my-1")): Object: 'Object Repository/Page_Stats Participants/input_Participants_btn btn-secondary my-1' is clicked on

2022-01-17 00:05:34 - [MESSAGE][PASSED] - Object: 'Object Repository/Page_Stats Participants/input_Participants_btn btn-secondary my-1' is clicked on

2022-01-17 00:05:34 - [TEST_STEP][PASSED] - click(findTestObject("Object Repository/Page_Stats Participants/span_")): Object: 'Object Repository/Page_Stats Participants/span_' is clicked on

2022-01-17 00:06:06 - [MESSAGE][INFO] - Unable to find the element located by 'By.xpath: //span[@id='form_autocomplete_downarrow-1642275051251']'. Please recheck the objects properties to make sure the desired element is located. 

2022-01-17 00:06:06 - [MESSAGE][WARNING] - [SELF-HEALING] Failed to find element with id 'Object Repository/Page_Stats Participants/span_'. Try using Self-healing.

2022-01-17 00:06:06 - [MESSAGE][WARNING] - [SELF-HEALING] The current locator of test object 'Object Repository/Page_Stats Participants/span_' was broken. Propose an alternative one: '//div[@id='fitem_id_userlist']/div[2]/div[3]/span'.

2022-01-17 00:06:06 - [MESSAGE][PASSED] - Object: 'Object Repository/Page_Stats Participants/span_' is clicked on

2022-01-17 00:06:06 - [TEST_STEP][PASSED] - click(findTestObject("Object Repository/Page_Stats Participants/li_Quach Minh Khoi    qmkhoi19gmail.com")): Object: 'Object Repository/Page_Stats Participants/li_Quach Minh Khoi    qmkhoi19gmail.com' is clicked on

2022-01-17 00:06:37 - [MESSAGE][INFO] - Unable to find the element located by 'By.xpath: //li[@id='form_autocomplete_suggestions-1642275051251-0']'. Please recheck the objects properties to make sure the desired element is located. 

2022-01-17 00:06:37 - [MESSAGE][WARNING] - [SELF-HEALING] Failed to find element with id 'Object Repository/Page_Stats Participants/li_Quach Minh Khoi    qmkhoi19gmail.com'. Try using Self-healing.

2022-01-17 00:06:37 - [MESSAGE][WARNING] - [SELF-HEALING] The current locator of test object 'Object Repository/Page_Stats Participants/li_Quach Minh Khoi    qmkhoi19gmail.com' was broken. Propose an alternative one: '(.//*[normalize-space(text()) and normalize-space(.)='▼'])[1]/following::li[1]'.

2022-01-17 00:06:37 - [MESSAGE][PASSED] - Object: 'Object Repository/Page_Stats Participants/li_Quach Minh Khoi    qmkhoi19gmail.com' is clicked on

2022-01-17 00:06:38 - [TEST_STEP][PASSED] - selectOptionByValue(findTestObject("Object Repository/Page_Stats Participants/select_Quach Minh Khoi    qmkhoi19gmail.com_d68a25"), "17", true): All options with value '17' are selected in object 'Object Repository/Page_Stats Participants/select_Quach Minh Khoi    qmkhoi19gmail.com_d68a25'  using regular expression

2022-01-17 00:06:39 - [MESSAGE][PASSED] - All options with value '17' are selected in object 'Object Repository/Page_Stats Participants/select_Quach Minh Khoi    qmkhoi19gmail.com_d68a25'  using regular expression

2022-01-17 00:06:39 - [TEST_STEP][PASSED] - selectOptionByValue(findTestObject("Object Repository/Page_Stats Participants/select_Quach Minh Khoi    qmkhoi19gmail.com_d68a25"), "17", true): All options with value '17' are selected in object 'Object Repository/Page_Stats Participants/select_Quach Minh Khoi    qmkhoi19gmail.com_d68a25'  using regular expression

2022-01-17 00:06:40 - [MESSAGE][PASSED] - All options with value '17' are selected in object 'Object Repository/Page_Stats Participants/select_Quach Minh Khoi    qmkhoi19gmail.com_d68a25'  using regular expression

2022-01-17 00:06:40 - [TEST_STEP][PASSED] - selectOptionByValue(findTestObject("Object Repository/Page_Stats Participants/select_Quach Minh Khoi    qmkhoi19gmail.com_d68a25"), "17", true): All options with value '17' are selected in object 'Object Repository/Page_Stats Participants/select_Quach Minh Khoi    qmkhoi19gmail.com_d68a25'  using regular expression

2022-01-17 00:06:41 - [MESSAGE][PASSED] - All options with value '17' are selected in object 'Object Repository/Page_Stats Participants/select_Quach Minh Khoi    qmkhoi19gmail.com_d68a25'  using regular expression

2022-01-17 00:06:41 - [TEST_STEP][PASSED] - selectOptionByValue(findTestObject("Object Repository/Page_Stats Participants/select_Quach Minh Khoi    qmkhoi19gmail.com_d68a25"), "17", true): All options with value '17' are selected in object 'Object Repository/Page_Stats Participants/select_Quach Minh Khoi    qmkhoi19gmail.com_d68a25'  using regular expression

2022-01-17 00:06:42 - [MESSAGE][PASSED] - All options with value '17' are selected in object 'Object Repository/Page_Stats Participants/select_Quach Minh Khoi    qmkhoi19gmail.com_d68a25'  using regular expression

2022-01-17 00:06:42 - [TEST_STEP][PASSED] - click(findTestObject("Object Repository/Page_Stats Participants/button_Enrol users")): Object: 'Object Repository/Page_Stats Participants/button_Enrol users' is clicked on

2022-01-17 00:07:13 - [MESSAGE][INFO] - Unable to find the element located by 'By.xpath: //button[@id='yui_3_17_2_1_1642275051002_262']'. Please recheck the objects properties to make sure the desired element is located. 

2022-01-17 00:07:13 - [MESSAGE][WARNING] - [SELF-HEALING] Failed to find element with id 'Object Repository/Page_Stats Participants/button_Enrol users'. Try using Self-healing.

2022-01-17 00:07:13 - [MESSAGE][WARNING] - [SELF-HEALING] The current locator of test object 'Object Repository/Page_Stats Participants/button_Enrol users' was broken. Propose an alternative one: '(.//*[normalize-space(text()) and normalize-space(.)='Minute'])[1]/following::button[1]'.

2022-01-17 00:07:13 - [MESSAGE][PASSED] - Object: 'Object Repository/Page_Stats Participants/button_Enrol users' is clicked on

2022-01-17 00:07:13 - [TEST_STEP][PASSED] - click(findTestObject("Object Repository/Page_Stats Participants/a_Admin User")): Object: 'Object Repository/Page_Stats Participants/a_Admin User' is clicked on

2022-01-17 00:07:14 - [MESSAGE][PASSED] - Object: 'Object Repository/Page_Stats Participants/a_Admin User' is clicked on

2022-01-17 00:07:14 - [TEST_STEP][PASSED] - click(findTestObject("Object Repository/Page_Stats Participants/span_Log out")): Object: 'Object Repository/Page_Stats Participants/span_Log out' is clicked on

2022-01-17 00:07:15 - [MESSAGE][PASSED] - Object: 'Object Repository/Page_Stats Participants/span_Log out' is clicked on

2022-01-17 00:07:15 - [TEST_STEP][PASSED] - click(findTestObject("Object Repository/Page_Moodle/a_Log in")): Object: 'Object Repository/Page_Moodle/a_Log in' is clicked on

2022-01-17 00:07:15 - [MESSAGE][PASSED] - Object: 'Object Repository/Page_Moodle/a_Log in' is clicked on

2022-01-17 00:07:15 - [TEST_STEP][PASSED] - setText(findTestObject("Object Repository/Page_Moodle Log in to the site/input_Username_username"), "qmkhoi"): Text 'qmkhoi' is set on object 'Object Repository/Page_Moodle Log in to the site/input_Username_username'

2022-01-17 00:07:16 - [MESSAGE][PASSED] - Text 'qmkhoi' is set on object 'Object Repository/Page_Moodle Log in to the site/input_Username_username'

2022-01-17 00:07:16 - [TEST_STEP][PASSED] - setEncryptedText(findTestObject("Object Repository/Page_Moodle Log in to the site/input_Password_password"), "eiP2h/EMT1hJlGmKEGA7sg=="): Text ****** has been set on object 'Object Repository/Page_Moodle Log in to the site/input_Password_password'

2022-01-17 00:07:17 - [MESSAGE][PASSED] - Text ****** has been set on object 'Object Repository/Page_Moodle Log in to the site/input_Password_password'

2022-01-17 00:07:17 - [TEST_STEP][PASSED] - click(findTestObject("Object Repository/Page_Moodle Log in to the site/button_Log in")): Object: 'Object Repository/Page_Moodle Log in to the site/button_Log in' is clicked on

2022-01-17 00:07:17 - [MESSAGE][PASSED] - Object: 'Object Repository/Page_Moodle Log in to the site/button_Log in' is clicked on

2022-01-17 00:07:17 - [TEST_STEP][PASSED] - verifyElementText(findTestObject("Object Repository/Page_Dashboard/span_Stats"), "Stats"): Actual text and expected text of test object 'Object Repository/Page_Dashboard/span_Stats' are matched.

2022-01-17 00:07:19 - [MESSAGE][PASSED] - Actual text and expected text of test object 'Object Repository/Page_Dashboard/span_Stats' are matched.

2022-01-17 00:07:19 - [TEST_STEP][PASSED] - click(findTestObject("Object Repository/Page_Dashboard/a_Quach Minh Khoi")): Object: 'Object Repository/Page_Dashboard/a_Quach Minh Khoi' is clicked on

2022-01-17 00:07:19 - [MESSAGE][PASSED] - Object: 'Object Repository/Page_Dashboard/a_Quach Minh Khoi' is clicked on

2022-01-17 00:07:19 - [TEST_STEP][PASSED] - click(findTestObject("Object Repository/Page_Dashboard/span_Log out")): Object: 'Object Repository/Page_Dashboard/span_Log out' is clicked on

2022-01-17 00:07:20 - [MESSAGE][PASSED] - Object: 'Object Repository/Page_Dashboard/span_Log out' is clicked on

2022-01-17 00:07:20 - [TEST_STEP][PASSED] - click(findTestObject("Object Repository/Page_Moodle/a_Log in")): Object: 'Object Repository/Page_Moodle/a_Log in' is clicked on

2022-01-17 00:07:21 - [MESSAGE][PASSED] - Object: 'Object Repository/Page_Moodle/a_Log in' is clicked on

2022-01-17 00:07:21 - [TEST_STEP][PASSED] - setText(findTestObject("Object Repository/Page_Moodle Log in to the site/input_Username_username"), "admin"): Text 'admin' is set on object 'Object Repository/Page_Moodle Log in to the site/input_Username_username'

2022-01-17 00:07:22 - [MESSAGE][PASSED] - Text 'admin' is set on object 'Object Repository/Page_Moodle Log in to the site/input_Username_username'

2022-01-17 00:07:22 - [TEST_STEP][PASSED] - setEncryptedText(findTestObject("Object Repository/Page_Moodle Log in to the site/input_Password_password"), "r6H/uPCyCbQX7sAf5E1f3g=="): Text ****** has been set on object 'Object Repository/Page_Moodle Log in to the site/input_Password_password'

2022-01-17 00:07:22 - [MESSAGE][PASSED] - Text ****** has been set on object 'Object Repository/Page_Moodle Log in to the site/input_Password_password'

2022-01-17 00:07:22 - [TEST_STEP][PASSED] - click(findTestObject("Object Repository/Page_Moodle Log in to the site/button_Log in")): Object: 'Object Repository/Page_Moodle Log in to the site/button_Log in' is clicked on

2022-01-17 00:07:23 - [MESSAGE][PASSED] - Object: 'Object Repository/Page_Moodle Log in to the site/button_Log in' is clicked on

2022-01-17 00:07:23 - [TEST_STEP][PASSED] - click(findTestObject("Object Repository/Page_Dashboard/span_Site administration")): Object: 'Object Repository/Page_Dashboard/span_Site administration' is clicked on

2022-01-17 00:07:25 - [MESSAGE][PASSED] - Object: 'Object Repository/Page_Dashboard/span_Site administration' is clicked on

2022-01-17 00:07:25 - [TEST_STEP][PASSED] - click(findTestObject("Object Repository/Page_Mood Administration Search/a_Courses")): Object: 'Object Repository/Page_Mood Administration Search/a_Courses' is clicked on

2022-01-17 00:07:26 - [MESSAGE][PASSED] - Object: 'Object Repository/Page_Mood Administration Search/a_Courses' is clicked on

2022-01-17 00:07:26 - [TEST_STEP][PASSED] - click(findTestObject("Object Repository/Page_Mood Administration Search/a_Manage courses and categories")): Object: 'Object Repository/Page_Mood Administration Search/a_Manage courses and categories' is clicked on

2022-01-17 00:07:27 - [MESSAGE][PASSED] - Object: 'Object Repository/Page_Mood Administration Search/a_Manage courses and categories' is clicked on

2022-01-17 00:07:27 - [TEST_STEP][PASSED] - waitForElementVisible(findTestObject("Object Repository/Page_Course and category management/div_Statistics bulk action selectionStatistics"), 0): Object 'Object Repository/Page_Course and category management/div_Statistics bulk action selectionStatistics' is visible

2022-01-17 00:07:27 - [MESSAGE][WARNING] - Timeout '0' is invalid. Using default page load timeout: '30'

2022-01-17 00:07:58 - [MESSAGE][INFO] - Unable to find the element located by 'By.xpath: //div[@id='yui_3_17_2_1_1642275183792_317']'. Please recheck the objects properties to make sure the desired element is located. 

2022-01-17 00:07:58 - [MESSAGE][WARNING] - [SELF-HEALING] Failed to find element with id 'Object Repository/Page_Course and category management/div_Statistics bulk action selectionStatistics'. Try using Self-healing.

2022-01-17 00:07:58 - [MESSAGE][WARNING] - [SELF-HEALING] The current locator of test object 'Object Repository/Page_Course and category management/div_Statistics bulk action selectionStatistics' was broken. Propose an alternative one: '(.//*[normalize-space(text()) and normalize-space(.)='All'])[1]/following::div[1]'.

2022-01-17 00:07:58 - [MESSAGE][PASSED] - Object 'Object Repository/Page_Course and category management/div_Statistics bulk action selectionStatistics' is visible

2022-01-17 00:07:58 - [TEST_STEP][PASSED] - verifyElementText(findTestObject("Object Repository/Page_Course and category management/a_Statistics"), "Statistics"): Actual text and expected text of test object 'Object Repository/Page_Course and category management/a_Statistics' are matched.

2022-01-17 00:08:29 - [MESSAGE][INFO] - Unable to find the element located by 'By.xpath: //a[@id='yui_3_17_2_1_1642275183792_325']'. Please recheck the objects properties to make sure the desired element is located. 

2022-01-17 00:08:29 - [MESSAGE][WARNING] - [SELF-HEALING] Failed to find element with id 'Object Repository/Page_Course and category management/a_Statistics'. Try using Self-healing.

2022-01-17 00:08:29 - [MESSAGE][WARNING] - [SELF-HEALING] The current locator of test object 'Object Repository/Page_Course and category management/a_Statistics' was broken. Propose an alternative one: '//a[contains(text(),'Statistics')]'.

2022-01-17 00:08:29 - [MESSAGE][PASSED] - Actual text and expected text of test object 'Object Repository/Page_Course and category management/a_Statistics' are matched.

2022-01-17 00:08:29 - [TEST_STEP][PASSED] - click(findTestObject("Object Repository/Page_Course and category management/i_Statistics_yui_3_17_2_1_1642275183792_327")): Object: 'Object Repository/Page_Course and category management/i_Statistics_yui_3_17_2_1_1642275183792_327' is clicked on

2022-01-17 00:09:01 - [MESSAGE][INFO] - Unable to find the element located by 'By.xpath: //i[@id='yui_3_17_2_1_1642275183792_327']'. Please recheck the objects properties to make sure the desired element is located. 

2022-01-17 00:09:01 - [MESSAGE][WARNING] - [SELF-HEALING] Failed to find element with id 'Object Repository/Page_Course and category management/i_Statistics_yui_3_17_2_1_1642275183792_327'. Try using Self-healing.

2022-01-17 00:09:01 - [MESSAGE][WARNING] - [SELF-HEALING] The current locator of test object 'Object Repository/Page_Course and category management/i_Statistics_yui_3_17_2_1_1642275183792_327' was broken. Propose an alternative one: '//span/a[3]/i'.

2022-01-17 00:09:01 - [MESSAGE][PASSED] - Object: 'Object Repository/Page_Course and category management/i_Statistics_yui_3_17_2_1_1642275183792_327' is clicked on

2022-01-17 00:09:01 - [TEST_STEP][PASSED] - click(findTestObject("Object Repository/Page_Mood Delete Stats/button_Delete")): Object: 'Object Repository/Page_Mood Delete Stats/button_Delete' is clicked on

2022-01-17 00:09:33 - [MESSAGE][INFO] - Unable to find the element located by 'By.xpath: //button[@id='single_button61e32188cdcac14']'. Please recheck the objects properties to make sure the desired element is located. 

2022-01-17 00:09:33 - [MESSAGE][WARNING] - [SELF-HEALING] Failed to find element with id 'Object Repository/Page_Mood Delete Stats/button_Delete'. Try using Self-healing.

2022-01-17 00:09:33 - [MESSAGE][WARNING] - [SELF-HEALING] The current locator of test object 'Object Repository/Page_Mood Delete Stats/button_Delete' was broken. Propose an alternative one: '//div[@id='modal-footer']/div/div/form/button'.

2022-01-17 00:09:34 - [MESSAGE][PASSED] - Object: 'Object Repository/Page_Mood Delete Stats/button_Delete' is clicked on

2022-01-17 00:09:34 - [TEST_STEP][PASSED] - verifyElementText(findTestObject("Object Repository/Page_Mood Deleting Stats/h2_Deleting Stats"), "Deleting Stats"): Actual text and expected text of test object 'Object Repository/Page_Mood Deleting Stats/h2_Deleting Stats' are matched.

2022-01-17 00:09:34 - [MESSAGE][PASSED] - Actual text and expected text of test object 'Object Repository/Page_Mood Deleting Stats/h2_Deleting Stats' are matched.

2022-01-17 00:09:34 - [TEST_STEP][PASSED] - closeBrowser(): Browser is closed

2022-01-17 00:09:35 - [MESSAGE][PASSED] - Browser is closed]]></system-out>
         <system-err><![CDATA[]]></system-err>
      </testcase>
      <testcase name="Test Cases/test case 12" time="258.485" classname="Test Cases/test case 12" status="PASSED">
         <system-out><![CDATA[2022-01-17 00:09:35 - [TEST_CASE][PASSED] - Test Cases/test case 12: Test Cases/test case 12

2022-01-17 00:09:35 - [TEST_STEP][PASSED] - openBrowser(""): Browser is opened with url: ''

2022-01-17 00:09:35 - [MESSAGE][INFO] - Starting 'Chrome' driver

2022-01-17 00:09:35 - [MESSAGE][INFO] - Action delay is set to 0 milliseconds

2022-01-17 00:09:36 - [MESSAGE][PASSED] - Browser is opened with url: ''

2022-01-17 00:09:36 - [TEST_STEP][PASSED] - navigateToUrl("http://localhost/"): Navigate to 'http://localhost/' successfully

2022-01-17 00:09:38 - [MESSAGE][PASSED] - Navigate to 'http://localhost/' successfully

2022-01-17 00:09:38 - [TEST_STEP][PASSED] - click(findTestObject("Object Repository/Page_Moodle/a_Log in")): Object: 'Object Repository/Page_Moodle/a_Log in' is clicked on

2022-01-17 00:09:38 - [MESSAGE][PASSED] - Object: 'Object Repository/Page_Moodle/a_Log in' is clicked on

2022-01-17 00:09:38 - [TEST_STEP][PASSED] - setText(findTestObject("Object Repository/Page_Moodle Log in to the site/input_Username_username"), "admin"): Text 'admin' is set on object 'Object Repository/Page_Moodle Log in to the site/input_Username_username'

2022-01-17 00:09:39 - [MESSAGE][PASSED] - Text 'admin' is set on object 'Object Repository/Page_Moodle Log in to the site/input_Username_username'

2022-01-17 00:09:39 - [TEST_STEP][PASSED] - setEncryptedText(findTestObject("Object Repository/Page_Moodle Log in to the site/input_Password_password"), "r6H/uPCyCbQX7sAf5E1f3g=="): Text ****** has been set on object 'Object Repository/Page_Moodle Log in to the site/input_Password_password'

2022-01-17 00:09:40 - [MESSAGE][PASSED] - Text ****** has been set on object 'Object Repository/Page_Moodle Log in to the site/input_Password_password'

2022-01-17 00:09:40 - [TEST_STEP][PASSED] - click(findTestObject("Object Repository/Page_Moodle Log in to the site/button_Log in")): Object: 'Object Repository/Page_Moodle Log in to the site/button_Log in' is clicked on

2022-01-17 00:09:41 - [MESSAGE][PASSED] - Object: 'Object Repository/Page_Moodle Log in to the site/button_Log in' is clicked on

2022-01-17 00:09:41 - [TEST_STEP][PASSED] - click(findTestObject("Object Repository/Page_Dashboard/span_Site administration")): Object: 'Object Repository/Page_Dashboard/span_Site administration' is clicked on

2022-01-17 00:09:43 - [MESSAGE][PASSED] - Object: 'Object Repository/Page_Dashboard/span_Site administration' is clicked on

2022-01-17 00:09:43 - [TEST_STEP][PASSED] - click(findTestObject("Object Repository/Page_Mood Administration Search/a_Courses")): Object: 'Object Repository/Page_Mood Administration Search/a_Courses' is clicked on

2022-01-17 00:09:43 - [MESSAGE][PASSED] - Object: 'Object Repository/Page_Mood Administration Search/a_Courses' is clicked on

2022-01-17 00:09:43 - [TEST_STEP][PASSED] - click(findTestObject("Object Repository/Page_Mood Administration Search/a_Manage courses and categories")): Object: 'Object Repository/Page_Mood Administration Search/a_Manage courses and categories' is clicked on

2022-01-17 00:09:44 - [MESSAGE][PASSED] - Object: 'Object Repository/Page_Mood Administration Search/a_Manage courses and categories' is clicked on

2022-01-17 00:09:44 - [TEST_STEP][PASSED] - click(findTestObject("Object Repository/Page_Course and category management/a_Create new course")): Object: 'Object Repository/Page_Course and category management/a_Create new course' is clicked on

2022-01-17 00:10:15 - [MESSAGE][INFO] - Unable to find the element located by 'By.xpath: //div[@id='yui_3_17_2_1_1642173112741_71']/div/div/a'. Please recheck the objects properties to make sure the desired element is located. 

2022-01-17 00:10:15 - [MESSAGE][WARNING] - [SELF-HEALING] Failed to find element with id 'Object Repository/Page_Course and category management/a_Create new course'. Try using Self-healing.

2022-01-17 00:10:16 - [MESSAGE][WARNING] - [SELF-HEALING] The current locator of test object 'Object Repository/Page_Course and category management/a_Create new course' was broken. Propose an alternative one: '//a[contains(text(),'Create new course')]'.

2022-01-17 00:10:16 - [MESSAGE][PASSED] - Object: 'Object Repository/Page_Course and category management/a_Create new course' is clicked on

2022-01-17 00:10:16 - [TEST_STEP][PASSED] - waitForElementVisible(findTestObject("Object Repository/Page_Mood Add a new course/label_Course full name"), 0): Object 'Object Repository/Page_Mood Add a new course/label_Course full name' is visible

2022-01-17 00:10:16 - [MESSAGE][WARNING] - Timeout '0' is invalid. Using default page load timeout: '30'

2022-01-17 00:10:17 - [MESSAGE][PASSED] - Object 'Object Repository/Page_Mood Add a new course/label_Course full name' is visible

2022-01-17 00:10:17 - [TEST_STEP][PASSED] - setText(findTestObject("Object Repository/Page_Mood Add a new course/input_Course full name_fullname"), "Statistics"): Text 'Statistics' is set on object 'Object Repository/Page_Mood Add a new course/input_Course full name_fullname'

2022-01-17 00:10:18 - [MESSAGE][PASSED] - Text 'Statistics' is set on object 'Object Repository/Page_Mood Add a new course/input_Course full name_fullname'

2022-01-17 00:10:18 - [TEST_STEP][PASSED] - setText(findTestObject("Object Repository/Page_Mood Add a new course/input_Course short name_shortname"), "Stats"): Text 'Stats' is set on object 'Object Repository/Page_Mood Add a new course/input_Course short name_shortname'

2022-01-17 00:10:19 - [MESSAGE][PASSED] - Text 'Stats' is set on object 'Object Repository/Page_Mood Add a new course/input_Course short name_shortname'

2022-01-17 00:10:19 - [TEST_STEP][PASSED] - waitForElementVisible(findTestObject("Object Repository/Page_Mood Add a new course/p_Course start date"), 0): Object 'Object Repository/Page_Mood Add a new course/p_Course start date' is visible

2022-01-17 00:10:19 - [MESSAGE][WARNING] - Timeout '0' is invalid. Using default page load timeout: '30'

2022-01-17 00:10:19 - [MESSAGE][PASSED] - Object 'Object Repository/Page_Mood Add a new course/p_Course start date' is visible

2022-01-17 00:10:19 - [TEST_STEP][PASSED] - selectOptionByValue(findTestObject("Object Repository/Page_Mood Add a new course/select_1        2        3        4        _45ea30"), "13", true): All options with value '13' are selected in object 'Object Repository/Page_Mood Add a new course/select_1        2        3        4        _45ea30'  using regular expression

2022-01-17 00:10:21 - [MESSAGE][PASSED] - All options with value '13' are selected in object 'Object Repository/Page_Mood Add a new course/select_1        2        3        4        _45ea30'  using regular expression

2022-01-17 00:10:21 - [TEST_STEP][PASSED] - selectOptionByValue(findTestObject("Object Repository/Page_Mood Add a new course/select_1        2        3        4        _45ea30_1"), "13", true): All options with value '13' are selected in object 'Object Repository/Page_Mood Add a new course/select_1        2        3        4        _45ea30_1'  using regular expression

2022-01-17 00:10:22 - [MESSAGE][PASSED] - All options with value '13' are selected in object 'Object Repository/Page_Mood Add a new course/select_1        2        3        4        _45ea30_1'  using regular expression

2022-01-17 00:10:22 - [TEST_STEP][PASSED] - waitForElementVisible(findTestObject("Object Repository/Page_Mood Add a new course/input__saveanddisplay"), 0): Object 'Object Repository/Page_Mood Add a new course/input__saveanddisplay' is visible

2022-01-17 00:10:22 - [MESSAGE][WARNING] - Timeout '0' is invalid. Using default page load timeout: '30'

2022-01-17 00:10:22 - [MESSAGE][PASSED] - Object 'Object Repository/Page_Mood Add a new course/input__saveanddisplay' is visible

2022-01-17 00:10:22 - [TEST_STEP][PASSED] - click(findTestObject("Object Repository/Page_Mood Add a new course/input__saveanddisplay")): Object: 'Object Repository/Page_Mood Add a new course/input__saveanddisplay' is clicked on

2022-01-17 00:10:23 - [MESSAGE][PASSED] - Object: 'Object Repository/Page_Mood Add a new course/input__saveanddisplay' is clicked on

2022-01-17 00:10:23 - [TEST_STEP][PASSED] - waitForElementVisible(findTestObject("Object Repository/Page_Stats Participants/input_Participants_btn btn-secondary my-1"), 0): Object 'Object Repository/Page_Stats Participants/input_Participants_btn btn-secondary my-1' is visible

2022-01-17 00:10:23 - [MESSAGE][WARNING] - Timeout '0' is invalid. Using default page load timeout: '30'

2022-01-17 00:10:24 - [MESSAGE][PASSED] - Object 'Object Repository/Page_Stats Participants/input_Participants_btn btn-secondary my-1' is visible

2022-01-17 00:10:24 - [TEST_STEP][PASSED] - click(findTestObject("Object Repository/Page_Stats Participants/input_Participants_btn btn-secondary my-1")): Object: 'Object Repository/Page_Stats Participants/input_Participants_btn btn-secondary my-1' is clicked on

2022-01-17 00:10:24 - [MESSAGE][PASSED] - Object: 'Object Repository/Page_Stats Participants/input_Participants_btn btn-secondary my-1' is clicked on

2022-01-17 00:10:24 - [TEST_STEP][PASSED] - click(findTestObject("Object Repository/Page_Stats Participants/span_")): Object: 'Object Repository/Page_Stats Participants/span_' is clicked on

2022-01-17 00:10:55 - [MESSAGE][INFO] - Unable to find the element located by 'By.xpath: //span[@id='form_autocomplete_downarrow-1642275051251']'. Please recheck the objects properties to make sure the desired element is located. 

2022-01-17 00:10:55 - [MESSAGE][WARNING] - [SELF-HEALING] Failed to find element with id 'Object Repository/Page_Stats Participants/span_'. Try using Self-healing.

2022-01-17 00:10:56 - [MESSAGE][WARNING] - [SELF-HEALING] The current locator of test object 'Object Repository/Page_Stats Participants/span_' was broken. Propose an alternative one: '//div[@id='fitem_id_userlist']/div[2]/div[3]/span'.

2022-01-17 00:10:56 - [MESSAGE][PASSED] - Object: 'Object Repository/Page_Stats Participants/span_' is clicked on

2022-01-17 00:10:56 - [TEST_STEP][PASSED] - click(findTestObject("Object Repository/Page_Stats Participants/span_Quach Minh Khoi")): Object: 'Object Repository/Page_Stats Participants/span_Quach Minh Khoi' is clicked on

2022-01-17 00:11:27 - [MESSAGE][INFO] - Unable to find the element located by 'By.xpath: //li[@id='form_autocomplete_suggestions-1642173244309-0']/span/span'. Please recheck the objects properties to make sure the desired element is located. 

2022-01-17 00:11:27 - [MESSAGE][WARNING] - [SELF-HEALING] Failed to find element with id 'Object Repository/Page_Stats Participants/span_Quach Minh Khoi'. Try using Self-healing.

2022-01-17 00:11:27 - [MESSAGE][WARNING] - [SELF-HEALING] The current locator of test object 'Object Repository/Page_Stats Participants/span_Quach Minh Khoi' was broken. Propose an alternative one: '(.//*[normalize-space(text()) and normalize-space(.)='▼'])[1]/following::span[2]'.

2022-01-17 00:11:27 - [MESSAGE][PASSED] - Object: 'Object Repository/Page_Stats Participants/span_Quach Minh Khoi' is clicked on

2022-01-17 00:11:27 - [TEST_STEP][PASSED] - selectOptionByValue(findTestObject("Object Repository/Page_Stats Participants/select_Quach Minh Khoi    qmkhoi19gmail.com_d68a25"), "17", true): All options with value '17' are selected in object 'Object Repository/Page_Stats Participants/select_Quach Minh Khoi    qmkhoi19gmail.com_d68a25'  using regular expression

2022-01-17 00:11:29 - [MESSAGE][PASSED] - All options with value '17' are selected in object 'Object Repository/Page_Stats Participants/select_Quach Minh Khoi    qmkhoi19gmail.com_d68a25'  using regular expression

2022-01-17 00:11:29 - [TEST_STEP][PASSED] - selectOptionByValue(findTestObject("Object Repository/Page_Stats Participants/select_Quach Minh Khoi    qmkhoi19gmail.com_d68a25"), "17", true): All options with value '17' are selected in object 'Object Repository/Page_Stats Participants/select_Quach Minh Khoi    qmkhoi19gmail.com_d68a25'  using regular expression

2022-01-17 00:11:29 - [MESSAGE][PASSED] - All options with value '17' are selected in object 'Object Repository/Page_Stats Participants/select_Quach Minh Khoi    qmkhoi19gmail.com_d68a25'  using regular expression

2022-01-17 00:11:29 - [TEST_STEP][PASSED] - selectOptionByValue(findTestObject("Object Repository/Page_Stats Participants/select_Quach Minh Khoi    qmkhoi19gmail.com_d68a25"), "17", true): All options with value '17' are selected in object 'Object Repository/Page_Stats Participants/select_Quach Minh Khoi    qmkhoi19gmail.com_d68a25'  using regular expression

2022-01-17 00:11:30 - [MESSAGE][PASSED] - All options with value '17' are selected in object 'Object Repository/Page_Stats Participants/select_Quach Minh Khoi    qmkhoi19gmail.com_d68a25'  using regular expression

2022-01-17 00:11:30 - [TEST_STEP][PASSED] - selectOptionByValue(findTestObject("Object Repository/Page_Stats Participants/select_Quach Minh Khoi    qmkhoi19gmail.com_d68a25"), "17", true): All options with value '17' are selected in object 'Object Repository/Page_Stats Participants/select_Quach Minh Khoi    qmkhoi19gmail.com_d68a25'  using regular expression

2022-01-17 00:11:31 - [MESSAGE][PASSED] - All options with value '17' are selected in object 'Object Repository/Page_Stats Participants/select_Quach Minh Khoi    qmkhoi19gmail.com_d68a25'  using regular expression

2022-01-17 00:11:31 - [TEST_STEP][PASSED] - click(findTestObject("Object Repository/Page_Stats Participants/label_Assign role")): Object: 'Object Repository/Page_Stats Participants/label_Assign role' is clicked on

2022-01-17 00:11:32 - [MESSAGE][PASSED] - Object: 'Object Repository/Page_Stats Participants/label_Assign role' is clicked on

2022-01-17 00:11:32 - [TEST_STEP][PASSED] - click(findTestObject("Object Repository/Page_Stats Participants/button_Enrol users")): Object: 'Object Repository/Page_Stats Participants/button_Enrol users' is clicked on

2022-01-17 00:12:03 - [MESSAGE][INFO] - Unable to find the element located by 'By.xpath: //button[@id='yui_3_17_2_1_1642275051002_262']'. Please recheck the objects properties to make sure the desired element is located. 

2022-01-17 00:12:03 - [MESSAGE][WARNING] - [SELF-HEALING] Failed to find element with id 'Object Repository/Page_Stats Participants/button_Enrol users'. Try using Self-healing.

2022-01-17 00:12:03 - [MESSAGE][WARNING] - [SELF-HEALING] The current locator of test object 'Object Repository/Page_Stats Participants/button_Enrol users' was broken. Propose an alternative one: '(.//*[normalize-space(text()) and normalize-space(.)='Minute'])[1]/following::button[1]'.

2022-01-17 00:12:03 - [MESSAGE][PASSED] - Object: 'Object Repository/Page_Stats Participants/button_Enrol users' is clicked on

2022-01-17 00:12:03 - [TEST_STEP][PASSED] - click(findTestObject("Object Repository/Page_Stats Participants/a_Admin User")): Object: 'Object Repository/Page_Stats Participants/a_Admin User' is clicked on

2022-01-17 00:12:04 - [MESSAGE][PASSED] - Object: 'Object Repository/Page_Stats Participants/a_Admin User' is clicked on

2022-01-17 00:12:04 - [TEST_STEP][PASSED] - click(findTestObject("Object Repository/Page_Stats Participants/span_Log out")): Object: 'Object Repository/Page_Stats Participants/span_Log out' is clicked on

2022-01-17 00:12:05 - [MESSAGE][PASSED] - Object: 'Object Repository/Page_Stats Participants/span_Log out' is clicked on

2022-01-17 00:12:05 - [TEST_STEP][PASSED] - click(findTestObject("Object Repository/Page_Moodle/a_Log in")): Object: 'Object Repository/Page_Moodle/a_Log in' is clicked on

2022-01-17 00:12:06 - [MESSAGE][PASSED] - Object: 'Object Repository/Page_Moodle/a_Log in' is clicked on

2022-01-17 00:12:06 - [TEST_STEP][PASSED] - setText(findTestObject("Object Repository/Page_Moodle Log in to the site/input_Username_username"), "qmkhoi"): Text 'qmkhoi' is set on object 'Object Repository/Page_Moodle Log in to the site/input_Username_username'

2022-01-17 00:12:06 - [MESSAGE][PASSED] - Text 'qmkhoi' is set on object 'Object Repository/Page_Moodle Log in to the site/input_Username_username'

2022-01-17 00:12:06 - [TEST_STEP][PASSED] - setEncryptedText(findTestObject("Object Repository/Page_Moodle Log in to the site/input_Password_password"), "eiP2h/EMT1hJlGmKEGA7sg=="): Text ****** has been set on object 'Object Repository/Page_Moodle Log in to the site/input_Password_password'

2022-01-17 00:12:07 - [MESSAGE][PASSED] - Text ****** has been set on object 'Object Repository/Page_Moodle Log in to the site/input_Password_password'

2022-01-17 00:12:07 - [TEST_STEP][PASSED] - click(findTestObject("Object Repository/Page_Moodle Log in to the site/button_Log in")): Object: 'Object Repository/Page_Moodle Log in to the site/button_Log in' is clicked on

2022-01-17 00:12:08 - [MESSAGE][PASSED] - Object: 'Object Repository/Page_Moodle Log in to the site/button_Log in' is clicked on

2022-01-17 00:12:08 - [TEST_STEP][PASSED] - verifyElementText(findTestObject("Object Repository/Page_Dashboard/span_Stats"), "Stats"): Actual text and expected text of test object 'Object Repository/Page_Dashboard/span_Stats' are matched.

2022-01-17 00:12:09 - [MESSAGE][PASSED] - Actual text and expected text of test object 'Object Repository/Page_Dashboard/span_Stats' are matched.

2022-01-17 00:12:09 - [TEST_STEP][PASSED] - click(findTestObject("Object Repository/Page_Dashboard/a_Quach Minh Khoi")): Object: 'Object Repository/Page_Dashboard/a_Quach Minh Khoi' is clicked on

2022-01-17 00:12:10 - [MESSAGE][PASSED] - Object: 'Object Repository/Page_Dashboard/a_Quach Minh Khoi' is clicked on

2022-01-17 00:12:10 - [TEST_STEP][PASSED] - click(findTestObject("Object Repository/Page_Dashboard/span_Log out")): Object: 'Object Repository/Page_Dashboard/span_Log out' is clicked on

2022-01-17 00:12:10 - [MESSAGE][PASSED] - Object: 'Object Repository/Page_Dashboard/span_Log out' is clicked on

2022-01-17 00:12:10 - [TEST_STEP][PASSED] - click(findTestObject("Object Repository/Page_Moodle/a_Log in")): Object: 'Object Repository/Page_Moodle/a_Log in' is clicked on

2022-01-17 00:12:11 - [MESSAGE][PASSED] - Object: 'Object Repository/Page_Moodle/a_Log in' is clicked on

2022-01-17 00:12:11 - [TEST_STEP][PASSED] - setText(findTestObject("Object Repository/Page_Moodle Log in to the site/input_Username_username"), "admin"): Text 'admin' is set on object 'Object Repository/Page_Moodle Log in to the site/input_Username_username'

2022-01-17 00:12:12 - [MESSAGE][PASSED] - Text 'admin' is set on object 'Object Repository/Page_Moodle Log in to the site/input_Username_username'

2022-01-17 00:12:12 - [TEST_STEP][PASSED] - setEncryptedText(findTestObject("Object Repository/Page_Moodle Log in to the site/input_Password_password"), "r6H/uPCyCbQX7sAf5E1f3g=="): Text ****** has been set on object 'Object Repository/Page_Moodle Log in to the site/input_Password_password'

2022-01-17 00:12:12 - [MESSAGE][PASSED] - Text ****** has been set on object 'Object Repository/Page_Moodle Log in to the site/input_Password_password'

2022-01-17 00:12:12 - [TEST_STEP][PASSED] - click(findTestObject("Object Repository/Page_Moodle Log in to the site/button_Log in")): Object: 'Object Repository/Page_Moodle Log in to the site/button_Log in' is clicked on

2022-01-17 00:12:13 - [MESSAGE][PASSED] - Object: 'Object Repository/Page_Moodle Log in to the site/button_Log in' is clicked on

2022-01-17 00:12:13 - [TEST_STEP][PASSED] - click(findTestObject("Object Repository/Page_Dashboard/span_Site administration")): Object: 'Object Repository/Page_Dashboard/span_Site administration' is clicked on

2022-01-17 00:12:15 - [MESSAGE][PASSED] - Object: 'Object Repository/Page_Dashboard/span_Site administration' is clicked on

2022-01-17 00:12:15 - [TEST_STEP][PASSED] - click(findTestObject("Object Repository/Page_Mood Administration Search/a_Courses")): Object: 'Object Repository/Page_Mood Administration Search/a_Courses' is clicked on

2022-01-17 00:12:16 - [MESSAGE][PASSED] - Object: 'Object Repository/Page_Mood Administration Search/a_Courses' is clicked on

2022-01-17 00:12:16 - [TEST_STEP][PASSED] - click(findTestObject("Object Repository/Page_Mood Administration Search/a_Manage courses and categories")): Object: 'Object Repository/Page_Mood Administration Search/a_Manage courses and categories' is clicked on

2022-01-17 00:12:17 - [MESSAGE][PASSED] - Object: 'Object Repository/Page_Mood Administration Search/a_Manage courses and categories' is clicked on

2022-01-17 00:12:17 - [TEST_STEP][PASSED] - waitForElementVisible(findTestObject("Object Repository/Page_Course and category management/a_Statistics"), 0): Object 'Object Repository/Page_Course and category management/a_Statistics' is visible

2022-01-17 00:12:17 - [MESSAGE][WARNING] - Timeout '0' is invalid. Using default page load timeout: '30'

2022-01-17 00:12:48 - [MESSAGE][INFO] - Unable to find the element located by 'By.xpath: //a[@id='yui_3_17_2_1_1642275183792_325']'. Please recheck the objects properties to make sure the desired element is located. 

2022-01-17 00:12:48 - [MESSAGE][WARNING] - [SELF-HEALING] Failed to find element with id 'Object Repository/Page_Course and category management/a_Statistics'. Try using Self-healing.

2022-01-17 00:12:48 - [MESSAGE][WARNING] - [SELF-HEALING] The current locator of test object 'Object Repository/Page_Course and category management/a_Statistics' was broken. Propose an alternative one: '//a[contains(text(),'Statistics')]'.

2022-01-17 00:12:48 - [MESSAGE][PASSED] - Object 'Object Repository/Page_Course and category management/a_Statistics' is visible

2022-01-17 00:12:48 - [TEST_STEP][PASSED] - click(findTestObject("Object Repository/Page_Course and category management/i_Statistics_yui_3_17_2_1_1642173463341_325")): Object: 'Object Repository/Page_Course and category management/i_Statistics_yui_3_17_2_1_1642173463341_325' is clicked on

2022-01-17 00:13:19 - [MESSAGE][INFO] - Unable to find the element located by 'By.xpath: //i[@id='yui_3_17_2_1_1642173463341_325']'. Please recheck the objects properties to make sure the desired element is located. 

2022-01-17 00:13:19 - [MESSAGE][WARNING] - [SELF-HEALING] Failed to find element with id 'Object Repository/Page_Course and category management/i_Statistics_yui_3_17_2_1_1642173463341_325'. Try using Self-healing.

2022-01-17 00:13:19 - [MESSAGE][WARNING] - [SELF-HEALING] The current locator of test object 'Object Repository/Page_Course and category management/i_Statistics_yui_3_17_2_1_1642173463341_325' was broken. Propose an alternative one: '//span/a[3]/i'.

2022-01-17 00:13:20 - [MESSAGE][PASSED] - Object: 'Object Repository/Page_Course and category management/i_Statistics_yui_3_17_2_1_1642173463341_325' is clicked on

2022-01-17 00:13:20 - [TEST_STEP][PASSED] - click(findTestObject("Object Repository/Page_Mood Delete Stats/button_Delete")): Object: 'Object Repository/Page_Mood Delete Stats/button_Delete' is clicked on

2022-01-17 00:13:51 - [MESSAGE][INFO] - Unable to find the element located by 'By.xpath: //button[@id='single_button61e32188cdcac14']'. Please recheck the objects properties to make sure the desired element is located. 

2022-01-17 00:13:51 - [MESSAGE][WARNING] - [SELF-HEALING] Failed to find element with id 'Object Repository/Page_Mood Delete Stats/button_Delete'. Try using Self-healing.

2022-01-17 00:13:51 - [MESSAGE][WARNING] - [SELF-HEALING] The current locator of test object 'Object Repository/Page_Mood Delete Stats/button_Delete' was broken. Propose an alternative one: '//div[@id='modal-footer']/div/div/form/button'.

2022-01-17 00:13:52 - [MESSAGE][PASSED] - Object: 'Object Repository/Page_Mood Delete Stats/button_Delete' is clicked on

2022-01-17 00:13:52 - [TEST_STEP][PASSED] - click(findTestObject("Object Repository/Page_Mood Deleting Stats/section_Deleting Stats        Deleted - Com_528425")): Object: 'Object Repository/Page_Mood Deleting Stats/section_Deleting Stats        Deleted - Com_528425' is clicked on

2022-01-17 00:13:52 - [MESSAGE][PASSED] - Object: 'Object Repository/Page_Mood Deleting Stats/section_Deleting Stats        Deleted - Com_528425' is clicked on

2022-01-17 00:13:52 - [TEST_STEP][PASSED] - verifyElementText(findTestObject("Object Repository/Page_Mood Deleting Stats/h2_Deleting Stats"), "Deleting Stats"): Actual text and expected text of test object 'Object Repository/Page_Mood Deleting Stats/h2_Deleting Stats' are matched.

2022-01-17 00:13:53 - [MESSAGE][PASSED] - Actual text and expected text of test object 'Object Repository/Page_Mood Deleting Stats/h2_Deleting Stats' are matched.

2022-01-17 00:13:53 - [TEST_STEP][PASSED] - closeBrowser(): Browser is closed

2022-01-17 00:13:54 - [MESSAGE][PASSED] - Browser is closed]]></system-out>
         <system-err><![CDATA[]]></system-err>
      </testcase>
      <testcase name="Test Cases/test case 13" time="43.249" classname="Test Cases/test case 13" status="PASSED">
         <system-out><![CDATA[2022-01-17 00:13:54 - [TEST_CASE][PASSED] - Test Cases/test case 13: Test Cases/test case 13

2022-01-17 00:13:54 - [TEST_STEP][PASSED] - openBrowser(""): Browser is opened with url: ''

2022-01-17 00:13:54 - [MESSAGE][INFO] - Starting 'Chrome' driver

2022-01-17 00:13:54 - [MESSAGE][INFO] - Action delay is set to 0 milliseconds

2022-01-17 00:13:55 - [MESSAGE][PASSED] - Browser is opened with url: ''

2022-01-17 00:13:55 - [TEST_STEP][PASSED] - navigateToUrl("http://localhost/"): Navigate to 'http://localhost/' successfully

2022-01-17 00:13:56 - [MESSAGE][PASSED] - Navigate to 'http://localhost/' successfully

2022-01-17 00:13:56 - [TEST_STEP][PASSED] - click(findTestObject("Object Repository/Page_Moodle/a_Log in")): Object: 'Object Repository/Page_Moodle/a_Log in' is clicked on

2022-01-17 00:13:57 - [MESSAGE][PASSED] - Object: 'Object Repository/Page_Moodle/a_Log in' is clicked on

2022-01-17 00:13:57 - [TEST_STEP][PASSED] - setText(findTestObject("Object Repository/Page_Moodle Log in to the site/input_Username_username"), "admin"): Text 'admin' is set on object 'Object Repository/Page_Moodle Log in to the site/input_Username_username'

2022-01-17 00:13:58 - [MESSAGE][PASSED] - Text 'admin' is set on object 'Object Repository/Page_Moodle Log in to the site/input_Username_username'

2022-01-17 00:13:58 - [TEST_STEP][PASSED] - setEncryptedText(findTestObject("Object Repository/Page_Moodle Log in to the site/input_Password_password"), "r6H/uPCyCbQX7sAf5E1f3g=="): Text ****** has been set on object 'Object Repository/Page_Moodle Log in to the site/input_Password_password'

2022-01-17 00:13:58 - [MESSAGE][PASSED] - Text ****** has been set on object 'Object Repository/Page_Moodle Log in to the site/input_Password_password'

2022-01-17 00:13:58 - [TEST_STEP][PASSED] - click(findTestObject("Object Repository/Page_Moodle Log in to the site/button_Log in")): Object: 'Object Repository/Page_Moodle Log in to the site/button_Log in' is clicked on

2022-01-17 00:13:59 - [MESSAGE][PASSED] - Object: 'Object Repository/Page_Moodle Log in to the site/button_Log in' is clicked on

2022-01-17 00:13:59 - [TEST_STEP][PASSED] - verifyElementText(findTestObject("Object Repository/Page_Dashboard/span_Site administration"), "Site administration"): Actual text and expected text of test object 'Object Repository/Page_Dashboard/span_Site administration' are matched.

2022-01-17 00:14:00 - [MESSAGE][PASSED] - Actual text and expected text of test object 'Object Repository/Page_Dashboard/span_Site administration' are matched.

2022-01-17 00:14:00 - [TEST_STEP][PASSED] - click(findTestObject("Object Repository/Page_Dashboard/span_Site administration")): Object: 'Object Repository/Page_Dashboard/span_Site administration' is clicked on

2022-01-17 00:14:01 - [MESSAGE][PASSED] - Object: 'Object Repository/Page_Dashboard/span_Site administration' is clicked on

2022-01-17 00:14:01 - [TEST_STEP][PASSED] - click(findTestObject("Object Repository/Page_Mood Administration Search/a_Courses")): Object: 'Object Repository/Page_Mood Administration Search/a_Courses' is clicked on

2022-01-17 00:14:02 - [MESSAGE][PASSED] - Object: 'Object Repository/Page_Mood Administration Search/a_Courses' is clicked on

2022-01-17 00:14:02 - [TEST_STEP][PASSED] - click(findTestObject("Object Repository/Page_Mood Administration Search/a_Add a new course")): Object: 'Object Repository/Page_Mood Administration Search/a_Add a new course' is clicked on

2022-01-17 00:14:03 - [MESSAGE][PASSED] - Object: 'Object Repository/Page_Mood Administration Search/a_Add a new course' is clicked on

2022-01-17 00:14:03 - [TEST_STEP][PASSED] - verifyElementText(findTestObject("Object Repository/Page_Mood Add a new course/h2_Add a new course"), "Add a new course"): Actual text and expected text of test object 'Object Repository/Page_Mood Add a new course/h2_Add a new course' are matched.

2022-01-17 00:14:34 - [MESSAGE][INFO] - Unable to find the element located by 'By.xpath: //div[@id='yui_3_17_2_1_1642243253552_65']/h2'. Please recheck the objects properties to make sure the desired element is located. 

2022-01-17 00:14:34 - [MESSAGE][WARNING] - [SELF-HEALING] Failed to find element with id 'Object Repository/Page_Mood Add a new course/h2_Add a new course'. Try using Self-healing.

2022-01-17 00:14:35 - [MESSAGE][WARNING] - [SELF-HEALING] The current locator of test object 'Object Repository/Page_Mood Add a new course/h2_Add a new course' was broken. Propose an alternative one: '(.//*[normalize-space(text()) and normalize-space(.)='Add a new course'])[1]/following::h2[1]'.

2022-01-17 00:14:35 - [MESSAGE][PASSED] - Actual text and expected text of test object 'Object Repository/Page_Mood Add a new course/h2_Add a new course' are matched.

2022-01-17 00:14:35 - [TEST_STEP][PASSED] - waitForElementVisible(findTestObject("Object Repository/Page_Mood Add a new course/input__saveanddisplay"), 0): Object 'Object Repository/Page_Mood Add a new course/input__saveanddisplay' is visible

2022-01-17 00:14:35 - [MESSAGE][WARNING] - Timeout '0' is invalid. Using default page load timeout: '30'

2022-01-17 00:14:35 - [MESSAGE][PASSED] - Object 'Object Repository/Page_Mood Add a new course/input__saveanddisplay' is visible

2022-01-17 00:14:35 - [TEST_STEP][PASSED] - click(findTestObject("Object Repository/Page_Mood Add a new course/input__saveanddisplay")): Object: 'Object Repository/Page_Mood Add a new course/input__saveanddisplay' is clicked on

2022-01-17 00:14:35 - [MESSAGE][PASSED] - Object: 'Object Repository/Page_Mood Add a new course/input__saveanddisplay' is clicked on

2022-01-17 00:14:35 - [TEST_STEP][PASSED] - verifyElementText(findTestObject("Object Repository/Page_Mood Add a new course/div_- Missing full name"), "- Missing full name"): Actual text and expected text of test object 'Object Repository/Page_Mood Add a new course/div_- Missing full name' are matched.

2022-01-17 00:14:36 - [MESSAGE][PASSED] - Actual text and expected text of test object 'Object Repository/Page_Mood Add a new course/div_- Missing full name' are matched.

2022-01-17 00:14:36 - [TEST_STEP][PASSED] - verifyElementText(findTestObject("Object Repository/Page_Mood Add a new course/div_- Missing short name"), "- Missing short name"): Actual text and expected text of test object 'Object Repository/Page_Mood Add a new course/div_- Missing short name' are matched.

2022-01-17 00:14:36 - [MESSAGE][PASSED] - Actual text and expected text of test object 'Object Repository/Page_Mood Add a new course/div_- Missing short name' are matched.

2022-01-17 00:14:36 - [TEST_STEP][PASSED] - closeBrowser(): Browser is closed

2022-01-17 00:14:37 - [MESSAGE][PASSED] - Browser is closed]]></system-out>
         <system-err><![CDATA[]]></system-err>
      </testcase>
      <testcase name="Test Cases/test case 14" time="47.472" classname="Test Cases/test case 14" status="PASSED">
         <system-out><![CDATA[2022-01-17 00:14:37 - [TEST_CASE][PASSED] - Test Cases/test case 14: Test Cases/test case 14

2022-01-17 00:14:37 - [TEST_STEP][PASSED] - openBrowser(""): Browser is opened with url: ''

2022-01-17 00:14:37 - [MESSAGE][INFO] - Starting 'Chrome' driver

2022-01-17 00:14:37 - [MESSAGE][INFO] - Action delay is set to 0 milliseconds

2022-01-17 00:14:38 - [MESSAGE][PASSED] - Browser is opened with url: ''

2022-01-17 00:14:38 - [TEST_STEP][PASSED] - navigateToUrl("http://localhost/"): Navigate to 'http://localhost/' successfully

2022-01-17 00:14:39 - [MESSAGE][PASSED] - Navigate to 'http://localhost/' successfully

2022-01-17 00:14:39 - [TEST_STEP][PASSED] - click(findTestObject("Object Repository/Page_Moodle/a_Log in")): Object: 'Object Repository/Page_Moodle/a_Log in' is clicked on

2022-01-17 00:14:40 - [MESSAGE][PASSED] - Object: 'Object Repository/Page_Moodle/a_Log in' is clicked on

2022-01-17 00:14:40 - [TEST_STEP][PASSED] - setText(findTestObject("Object Repository/Page_Moodle Log in to the site/input_Username_username"), "admin"): Text 'admin' is set on object 'Object Repository/Page_Moodle Log in to the site/input_Username_username'

2022-01-17 00:14:41 - [MESSAGE][PASSED] - Text 'admin' is set on object 'Object Repository/Page_Moodle Log in to the site/input_Username_username'

2022-01-17 00:14:41 - [TEST_STEP][PASSED] - setEncryptedText(findTestObject("Object Repository/Page_Moodle Log in to the site/input_Password_password"), "r6H/uPCyCbQX7sAf5E1f3g=="): Text ****** has been set on object 'Object Repository/Page_Moodle Log in to the site/input_Password_password'

2022-01-17 00:14:41 - [MESSAGE][PASSED] - Text ****** has been set on object 'Object Repository/Page_Moodle Log in to the site/input_Password_password'

2022-01-17 00:14:41 - [TEST_STEP][PASSED] - click(findTestObject("Object Repository/Page_Moodle Log in to the site/button_Log in")): Object: 'Object Repository/Page_Moodle Log in to the site/button_Log in' is clicked on

2022-01-17 00:14:42 - [MESSAGE][PASSED] - Object: 'Object Repository/Page_Moodle Log in to the site/button_Log in' is clicked on

2022-01-17 00:14:42 - [TEST_STEP][PASSED] - verifyElementText(findTestObject("Object Repository/Page_Dashboard/span_Site administration"), "Site administration"): Actual text and expected text of test object 'Object Repository/Page_Dashboard/span_Site administration' are matched.

2022-01-17 00:14:44 - [MESSAGE][PASSED] - Actual text and expected text of test object 'Object Repository/Page_Dashboard/span_Site administration' are matched.

2022-01-17 00:14:44 - [TEST_STEP][PASSED] - click(findTestObject("Object Repository/Page_Dashboard/span_Site administration")): Object: 'Object Repository/Page_Dashboard/span_Site administration' is clicked on

2022-01-17 00:14:45 - [MESSAGE][PASSED] - Object: 'Object Repository/Page_Dashboard/span_Site administration' is clicked on

2022-01-17 00:14:45 - [TEST_STEP][PASSED] - click(findTestObject("Object Repository/Page_Mood Administration Search/a_Courses")): Object: 'Object Repository/Page_Mood Administration Search/a_Courses' is clicked on

2022-01-17 00:14:45 - [MESSAGE][PASSED] - Object: 'Object Repository/Page_Mood Administration Search/a_Courses' is clicked on

2022-01-17 00:14:45 - [TEST_STEP][PASSED] - click(findTestObject("Object Repository/Page_Mood Administration Search/a_Add a new course")): Object: 'Object Repository/Page_Mood Administration Search/a_Add a new course' is clicked on

2022-01-17 00:14:47 - [MESSAGE][PASSED] - Object: 'Object Repository/Page_Mood Administration Search/a_Add a new course' is clicked on

2022-01-17 00:14:47 - [TEST_STEP][PASSED] - verifyElementText(findTestObject("Object Repository/Page_Mood Add a new course/h2_Add a new course"), "Add a new course"): Actual text and expected text of test object 'Object Repository/Page_Mood Add a new course/h2_Add a new course' are matched.

2022-01-17 00:15:18 - [MESSAGE][INFO] - Unable to find the element located by 'By.xpath: //div[@id='yui_3_17_2_1_1642243253552_65']/h2'. Please recheck the objects properties to make sure the desired element is located. 

2022-01-17 00:15:18 - [MESSAGE][WARNING] - [SELF-HEALING] Failed to find element with id 'Object Repository/Page_Mood Add a new course/h2_Add a new course'. Try using Self-healing.

2022-01-17 00:15:18 - [MESSAGE][WARNING] - [SELF-HEALING] The current locator of test object 'Object Repository/Page_Mood Add a new course/h2_Add a new course' was broken. Propose an alternative one: '(.//*[normalize-space(text()) and normalize-space(.)='Add a new course'])[1]/following::h2[1]'.

2022-01-17 00:15:18 - [MESSAGE][PASSED] - Actual text and expected text of test object 'Object Repository/Page_Mood Add a new course/h2_Add a new course' are matched.

2022-01-17 00:15:18 - [TEST_STEP][PASSED] - click(findTestObject("Object Repository/Page_Mood Add a new course/input_Course short name_shortname")): Object: 'Object Repository/Page_Mood Add a new course/input_Course short name_shortname' is clicked on

2022-01-17 00:15:19 - [MESSAGE][PASSED] - Object: 'Object Repository/Page_Mood Add a new course/input_Course short name_shortname' is clicked on

2022-01-17 00:15:19 - [TEST_STEP][PASSED] - setText(findTestObject("Object Repository/Page_Mood Add a new course/input_Course short name_shortname"), "Stats"): Text 'Stats' is set on object 'Object Repository/Page_Mood Add a new course/input_Course short name_shortname'

2022-01-17 00:15:20 - [MESSAGE][PASSED] - Text 'Stats' is set on object 'Object Repository/Page_Mood Add a new course/input_Course short name_shortname'

2022-01-17 00:15:20 - [TEST_STEP][PASSED] - waitForElementVisible(findTestObject("Object Repository/Page_Mood Add a new course/p_Course start date"), 0): Object 'Object Repository/Page_Mood Add a new course/p_Course start date' is visible

2022-01-17 00:15:20 - [MESSAGE][WARNING] - Timeout '0' is invalid. Using default page load timeout: '30'

2022-01-17 00:15:20 - [MESSAGE][PASSED] - Object 'Object Repository/Page_Mood Add a new course/p_Course start date' is visible

2022-01-17 00:15:20 - [TEST_STEP][PASSED] - selectOptionByValue(findTestObject("Object Repository/Page_Mood Add a new course/select_1        2        3        4        _45ea30"), "13", true): All options with value '13' are selected in object 'Object Repository/Page_Mood Add a new course/select_1        2        3        4        _45ea30'  using regular expression

2022-01-17 00:15:21 - [MESSAGE][PASSED] - All options with value '13' are selected in object 'Object Repository/Page_Mood Add a new course/select_1        2        3        4        _45ea30'  using regular expression

2022-01-17 00:15:21 - [TEST_STEP][PASSED] - selectOptionByValue(findTestObject("Object Repository/Page_Mood Add a new course/select_1        2        3        4        _45ea30_1"), "13", true): All options with value '13' are selected in object 'Object Repository/Page_Mood Add a new course/select_1        2        3        4        _45ea30_1'  using regular expression

2022-01-17 00:15:22 - [MESSAGE][PASSED] - All options with value '13' are selected in object 'Object Repository/Page_Mood Add a new course/select_1        2        3        4        _45ea30_1'  using regular expression

2022-01-17 00:15:22 - [TEST_STEP][PASSED] - waitForElementVisible(findTestObject("Object Repository/Page_Mood Add a new course/input__saveanddisplay"), 0): Object 'Object Repository/Page_Mood Add a new course/input__saveanddisplay' is visible

2022-01-17 00:15:22 - [MESSAGE][WARNING] - Timeout '0' is invalid. Using default page load timeout: '30'

2022-01-17 00:15:23 - [MESSAGE][PASSED] - Object 'Object Repository/Page_Mood Add a new course/input__saveanddisplay' is visible

2022-01-17 00:15:23 - [TEST_STEP][PASSED] - click(findTestObject("Object Repository/Page_Mood Add a new course/input__saveanddisplay")): Object: 'Object Repository/Page_Mood Add a new course/input__saveanddisplay' is clicked on

2022-01-17 00:15:23 - [MESSAGE][PASSED] - Object: 'Object Repository/Page_Mood Add a new course/input__saveanddisplay' is clicked on

2022-01-17 00:15:23 - [TEST_STEP][PASSED] - verifyElementText(findTestObject("Object Repository/Page_Mood Add a new course/div_- Missing full name"), "- Missing full name"): Actual text and expected text of test object 'Object Repository/Page_Mood Add a new course/div_- Missing full name' are matched.

2022-01-17 00:15:24 - [MESSAGE][PASSED] - Actual text and expected text of test object 'Object Repository/Page_Mood Add a new course/div_- Missing full name' are matched.

2022-01-17 00:15:24 - [TEST_STEP][PASSED] - closeBrowser(): Browser is closed

2022-01-17 00:15:24 - [MESSAGE][PASSED] - Browser is closed]]></system-out>
         <system-err><![CDATA[]]></system-err>
      </testcase>
      <testcase name="Test Cases/test case 15" time="21.143" classname="Test Cases/test case 15" status="PASSED">
         <system-out><![CDATA[2022-01-17 00:15:24 - [TEST_CASE][PASSED] - Test Cases/test case 15: Test Cases/test case 15

2022-01-17 00:15:24 - [TEST_STEP][PASSED] - openBrowser(""): Browser is opened with url: ''

2022-01-17 00:15:24 - [MESSAGE][INFO] - Starting 'Chrome' driver

2022-01-17 00:15:24 - [MESSAGE][INFO] - Action delay is set to 0 milliseconds

2022-01-17 00:15:26 - [MESSAGE][PASSED] - Browser is opened with url: ''

2022-01-17 00:15:26 - [TEST_STEP][PASSED] - navigateToUrl("http://localhost/"): Navigate to 'http://localhost/' successfully

2022-01-17 00:15:27 - [MESSAGE][PASSED] - Navigate to 'http://localhost/' successfully

2022-01-17 00:15:27 - [TEST_STEP][PASSED] - click(findTestObject("Object Repository/Page_Moodle/a_Log in")): Object: 'Object Repository/Page_Moodle/a_Log in' is clicked on

2022-01-17 00:15:28 - [MESSAGE][PASSED] - Object: 'Object Repository/Page_Moodle/a_Log in' is clicked on

2022-01-17 00:15:28 - [TEST_STEP][PASSED] - setText(findTestObject("Object Repository/Page_Moodle Log in to the site/input_Username_username"), "admin"): Text 'admin' is set on object 'Object Repository/Page_Moodle Log in to the site/input_Username_username'

2022-01-17 00:15:28 - [MESSAGE][PASSED] - Text 'admin' is set on object 'Object Repository/Page_Moodle Log in to the site/input_Username_username'

2022-01-17 00:15:28 - [TEST_STEP][PASSED] - setEncryptedText(findTestObject("Object Repository/Page_Moodle Log in to the site/input_Password_password"), "r6H/uPCyCbQX7sAf5E1f3g=="): Text ****** has been set on object 'Object Repository/Page_Moodle Log in to the site/input_Password_password'

2022-01-17 00:15:29 - [MESSAGE][PASSED] - Text ****** has been set on object 'Object Repository/Page_Moodle Log in to the site/input_Password_password'

2022-01-17 00:15:29 - [TEST_STEP][PASSED] - click(findTestObject("Object Repository/Page_Moodle Log in to the site/button_Log in")): Object: 'Object Repository/Page_Moodle Log in to the site/button_Log in' is clicked on

2022-01-17 00:15:30 - [MESSAGE][PASSED] - Object: 'Object Repository/Page_Moodle Log in to the site/button_Log in' is clicked on

2022-01-17 00:15:30 - [TEST_STEP][PASSED] - verifyElementText(findTestObject("Object Repository/Page_Dashboard/span_Site administration"), "Site administration"): Actual text and expected text of test object 'Object Repository/Page_Dashboard/span_Site administration' are matched.

2022-01-17 00:15:31 - [MESSAGE][PASSED] - Actual text and expected text of test object 'Object Repository/Page_Dashboard/span_Site administration' are matched.

2022-01-17 00:15:31 - [TEST_STEP][PASSED] - click(findTestObject("Object Repository/Page_Dashboard/span_Site administration")): Object: 'Object Repository/Page_Dashboard/span_Site administration' is clicked on

2022-01-17 00:15:32 - [MESSAGE][PASSED] - Object: 'Object Repository/Page_Dashboard/span_Site administration' is clicked on

2022-01-17 00:15:32 - [TEST_STEP][PASSED] - click(findTestObject("Object Repository/Page_Mood Administration Search/a_Courses")): Object: 'Object Repository/Page_Mood Administration Search/a_Courses' is clicked on

2022-01-17 00:15:33 - [MESSAGE][PASSED] - Object: 'Object Repository/Page_Mood Administration Search/a_Courses' is clicked on

2022-01-17 00:15:33 - [TEST_STEP][PASSED] - click(findTestObject("Object Repository/Page_Mood Administration Search/a_Add a new course")): Object: 'Object Repository/Page_Mood Administration Search/a_Add a new course' is clicked on

2022-01-17 00:15:34 - [MESSAGE][PASSED] - Object: 'Object Repository/Page_Mood Administration Search/a_Add a new course' is clicked on

2022-01-17 00:15:34 - [TEST_STEP][PASSED] - waitForElementVisible(findTestObject("Object Repository/Page_Mood Add a new course/input_Course full name_fullname"), 0): Object 'Object Repository/Page_Mood Add a new course/input_Course full name_fullname' is visible

2022-01-17 00:15:34 - [MESSAGE][WARNING] - Timeout '0' is invalid. Using default page load timeout: '30'

2022-01-17 00:15:35 - [MESSAGE][PASSED] - Object 'Object Repository/Page_Mood Add a new course/input_Course full name_fullname' is visible

2022-01-17 00:15:35 - [TEST_STEP][PASSED] - setText(findTestObject("Object Repository/Page_Mood Add a new course/input_Course full name_fullname"), "Statistics"): Text 'Statistics' is set on object 'Object Repository/Page_Mood Add a new course/input_Course full name_fullname'

2022-01-17 00:15:36 - [MESSAGE][PASSED] - Text 'Statistics' is set on object 'Object Repository/Page_Mood Add a new course/input_Course full name_fullname'

2022-01-17 00:15:36 - [TEST_STEP][PASSED] - setText(findTestObject("Object Repository/Page_Mood Add a new course/input_Course short name_shortname"), "Stats"): Text 'Stats' is set on object 'Object Repository/Page_Mood Add a new course/input_Course short name_shortname'

2022-01-17 00:15:37 - [MESSAGE][PASSED] - Text 'Stats' is set on object 'Object Repository/Page_Mood Add a new course/input_Course short name_shortname'

2022-01-17 00:15:37 - [TEST_STEP][PASSED] - waitForElementVisible(findTestObject("Object Repository/Page_Mood Add a new course/p_Course start date"), 0): Object 'Object Repository/Page_Mood Add a new course/p_Course start date' is visible

2022-01-17 00:15:37 - [MESSAGE][WARNING] - Timeout '0' is invalid. Using default page load timeout: '30'

2022-01-17 00:15:37 - [MESSAGE][PASSED] - Object 'Object Repository/Page_Mood Add a new course/p_Course start date' is visible

2022-01-17 00:15:37 - [TEST_STEP][PASSED] - selectOptionByValue(findTestObject("Object Repository/Page_Mood Add a new course/select_1        2        3        4        _45ea30"), "13", true): All options with value '13' are selected in object 'Object Repository/Page_Mood Add a new course/select_1        2        3        4        _45ea30'  using regular expression

2022-01-17 00:15:38 - [MESSAGE][PASSED] - All options with value '13' are selected in object 'Object Repository/Page_Mood Add a new course/select_1        2        3        4        _45ea30'  using regular expression

2022-01-17 00:15:38 - [TEST_STEP][PASSED] - selectOptionByValue(findTestObject("Object Repository/Page_Mood Add a new course/select_1        2        3        4        _45ea30_1"), "13", true): All options with value '13' are selected in object 'Object Repository/Page_Mood Add a new course/select_1        2        3        4        _45ea30_1'  using regular expression

2022-01-17 00:15:39 - [MESSAGE][PASSED] - All options with value '13' are selected in object 'Object Repository/Page_Mood Add a new course/select_1        2        3        4        _45ea30_1'  using regular expression

2022-01-17 00:15:39 - [TEST_STEP][PASSED] - selectOptionByValue(findTestObject("Object Repository/Page_Mood Add a new course/select_1900        1901        1902        _6405c9"), "2021", true): All options with value '2021' are selected in object 'Object Repository/Page_Mood Add a new course/select_1900        1901        1902        _6405c9'  using regular expression

2022-01-17 00:15:42 - [MESSAGE][PASSED] - All options with value '2021' are selected in object 'Object Repository/Page_Mood Add a new course/select_1900        1901        1902        _6405c9'  using regular expression

2022-01-17 00:15:42 - [TEST_STEP][PASSED] - waitForElementVisible(findTestObject("Object Repository/Page_Mood Add a new course/input__saveanddisplay"), 0): Object 'Object Repository/Page_Mood Add a new course/input__saveanddisplay' is visible

2022-01-17 00:15:42 - [MESSAGE][WARNING] - Timeout '0' is invalid. Using default page load timeout: '30'

2022-01-17 00:15:42 - [MESSAGE][PASSED] - Object 'Object Repository/Page_Mood Add a new course/input__saveanddisplay' is visible

2022-01-17 00:15:42 - [TEST_STEP][PASSED] - click(findTestObject("Object Repository/Page_Mood Add a new course/input__saveanddisplay")): Object: 'Object Repository/Page_Mood Add a new course/input__saveanddisplay' is clicked on

2022-01-17 00:15:44 - [MESSAGE][PASSED] - Object: 'Object Repository/Page_Mood Add a new course/input__saveanddisplay' is clicked on

2022-01-17 00:15:44 - [TEST_STEP][PASSED] - verifyElementText(findTestObject("Object Repository/Page_Mood Add a new course/div_The course end date must be after the s_271b34"), "The course end date must be after the start date."): Actual text and expected text of test object 'Object Repository/Page_Mood Add a new course/div_The course end date must be after the s_271b34' are matched.

2022-01-17 00:15:45 - [MESSAGE][PASSED] - Actual text and expected text of test object 'Object Repository/Page_Mood Add a new course/div_The course end date must be after the s_271b34' are matched.

2022-01-17 00:15:45 - [TEST_STEP][PASSED] - closeBrowser(): Browser is closed

2022-01-17 00:15:45 - [MESSAGE][PASSED] - Browser is closed]]></system-out>
         <system-err><![CDATA[]]></system-err>
      </testcase>
      <testcase name="Test Cases/test case 16" time="17.373" classname="Test Cases/test case 16" status="PASSED">
         <system-out><![CDATA[2022-01-17 00:15:45 - [TEST_CASE][PASSED] - Test Cases/test case 16: Test Cases/test case 16

2022-01-17 00:15:46 - [TEST_STEP][PASSED] - openBrowser(""): Browser is opened with url: ''

2022-01-17 00:15:46 - [MESSAGE][INFO] - Starting 'Chrome' driver

2022-01-17 00:15:46 - [MESSAGE][INFO] - Action delay is set to 0 milliseconds

2022-01-17 00:15:47 - [MESSAGE][PASSED] - Browser is opened with url: ''

2022-01-17 00:15:47 - [TEST_STEP][PASSED] - navigateToUrl("http://localhost/"): Navigate to 'http://localhost/' successfully

2022-01-17 00:15:48 - [MESSAGE][PASSED] - Navigate to 'http://localhost/' successfully

2022-01-17 00:15:48 - [TEST_STEP][PASSED] - click(findTestObject("Object Repository/Page_Moodle/a_Log in")): Object: 'Object Repository/Page_Moodle/a_Log in' is clicked on

2022-01-17 00:15:49 - [MESSAGE][PASSED] - Object: 'Object Repository/Page_Moodle/a_Log in' is clicked on

2022-01-17 00:15:49 - [TEST_STEP][PASSED] - setText(findTestObject("Object Repository/Page_Moodle Log in to the site/input_Username_username"), "admin"): Text 'admin' is set on object 'Object Repository/Page_Moodle Log in to the site/input_Username_username'

2022-01-17 00:15:50 - [MESSAGE][PASSED] - Text 'admin' is set on object 'Object Repository/Page_Moodle Log in to the site/input_Username_username'

2022-01-17 00:15:50 - [TEST_STEP][PASSED] - setEncryptedText(findTestObject("Object Repository/Page_Moodle Log in to the site/input_Password_password"), "r6H/uPCyCbQX7sAf5E1f3g=="): Text ****** has been set on object 'Object Repository/Page_Moodle Log in to the site/input_Password_password'

2022-01-17 00:15:50 - [MESSAGE][PASSED] - Text ****** has been set on object 'Object Repository/Page_Moodle Log in to the site/input_Password_password'

2022-01-17 00:15:50 - [TEST_STEP][PASSED] - click(findTestObject("Object Repository/Page_Moodle Log in to the site/button_Log in")): Object: 'Object Repository/Page_Moodle Log in to the site/button_Log in' is clicked on

2022-01-17 00:15:51 - [MESSAGE][PASSED] - Object: 'Object Repository/Page_Moodle Log in to the site/button_Log in' is clicked on

2022-01-17 00:15:51 - [TEST_STEP][PASSED] - verifyElementText(findTestObject("Object Repository/Page_Dashboard/span_Site administration"), "Site administration"): Actual text and expected text of test object 'Object Repository/Page_Dashboard/span_Site administration' are matched.

2022-01-17 00:15:52 - [MESSAGE][PASSED] - Actual text and expected text of test object 'Object Repository/Page_Dashboard/span_Site administration' are matched.

2022-01-17 00:15:52 - [TEST_STEP][PASSED] - click(findTestObject("Object Repository/Page_Dashboard/span_Site administration")): Object: 'Object Repository/Page_Dashboard/span_Site administration' is clicked on

2022-01-17 00:15:53 - [MESSAGE][PASSED] - Object: 'Object Repository/Page_Dashboard/span_Site administration' is clicked on

2022-01-17 00:15:53 - [TEST_STEP][PASSED] - click(findTestObject("Object Repository/Page_Mood Administration Search/a_Courses")): Object: 'Object Repository/Page_Mood Administration Search/a_Courses' is clicked on

2022-01-17 00:15:54 - [MESSAGE][PASSED] - Object: 'Object Repository/Page_Mood Administration Search/a_Courses' is clicked on

2022-01-17 00:15:54 - [TEST_STEP][PASSED] - click(findTestObject("Object Repository/Page_Mood Administration Search/a_Add a new course")): Object: 'Object Repository/Page_Mood Administration Search/a_Add a new course' is clicked on

2022-01-17 00:15:55 - [MESSAGE][PASSED] - Object: 'Object Repository/Page_Mood Administration Search/a_Add a new course' is clicked on

2022-01-17 00:15:55 - [TEST_STEP][PASSED] - waitForElementVisible(findTestObject("Object Repository/Page_Mood Add a new course/label_Course full name"), 0): Object 'Object Repository/Page_Mood Add a new course/label_Course full name' is visible

2022-01-17 00:15:55 - [MESSAGE][WARNING] - Timeout '0' is invalid. Using default page load timeout: '30'

2022-01-17 00:15:56 - [MESSAGE][PASSED] - Object 'Object Repository/Page_Mood Add a new course/label_Course full name' is visible

2022-01-17 00:15:56 - [TEST_STEP][PASSED] - setText(findTestObject("Object Repository/Page_Mood Add a new course/input_Course full name_fullname"), "Statistics"): Text 'Statistics' is set on object 'Object Repository/Page_Mood Add a new course/input_Course full name_fullname'

2022-01-17 00:15:57 - [MESSAGE][PASSED] - Text 'Statistics' is set on object 'Object Repository/Page_Mood Add a new course/input_Course full name_fullname'

2022-01-17 00:15:57 - [TEST_STEP][PASSED] - setText(findTestObject("Object Repository/Page_Mood Add a new course/input_Course short name_shortname"), "Stats"): Text 'Stats' is set on object 'Object Repository/Page_Mood Add a new course/input_Course short name_shortname'

2022-01-17 00:15:58 - [MESSAGE][PASSED] - Text 'Stats' is set on object 'Object Repository/Page_Mood Add a new course/input_Course short name_shortname'

2022-01-17 00:15:58 - [TEST_STEP][PASSED] - waitForElementVisible(findTestObject("Object Repository/Page_Mood Add a new course/p_Course start date"), 0): Object 'Object Repository/Page_Mood Add a new course/p_Course start date' is visible

2022-01-17 00:15:58 - [MESSAGE][WARNING] - Timeout '0' is invalid. Using default page load timeout: '30'

2022-01-17 00:15:58 - [MESSAGE][PASSED] - Object 'Object Repository/Page_Mood Add a new course/p_Course start date' is visible

2022-01-17 00:15:58 - [TEST_STEP][PASSED] - selectOptionByValue(findTestObject("Object Repository/Page_Mood Add a new course/select_1        2        3        4        _45ea30"), "13", true): All options with value '13' are selected in object 'Object Repository/Page_Mood Add a new course/select_1        2        3        4        _45ea30'  using regular expression

2022-01-17 00:15:59 - [MESSAGE][PASSED] - All options with value '13' are selected in object 'Object Repository/Page_Mood Add a new course/select_1        2        3        4        _45ea30'  using regular expression

2022-01-17 00:15:59 - [TEST_STEP][PASSED] - selectOptionByValue(findTestObject("Object Repository/Page_Mood Add a new course/select_1        2        3        4        _45ea30_1"), "13", true): All options with value '13' are selected in object 'Object Repository/Page_Mood Add a new course/select_1        2        3        4        _45ea30_1'  using regular expression

2022-01-17 00:16:01 - [MESSAGE][PASSED] - All options with value '13' are selected in object 'Object Repository/Page_Mood Add a new course/select_1        2        3        4        _45ea30_1'  using regular expression

2022-01-17 00:16:01 - [TEST_STEP][PASSED] - waitForElementVisible(findTestObject("Object Repository/Page_Mood Add a new course/input__cancel"), 0): Object 'Object Repository/Page_Mood Add a new course/input__cancel' is visible

2022-01-17 00:16:01 - [MESSAGE][WARNING] - Timeout '0' is invalid. Using default page load timeout: '30'

2022-01-17 00:16:01 - [MESSAGE][PASSED] - Object 'Object Repository/Page_Mood Add a new course/input__cancel' is visible

2022-01-17 00:16:01 - [TEST_STEP][PASSED] - click(findTestObject("Object Repository/Page_Mood Add a new course/input__cancel")): Object: 'Object Repository/Page_Mood Add a new course/input__cancel' is clicked on

2022-01-17 00:16:02 - [MESSAGE][PASSED] - Object: 'Object Repository/Page_Mood Add a new course/input__cancel' is clicked on

2022-01-17 00:16:02 - [TEST_STEP][PASSED] - verifyElementVisible(findTestObject("Object Repository/Page_Mood All courses/section_Search courses                     _a46e39")): Object 'Object Repository/Page_Mood All courses/section_Search courses                     _a46e39' is visible

2022-01-17 00:16:02 - [MESSAGE][PASSED] - Object 'Object Repository/Page_Mood All courses/section_Search courses                     _a46e39' is visible

2022-01-17 00:16:02 - [TEST_STEP][PASSED] - closeBrowser(): Browser is closed

2022-01-17 00:16:03 - [MESSAGE][PASSED] - Browser is closed]]></system-out>
         <system-err><![CDATA[]]></system-err>
      </testcase>
      <testcase name="Test Cases/test case 17" time="102.729" classname="Test Cases/test case 17" status="PASSED">
         <system-out><![CDATA[2022-01-17 00:16:03 - [TEST_CASE][PASSED] - Test Cases/test case 17: Test Cases/test case 17

2022-01-17 00:16:03 - [TEST_STEP][PASSED] - openBrowser(""): Browser is opened with url: ''

2022-01-17 00:16:03 - [MESSAGE][INFO] - Starting 'Chrome' driver

2022-01-17 00:16:03 - [MESSAGE][INFO] - Action delay is set to 0 milliseconds

2022-01-17 00:16:04 - [MESSAGE][PASSED] - Browser is opened with url: ''

2022-01-17 00:16:04 - [TEST_STEP][PASSED] - navigateToUrl("http://localhost/"): Navigate to 'http://localhost/' successfully

2022-01-17 00:16:05 - [MESSAGE][PASSED] - Navigate to 'http://localhost/' successfully

2022-01-17 00:16:05 - [TEST_STEP][PASSED] - click(findTestObject("Object Repository/Page_Moodle/a_Log in")): Object: 'Object Repository/Page_Moodle/a_Log in' is clicked on

2022-01-17 00:16:06 - [MESSAGE][PASSED] - Object: 'Object Repository/Page_Moodle/a_Log in' is clicked on

2022-01-17 00:16:06 - [TEST_STEP][PASSED] - setText(findTestObject("Object Repository/Page_Moodle Log in to the site/input_Username_username"), "admin"): Text 'admin' is set on object 'Object Repository/Page_Moodle Log in to the site/input_Username_username'

2022-01-17 00:16:07 - [MESSAGE][PASSED] - Text 'admin' is set on object 'Object Repository/Page_Moodle Log in to the site/input_Username_username'

2022-01-17 00:16:07 - [TEST_STEP][PASSED] - setEncryptedText(findTestObject("Object Repository/Page_Moodle Log in to the site/input_Password_password"), "r6H/uPCyCbQX7sAf5E1f3g=="): Text ****** has been set on object 'Object Repository/Page_Moodle Log in to the site/input_Password_password'

2022-01-17 00:16:07 - [MESSAGE][PASSED] - Text ****** has been set on object 'Object Repository/Page_Moodle Log in to the site/input_Password_password'

2022-01-17 00:16:07 - [TEST_STEP][PASSED] - click(findTestObject("Object Repository/Page_Moodle Log in to the site/button_Log in")): Object: 'Object Repository/Page_Moodle Log in to the site/button_Log in' is clicked on

2022-01-17 00:16:08 - [MESSAGE][PASSED] - Object: 'Object Repository/Page_Moodle Log in to the site/button_Log in' is clicked on

2022-01-17 00:16:08 - [TEST_STEP][PASSED] - verifyElementVisible(findTestObject("Page_Dashboard/div_Courses                    Introduction to Computer ScienceMathemetics            All courses")): Object 'Object Repository/Page_Dashboard/div_Courses                    Introduction to Computer ScienceMathemetics            All courses' is visible

2022-01-17 00:16:39 - [MESSAGE][INFO] - Unable to find the element located by 'By.xpath: //section[@id='inst154']/div'. Please recheck the objects properties to make sure the desired element is located. 

2022-01-17 00:16:39 - [MESSAGE][WARNING] - [SELF-HEALING] Failed to find element with id 'Object Repository/Page_Dashboard/div_Courses                    Introduction to Computer ScienceMathemetics            All courses'. Try using Self-healing.

2022-01-17 00:16:40 - [MESSAGE][WARNING] - [SELF-HEALING] The current locator of test object 'Object Repository/Page_Dashboard/div_Courses                    Introduction to Computer ScienceMathemetics            All courses' was broken. Propose an alternative one: '(.//*[normalize-space(text()) and normalize-space(.)='Card'])[1]/following::div[10]'.

2022-01-17 00:16:40 - [MESSAGE][PASSED] - Object 'Object Repository/Page_Dashboard/div_Courses                    Introduction to Computer ScienceMathemetics            All courses' is visible

2022-01-17 00:16:40 - [TEST_STEP][PASSED] - verifyElementText(findTestObject("Object Repository/Page_Dashboard/a_Introduction to Computer Science"), "Introduction to Computer Science"): Actual text and expected text of test object 'Object Repository/Page_Dashboard/a_Introduction to Computer Science' are matched.

2022-01-17 00:17:11 - [MESSAGE][INFO] - Unable to find the element located by 'By.xpath: //section[@id='inst32']/div/div/ul/li/div/a'. Please recheck the objects properties to make sure the desired element is located. 

2022-01-17 00:17:11 - [MESSAGE][WARNING] - [SELF-HEALING] Failed to find element with id 'Object Repository/Page_Dashboard/a_Introduction to Computer Science'. Try using Self-healing.

2022-01-17 00:17:11 - [MESSAGE][WARNING] - [SELF-HEALING] The current locator of test object 'Object Repository/Page_Dashboard/a_Introduction to Computer Science' was broken. Propose an alternative one: '//div/ul/li/div/a'.

2022-01-17 00:17:11 - [MESSAGE][PASSED] - Actual text and expected text of test object 'Object Repository/Page_Dashboard/a_Introduction to Computer Science' are matched.

2022-01-17 00:17:11 - [TEST_STEP][PASSED] - click(findTestObject("Object Repository/Page_Dashboard/a_Introduction to Computer Science")): Object: 'Object Repository/Page_Dashboard/a_Introduction to Computer Science' is clicked on

2022-01-17 00:17:42 - [MESSAGE][INFO] - Unable to find the element located by 'By.xpath: //section[@id='inst32']/div/div/ul/li/div/a'. Please recheck the objects properties to make sure the desired element is located. 

2022-01-17 00:17:42 - [MESSAGE][WARNING] - [SELF-HEALING] Failed to find element with id 'Object Repository/Page_Dashboard/a_Introduction to Computer Science'. Try using Self-healing.

2022-01-17 00:17:43 - [MESSAGE][WARNING] - [SELF-HEALING] The current locator of test object 'Object Repository/Page_Dashboard/a_Introduction to Computer Science' was broken. Propose an alternative one: '//div/ul/li/div/a'.

2022-01-17 00:17:43 - [MESSAGE][PASSED] - Object: 'Object Repository/Page_Dashboard/a_Introduction to Computer Science' is clicked on

2022-01-17 00:17:43 - [TEST_STEP][PASSED] - verifyElementText(findTestObject("Object Repository/Page_Course Introduction to Computer Science/span_Grades"), "Grades"): Actual text and expected text of test object 'Object Repository/Page_Course Introduction to Computer Science/span_Grades' are matched.

2022-01-17 00:17:44 - [MESSAGE][PASSED] - Actual text and expected text of test object 'Object Repository/Page_Course Introduction to Computer Science/span_Grades' are matched.

2022-01-17 00:17:44 - [TEST_STEP][PASSED] - click(findTestObject("Object Repository/Page_Course Introduction to Computer Science/span_Grades")): Object: 'Object Repository/Page_Course Introduction to Computer Science/span_Grades' is clicked on

2022-01-17 00:17:44 - [MESSAGE][PASSED] - Object: 'Object Repository/Page_Course Introduction to Computer Science/span_Grades' is clicked on

2022-01-17 00:17:44 - [TEST_STEP][PASSED] - verifyElementText(findTestObject("Object Repository/Page_Grades View/h3_All participants 22"), "All participants: 2/2"): Actual text and expected text of test object 'Object Repository/Page_Grades View/h3_All participants 22' are matched.

2022-01-17 00:17:45 - [MESSAGE][PASSED] - Actual text and expected text of test object 'Object Repository/Page_Grades View/h3_All participants 22' are matched.

2022-01-17 00:17:45 - [TEST_STEP][PASSED] - closeBrowser(): Browser is closed

2022-01-17 00:17:46 - [MESSAGE][PASSED] - Browser is closed]]></system-out>
         <system-err><![CDATA[]]></system-err>
      </testcase>
      <testcase name="Test Cases/test case 18" time="138.344" classname="Test Cases/test case 18" status="PASSED">
         <system-out><![CDATA[2022-01-17 00:17:46 - [TEST_CASE][PASSED] - Test Cases/test case 18: Test Cases/test case 18

2022-01-17 00:17:46 - [TEST_STEP][PASSED] - openBrowser(""): Browser is opened with url: ''

2022-01-17 00:17:46 - [MESSAGE][INFO] - Starting 'Chrome' driver

2022-01-17 00:17:46 - [MESSAGE][INFO] - Action delay is set to 0 milliseconds

2022-01-17 00:17:47 - [MESSAGE][PASSED] - Browser is opened with url: ''

2022-01-17 00:17:47 - [TEST_STEP][PASSED] - navigateToUrl("http://localhost/"): Navigate to 'http://localhost/' successfully

2022-01-17 00:17:48 - [MESSAGE][PASSED] - Navigate to 'http://localhost/' successfully

2022-01-17 00:17:48 - [TEST_STEP][PASSED] - click(findTestObject("Object Repository/Page_Moodle/a_Log in")): Object: 'Object Repository/Page_Moodle/a_Log in' is clicked on

2022-01-17 00:17:49 - [MESSAGE][PASSED] - Object: 'Object Repository/Page_Moodle/a_Log in' is clicked on

2022-01-17 00:17:49 - [TEST_STEP][PASSED] - setText(findTestObject("Object Repository/Page_Moodle Log in to the site/input_Username_username"), "admin"): Text 'admin' is set on object 'Object Repository/Page_Moodle Log in to the site/input_Username_username'

2022-01-17 00:17:50 - [MESSAGE][PASSED] - Text 'admin' is set on object 'Object Repository/Page_Moodle Log in to the site/input_Username_username'

2022-01-17 00:17:50 - [TEST_STEP][PASSED] - setEncryptedText(findTestObject("Object Repository/Page_Moodle Log in to the site/input_Password_password"), "r6H/uPCyCbQX7sAf5E1f3g=="): Text ****** has been set on object 'Object Repository/Page_Moodle Log in to the site/input_Password_password'

2022-01-17 00:17:50 - [MESSAGE][PASSED] - Text ****** has been set on object 'Object Repository/Page_Moodle Log in to the site/input_Password_password'

2022-01-17 00:17:50 - [TEST_STEP][PASSED] - click(findTestObject("Object Repository/Page_Moodle Log in to the site/button_Log in")): Object: 'Object Repository/Page_Moodle Log in to the site/button_Log in' is clicked on

2022-01-17 00:17:51 - [MESSAGE][PASSED] - Object: 'Object Repository/Page_Moodle Log in to the site/button_Log in' is clicked on

2022-01-17 00:17:51 - [TEST_STEP][PASSED] - verifyElementText(findTestObject("Object Repository/Page_Dashboard/span_Site administration"), "Site administration"): Actual text and expected text of test object 'Object Repository/Page_Dashboard/span_Site administration' are matched.

2022-01-17 00:17:52 - [MESSAGE][PASSED] - Actual text and expected text of test object 'Object Repository/Page_Dashboard/span_Site administration' are matched.

2022-01-17 00:17:52 - [TEST_STEP][PASSED] - click(findTestObject("Object Repository/Page_Dashboard/span_Site administration")): Object: 'Object Repository/Page_Dashboard/span_Site administration' is clicked on

2022-01-17 00:17:54 - [MESSAGE][PASSED] - Object: 'Object Repository/Page_Dashboard/span_Site administration' is clicked on

2022-01-17 00:17:54 - [TEST_STEP][PASSED] - click(findTestObject("Object Repository/Page_Mood Administration Search/a_Courses")): Object: 'Object Repository/Page_Mood Administration Search/a_Courses' is clicked on

2022-01-17 00:17:54 - [MESSAGE][PASSED] - Object: 'Object Repository/Page_Mood Administration Search/a_Courses' is clicked on

2022-01-17 00:17:54 - [TEST_STEP][PASSED] - click(findTestObject("Object Repository/Page_Mood Administration Search/a_Manage courses and categories")): Object: 'Object Repository/Page_Mood Administration Search/a_Manage courses and categories' is clicked on

2022-01-17 00:17:55 - [MESSAGE][PASSED] - Object: 'Object Repository/Page_Mood Administration Search/a_Manage courses and categories' is clicked on

2022-01-17 00:17:55 - [TEST_STEP][PASSED] - verifyElementText(findTestObject("Object Repository/Page_Course and category management/a_Introduction to Computer Science"), "Introduction to Computer Science"): Actual text and expected text of test object 'Object Repository/Page_Course and category management/a_Introduction to Computer Science' are matched.

2022-01-17 00:18:26 - [MESSAGE][INFO] - Unable to find the element located by 'By.xpath: //a[@id='yui_3_17_2_1_1642250295888_263']'. Please recheck the objects properties to make sure the desired element is located. 

2022-01-17 00:18:26 - [MESSAGE][WARNING] - [SELF-HEALING] Failed to find element with id 'Object Repository/Page_Course and category management/a_Introduction to Computer Science'. Try using Self-healing.

2022-01-17 00:18:26 - [MESSAGE][WARNING] - [SELF-HEALING] The current locator of test object 'Object Repository/Page_Course and category management/a_Introduction to Computer Science' was broken. Propose an alternative one: '//a[contains(text(),'Introduction to Computer Science')]'.

2022-01-17 00:18:26 - [MESSAGE][PASSED] - Actual text and expected text of test object 'Object Repository/Page_Course and category management/a_Introduction to Computer Science' are matched.

2022-01-17 00:18:26 - [TEST_STEP][PASSED] - click(findTestObject("Object Repository/Page_Course and category management/a_Introduction to Computer Science")): Object: 'Object Repository/Page_Course and category management/a_Introduction to Computer Science' is clicked on

2022-01-17 00:18:58 - [MESSAGE][INFO] - Unable to find the element located by 'By.xpath: //a[@id='yui_3_17_2_1_1642250295888_263']'. Please recheck the objects properties to make sure the desired element is located. 

2022-01-17 00:18:58 - [MESSAGE][WARNING] - [SELF-HEALING] Failed to find element with id 'Object Repository/Page_Course and category management/a_Introduction to Computer Science'. Try using Self-healing.

2022-01-17 00:18:58 - [MESSAGE][WARNING] - [SELF-HEALING] The current locator of test object 'Object Repository/Page_Course and category management/a_Introduction to Computer Science' was broken. Propose an alternative one: '//a[contains(text(),'Introduction to Computer Science')]'.

2022-01-17 00:18:58 - [MESSAGE][PASSED] - Object: 'Object Repository/Page_Course and category management/a_Introduction to Computer Science' is clicked on

2022-01-17 00:18:58 - [TEST_STEP][PASSED] - waitForElementVisible(findTestObject("Object Repository/Page_Course and category management/a_View"), 0): Object 'Object Repository/Page_Course and category management/a_View' is visible

2022-01-17 00:18:58 - [MESSAGE][WARNING] - Timeout '0' is invalid. Using default page load timeout: '30'

2022-01-17 00:19:29 - [MESSAGE][INFO] - Unable to find the element located by 'By.xpath: //a[@id='action_link61e2c0502601360']'. Please recheck the objects properties to make sure the desired element is located. 

2022-01-17 00:19:29 - [MESSAGE][WARNING] - [SELF-HEALING] Failed to find element with id 'Object Repository/Page_Course and category management/a_View'. Try using Self-healing.

2022-01-17 00:19:30 - [MESSAGE][WARNING] - [SELF-HEALING] The current locator of test object 'Object Repository/Page_Course and category management/a_View' was broken. Propose an alternative one: '//div[@id='course-detail']/div/div[2]/div/a'.

2022-01-17 00:19:30 - [MESSAGE][PASSED] - Object 'Object Repository/Page_Course and category management/a_View' is visible

2022-01-17 00:19:30 - [TEST_STEP][PASSED] - click(findTestObject("Object Repository/Page_Course and category management/a_View")): Object: 'Object Repository/Page_Course and category management/a_View' is clicked on

2022-01-17 00:20:01 - [MESSAGE][INFO] - Unable to find the element located by 'By.xpath: //a[@id='action_link61e2c0502601360']'. Please recheck the objects properties to make sure the desired element is located. 

2022-01-17 00:20:01 - [MESSAGE][WARNING] - [SELF-HEALING] Failed to find element with id 'Object Repository/Page_Course and category management/a_View'. Try using Self-healing.

2022-01-17 00:20:01 - [MESSAGE][WARNING] - [SELF-HEALING] The current locator of test object 'Object Repository/Page_Course and category management/a_View' was broken. Propose an alternative one: '//div[@id='course-detail']/div/div[2]/div/a'.

2022-01-17 00:20:02 - [MESSAGE][PASSED] - Object: 'Object Repository/Page_Course and category management/a_View' is clicked on

2022-01-17 00:20:02 - [TEST_STEP][PASSED] - click(findTestObject("Object Repository/Page_Course Introduction to Computer Science/span_Grades")): Object: 'Object Repository/Page_Course Introduction to Computer Science/span_Grades' is clicked on

2022-01-17 00:20:03 - [MESSAGE][PASSED] - Object: 'Object Repository/Page_Course Introduction to Computer Science/span_Grades' is clicked on

2022-01-17 00:20:03 - [TEST_STEP][PASSED] - verifyElementText(findTestObject("Object Repository/Page_Grades View/h3_All participants 22"), "All participants: 2/2"): Actual text and expected text of test object 'Object Repository/Page_Grades View/h3_All participants 22' are matched.

2022-01-17 00:20:03 - [MESSAGE][PASSED] - Actual text and expected text of test object 'Object Repository/Page_Grades View/h3_All participants 22' are matched.

2022-01-17 00:20:03 - [TEST_STEP][PASSED] - closeBrowser(): Browser is closed

2022-01-17 00:20:04 - [MESSAGE][PASSED] - Browser is closed]]></system-out>
         <system-err><![CDATA[]]></system-err>
      </testcase>
      <testcase name="Test Cases/test case 19" time="10.924" classname="Test Cases/test case 19" status="PASSED">
         <system-out><![CDATA[2022-01-17 00:20:04 - [TEST_CASE][PASSED] - Test Cases/test case 19: Test Cases/test case 19

2022-01-17 00:20:04 - [TEST_STEP][PASSED] - openBrowser(""): Browser is opened with url: ''

2022-01-17 00:20:04 - [MESSAGE][INFO] - Starting 'Chrome' driver

2022-01-17 00:20:04 - [MESSAGE][INFO] - Action delay is set to 0 milliseconds

2022-01-17 00:20:05 - [MESSAGE][PASSED] - Browser is opened with url: ''

2022-01-17 00:20:05 - [TEST_STEP][PASSED] - navigateToUrl("http://localhost/"): Navigate to 'http://localhost/' successfully

2022-01-17 00:20:06 - [MESSAGE][PASSED] - Navigate to 'http://localhost/' successfully

2022-01-17 00:20:06 - [TEST_STEP][PASSED] - click(findTestObject("Object Repository/Page_Moodle/a_Log in")): Object: 'Object Repository/Page_Moodle/a_Log in' is clicked on

2022-01-17 00:20:07 - [MESSAGE][PASSED] - Object: 'Object Repository/Page_Moodle/a_Log in' is clicked on

2022-01-17 00:20:07 - [TEST_STEP][PASSED] - setText(findTestObject("Object Repository/Page_Moodle Log in to the site/input_Username_username"), "admin"): Text 'admin' is set on object 'Object Repository/Page_Moodle Log in to the site/input_Username_username'

2022-01-17 00:20:08 - [MESSAGE][PASSED] - Text 'admin' is set on object 'Object Repository/Page_Moodle Log in to the site/input_Username_username'

2022-01-17 00:20:08 - [TEST_STEP][PASSED] - setEncryptedText(findTestObject("Object Repository/Page_Moodle Log in to the site/input_Password_password"), "r6H/uPCyCbQX7sAf5E1f3g=="): Text ****** has been set on object 'Object Repository/Page_Moodle Log in to the site/input_Password_password'

2022-01-17 00:20:08 - [MESSAGE][PASSED] - Text ****** has been set on object 'Object Repository/Page_Moodle Log in to the site/input_Password_password'

2022-01-17 00:20:08 - [TEST_STEP][PASSED] - click(findTestObject("Object Repository/Page_Moodle Log in to the site/button_Log in")): Object: 'Object Repository/Page_Moodle Log in to the site/button_Log in' is clicked on

2022-01-17 00:20:09 - [MESSAGE][PASSED] - Object: 'Object Repository/Page_Moodle Log in to the site/button_Log in' is clicked on

2022-01-17 00:20:09 - [TEST_STEP][PASSED] - verifyElementText(findTestObject("Object Repository/Page_Dashboard/span_Site home"), "Site home"): Actual text and expected text of test object 'Object Repository/Page_Dashboard/span_Site home' are matched.

2022-01-17 00:20:11 - [MESSAGE][PASSED] - Actual text and expected text of test object 'Object Repository/Page_Dashboard/span_Site home' are matched.

2022-01-17 00:20:11 - [TEST_STEP][PASSED] - click(findTestObject("Object Repository/Page_Dashboard/a_Site home")): Object: 'Object Repository/Page_Dashboard/a_Site home' is clicked on

2022-01-17 00:20:12 - [MESSAGE][PASSED] - Object: 'Object Repository/Page_Dashboard/a_Site home' is clicked on

2022-01-17 00:20:12 - [TEST_STEP][PASSED] - verifyElementText(findTestObject("Object Repository/Page_Moodle/a_Introduction to Computer Science"), "Introduction to Computer Science"): Actual text and expected text of test object 'Object Repository/Page_Moodle/a_Introduction to Computer Science' are matched.

2022-01-17 00:20:12 - [MESSAGE][PASSED] - Actual text and expected text of test object 'Object Repository/Page_Moodle/a_Introduction to Computer Science' are matched.

2022-01-17 00:20:12 - [TEST_STEP][PASSED] - click(findTestObject("Object Repository/Page_Moodle/a_Introduction to Computer Science")): Object: 'Object Repository/Page_Moodle/a_Introduction to Computer Science' is clicked on

2022-01-17 00:20:13 - [MESSAGE][PASSED] - Object: 'Object Repository/Page_Moodle/a_Introduction to Computer Science' is clicked on

2022-01-17 00:20:13 - [TEST_STEP][PASSED] - click(findTestObject("Object Repository/Page_Course Introduction to Computer Science/span_Grades")): Object: 'Object Repository/Page_Course Introduction to Computer Science/span_Grades' is clicked on

2022-01-17 00:20:14 - [MESSAGE][PASSED] - Object: 'Object Repository/Page_Course Introduction to Computer Science/span_Grades' is clicked on

2022-01-17 00:20:14 - [TEST_STEP][PASSED] - verifyElementText(findTestObject("Object Repository/Page_Grades View/h3_All participants 22"), "All participants: 2/2"): Actual text and expected text of test object 'Object Repository/Page_Grades View/h3_All participants 22' are matched.

2022-01-17 00:20:14 - [MESSAGE][PASSED] - Actual text and expected text of test object 'Object Repository/Page_Grades View/h3_All participants 22' are matched.

2022-01-17 00:20:14 - [TEST_STEP][PASSED] - closeBrowser(): Browser is closed

2022-01-17 00:20:15 - [MESSAGE][PASSED] - Browser is closed]]></system-out>
         <system-err><![CDATA[]]></system-err>
      </testcase>
      <testcase name="Test Cases/test case 20" time="328.71" classname="Test Cases/test case 20" status="PASSED">
         <system-out><![CDATA[2022-01-17 00:20:15 - [TEST_CASE][PASSED] - Test Cases/test case 20: Test Cases/test case 20

2022-01-17 00:20:15 - [TEST_STEP][PASSED] - openBrowser(""): Browser is opened with url: ''

2022-01-17 00:20:15 - [MESSAGE][INFO] - Starting 'Chrome' driver

2022-01-17 00:20:15 - [MESSAGE][INFO] - Action delay is set to 0 milliseconds

2022-01-17 00:20:16 - [MESSAGE][PASSED] - Browser is opened with url: ''

2022-01-17 00:20:16 - [TEST_STEP][PASSED] - navigateToUrl("http://localhost/"): Navigate to 'http://localhost/' successfully

2022-01-17 00:20:17 - [MESSAGE][PASSED] - Navigate to 'http://localhost/' successfully

2022-01-17 00:20:17 - [TEST_STEP][PASSED] - click(findTestObject("Object Repository/Page_Moodle/a_Log in")): Object: 'Object Repository/Page_Moodle/a_Log in' is clicked on

2022-01-17 00:20:18 - [MESSAGE][PASSED] - Object: 'Object Repository/Page_Moodle/a_Log in' is clicked on

2022-01-17 00:20:18 - [TEST_STEP][PASSED] - setText(findTestObject("Object Repository/Page_Moodle Log in to the site/input_Username_username"), "admin"): Text 'admin' is set on object 'Object Repository/Page_Moodle Log in to the site/input_Username_username'

2022-01-17 00:20:19 - [MESSAGE][PASSED] - Text 'admin' is set on object 'Object Repository/Page_Moodle Log in to the site/input_Username_username'

2022-01-17 00:20:19 - [TEST_STEP][PASSED] - setEncryptedText(findTestObject("Object Repository/Page_Moodle Log in to the site/input_Password_password"), "r6H/uPCyCbQX7sAf5E1f3g=="): Text ****** has been set on object 'Object Repository/Page_Moodle Log in to the site/input_Password_password'

2022-01-17 00:20:19 - [MESSAGE][PASSED] - Text ****** has been set on object 'Object Repository/Page_Moodle Log in to the site/input_Password_password'

2022-01-17 00:20:19 - [TEST_STEP][PASSED] - click(findTestObject("Object Repository/Page_Moodle Log in to the site/button_Log in")): Object: 'Object Repository/Page_Moodle Log in to the site/button_Log in' is clicked on

2022-01-17 00:20:20 - [MESSAGE][PASSED] - Object: 'Object Repository/Page_Moodle Log in to the site/button_Log in' is clicked on

2022-01-17 00:20:20 - [TEST_STEP][PASSED] - verifyElementVisible(findTestObject("Page_Dashboard/div_Courses                    Introduction to Computer ScienceMathemetics            All courses")): Object 'Object Repository/Page_Dashboard/div_Courses                    Introduction to Computer ScienceMathemetics            All courses' is visible

2022-01-17 00:20:52 - [MESSAGE][INFO] - Unable to find the element located by 'By.xpath: //section[@id='inst154']/div'. Please recheck the objects properties to make sure the desired element is located. 

2022-01-17 00:20:52 - [MESSAGE][WARNING] - [SELF-HEALING] Failed to find element with id 'Object Repository/Page_Dashboard/div_Courses                    Introduction to Computer ScienceMathemetics            All courses'. Try using Self-healing.

2022-01-17 00:20:52 - [MESSAGE][WARNING] - [SELF-HEALING] The current locator of test object 'Object Repository/Page_Dashboard/div_Courses                    Introduction to Computer ScienceMathemetics            All courses' was broken. Propose an alternative one: '(.//*[normalize-space(text()) and normalize-space(.)='Card'])[1]/following::div[10]'.

2022-01-17 00:20:52 - [MESSAGE][PASSED] - Object 'Object Repository/Page_Dashboard/div_Courses                    Introduction to Computer ScienceMathemetics            All courses' is visible

2022-01-17 00:20:52 - [TEST_STEP][PASSED] - verifyElementText(findTestObject("Page_Dashboard/a_Introduction to Computer Science"), "Introduction to Computer Science"): Actual text and expected text of test object 'Object Repository/Page_Dashboard/a_Introduction to Computer Science' are matched.

2022-01-17 00:21:23 - [MESSAGE][INFO] - Unable to find the element located by 'By.xpath: //section[@id='inst32']/div/div/ul/li/div/a'. Please recheck the objects properties to make sure the desired element is located. 

2022-01-17 00:21:23 - [MESSAGE][WARNING] - [SELF-HEALING] Failed to find element with id 'Object Repository/Page_Dashboard/a_Introduction to Computer Science'. Try using Self-healing.

2022-01-17 00:21:23 - [MESSAGE][WARNING] - [SELF-HEALING] The current locator of test object 'Object Repository/Page_Dashboard/a_Introduction to Computer Science' was broken. Propose an alternative one: '//div/ul/li/div/a'.

2022-01-17 00:21:23 - [MESSAGE][PASSED] - Actual text and expected text of test object 'Object Repository/Page_Dashboard/a_Introduction to Computer Science' are matched.

2022-01-17 00:21:23 - [TEST_STEP][PASSED] - click(findTestObject("Page_Dashboard/a_Introduction to Computer Science")): Object: 'Object Repository/Page_Dashboard/a_Introduction to Computer Science' is clicked on

2022-01-17 00:21:55 - [MESSAGE][INFO] - Unable to find the element located by 'By.xpath: //section[@id='inst32']/div/div/ul/li/div/a'. Please recheck the objects properties to make sure the desired element is located. 

2022-01-17 00:21:55 - [MESSAGE][WARNING] - [SELF-HEALING] Failed to find element with id 'Object Repository/Page_Dashboard/a_Introduction to Computer Science'. Try using Self-healing.

2022-01-17 00:21:55 - [MESSAGE][WARNING] - [SELF-HEALING] The current locator of test object 'Object Repository/Page_Dashboard/a_Introduction to Computer Science' was broken. Propose an alternative one: '//div/ul/li/div/a'.

2022-01-17 00:21:55 - [MESSAGE][PASSED] - Object: 'Object Repository/Page_Dashboard/a_Introduction to Computer Science' is clicked on

2022-01-17 00:21:55 - [TEST_STEP][PASSED] - click(findTestObject("Object Repository/Page_Course Introduction to Computer Science/span_Calendar")): Object: 'Object Repository/Page_Course Introduction to Computer Science/span_Calendar' is clicked on

2022-01-17 00:21:56 - [MESSAGE][PASSED] - Object: 'Object Repository/Page_Course Introduction to Computer Science/span_Calendar' is clicked on

2022-01-17 00:21:56 - [TEST_STEP][PASSED] - waitForElementVisible(findTestObject("Object Repository/Page_IntroCS Calendar Detailed month view J_1643b4/button_New event"), 0): Object 'Object Repository/Page_IntroCS Calendar Detailed month view J_1643b4/button_New event' is visible

2022-01-17 00:21:56 - [MESSAGE][WARNING] - Timeout '0' is invalid. Using default page load timeout: '30'

2022-01-17 00:22:27 - [MESSAGE][INFO] - Unable to find the element located by 'By.xpath: //div[@id='calendar-month-61e1ad5d6c69d61e1ad5d02f2e16']/div/button'. Please recheck the objects properties to make sure the desired element is located. 

2022-01-17 00:22:27 - [MESSAGE][WARNING] - [SELF-HEALING] Failed to find element with id 'Object Repository/Page_IntroCS Calendar Detailed month view J_1643b4/button_New event'. Try using Self-healing.

2022-01-17 00:22:28 - [MESSAGE][WARNING] - [SELF-HEALING] The current locator of test object 'Object Repository/Page_IntroCS Calendar Detailed month view J_1643b4/button_New event' was broken. Propose an alternative one: '(.//*[normalize-space(text()) and normalize-space(.)='List of courses'])[1]/following::button[1]'.

2022-01-17 00:22:28 - [MESSAGE][PASSED] - Object 'Object Repository/Page_IntroCS Calendar Detailed month view J_1643b4/button_New event' is visible

2022-01-17 00:22:28 - [TEST_STEP][PASSED] - click(findTestObject("Object Repository/Page_IntroCS Calendar Detailed month view J_1643b4/button_New event")): Object: 'Object Repository/Page_IntroCS Calendar Detailed month view J_1643b4/button_New event' is clicked on

2022-01-17 00:22:59 - [MESSAGE][INFO] - Unable to find the element located by 'By.xpath: //div[@id='calendar-month-61e1ad5d6c69d61e1ad5d02f2e16']/div/button'. Please recheck the objects properties to make sure the desired element is located. 

2022-01-17 00:22:59 - [MESSAGE][WARNING] - [SELF-HEALING] Failed to find element with id 'Object Repository/Page_IntroCS Calendar Detailed month view J_1643b4/button_New event'. Try using Self-healing.

2022-01-17 00:22:59 - [MESSAGE][WARNING] - [SELF-HEALING] The current locator of test object 'Object Repository/Page_IntroCS Calendar Detailed month view J_1643b4/button_New event' was broken. Propose an alternative one: '(.//*[normalize-space(text()) and normalize-space(.)='List of courses'])[1]/following::button[1]'.

2022-01-17 00:22:59 - [MESSAGE][PASSED] - Object: 'Object Repository/Page_IntroCS Calendar Detailed month view J_1643b4/button_New event' is clicked on

2022-01-17 00:22:59 - [TEST_STEP][PASSED] - setText(findTestObject("Object Repository/Page_IntroCS Calendar Detailed month view J_1643b4/input_Event title_name"), "Seminar for Final Examination"): Text 'Seminar for Final Examination' is set on object 'Object Repository/Page_IntroCS Calendar Detailed month view J_1643b4/input_Event title_name'

2022-01-17 00:23:01 - [MESSAGE][PASSED] - Text 'Seminar for Final Examination' is set on object 'Object Repository/Page_IntroCS Calendar Detailed month view J_1643b4/input_Event title_name'

2022-01-17 00:23:01 - [TEST_STEP][PASSED] - selectOptionByValue(findTestObject("Object Repository/Page_IntroCS Calendar Detailed month view J_1643b4/select_1        2        3        4        _45ea30"), "26", true): All options with value '26' are selected in object 'Object Repository/Page_IntroCS Calendar Detailed month view J_1643b4/select_1        2        3        4        _45ea30'  using regular expression

2022-01-17 00:23:02 - [MESSAGE][PASSED] - All options with value '26' are selected in object 'Object Repository/Page_IntroCS Calendar Detailed month view J_1643b4/select_1        2        3        4        _45ea30'  using regular expression

2022-01-17 00:23:02 - [TEST_STEP][PASSED] - selectOptionByValue(findTestObject("Object Repository/Page_IntroCS Calendar Detailed month view J_1643b4/select_00        01        02        03    _f6e37b"), "0", true): All options with value '0' are selected in object 'Object Repository/Page_IntroCS Calendar Detailed month view J_1643b4/select_00        01        02        03    _f6e37b'  using regular expression

2022-01-17 00:23:04 - [MESSAGE][PASSED] - All options with value '0' are selected in object 'Object Repository/Page_IntroCS Calendar Detailed month view J_1643b4/select_00        01        02        03    _f6e37b'  using regular expression

2022-01-17 00:23:04 - [TEST_STEP][PASSED] - selectOptionByValue(findTestObject("Object Repository/Page_IntroCS Calendar Detailed month view J_1643b4/select_00        01        02        03    _f6e37b_1"), "0", true): All options with value '0' are selected in object 'Object Repository/Page_IntroCS Calendar Detailed month view J_1643b4/select_00        01        02        03    _f6e37b_1'  using regular expression

2022-01-17 00:23:05 - [MESSAGE][PASSED] - All options with value '0' are selected in object 'Object Repository/Page_IntroCS Calendar Detailed month view J_1643b4/select_00        01        02        03    _f6e37b_1'  using regular expression

2022-01-17 00:23:05 - [TEST_STEP][PASSED] - click(findTestObject("Object Repository/Page_IntroCS Calendar Detailed month view J_1643b4/button_Save")): Object: 'Object Repository/Page_IntroCS Calendar Detailed month view J_1643b4/button_Save' is clicked on

2022-01-17 00:23:36 - [MESSAGE][INFO] - Unable to find the element located by 'By.xpath: //button[@id='yui_3_17_2_1_1642179933493_604']'. Please recheck the objects properties to make sure the desired element is located. 

2022-01-17 00:23:36 - [MESSAGE][WARNING] - [SELF-HEALING] Failed to find element with id 'Object Repository/Page_IntroCS Calendar Detailed month view J_1643b4/button_Save'. Try using Self-healing.

2022-01-17 00:23:37 - [MESSAGE][WARNING] - [SELF-HEALING] The current locator of test object 'Object Repository/Page_IntroCS Calendar Detailed month view J_1643b4/button_Save' was broken. Propose an alternative one: '(.//*[normalize-space(text()) and normalize-space(.)='Repeat weekly, creating altogether'])[1]/following::button[1]'.

2022-01-17 00:23:37 - [MESSAGE][PASSED] - Object: 'Object Repository/Page_IntroCS Calendar Detailed month view J_1643b4/button_Save' is clicked on

2022-01-17 00:23:37 - [TEST_STEP][PASSED] - click(findTestObject("Object Repository/Page_IntroCS Calendar Detailed month view J_1643b4/span_Seminar for Final Examination")): Object: 'Object Repository/Page_IntroCS Calendar Detailed month view J_1643b4/span_Seminar for Final Examination' is clicked on

2022-01-17 00:24:08 - [MESSAGE][INFO] - Unable to find the element located by 'By.xpath: //a[@id='yui_3_17_2_1_1642179933493_2024']/span[2]'. Please recheck the objects properties to make sure the desired element is located. 

2022-01-17 00:24:08 - [MESSAGE][WARNING] - [SELF-HEALING] Failed to find element with id 'Object Repository/Page_IntroCS Calendar Detailed month view J_1643b4/span_Seminar for Final Examination'. Try using Self-healing.

2022-01-17 00:24:08 - [MESSAGE][WARNING] - [SELF-HEALING] The current locator of test object 'Object Repository/Page_IntroCS Calendar Detailed month view J_1643b4/span_Seminar for Final Examination' was broken. Propose an alternative one: '(.//*[normalize-space(text()) and normalize-space(.)='No events, Tuesday, 25 January'])[2]/following::span[4]'.

2022-01-17 00:24:08 - [MESSAGE][PASSED] - Object: 'Object Repository/Page_IntroCS Calendar Detailed month view J_1643b4/span_Seminar for Final Examination' is clicked on

2022-01-17 00:24:08 - [TEST_STEP][PASSED] - waitForElementVisible(findTestObject("Object Repository/Page_IntroCS Calendar Detailed month view J_1643b4/button_Delete"), 0): Object 'Object Repository/Page_IntroCS Calendar Detailed month view J_1643b4/button_Delete' is visible

2022-01-17 00:24:08 - [MESSAGE][WARNING] - Timeout '0' is invalid. Using default page load timeout: '30'

2022-01-17 00:24:39 - [MESSAGE][INFO] - Unable to find the element located by 'By.xpath: //button[@id='yui_3_17_2_1_1642179933493_2046']'. Please recheck the objects properties to make sure the desired element is located. 

2022-01-17 00:24:39 - [MESSAGE][WARNING] - [SELF-HEALING] Failed to find element with id 'Object Repository/Page_IntroCS Calendar Detailed month view J_1643b4/button_Delete'. Try using Self-healing.

2022-01-17 00:24:40 - [MESSAGE][WARNING] - [SELF-HEALING] The current locator of test object 'Object Repository/Page_IntroCS Calendar Detailed month view J_1643b4/button_Delete' was broken. Propose an alternative one: '(.//*[normalize-space(text()) and normalize-space(.)='Course event'])[1]/following::button[1]'.

2022-01-17 00:24:40 - [MESSAGE][PASSED] - Object 'Object Repository/Page_IntroCS Calendar Detailed month view J_1643b4/button_Delete' is visible

2022-01-17 00:24:40 - [TEST_STEP][PASSED] - click(findTestObject("Object Repository/Page_IntroCS Calendar Detailed month view J_1643b4/button_Delete")): Object: 'Object Repository/Page_IntroCS Calendar Detailed month view J_1643b4/button_Delete' is clicked on

2022-01-17 00:25:11 - [MESSAGE][INFO] - Unable to find the element located by 'By.xpath: //button[@id='yui_3_17_2_1_1642179933493_2046']'. Please recheck the objects properties to make sure the desired element is located. 

2022-01-17 00:25:11 - [MESSAGE][WARNING] - [SELF-HEALING] Failed to find element with id 'Object Repository/Page_IntroCS Calendar Detailed month view J_1643b4/button_Delete'. Try using Self-healing.

2022-01-17 00:25:11 - [MESSAGE][WARNING] - [SELF-HEALING] The current locator of test object 'Object Repository/Page_IntroCS Calendar Detailed month view J_1643b4/button_Delete' was broken. Propose an alternative one: '(.//*[normalize-space(text()) and normalize-space(.)='Course event'])[1]/following::button[1]'.

2022-01-17 00:25:11 - [MESSAGE][PASSED] - Object: 'Object Repository/Page_IntroCS Calendar Detailed month view J_1643b4/button_Delete' is clicked on

2022-01-17 00:25:11 - [TEST_STEP][PASSED] - click(findTestObject("Object Repository/Page_IntroCS Calendar Detailed month view J_1643b4/button_Delete event")): Object: 'Object Repository/Page_IntroCS Calendar Detailed month view J_1643b4/button_Delete event' is clicked on

2022-01-17 00:25:42 - [MESSAGE][INFO] - Unable to find the element located by 'By.xpath: //button[@id='yui_3_17_2_1_1642179933493_2066']'. Please recheck the objects properties to make sure the desired element is located. 

2022-01-17 00:25:42 - [MESSAGE][WARNING] - [SELF-HEALING] Failed to find element with id 'Object Repository/Page_IntroCS Calendar Detailed month view J_1643b4/button_Delete event'. Try using Self-healing.

2022-01-17 00:25:43 - [MESSAGE][WARNING] - [SELF-HEALING] The current locator of test object 'Object Repository/Page_IntroCS Calendar Detailed month view J_1643b4/button_Delete event' was broken. Propose an alternative one: '(.//*[normalize-space(text()) and normalize-space(.)=concat('Are you sure you want to delete the ', '"', 'Seminar for Final Examination', '"', ' event?')])[1]/following::button[1]'.

2022-01-17 00:25:43 - [MESSAGE][PASSED] - Object: 'Object Repository/Page_IntroCS Calendar Detailed month view J_1643b4/button_Delete event' is clicked on

2022-01-17 00:25:43 - [TEST_STEP][PASSED] - closeBrowser(): Browser is closed

2022-01-17 00:25:43 - [MESSAGE][PASSED] - Browser is closed]]></system-out>
         <system-err><![CDATA[]]></system-err>
      </testcase>
      <testcase name="Test Cases/test case 21" time="234.9" classname="Test Cases/test case 21" status="PASSED">
         <system-out><![CDATA[2022-01-17 00:25:43 - [TEST_CASE][PASSED] - Test Cases/test case 21: Test Cases/test case 21

2022-01-17 00:25:44 - [TEST_STEP][PASSED] - openBrowser(""): Browser is opened with url: ''

2022-01-17 00:25:44 - [MESSAGE][INFO] - Starting 'Chrome' driver

2022-01-17 00:25:44 - [MESSAGE][INFO] - Action delay is set to 0 milliseconds

2022-01-17 00:25:45 - [MESSAGE][PASSED] - Browser is opened with url: ''

2022-01-17 00:25:45 - [TEST_STEP][PASSED] - navigateToUrl("http://localhost/"): Navigate to 'http://localhost/' successfully

2022-01-17 00:25:46 - [MESSAGE][PASSED] - Navigate to 'http://localhost/' successfully

2022-01-17 00:25:46 - [TEST_STEP][PASSED] - click(findTestObject("Object Repository/Page_Moodle/a_Log in")): Object: 'Object Repository/Page_Moodle/a_Log in' is clicked on

2022-01-17 00:25:47 - [MESSAGE][PASSED] - Object: 'Object Repository/Page_Moodle/a_Log in' is clicked on

2022-01-17 00:25:47 - [TEST_STEP][PASSED] - setText(findTestObject("Object Repository/Page_Moodle Log in to the site/input_Username_username"), "admin"): Text 'admin' is set on object 'Object Repository/Page_Moodle Log in to the site/input_Username_username'

2022-01-17 00:25:48 - [MESSAGE][PASSED] - Text 'admin' is set on object 'Object Repository/Page_Moodle Log in to the site/input_Username_username'

2022-01-17 00:25:48 - [TEST_STEP][PASSED] - setEncryptedText(findTestObject("Object Repository/Page_Moodle Log in to the site/input_Password_password"), "r6H/uPCyCbQX7sAf5E1f3g=="): Text ****** has been set on object 'Object Repository/Page_Moodle Log in to the site/input_Password_password'

2022-01-17 00:25:48 - [MESSAGE][PASSED] - Text ****** has been set on object 'Object Repository/Page_Moodle Log in to the site/input_Password_password'

2022-01-17 00:25:48 - [TEST_STEP][PASSED] - click(findTestObject("Object Repository/Page_Moodle Log in to the site/button_Log in")): Object: 'Object Repository/Page_Moodle Log in to the site/button_Log in' is clicked on

2022-01-17 00:25:49 - [MESSAGE][PASSED] - Object: 'Object Repository/Page_Moodle Log in to the site/button_Log in' is clicked on

2022-01-17 00:25:49 - [TEST_STEP][PASSED] - click(findTestObject("Object Repository/Page_Dashboard/span_Site home")): Object: 'Object Repository/Page_Dashboard/span_Site home' is clicked on

2022-01-17 00:25:51 - [MESSAGE][PASSED] - Object: 'Object Repository/Page_Dashboard/span_Site home' is clicked on

2022-01-17 00:25:51 - [TEST_STEP][PASSED] - verifyElementText(findTestObject("Page_Moodle/a_Introduction to Computer Science"), "Introduction to Computer Science"): Actual text and expected text of test object 'Object Repository/Page_Moodle/a_Introduction to Computer Science' are matched.

2022-01-17 00:25:51 - [MESSAGE][PASSED] - Actual text and expected text of test object 'Object Repository/Page_Moodle/a_Introduction to Computer Science' are matched.

2022-01-17 00:25:51 - [TEST_STEP][PASSED] - click(findTestObject("Page_Moodle/a_Introduction to Computer Science")): Object: 'Object Repository/Page_Moodle/a_Introduction to Computer Science' is clicked on

2022-01-17 00:25:52 - [MESSAGE][PASSED] - Object: 'Object Repository/Page_Moodle/a_Introduction to Computer Science' is clicked on

2022-01-17 00:25:52 - [TEST_STEP][PASSED] - click(findTestObject("Object Repository/Page_Course Introduction to Computer Science/a_Calendar")): Object: 'Object Repository/Page_Course Introduction to Computer Science/a_Calendar' is clicked on

2022-01-17 00:25:53 - [MESSAGE][PASSED] - Object: 'Object Repository/Page_Course Introduction to Computer Science/a_Calendar' is clicked on

2022-01-17 00:25:53 - [TEST_STEP][PASSED] - waitForElementVisible(findTestObject("Object Repository/Page_IntroCS Calendar Detailed month view J_1643b4/button_New event"), 0): Object 'Object Repository/Page_IntroCS Calendar Detailed month view J_1643b4/button_New event' is visible

2022-01-17 00:25:53 - [MESSAGE][WARNING] - Timeout '0' is invalid. Using default page load timeout: '30'

2022-01-17 00:26:24 - [MESSAGE][INFO] - Unable to find the element located by 'By.xpath: //div[@id='calendar-month-61e1ad5d6c69d61e1ad5d02f2e16']/div/button'. Please recheck the objects properties to make sure the desired element is located. 

2022-01-17 00:26:24 - [MESSAGE][WARNING] - [SELF-HEALING] Failed to find element with id 'Object Repository/Page_IntroCS Calendar Detailed month view J_1643b4/button_New event'. Try using Self-healing.

2022-01-17 00:26:24 - [MESSAGE][WARNING] - [SELF-HEALING] The current locator of test object 'Object Repository/Page_IntroCS Calendar Detailed month view J_1643b4/button_New event' was broken. Propose an alternative one: '(.//*[normalize-space(text()) and normalize-space(.)='List of courses'])[1]/following::button[1]'.

2022-01-17 00:26:24 - [MESSAGE][PASSED] - Object 'Object Repository/Page_IntroCS Calendar Detailed month view J_1643b4/button_New event' is visible

2022-01-17 00:26:24 - [TEST_STEP][PASSED] - click(findTestObject("Object Repository/Page_IntroCS Calendar Detailed month view J_1643b4/button_New event")): Object: 'Object Repository/Page_IntroCS Calendar Detailed month view J_1643b4/button_New event' is clicked on

2022-01-17 00:26:55 - [MESSAGE][INFO] - Unable to find the element located by 'By.xpath: //div[@id='calendar-month-61e1ad5d6c69d61e1ad5d02f2e16']/div/button'. Please recheck the objects properties to make sure the desired element is located. 

2022-01-17 00:26:55 - [MESSAGE][WARNING] - [SELF-HEALING] Failed to find element with id 'Object Repository/Page_IntroCS Calendar Detailed month view J_1643b4/button_New event'. Try using Self-healing.

2022-01-17 00:26:55 - [MESSAGE][WARNING] - [SELF-HEALING] The current locator of test object 'Object Repository/Page_IntroCS Calendar Detailed month view J_1643b4/button_New event' was broken. Propose an alternative one: '(.//*[normalize-space(text()) and normalize-space(.)='List of courses'])[1]/following::button[1]'.

2022-01-17 00:26:55 - [MESSAGE][PASSED] - Object: 'Object Repository/Page_IntroCS Calendar Detailed month view J_1643b4/button_New event' is clicked on

2022-01-17 00:26:55 - [TEST_STEP][PASSED] - setText(findTestObject("Object Repository/Page_IntroCS Calendar Detailed month view J_1643b4/input_Event title_name"), "Seminar for Final Examination"): Text 'Seminar for Final Examination' is set on object 'Object Repository/Page_IntroCS Calendar Detailed month view J_1643b4/input_Event title_name'

2022-01-17 00:26:57 - [MESSAGE][PASSED] - Text 'Seminar for Final Examination' is set on object 'Object Repository/Page_IntroCS Calendar Detailed month view J_1643b4/input_Event title_name'

2022-01-17 00:26:57 - [TEST_STEP][PASSED] - selectOptionByValue(findTestObject("Object Repository/Page_IntroCS Calendar Detailed month view J_1643b4/select_1        2        3        4        _45ea30"), "26", true): All options with value '26' are selected in object 'Object Repository/Page_IntroCS Calendar Detailed month view J_1643b4/select_1        2        3        4        _45ea30'  using regular expression

2022-01-17 00:26:59 - [MESSAGE][PASSED] - All options with value '26' are selected in object 'Object Repository/Page_IntroCS Calendar Detailed month view J_1643b4/select_1        2        3        4        _45ea30'  using regular expression

2022-01-17 00:26:59 - [TEST_STEP][PASSED] - selectOptionByValue(findTestObject("Object Repository/Page_IntroCS Calendar Detailed month view J_1643b4/select_00        01        02        03    _f6e37b"), "0", true): All options with value '0' are selected in object 'Object Repository/Page_IntroCS Calendar Detailed month view J_1643b4/select_00        01        02        03    _f6e37b'  using regular expression

2022-01-17 00:27:00 - [MESSAGE][PASSED] - All options with value '0' are selected in object 'Object Repository/Page_IntroCS Calendar Detailed month view J_1643b4/select_00        01        02        03    _f6e37b'  using regular expression

2022-01-17 00:27:00 - [TEST_STEP][PASSED] - click(findTestObject("Object Repository/Page_IntroCS Calendar Detailed month view J_1643b4/button_Save")): Object: 'Object Repository/Page_IntroCS Calendar Detailed month view J_1643b4/button_Save' is clicked on

2022-01-17 00:27:31 - [MESSAGE][INFO] - Unable to find the element located by 'By.xpath: //button[@id='yui_3_17_2_1_1642179933493_604']'. Please recheck the objects properties to make sure the desired element is located. 

2022-01-17 00:27:31 - [MESSAGE][WARNING] - [SELF-HEALING] Failed to find element with id 'Object Repository/Page_IntroCS Calendar Detailed month view J_1643b4/button_Save'. Try using Self-healing.

2022-01-17 00:27:31 - [MESSAGE][WARNING] - [SELF-HEALING] The current locator of test object 'Object Repository/Page_IntroCS Calendar Detailed month view J_1643b4/button_Save' was broken. Propose an alternative one: '(.//*[normalize-space(text()) and normalize-space(.)='Repeat weekly, creating altogether'])[1]/following::button[1]'.

2022-01-17 00:27:32 - [MESSAGE][PASSED] - Object: 'Object Repository/Page_IntroCS Calendar Detailed month view J_1643b4/button_Save' is clicked on

2022-01-17 00:27:32 - [TEST_STEP][PASSED] - click(findTestObject("Object Repository/Page_IntroCS Calendar Detailed month view J_1643b4/span_Seminar for Final Examination")): Object: 'Object Repository/Page_IntroCS Calendar Detailed month view J_1643b4/span_Seminar for Final Examination' is clicked on

2022-01-17 00:28:03 - [MESSAGE][INFO] - Unable to find the element located by 'By.xpath: //a[@id='yui_3_17_2_1_1642179933493_2024']/span[2]'. Please recheck the objects properties to make sure the desired element is located. 

2022-01-17 00:28:03 - [MESSAGE][WARNING] - [SELF-HEALING] Failed to find element with id 'Object Repository/Page_IntroCS Calendar Detailed month view J_1643b4/span_Seminar for Final Examination'. Try using Self-healing.

2022-01-17 00:28:03 - [MESSAGE][WARNING] - [SELF-HEALING] The current locator of test object 'Object Repository/Page_IntroCS Calendar Detailed month view J_1643b4/span_Seminar for Final Examination' was broken. Propose an alternative one: '(.//*[normalize-space(text()) and normalize-space(.)='No events, Tuesday, 25 January'])[2]/following::span[4]'.

2022-01-17 00:28:03 - [MESSAGE][PASSED] - Object: 'Object Repository/Page_IntroCS Calendar Detailed month view J_1643b4/span_Seminar for Final Examination' is clicked on

2022-01-17 00:28:03 - [TEST_STEP][PASSED] - waitForElementVisible(findTestObject("Object Repository/Page_IntroCS Calendar Detailed month view J_1643b4/button_Delete"), 0): Object 'Object Repository/Page_IntroCS Calendar Detailed month view J_1643b4/button_Delete' is visible

2022-01-17 00:28:03 - [MESSAGE][WARNING] - Timeout '0' is invalid. Using default page load timeout: '30'

2022-01-17 00:28:34 - [MESSAGE][INFO] - Unable to find the element located by 'By.xpath: //button[@id='yui_3_17_2_1_1642179933493_2046']'. Please recheck the objects properties to make sure the desired element is located. 

2022-01-17 00:28:34 - [MESSAGE][WARNING] - [SELF-HEALING] Failed to find element with id 'Object Repository/Page_IntroCS Calendar Detailed month view J_1643b4/button_Delete'. Try using Self-healing.

2022-01-17 00:28:34 - [MESSAGE][WARNING] - [SELF-HEALING] The current locator of test object 'Object Repository/Page_IntroCS Calendar Detailed month view J_1643b4/button_Delete' was broken. Propose an alternative one: '(.//*[normalize-space(text()) and normalize-space(.)='Course event'])[1]/following::button[1]'.

2022-01-17 00:28:35 - [MESSAGE][PASSED] - Object 'Object Repository/Page_IntroCS Calendar Detailed month view J_1643b4/button_Delete' is visible

2022-01-17 00:28:35 - [TEST_STEP][PASSED] - click(findTestObject("Object Repository/Page_IntroCS Calendar Detailed month view J_1643b4/button_Delete")): Object: 'Object Repository/Page_IntroCS Calendar Detailed month view J_1643b4/button_Delete' is clicked on

2022-01-17 00:29:06 - [MESSAGE][INFO] - Unable to find the element located by 'By.xpath: //button[@id='yui_3_17_2_1_1642179933493_2046']'. Please recheck the objects properties to make sure the desired element is located. 

2022-01-17 00:29:06 - [MESSAGE][WARNING] - [SELF-HEALING] Failed to find element with id 'Object Repository/Page_IntroCS Calendar Detailed month view J_1643b4/button_Delete'. Try using Self-healing.

2022-01-17 00:29:06 - [MESSAGE][WARNING] - [SELF-HEALING] The current locator of test object 'Object Repository/Page_IntroCS Calendar Detailed month view J_1643b4/button_Delete' was broken. Propose an alternative one: '(.//*[normalize-space(text()) and normalize-space(.)='Course event'])[1]/following::button[1]'.

2022-01-17 00:29:06 - [MESSAGE][PASSED] - Object: 'Object Repository/Page_IntroCS Calendar Detailed month view J_1643b4/button_Delete' is clicked on

2022-01-17 00:29:06 - [TEST_STEP][PASSED] - click(findTestObject("Object Repository/Page_IntroCS Calendar Detailed month view J_1643b4/button_Delete event")): Object: 'Object Repository/Page_IntroCS Calendar Detailed month view J_1643b4/button_Delete event' is clicked on

2022-01-17 00:29:37 - [MESSAGE][INFO] - Unable to find the element located by 'By.xpath: //button[@id='yui_3_17_2_1_1642179933493_2066']'. Please recheck the objects properties to make sure the desired element is located. 

2022-01-17 00:29:37 - [MESSAGE][WARNING] - [SELF-HEALING] Failed to find element with id 'Object Repository/Page_IntroCS Calendar Detailed month view J_1643b4/button_Delete event'. Try using Self-healing.

2022-01-17 00:29:38 - [MESSAGE][WARNING] - [SELF-HEALING] The current locator of test object 'Object Repository/Page_IntroCS Calendar Detailed month view J_1643b4/button_Delete event' was broken. Propose an alternative one: '(.//*[normalize-space(text()) and normalize-space(.)=concat('Are you sure you want to delete the ', '"', 'Seminar for Final Examination', '"', ' event?')])[1]/following::button[1]'.

2022-01-17 00:29:38 - [MESSAGE][PASSED] - Object: 'Object Repository/Page_IntroCS Calendar Detailed month view J_1643b4/button_Delete event' is clicked on

2022-01-17 00:29:38 - [TEST_STEP][PASSED] - closeBrowser(): Browser is closed

2022-01-17 00:29:38 - [MESSAGE][PASSED] - Browser is closed]]></system-out>
         <system-err><![CDATA[]]></system-err>
      </testcase>
      <testcase name="Test Cases/test case 22" time="265.044" classname="Test Cases/test case 22" status="PASSED">
         <system-out><![CDATA[2022-01-17 00:29:38 - [TEST_CASE][PASSED] - Test Cases/test case 22: Test Cases/test case 22

2022-01-17 00:29:39 - [TEST_STEP][PASSED] - openBrowser(""): Browser is opened with url: ''

2022-01-17 00:29:39 - [MESSAGE][INFO] - Starting 'Chrome' driver

2022-01-17 00:29:39 - [MESSAGE][INFO] - Action delay is set to 0 milliseconds

2022-01-17 00:29:40 - [MESSAGE][PASSED] - Browser is opened with url: ''

2022-01-17 00:29:40 - [TEST_STEP][PASSED] - navigateToUrl("http://localhost/"): Navigate to 'http://localhost/' successfully

2022-01-17 00:29:41 - [MESSAGE][PASSED] - Navigate to 'http://localhost/' successfully

2022-01-17 00:29:41 - [TEST_STEP][PASSED] - click(findTestObject("Object Repository/Page_Moodle/a_Log in")): Object: 'Object Repository/Page_Moodle/a_Log in' is clicked on

2022-01-17 00:29:42 - [MESSAGE][PASSED] - Object: 'Object Repository/Page_Moodle/a_Log in' is clicked on

2022-01-17 00:29:42 - [TEST_STEP][PASSED] - setText(findTestObject("Object Repository/Page_Moodle Log in to the site/input_Username_username"), "admin"): Text 'admin' is set on object 'Object Repository/Page_Moodle Log in to the site/input_Username_username'

2022-01-17 00:29:42 - [MESSAGE][PASSED] - Text 'admin' is set on object 'Object Repository/Page_Moodle Log in to the site/input_Username_username'

2022-01-17 00:29:42 - [TEST_STEP][PASSED] - setEncryptedText(findTestObject("Object Repository/Page_Moodle Log in to the site/input_Password_password"), "r6H/uPCyCbQX7sAf5E1f3g=="): Text ****** has been set on object 'Object Repository/Page_Moodle Log in to the site/input_Password_password'

2022-01-17 00:29:43 - [MESSAGE][PASSED] - Text ****** has been set on object 'Object Repository/Page_Moodle Log in to the site/input_Password_password'

2022-01-17 00:29:43 - [TEST_STEP][PASSED] - click(findTestObject("Object Repository/Page_Moodle Log in to the site/button_Log in")): Object: 'Object Repository/Page_Moodle Log in to the site/button_Log in' is clicked on

2022-01-17 00:29:44 - [MESSAGE][PASSED] - Object: 'Object Repository/Page_Moodle Log in to the site/button_Log in' is clicked on

2022-01-17 00:29:44 - [TEST_STEP][PASSED] - waitForElementVisible(findTestObject("Object Repository/Page_Dashboard/a_January 2022"), 0): Object 'Object Repository/Page_Dashboard/a_January 2022' is visible

2022-01-17 00:29:44 - [MESSAGE][WARNING] - Timeout '0' is invalid. Using default page load timeout: '30'

2022-01-17 00:30:15 - [MESSAGE][INFO] - Unable to find the element located by 'By.xpath: //div[@id='month-mini-2022-1-5']/table/caption/span[2]/a'. Please recheck the objects properties to make sure the desired element is located. 

2022-01-17 00:30:15 - [MESSAGE][WARNING] - [SELF-HEALING] Failed to find element with id 'Object Repository/Page_Dashboard/a_January 2022'. Try using Self-healing.

2022-01-17 00:30:15 - [MESSAGE][WARNING] - [SELF-HEALING] The current locator of test object 'Object Repository/Page_Dashboard/a_January 2022' was broken. Propose an alternative one: '//a[contains(text(),'January 2022')]'.

2022-01-17 00:30:15 - [MESSAGE][PASSED] - Object 'Object Repository/Page_Dashboard/a_January 2022' is visible

2022-01-17 00:30:15 - [TEST_STEP][PASSED] - click(findTestObject("Object Repository/Page_Dashboard/a_January 2022")): Object: 'Object Repository/Page_Dashboard/a_January 2022' is clicked on

2022-01-17 00:30:47 - [MESSAGE][INFO] - Unable to find the element located by 'By.xpath: //div[@id='month-mini-2022-1-5']/table/caption/span[2]/a'. Please recheck the objects properties to make sure the desired element is located. 

2022-01-17 00:30:47 - [MESSAGE][WARNING] - [SELF-HEALING] Failed to find element with id 'Object Repository/Page_Dashboard/a_January 2022'. Try using Self-healing.

2022-01-17 00:30:47 - [MESSAGE][WARNING] - [SELF-HEALING] The current locator of test object 'Object Repository/Page_Dashboard/a_January 2022' was broken. Propose an alternative one: '//a[contains(text(),'January 2022')]'.

2022-01-17 00:30:47 - [MESSAGE][PASSED] - Object: 'Object Repository/Page_Dashboard/a_January 2022' is clicked on

2022-01-17 00:30:47 - [TEST_STEP][PASSED] - click(findTestObject("Object Repository/Page_Mood Calendar Detailed month view Janu_18fc56/button_New event")): Object: 'Object Repository/Page_Mood Calendar Detailed month view Janu_18fc56/button_New event' is clicked on

2022-01-17 00:31:18 - [MESSAGE][INFO] - Unable to find the element located by 'By.xpath: //div[@id='calendar-month-61e41531799f761e4153150b4a16']/div/button'. Please recheck the objects properties to make sure the desired element is located. 

2022-01-17 00:31:18 - [MESSAGE][WARNING] - [SELF-HEALING] Failed to find element with id 'Object Repository/Page_Mood Calendar Detailed month view Janu_18fc56/button_New event'. Try using Self-healing.

2022-01-17 00:31:19 - [MESSAGE][WARNING] - [SELF-HEALING] The current locator of test object 'Object Repository/Page_Mood Calendar Detailed month view Janu_18fc56/button_New event' was broken. Propose an alternative one: '(.//*[normalize-space(text()) and normalize-space(.)='List of courses'])[1]/following::button[1]'.

2022-01-17 00:31:19 - [MESSAGE][PASSED] - Object: 'Object Repository/Page_Mood Calendar Detailed month view Janu_18fc56/button_New event' is clicked on

2022-01-17 00:31:19 - [TEST_STEP][PASSED] - setText(findTestObject("Object Repository/Page_Mood Calendar Detailed month view Janu_18fc56/input_Event title_name"), "Seminar for Final Examination"): Text 'Seminar for Final Examination' is set on object 'Object Repository/Page_Mood Calendar Detailed month view Janu_18fc56/input_Event title_name'

2022-01-17 00:31:21 - [MESSAGE][PASSED] - Text 'Seminar for Final Examination' is set on object 'Object Repository/Page_Mood Calendar Detailed month view Janu_18fc56/input_Event title_name'

2022-01-17 00:31:21 - [TEST_STEP][PASSED] - selectOptionByValue(findTestObject("Object Repository/Page_Mood Calendar Detailed month view Janu_18fc56/select_1        2        3        4        _45ea30"), "26", true): All options with value '26' are selected in object 'Object Repository/Page_Mood Calendar Detailed month view Janu_18fc56/select_1        2        3        4        _45ea30'  using regular expression

2022-01-17 00:31:22 - [MESSAGE][PASSED] - All options with value '26' are selected in object 'Object Repository/Page_Mood Calendar Detailed month view Janu_18fc56/select_1        2        3        4        _45ea30'  using regular expression

2022-01-17 00:31:22 - [TEST_STEP][PASSED] - selectOptionByValue(findTestObject("Object Repository/Page_Mood Calendar Detailed month view Janu_18fc56/select_00        01        02        03    _f6e37b"), "0", true): All options with value '0' are selected in object 'Object Repository/Page_Mood Calendar Detailed month view Janu_18fc56/select_00        01        02        03    _f6e37b'  using regular expression

2022-01-17 00:31:23 - [MESSAGE][PASSED] - All options with value '0' are selected in object 'Object Repository/Page_Mood Calendar Detailed month view Janu_18fc56/select_00        01        02        03    _f6e37b'  using regular expression

2022-01-17 00:31:23 - [TEST_STEP][PASSED] - click(findTestObject("Object Repository/Page_Mood Calendar Detailed month view Janu_18fc56/button_Save")): Object: 'Object Repository/Page_Mood Calendar Detailed month view Janu_18fc56/button_Save' is clicked on

2022-01-17 00:31:54 - [MESSAGE][INFO] - Unable to find the element located by 'By.xpath: //button[@id='yui_3_17_2_1_1642337585482_1306']'. Please recheck the objects properties to make sure the desired element is located. 

2022-01-17 00:31:54 - [MESSAGE][WARNING] - [SELF-HEALING] Failed to find element with id 'Object Repository/Page_Mood Calendar Detailed month view Janu_18fc56/button_Save'. Try using Self-healing.

2022-01-17 00:31:55 - [MESSAGE][WARNING] - [SELF-HEALING] The current locator of test object 'Object Repository/Page_Mood Calendar Detailed month view Janu_18fc56/button_Save' was broken. Propose an alternative one: '(.//*[normalize-space(text()) and normalize-space(.)='Repeat weekly, creating altogether'])[1]/following::button[1]'.

2022-01-17 00:31:55 - [MESSAGE][PASSED] - Object: 'Object Repository/Page_Mood Calendar Detailed month view Janu_18fc56/button_Save' is clicked on

2022-01-17 00:31:55 - [TEST_STEP][PASSED] - click(findTestObject("Object Repository/Page_Mood Calendar Detailed month view Janu_18fc56/span_Seminar for Final Examination")): Object: 'Object Repository/Page_Mood Calendar Detailed month view Janu_18fc56/span_Seminar for Final Examination' is clicked on

2022-01-17 00:32:26 - [MESSAGE][INFO] - Unable to find the element located by 'By.xpath: //a[@id='yui_3_17_2_1_1642179747286_1999']/span[2]'. Please recheck the objects properties to make sure the desired element is located. 

2022-01-17 00:32:26 - [MESSAGE][WARNING] - [SELF-HEALING] Failed to find element with id 'Object Repository/Page_Mood Calendar Detailed month view Janu_18fc56/span_Seminar for Final Examination'. Try using Self-healing.

2022-01-17 00:32:26 - [MESSAGE][WARNING] - [SELF-HEALING] The current locator of test object 'Object Repository/Page_Mood Calendar Detailed month view Janu_18fc56/span_Seminar for Final Examination' was broken. Propose an alternative one: '(.//*[normalize-space(text()) and normalize-space(.)='No events, Tuesday, 25 January'])[2]/following::span[4]'.

2022-01-17 00:32:26 - [MESSAGE][PASSED] - Object: 'Object Repository/Page_Mood Calendar Detailed month view Janu_18fc56/span_Seminar for Final Examination' is clicked on

2022-01-17 00:32:26 - [TEST_STEP][PASSED] - waitForElementVisible(findTestObject("Object Repository/Page_Mood Calendar Detailed month view Janu_18fc56/button_Delete"), 0): Object 'Object Repository/Page_Mood Calendar Detailed month view Janu_18fc56/button_Delete' is visible

2022-01-17 00:32:26 - [MESSAGE][WARNING] - Timeout '0' is invalid. Using default page load timeout: '30'

2022-01-17 00:32:57 - [MESSAGE][INFO] - Unable to find the element located by 'By.xpath: //button[@id='yui_3_17_2_1_1642337585482_2067']'. Please recheck the objects properties to make sure the desired element is located. 

2022-01-17 00:32:57 - [MESSAGE][WARNING] - [SELF-HEALING] Failed to find element with id 'Object Repository/Page_Mood Calendar Detailed month view Janu_18fc56/button_Delete'. Try using Self-healing.

2022-01-17 00:32:58 - [MESSAGE][INFO] - Unable to find the element located by 'By.xpath: (.//*[normalize-space(text()) and normalize-space(.)='Introduction to Computer Science'])[3]/following::button[1]'. Please recheck the objects properties to make sure the desired element is located. 

2022-01-17 00:32:59 - [MESSAGE][WARNING] - [SELF-HEALING] The current locator of test object 'Object Repository/Page_Mood Calendar Detailed month view Janu_18fc56/button_Delete' was broken. Propose an alternative one: '(.//*[normalize-space(text()) and normalize-space(.)='User event'])[1]/following::button[1]'.

2022-01-17 00:32:59 - [MESSAGE][PASSED] - Object 'Object Repository/Page_Mood Calendar Detailed month view Janu_18fc56/button_Delete' is visible

2022-01-17 00:32:59 - [TEST_STEP][PASSED] - click(findTestObject("Object Repository/Page_Mood Calendar Detailed month view Janu_18fc56/button_Delete")): Object: 'Object Repository/Page_Mood Calendar Detailed month view Janu_18fc56/button_Delete' is clicked on

2022-01-17 00:33:30 - [MESSAGE][INFO] - Unable to find the element located by 'By.xpath: //button[@id='yui_3_17_2_1_1642337585482_2067']'. Please recheck the objects properties to make sure the desired element is located. 

2022-01-17 00:33:30 - [MESSAGE][WARNING] - [SELF-HEALING] Failed to find element with id 'Object Repository/Page_Mood Calendar Detailed month view Janu_18fc56/button_Delete'. Try using Self-healing.

2022-01-17 00:33:31 - [MESSAGE][INFO] - Unable to find the element located by 'By.xpath: (.//*[normalize-space(text()) and normalize-space(.)='Introduction to Computer Science'])[3]/following::button[1]'. Please recheck the objects properties to make sure the desired element is located. 

2022-01-17 00:33:31 - [MESSAGE][WARNING] - [SELF-HEALING] The current locator of test object 'Object Repository/Page_Mood Calendar Detailed month view Janu_18fc56/button_Delete' was broken. Propose an alternative one: '(.//*[normalize-space(text()) and normalize-space(.)='User event'])[1]/following::button[1]'.

2022-01-17 00:33:31 - [MESSAGE][PASSED] - Object: 'Object Repository/Page_Mood Calendar Detailed month view Janu_18fc56/button_Delete' is clicked on

2022-01-17 00:33:31 - [TEST_STEP][PASSED] - click(findTestObject("Object Repository/Page_Mood Calendar Detailed month view Janu_18fc56/button_Delete event")): Object: 'Object Repository/Page_Mood Calendar Detailed month view Janu_18fc56/button_Delete event' is clicked on

2022-01-17 00:34:02 - [MESSAGE][INFO] - Unable to find the element located by 'By.xpath: //button[@id='yui_3_17_2_1_1642337585482_2083']'. Please recheck the objects properties to make sure the desired element is located. 

2022-01-17 00:34:02 - [MESSAGE][WARNING] - [SELF-HEALING] Failed to find element with id 'Object Repository/Page_Mood Calendar Detailed month view Janu_18fc56/button_Delete event'. Try using Self-healing.

2022-01-17 00:34:03 - [MESSAGE][WARNING] - [SELF-HEALING] The current locator of test object 'Object Repository/Page_Mood Calendar Detailed month view Janu_18fc56/button_Delete event' was broken. Propose an alternative one: '(.//*[normalize-space(text()) and normalize-space(.)='Delete event'])[1]/following::button[2]'.

2022-01-17 00:34:03 - [MESSAGE][PASSED] - Object: 'Object Repository/Page_Mood Calendar Detailed month view Janu_18fc56/button_Delete event' is clicked on

2022-01-17 00:34:03 - [TEST_STEP][PASSED] - closeBrowser(): Browser is closed

2022-01-17 00:34:03 - [MESSAGE][PASSED] - Browser is closed]]></system-out>
         <system-err><![CDATA[]]></system-err>
      </testcase>
      <testcase name="Test Cases/test case 23" time="103.432" classname="Test Cases/test case 23" status="PASSED">
         <system-out><![CDATA[2022-01-17 00:34:03 - [TEST_CASE][PASSED] - Test Cases/test case 23: Test Cases/test case 23

2022-01-17 00:34:04 - [TEST_STEP][PASSED] - openBrowser(""): Browser is opened with url: ''

2022-01-17 00:34:04 - [MESSAGE][INFO] - Starting 'Chrome' driver

2022-01-17 00:34:04 - [MESSAGE][INFO] - Action delay is set to 0 milliseconds

2022-01-17 00:34:05 - [MESSAGE][PASSED] - Browser is opened with url: ''

2022-01-17 00:34:05 - [TEST_STEP][PASSED] - navigateToUrl("http://localhost/"): Navigate to 'http://localhost/' successfully

2022-01-17 00:34:06 - [MESSAGE][PASSED] - Navigate to 'http://localhost/' successfully

2022-01-17 00:34:06 - [TEST_STEP][PASSED] - click(findTestObject("Object Repository/Page_Moodle/a_Log in")): Object: 'Object Repository/Page_Moodle/a_Log in' is clicked on

2022-01-17 00:34:07 - [MESSAGE][PASSED] - Object: 'Object Repository/Page_Moodle/a_Log in' is clicked on

2022-01-17 00:34:07 - [TEST_STEP][PASSED] - setText(findTestObject("Object Repository/Page_Moodle Log in to the site/input_Username_username"), "admin"): Text 'admin' is set on object 'Object Repository/Page_Moodle Log in to the site/input_Username_username'

2022-01-17 00:34:08 - [MESSAGE][PASSED] - Text 'admin' is set on object 'Object Repository/Page_Moodle Log in to the site/input_Username_username'

2022-01-17 00:34:08 - [TEST_STEP][PASSED] - setEncryptedText(findTestObject("Object Repository/Page_Moodle Log in to the site/input_Password_password"), "r6H/uPCyCbQX7sAf5E1f3g=="): Text ****** has been set on object 'Object Repository/Page_Moodle Log in to the site/input_Password_password'

2022-01-17 00:34:08 - [MESSAGE][PASSED] - Text ****** has been set on object 'Object Repository/Page_Moodle Log in to the site/input_Password_password'

2022-01-17 00:34:08 - [TEST_STEP][PASSED] - click(findTestObject("Object Repository/Page_Moodle Log in to the site/button_Log in")): Object: 'Object Repository/Page_Moodle Log in to the site/button_Log in' is clicked on

2022-01-17 00:34:09 - [MESSAGE][PASSED] - Object: 'Object Repository/Page_Moodle Log in to the site/button_Log in' is clicked on

2022-01-17 00:34:09 - [TEST_STEP][PASSED] - verifyElementText(findTestObject("Object Repository/Page_Dashboard/span_Calendar"), "Calendar"): Actual text and expected text of test object 'Object Repository/Page_Dashboard/span_Calendar' are matched.

2022-01-17 00:34:10 - [MESSAGE][PASSED] - Actual text and expected text of test object 'Object Repository/Page_Dashboard/span_Calendar' are matched.

2022-01-17 00:34:10 - [TEST_STEP][PASSED] - click(findTestObject("Object Repository/Page_Dashboard/span_Calendar")): Object: 'Object Repository/Page_Dashboard/span_Calendar' is clicked on

2022-01-17 00:34:11 - [MESSAGE][PASSED] - Object: 'Object Repository/Page_Dashboard/span_Calendar' is clicked on

2022-01-17 00:34:11 - [TEST_STEP][PASSED] - waitForElementVisible(findTestObject("Object Repository/Page_Mood Calendar Detailed month view Janu_18fc56/button_New event"), 0): Object 'Object Repository/Page_Mood Calendar Detailed month view Janu_18fc56/button_New event' is visible

2022-01-17 00:34:11 - [MESSAGE][WARNING] - Timeout '0' is invalid. Using default page load timeout: '30'

2022-01-17 00:34:42 - [MESSAGE][INFO] - Unable to find the element located by 'By.xpath: //div[@id='calendar-month-61e41531799f761e4153150b4a16']/div/button'. Please recheck the objects properties to make sure the desired element is located. 

2022-01-17 00:34:42 - [MESSAGE][WARNING] - [SELF-HEALING] Failed to find element with id 'Object Repository/Page_Mood Calendar Detailed month view Janu_18fc56/button_New event'. Try using Self-healing.

2022-01-17 00:34:43 - [MESSAGE][WARNING] - [SELF-HEALING] The current locator of test object 'Object Repository/Page_Mood Calendar Detailed month view Janu_18fc56/button_New event' was broken. Propose an alternative one: '(.//*[normalize-space(text()) and normalize-space(.)='List of courses'])[1]/following::button[1]'.

2022-01-17 00:34:43 - [MESSAGE][PASSED] - Object 'Object Repository/Page_Mood Calendar Detailed month view Janu_18fc56/button_New event' is visible

2022-01-17 00:34:43 - [TEST_STEP][PASSED] - click(findTestObject("Object Repository/Page_Mood Calendar Detailed month view Janu_18fc56/button_New event")): Object: 'Object Repository/Page_Mood Calendar Detailed month view Janu_18fc56/button_New event' is clicked on

2022-01-17 00:35:14 - [MESSAGE][INFO] - Unable to find the element located by 'By.xpath: //div[@id='calendar-month-61e41531799f761e4153150b4a16']/div/button'. Please recheck the objects properties to make sure the desired element is located. 

2022-01-17 00:35:14 - [MESSAGE][WARNING] - [SELF-HEALING] Failed to find element with id 'Object Repository/Page_Mood Calendar Detailed month view Janu_18fc56/button_New event'. Try using Self-healing.

2022-01-17 00:35:14 - [MESSAGE][WARNING] - [SELF-HEALING] The current locator of test object 'Object Repository/Page_Mood Calendar Detailed month view Janu_18fc56/button_New event' was broken. Propose an alternative one: '(.//*[normalize-space(text()) and normalize-space(.)='List of courses'])[1]/following::button[1]'.

2022-01-17 00:35:14 - [MESSAGE][PASSED] - Object: 'Object Repository/Page_Mood Calendar Detailed month view Janu_18fc56/button_New event' is clicked on

2022-01-17 00:35:14 - [TEST_STEP][PASSED] - click(findTestObject("Object Repository/Page_Mood Calendar Detailed month view Janu_18fc56/button_Save")): Object: 'Object Repository/Page_Mood Calendar Detailed month view Janu_18fc56/button_Save' is clicked on

2022-01-17 00:35:45 - [MESSAGE][INFO] - Unable to find the element located by 'By.xpath: //button[@id='yui_3_17_2_1_1642337585482_1306']'. Please recheck the objects properties to make sure the desired element is located. 

2022-01-17 00:35:45 - [MESSAGE][WARNING] - [SELF-HEALING] Failed to find element with id 'Object Repository/Page_Mood Calendar Detailed month view Janu_18fc56/button_Save'. Try using Self-healing.

2022-01-17 00:35:46 - [MESSAGE][WARNING] - [SELF-HEALING] The current locator of test object 'Object Repository/Page_Mood Calendar Detailed month view Janu_18fc56/button_Save' was broken. Propose an alternative one: '(.//*[normalize-space(text()) and normalize-space(.)='Repeat weekly, creating altogether'])[1]/following::button[1]'.

2022-01-17 00:35:46 - [MESSAGE][PASSED] - Object: 'Object Repository/Page_Mood Calendar Detailed month view Janu_18fc56/button_Save' is clicked on

2022-01-17 00:35:46 - [TEST_STEP][PASSED] - verifyElementText(findTestObject("Object Repository/Page_Mood Calendar Detailed month view Janu_18fc56/div_- Required"), "- Required"): Actual text and expected text of test object 'Object Repository/Page_Mood Calendar Detailed month view Janu_18fc56/div_- Required' are matched.

2022-01-17 00:35:46 - [MESSAGE][PASSED] - Actual text and expected text of test object 'Object Repository/Page_Mood Calendar Detailed month view Janu_18fc56/div_- Required' are matched.

2022-01-17 00:35:46 - [TEST_STEP][PASSED] - closeBrowser(): Browser is closed

2022-01-17 00:35:47 - [MESSAGE][PASSED] - Browser is closed]]></system-out>
         <system-err><![CDATA[]]></system-err>
      </testcase>
      <testcase name="Test Cases/test case 24" time="145.12" classname="Test Cases/test case 24" status="PASSED">
         <system-out><![CDATA[2022-01-17 00:35:47 - [TEST_CASE][PASSED] - Test Cases/test case 24: Test Cases/test case 24

2022-01-17 00:35:47 - [TEST_STEP][PASSED] - openBrowser(""): Browser is opened with url: ''

2022-01-17 00:35:47 - [MESSAGE][INFO] - Starting 'Chrome' driver

2022-01-17 00:35:47 - [MESSAGE][INFO] - Action delay is set to 0 milliseconds

2022-01-17 00:35:48 - [MESSAGE][PASSED] - Browser is opened with url: ''

2022-01-17 00:35:48 - [TEST_STEP][PASSED] - navigateToUrl("http://localhost/"): Navigate to 'http://localhost/' successfully

2022-01-17 00:35:49 - [MESSAGE][PASSED] - Navigate to 'http://localhost/' successfully

2022-01-17 00:35:49 - [TEST_STEP][PASSED] - click(findTestObject("Object Repository/Page_Moodle/a_Log in")): Object: 'Object Repository/Page_Moodle/a_Log in' is clicked on

2022-01-17 00:35:50 - [MESSAGE][PASSED] - Object: 'Object Repository/Page_Moodle/a_Log in' is clicked on

2022-01-17 00:35:50 - [TEST_STEP][PASSED] - setText(findTestObject("Object Repository/Page_Moodle Log in to the site/input_Username_username"), "admin"): Text 'admin' is set on object 'Object Repository/Page_Moodle Log in to the site/input_Username_username'

2022-01-17 00:35:51 - [MESSAGE][PASSED] - Text 'admin' is set on object 'Object Repository/Page_Moodle Log in to the site/input_Username_username'

2022-01-17 00:35:51 - [TEST_STEP][PASSED] - setEncryptedText(findTestObject("Object Repository/Page_Moodle Log in to the site/input_Password_password"), "r6H/uPCyCbQX7sAf5E1f3g=="): Text ****** has been set on object 'Object Repository/Page_Moodle Log in to the site/input_Password_password'

2022-01-17 00:35:51 - [MESSAGE][PASSED] - Text ****** has been set on object 'Object Repository/Page_Moodle Log in to the site/input_Password_password'

2022-01-17 00:35:51 - [TEST_STEP][PASSED] - click(findTestObject("Object Repository/Page_Moodle Log in to the site/button_Log in")): Object: 'Object Repository/Page_Moodle Log in to the site/button_Log in' is clicked on

2022-01-17 00:35:52 - [MESSAGE][PASSED] - Object: 'Object Repository/Page_Moodle Log in to the site/button_Log in' is clicked on

2022-01-17 00:35:52 - [TEST_STEP][PASSED] - verifyElementText(findTestObject("Object Repository/Page_Dashboard/span_Calendar"), "Calendar"): Actual text and expected text of test object 'Object Repository/Page_Dashboard/span_Calendar' are matched.

2022-01-17 00:35:54 - [MESSAGE][PASSED] - Actual text and expected text of test object 'Object Repository/Page_Dashboard/span_Calendar' are matched.

2022-01-17 00:35:54 - [TEST_STEP][PASSED] - click(findTestObject("Object Repository/Page_Dashboard/span_Calendar")): Object: 'Object Repository/Page_Dashboard/span_Calendar' is clicked on

2022-01-17 00:35:55 - [MESSAGE][PASSED] - Object: 'Object Repository/Page_Dashboard/span_Calendar' is clicked on

2022-01-17 00:35:55 - [TEST_STEP][PASSED] - waitForElementVisible(findTestObject("Object Repository/Page_Mood Calendar Detailed month view Janu_18fc56/button_New event"), 0): Object 'Object Repository/Page_Mood Calendar Detailed month view Janu_18fc56/button_New event' is visible

2022-01-17 00:35:55 - [MESSAGE][WARNING] - Timeout '0' is invalid. Using default page load timeout: '30'

2022-01-17 00:36:26 - [MESSAGE][INFO] - Unable to find the element located by 'By.xpath: //div[@id='calendar-month-61e41531799f761e4153150b4a16']/div/button'. Please recheck the objects properties to make sure the desired element is located. 

2022-01-17 00:36:26 - [MESSAGE][WARNING] - [SELF-HEALING] Failed to find element with id 'Object Repository/Page_Mood Calendar Detailed month view Janu_18fc56/button_New event'. Try using Self-healing.

2022-01-17 00:36:26 - [MESSAGE][WARNING] - [SELF-HEALING] The current locator of test object 'Object Repository/Page_Mood Calendar Detailed month view Janu_18fc56/button_New event' was broken. Propose an alternative one: '(.//*[normalize-space(text()) and normalize-space(.)='List of courses'])[1]/following::button[1]'.

2022-01-17 00:36:26 - [MESSAGE][PASSED] - Object 'Object Repository/Page_Mood Calendar Detailed month view Janu_18fc56/button_New event' is visible

2022-01-17 00:36:26 - [TEST_STEP][PASSED] - click(findTestObject("Object Repository/Page_Mood Calendar Detailed month view Janu_18fc56/button_New event")): Object: 'Object Repository/Page_Mood Calendar Detailed month view Janu_18fc56/button_New event' is clicked on

2022-01-17 00:36:57 - [MESSAGE][INFO] - Unable to find the element located by 'By.xpath: //div[@id='calendar-month-61e41531799f761e4153150b4a16']/div/button'. Please recheck the objects properties to make sure the desired element is located. 

2022-01-17 00:36:57 - [MESSAGE][WARNING] - [SELF-HEALING] Failed to find element with id 'Object Repository/Page_Mood Calendar Detailed month view Janu_18fc56/button_New event'. Try using Self-healing.

2022-01-17 00:36:58 - [MESSAGE][WARNING] - [SELF-HEALING] The current locator of test object 'Object Repository/Page_Mood Calendar Detailed month view Janu_18fc56/button_New event' was broken. Propose an alternative one: '(.//*[normalize-space(text()) and normalize-space(.)='List of courses'])[1]/following::button[1]'.

2022-01-17 00:36:58 - [MESSAGE][PASSED] - Object: 'Object Repository/Page_Mood Calendar Detailed month view Janu_18fc56/button_New event' is clicked on

2022-01-17 00:36:58 - [TEST_STEP][PASSED] - setText(findTestObject("Object Repository/Page_Mood Calendar Detailed month view Janu_18fc56/input_Event title_name"), "Holiday"): Text 'Holiday' is set on object 'Object Repository/Page_Mood Calendar Detailed month view Janu_18fc56/input_Event title_name'

2022-01-17 00:36:59 - [MESSAGE][PASSED] - Text 'Holiday' is set on object 'Object Repository/Page_Mood Calendar Detailed month view Janu_18fc56/input_Event title_name'

2022-01-17 00:36:59 - [TEST_STEP][PASSED] - selectOptionByValue(findTestObject("Object Repository/Page_Mood Calendar Detailed month view Janu_18fc56/select_1        2        3        4        _45ea30"), "26", true): All options with value '26' are selected in object 'Object Repository/Page_Mood Calendar Detailed month view Janu_18fc56/select_1        2        3        4        _45ea30'  using regular expression

2022-01-17 00:37:01 - [MESSAGE][PASSED] - All options with value '26' are selected in object 'Object Repository/Page_Mood Calendar Detailed month view Janu_18fc56/select_1        2        3        4        _45ea30'  using regular expression

2022-01-17 00:37:01 - [TEST_STEP][PASSED] - selectOptionByValue(findTestObject("Object Repository/Page_Mood Calendar Detailed month view Janu_18fc56/select_00        01        02        03    _f6e37b"), "0", true): All options with value '0' are selected in object 'Object Repository/Page_Mood Calendar Detailed month view Janu_18fc56/select_00        01        02        03    _f6e37b'  using regular expression

2022-01-17 00:37:02 - [MESSAGE][PASSED] - All options with value '0' are selected in object 'Object Repository/Page_Mood Calendar Detailed month view Janu_18fc56/select_00        01        02        03    _f6e37b'  using regular expression

2022-01-17 00:37:02 - [TEST_STEP][PASSED] - selectOptionByValue(findTestObject("Object Repository/Page_Mood Calendar Detailed month view Janu_18fc56/select_00        01        02        03    _f6e37b_1"), "0", true): All options with value '0' are selected in object 'Object Repository/Page_Mood Calendar Detailed month view Janu_18fc56/select_00        01        02        03    _f6e37b_1'  using regular expression

2022-01-17 00:37:03 - [MESSAGE][PASSED] - All options with value '0' are selected in object 'Object Repository/Page_Mood Calendar Detailed month view Janu_18fc56/select_00        01        02        03    _f6e37b_1'  using regular expression

2022-01-17 00:37:03 - [TEST_STEP][PASSED] - click(findTestObject("Object Repository/Page_Mood Calendar Detailed month view Janu_18fc56/a_Show more")): Object: 'Object Repository/Page_Mood Calendar Detailed month view Janu_18fc56/a_Show more' is clicked on

2022-01-17 00:37:35 - [MESSAGE][INFO] - Unable to find the element located by 'By.xpath: //a[@id='yui_3_17_2_1_1642251478287_609']'. Please recheck the objects properties to make sure the desired element is located. 

2022-01-17 00:37:35 - [MESSAGE][WARNING] - [SELF-HEALING] Failed to find element with id 'Object Repository/Page_Mood Calendar Detailed month view Janu_18fc56/a_Show more'. Try using Self-healing.

2022-01-17 00:37:35 - [MESSAGE][WARNING] - [SELF-HEALING] The current locator of test object 'Object Repository/Page_Mood Calendar Detailed month view Janu_18fc56/a_Show more' was broken. Propose an alternative one: '//a[contains(text(),'Show more...')]'.

2022-01-17 00:37:35 - [MESSAGE][PASSED] - Object: 'Object Repository/Page_Mood Calendar Detailed month view Janu_18fc56/a_Show more' is clicked on

2022-01-17 00:37:35 - [TEST_STEP][PASSED] - click(findTestObject("Object Repository/Page_Mood Calendar Detailed month view Janu_18fc56/label_Until")): Object: 'Object Repository/Page_Mood Calendar Detailed month view Janu_18fc56/label_Until' is clicked on

2022-01-17 00:37:35 - [MESSAGE][PASSED] - Object: 'Object Repository/Page_Mood Calendar Detailed month view Janu_18fc56/label_Until' is clicked on

2022-01-17 00:37:35 - [TEST_STEP][PASSED] - selectOptionByValue(findTestObject("Object Repository/Page_Mood Calendar Detailed month view Janu_18fc56/select_1900        1901        1902        _6405c9"), "2021", true): All options with value '2021' are selected in object 'Object Repository/Page_Mood Calendar Detailed month view Janu_18fc56/select_1900        1901        1902        _6405c9'  using regular expression

2022-01-17 00:37:39 - [MESSAGE][PASSED] - All options with value '2021' are selected in object 'Object Repository/Page_Mood Calendar Detailed month view Janu_18fc56/select_1900        1901        1902        _6405c9'  using regular expression

2022-01-17 00:37:39 - [TEST_STEP][PASSED] - click(findTestObject("Object Repository/Page_Mood Calendar Detailed month view Janu_18fc56/button_Save")): Object: 'Object Repository/Page_Mood Calendar Detailed month view Janu_18fc56/button_Save' is clicked on

2022-01-17 00:38:10 - [MESSAGE][INFO] - Unable to find the element located by 'By.xpath: //button[@id='yui_3_17_2_1_1642337585482_1306']'. Please recheck the objects properties to make sure the desired element is located. 

2022-01-17 00:38:10 - [MESSAGE][WARNING] - [SELF-HEALING] Failed to find element with id 'Object Repository/Page_Mood Calendar Detailed month view Janu_18fc56/button_Save'. Try using Self-healing.

2022-01-17 00:38:10 - [MESSAGE][WARNING] - [SELF-HEALING] The current locator of test object 'Object Repository/Page_Mood Calendar Detailed month view Janu_18fc56/button_Save' was broken. Propose an alternative one: '(.//*[normalize-space(text()) and normalize-space(.)='Repeat weekly, creating altogether'])[1]/following::button[1]'.

2022-01-17 00:38:10 - [MESSAGE][PASSED] - Object: 'Object Repository/Page_Mood Calendar Detailed month view Janu_18fc56/button_Save' is clicked on

2022-01-17 00:38:10 - [TEST_STEP][PASSED] - verifyElementText(findTestObject("Object Repository/Page_Mood Calendar Detailed month view Janu_18fc56/div_The date and time you selected for dura_28074d"), "The date and time you selected for duration until is before the start time of the event. Please correct this before proceeding."): Actual text and expected text of test object 'Object Repository/Page_Mood Calendar Detailed month view Janu_18fc56/div_The date and time you selected for dura_28074d' are matched.

2022-01-17 00:38:11 - [MESSAGE][PASSED] - Actual text and expected text of test object 'Object Repository/Page_Mood Calendar Detailed month view Janu_18fc56/div_The date and time you selected for dura_28074d' are matched.

2022-01-17 00:38:11 - [TEST_STEP][PASSED] - closeBrowser(): Browser is closed

2022-01-17 00:38:12 - [MESSAGE][PASSED] - Browser is closed]]></system-out>
         <system-err><![CDATA[]]></system-err>
      </testcase>
      <testcase name="Test Cases/test case 25" time="170.328" classname="Test Cases/test case 25" status="FAILED">
         <failure type="FAILED" message="Test Cases/test case 25 FAILED.
Reason:
com.kms.katalon.core.exception.StepFailedException: Unable to click on object 'Object Repository/Page_Math/input_No enrolment key required_submitbutton'
	at com.kms.katalon.core.webui.keyword.internal.WebUIKeywordMain.stepFailed(WebUIKeywordMain.groovy:64)
	at com.kms.katalon.core.webui.keyword.internal.WebUIKeywordMain.runKeyword(WebUIKeywordMain.groovy:26)
	at com.kms.katalon.core.webui.keyword.builtin.ClickKeyword.click(ClickKeyword.groovy:74)
	at com.kms.katalon.core.webui.keyword.builtin.ClickKeyword.execute(ClickKeyword.groovy:40)
	at com.kms.katalon.core.keyword.internal.KeywordExecutor.executeKeywordForPlatform(KeywordExecutor.groovy:74)
	at com.kms.katalon.core.webui.keyword.WebUiBuiltInKeywords.click(WebUiBuiltInKeywords.groovy:620)
	at com.kms.katalon.core.webui.keyword.WebUiBuiltInKeywords$click$1.call(Unknown Source)
	at test case 25.run(test case 25:45)
	at com.kms.katalon.core.main.ScriptEngine.run(ScriptEngine.java:194)
	at com.kms.katalon.core.main.ScriptEngine.runScriptAsRawText(ScriptEngine.java:119)
	at com.kms.katalon.core.main.TestCaseExecutor.runScript(TestCaseExecutor.java:442)
	at com.kms.katalon.core.main.TestCaseExecutor.doExecute(TestCaseExecutor.java:433)
	at com.kms.katalon.core.main.TestCaseExecutor.processExecutionPhase(TestCaseExecutor.java:412)
	at com.kms.katalon.core.main.TestCaseExecutor.accessMainPhase(TestCaseExecutor.java:404)
	at com.kms.katalon.core.main.TestCaseExecutor.execute(TestCaseExecutor.java:281)
	at com.kms.katalon.core.main.TestSuiteExecutor.accessTestCaseMainPhase(TestSuiteExecutor.java:202)
	at com.kms.katalon.core.main.TestSuiteExecutor.accessTestSuiteMainPhase(TestSuiteExecutor.java:164)
	at com.kms.katalon.core.main.TestSuiteExecutor.execute(TestSuiteExecutor.java:105)
	at com.kms.katalon.core.main.TestCaseMain.startTestSuite(TestCaseMain.java:181)
	at com.kms.katalon.core.main.TestCaseMain$startTestSuite$0.call(Unknown Source)
	at TempTestSuite1642352008938.run(TempTestSuite1642352008938.groovy:36)
Caused by: com.kms.katalon.core.webui.exception.WebElementNotFoundException: Web element with id: 'Object Repository/Page_Math/input_No enrolment key required_submitbutton' located by '//input[@id='id_submitbutton']' not found
	at com.kms.katalon.core.webui.common.WebUiCommonHelper.findWebElement(WebUiCommonHelper.java:1368)
	at com.kms.katalon.core.webui.keyword.internal.WebUIAbstractKeyword.findWebElement(WebUIAbstractKeyword.groovy:27)
	at com.kms.katalon.core.webui.keyword.builtin.ClickKeyword$_click_closure1.doCall(ClickKeyword.groovy:65)
	at com.kms.katalon.core.webui.keyword.builtin.ClickKeyword$_click_closure1.call(ClickKeyword.groovy)
	at com.kms.katalon.core.webui.keyword.internal.WebUIKeywordMain.runKeyword(WebUIKeywordMain.groovy:20)
	... 19 more
"/>
         <system-out><![CDATA[2022-01-17 00:38:12 - [TEST_CASE][FAILED] - Test Cases/test case 25: Test Cases/test case 25 FAILED.
Reason:
com.kms.katalon.core.exception.StepFailedException: Unable to click on object 'Object Repository/Page_Math/input_No enrolment key required_submitbutton'
	at com.kms.katalon.core.webui.keyword.internal.WebUIKeywordMain.stepFailed(WebUIKeywordMain.groovy:64)
	at com.kms.katalon.core.webui.keyword.internal.WebUIKeywordMain.runKeyword(WebUIKeywordMain.groovy:26)
	at com.kms.katalon.core.webui.keyword.builtin.ClickKeyword.click(ClickKeyword.groovy:74)
	at com.kms.katalon.core.webui.keyword.builtin.ClickKeyword.execute(ClickKeyword.groovy:40)
	at com.kms.katalon.core.keyword.internal.KeywordExecutor.executeKeywordForPlatform(KeywordExecutor.groovy:74)
	at com.kms.katalon.core.webui.keyword.WebUiBuiltInKeywords.click(WebUiBuiltInKeywords.groovy:620)
	at com.kms.katalon.core.webui.keyword.WebUiBuiltInKeywords$click$1.call(Unknown Source)
	at test case 25.run(test case 25:45)
	at com.kms.katalon.core.main.ScriptEngine.run(ScriptEngine.java:194)
	at com.kms.katalon.core.main.ScriptEngine.runScriptAsRawText(ScriptEngine.java:119)
	at com.kms.katalon.core.main.TestCaseExecutor.runScript(TestCaseExecutor.java:442)
	at com.kms.katalon.core.main.TestCaseExecutor.doExecute(TestCaseExecutor.java:433)
	at com.kms.katalon.core.main.TestCaseExecutor.processExecutionPhase(TestCaseExecutor.java:412)
	at com.kms.katalon.core.main.TestCaseExecutor.accessMainPhase(TestCaseExecutor.java:404)
	at com.kms.katalon.core.main.TestCaseExecutor.execute(TestCaseExecutor.java:281)
	at com.kms.katalon.core.main.TestSuiteExecutor.accessTestCaseMainPhase(TestSuiteExecutor.java:202)
	at com.kms.katalon.core.main.TestSuiteExecutor.accessTestSuiteMainPhase(TestSuiteExecutor.java:164)
	at com.kms.katalon.core.main.TestSuiteExecutor.execute(TestSuiteExecutor.java:105)
	at com.kms.katalon.core.main.TestCaseMain.startTestSuite(TestCaseMain.java:181)
	at com.kms.katalon.core.main.TestCaseMain$startTestSuite$0.call(Unknown Source)
	at TempTestSuite1642352008938.run(TempTestSuite1642352008938.groovy:36)
Caused by: com.kms.katalon.core.webui.exception.WebElementNotFoundException: Web element with id: 'Object Repository/Page_Math/input_No enrolment key required_submitbutton' located by '//input[@id='id_submitbutton']' not found
	at com.kms.katalon.core.webui.common.WebUiCommonHelper.findWebElement(WebUiCommonHelper.java:1368)
	at com.kms.katalon.core.webui.keyword.internal.WebUIAbstractKeyword.findWebElement(WebUIAbstractKeyword.groovy:27)
	at com.kms.katalon.core.webui.keyword.builtin.ClickKeyword$_click_closure1.doCall(ClickKeyword.groovy:65)
	at com.kms.katalon.core.webui.keyword.builtin.ClickKeyword$_click_closure1.call(ClickKeyword.groovy)
	at com.kms.katalon.core.webui.keyword.internal.WebUIKeywordMain.runKeyword(WebUIKeywordMain.groovy:20)
	... 19 more


2022-01-17 00:38:12 - [TEST_STEP][PASSED] - openBrowser(""): Browser is opened with url: ''

2022-01-17 00:38:12 - [MESSAGE][INFO] - Starting 'Chrome' driver

2022-01-17 00:38:12 - [MESSAGE][INFO] - Action delay is set to 0 milliseconds

2022-01-17 00:38:14 - [MESSAGE][PASSED] - Browser is opened with url: ''

2022-01-17 00:38:14 - [TEST_STEP][PASSED] - navigateToUrl("http://localhost/"): Navigate to 'http://localhost/' successfully

2022-01-17 00:38:15 - [MESSAGE][PASSED] - Navigate to 'http://localhost/' successfully

2022-01-17 00:38:15 - [TEST_STEP][PASSED] - click(findTestObject("Object Repository/Page_Moodle/a_Log in")): Object: 'Object Repository/Page_Moodle/a_Log in' is clicked on

2022-01-17 00:38:15 - [MESSAGE][PASSED] - Object: 'Object Repository/Page_Moodle/a_Log in' is clicked on

2022-01-17 00:38:15 - [TEST_STEP][PASSED] - setText(findTestObject("Object Repository/Page_Moodle Log in to the site/input_Username_username"), "nmthu"): Text 'nmthu' is set on object 'Object Repository/Page_Moodle Log in to the site/input_Username_username'

2022-01-17 00:38:16 - [MESSAGE][PASSED] - Text 'nmthu' is set on object 'Object Repository/Page_Moodle Log in to the site/input_Username_username'

2022-01-17 00:38:16 - [TEST_STEP][PASSED] - setEncryptedText(findTestObject("Object Repository/Page_Moodle Log in to the site/input_Password_password"), "zm/yZ1suVYniggK+4Jo9ew=="): Text ****** has been set on object 'Object Repository/Page_Moodle Log in to the site/input_Password_password'

2022-01-17 00:38:17 - [MESSAGE][PASSED] - Text ****** has been set on object 'Object Repository/Page_Moodle Log in to the site/input_Password_password'

2022-01-17 00:38:17 - [TEST_STEP][PASSED] - click(findTestObject("Object Repository/Page_Moodle Log in to the site/button_Log in")): Object: 'Object Repository/Page_Moodle Log in to the site/button_Log in' is clicked on

2022-01-17 00:38:18 - [MESSAGE][PASSED] - Object: 'Object Repository/Page_Moodle Log in to the site/button_Log in' is clicked on

2022-01-17 00:38:18 - [TEST_STEP][PASSED] - verifyElementVisible(findTestObject("Page_Dashboard/div_My courses                    Introduction to Computer Science            All courses")): Object 'Object Repository/Page_Dashboard/div_My courses                    Introduction to Computer Science            All courses' is visible

2022-01-17 00:38:49 - [MESSAGE][INFO] - Unable to find the element located by 'By.xpath: //section[@id='inst195']/div'. Please recheck the objects properties to make sure the desired element is located. 

2022-01-17 00:38:49 - [MESSAGE][WARNING] - [SELF-HEALING] Failed to find element with id 'Object Repository/Page_Dashboard/div_My courses                    Introduction to Computer Science            All courses'. Try using Self-healing.

2022-01-17 00:38:49 - [MESSAGE][WARNING] - [SELF-HEALING] The current locator of test object 'Object Repository/Page_Dashboard/div_My courses                    Introduction to Computer Science            All courses' was broken. Propose an alternative one: '(.//*[normalize-space(text()) and normalize-space(.)='Remove Introduction to Computer Science from view'])[1]/following::div[4]'.

2022-01-17 00:38:49 - [MESSAGE][PASSED] - Object 'Object Repository/Page_Dashboard/div_My courses                    Introduction to Computer Science            All courses' is visible

2022-01-17 00:38:49 - [TEST_STEP][PASSED] - verifyElementText(findTestObject("Page_Dashboard/a_All courses"), "All courses"): Actual text and expected text of test object 'Object Repository/Page_Dashboard/a_All courses' are matched.

2022-01-17 00:39:20 - [MESSAGE][INFO] - Unable to find the element located by 'By.xpath: //section[@id='inst52']/div/div/div/a'. Please recheck the objects properties to make sure the desired element is located. 

2022-01-17 00:39:20 - [MESSAGE][WARNING] - [SELF-HEALING] Failed to find element with id 'Object Repository/Page_Dashboard/a_All courses'. Try using Self-healing.

2022-01-17 00:39:21 - [MESSAGE][WARNING] - [SELF-HEALING] The current locator of test object 'Object Repository/Page_Dashboard/a_All courses' was broken. Propose an alternative one: '//a[contains(text(),'All courses')]'.

2022-01-17 00:39:21 - [MESSAGE][PASSED] - Actual text and expected text of test object 'Object Repository/Page_Dashboard/a_All courses' are matched.

2022-01-17 00:39:21 - [TEST_STEP][PASSED] - click(findTestObject("Object Repository/Page_Dashboard/a_All courses")): Object: 'Object Repository/Page_Dashboard/a_All courses' is clicked on

2022-01-17 00:39:52 - [MESSAGE][INFO] - Unable to find the element located by 'By.xpath: //section[@id='inst52']/div/div/div/a'. Please recheck the objects properties to make sure the desired element is located. 

2022-01-17 00:39:52 - [MESSAGE][WARNING] - [SELF-HEALING] Failed to find element with id 'Object Repository/Page_Dashboard/a_All courses'. Try using Self-healing.

2022-01-17 00:39:52 - [MESSAGE][WARNING] - [SELF-HEALING] The current locator of test object 'Object Repository/Page_Dashboard/a_All courses' was broken. Propose an alternative one: '//a[contains(text(),'All courses')]'.

2022-01-17 00:39:53 - [MESSAGE][PASSED] - Object: 'Object Repository/Page_Dashboard/a_All courses' is clicked on

2022-01-17 00:39:53 - [TEST_STEP][PASSED] - verifyElementText(findTestObject("Page_Mood All courses/a_Mathemetics"), "Mathemetics"): Actual text and expected text of test object 'Object Repository/Page_Mood All courses/a_Mathemetics' are matched.

2022-01-17 00:39:53 - [MESSAGE][PASSED] - Actual text and expected text of test object 'Object Repository/Page_Mood All courses/a_Mathemetics' are matched.

2022-01-17 00:39:53 - [TEST_STEP][PASSED] - click(findTestObject("Object Repository/Page_Mood All courses/a_Mathemetics")): Object: 'Object Repository/Page_Mood All courses/a_Mathemetics' is clicked on

2022-01-17 00:39:54 - [MESSAGE][PASSED] - Object: 'Object Repository/Page_Mood All courses/a_Mathemetics' is clicked on

2022-01-17 00:39:54 - [TEST_STEP][ERROR] - waitForElementVisible(findTestObject("Object Repository/Page_Math/input_No enrolment key required_submitbutton"), 0): Web element with id: 'Object Repository/Page_Math/input_No enrolment key required_submitbutton' located by '//input[@id='id_submitbutton']' not found

2022-01-17 00:39:54 - [MESSAGE][WARNING] - Timeout '0' is invalid. Using default page load timeout: '30'

2022-01-17 00:40:25 - [MESSAGE][INFO] - Unable to find the element located by 'By.xpath: //input[@id='id_submitbutton']'. Please recheck the objects properties to make sure the desired element is located. 

2022-01-17 00:40:25 - [MESSAGE][WARNING] - [SELF-HEALING] Failed to find element with id 'Object Repository/Page_Math/input_No enrolment key required_submitbutton'. Try using Self-healing.

2022-01-17 00:40:25 - [MESSAGE][INFO] - [SELF-HEALING] Failed Locator: '//input[@id='id_submitbutton']'.

2022-01-17 00:40:25 - [MESSAGE][INFO] - [SELF-HEALING] Failed Locator: '//div[@id='yui_3_17_2_1_1642218385650_67']/input'.

2022-01-17 00:40:26 - [MESSAGE][INFO] - [SELF-HEALING] Working Locator: '//div[2]/input'.

2022-01-17 00:40:26 - [MESSAGE][ERROR] - [SELF-HEALING] Cannot save screenshot to: D:\Test-Automation-SE-Bonus\Test-Automation-SE-Bonus\Reports\Self-healing, reason: unknown error: unhandled inspector error: {"code":-32000,"message":"Cannot take screenshot with 0 width."}
  (Session info: chrome=97.0.4692.71)
Build info: version: '3.141.59', revision: 'e82be7d358', time: '2018-11-14T08:25:53'
System info: host: 'DESKTOP-5AUJFCN', ip: '192.168.1.8', os.name: 'Windows 10', os.arch: 'amd64', os.version: '10.0', java.version: '1.8.0_282'
Driver info: com.kms.katalon.selenium.driver.CChromeDriver
Capabilities {acceptInsecureCerts: false, browserName: chrome, browserVersion: 97.0.4692.71, chrome: {chromedriverVersion: 97.0.4692.71 (adefa7837d02a..., userDataDir: C:\Users\LENOVO\AppData\Loc...}, goog:chromeOptions: {debuggerAddress: localhost:53415}, javascriptEnabled: true, networkConnectionEnabled: false, pageLoadStrategy: normal, platform: WINDOWS, platformName: WINDOWS, proxy: Proxy(), setWindowRect: true, strictFileInteractability: false, timeouts: {implicit: 0, pageLoad: 300000, script: 30000}, unhandledPromptBehavior: dismiss and notify, webauthn:extension:credBlob: true, webauthn:extension:largeBlob: true, webauthn:virtualAuthenticators: true}
Session ID: 8cd5f5b581688af0fa78af176c7508e0.

2022-01-17 00:40:26 - [MESSAGE][ERROR] - [SELF-HEALING] Cannot save screenshot to: D:\Test-Automation-SE-Bonus\Test-Automation-SE-Bonus\Reports\Self-healing, reason: unknown error: unhandled inspector error: {"code":-32000,"message":"Cannot take screenshot with 0 width."}
  (Session info: chrome=97.0.4692.71)
Build info: version: '3.141.59', revision: 'e82be7d358', time: '2018-11-14T08:25:53'
System info: host: 'DESKTOP-5AUJFCN', ip: '192.168.1.8', os.name: 'Windows 10', os.arch: 'amd64', os.version: '10.0', java.version: '1.8.0_282'
Driver info: com.kms.katalon.selenium.driver.CChromeDriver
Capabilities {acceptInsecureCerts: false, browserName: chrome, browserVersion: 97.0.4692.71, chrome: {chromedriverVersion: 97.0.4692.71 (adefa7837d02a..., userDataDir: C:\Users\LENOVO\AppData\Loc...}, goog:chromeOptions: {debuggerAddress: localhost:53415}, javascriptEnabled: true, networkConnectionEnabled: false, pageLoadStrategy: normal, platform: WINDOWS, platformName: WINDOWS, proxy: Proxy(), setWindowRect: true, strictFileInteractability: false, timeouts: {implicit: 0, pageLoad: 300000, script: 30000}, unhandledPromptBehavior: dismiss and notify, webauthn:extension:credBlob: true, webauthn:extension:largeBlob: true, webauthn:virtualAuthenticators: true}
Session ID: 8cd5f5b581688af0fa78af176c7508e0.

2022-01-17 00:40:26 - [MESSAGE][WARNING] - [SELF-HEALING] 'other' is different type of Path

2022-01-17 00:40:27 - [MESSAGE][INFO] - Unable to find the element located by 'By.xpath: //*[@type = 'submit' and @name = 'submitbutton' and @id = 'id_submitbutton']'. Please recheck the objects properties to make sure the desired element is located. 

2022-01-17 00:40:28 - [MESSAGE][INFO] - Unable to find the element located by 'By.cssSelector: #id_submitbutton'. Please recheck the objects properties to make sure the desired element is located. 

2022-01-17 00:40:28 - [MESSAGE][WARNING] - Web element with id: 'Object Repository/Page_Math/input_No enrolment key required_submitbutton' located by '//input[@id='id_submitbutton']' not found

2022-01-17 00:40:28 - [TEST_STEP][FAILED] - click(findTestObject("Object Repository/Page_Math/input_No enrolment key required_submitbutton")): Unable to click on object 'Object Repository/Page_Math/input_No enrolment key required_submitbutton' (Root cause: com.kms.katalon.core.exception.StepFailedException: Unable to click on object 'Object Repository/Page_Math/input_No enrolment key required_submitbutton'
	at com.kms.katalon.core.webui.keyword.internal.WebUIKeywordMain.stepFailed(WebUIKeywordMain.groovy:64)
	at com.kms.katalon.core.webui.keyword.internal.WebUIKeywordMain.runKeyword(WebUIKeywordMain.groovy:26)
	at com.kms.katalon.core.webui.keyword.builtin.ClickKeyword.click(ClickKeyword.groovy:74)
	at com.kms.katalon.core.webui.keyword.builtin.ClickKeyword.execute(ClickKeyword.groovy:40)
	at com.kms.katalon.core.keyword.internal.KeywordExecutor.executeKeywordForPlatform(KeywordExecutor.groovy:74)
	at com.kms.katalon.core.webui.keyword.WebUiBuiltInKeywords.click(WebUiBuiltInKeywords.groovy:620)
	at com.kms.katalon.core.webui.keyword.WebUiBuiltInKeywords$click$1.call(Unknown Source)
	at test case 25.run(test case 25:45)
	at com.kms.katalon.core.main.ScriptEngine.run(ScriptEngine.java:194)
	at com.kms.katalon.core.main.ScriptEngine.runScriptAsRawText(ScriptEngine.java:119)
	at com.kms.katalon.core.main.TestCaseExecutor.runScript(TestCaseExecutor.java:442)
	at com.kms.katalon.core.main.TestCaseExecutor.doExecute(TestCaseExecutor.java:433)
	at com.kms.katalon.core.main.TestCaseExecutor.processExecutionPhase(TestCaseExecutor.java:412)
	at com.kms.katalon.core.main.TestCaseExecutor.accessMainPhase(TestCaseExecutor.java:404)
	at com.kms.katalon.core.main.TestCaseExecutor.execute(TestCaseExecutor.java:281)
	at com.kms.katalon.core.main.TestSuiteExecutor.accessTestCaseMainPhase(TestSuiteExecutor.java:202)
	at com.kms.katalon.core.main.TestSuiteExecutor.accessTestSuiteMainPhase(TestSuiteExecutor.java:164)
	at com.kms.katalon.core.main.TestSuiteExecutor.execute(TestSuiteExecutor.java:105)
	at com.kms.katalon.core.main.TestCaseMain.startTestSuite(TestCaseMain.java:181)
	at com.kms.katalon.core.main.TestCaseMain$startTestSuite$0.call(Unknown Source)
	at TempTestSuite1642352008938.run(TempTestSuite1642352008938.groovy:36)
Caused by: com.kms.katalon.core.webui.exception.WebElementNotFoundException: Web element with id: 'Object Repository/Page_Math/input_No enrolment key required_submitbutton' located by '//input[@id='id_submitbutton']' not found
	at com.kms.katalon.core.webui.common.WebUiCommonHelper.findWebElement(WebUiCommonHelper.java:1368)
	at com.kms.katalon.core.webui.keyword.internal.WebUIAbstractKeyword.findWebElement(WebUIAbstractKeyword.groovy:27)
	at com.kms.katalon.core.webui.keyword.builtin.ClickKeyword$_click_closure1.doCall(ClickKeyword.groovy:65)
	at com.kms.katalon.core.webui.keyword.builtin.ClickKeyword$_click_closure1.call(ClickKeyword.groovy)
	at com.kms.katalon.core.webui.keyword.internal.WebUIKeywordMain.runKeyword(WebUIKeywordMain.groovy:20)
	at com.kms.katalon.core.webui.keyword.builtin.ClickKeyword.click(ClickKeyword.groovy:74)
	at com.kms.katalon.core.webui.keyword.builtin.ClickKeyword.execute(ClickKeyword.groovy:40)
	at com.kms.katalon.core.keyword.internal.KeywordExecutor.executeKeywordForPlatform(KeywordExecutor.groovy:74)
	at com.kms.katalon.core.webui.keyword.WebUiBuiltInKeywords.click(WebUiBuiltInKeywords.groovy:620)
	at com.kms.katalon.core.webui.keyword.WebUiBuiltInKeywords$click$1.call(Unknown Source)
	at Script1642166363608.run(Script1642166363608.groovy:45)
	... 13 more
)

2022-01-17 00:40:59 - [MESSAGE][INFO] - Unable to find the element located by 'By.xpath: //input[@id='id_submitbutton']'. Please recheck the objects properties to make sure the desired element is located. 

2022-01-17 00:40:59 - [MESSAGE][WARNING] - [SELF-HEALING] Failed to find element with id 'Object Repository/Page_Math/input_No enrolment key required_submitbutton'. Try using Self-healing.

2022-01-17 00:40:59 - [MESSAGE][INFO] - [SELF-HEALING] Failed Locator: '//input[@id='id_submitbutton']'.

2022-01-17 00:41:00 - [MESSAGE][INFO] - [SELF-HEALING] Failed Locator: '//div[@id='yui_3_17_2_1_1642218385650_67']/input'.

2022-01-17 00:41:00 - [MESSAGE][INFO] - [SELF-HEALING] Working Locator: '//div[2]/input'.

2022-01-17 00:41:00 - [MESSAGE][ERROR] - [SELF-HEALING] Cannot save screenshot to: D:\Test-Automation-SE-Bonus\Test-Automation-SE-Bonus\Reports\Self-healing, reason: unknown error: unhandled inspector error: {"code":-32000,"message":"Cannot take screenshot with 0 width."}
  (Session info: chrome=97.0.4692.71)
Build info: version: '3.141.59', revision: 'e82be7d358', time: '2018-11-14T08:25:53'
System info: host: 'DESKTOP-5AUJFCN', ip: '192.168.1.8', os.name: 'Windows 10', os.arch: 'amd64', os.version: '10.0', java.version: '1.8.0_282'
Driver info: com.kms.katalon.selenium.driver.CChromeDriver
Capabilities {acceptInsecureCerts: false, browserName: chrome, browserVersion: 97.0.4692.71, chrome: {chromedriverVersion: 97.0.4692.71 (adefa7837d02a..., userDataDir: C:\Users\LENOVO\AppData\Loc...}, goog:chromeOptions: {debuggerAddress: localhost:53415}, javascriptEnabled: true, networkConnectionEnabled: false, pageLoadStrategy: normal, platform: WINDOWS, platformName: WINDOWS, proxy: Proxy(), setWindowRect: true, strictFileInteractability: false, timeouts: {implicit: 0, pageLoad: 300000, script: 30000}, unhandledPromptBehavior: dismiss and notify, webauthn:extension:credBlob: true, webauthn:extension:largeBlob: true, webauthn:virtualAuthenticators: true}
Session ID: 8cd5f5b581688af0fa78af176c7508e0.

2022-01-17 00:41:00 - [MESSAGE][ERROR] - [SELF-HEALING] Cannot save screenshot to: D:\Test-Automation-SE-Bonus\Test-Automation-SE-Bonus\Reports\Self-healing, reason: unknown error: unhandled inspector error: {"code":-32000,"message":"Cannot take screenshot with 0 width."}
  (Session info: chrome=97.0.4692.71)
Build info: version: '3.141.59', revision: 'e82be7d358', time: '2018-11-14T08:25:53'
System info: host: 'DESKTOP-5AUJFCN', ip: '192.168.1.8', os.name: 'Windows 10', os.arch: 'amd64', os.version: '10.0', java.version: '1.8.0_282'
Driver info: com.kms.katalon.selenium.driver.CChromeDriver
Capabilities {acceptInsecureCerts: false, browserName: chrome, browserVersion: 97.0.4692.71, chrome: {chromedriverVersion: 97.0.4692.71 (adefa7837d02a..., userDataDir: C:\Users\LENOVO\AppData\Loc...}, goog:chromeOptions: {debuggerAddress: localhost:53415}, javascriptEnabled: true, networkConnectionEnabled: false, pageLoadStrategy: normal, platform: WINDOWS, platformName: WINDOWS, proxy: Proxy(), setWindowRect: true, strictFileInteractability: false, timeouts: {implicit: 0, pageLoad: 300000, script: 30000}, unhandledPromptBehavior: dismiss and notify, webauthn:extension:credBlob: true, webauthn:extension:largeBlob: true, webauthn:virtualAuthenticators: true}
Session ID: 8cd5f5b581688af0fa78af176c7508e0.

2022-01-17 00:41:00 - [MESSAGE][WARNING] - [SELF-HEALING] 'other' is different type of Path

2022-01-17 00:41:01 - [MESSAGE][INFO] - Unable to find the element located by 'By.xpath: //*[@type = 'submit' and @name = 'submitbutton' and @id = 'id_submitbutton']'. Please recheck the objects properties to make sure the desired element is located. 

2022-01-17 00:41:02 - [MESSAGE][INFO] - Unable to find the element located by 'By.cssSelector: #id_submitbutton'. Please recheck the objects properties to make sure the desired element is located. 

2022-01-17 00:41:02 - [MESSAGE][FAILED] - Unable to click on object 'Object Repository/Page_Math/input_No enrolment key required_submitbutton' (Root cause: com.kms.katalon.core.exception.StepFailedException: Unable to click on object 'Object Repository/Page_Math/input_No enrolment key required_submitbutton'
	at com.kms.katalon.core.webui.keyword.internal.WebUIKeywordMain.stepFailed(WebUIKeywordMain.groovy:64)
	at com.kms.katalon.core.webui.keyword.internal.WebUIKeywordMain.runKeyword(WebUIKeywordMain.groovy:26)
	at com.kms.katalon.core.webui.keyword.builtin.ClickKeyword.click(ClickKeyword.groovy:74)
	at com.kms.katalon.core.webui.keyword.builtin.ClickKeyword.execute(ClickKeyword.groovy:40)
	at com.kms.katalon.core.keyword.internal.KeywordExecutor.executeKeywordForPlatform(KeywordExecutor.groovy:74)
	at com.kms.katalon.core.webui.keyword.WebUiBuiltInKeywords.click(WebUiBuiltInKeywords.groovy:620)
	at com.kms.katalon.core.webui.keyword.WebUiBuiltInKeywords$click$1.call(Unknown Source)
	at test case 25.run(test case 25:45)
	at com.kms.katalon.core.main.ScriptEngine.run(ScriptEngine.java:194)
	at com.kms.katalon.core.main.ScriptEngine.runScriptAsRawText(ScriptEngine.java:119)
	at com.kms.katalon.core.main.TestCaseExecutor.runScript(TestCaseExecutor.java:442)
	at com.kms.katalon.core.main.TestCaseExecutor.doExecute(TestCaseExecutor.java:433)
	at com.kms.katalon.core.main.TestCaseExecutor.processExecutionPhase(TestCaseExecutor.java:412)
	at com.kms.katalon.core.main.TestCaseExecutor.accessMainPhase(TestCaseExecutor.java:404)
	at com.kms.katalon.core.main.TestCaseExecutor.execute(TestCaseExecutor.java:281)
	at com.kms.katalon.core.main.TestSuiteExecutor.accessTestCaseMainPhase(TestSuiteExecutor.java:202)
	at com.kms.katalon.core.main.TestSuiteExecutor.accessTestSuiteMainPhase(TestSuiteExecutor.java:164)
	at com.kms.katalon.core.main.TestSuiteExecutor.execute(TestSuiteExecutor.java:105)
	at com.kms.katalon.core.main.TestCaseMain.startTestSuite(TestCaseMain.java:181)
	at com.kms.katalon.core.main.TestCaseMain$startTestSuite$0.call(Unknown Source)
	at TempTestSuite1642352008938.run(TempTestSuite1642352008938.groovy:36)
Caused by: com.kms.katalon.core.webui.exception.WebElementNotFoundException: Web element with id: 'Object Repository/Page_Math/input_No enrolment key required_submitbutton' located by '//input[@id='id_submitbutton']' not found
	at com.kms.katalon.core.webui.common.WebUiCommonHelper.findWebElement(WebUiCommonHelper.java:1368)
	at com.kms.katalon.core.webui.keyword.internal.WebUIAbstractKeyword.findWebElement(WebUIAbstractKeyword.groovy:27)
	at com.kms.katalon.core.webui.keyword.builtin.ClickKeyword$_click_closure1.doCall(ClickKeyword.groovy:65)
	at com.kms.katalon.core.webui.keyword.builtin.ClickKeyword$_click_closure1.call(ClickKeyword.groovy)
	at com.kms.katalon.core.webui.keyword.internal.WebUIKeywordMain.runKeyword(WebUIKeywordMain.groovy:20)
	at com.kms.katalon.core.webui.keyword.builtin.ClickKeyword.click(ClickKeyword.groovy:74)
	at com.kms.katalon.core.webui.keyword.builtin.ClickKeyword.execute(ClickKeyword.groovy:40)
	at com.kms.katalon.core.keyword.internal.KeywordExecutor.executeKeywordForPlatform(KeywordExecutor.groovy:74)
	at com.kms.katalon.core.webui.keyword.WebUiBuiltInKeywords.click(WebUiBuiltInKeywords.groovy:620)
	at com.kms.katalon.core.webui.keyword.WebUiBuiltInKeywords$click$1.call(Unknown Source)
	at Script1642166363608.run(Script1642166363608.groovy:45)
	... 13 more
)
[[ATTACHMENT|D:\\Test-Automation-SE-Bonus\\Test-Automation-SE-Bonus\\Reports\\20220116_235327\\Run all test cases\\20220116_235328\\1642354862681.png]]]]></system-out>
         <system-err><![CDATA[2022-01-17 00:38:12 - [TEST_CASE][FAILED] - Test Cases/test case 25: Test Cases/test case 25 FAILED.
Reason:
com.kms.katalon.core.exception.StepFailedException: Unable to click on object 'Object Repository/Page_Math/input_No enrolment key required_submitbutton'
	at com.kms.katalon.core.webui.keyword.internal.WebUIKeywordMain.stepFailed(WebUIKeywordMain.groovy:64)
	at com.kms.katalon.core.webui.keyword.internal.WebUIKeywordMain.runKeyword(WebUIKeywordMain.groovy:26)
	at com.kms.katalon.core.webui.keyword.builtin.ClickKeyword.click(ClickKeyword.groovy:74)
	at com.kms.katalon.core.webui.keyword.builtin.ClickKeyword.execute(ClickKeyword.groovy:40)
	at com.kms.katalon.core.keyword.internal.KeywordExecutor.executeKeywordForPlatform(KeywordExecutor.groovy:74)
	at com.kms.katalon.core.webui.keyword.WebUiBuiltInKeywords.click(WebUiBuiltInKeywords.groovy:620)
	at com.kms.katalon.core.webui.keyword.WebUiBuiltInKeywords$click$1.call(Unknown Source)
	at test case 25.run(test case 25:45)
	at com.kms.katalon.core.main.ScriptEngine.run(ScriptEngine.java:194)
	at com.kms.katalon.core.main.ScriptEngine.runScriptAsRawText(ScriptEngine.java:119)
	at com.kms.katalon.core.main.TestCaseExecutor.runScript(TestCaseExecutor.java:442)
	at com.kms.katalon.core.main.TestCaseExecutor.doExecute(TestCaseExecutor.java:433)
	at com.kms.katalon.core.main.TestCaseExecutor.processExecutionPhase(TestCaseExecutor.java:412)
	at com.kms.katalon.core.main.TestCaseExecutor.accessMainPhase(TestCaseExecutor.java:404)
	at com.kms.katalon.core.main.TestCaseExecutor.execute(TestCaseExecutor.java:281)
	at com.kms.katalon.core.main.TestSuiteExecutor.accessTestCaseMainPhase(TestSuiteExecutor.java:202)
	at com.kms.katalon.core.main.TestSuiteExecutor.accessTestSuiteMainPhase(TestSuiteExecutor.java:164)
	at com.kms.katalon.core.main.TestSuiteExecutor.execute(TestSuiteExecutor.java:105)
	at com.kms.katalon.core.main.TestCaseMain.startTestSuite(TestCaseMain.java:181)
	at com.kms.katalon.core.main.TestCaseMain$startTestSuite$0.call(Unknown Source)
	at TempTestSuite1642352008938.run(TempTestSuite1642352008938.groovy:36)
Caused by: com.kms.katalon.core.webui.exception.WebElementNotFoundException: Web element with id: 'Object Repository/Page_Math/input_No enrolment key required_submitbutton' located by '//input[@id='id_submitbutton']' not found
	at com.kms.katalon.core.webui.common.WebUiCommonHelper.findWebElement(WebUiCommonHelper.java:1368)
	at com.kms.katalon.core.webui.keyword.internal.WebUIAbstractKeyword.findWebElement(WebUIAbstractKeyword.groovy:27)
	at com.kms.katalon.core.webui.keyword.builtin.ClickKeyword$_click_closure1.doCall(ClickKeyword.groovy:65)
	at com.kms.katalon.core.webui.keyword.builtin.ClickKeyword$_click_closure1.call(ClickKeyword.groovy)
	at com.kms.katalon.core.webui.keyword.internal.WebUIKeywordMain.runKeyword(WebUIKeywordMain.groovy:20)
	... 19 more]]></system-err>
      </testcase>
      <testcase name="Test Cases/test case 26" time="77.668" classname="Test Cases/test case 26" status="FAILED">
         <failure type="FAILED" message="Test Cases/test case 26 FAILED.
Reason:
com.kms.katalon.core.exception.StepFailedException: Unable to click on object 'Object Repository/Page_Math/input_No enrolment key required_submitbutton'
	at com.kms.katalon.core.webui.keyword.internal.WebUIKeywordMain.stepFailed(WebUIKeywordMain.groovy:64)
	at com.kms.katalon.core.webui.keyword.internal.WebUIKeywordMain.runKeyword(WebUIKeywordMain.groovy:26)
	at com.kms.katalon.core.webui.keyword.builtin.ClickKeyword.click(ClickKeyword.groovy:74)
	at com.kms.katalon.core.webui.keyword.builtin.ClickKeyword.execute(ClickKeyword.groovy:40)
	at com.kms.katalon.core.keyword.internal.KeywordExecutor.executeKeywordForPlatform(KeywordExecutor.groovy:74)
	at com.kms.katalon.core.webui.keyword.WebUiBuiltInKeywords.click(WebUiBuiltInKeywords.groovy:620)
	at com.kms.katalon.core.webui.keyword.WebUiBuiltInKeywords$click$1.call(Unknown Source)
	at test case 26.run(test case 26:43)
	at com.kms.katalon.core.main.ScriptEngine.run(ScriptEngine.java:194)
	at com.kms.katalon.core.main.ScriptEngine.runScriptAsRawText(ScriptEngine.java:119)
	at com.kms.katalon.core.main.TestCaseExecutor.runScript(TestCaseExecutor.java:442)
	at com.kms.katalon.core.main.TestCaseExecutor.doExecute(TestCaseExecutor.java:433)
	at com.kms.katalon.core.main.TestCaseExecutor.processExecutionPhase(TestCaseExecutor.java:412)
	at com.kms.katalon.core.main.TestCaseExecutor.accessMainPhase(TestCaseExecutor.java:404)
	at com.kms.katalon.core.main.TestCaseExecutor.execute(TestCaseExecutor.java:281)
	at com.kms.katalon.core.main.TestSuiteExecutor.accessTestCaseMainPhase(TestSuiteExecutor.java:202)
	at com.kms.katalon.core.main.TestSuiteExecutor.accessTestSuiteMainPhase(TestSuiteExecutor.java:164)
	at com.kms.katalon.core.main.TestSuiteExecutor.execute(TestSuiteExecutor.java:105)
	at com.kms.katalon.core.main.TestCaseMain.startTestSuite(TestCaseMain.java:181)
	at com.kms.katalon.core.main.TestCaseMain$startTestSuite$0.call(Unknown Source)
	at TempTestSuite1642352008938.run(TempTestSuite1642352008938.groovy:36)
Caused by: com.kms.katalon.core.webui.exception.WebElementNotFoundException: Web element with id: 'Object Repository/Page_Math/input_No enrolment key required_submitbutton' located by '//input[@id='id_submitbutton']' not found
	at com.kms.katalon.core.webui.common.WebUiCommonHelper.findWebElement(WebUiCommonHelper.java:1368)
	at com.kms.katalon.core.webui.keyword.internal.WebUIAbstractKeyword.findWebElement(WebUIAbstractKeyword.groovy:27)
	at com.kms.katalon.core.webui.keyword.builtin.ClickKeyword$_click_closure1.doCall(ClickKeyword.groovy:65)
	at com.kms.katalon.core.webui.keyword.builtin.ClickKeyword$_click_closure1.call(ClickKeyword.groovy)
	at com.kms.katalon.core.webui.keyword.internal.WebUIKeywordMain.runKeyword(WebUIKeywordMain.groovy:20)
	... 19 more
"/>
         <system-out><![CDATA[2022-01-17 00:41:02 - [TEST_CASE][FAILED] - Test Cases/test case 26: Test Cases/test case 26 FAILED.
Reason:
com.kms.katalon.core.exception.StepFailedException: Unable to click on object 'Object Repository/Page_Math/input_No enrolment key required_submitbutton'
	at com.kms.katalon.core.webui.keyword.internal.WebUIKeywordMain.stepFailed(WebUIKeywordMain.groovy:64)
	at com.kms.katalon.core.webui.keyword.internal.WebUIKeywordMain.runKeyword(WebUIKeywordMain.groovy:26)
	at com.kms.katalon.core.webui.keyword.builtin.ClickKeyword.click(ClickKeyword.groovy:74)
	at com.kms.katalon.core.webui.keyword.builtin.ClickKeyword.execute(ClickKeyword.groovy:40)
	at com.kms.katalon.core.keyword.internal.KeywordExecutor.executeKeywordForPlatform(KeywordExecutor.groovy:74)
	at com.kms.katalon.core.webui.keyword.WebUiBuiltInKeywords.click(WebUiBuiltInKeywords.groovy:620)
	at com.kms.katalon.core.webui.keyword.WebUiBuiltInKeywords$click$1.call(Unknown Source)
	at test case 26.run(test case 26:43)
	at com.kms.katalon.core.main.ScriptEngine.run(ScriptEngine.java:194)
	at com.kms.katalon.core.main.ScriptEngine.runScriptAsRawText(ScriptEngine.java:119)
	at com.kms.katalon.core.main.TestCaseExecutor.runScript(TestCaseExecutor.java:442)
	at com.kms.katalon.core.main.TestCaseExecutor.doExecute(TestCaseExecutor.java:433)
	at com.kms.katalon.core.main.TestCaseExecutor.processExecutionPhase(TestCaseExecutor.java:412)
	at com.kms.katalon.core.main.TestCaseExecutor.accessMainPhase(TestCaseExecutor.java:404)
	at com.kms.katalon.core.main.TestCaseExecutor.execute(TestCaseExecutor.java:281)
	at com.kms.katalon.core.main.TestSuiteExecutor.accessTestCaseMainPhase(TestSuiteExecutor.java:202)
	at com.kms.katalon.core.main.TestSuiteExecutor.accessTestSuiteMainPhase(TestSuiteExecutor.java:164)
	at com.kms.katalon.core.main.TestSuiteExecutor.execute(TestSuiteExecutor.java:105)
	at com.kms.katalon.core.main.TestCaseMain.startTestSuite(TestCaseMain.java:181)
	at com.kms.katalon.core.main.TestCaseMain$startTestSuite$0.call(Unknown Source)
	at TempTestSuite1642352008938.run(TempTestSuite1642352008938.groovy:36)
Caused by: com.kms.katalon.core.webui.exception.WebElementNotFoundException: Web element with id: 'Object Repository/Page_Math/input_No enrolment key required_submitbutton' located by '//input[@id='id_submitbutton']' not found
	at com.kms.katalon.core.webui.common.WebUiCommonHelper.findWebElement(WebUiCommonHelper.java:1368)
	at com.kms.katalon.core.webui.keyword.internal.WebUIAbstractKeyword.findWebElement(WebUIAbstractKeyword.groovy:27)
	at com.kms.katalon.core.webui.keyword.builtin.ClickKeyword$_click_closure1.doCall(ClickKeyword.groovy:65)
	at com.kms.katalon.core.webui.keyword.builtin.ClickKeyword$_click_closure1.call(ClickKeyword.groovy)
	at com.kms.katalon.core.webui.keyword.internal.WebUIKeywordMain.runKeyword(WebUIKeywordMain.groovy:20)
	... 19 more


2022-01-17 00:41:03 - [TEST_STEP][PASSED] - openBrowser(""): Browser is opened with url: ''

2022-01-17 00:41:03 - [MESSAGE][WARNING] - A browser is already opened. Closing browser and opening a new one

2022-01-17 00:41:03 - [MESSAGE][INFO] - Starting 'Chrome' driver

2022-01-17 00:41:03 - [MESSAGE][INFO] - Action delay is set to 0 milliseconds

2022-01-17 00:41:04 - [MESSAGE][PASSED] - Browser is opened with url: ''

2022-01-17 00:41:04 - [TEST_STEP][PASSED] - navigateToUrl("http://localhost/"): Navigate to 'http://localhost/' successfully

2022-01-17 00:41:06 - [MESSAGE][PASSED] - Navigate to 'http://localhost/' successfully

2022-01-17 00:41:06 - [TEST_STEP][PASSED] - click(findTestObject("Object Repository/Page_Moodle/a_Log in")): Object: 'Object Repository/Page_Moodle/a_Log in' is clicked on

2022-01-17 00:41:06 - [MESSAGE][PASSED] - Object: 'Object Repository/Page_Moodle/a_Log in' is clicked on

2022-01-17 00:41:06 - [TEST_STEP][PASSED] - setText(findTestObject("Object Repository/Page_Moodle Log in to the site/input_Username_username"), "nmthu"): Text 'nmthu' is set on object 'Object Repository/Page_Moodle Log in to the site/input_Username_username'

2022-01-17 00:41:07 - [MESSAGE][PASSED] - Text 'nmthu' is set on object 'Object Repository/Page_Moodle Log in to the site/input_Username_username'

2022-01-17 00:41:07 - [TEST_STEP][PASSED] - setEncryptedText(findTestObject("Object Repository/Page_Moodle Log in to the site/input_Password_password"), "zm/yZ1suVYniggK+4Jo9ew=="): Text ****** has been set on object 'Object Repository/Page_Moodle Log in to the site/input_Password_password'

2022-01-17 00:41:08 - [MESSAGE][PASSED] - Text ****** has been set on object 'Object Repository/Page_Moodle Log in to the site/input_Password_password'

2022-01-17 00:41:08 - [TEST_STEP][PASSED] - click(findTestObject("Object Repository/Page_Moodle Log in to the site/form_document.getElementById(anchor).value _70e5d4")): Object: 'Object Repository/Page_Moodle Log in to the site/form_document.getElementById(anchor).value _70e5d4' is clicked on

2022-01-17 00:41:08 - [MESSAGE][PASSED] - Object: 'Object Repository/Page_Moodle Log in to the site/form_document.getElementById(anchor).value _70e5d4' is clicked on

2022-01-17 00:41:08 - [TEST_STEP][PASSED] - click(findTestObject("Object Repository/Page_Moodle Log in to the site/button_Log in")): Object: 'Object Repository/Page_Moodle Log in to the site/button_Log in' is clicked on

2022-01-17 00:41:09 - [MESSAGE][PASSED] - Object: 'Object Repository/Page_Moodle Log in to the site/button_Log in' is clicked on

2022-01-17 00:41:09 - [TEST_STEP][PASSED] - click(findTestObject("Object Repository/Page_Dashboard/span_Site home")): Object: 'Object Repository/Page_Dashboard/span_Site home' is clicked on

2022-01-17 00:41:11 - [MESSAGE][PASSED] - Object: 'Object Repository/Page_Dashboard/span_Site home' is clicked on

2022-01-17 00:41:11 - [TEST_STEP][PASSED] - verifyElementText(findTestObject("Page_Moodle/a_Mathemetics"), "Mathemetics"): Actual text and expected text of test object 'Object Repository/Page_Moodle/a_Mathemetics' are matched.

2022-01-17 00:41:11 - [MESSAGE][PASSED] - Actual text and expected text of test object 'Object Repository/Page_Moodle/a_Mathemetics' are matched.

2022-01-17 00:41:11 - [TEST_STEP][PASSED] - click(findTestObject("Object Repository/Page_Moodle/a_Mathemetics")): Object: 'Object Repository/Page_Moodle/a_Mathemetics' is clicked on

2022-01-17 00:41:12 - [MESSAGE][PASSED] - Object: 'Object Repository/Page_Moodle/a_Mathemetics' is clicked on

2022-01-17 00:41:12 - [TEST_STEP][ERROR] - waitForElementVisible(findTestObject("Object Repository/Page_Math/input_No enrolment key required_submitbutton"), 0): Web element with id: 'Object Repository/Page_Math/input_No enrolment key required_submitbutton' located by '//input[@id='id_submitbutton']' not found

2022-01-17 00:41:12 - [MESSAGE][WARNING] - Timeout '0' is invalid. Using default page load timeout: '30'

2022-01-17 00:41:43 - [MESSAGE][INFO] - Unable to find the element located by 'By.xpath: //input[@id='id_submitbutton']'. Please recheck the objects properties to make sure the desired element is located. 

2022-01-17 00:41:43 - [MESSAGE][WARNING] - [SELF-HEALING] Failed to find element with id 'Object Repository/Page_Math/input_No enrolment key required_submitbutton'. Try using Self-healing.

2022-01-17 00:41:43 - [MESSAGE][INFO] - [SELF-HEALING] Failed Locator: '//input[@id='id_submitbutton']'.

2022-01-17 00:41:43 - [MESSAGE][INFO] - [SELF-HEALING] Failed Locator: '//div[@id='yui_3_17_2_1_1642218385650_67']/input'.

2022-01-17 00:41:44 - [MESSAGE][INFO] - [SELF-HEALING] Working Locator: '//div[2]/input'.

2022-01-17 00:41:44 - [MESSAGE][ERROR] - [SELF-HEALING] Cannot save screenshot to: D:\Test-Automation-SE-Bonus\Test-Automation-SE-Bonus\Reports\Self-healing, reason: unknown error: unhandled inspector error: {"code":-32000,"message":"Cannot take screenshot with 0 width."}
  (Session info: chrome=97.0.4692.71)
Build info: version: '3.141.59', revision: 'e82be7d358', time: '2018-11-14T08:25:53'
System info: host: 'DESKTOP-5AUJFCN', ip: '192.168.1.8', os.name: 'Windows 10', os.arch: 'amd64', os.version: '10.0', java.version: '1.8.0_282'
Driver info: com.kms.katalon.selenium.driver.CChromeDriver
Capabilities {acceptInsecureCerts: false, browserName: chrome, browserVersion: 97.0.4692.71, chrome: {chromedriverVersion: 97.0.4692.71 (adefa7837d02a..., userDataDir: C:\Users\LENOVO\AppData\Loc...}, goog:chromeOptions: {debuggerAddress: localhost:53553}, javascriptEnabled: true, networkConnectionEnabled: false, pageLoadStrategy: normal, platform: WINDOWS, platformName: WINDOWS, proxy: Proxy(), setWindowRect: true, strictFileInteractability: false, timeouts: {implicit: 0, pageLoad: 300000, script: 30000}, unhandledPromptBehavior: dismiss and notify, webauthn:extension:credBlob: true, webauthn:extension:largeBlob: true, webauthn:virtualAuthenticators: true}
Session ID: 7516662e4a9871c99add07f7395eb6bc.

2022-01-17 00:41:44 - [MESSAGE][ERROR] - [SELF-HEALING] Cannot save screenshot to: D:\Test-Automation-SE-Bonus\Test-Automation-SE-Bonus\Reports\Self-healing, reason: unknown error: unhandled inspector error: {"code":-32000,"message":"Cannot take screenshot with 0 width."}
  (Session info: chrome=97.0.4692.71)
Build info: version: '3.141.59', revision: 'e82be7d358', time: '2018-11-14T08:25:53'
System info: host: 'DESKTOP-5AUJFCN', ip: '192.168.1.8', os.name: 'Windows 10', os.arch: 'amd64', os.version: '10.0', java.version: '1.8.0_282'
Driver info: com.kms.katalon.selenium.driver.CChromeDriver
Capabilities {acceptInsecureCerts: false, browserName: chrome, browserVersion: 97.0.4692.71, chrome: {chromedriverVersion: 97.0.4692.71 (adefa7837d02a..., userDataDir: C:\Users\LENOVO\AppData\Loc...}, goog:chromeOptions: {debuggerAddress: localhost:53553}, javascriptEnabled: true, networkConnectionEnabled: false, pageLoadStrategy: normal, platform: WINDOWS, platformName: WINDOWS, proxy: Proxy(), setWindowRect: true, strictFileInteractability: false, timeouts: {implicit: 0, pageLoad: 300000, script: 30000}, unhandledPromptBehavior: dismiss and notify, webauthn:extension:credBlob: true, webauthn:extension:largeBlob: true, webauthn:virtualAuthenticators: true}
Session ID: 7516662e4a9871c99add07f7395eb6bc.

2022-01-17 00:41:44 - [MESSAGE][WARNING] - [SELF-HEALING] 'other' is different type of Path

2022-01-17 00:41:45 - [MESSAGE][INFO] - Unable to find the element located by 'By.xpath: //*[@type = 'submit' and @name = 'submitbutton' and @id = 'id_submitbutton']'. Please recheck the objects properties to make sure the desired element is located. 

2022-01-17 00:41:46 - [MESSAGE][INFO] - Unable to find the element located by 'By.cssSelector: #id_submitbutton'. Please recheck the objects properties to make sure the desired element is located. 

2022-01-17 00:41:46 - [MESSAGE][WARNING] - Web element with id: 'Object Repository/Page_Math/input_No enrolment key required_submitbutton' located by '//input[@id='id_submitbutton']' not found

2022-01-17 00:41:46 - [TEST_STEP][FAILED] - click(findTestObject("Object Repository/Page_Math/input_No enrolment key required_submitbutton")): Unable to click on object 'Object Repository/Page_Math/input_No enrolment key required_submitbutton' (Root cause: com.kms.katalon.core.exception.StepFailedException: Unable to click on object 'Object Repository/Page_Math/input_No enrolment key required_submitbutton'
	at com.kms.katalon.core.webui.keyword.internal.WebUIKeywordMain.stepFailed(WebUIKeywordMain.groovy:64)
	at com.kms.katalon.core.webui.keyword.internal.WebUIKeywordMain.runKeyword(WebUIKeywordMain.groovy:26)
	at com.kms.katalon.core.webui.keyword.builtin.ClickKeyword.click(ClickKeyword.groovy:74)
	at com.kms.katalon.core.webui.keyword.builtin.ClickKeyword.execute(ClickKeyword.groovy:40)
	at com.kms.katalon.core.keyword.internal.KeywordExecutor.executeKeywordForPlatform(KeywordExecutor.groovy:74)
	at com.kms.katalon.core.webui.keyword.WebUiBuiltInKeywords.click(WebUiBuiltInKeywords.groovy:620)
	at com.kms.katalon.core.webui.keyword.WebUiBuiltInKeywords$click$1.call(Unknown Source)
	at test case 26.run(test case 26:43)
	at com.kms.katalon.core.main.ScriptEngine.run(ScriptEngine.java:194)
	at com.kms.katalon.core.main.ScriptEngine.runScriptAsRawText(ScriptEngine.java:119)
	at com.kms.katalon.core.main.TestCaseExecutor.runScript(TestCaseExecutor.java:442)
	at com.kms.katalon.core.main.TestCaseExecutor.doExecute(TestCaseExecutor.java:433)
	at com.kms.katalon.core.main.TestCaseExecutor.processExecutionPhase(TestCaseExecutor.java:412)
	at com.kms.katalon.core.main.TestCaseExecutor.accessMainPhase(TestCaseExecutor.java:404)
	at com.kms.katalon.core.main.TestCaseExecutor.execute(TestCaseExecutor.java:281)
	at com.kms.katalon.core.main.TestSuiteExecutor.accessTestCaseMainPhase(TestSuiteExecutor.java:202)
	at com.kms.katalon.core.main.TestSuiteExecutor.accessTestSuiteMainPhase(TestSuiteExecutor.java:164)
	at com.kms.katalon.core.main.TestSuiteExecutor.execute(TestSuiteExecutor.java:105)
	at com.kms.katalon.core.main.TestCaseMain.startTestSuite(TestCaseMain.java:181)
	at com.kms.katalon.core.main.TestCaseMain$startTestSuite$0.call(Unknown Source)
	at TempTestSuite1642352008938.run(TempTestSuite1642352008938.groovy:36)
Caused by: com.kms.katalon.core.webui.exception.WebElementNotFoundException: Web element with id: 'Object Repository/Page_Math/input_No enrolment key required_submitbutton' located by '//input[@id='id_submitbutton']' not found
	at com.kms.katalon.core.webui.common.WebUiCommonHelper.findWebElement(WebUiCommonHelper.java:1368)
	at com.kms.katalon.core.webui.keyword.internal.WebUIAbstractKeyword.findWebElement(WebUIAbstractKeyword.groovy:27)
	at com.kms.katalon.core.webui.keyword.builtin.ClickKeyword$_click_closure1.doCall(ClickKeyword.groovy:65)
	at com.kms.katalon.core.webui.keyword.builtin.ClickKeyword$_click_closure1.call(ClickKeyword.groovy)
	at com.kms.katalon.core.webui.keyword.internal.WebUIKeywordMain.runKeyword(WebUIKeywordMain.groovy:20)
	at com.kms.katalon.core.webui.keyword.builtin.ClickKeyword.click(ClickKeyword.groovy:74)
	at com.kms.katalon.core.webui.keyword.builtin.ClickKeyword.execute(ClickKeyword.groovy:40)
	at com.kms.katalon.core.keyword.internal.KeywordExecutor.executeKeywordForPlatform(KeywordExecutor.groovy:74)
	at com.kms.katalon.core.webui.keyword.WebUiBuiltInKeywords.click(WebUiBuiltInKeywords.groovy:620)
	at com.kms.katalon.core.webui.keyword.WebUiBuiltInKeywords$click$1.call(Unknown Source)
	at Script1642166566235.run(Script1642166566235.groovy:43)
	... 13 more
)

2022-01-17 00:42:17 - [MESSAGE][INFO] - Unable to find the element located by 'By.xpath: //input[@id='id_submitbutton']'. Please recheck the objects properties to make sure the desired element is located. 

2022-01-17 00:42:17 - [MESSAGE][WARNING] - [SELF-HEALING] Failed to find element with id 'Object Repository/Page_Math/input_No enrolment key required_submitbutton'. Try using Self-healing.

2022-01-17 00:42:17 - [MESSAGE][INFO] - [SELF-HEALING] Failed Locator: '//input[@id='id_submitbutton']'.

2022-01-17 00:42:17 - [MESSAGE][INFO] - [SELF-HEALING] Failed Locator: '//div[@id='yui_3_17_2_1_1642218385650_67']/input'.

2022-01-17 00:42:18 - [MESSAGE][INFO] - [SELF-HEALING] Working Locator: '//div[2]/input'.

2022-01-17 00:42:18 - [MESSAGE][ERROR] - [SELF-HEALING] Cannot save screenshot to: D:\Test-Automation-SE-Bonus\Test-Automation-SE-Bonus\Reports\Self-healing, reason: unknown error: unhandled inspector error: {"code":-32000,"message":"Cannot take screenshot with 0 width."}
  (Session info: chrome=97.0.4692.71)
Build info: version: '3.141.59', revision: 'e82be7d358', time: '2018-11-14T08:25:53'
System info: host: 'DESKTOP-5AUJFCN', ip: '192.168.1.8', os.name: 'Windows 10', os.arch: 'amd64', os.version: '10.0', java.version: '1.8.0_282'
Driver info: com.kms.katalon.selenium.driver.CChromeDriver
Capabilities {acceptInsecureCerts: false, browserName: chrome, browserVersion: 97.0.4692.71, chrome: {chromedriverVersion: 97.0.4692.71 (adefa7837d02a..., userDataDir: C:\Users\LENOVO\AppData\Loc...}, goog:chromeOptions: {debuggerAddress: localhost:53553}, javascriptEnabled: true, networkConnectionEnabled: false, pageLoadStrategy: normal, platform: WINDOWS, platformName: WINDOWS, proxy: Proxy(), setWindowRect: true, strictFileInteractability: false, timeouts: {implicit: 0, pageLoad: 300000, script: 30000}, unhandledPromptBehavior: dismiss and notify, webauthn:extension:credBlob: true, webauthn:extension:largeBlob: true, webauthn:virtualAuthenticators: true}
Session ID: 7516662e4a9871c99add07f7395eb6bc.

2022-01-17 00:42:18 - [MESSAGE][ERROR] - [SELF-HEALING] Cannot save screenshot to: D:\Test-Automation-SE-Bonus\Test-Automation-SE-Bonus\Reports\Self-healing, reason: unknown error: unhandled inspector error: {"code":-32000,"message":"Cannot take screenshot with 0 width."}
  (Session info: chrome=97.0.4692.71)
Build info: version: '3.141.59', revision: 'e82be7d358', time: '2018-11-14T08:25:53'
System info: host: 'DESKTOP-5AUJFCN', ip: '192.168.1.8', os.name: 'Windows 10', os.arch: 'amd64', os.version: '10.0', java.version: '1.8.0_282'
Driver info: com.kms.katalon.selenium.driver.CChromeDriver
Capabilities {acceptInsecureCerts: false, browserName: chrome, browserVersion: 97.0.4692.71, chrome: {chromedriverVersion: 97.0.4692.71 (adefa7837d02a..., userDataDir: C:\Users\LENOVO\AppData\Loc...}, goog:chromeOptions: {debuggerAddress: localhost:53553}, javascriptEnabled: true, networkConnectionEnabled: false, pageLoadStrategy: normal, platform: WINDOWS, platformName: WINDOWS, proxy: Proxy(), setWindowRect: true, strictFileInteractability: false, timeouts: {implicit: 0, pageLoad: 300000, script: 30000}, unhandledPromptBehavior: dismiss and notify, webauthn:extension:credBlob: true, webauthn:extension:largeBlob: true, webauthn:virtualAuthenticators: true}
Session ID: 7516662e4a9871c99add07f7395eb6bc.

2022-01-17 00:42:18 - [MESSAGE][WARNING] - [SELF-HEALING] 'other' is different type of Path

2022-01-17 00:42:19 - [MESSAGE][INFO] - Unable to find the element located by 'By.xpath: //*[@type = 'submit' and @name = 'submitbutton' and @id = 'id_submitbutton']'. Please recheck the objects properties to make sure the desired element is located. 

2022-01-17 00:42:20 - [MESSAGE][INFO] - Unable to find the element located by 'By.cssSelector: #id_submitbutton'. Please recheck the objects properties to make sure the desired element is located. 

2022-01-17 00:42:20 - [MESSAGE][FAILED] - Unable to click on object 'Object Repository/Page_Math/input_No enrolment key required_submitbutton' (Root cause: com.kms.katalon.core.exception.StepFailedException: Unable to click on object 'Object Repository/Page_Math/input_No enrolment key required_submitbutton'
	at com.kms.katalon.core.webui.keyword.internal.WebUIKeywordMain.stepFailed(WebUIKeywordMain.groovy:64)
	at com.kms.katalon.core.webui.keyword.internal.WebUIKeywordMain.runKeyword(WebUIKeywordMain.groovy:26)
	at com.kms.katalon.core.webui.keyword.builtin.ClickKeyword.click(ClickKeyword.groovy:74)
	at com.kms.katalon.core.webui.keyword.builtin.ClickKeyword.execute(ClickKeyword.groovy:40)
	at com.kms.katalon.core.keyword.internal.KeywordExecutor.executeKeywordForPlatform(KeywordExecutor.groovy:74)
	at com.kms.katalon.core.webui.keyword.WebUiBuiltInKeywords.click(WebUiBuiltInKeywords.groovy:620)
	at com.kms.katalon.core.webui.keyword.WebUiBuiltInKeywords$click$1.call(Unknown Source)
	at test case 26.run(test case 26:43)
	at com.kms.katalon.core.main.ScriptEngine.run(ScriptEngine.java:194)
	at com.kms.katalon.core.main.ScriptEngine.runScriptAsRawText(ScriptEngine.java:119)
	at com.kms.katalon.core.main.TestCaseExecutor.runScript(TestCaseExecutor.java:442)
	at com.kms.katalon.core.main.TestCaseExecutor.doExecute(TestCaseExecutor.java:433)
	at com.kms.katalon.core.main.TestCaseExecutor.processExecutionPhase(TestCaseExecutor.java:412)
	at com.kms.katalon.core.main.TestCaseExecutor.accessMainPhase(TestCaseExecutor.java:404)
	at com.kms.katalon.core.main.TestCaseExecutor.execute(TestCaseExecutor.java:281)
	at com.kms.katalon.core.main.TestSuiteExecutor.accessTestCaseMainPhase(TestSuiteExecutor.java:202)
	at com.kms.katalon.core.main.TestSuiteExecutor.accessTestSuiteMainPhase(TestSuiteExecutor.java:164)
	at com.kms.katalon.core.main.TestSuiteExecutor.execute(TestSuiteExecutor.java:105)
	at com.kms.katalon.core.main.TestCaseMain.startTestSuite(TestCaseMain.java:181)
	at com.kms.katalon.core.main.TestCaseMain$startTestSuite$0.call(Unknown Source)
	at TempTestSuite1642352008938.run(TempTestSuite1642352008938.groovy:36)
Caused by: com.kms.katalon.core.webui.exception.WebElementNotFoundException: Web element with id: 'Object Repository/Page_Math/input_No enrolment key required_submitbutton' located by '//input[@id='id_submitbutton']' not found
	at com.kms.katalon.core.webui.common.WebUiCommonHelper.findWebElement(WebUiCommonHelper.java:1368)
	at com.kms.katalon.core.webui.keyword.internal.WebUIAbstractKeyword.findWebElement(WebUIAbstractKeyword.groovy:27)
	at com.kms.katalon.core.webui.keyword.builtin.ClickKeyword$_click_closure1.doCall(ClickKeyword.groovy:65)
	at com.kms.katalon.core.webui.keyword.builtin.ClickKeyword$_click_closure1.call(ClickKeyword.groovy)
	at com.kms.katalon.core.webui.keyword.internal.WebUIKeywordMain.runKeyword(WebUIKeywordMain.groovy:20)
	at com.kms.katalon.core.webui.keyword.builtin.ClickKeyword.click(ClickKeyword.groovy:74)
	at com.kms.katalon.core.webui.keyword.builtin.ClickKeyword.execute(ClickKeyword.groovy:40)
	at com.kms.katalon.core.keyword.internal.KeywordExecutor.executeKeywordForPlatform(KeywordExecutor.groovy:74)
	at com.kms.katalon.core.webui.keyword.WebUiBuiltInKeywords.click(WebUiBuiltInKeywords.groovy:620)
	at com.kms.katalon.core.webui.keyword.WebUiBuiltInKeywords$click$1.call(Unknown Source)
	at Script1642166566235.run(Script1642166566235.groovy:43)
	... 13 more
)
[[ATTACHMENT|D:\\Test-Automation-SE-Bonus\\Test-Automation-SE-Bonus\\Reports\\20220116_235327\\Run all test cases\\20220116_235328\\1642354940355.png]]]]></system-out>
         <system-err><![CDATA[2022-01-17 00:41:02 - [TEST_CASE][FAILED] - Test Cases/test case 26: Test Cases/test case 26 FAILED.
Reason:
com.kms.katalon.core.exception.StepFailedException: Unable to click on object 'Object Repository/Page_Math/input_No enrolment key required_submitbutton'
	at com.kms.katalon.core.webui.keyword.internal.WebUIKeywordMain.stepFailed(WebUIKeywordMain.groovy:64)
	at com.kms.katalon.core.webui.keyword.internal.WebUIKeywordMain.runKeyword(WebUIKeywordMain.groovy:26)
	at com.kms.katalon.core.webui.keyword.builtin.ClickKeyword.click(ClickKeyword.groovy:74)
	at com.kms.katalon.core.webui.keyword.builtin.ClickKeyword.execute(ClickKeyword.groovy:40)
	at com.kms.katalon.core.keyword.internal.KeywordExecutor.executeKeywordForPlatform(KeywordExecutor.groovy:74)
	at com.kms.katalon.core.webui.keyword.WebUiBuiltInKeywords.click(WebUiBuiltInKeywords.groovy:620)
	at com.kms.katalon.core.webui.keyword.WebUiBuiltInKeywords$click$1.call(Unknown Source)
	at test case 26.run(test case 26:43)
	at com.kms.katalon.core.main.ScriptEngine.run(ScriptEngine.java:194)
	at com.kms.katalon.core.main.ScriptEngine.runScriptAsRawText(ScriptEngine.java:119)
	at com.kms.katalon.core.main.TestCaseExecutor.runScript(TestCaseExecutor.java:442)
	at com.kms.katalon.core.main.TestCaseExecutor.doExecute(TestCaseExecutor.java:433)
	at com.kms.katalon.core.main.TestCaseExecutor.processExecutionPhase(TestCaseExecutor.java:412)
	at com.kms.katalon.core.main.TestCaseExecutor.accessMainPhase(TestCaseExecutor.java:404)
	at com.kms.katalon.core.main.TestCaseExecutor.execute(TestCaseExecutor.java:281)
	at com.kms.katalon.core.main.TestSuiteExecutor.accessTestCaseMainPhase(TestSuiteExecutor.java:202)
	at com.kms.katalon.core.main.TestSuiteExecutor.accessTestSuiteMainPhase(TestSuiteExecutor.java:164)
	at com.kms.katalon.core.main.TestSuiteExecutor.execute(TestSuiteExecutor.java:105)
	at com.kms.katalon.core.main.TestCaseMain.startTestSuite(TestCaseMain.java:181)
	at com.kms.katalon.core.main.TestCaseMain$startTestSuite$0.call(Unknown Source)
	at TempTestSuite1642352008938.run(TempTestSuite1642352008938.groovy:36)
Caused by: com.kms.katalon.core.webui.exception.WebElementNotFoundException: Web element with id: 'Object Repository/Page_Math/input_No enrolment key required_submitbutton' located by '//input[@id='id_submitbutton']' not found
	at com.kms.katalon.core.webui.common.WebUiCommonHelper.findWebElement(WebUiCommonHelper.java:1368)
	at com.kms.katalon.core.webui.keyword.internal.WebUIAbstractKeyword.findWebElement(WebUIAbstractKeyword.groovy:27)
	at com.kms.katalon.core.webui.keyword.builtin.ClickKeyword$_click_closure1.doCall(ClickKeyword.groovy:65)
	at com.kms.katalon.core.webui.keyword.builtin.ClickKeyword$_click_closure1.call(ClickKeyword.groovy)
	at com.kms.katalon.core.webui.keyword.internal.WebUIKeywordMain.runKeyword(WebUIKeywordMain.groovy:20)
	... 19 more]]></system-err>
      </testcase>
      <testcase name="Test Cases/test case 27" time="106.252" classname="Test Cases/test case 27" status="FAILED">
         <failure type="FAILED" message="Test Cases/test case 27 FAILED.
Reason:
com.kms.katalon.core.exception.StepFailedException: Verify element text of test object 'Object Repository/Page_Mood Calendar Detailed month view Janu_18fc56/h5_3 weeks for Tet' FAILED.
	at com.kms.katalon.core.webui.keyword.internal.WebUIKeywordMain.stepFailed(WebUIKeywordMain.groovy:64)
	at com.kms.katalon.core.webui.keyword.internal.WebUIKeywordMain.runKeyword(WebUIKeywordMain.groovy:26)
	at com.kms.katalon.core.webui.keyword.builtin.VerifyElementTextKeyword.verifyElementText(VerifyElementTextKeyword.groovy:72)
	at com.kms.katalon.core.webui.keyword.builtin.VerifyElementTextKeyword.execute(VerifyElementTextKeyword.groovy:40)
	at com.kms.katalon.core.keyword.internal.KeywordExecutor.executeKeywordForPlatform(KeywordExecutor.groovy:74)
	at com.kms.katalon.core.webui.keyword.WebUiBuiltInKeywords.verifyElementText(WebUiBuiltInKeywords.groovy:4749)
	at com.kms.katalon.core.webui.keyword.WebUiBuiltInKeywords$verifyElementText$7.call(Unknown Source)
	at test case 27.run(test case 27:40)
	at com.kms.katalon.core.main.ScriptEngine.run(ScriptEngine.java:194)
	at com.kms.katalon.core.main.ScriptEngine.runScriptAsRawText(ScriptEngine.java:119)
	at com.kms.katalon.core.main.TestCaseExecutor.runScript(TestCaseExecutor.java:442)
	at com.kms.katalon.core.main.TestCaseExecutor.doExecute(TestCaseExecutor.java:433)
	at com.kms.katalon.core.main.TestCaseExecutor.processExecutionPhase(TestCaseExecutor.java:412)
	at com.kms.katalon.core.main.TestCaseExecutor.accessMainPhase(TestCaseExecutor.java:404)
	at com.kms.katalon.core.main.TestCaseExecutor.execute(TestCaseExecutor.java:281)
	at com.kms.katalon.core.main.TestSuiteExecutor.accessTestCaseMainPhase(TestSuiteExecutor.java:202)
	at com.kms.katalon.core.main.TestSuiteExecutor.accessTestSuiteMainPhase(TestSuiteExecutor.java:164)
	at com.kms.katalon.core.main.TestSuiteExecutor.execute(TestSuiteExecutor.java:105)
	at com.kms.katalon.core.main.TestCaseMain.startTestSuite(TestCaseMain.java:181)
	at com.kms.katalon.core.main.TestCaseMain$startTestSuite$0.call(Unknown Source)
	at TempTestSuite1642352008938.run(TempTestSuite1642352008938.groovy:36)
Caused by: com.kms.katalon.core.exception.StepFailedException: com.kms.katalon.core.webui.exception.WebElementNotFoundException: Web element with id: 'Object Repository/Page_Mood Calendar Detailed month view Janu_18fc56/h5_3 weeks for Tet' located by '//h5[@id='4-modal-title']' not found
	at com.kms.katalon.core.webui.keyword.internal.WebUIKeywordMain.stepFailed(WebUIKeywordMain.groovy:64)
	at com.kms.katalon.core.webui.keyword.builtin.VerifyElementTextKeyword$_verifyElementText_closure1.doCall(VerifyElementTextKeyword.groovy:64)
	at com.kms.katalon.core.webui.keyword.builtin.VerifyElementTextKeyword$_verifyElementText_closure1.call(VerifyElementTextKeyword.groovy)
	at com.kms.katalon.core.webui.keyword.internal.WebUIKeywordMain.runKeyword(WebUIKeywordMain.groovy:20)
	... 19 more
"/>
         <system-out><![CDATA[2022-01-17 00:42:20 - [TEST_CASE][FAILED] - Test Cases/test case 27: Test Cases/test case 27 FAILED.
Reason:
com.kms.katalon.core.exception.StepFailedException: Verify element text of test object 'Object Repository/Page_Mood Calendar Detailed month view Janu_18fc56/h5_3 weeks for Tet' FAILED.
	at com.kms.katalon.core.webui.keyword.internal.WebUIKeywordMain.stepFailed(WebUIKeywordMain.groovy:64)
	at com.kms.katalon.core.webui.keyword.internal.WebUIKeywordMain.runKeyword(WebUIKeywordMain.groovy:26)
	at com.kms.katalon.core.webui.keyword.builtin.VerifyElementTextKeyword.verifyElementText(VerifyElementTextKeyword.groovy:72)
	at com.kms.katalon.core.webui.keyword.builtin.VerifyElementTextKeyword.execute(VerifyElementTextKeyword.groovy:40)
	at com.kms.katalon.core.keyword.internal.KeywordExecutor.executeKeywordForPlatform(KeywordExecutor.groovy:74)
	at com.kms.katalon.core.webui.keyword.WebUiBuiltInKeywords.verifyElementText(WebUiBuiltInKeywords.groovy:4749)
	at com.kms.katalon.core.webui.keyword.WebUiBuiltInKeywords$verifyElementText$7.call(Unknown Source)
	at test case 27.run(test case 27:40)
	at com.kms.katalon.core.main.ScriptEngine.run(ScriptEngine.java:194)
	at com.kms.katalon.core.main.ScriptEngine.runScriptAsRawText(ScriptEngine.java:119)
	at com.kms.katalon.core.main.TestCaseExecutor.runScript(TestCaseExecutor.java:442)
	at com.kms.katalon.core.main.TestCaseExecutor.doExecute(TestCaseExecutor.java:433)
	at com.kms.katalon.core.main.TestCaseExecutor.processExecutionPhase(TestCaseExecutor.java:412)
	at com.kms.katalon.core.main.TestCaseExecutor.accessMainPhase(TestCaseExecutor.java:404)
	at com.kms.katalon.core.main.TestCaseExecutor.execute(TestCaseExecutor.java:281)
	at com.kms.katalon.core.main.TestSuiteExecutor.accessTestCaseMainPhase(TestSuiteExecutor.java:202)
	at com.kms.katalon.core.main.TestSuiteExecutor.accessTestSuiteMainPhase(TestSuiteExecutor.java:164)
	at com.kms.katalon.core.main.TestSuiteExecutor.execute(TestSuiteExecutor.java:105)
	at com.kms.katalon.core.main.TestCaseMain.startTestSuite(TestCaseMain.java:181)
	at com.kms.katalon.core.main.TestCaseMain$startTestSuite$0.call(Unknown Source)
	at TempTestSuite1642352008938.run(TempTestSuite1642352008938.groovy:36)
Caused by: com.kms.katalon.core.exception.StepFailedException: com.kms.katalon.core.webui.exception.WebElementNotFoundException: Web element with id: 'Object Repository/Page_Mood Calendar Detailed month view Janu_18fc56/h5_3 weeks for Tet' located by '//h5[@id='4-modal-title']' not found
	at com.kms.katalon.core.webui.keyword.internal.WebUIKeywordMain.stepFailed(WebUIKeywordMain.groovy:64)
	at com.kms.katalon.core.webui.keyword.builtin.VerifyElementTextKeyword$_verifyElementText_closure1.doCall(VerifyElementTextKeyword.groovy:64)
	at com.kms.katalon.core.webui.keyword.builtin.VerifyElementTextKeyword$_verifyElementText_closure1.call(VerifyElementTextKeyword.groovy)
	at com.kms.katalon.core.webui.keyword.internal.WebUIKeywordMain.runKeyword(WebUIKeywordMain.groovy:20)
	... 19 more


2022-01-17 00:42:20 - [TEST_STEP][PASSED] - openBrowser(""): Browser is opened with url: ''

2022-01-17 00:42:20 - [MESSAGE][WARNING] - A browser is already opened. Closing browser and opening a new one

2022-01-17 00:42:21 - [MESSAGE][INFO] - Starting 'Chrome' driver

2022-01-17 00:42:21 - [MESSAGE][INFO] - Action delay is set to 0 milliseconds

2022-01-17 00:42:22 - [MESSAGE][PASSED] - Browser is opened with url: ''

2022-01-17 00:42:22 - [TEST_STEP][PASSED] - navigateToUrl("http://localhost/"): Navigate to 'http://localhost/' successfully

2022-01-17 00:42:23 - [MESSAGE][PASSED] - Navigate to 'http://localhost/' successfully

2022-01-17 00:42:23 - [TEST_STEP][PASSED] - click(findTestObject("Object Repository/Page_Moodle/a_Log in")): Object: 'Object Repository/Page_Moodle/a_Log in' is clicked on

2022-01-17 00:42:24 - [MESSAGE][PASSED] - Object: 'Object Repository/Page_Moodle/a_Log in' is clicked on

2022-01-17 00:42:24 - [TEST_STEP][PASSED] - setText(findTestObject("Object Repository/Page_Moodle Log in to the site/input_Username_username"), "nmthu"): Text 'nmthu' is set on object 'Object Repository/Page_Moodle Log in to the site/input_Username_username'

2022-01-17 00:42:25 - [MESSAGE][PASSED] - Text 'nmthu' is set on object 'Object Repository/Page_Moodle Log in to the site/input_Username_username'

2022-01-17 00:42:25 - [TEST_STEP][PASSED] - setEncryptedText(findTestObject("Object Repository/Page_Moodle Log in to the site/input_Password_password"), "zm/yZ1suVYniggK+4Jo9ew=="): Text ****** has been set on object 'Object Repository/Page_Moodle Log in to the site/input_Password_password'

2022-01-17 00:42:25 - [MESSAGE][PASSED] - Text ****** has been set on object 'Object Repository/Page_Moodle Log in to the site/input_Password_password'

2022-01-17 00:42:25 - [TEST_STEP][PASSED] - click(findTestObject("Object Repository/Page_Moodle Log in to the site/button_Log in")): Object: 'Object Repository/Page_Moodle Log in to the site/button_Log in' is clicked on

2022-01-17 00:42:26 - [MESSAGE][PASSED] - Object: 'Object Repository/Page_Moodle Log in to the site/button_Log in' is clicked on

2022-01-17 00:42:26 - [TEST_STEP][PASSED] - verifyElementText(findTestObject("Object Repository/Page_Dashboard/span_Calendar"), "Calendar"): Actual text and expected text of test object 'Object Repository/Page_Dashboard/span_Calendar' are matched.

2022-01-17 00:42:27 - [MESSAGE][PASSED] - Actual text and expected text of test object 'Object Repository/Page_Dashboard/span_Calendar' are matched.

2022-01-17 00:42:27 - [TEST_STEP][PASSED] - click(findTestObject("Object Repository/Page_Dashboard/span_Calendar")): Object: 'Object Repository/Page_Dashboard/span_Calendar' is clicked on

2022-01-17 00:42:28 - [MESSAGE][PASSED] - Object: 'Object Repository/Page_Dashboard/span_Calendar' is clicked on

2022-01-17 00:42:28 - [TEST_STEP][PASSED] - verifyElementClickable(findTestObject("Object Repository/Page_Mood Calendar Detailed month view Janu_18fc56/a_3 weeks for Tet")): Object 'Object Repository/Page_Mood Calendar Detailed month view Janu_18fc56/a_3 weeks for Tet' is clickable

2022-01-17 00:42:59 - [MESSAGE][INFO] - Unable to find the element located by 'By.xpath: //table[@id='month-detailed-61e3a5257e82561e3a525554bc15']/tbody/tr[4]/td[7]/div/div/ul/li/a'. Please recheck the objects properties to make sure the desired element is located. 

2022-01-17 00:42:59 - [MESSAGE][WARNING] - [SELF-HEALING] Failed to find element with id 'Object Repository/Page_Mood Calendar Detailed month view Janu_18fc56/a_3 weeks for Tet'. Try using Self-healing.

2022-01-17 00:43:00 - [MESSAGE][WARNING] - [SELF-HEALING] The current locator of test object 'Object Repository/Page_Mood Calendar Detailed month view Janu_18fc56/a_3 weeks for Tet' was broken. Propose an alternative one: '(.//*[normalize-space(text()) and normalize-space(.)='No events, Saturday, 22 January'])[2]/following::a[2]'.

2022-01-17 00:43:00 - [MESSAGE][PASSED] - Object 'Object Repository/Page_Mood Calendar Detailed month view Janu_18fc56/a_3 weeks for Tet' is clickable

2022-01-17 00:43:00 - [TEST_STEP][PASSED] - click(findTestObject("Object Repository/Page_Mood Calendar Detailed month view Janu_18fc56/a_3 weeks for Tet")): Object: 'Object Repository/Page_Mood Calendar Detailed month view Janu_18fc56/a_3 weeks for Tet' is clicked on

2022-01-17 00:43:31 - [MESSAGE][INFO] - Unable to find the element located by 'By.xpath: //table[@id='month-detailed-61e3a5257e82561e3a525554bc15']/tbody/tr[4]/td[7]/div/div/ul/li/a'. Please recheck the objects properties to make sure the desired element is located. 

2022-01-17 00:43:31 - [MESSAGE][WARNING] - [SELF-HEALING] Failed to find element with id 'Object Repository/Page_Mood Calendar Detailed month view Janu_18fc56/a_3 weeks for Tet'. Try using Self-healing.

2022-01-17 00:43:31 - [MESSAGE][WARNING] - [SELF-HEALING] The current locator of test object 'Object Repository/Page_Mood Calendar Detailed month view Janu_18fc56/a_3 weeks for Tet' was broken. Propose an alternative one: '(.//*[normalize-space(text()) and normalize-space(.)='No events, Saturday, 22 January'])[2]/following::a[2]'.

2022-01-17 00:43:31 - [MESSAGE][PASSED] - Object: 'Object Repository/Page_Mood Calendar Detailed month view Janu_18fc56/a_3 weeks for Tet' is clicked on

2022-01-17 00:43:31 - [TEST_STEP][FAILED] - verifyElementText(findTestObject("Object Repository/Page_Mood Calendar Detailed month view Janu_18fc56/h5_3 weeks for Tet"), "3 weeks for Tet"): Verify element text of test object 'Object Repository/Page_Mood Calendar Detailed month view Janu_18fc56/h5_3 weeks for Tet' FAILED. (Root cause: com.kms.katalon.core.exception.StepFailedException: Verify element text of test object 'Object Repository/Page_Mood Calendar Detailed month view Janu_18fc56/h5_3 weeks for Tet' FAILED.
	at com.kms.katalon.core.webui.keyword.internal.WebUIKeywordMain.stepFailed(WebUIKeywordMain.groovy:64)
	at com.kms.katalon.core.webui.keyword.internal.WebUIKeywordMain.runKeyword(WebUIKeywordMain.groovy:26)
	at com.kms.katalon.core.webui.keyword.builtin.VerifyElementTextKeyword.verifyElementText(VerifyElementTextKeyword.groovy:72)
	at com.kms.katalon.core.webui.keyword.builtin.VerifyElementTextKeyword.execute(VerifyElementTextKeyword.groovy:40)
	at com.kms.katalon.core.keyword.internal.KeywordExecutor.executeKeywordForPlatform(KeywordExecutor.groovy:74)
	at com.kms.katalon.core.webui.keyword.WebUiBuiltInKeywords.verifyElementText(WebUiBuiltInKeywords.groovy:4749)
	at com.kms.katalon.core.webui.keyword.WebUiBuiltInKeywords$verifyElementText$7.call(Unknown Source)
	at test case 27.run(test case 27:40)
	at com.kms.katalon.core.main.ScriptEngine.run(ScriptEngine.java:194)
	at com.kms.katalon.core.main.ScriptEngine.runScriptAsRawText(ScriptEngine.java:119)
	at com.kms.katalon.core.main.TestCaseExecutor.runScript(TestCaseExecutor.java:442)
	at com.kms.katalon.core.main.TestCaseExecutor.doExecute(TestCaseExecutor.java:433)
	at com.kms.katalon.core.main.TestCaseExecutor.processExecutionPhase(TestCaseExecutor.java:412)
	at com.kms.katalon.core.main.TestCaseExecutor.accessMainPhase(TestCaseExecutor.java:404)
	at com.kms.katalon.core.main.TestCaseExecutor.execute(TestCaseExecutor.java:281)
	at com.kms.katalon.core.main.TestSuiteExecutor.accessTestCaseMainPhase(TestSuiteExecutor.java:202)
	at com.kms.katalon.core.main.TestSuiteExecutor.accessTestSuiteMainPhase(TestSuiteExecutor.java:164)
	at com.kms.katalon.core.main.TestSuiteExecutor.execute(TestSuiteExecutor.java:105)
	at com.kms.katalon.core.main.TestCaseMain.startTestSuite(TestCaseMain.java:181)
	at com.kms.katalon.core.main.TestCaseMain$startTestSuite$0.call(Unknown Source)
	at TempTestSuite1642352008938.run(TempTestSuite1642352008938.groovy:36)
Caused by: com.kms.katalon.core.exception.StepFailedException: com.kms.katalon.core.webui.exception.WebElementNotFoundException: Web element with id: 'Object Repository/Page_Mood Calendar Detailed month view Janu_18fc56/h5_3 weeks for Tet' located by '//h5[@id='4-modal-title']' not found
	at com.kms.katalon.core.webui.keyword.internal.WebUIKeywordMain.stepFailed(WebUIKeywordMain.groovy:64)
	at com.kms.katalon.core.webui.keyword.builtin.VerifyElementTextKeyword$_verifyElementText_closure1.doCall(VerifyElementTextKeyword.groovy:64)
	at com.kms.katalon.core.webui.keyword.builtin.VerifyElementTextKeyword$_verifyElementText_closure1.call(VerifyElementTextKeyword.groovy)
	at com.kms.katalon.core.webui.keyword.internal.WebUIKeywordMain.runKeyword(WebUIKeywordMain.groovy:20)
	... 19 more
)

2022-01-17 00:44:02 - [MESSAGE][INFO] - Unable to find the element located by 'By.xpath: //h5[@id='4-modal-title']'. Please recheck the objects properties to make sure the desired element is located. 

2022-01-17 00:44:02 - [MESSAGE][WARNING] - [SELF-HEALING] Failed to find element with id 'Object Repository/Page_Mood Calendar Detailed month view Janu_18fc56/h5_3 weeks for Tet'. Try using Self-healing.

2022-01-17 00:44:03 - [MESSAGE][INFO] - [SELF-HEALING] Failed Locator: '//h5[@id='4-modal-title']'.

2022-01-17 00:44:03 - [MESSAGE][INFO] - [SELF-HEALING] Failed Locator: '//body[@id='page-calendar-view']/div[7]/div[2]/div/div/div/h5'.

2022-01-17 00:44:03 - [MESSAGE][INFO] - [SELF-HEALING] Failed Locator: '(.//*[normalize-space(text()) and normalize-space(.)=concat('id(', '"', '4-modal-title', '"', ')')])[1]/following::h5[1]'.

2022-01-17 00:44:03 - [MESSAGE][INFO] - [SELF-HEALING] Failed Locator: '(.//*[normalize-space(text()) and normalize-space(.)='Data retention summary'])[1]/following::h5[1]'.

2022-01-17 00:44:04 - [MESSAGE][INFO] - [SELF-HEALING] Failed Locator: '(.//*[normalize-space(text()) and normalize-space(.)='Sunday, 23 January'])[1]/preceding::h5[1]'.

2022-01-17 00:44:04 - [MESSAGE][INFO] - [SELF-HEALING] Failed Locator: '//div/div/h5'.

2022-01-17 00:44:05 - [MESSAGE][INFO] - Unable to find the element located by 'By.xpath: //*[@id = '4-modal-title' and (text() = '3 weeks for Tet' or . = '3 weeks for Tet')]'. Please recheck the objects properties to make sure the desired element is located. 

2022-01-17 00:44:06 - [MESSAGE][INFO] - Unable to find the element located by 'By.cssSelector: #4-modal-title'. Please recheck the objects properties to make sure the desired element is located. 

2022-01-17 00:44:06 - [MESSAGE][FAILED] - com.kms.katalon.core.webui.exception.WebElementNotFoundException: Web element with id: 'Object Repository/Page_Mood Calendar Detailed month view Janu_18fc56/h5_3 weeks for Tet' located by '//h5[@id='4-modal-title']' not found (Root cause: com.kms.katalon.core.exception.StepFailedException: com.kms.katalon.core.webui.exception.WebElementNotFoundException: Web element with id: 'Object Repository/Page_Mood Calendar Detailed month view Janu_18fc56/h5_3 weeks for Tet' located by '//h5[@id='4-modal-title']' not found
	at com.kms.katalon.core.webui.keyword.internal.WebUIKeywordMain.stepFailed(WebUIKeywordMain.groovy:64)
	at com.kms.katalon.core.webui.keyword.builtin.VerifyElementTextKeyword$_verifyElementText_closure1.doCall(VerifyElementTextKeyword.groovy:64)
	at com.kms.katalon.core.webui.keyword.builtin.VerifyElementTextKeyword$_verifyElementText_closure1.call(VerifyElementTextKeyword.groovy)
	at com.kms.katalon.core.webui.keyword.internal.WebUIKeywordMain.runKeyword(WebUIKeywordMain.groovy:20)
	at com.kms.katalon.core.webui.keyword.builtin.VerifyElementTextKeyword.verifyElementText(VerifyElementTextKeyword.groovy:72)
	at com.kms.katalon.core.webui.keyword.builtin.VerifyElementTextKeyword.execute(VerifyElementTextKeyword.groovy:40)
	at com.kms.katalon.core.keyword.internal.KeywordExecutor.executeKeywordForPlatform(KeywordExecutor.groovy:74)
	at com.kms.katalon.core.webui.keyword.WebUiBuiltInKeywords.verifyElementText(WebUiBuiltInKeywords.groovy:4749)
	at com.kms.katalon.core.webui.keyword.WebUiBuiltInKeywords$verifyElementText$7.call(Unknown Source)
	at test case 27.run(test case 27:40)
	at com.kms.katalon.core.main.ScriptEngine.run(ScriptEngine.java:194)
	at com.kms.katalon.core.main.ScriptEngine.runScriptAsRawText(ScriptEngine.java:119)
	at com.kms.katalon.core.main.TestCaseExecutor.runScript(TestCaseExecutor.java:442)
	at com.kms.katalon.core.main.TestCaseExecutor.doExecute(TestCaseExecutor.java:433)
	at com.kms.katalon.core.main.TestCaseExecutor.processExecutionPhase(TestCaseExecutor.java:412)
	at com.kms.katalon.core.main.TestCaseExecutor.accessMainPhase(TestCaseExecutor.java:404)
	at com.kms.katalon.core.main.TestCaseExecutor.execute(TestCaseExecutor.java:281)
	at com.kms.katalon.core.main.TestSuiteExecutor.accessTestCaseMainPhase(TestSuiteExecutor.java:202)
	at com.kms.katalon.core.main.TestSuiteExecutor.accessTestSuiteMainPhase(TestSuiteExecutor.java:164)
	at com.kms.katalon.core.main.TestSuiteExecutor.execute(TestSuiteExecutor.java:105)
	at com.kms.katalon.core.main.TestCaseMain.startTestSuite(TestCaseMain.java:181)
	at com.kms.katalon.core.main.TestCaseMain$startTestSuite$0.call(Unknown Source)
	at TempTestSuite1642352008938.run(TempTestSuite1642352008938.groovy:36)
)
[[ATTACHMENT|D:\\Test-Automation-SE-Bonus\\Test-Automation-SE-Bonus\\Reports\\20220116_235327\\Run all test cases\\20220116_235328\\1642355046490.png]]

2022-01-17 00:44:06 - [MESSAGE][FAILED] - Verify element text of test object 'Object Repository/Page_Mood Calendar Detailed month view Janu_18fc56/h5_3 weeks for Tet' FAILED. (Root cause: com.kms.katalon.core.exception.StepFailedException: Verify element text of test object 'Object Repository/Page_Mood Calendar Detailed month view Janu_18fc56/h5_3 weeks for Tet' FAILED.
	at com.kms.katalon.core.webui.keyword.internal.WebUIKeywordMain.stepFailed(WebUIKeywordMain.groovy:64)
	at com.kms.katalon.core.webui.keyword.internal.WebUIKeywordMain.runKeyword(WebUIKeywordMain.groovy:26)
	at com.kms.katalon.core.webui.keyword.builtin.VerifyElementTextKeyword.verifyElementText(VerifyElementTextKeyword.groovy:72)
	at com.kms.katalon.core.webui.keyword.builtin.VerifyElementTextKeyword.execute(VerifyElementTextKeyword.groovy:40)
	at com.kms.katalon.core.keyword.internal.KeywordExecutor.executeKeywordForPlatform(KeywordExecutor.groovy:74)
	at com.kms.katalon.core.webui.keyword.WebUiBuiltInKeywords.verifyElementText(WebUiBuiltInKeywords.groovy:4749)
	at com.kms.katalon.core.webui.keyword.WebUiBuiltInKeywords$verifyElementText$7.call(Unknown Source)
	at test case 27.run(test case 27:40)
	at com.kms.katalon.core.main.ScriptEngine.run(ScriptEngine.java:194)
	at com.kms.katalon.core.main.ScriptEngine.runScriptAsRawText(ScriptEngine.java:119)
	at com.kms.katalon.core.main.TestCaseExecutor.runScript(TestCaseExecutor.java:442)
	at com.kms.katalon.core.main.TestCaseExecutor.doExecute(TestCaseExecutor.java:433)
	at com.kms.katalon.core.main.TestCaseExecutor.processExecutionPhase(TestCaseExecutor.java:412)
	at com.kms.katalon.core.main.TestCaseExecutor.accessMainPhase(TestCaseExecutor.java:404)
	at com.kms.katalon.core.main.TestCaseExecutor.execute(TestCaseExecutor.java:281)
	at com.kms.katalon.core.main.TestSuiteExecutor.accessTestCaseMainPhase(TestSuiteExecutor.java:202)
	at com.kms.katalon.core.main.TestSuiteExecutor.accessTestSuiteMainPhase(TestSuiteExecutor.java:164)
	at com.kms.katalon.core.main.TestSuiteExecutor.execute(TestSuiteExecutor.java:105)
	at com.kms.katalon.core.main.TestCaseMain.startTestSuite(TestCaseMain.java:181)
	at com.kms.katalon.core.main.TestCaseMain$startTestSuite$0.call(Unknown Source)
	at TempTestSuite1642352008938.run(TempTestSuite1642352008938.groovy:36)
Caused by: com.kms.katalon.core.exception.StepFailedException: com.kms.katalon.core.webui.exception.WebElementNotFoundException: Web element with id: 'Object Repository/Page_Mood Calendar Detailed month view Janu_18fc56/h5_3 weeks for Tet' located by '//h5[@id='4-modal-title']' not found
	at com.kms.katalon.core.webui.keyword.internal.WebUIKeywordMain.stepFailed(WebUIKeywordMain.groovy:64)
	at com.kms.katalon.core.webui.keyword.builtin.VerifyElementTextKeyword$_verifyElementText_closure1.doCall(VerifyElementTextKeyword.groovy:64)
	at com.kms.katalon.core.webui.keyword.builtin.VerifyElementTextKeyword$_verifyElementText_closure1.call(VerifyElementTextKeyword.groovy)
	at com.kms.katalon.core.webui.keyword.internal.WebUIKeywordMain.runKeyword(WebUIKeywordMain.groovy:20)
	... 19 more
)
[[ATTACHMENT|D:\\Test-Automation-SE-Bonus\\Test-Automation-SE-Bonus\\Reports\\20220116_235327\\Run all test cases\\20220116_235328\\1642355046623.png]]]]></system-out>
         <system-err><![CDATA[2022-01-17 00:42:20 - [TEST_CASE][FAILED] - Test Cases/test case 27: Test Cases/test case 27 FAILED.
Reason:
com.kms.katalon.core.exception.StepFailedException: Verify element text of test object 'Object Repository/Page_Mood Calendar Detailed month view Janu_18fc56/h5_3 weeks for Tet' FAILED.
	at com.kms.katalon.core.webui.keyword.internal.WebUIKeywordMain.stepFailed(WebUIKeywordMain.groovy:64)
	at com.kms.katalon.core.webui.keyword.internal.WebUIKeywordMain.runKeyword(WebUIKeywordMain.groovy:26)
	at com.kms.katalon.core.webui.keyword.builtin.VerifyElementTextKeyword.verifyElementText(VerifyElementTextKeyword.groovy:72)
	at com.kms.katalon.core.webui.keyword.builtin.VerifyElementTextKeyword.execute(VerifyElementTextKeyword.groovy:40)
	at com.kms.katalon.core.keyword.internal.KeywordExecutor.executeKeywordForPlatform(KeywordExecutor.groovy:74)
	at com.kms.katalon.core.webui.keyword.WebUiBuiltInKeywords.verifyElementText(WebUiBuiltInKeywords.groovy:4749)
	at com.kms.katalon.core.webui.keyword.WebUiBuiltInKeywords$verifyElementText$7.call(Unknown Source)
	at test case 27.run(test case 27:40)
	at com.kms.katalon.core.main.ScriptEngine.run(ScriptEngine.java:194)
	at com.kms.katalon.core.main.ScriptEngine.runScriptAsRawText(ScriptEngine.java:119)
	at com.kms.katalon.core.main.TestCaseExecutor.runScript(TestCaseExecutor.java:442)
	at com.kms.katalon.core.main.TestCaseExecutor.doExecute(TestCaseExecutor.java:433)
	at com.kms.katalon.core.main.TestCaseExecutor.processExecutionPhase(TestCaseExecutor.java:412)
	at com.kms.katalon.core.main.TestCaseExecutor.accessMainPhase(TestCaseExecutor.java:404)
	at com.kms.katalon.core.main.TestCaseExecutor.execute(TestCaseExecutor.java:281)
	at com.kms.katalon.core.main.TestSuiteExecutor.accessTestCaseMainPhase(TestSuiteExecutor.java:202)
	at com.kms.katalon.core.main.TestSuiteExecutor.accessTestSuiteMainPhase(TestSuiteExecutor.java:164)
	at com.kms.katalon.core.main.TestSuiteExecutor.execute(TestSuiteExecutor.java:105)
	at com.kms.katalon.core.main.TestCaseMain.startTestSuite(TestCaseMain.java:181)
	at com.kms.katalon.core.main.TestCaseMain$startTestSuite$0.call(Unknown Source)
	at TempTestSuite1642352008938.run(TempTestSuite1642352008938.groovy:36)
Caused by: com.kms.katalon.core.exception.StepFailedException: com.kms.katalon.core.webui.exception.WebElementNotFoundException: Web element with id: 'Object Repository/Page_Mood Calendar Detailed month view Janu_18fc56/h5_3 weeks for Tet' located by '//h5[@id='4-modal-title']' not found
	at com.kms.katalon.core.webui.keyword.internal.WebUIKeywordMain.stepFailed(WebUIKeywordMain.groovy:64)
	at com.kms.katalon.core.webui.keyword.builtin.VerifyElementTextKeyword$_verifyElementText_closure1.doCall(VerifyElementTextKeyword.groovy:64)
	at com.kms.katalon.core.webui.keyword.builtin.VerifyElementTextKeyword$_verifyElementText_closure1.call(VerifyElementTextKeyword.groovy)
	at com.kms.katalon.core.webui.keyword.internal.WebUIKeywordMain.runKeyword(WebUIKeywordMain.groovy:20)
	... 19 more]]></system-err>
      </testcase>
      <testcase name="Test Cases/test case 28" time="199.123" classname="Test Cases/test case 28" status="FAILED">
         <failure type="FAILED" message="Test Cases/test case 28 FAILED.
Reason:
com.kms.katalon.core.exception.StepFailedException: Verify element text of test object 'Object Repository/Page_Mood Calendar Detailed month view Janu_18fc56/h5_3 weeks for Tet' FAILED.
	at com.kms.katalon.core.webui.keyword.internal.WebUIKeywordMain.stepFailed(WebUIKeywordMain.groovy:64)
	at com.kms.katalon.core.webui.keyword.internal.WebUIKeywordMain.runKeyword(WebUIKeywordMain.groovy:26)
	at com.kms.katalon.core.webui.keyword.builtin.VerifyElementTextKeyword.verifyElementText(VerifyElementTextKeyword.groovy:72)
	at com.kms.katalon.core.webui.keyword.builtin.VerifyElementTextKeyword.execute(VerifyElementTextKeyword.groovy:40)
	at com.kms.katalon.core.keyword.internal.KeywordExecutor.executeKeywordForPlatform(KeywordExecutor.groovy:74)
	at com.kms.katalon.core.webui.keyword.WebUiBuiltInKeywords.verifyElementText(WebUiBuiltInKeywords.groovy:4749)
	at com.kms.katalon.core.webui.keyword.WebUiBuiltInKeywords$verifyElementText$7.call(Unknown Source)
	at test case 28.run(test case 28:42)
	at com.kms.katalon.core.main.ScriptEngine.run(ScriptEngine.java:194)
	at com.kms.katalon.core.main.ScriptEngine.runScriptAsRawText(ScriptEngine.java:119)
	at com.kms.katalon.core.main.TestCaseExecutor.runScript(TestCaseExecutor.java:442)
	at com.kms.katalon.core.main.TestCaseExecutor.doExecute(TestCaseExecutor.java:433)
	at com.kms.katalon.core.main.TestCaseExecutor.processExecutionPhase(TestCaseExecutor.java:412)
	at com.kms.katalon.core.main.TestCaseExecutor.accessMainPhase(TestCaseExecutor.java:404)
	at com.kms.katalon.core.main.TestCaseExecutor.execute(TestCaseExecutor.java:281)
	at com.kms.katalon.core.main.TestSuiteExecutor.accessTestCaseMainPhase(TestSuiteExecutor.java:202)
	at com.kms.katalon.core.main.TestSuiteExecutor.accessTestSuiteMainPhase(TestSuiteExecutor.java:164)
	at com.kms.katalon.core.main.TestSuiteExecutor.execute(TestSuiteExecutor.java:105)
	at com.kms.katalon.core.main.TestCaseMain.startTestSuite(TestCaseMain.java:181)
	at com.kms.katalon.core.main.TestCaseMain$startTestSuite$0.call(Unknown Source)
	at TempTestSuite1642352008938.run(TempTestSuite1642352008938.groovy:36)
Caused by: com.kms.katalon.core.exception.StepFailedException: com.kms.katalon.core.webui.exception.WebElementNotFoundException: Web element with id: 'Object Repository/Page_Mood Calendar Detailed month view Janu_18fc56/h5_3 weeks for Tet' located by '//h5[@id='4-modal-title']' not found
	at com.kms.katalon.core.webui.keyword.internal.WebUIKeywordMain.stepFailed(WebUIKeywordMain.groovy:64)
	at com.kms.katalon.core.webui.keyword.builtin.VerifyElementTextKeyword$_verifyElementText_closure1.doCall(VerifyElementTextKeyword.groovy:64)
	at com.kms.katalon.core.webui.keyword.builtin.VerifyElementTextKeyword$_verifyElementText_closure1.call(VerifyElementTextKeyword.groovy)
	at com.kms.katalon.core.webui.keyword.internal.WebUIKeywordMain.runKeyword(WebUIKeywordMain.groovy:20)
	... 19 more
"/>
         <system-out><![CDATA[2022-01-17 00:44:06 - [TEST_CASE][FAILED] - Test Cases/test case 28: Test Cases/test case 28 FAILED.
Reason:
com.kms.katalon.core.exception.StepFailedException: Verify element text of test object 'Object Repository/Page_Mood Calendar Detailed month view Janu_18fc56/h5_3 weeks for Tet' FAILED.
	at com.kms.katalon.core.webui.keyword.internal.WebUIKeywordMain.stepFailed(WebUIKeywordMain.groovy:64)
	at com.kms.katalon.core.webui.keyword.internal.WebUIKeywordMain.runKeyword(WebUIKeywordMain.groovy:26)
	at com.kms.katalon.core.webui.keyword.builtin.VerifyElementTextKeyword.verifyElementText(VerifyElementTextKeyword.groovy:72)
	at com.kms.katalon.core.webui.keyword.builtin.VerifyElementTextKeyword.execute(VerifyElementTextKeyword.groovy:40)
	at com.kms.katalon.core.keyword.internal.KeywordExecutor.executeKeywordForPlatform(KeywordExecutor.groovy:74)
	at com.kms.katalon.core.webui.keyword.WebUiBuiltInKeywords.verifyElementText(WebUiBuiltInKeywords.groovy:4749)
	at com.kms.katalon.core.webui.keyword.WebUiBuiltInKeywords$verifyElementText$7.call(Unknown Source)
	at test case 28.run(test case 28:42)
	at com.kms.katalon.core.main.ScriptEngine.run(ScriptEngine.java:194)
	at com.kms.katalon.core.main.ScriptEngine.runScriptAsRawText(ScriptEngine.java:119)
	at com.kms.katalon.core.main.TestCaseExecutor.runScript(TestCaseExecutor.java:442)
	at com.kms.katalon.core.main.TestCaseExecutor.doExecute(TestCaseExecutor.java:433)
	at com.kms.katalon.core.main.TestCaseExecutor.processExecutionPhase(TestCaseExecutor.java:412)
	at com.kms.katalon.core.main.TestCaseExecutor.accessMainPhase(TestCaseExecutor.java:404)
	at com.kms.katalon.core.main.TestCaseExecutor.execute(TestCaseExecutor.java:281)
	at com.kms.katalon.core.main.TestSuiteExecutor.accessTestCaseMainPhase(TestSuiteExecutor.java:202)
	at com.kms.katalon.core.main.TestSuiteExecutor.accessTestSuiteMainPhase(TestSuiteExecutor.java:164)
	at com.kms.katalon.core.main.TestSuiteExecutor.execute(TestSuiteExecutor.java:105)
	at com.kms.katalon.core.main.TestCaseMain.startTestSuite(TestCaseMain.java:181)
	at com.kms.katalon.core.main.TestCaseMain$startTestSuite$0.call(Unknown Source)
	at TempTestSuite1642352008938.run(TempTestSuite1642352008938.groovy:36)
Caused by: com.kms.katalon.core.exception.StepFailedException: com.kms.katalon.core.webui.exception.WebElementNotFoundException: Web element with id: 'Object Repository/Page_Mood Calendar Detailed month view Janu_18fc56/h5_3 weeks for Tet' located by '//h5[@id='4-modal-title']' not found
	at com.kms.katalon.core.webui.keyword.internal.WebUIKeywordMain.stepFailed(WebUIKeywordMain.groovy:64)
	at com.kms.katalon.core.webui.keyword.builtin.VerifyElementTextKeyword$_verifyElementText_closure1.doCall(VerifyElementTextKeyword.groovy:64)
	at com.kms.katalon.core.webui.keyword.builtin.VerifyElementTextKeyword$_verifyElementText_closure1.call(VerifyElementTextKeyword.groovy)
	at com.kms.katalon.core.webui.keyword.internal.WebUIKeywordMain.runKeyword(WebUIKeywordMain.groovy:20)
	... 19 more


2022-01-17 00:44:06 - [TEST_STEP][PASSED] - openBrowser(""): Browser is opened with url: ''

2022-01-17 00:44:06 - [MESSAGE][WARNING] - A browser is already opened. Closing browser and opening a new one

2022-01-17 00:44:07 - [MESSAGE][INFO] - Starting 'Chrome' driver

2022-01-17 00:44:07 - [MESSAGE][INFO] - Action delay is set to 0 milliseconds

2022-01-17 00:44:08 - [MESSAGE][PASSED] - Browser is opened with url: ''

2022-01-17 00:44:08 - [TEST_STEP][PASSED] - navigateToUrl("http://localhost/"): Navigate to 'http://localhost/' successfully

2022-01-17 00:44:10 - [MESSAGE][PASSED] - Navigate to 'http://localhost/' successfully

2022-01-17 00:44:10 - [TEST_STEP][PASSED] - click(findTestObject("Object Repository/Page_Moodle/a_Log in")): Object: 'Object Repository/Page_Moodle/a_Log in' is clicked on

2022-01-17 00:44:10 - [MESSAGE][PASSED] - Object: 'Object Repository/Page_Moodle/a_Log in' is clicked on

2022-01-17 00:44:10 - [TEST_STEP][PASSED] - setText(findTestObject("Object Repository/Page_Moodle Log in to the site/input_Username_username"), "nmthu"): Text 'nmthu' is set on object 'Object Repository/Page_Moodle Log in to the site/input_Username_username'

2022-01-17 00:44:11 - [MESSAGE][PASSED] - Text 'nmthu' is set on object 'Object Repository/Page_Moodle Log in to the site/input_Username_username'

2022-01-17 00:44:11 - [TEST_STEP][PASSED] - setEncryptedText(findTestObject("Object Repository/Page_Moodle Log in to the site/input_Password_password"), "zm/yZ1suVYniggK+4Jo9ew=="): Text ****** has been set on object 'Object Repository/Page_Moodle Log in to the site/input_Password_password'

2022-01-17 00:44:12 - [MESSAGE][PASSED] - Text ****** has been set on object 'Object Repository/Page_Moodle Log in to the site/input_Password_password'

2022-01-17 00:44:12 - [TEST_STEP][PASSED] - click(findTestObject("Object Repository/Page_Moodle Log in to the site/button_Log in")): Object: 'Object Repository/Page_Moodle Log in to the site/button_Log in' is clicked on

2022-01-17 00:44:13 - [MESSAGE][PASSED] - Object: 'Object Repository/Page_Moodle Log in to the site/button_Log in' is clicked on

2022-01-17 00:44:13 - [TEST_STEP][PASSED] - verifyElementVisible(findTestObject("Object Repository/Page_Dashboard/div_Calendar                               _78b00d")): Object 'Object Repository/Page_Dashboard/div_Calendar                               _78b00d' is visible

2022-01-17 00:44:44 - [MESSAGE][INFO] - Unable to find the element located by 'By.xpath: //section[@id='inst200']/div'. Please recheck the objects properties to make sure the desired element is located. 

2022-01-17 00:44:44 - [MESSAGE][WARNING] - [SELF-HEALING] Failed to find element with id 'Object Repository/Page_Dashboard/div_Calendar                               _78b00d'. Try using Self-healing.

2022-01-17 00:44:44 - [MESSAGE][WARNING] - [SELF-HEALING] The current locator of test object 'Object Repository/Page_Dashboard/div_Calendar                               _78b00d' was broken. Propose an alternative one: '(.//*[normalize-space(text()) and normalize-space(.)='Skip Calendar'])[1]/following::div[1]'.

2022-01-17 00:44:44 - [MESSAGE][PASSED] - Object 'Object Repository/Page_Dashboard/div_Calendar                               _78b00d' is visible

2022-01-17 00:44:44 - [TEST_STEP][PASSED] - verifyElementClickable(findTestObject("Object Repository/Page_Dashboard/a_January 2022")): Object 'Object Repository/Page_Dashboard/a_January 2022' is clickable

2022-01-17 00:45:15 - [MESSAGE][INFO] - Unable to find the element located by 'By.xpath: //div[@id='month-mini-2022-1-5']/table/caption/span[2]/a'. Please recheck the objects properties to make sure the desired element is located. 

2022-01-17 00:45:15 - [MESSAGE][WARNING] - [SELF-HEALING] Failed to find element with id 'Object Repository/Page_Dashboard/a_January 2022'. Try using Self-healing.

2022-01-17 00:45:15 - [MESSAGE][WARNING] - [SELF-HEALING] The current locator of test object 'Object Repository/Page_Dashboard/a_January 2022' was broken. Propose an alternative one: '//a[contains(text(),'January 2022')]'.

2022-01-17 00:45:15 - [MESSAGE][PASSED] - Object 'Object Repository/Page_Dashboard/a_January 2022' is clickable

2022-01-17 00:45:15 - [TEST_STEP][PASSED] - click(findTestObject("Object Repository/Page_Dashboard/a_January 2022")): Object: 'Object Repository/Page_Dashboard/a_January 2022' is clicked on

2022-01-17 00:45:46 - [MESSAGE][INFO] - Unable to find the element located by 'By.xpath: //div[@id='month-mini-2022-1-5']/table/caption/span[2]/a'. Please recheck the objects properties to make sure the desired element is located. 

2022-01-17 00:45:46 - [MESSAGE][WARNING] - [SELF-HEALING] Failed to find element with id 'Object Repository/Page_Dashboard/a_January 2022'. Try using Self-healing.

2022-01-17 00:45:47 - [MESSAGE][WARNING] - [SELF-HEALING] The current locator of test object 'Object Repository/Page_Dashboard/a_January 2022' was broken. Propose an alternative one: '//a[contains(text(),'January 2022')]'.

2022-01-17 00:45:47 - [MESSAGE][PASSED] - Object: 'Object Repository/Page_Dashboard/a_January 2022' is clicked on

2022-01-17 00:45:47 - [TEST_STEP][PASSED] - verifyElementVisible(findTestObject("Object Repository/Page_Mood Calendar Detailed month view Janu_18fc56/a_3 weeks for Tet")): Object 'Object Repository/Page_Mood Calendar Detailed month view Janu_18fc56/a_3 weeks for Tet' is visible

2022-01-17 00:46:18 - [MESSAGE][INFO] - Unable to find the element located by 'By.xpath: //table[@id='month-detailed-61e3a5257e82561e3a525554bc15']/tbody/tr[4]/td[7]/div/div/ul/li/a'. Please recheck the objects properties to make sure the desired element is located. 

2022-01-17 00:46:18 - [MESSAGE][WARNING] - [SELF-HEALING] Failed to find element with id 'Object Repository/Page_Mood Calendar Detailed month view Janu_18fc56/a_3 weeks for Tet'. Try using Self-healing.

2022-01-17 00:46:19 - [MESSAGE][WARNING] - [SELF-HEALING] The current locator of test object 'Object Repository/Page_Mood Calendar Detailed month view Janu_18fc56/a_3 weeks for Tet' was broken. Propose an alternative one: '(.//*[normalize-space(text()) and normalize-space(.)='No events, Saturday, 22 January'])[2]/following::a[2]'.

2022-01-17 00:46:19 - [MESSAGE][PASSED] - Object 'Object Repository/Page_Mood Calendar Detailed month view Janu_18fc56/a_3 weeks for Tet' is visible

2022-01-17 00:46:19 - [TEST_STEP][PASSED] - click(findTestObject("Object Repository/Page_Mood Calendar Detailed month view Janu_18fc56/a_3 weeks for Tet")): Object: 'Object Repository/Page_Mood Calendar Detailed month view Janu_18fc56/a_3 weeks for Tet' is clicked on

2022-01-17 00:46:50 - [MESSAGE][INFO] - Unable to find the element located by 'By.xpath: //table[@id='month-detailed-61e3a5257e82561e3a525554bc15']/tbody/tr[4]/td[7]/div/div/ul/li/a'. Please recheck the objects properties to make sure the desired element is located. 

2022-01-17 00:46:50 - [MESSAGE][WARNING] - [SELF-HEALING] Failed to find element with id 'Object Repository/Page_Mood Calendar Detailed month view Janu_18fc56/a_3 weeks for Tet'. Try using Self-healing.

2022-01-17 00:46:50 - [MESSAGE][WARNING] - [SELF-HEALING] The current locator of test object 'Object Repository/Page_Mood Calendar Detailed month view Janu_18fc56/a_3 weeks for Tet' was broken. Propose an alternative one: '(.//*[normalize-space(text()) and normalize-space(.)='No events, Saturday, 22 January'])[2]/following::a[2]'.

2022-01-17 00:46:50 - [MESSAGE][PASSED] - Object: 'Object Repository/Page_Mood Calendar Detailed month view Janu_18fc56/a_3 weeks for Tet' is clicked on

2022-01-17 00:46:50 - [TEST_STEP][FAILED] - verifyElementText(findTestObject("Object Repository/Page_Mood Calendar Detailed month view Janu_18fc56/h5_3 weeks for Tet"), "3 weeks for Tet"): Verify element text of test object 'Object Repository/Page_Mood Calendar Detailed month view Janu_18fc56/h5_3 weeks for Tet' FAILED. (Root cause: com.kms.katalon.core.exception.StepFailedException: Verify element text of test object 'Object Repository/Page_Mood Calendar Detailed month view Janu_18fc56/h5_3 weeks for Tet' FAILED.
	at com.kms.katalon.core.webui.keyword.internal.WebUIKeywordMain.stepFailed(WebUIKeywordMain.groovy:64)
	at com.kms.katalon.core.webui.keyword.internal.WebUIKeywordMain.runKeyword(WebUIKeywordMain.groovy:26)
	at com.kms.katalon.core.webui.keyword.builtin.VerifyElementTextKeyword.verifyElementText(VerifyElementTextKeyword.groovy:72)
	at com.kms.katalon.core.webui.keyword.builtin.VerifyElementTextKeyword.execute(VerifyElementTextKeyword.groovy:40)
	at com.kms.katalon.core.keyword.internal.KeywordExecutor.executeKeywordForPlatform(KeywordExecutor.groovy:74)
	at com.kms.katalon.core.webui.keyword.WebUiBuiltInKeywords.verifyElementText(WebUiBuiltInKeywords.groovy:4749)
	at com.kms.katalon.core.webui.keyword.WebUiBuiltInKeywords$verifyElementText$7.call(Unknown Source)
	at test case 28.run(test case 28:42)
	at com.kms.katalon.core.main.ScriptEngine.run(ScriptEngine.java:194)
	at com.kms.katalon.core.main.ScriptEngine.runScriptAsRawText(ScriptEngine.java:119)
	at com.kms.katalon.core.main.TestCaseExecutor.runScript(TestCaseExecutor.java:442)
	at com.kms.katalon.core.main.TestCaseExecutor.doExecute(TestCaseExecutor.java:433)
	at com.kms.katalon.core.main.TestCaseExecutor.processExecutionPhase(TestCaseExecutor.java:412)
	at com.kms.katalon.core.main.TestCaseExecutor.accessMainPhase(TestCaseExecutor.java:404)
	at com.kms.katalon.core.main.TestCaseExecutor.execute(TestCaseExecutor.java:281)
	at com.kms.katalon.core.main.TestSuiteExecutor.accessTestCaseMainPhase(TestSuiteExecutor.java:202)
	at com.kms.katalon.core.main.TestSuiteExecutor.accessTestSuiteMainPhase(TestSuiteExecutor.java:164)
	at com.kms.katalon.core.main.TestSuiteExecutor.execute(TestSuiteExecutor.java:105)
	at com.kms.katalon.core.main.TestCaseMain.startTestSuite(TestCaseMain.java:181)
	at com.kms.katalon.core.main.TestCaseMain$startTestSuite$0.call(Unknown Source)
	at TempTestSuite1642352008938.run(TempTestSuite1642352008938.groovy:36)
Caused by: com.kms.katalon.core.exception.StepFailedException: com.kms.katalon.core.webui.exception.WebElementNotFoundException: Web element with id: 'Object Repository/Page_Mood Calendar Detailed month view Janu_18fc56/h5_3 weeks for Tet' located by '//h5[@id='4-modal-title']' not found
	at com.kms.katalon.core.webui.keyword.internal.WebUIKeywordMain.stepFailed(WebUIKeywordMain.groovy:64)
	at com.kms.katalon.core.webui.keyword.builtin.VerifyElementTextKeyword$_verifyElementText_closure1.doCall(VerifyElementTextKeyword.groovy:64)
	at com.kms.katalon.core.webui.keyword.builtin.VerifyElementTextKeyword$_verifyElementText_closure1.call(VerifyElementTextKeyword.groovy)
	at com.kms.katalon.core.webui.keyword.internal.WebUIKeywordMain.runKeyword(WebUIKeywordMain.groovy:20)
	... 19 more
)

2022-01-17 00:47:21 - [MESSAGE][INFO] - Unable to find the element located by 'By.xpath: //h5[@id='4-modal-title']'. Please recheck the objects properties to make sure the desired element is located. 

2022-01-17 00:47:21 - [MESSAGE][WARNING] - [SELF-HEALING] Failed to find element with id 'Object Repository/Page_Mood Calendar Detailed month view Janu_18fc56/h5_3 weeks for Tet'. Try using Self-healing.

2022-01-17 00:47:22 - [MESSAGE][INFO] - [SELF-HEALING] Failed Locator: '//h5[@id='4-modal-title']'.

2022-01-17 00:47:22 - [MESSAGE][INFO] - [SELF-HEALING] Failed Locator: '//body[@id='page-calendar-view']/div[7]/div[2]/div/div/div/h5'.

2022-01-17 00:47:22 - [MESSAGE][INFO] - [SELF-HEALING] Failed Locator: '(.//*[normalize-space(text()) and normalize-space(.)=concat('id(', '"', '4-modal-title', '"', ')')])[1]/following::h5[1]'.

2022-01-17 00:47:22 - [MESSAGE][INFO] - [SELF-HEALING] Failed Locator: '(.//*[normalize-space(text()) and normalize-space(.)='Data retention summary'])[1]/following::h5[1]'.

2022-01-17 00:47:23 - [MESSAGE][INFO] - [SELF-HEALING] Failed Locator: '(.//*[normalize-space(text()) and normalize-space(.)='Sunday, 23 January'])[1]/preceding::h5[1]'.

2022-01-17 00:47:23 - [MESSAGE][INFO] - [SELF-HEALING] Failed Locator: '//div/div/h5'.

2022-01-17 00:47:24 - [MESSAGE][INFO] - Unable to find the element located by 'By.xpath: //*[@id = '4-modal-title' and (text() = '3 weeks for Tet' or . = '3 weeks for Tet')]'. Please recheck the objects properties to make sure the desired element is located. 

2022-01-17 00:47:25 - [MESSAGE][INFO] - Unable to find the element located by 'By.cssSelector: #4-modal-title'. Please recheck the objects properties to make sure the desired element is located. 

2022-01-17 00:47:25 - [MESSAGE][FAILED] - com.kms.katalon.core.webui.exception.WebElementNotFoundException: Web element with id: 'Object Repository/Page_Mood Calendar Detailed month view Janu_18fc56/h5_3 weeks for Tet' located by '//h5[@id='4-modal-title']' not found (Root cause: com.kms.katalon.core.exception.StepFailedException: com.kms.katalon.core.webui.exception.WebElementNotFoundException: Web element with id: 'Object Repository/Page_Mood Calendar Detailed month view Janu_18fc56/h5_3 weeks for Tet' located by '//h5[@id='4-modal-title']' not found
	at com.kms.katalon.core.webui.keyword.internal.WebUIKeywordMain.stepFailed(WebUIKeywordMain.groovy:64)
	at com.kms.katalon.core.webui.keyword.builtin.VerifyElementTextKeyword$_verifyElementText_closure1.doCall(VerifyElementTextKeyword.groovy:64)
	at com.kms.katalon.core.webui.keyword.builtin.VerifyElementTextKeyword$_verifyElementText_closure1.call(VerifyElementTextKeyword.groovy)
	at com.kms.katalon.core.webui.keyword.internal.WebUIKeywordMain.runKeyword(WebUIKeywordMain.groovy:20)
	at com.kms.katalon.core.webui.keyword.builtin.VerifyElementTextKeyword.verifyElementText(VerifyElementTextKeyword.groovy:72)
	at com.kms.katalon.core.webui.keyword.builtin.VerifyElementTextKeyword.execute(VerifyElementTextKeyword.groovy:40)
	at com.kms.katalon.core.keyword.internal.KeywordExecutor.executeKeywordForPlatform(KeywordExecutor.groovy:74)
	at com.kms.katalon.core.webui.keyword.WebUiBuiltInKeywords.verifyElementText(WebUiBuiltInKeywords.groovy:4749)
	at com.kms.katalon.core.webui.keyword.WebUiBuiltInKeywords$verifyElementText$7.call(Unknown Source)
	at test case 28.run(test case 28:42)
	at com.kms.katalon.core.main.ScriptEngine.run(ScriptEngine.java:194)
	at com.kms.katalon.core.main.ScriptEngine.runScriptAsRawText(ScriptEngine.java:119)
	at com.kms.katalon.core.main.TestCaseExecutor.runScript(TestCaseExecutor.java:442)
	at com.kms.katalon.core.main.TestCaseExecutor.doExecute(TestCaseExecutor.java:433)
	at com.kms.katalon.core.main.TestCaseExecutor.processExecutionPhase(TestCaseExecutor.java:412)
	at com.kms.katalon.core.main.TestCaseExecutor.accessMainPhase(TestCaseExecutor.java:404)
	at com.kms.katalon.core.main.TestCaseExecutor.execute(TestCaseExecutor.java:281)
	at com.kms.katalon.core.main.TestSuiteExecutor.accessTestCaseMainPhase(TestSuiteExecutor.java:202)
	at com.kms.katalon.core.main.TestSuiteExecutor.accessTestSuiteMainPhase(TestSuiteExecutor.java:164)
	at com.kms.katalon.core.main.TestSuiteExecutor.execute(TestSuiteExecutor.java:105)
	at com.kms.katalon.core.main.TestCaseMain.startTestSuite(TestCaseMain.java:181)
	at com.kms.katalon.core.main.TestCaseMain$startTestSuite$0.call(Unknown Source)
	at TempTestSuite1642352008938.run(TempTestSuite1642352008938.groovy:36)
)
[[ATTACHMENT|D:\\Test-Automation-SE-Bonus\\Test-Automation-SE-Bonus\\Reports\\20220116_235327\\Run all test cases\\20220116_235328\\1642355245606.png]]

2022-01-17 00:47:25 - [MESSAGE][FAILED] - Verify element text of test object 'Object Repository/Page_Mood Calendar Detailed month view Janu_18fc56/h5_3 weeks for Tet' FAILED. (Root cause: com.kms.katalon.core.exception.StepFailedException: Verify element text of test object 'Object Repository/Page_Mood Calendar Detailed month view Janu_18fc56/h5_3 weeks for Tet' FAILED.
	at com.kms.katalon.core.webui.keyword.internal.WebUIKeywordMain.stepFailed(WebUIKeywordMain.groovy:64)
	at com.kms.katalon.core.webui.keyword.internal.WebUIKeywordMain.runKeyword(WebUIKeywordMain.groovy:26)
	at com.kms.katalon.core.webui.keyword.builtin.VerifyElementTextKeyword.verifyElementText(VerifyElementTextKeyword.groovy:72)
	at com.kms.katalon.core.webui.keyword.builtin.VerifyElementTextKeyword.execute(VerifyElementTextKeyword.groovy:40)
	at com.kms.katalon.core.keyword.internal.KeywordExecutor.executeKeywordForPlatform(KeywordExecutor.groovy:74)
	at com.kms.katalon.core.webui.keyword.WebUiBuiltInKeywords.verifyElementText(WebUiBuiltInKeywords.groovy:4749)
	at com.kms.katalon.core.webui.keyword.WebUiBuiltInKeywords$verifyElementText$7.call(Unknown Source)
	at test case 28.run(test case 28:42)
	at com.kms.katalon.core.main.ScriptEngine.run(ScriptEngine.java:194)
	at com.kms.katalon.core.main.ScriptEngine.runScriptAsRawText(ScriptEngine.java:119)
	at com.kms.katalon.core.main.TestCaseExecutor.runScript(TestCaseExecutor.java:442)
	at com.kms.katalon.core.main.TestCaseExecutor.doExecute(TestCaseExecutor.java:433)
	at com.kms.katalon.core.main.TestCaseExecutor.processExecutionPhase(TestCaseExecutor.java:412)
	at com.kms.katalon.core.main.TestCaseExecutor.accessMainPhase(TestCaseExecutor.java:404)
	at com.kms.katalon.core.main.TestCaseExecutor.execute(TestCaseExecutor.java:281)
	at com.kms.katalon.core.main.TestSuiteExecutor.accessTestCaseMainPhase(TestSuiteExecutor.java:202)
	at com.kms.katalon.core.main.TestSuiteExecutor.accessTestSuiteMainPhase(TestSuiteExecutor.java:164)
	at com.kms.katalon.core.main.TestSuiteExecutor.execute(TestSuiteExecutor.java:105)
	at com.kms.katalon.core.main.TestCaseMain.startTestSuite(TestCaseMain.java:181)
	at com.kms.katalon.core.main.TestCaseMain$startTestSuite$0.call(Unknown Source)
	at TempTestSuite1642352008938.run(TempTestSuite1642352008938.groovy:36)
Caused by: com.kms.katalon.core.exception.StepFailedException: com.kms.katalon.core.webui.exception.WebElementNotFoundException: Web element with id: 'Object Repository/Page_Mood Calendar Detailed month view Janu_18fc56/h5_3 weeks for Tet' located by '//h5[@id='4-modal-title']' not found
	at com.kms.katalon.core.webui.keyword.internal.WebUIKeywordMain.stepFailed(WebUIKeywordMain.groovy:64)
	at com.kms.katalon.core.webui.keyword.builtin.VerifyElementTextKeyword$_verifyElementText_closure1.doCall(VerifyElementTextKeyword.groovy:64)
	at com.kms.katalon.core.webui.keyword.builtin.VerifyElementTextKeyword$_verifyElementText_closure1.call(VerifyElementTextKeyword.groovy)
	at com.kms.katalon.core.webui.keyword.internal.WebUIKeywordMain.runKeyword(WebUIKeywordMain.groovy:20)
	... 19 more
)
[[ATTACHMENT|D:\\Test-Automation-SE-Bonus\\Test-Automation-SE-Bonus\\Reports\\20220116_235327\\Run all test cases\\20220116_235328\\1642355245749.png]]]]></system-out>
         <system-err><![CDATA[2022-01-17 00:44:06 - [TEST_CASE][FAILED] - Test Cases/test case 28: Test Cases/test case 28 FAILED.
Reason:
com.kms.katalon.core.exception.StepFailedException: Verify element text of test object 'Object Repository/Page_Mood Calendar Detailed month view Janu_18fc56/h5_3 weeks for Tet' FAILED.
	at com.kms.katalon.core.webui.keyword.internal.WebUIKeywordMain.stepFailed(WebUIKeywordMain.groovy:64)
	at com.kms.katalon.core.webui.keyword.internal.WebUIKeywordMain.runKeyword(WebUIKeywordMain.groovy:26)
	at com.kms.katalon.core.webui.keyword.builtin.VerifyElementTextKeyword.verifyElementText(VerifyElementTextKeyword.groovy:72)
	at com.kms.katalon.core.webui.keyword.builtin.VerifyElementTextKeyword.execute(VerifyElementTextKeyword.groovy:40)
	at com.kms.katalon.core.keyword.internal.KeywordExecutor.executeKeywordForPlatform(KeywordExecutor.groovy:74)
	at com.kms.katalon.core.webui.keyword.WebUiBuiltInKeywords.verifyElementText(WebUiBuiltInKeywords.groovy:4749)
	at com.kms.katalon.core.webui.keyword.WebUiBuiltInKeywords$verifyElementText$7.call(Unknown Source)
	at test case 28.run(test case 28:42)
	at com.kms.katalon.core.main.ScriptEngine.run(ScriptEngine.java:194)
	at com.kms.katalon.core.main.ScriptEngine.runScriptAsRawText(ScriptEngine.java:119)
	at com.kms.katalon.core.main.TestCaseExecutor.runScript(TestCaseExecutor.java:442)
	at com.kms.katalon.core.main.TestCaseExecutor.doExecute(TestCaseExecutor.java:433)
	at com.kms.katalon.core.main.TestCaseExecutor.processExecutionPhase(TestCaseExecutor.java:412)
	at com.kms.katalon.core.main.TestCaseExecutor.accessMainPhase(TestCaseExecutor.java:404)
	at com.kms.katalon.core.main.TestCaseExecutor.execute(TestCaseExecutor.java:281)
	at com.kms.katalon.core.main.TestSuiteExecutor.accessTestCaseMainPhase(TestSuiteExecutor.java:202)
	at com.kms.katalon.core.main.TestSuiteExecutor.accessTestSuiteMainPhase(TestSuiteExecutor.java:164)
	at com.kms.katalon.core.main.TestSuiteExecutor.execute(TestSuiteExecutor.java:105)
	at com.kms.katalon.core.main.TestCaseMain.startTestSuite(TestCaseMain.java:181)
	at com.kms.katalon.core.main.TestCaseMain$startTestSuite$0.call(Unknown Source)
	at TempTestSuite1642352008938.run(TempTestSuite1642352008938.groovy:36)
Caused by: com.kms.katalon.core.exception.StepFailedException: com.kms.katalon.core.webui.exception.WebElementNotFoundException: Web element with id: 'Object Repository/Page_Mood Calendar Detailed month view Janu_18fc56/h5_3 weeks for Tet' located by '//h5[@id='4-modal-title']' not found
	at com.kms.katalon.core.webui.keyword.internal.WebUIKeywordMain.stepFailed(WebUIKeywordMain.groovy:64)
	at com.kms.katalon.core.webui.keyword.builtin.VerifyElementTextKeyword$_verifyElementText_closure1.doCall(VerifyElementTextKeyword.groovy:64)
	at com.kms.katalon.core.webui.keyword.builtin.VerifyElementTextKeyword$_verifyElementText_closure1.call(VerifyElementTextKeyword.groovy)
	at com.kms.katalon.core.webui.keyword.internal.WebUIKeywordMain.runKeyword(WebUIKeywordMain.groovy:20)
	... 19 more]]></system-err>
      </testcase>
      <testcase name="Test Cases/test case 29" time="138.991" classname="Test Cases/test case 29" status="FAILED">
         <failure type="FAILED" message="Test Cases/test case 29 FAILED.
Reason:
com.kms.katalon.core.exception.StepFailedException: Verify element text of test object 'Object Repository/Page_Dashboard/h5_3 weeks for Tet' FAILED.
	at com.kms.katalon.core.webui.keyword.internal.WebUIKeywordMain.stepFailed(WebUIKeywordMain.groovy:64)
	at com.kms.katalon.core.webui.keyword.internal.WebUIKeywordMain.runKeyword(WebUIKeywordMain.groovy:26)
	at com.kms.katalon.core.webui.keyword.builtin.VerifyElementTextKeyword.verifyElementText(VerifyElementTextKeyword.groovy:72)
	at com.kms.katalon.core.webui.keyword.builtin.VerifyElementTextKeyword.execute(VerifyElementTextKeyword.groovy:40)
	at com.kms.katalon.core.keyword.internal.KeywordExecutor.executeKeywordForPlatform(KeywordExecutor.groovy:74)
	at com.kms.katalon.core.webui.keyword.WebUiBuiltInKeywords.verifyElementText(WebUiBuiltInKeywords.groovy:4749)
	at com.kms.katalon.core.webui.keyword.WebUiBuiltInKeywords$verifyElementText$7.call(Unknown Source)
	at test case 29.run(test case 29:40)
	at com.kms.katalon.core.main.ScriptEngine.run(ScriptEngine.java:194)
	at com.kms.katalon.core.main.ScriptEngine.runScriptAsRawText(ScriptEngine.java:119)
	at com.kms.katalon.core.main.TestCaseExecutor.runScript(TestCaseExecutor.java:442)
	at com.kms.katalon.core.main.TestCaseExecutor.doExecute(TestCaseExecutor.java:433)
	at com.kms.katalon.core.main.TestCaseExecutor.processExecutionPhase(TestCaseExecutor.java:412)
	at com.kms.katalon.core.main.TestCaseExecutor.accessMainPhase(TestCaseExecutor.java:404)
	at com.kms.katalon.core.main.TestCaseExecutor.execute(TestCaseExecutor.java:281)
	at com.kms.katalon.core.main.TestSuiteExecutor.accessTestCaseMainPhase(TestSuiteExecutor.java:202)
	at com.kms.katalon.core.main.TestSuiteExecutor.accessTestSuiteMainPhase(TestSuiteExecutor.java:164)
	at com.kms.katalon.core.main.TestSuiteExecutor.execute(TestSuiteExecutor.java:105)
	at com.kms.katalon.core.main.TestCaseMain.startTestSuite(TestCaseMain.java:181)
	at com.kms.katalon.core.main.TestCaseMain$startTestSuite$0.call(Unknown Source)
	at TempTestSuite1642352008938.run(TempTestSuite1642352008938.groovy:36)
Caused by: com.kms.katalon.core.exception.StepFailedException: com.kms.katalon.core.webui.exception.WebElementNotFoundException: Web element with id: 'Object Repository/Page_Dashboard/h5_3 weeks for Tet' located by '//h5[@id='10-modal-title']' not found
	at com.kms.katalon.core.webui.keyword.internal.WebUIKeywordMain.stepFailed(WebUIKeywordMain.groovy:64)
	at com.kms.katalon.core.webui.keyword.builtin.VerifyElementTextKeyword$_verifyElementText_closure1.doCall(VerifyElementTextKeyword.groovy:64)
	at com.kms.katalon.core.webui.keyword.builtin.VerifyElementTextKeyword$_verifyElementText_closure1.call(VerifyElementTextKeyword.groovy)
	at com.kms.katalon.core.webui.keyword.internal.WebUIKeywordMain.runKeyword(WebUIKeywordMain.groovy:20)
	... 19 more
"/>
         <system-out><![CDATA[2022-01-17 00:47:25 - [TEST_CASE][FAILED] - Test Cases/test case 29: Test Cases/test case 29 FAILED.
Reason:
com.kms.katalon.core.exception.StepFailedException: Verify element text of test object 'Object Repository/Page_Dashboard/h5_3 weeks for Tet' FAILED.
	at com.kms.katalon.core.webui.keyword.internal.WebUIKeywordMain.stepFailed(WebUIKeywordMain.groovy:64)
	at com.kms.katalon.core.webui.keyword.internal.WebUIKeywordMain.runKeyword(WebUIKeywordMain.groovy:26)
	at com.kms.katalon.core.webui.keyword.builtin.VerifyElementTextKeyword.verifyElementText(VerifyElementTextKeyword.groovy:72)
	at com.kms.katalon.core.webui.keyword.builtin.VerifyElementTextKeyword.execute(VerifyElementTextKeyword.groovy:40)
	at com.kms.katalon.core.keyword.internal.KeywordExecutor.executeKeywordForPlatform(KeywordExecutor.groovy:74)
	at com.kms.katalon.core.webui.keyword.WebUiBuiltInKeywords.verifyElementText(WebUiBuiltInKeywords.groovy:4749)
	at com.kms.katalon.core.webui.keyword.WebUiBuiltInKeywords$verifyElementText$7.call(Unknown Source)
	at test case 29.run(test case 29:40)
	at com.kms.katalon.core.main.ScriptEngine.run(ScriptEngine.java:194)
	at com.kms.katalon.core.main.ScriptEngine.runScriptAsRawText(ScriptEngine.java:119)
	at com.kms.katalon.core.main.TestCaseExecutor.runScript(TestCaseExecutor.java:442)
	at com.kms.katalon.core.main.TestCaseExecutor.doExecute(TestCaseExecutor.java:433)
	at com.kms.katalon.core.main.TestCaseExecutor.processExecutionPhase(TestCaseExecutor.java:412)
	at com.kms.katalon.core.main.TestCaseExecutor.accessMainPhase(TestCaseExecutor.java:404)
	at com.kms.katalon.core.main.TestCaseExecutor.execute(TestCaseExecutor.java:281)
	at com.kms.katalon.core.main.TestSuiteExecutor.accessTestCaseMainPhase(TestSuiteExecutor.java:202)
	at com.kms.katalon.core.main.TestSuiteExecutor.accessTestSuiteMainPhase(TestSuiteExecutor.java:164)
	at com.kms.katalon.core.main.TestSuiteExecutor.execute(TestSuiteExecutor.java:105)
	at com.kms.katalon.core.main.TestCaseMain.startTestSuite(TestCaseMain.java:181)
	at com.kms.katalon.core.main.TestCaseMain$startTestSuite$0.call(Unknown Source)
	at TempTestSuite1642352008938.run(TempTestSuite1642352008938.groovy:36)
Caused by: com.kms.katalon.core.exception.StepFailedException: com.kms.katalon.core.webui.exception.WebElementNotFoundException: Web element with id: 'Object Repository/Page_Dashboard/h5_3 weeks for Tet' located by '//h5[@id='10-modal-title']' not found
	at com.kms.katalon.core.webui.keyword.internal.WebUIKeywordMain.stepFailed(WebUIKeywordMain.groovy:64)
	at com.kms.katalon.core.webui.keyword.builtin.VerifyElementTextKeyword$_verifyElementText_closure1.doCall(VerifyElementTextKeyword.groovy:64)
	at com.kms.katalon.core.webui.keyword.builtin.VerifyElementTextKeyword$_verifyElementText_closure1.call(VerifyElementTextKeyword.groovy)
	at com.kms.katalon.core.webui.keyword.internal.WebUIKeywordMain.runKeyword(WebUIKeywordMain.groovy:20)
	... 19 more


2022-01-17 00:47:26 - [TEST_STEP][PASSED] - openBrowser(""): Browser is opened with url: ''

2022-01-17 00:47:26 - [MESSAGE][WARNING] - A browser is already opened. Closing browser and opening a new one

2022-01-17 00:47:26 - [MESSAGE][INFO] - Starting 'Chrome' driver

2022-01-17 00:47:26 - [MESSAGE][INFO] - Action delay is set to 0 milliseconds

2022-01-17 00:47:27 - [MESSAGE][PASSED] - Browser is opened with url: ''

2022-01-17 00:47:27 - [TEST_STEP][PASSED] - navigateToUrl("http://localhost/"): Navigate to 'http://localhost/' successfully

2022-01-17 00:47:29 - [MESSAGE][PASSED] - Navigate to 'http://localhost/' successfully

2022-01-17 00:47:29 - [TEST_STEP][PASSED] - click(findTestObject("Object Repository/Page_Moodle/div_You are not logged in. (Log in)")): Object: 'Object Repository/Page_Moodle/div_You are not logged in. (Log in)' is clicked on

2022-01-17 00:47:29 - [MESSAGE][PASSED] - Object: 'Object Repository/Page_Moodle/div_You are not logged in. (Log in)' is clicked on

2022-01-17 00:47:29 - [TEST_STEP][PASSED] - click(findTestObject("Object Repository/Page_Moodle/a_Log in")): Object: 'Object Repository/Page_Moodle/a_Log in' is clicked on

2022-01-17 00:47:30 - [MESSAGE][PASSED] - Object: 'Object Repository/Page_Moodle/a_Log in' is clicked on

2022-01-17 00:47:30 - [TEST_STEP][PASSED] - setText(findTestObject("Object Repository/Page_Moodle Log in to the site/input_Username_username"), "nmthu"): Text 'nmthu' is set on object 'Object Repository/Page_Moodle Log in to the site/input_Username_username'

2022-01-17 00:47:31 - [MESSAGE][PASSED] - Text 'nmthu' is set on object 'Object Repository/Page_Moodle Log in to the site/input_Username_username'

2022-01-17 00:47:31 - [TEST_STEP][PASSED] - setEncryptedText(findTestObject("Object Repository/Page_Moodle Log in to the site/input_Password_password"), "zm/yZ1suVYniggK+4Jo9ew=="): Text ****** has been set on object 'Object Repository/Page_Moodle Log in to the site/input_Password_password'

2022-01-17 00:47:31 - [MESSAGE][PASSED] - Text ****** has been set on object 'Object Repository/Page_Moodle Log in to the site/input_Password_password'

2022-01-17 00:47:31 - [TEST_STEP][PASSED] - click(findTestObject("Object Repository/Page_Moodle Log in to the site/button_Log in")): Object: 'Object Repository/Page_Moodle Log in to the site/button_Log in' is clicked on

2022-01-17 00:47:32 - [MESSAGE][PASSED] - Object: 'Object Repository/Page_Moodle Log in to the site/button_Log in' is clicked on

2022-01-17 00:47:32 - [TEST_STEP][PASSED] - verifyElementVisible(findTestObject("Object Repository/Page_Dashboard/div_Upcoming events                        _f1fb13")): Object 'Object Repository/Page_Dashboard/div_Upcoming events                        _f1fb13' is visible

2022-01-17 00:48:04 - [MESSAGE][INFO] - Unable to find the element located by 'By.xpath: //section[@id='inst191']/div'. Please recheck the objects properties to make sure the desired element is located. 

2022-01-17 00:48:04 - [MESSAGE][WARNING] - [SELF-HEALING] Failed to find element with id 'Object Repository/Page_Dashboard/div_Upcoming events                        _f1fb13'. Try using Self-healing.

2022-01-17 00:48:04 - [MESSAGE][WARNING] - [SELF-HEALING] The current locator of test object 'Object Repository/Page_Dashboard/div_Upcoming events                        _f1fb13' was broken. Propose an alternative one: '(.//*[normalize-space(text()) and normalize-space(.)='Skip Upcoming events'])[1]/following::div[1]'.

2022-01-17 00:48:04 - [MESSAGE][PASSED] - Object 'Object Repository/Page_Dashboard/div_Upcoming events                        _f1fb13' is visible

2022-01-17 00:48:04 - [TEST_STEP][PASSED] - verifyElementClickable(findTestObject("Object Repository/Page_Dashboard/a_3 weeks for Tet")): Object 'Object Repository/Page_Dashboard/a_3 weeks for Tet' is clickable

2022-01-17 00:48:35 - [MESSAGE][INFO] - Unable to find the element located by 'By.xpath: //div[@id='month-upcoming-mini-61e3a1d0af96d61e3a1d0997fc4']/div/a'. Please recheck the objects properties to make sure the desired element is located. 

2022-01-17 00:48:35 - [MESSAGE][WARNING] - [SELF-HEALING] Failed to find element with id 'Object Repository/Page_Dashboard/a_3 weeks for Tet'. Try using Self-healing.

2022-01-17 00:48:36 - [MESSAGE][INFO] - Unable to find the element located by 'By.xpath: //a[contains(text(),'3 weeks for Tet')]'. Please recheck the objects properties to make sure the desired element is located. 

2022-01-17 00:48:36 - [MESSAGE][INFO] - [SELF-HEALING] Failed Locator: '//div[@id='month-upcoming-mini-61e3a1d0af96d61e3a1d0997fc4']/div/a'.

2022-01-17 00:48:37 - [MESSAGE][INFO] - [SELF-HEALING] Failed Locator: '//a[contains(text(),'3 weeks for Tet')]'.

2022-01-17 00:48:37 - [MESSAGE][INFO] - [SELF-HEALING] Working Locator: '(.//*[normalize-space(text()) and normalize-space(.)='Upcoming events'])[1]/following::a[1]'.

2022-01-17 00:48:37 - [MESSAGE][INFO] - [SELF-HEALING] Screenshot: D:/Test-Automation-SE-Bonus/Test-Automation-SE-Bonus/Reports/Self-healing/Object Repository/Page_Dashboard/a_3 weeks for Tet_neighbor.png

2022-01-17 00:48:37 - [MESSAGE][WARNING] - [SELF-HEALING] The current locator of test object 'Object Repository/Page_Dashboard/a_3 weeks for Tet' was broken. Propose an alternative one: '(.//*[normalize-space(text()) and normalize-space(.)='Upcoming events'])[1]/following::a[1]'.

2022-01-17 00:48:37 - [MESSAGE][PASSED] - Object 'Object Repository/Page_Dashboard/a_3 weeks for Tet' is clickable

2022-01-17 00:48:37 - [TEST_STEP][PASSED] - click(findTestObject("Object Repository/Page_Dashboard/a_3 weeks for Tet")): Object: 'Object Repository/Page_Dashboard/a_3 weeks for Tet' is clicked on

2022-01-17 00:49:08 - [MESSAGE][INFO] - Unable to find the element located by 'By.xpath: //div[@id='month-upcoming-mini-61e3a1d0af96d61e3a1d0997fc4']/div/a'. Please recheck the objects properties to make sure the desired element is located. 

2022-01-17 00:49:08 - [MESSAGE][WARNING] - [SELF-HEALING] Failed to find element with id 'Object Repository/Page_Dashboard/a_3 weeks for Tet'. Try using Self-healing.

2022-01-17 00:49:09 - [MESSAGE][WARNING] - [SELF-HEALING] The current locator of test object 'Object Repository/Page_Dashboard/a_3 weeks for Tet' was broken. Propose an alternative one: '(.//*[normalize-space(text()) and normalize-space(.)='Upcoming events'])[1]/following::a[1]'.

2022-01-17 00:49:09 - [MESSAGE][PASSED] - Object: 'Object Repository/Page_Dashboard/a_3 weeks for Tet' is clicked on

2022-01-17 00:49:09 - [TEST_STEP][FAILED] - verifyElementText(findTestObject("Object Repository/Page_Dashboard/h5_3 weeks for Tet"), "3 weeks for Tet"): Verify element text of test object 'Object Repository/Page_Dashboard/h5_3 weeks for Tet' FAILED. (Root cause: com.kms.katalon.core.exception.StepFailedException: Verify element text of test object 'Object Repository/Page_Dashboard/h5_3 weeks for Tet' FAILED.
	at com.kms.katalon.core.webui.keyword.internal.WebUIKeywordMain.stepFailed(WebUIKeywordMain.groovy:64)
	at com.kms.katalon.core.webui.keyword.internal.WebUIKeywordMain.runKeyword(WebUIKeywordMain.groovy:26)
	at com.kms.katalon.core.webui.keyword.builtin.VerifyElementTextKeyword.verifyElementText(VerifyElementTextKeyword.groovy:72)
	at com.kms.katalon.core.webui.keyword.builtin.VerifyElementTextKeyword.execute(VerifyElementTextKeyword.groovy:40)
	at com.kms.katalon.core.keyword.internal.KeywordExecutor.executeKeywordForPlatform(KeywordExecutor.groovy:74)
	at com.kms.katalon.core.webui.keyword.WebUiBuiltInKeywords.verifyElementText(WebUiBuiltInKeywords.groovy:4749)
	at com.kms.katalon.core.webui.keyword.WebUiBuiltInKeywords$verifyElementText$7.call(Unknown Source)
	at test case 29.run(test case 29:40)
	at com.kms.katalon.core.main.ScriptEngine.run(ScriptEngine.java:194)
	at com.kms.katalon.core.main.ScriptEngine.runScriptAsRawText(ScriptEngine.java:119)
	at com.kms.katalon.core.main.TestCaseExecutor.runScript(TestCaseExecutor.java:442)
	at com.kms.katalon.core.main.TestCaseExecutor.doExecute(TestCaseExecutor.java:433)
	at com.kms.katalon.core.main.TestCaseExecutor.processExecutionPhase(TestCaseExecutor.java:412)
	at com.kms.katalon.core.main.TestCaseExecutor.accessMainPhase(TestCaseExecutor.java:404)
	at com.kms.katalon.core.main.TestCaseExecutor.execute(TestCaseExecutor.java:281)
	at com.kms.katalon.core.main.TestSuiteExecutor.accessTestCaseMainPhase(TestSuiteExecutor.java:202)
	at com.kms.katalon.core.main.TestSuiteExecutor.accessTestSuiteMainPhase(TestSuiteExecutor.java:164)
	at com.kms.katalon.core.main.TestSuiteExecutor.execute(TestSuiteExecutor.java:105)
	at com.kms.katalon.core.main.TestCaseMain.startTestSuite(TestCaseMain.java:181)
	at com.kms.katalon.core.main.TestCaseMain$startTestSuite$0.call(Unknown Source)
	at TempTestSuite1642352008938.run(TempTestSuite1642352008938.groovy:36)
Caused by: com.kms.katalon.core.exception.StepFailedException: com.kms.katalon.core.webui.exception.WebElementNotFoundException: Web element with id: 'Object Repository/Page_Dashboard/h5_3 weeks for Tet' located by '//h5[@id='10-modal-title']' not found
	at com.kms.katalon.core.webui.keyword.internal.WebUIKeywordMain.stepFailed(WebUIKeywordMain.groovy:64)
	at com.kms.katalon.core.webui.keyword.builtin.VerifyElementTextKeyword$_verifyElementText_closure1.doCall(VerifyElementTextKeyword.groovy:64)
	at com.kms.katalon.core.webui.keyword.builtin.VerifyElementTextKeyword$_verifyElementText_closure1.call(VerifyElementTextKeyword.groovy)
	at com.kms.katalon.core.webui.keyword.internal.WebUIKeywordMain.runKeyword(WebUIKeywordMain.groovy:20)
	... 19 more
)

2022-01-17 00:49:40 - [MESSAGE][INFO] - Unable to find the element located by 'By.xpath: //h5[@id='10-modal-title']'. Please recheck the objects properties to make sure the desired element is located. 

2022-01-17 00:49:40 - [MESSAGE][WARNING] - [SELF-HEALING] Failed to find element with id 'Object Repository/Page_Dashboard/h5_3 weeks for Tet'. Try using Self-healing.

2022-01-17 00:49:41 - [MESSAGE][INFO] - [SELF-HEALING] Failed Locator: '//h5[@id='10-modal-title']'.

2022-01-17 00:49:41 - [MESSAGE][INFO] - [SELF-HEALING] Failed Locator: '//body[@id='page-my-index']/div[7]/div[2]/div/div/div/h5'.

2022-01-17 00:49:41 - [MESSAGE][INFO] - [SELF-HEALING] Failed Locator: '(.//*[normalize-space(text()) and normalize-space(.)=concat('id(', '"', '10-modal-title', '"', ')')])[1]/following::h5[1]'.

2022-01-17 00:49:41 - [MESSAGE][INFO] - [SELF-HEALING] Failed Locator: '(.//*[normalize-space(text()) and normalize-space(.)='Data retention summary'])[1]/following::h5[1]'.

2022-01-17 00:49:42 - [MESSAGE][INFO] - [SELF-HEALING] Failed Locator: '(.//*[normalize-space(text()) and normalize-space(.)='Sunday, 23 January'])[2]/preceding::h5[1]'.

2022-01-17 00:49:42 - [MESSAGE][INFO] - [SELF-HEALING] Failed Locator: '//div/div/h5'.

2022-01-17 00:49:43 - [MESSAGE][INFO] - Unable to find the element located by 'By.xpath: //*[@id = '10-modal-title' and (text() = '3 weeks for Tet' or . = '3 weeks for Tet')]'. Please recheck the objects properties to make sure the desired element is located. 

2022-01-17 00:49:44 - [MESSAGE][INFO] - Unable to find the element located by 'By.cssSelector: #10-modal-title'. Please recheck the objects properties to make sure the desired element is located. 

2022-01-17 00:49:44 - [MESSAGE][FAILED] - com.kms.katalon.core.webui.exception.WebElementNotFoundException: Web element with id: 'Object Repository/Page_Dashboard/h5_3 weeks for Tet' located by '//h5[@id='10-modal-title']' not found (Root cause: com.kms.katalon.core.exception.StepFailedException: com.kms.katalon.core.webui.exception.WebElementNotFoundException: Web element with id: 'Object Repository/Page_Dashboard/h5_3 weeks for Tet' located by '//h5[@id='10-modal-title']' not found
	at com.kms.katalon.core.webui.keyword.internal.WebUIKeywordMain.stepFailed(WebUIKeywordMain.groovy:64)
	at com.kms.katalon.core.webui.keyword.builtin.VerifyElementTextKeyword$_verifyElementText_closure1.doCall(VerifyElementTextKeyword.groovy:64)
	at com.kms.katalon.core.webui.keyword.builtin.VerifyElementTextKeyword$_verifyElementText_closure1.call(VerifyElementTextKeyword.groovy)
	at com.kms.katalon.core.webui.keyword.internal.WebUIKeywordMain.runKeyword(WebUIKeywordMain.groovy:20)
	at com.kms.katalon.core.webui.keyword.builtin.VerifyElementTextKeyword.verifyElementText(VerifyElementTextKeyword.groovy:72)
	at com.kms.katalon.core.webui.keyword.builtin.VerifyElementTextKeyword.execute(VerifyElementTextKeyword.groovy:40)
	at com.kms.katalon.core.keyword.internal.KeywordExecutor.executeKeywordForPlatform(KeywordExecutor.groovy:74)
	at com.kms.katalon.core.webui.keyword.WebUiBuiltInKeywords.verifyElementText(WebUiBuiltInKeywords.groovy:4749)
	at com.kms.katalon.core.webui.keyword.WebUiBuiltInKeywords$verifyElementText$7.call(Unknown Source)
	at test case 29.run(test case 29:40)
	at com.kms.katalon.core.main.ScriptEngine.run(ScriptEngine.java:194)
	at com.kms.katalon.core.main.ScriptEngine.runScriptAsRawText(ScriptEngine.java:119)
	at com.kms.katalon.core.main.TestCaseExecutor.runScript(TestCaseExecutor.java:442)
	at com.kms.katalon.core.main.TestCaseExecutor.doExecute(TestCaseExecutor.java:433)
	at com.kms.katalon.core.main.TestCaseExecutor.processExecutionPhase(TestCaseExecutor.java:412)
	at com.kms.katalon.core.main.TestCaseExecutor.accessMainPhase(TestCaseExecutor.java:404)
	at com.kms.katalon.core.main.TestCaseExecutor.execute(TestCaseExecutor.java:281)
	at com.kms.katalon.core.main.TestSuiteExecutor.accessTestCaseMainPhase(TestSuiteExecutor.java:202)
	at com.kms.katalon.core.main.TestSuiteExecutor.accessTestSuiteMainPhase(TestSuiteExecutor.java:164)
	at com.kms.katalon.core.main.TestSuiteExecutor.execute(TestSuiteExecutor.java:105)
	at com.kms.katalon.core.main.TestCaseMain.startTestSuite(TestCaseMain.java:181)
	at com.kms.katalon.core.main.TestCaseMain$startTestSuite$0.call(Unknown Source)
	at TempTestSuite1642352008938.run(TempTestSuite1642352008938.groovy:36)
)
[[ATTACHMENT|D:\\Test-Automation-SE-Bonus\\Test-Automation-SE-Bonus\\Reports\\20220116_235327\\Run all test cases\\20220116_235328\\1642355384620.png]]

2022-01-17 00:49:44 - [MESSAGE][FAILED] - Verify element text of test object 'Object Repository/Page_Dashboard/h5_3 weeks for Tet' FAILED. (Root cause: com.kms.katalon.core.exception.StepFailedException: Verify element text of test object 'Object Repository/Page_Dashboard/h5_3 weeks for Tet' FAILED.
	at com.kms.katalon.core.webui.keyword.internal.WebUIKeywordMain.stepFailed(WebUIKeywordMain.groovy:64)
	at com.kms.katalon.core.webui.keyword.internal.WebUIKeywordMain.runKeyword(WebUIKeywordMain.groovy:26)
	at com.kms.katalon.core.webui.keyword.builtin.VerifyElementTextKeyword.verifyElementText(VerifyElementTextKeyword.groovy:72)
	at com.kms.katalon.core.webui.keyword.builtin.VerifyElementTextKeyword.execute(VerifyElementTextKeyword.groovy:40)
	at com.kms.katalon.core.keyword.internal.KeywordExecutor.executeKeywordForPlatform(KeywordExecutor.groovy:74)
	at com.kms.katalon.core.webui.keyword.WebUiBuiltInKeywords.verifyElementText(WebUiBuiltInKeywords.groovy:4749)
	at com.kms.katalon.core.webui.keyword.WebUiBuiltInKeywords$verifyElementText$7.call(Unknown Source)
	at test case 29.run(test case 29:40)
	at com.kms.katalon.core.main.ScriptEngine.run(ScriptEngine.java:194)
	at com.kms.katalon.core.main.ScriptEngine.runScriptAsRawText(ScriptEngine.java:119)
	at com.kms.katalon.core.main.TestCaseExecutor.runScript(TestCaseExecutor.java:442)
	at com.kms.katalon.core.main.TestCaseExecutor.doExecute(TestCaseExecutor.java:433)
	at com.kms.katalon.core.main.TestCaseExecutor.processExecutionPhase(TestCaseExecutor.java:412)
	at com.kms.katalon.core.main.TestCaseExecutor.accessMainPhase(TestCaseExecutor.java:404)
	at com.kms.katalon.core.main.TestCaseExecutor.execute(TestCaseExecutor.java:281)
	at com.kms.katalon.core.main.TestSuiteExecutor.accessTestCaseMainPhase(TestSuiteExecutor.java:202)
	at com.kms.katalon.core.main.TestSuiteExecutor.accessTestSuiteMainPhase(TestSuiteExecutor.java:164)
	at com.kms.katalon.core.main.TestSuiteExecutor.execute(TestSuiteExecutor.java:105)
	at com.kms.katalon.core.main.TestCaseMain.startTestSuite(TestCaseMain.java:181)
	at com.kms.katalon.core.main.TestCaseMain$startTestSuite$0.call(Unknown Source)
	at TempTestSuite1642352008938.run(TempTestSuite1642352008938.groovy:36)
Caused by: com.kms.katalon.core.exception.StepFailedException: com.kms.katalon.core.webui.exception.WebElementNotFoundException: Web element with id: 'Object Repository/Page_Dashboard/h5_3 weeks for Tet' located by '//h5[@id='10-modal-title']' not found
	at com.kms.katalon.core.webui.keyword.internal.WebUIKeywordMain.stepFailed(WebUIKeywordMain.groovy:64)
	at com.kms.katalon.core.webui.keyword.builtin.VerifyElementTextKeyword$_verifyElementText_closure1.doCall(VerifyElementTextKeyword.groovy:64)
	at com.kms.katalon.core.webui.keyword.builtin.VerifyElementTextKeyword$_verifyElementText_closure1.call(VerifyElementTextKeyword.groovy)
	at com.kms.katalon.core.webui.keyword.internal.WebUIKeywordMain.runKeyword(WebUIKeywordMain.groovy:20)
	... 19 more
)
[[ATTACHMENT|D:\\Test-Automation-SE-Bonus\\Test-Automation-SE-Bonus\\Reports\\20220116_235327\\Run all test cases\\20220116_235328\\1642355384753.png]]]]></system-out>
         <system-err><![CDATA[2022-01-17 00:47:25 - [TEST_CASE][FAILED] - Test Cases/test case 29: Test Cases/test case 29 FAILED.
Reason:
com.kms.katalon.core.exception.StepFailedException: Verify element text of test object 'Object Repository/Page_Dashboard/h5_3 weeks for Tet' FAILED.
	at com.kms.katalon.core.webui.keyword.internal.WebUIKeywordMain.stepFailed(WebUIKeywordMain.groovy:64)
	at com.kms.katalon.core.webui.keyword.internal.WebUIKeywordMain.runKeyword(WebUIKeywordMain.groovy:26)
	at com.kms.katalon.core.webui.keyword.builtin.VerifyElementTextKeyword.verifyElementText(VerifyElementTextKeyword.groovy:72)
	at com.kms.katalon.core.webui.keyword.builtin.VerifyElementTextKeyword.execute(VerifyElementTextKeyword.groovy:40)
	at com.kms.katalon.core.keyword.internal.KeywordExecutor.executeKeywordForPlatform(KeywordExecutor.groovy:74)
	at com.kms.katalon.core.webui.keyword.WebUiBuiltInKeywords.verifyElementText(WebUiBuiltInKeywords.groovy:4749)
	at com.kms.katalon.core.webui.keyword.WebUiBuiltInKeywords$verifyElementText$7.call(Unknown Source)
	at test case 29.run(test case 29:40)
	at com.kms.katalon.core.main.ScriptEngine.run(ScriptEngine.java:194)
	at com.kms.katalon.core.main.ScriptEngine.runScriptAsRawText(ScriptEngine.java:119)
	at com.kms.katalon.core.main.TestCaseExecutor.runScript(TestCaseExecutor.java:442)
	at com.kms.katalon.core.main.TestCaseExecutor.doExecute(TestCaseExecutor.java:433)
	at com.kms.katalon.core.main.TestCaseExecutor.processExecutionPhase(TestCaseExecutor.java:412)
	at com.kms.katalon.core.main.TestCaseExecutor.accessMainPhase(TestCaseExecutor.java:404)
	at com.kms.katalon.core.main.TestCaseExecutor.execute(TestCaseExecutor.java:281)
	at com.kms.katalon.core.main.TestSuiteExecutor.accessTestCaseMainPhase(TestSuiteExecutor.java:202)
	at com.kms.katalon.core.main.TestSuiteExecutor.accessTestSuiteMainPhase(TestSuiteExecutor.java:164)
	at com.kms.katalon.core.main.TestSuiteExecutor.execute(TestSuiteExecutor.java:105)
	at com.kms.katalon.core.main.TestCaseMain.startTestSuite(TestCaseMain.java:181)
	at com.kms.katalon.core.main.TestCaseMain$startTestSuite$0.call(Unknown Source)
	at TempTestSuite1642352008938.run(TempTestSuite1642352008938.groovy:36)
Caused by: com.kms.katalon.core.exception.StepFailedException: com.kms.katalon.core.webui.exception.WebElementNotFoundException: Web element with id: 'Object Repository/Page_Dashboard/h5_3 weeks for Tet' located by '//h5[@id='10-modal-title']' not found
	at com.kms.katalon.core.webui.keyword.internal.WebUIKeywordMain.stepFailed(WebUIKeywordMain.groovy:64)
	at com.kms.katalon.core.webui.keyword.builtin.VerifyElementTextKeyword$_verifyElementText_closure1.doCall(VerifyElementTextKeyword.groovy:64)
	at com.kms.katalon.core.webui.keyword.builtin.VerifyElementTextKeyword$_verifyElementText_closure1.call(VerifyElementTextKeyword.groovy)
	at com.kms.katalon.core.webui.keyword.internal.WebUIKeywordMain.runKeyword(WebUIKeywordMain.groovy:20)
	... 19 more]]></system-err>
      </testcase>
      <testcase name="Test Cases/test case 30" time="265.623" classname="Test Cases/test case 30" status="PASSED">
         <system-out><![CDATA[2022-01-17 00:49:44 - [TEST_CASE][PASSED] - Test Cases/test case 30: Test Cases/test case 30

2022-01-17 00:49:45 - [TEST_STEP][PASSED] - openBrowser(""): Browser is opened with url: ''

2022-01-17 00:49:45 - [MESSAGE][WARNING] - A browser is already opened. Closing browser and opening a new one

2022-01-17 00:49:45 - [MESSAGE][INFO] - Starting 'Chrome' driver

2022-01-17 00:49:45 - [MESSAGE][INFO] - Action delay is set to 0 milliseconds

2022-01-17 00:49:46 - [MESSAGE][PASSED] - Browser is opened with url: ''

2022-01-17 00:49:46 - [TEST_STEP][PASSED] - navigateToUrl("http://localhost/"): Navigate to 'http://localhost/' successfully

2022-01-17 00:49:48 - [MESSAGE][PASSED] - Navigate to 'http://localhost/' successfully

2022-01-17 00:49:48 - [TEST_STEP][PASSED] - click(findTestObject("Object Repository/Page_Moodle/a_Log in")): Object: 'Object Repository/Page_Moodle/a_Log in' is clicked on

2022-01-17 00:49:48 - [MESSAGE][PASSED] - Object: 'Object Repository/Page_Moodle/a_Log in' is clicked on

2022-01-17 00:49:48 - [TEST_STEP][PASSED] - setText(findTestObject("Object Repository/Page_Moodle Log in to the site/input_Username_username"), "nmthu"): Text 'nmthu' is set on object 'Object Repository/Page_Moodle Log in to the site/input_Username_username'

2022-01-17 00:49:49 - [MESSAGE][PASSED] - Text 'nmthu' is set on object 'Object Repository/Page_Moodle Log in to the site/input_Username_username'

2022-01-17 00:49:49 - [TEST_STEP][PASSED] - setEncryptedText(findTestObject("Object Repository/Page_Moodle Log in to the site/input_Password_password"), "zm/yZ1suVYniggK+4Jo9ew=="): Text ****** has been set on object 'Object Repository/Page_Moodle Log in to the site/input_Password_password'

2022-01-17 00:49:50 - [MESSAGE][PASSED] - Text ****** has been set on object 'Object Repository/Page_Moodle Log in to the site/input_Password_password'

2022-01-17 00:49:50 - [TEST_STEP][PASSED] - click(findTestObject("Object Repository/Page_Moodle Log in to the site/button_Log in")): Object: 'Object Repository/Page_Moodle Log in to the site/button_Log in' is clicked on

2022-01-17 00:49:51 - [MESSAGE][PASSED] - Object: 'Object Repository/Page_Moodle Log in to the site/button_Log in' is clicked on

2022-01-17 00:49:51 - [TEST_STEP][PASSED] - click(findTestObject("Object Repository/Page_Dashboard/span_Calendar")): Object: 'Object Repository/Page_Dashboard/span_Calendar' is clicked on

2022-01-17 00:49:52 - [MESSAGE][PASSED] - Object: 'Object Repository/Page_Dashboard/span_Calendar' is clicked on

2022-01-17 00:49:52 - [TEST_STEP][PASSED] - focus(findTestObject("Page_Mood Calendar Detailed month view Janu_18fc56/button_New event")): Object: 'Object Repository/Page_Mood Calendar Detailed month view Janu_18fc56/button_New event' is focused

2022-01-17 00:50:23 - [MESSAGE][INFO] - Unable to find the element located by 'By.xpath: //div[@id='calendar-month-61e41531799f761e4153150b4a16']/div/button'. Please recheck the objects properties to make sure the desired element is located. 

2022-01-17 00:50:23 - [MESSAGE][WARNING] - [SELF-HEALING] Failed to find element with id 'Object Repository/Page_Mood Calendar Detailed month view Janu_18fc56/button_New event'. Try using Self-healing.

2022-01-17 00:50:24 - [MESSAGE][WARNING] - [SELF-HEALING] The current locator of test object 'Object Repository/Page_Mood Calendar Detailed month view Janu_18fc56/button_New event' was broken. Propose an alternative one: '(.//*[normalize-space(text()) and normalize-space(.)='List of courses'])[1]/following::button[1]'.

2022-01-17 00:50:24 - [MESSAGE][PASSED] - Object: 'Object Repository/Page_Mood Calendar Detailed month view Janu_18fc56/button_New event' is focused

2022-01-17 00:50:24 - [TEST_STEP][PASSED] - click(findTestObject("Object Repository/Page_Mood Calendar Detailed month view Janu_18fc56/button_New event")): Object: 'Object Repository/Page_Mood Calendar Detailed month view Janu_18fc56/button_New event' is clicked on

2022-01-17 00:50:55 - [MESSAGE][INFO] - Unable to find the element located by 'By.xpath: //div[@id='calendar-month-61e41531799f761e4153150b4a16']/div/button'. Please recheck the objects properties to make sure the desired element is located. 

2022-01-17 00:50:55 - [MESSAGE][WARNING] - [SELF-HEALING] Failed to find element with id 'Object Repository/Page_Mood Calendar Detailed month view Janu_18fc56/button_New event'. Try using Self-healing.

2022-01-17 00:50:55 - [MESSAGE][WARNING] - [SELF-HEALING] The current locator of test object 'Object Repository/Page_Mood Calendar Detailed month view Janu_18fc56/button_New event' was broken. Propose an alternative one: '(.//*[normalize-space(text()) and normalize-space(.)='List of courses'])[1]/following::button[1]'.

2022-01-17 00:50:55 - [MESSAGE][PASSED] - Object: 'Object Repository/Page_Mood Calendar Detailed month view Janu_18fc56/button_New event' is clicked on

2022-01-17 00:50:55 - [TEST_STEP][PASSED] - setText(findTestObject("Object Repository/Page_Mood Calendar Detailed month view Janu_18fc56/input_Event title_name"), "Festival at uni"): Text 'Festival at uni' is set on object 'Object Repository/Page_Mood Calendar Detailed month view Janu_18fc56/input_Event title_name'

2022-01-17 00:50:57 - [MESSAGE][PASSED] - Text 'Festival at uni' is set on object 'Object Repository/Page_Mood Calendar Detailed month view Janu_18fc56/input_Event title_name'

2022-01-17 00:50:57 - [TEST_STEP][PASSED] - selectOptionByValue(findTestObject("Object Repository/Page_Mood Calendar Detailed month view Janu_18fc56/select_1        2        3        4        _45ea30"), "26", true): All options with value '26' are selected in object 'Object Repository/Page_Mood Calendar Detailed month view Janu_18fc56/select_1        2        3        4        _45ea30'  using regular expression

2022-01-17 00:50:58 - [MESSAGE][PASSED] - All options with value '26' are selected in object 'Object Repository/Page_Mood Calendar Detailed month view Janu_18fc56/select_1        2        3        4        _45ea30'  using regular expression

2022-01-17 00:50:58 - [TEST_STEP][PASSED] - click(findTestObject("Object Repository/Page_Mood Calendar Detailed month view Janu_18fc56/button_Save")): Object: 'Object Repository/Page_Mood Calendar Detailed month view Janu_18fc56/button_Save' is clicked on

2022-01-17 00:51:30 - [MESSAGE][INFO] - Unable to find the element located by 'By.xpath: //button[@id='yui_3_17_2_1_1642337585482_1306']'. Please recheck the objects properties to make sure the desired element is located. 

2022-01-17 00:51:30 - [MESSAGE][WARNING] - [SELF-HEALING] Failed to find element with id 'Object Repository/Page_Mood Calendar Detailed month view Janu_18fc56/button_Save'. Try using Self-healing.

2022-01-17 00:51:30 - [MESSAGE][WARNING] - [SELF-HEALING] The current locator of test object 'Object Repository/Page_Mood Calendar Detailed month view Janu_18fc56/button_Save' was broken. Propose an alternative one: '(.//*[normalize-space(text()) and normalize-space(.)='Repeat weekly, creating altogether'])[1]/following::button[1]'.

2022-01-17 00:51:30 - [MESSAGE][PASSED] - Object: 'Object Repository/Page_Mood Calendar Detailed month view Janu_18fc56/button_Save' is clicked on

2022-01-17 00:51:30 - [TEST_STEP][PASSED] - verifyElementVisible(findTestObject("Object Repository/Page_Mood Calendar Detailed month view Janu_18fc56/a_Festival at uni")): Object 'Object Repository/Page_Mood Calendar Detailed month view Janu_18fc56/a_Festival at uni' is visible

2022-01-17 00:52:01 - [MESSAGE][INFO] - Unable to find the element located by 'By.xpath: //a[@id='yui_3_17_2_1_1642219203535_1975']'. Please recheck the objects properties to make sure the desired element is located. 

2022-01-17 00:52:01 - [MESSAGE][WARNING] - [SELF-HEALING] Failed to find element with id 'Object Repository/Page_Mood Calendar Detailed month view Janu_18fc56/a_Festival at uni'. Try using Self-healing.

2022-01-17 00:52:01 - [MESSAGE][WARNING] - [SELF-HEALING] The current locator of test object 'Object Repository/Page_Mood Calendar Detailed month view Janu_18fc56/a_Festival at uni' was broken. Propose an alternative one: '(.//*[normalize-space(text()) and normalize-space(.)='No events, Tuesday, 25 January'])[2]/following::a[2]'.

2022-01-17 00:52:01 - [MESSAGE][PASSED] - Object 'Object Repository/Page_Mood Calendar Detailed month view Janu_18fc56/a_Festival at uni' is visible

2022-01-17 00:52:01 - [TEST_STEP][PASSED] - click(findTestObject("Object Repository/Page_Mood Calendar Detailed month view Janu_18fc56/a_Festival at uni")): Object: 'Object Repository/Page_Mood Calendar Detailed month view Janu_18fc56/a_Festival at uni' is clicked on

2022-01-17 00:52:32 - [MESSAGE][INFO] - Unable to find the element located by 'By.xpath: //a[@id='yui_3_17_2_1_1642219203535_1975']'. Please recheck the objects properties to make sure the desired element is located. 

2022-01-17 00:52:32 - [MESSAGE][WARNING] - [SELF-HEALING] Failed to find element with id 'Object Repository/Page_Mood Calendar Detailed month view Janu_18fc56/a_Festival at uni'. Try using Self-healing.

2022-01-17 00:52:33 - [MESSAGE][WARNING] - [SELF-HEALING] The current locator of test object 'Object Repository/Page_Mood Calendar Detailed month view Janu_18fc56/a_Festival at uni' was broken. Propose an alternative one: '(.//*[normalize-space(text()) and normalize-space(.)='No events, Tuesday, 25 January'])[2]/following::a[2]'.

2022-01-17 00:52:33 - [MESSAGE][PASSED] - Object: 'Object Repository/Page_Mood Calendar Detailed month view Janu_18fc56/a_Festival at uni' is clicked on

2022-01-17 00:52:33 - [TEST_STEP][PASSED] - verifyElementClickable(findTestObject("Object Repository/Page_Mood Calendar Detailed month view Janu_18fc56/button_Delete")): Object 'Object Repository/Page_Mood Calendar Detailed month view Janu_18fc56/button_Delete' is clickable

2022-01-17 00:53:04 - [MESSAGE][INFO] - Unable to find the element located by 'By.xpath: //button[@id='yui_3_17_2_1_1642337585482_2067']'. Please recheck the objects properties to make sure the desired element is located. 

2022-01-17 00:53:04 - [MESSAGE][WARNING] - [SELF-HEALING] Failed to find element with id 'Object Repository/Page_Mood Calendar Detailed month view Janu_18fc56/button_Delete'. Try using Self-healing.

2022-01-17 00:53:05 - [MESSAGE][INFO] - Unable to find the element located by 'By.xpath: (.//*[normalize-space(text()) and normalize-space(.)='Introduction to Computer Science'])[3]/following::button[1]'. Please recheck the objects properties to make sure the desired element is located. 

2022-01-17 00:53:05 - [MESSAGE][WARNING] - [SELF-HEALING] The current locator of test object 'Object Repository/Page_Mood Calendar Detailed month view Janu_18fc56/button_Delete' was broken. Propose an alternative one: '(.//*[normalize-space(text()) and normalize-space(.)='User event'])[1]/following::button[1]'.

2022-01-17 00:53:05 - [MESSAGE][PASSED] - Object 'Object Repository/Page_Mood Calendar Detailed month view Janu_18fc56/button_Delete' is clickable

2022-01-17 00:53:05 - [TEST_STEP][PASSED] - click(findTestObject("Object Repository/Page_Mood Calendar Detailed month view Janu_18fc56/button_Delete")): Object: 'Object Repository/Page_Mood Calendar Detailed month view Janu_18fc56/button_Delete' is clicked on

2022-01-17 00:53:36 - [MESSAGE][INFO] - Unable to find the element located by 'By.xpath: //button[@id='yui_3_17_2_1_1642337585482_2067']'. Please recheck the objects properties to make sure the desired element is located. 

2022-01-17 00:53:36 - [MESSAGE][WARNING] - [SELF-HEALING] Failed to find element with id 'Object Repository/Page_Mood Calendar Detailed month view Janu_18fc56/button_Delete'. Try using Self-healing.

2022-01-17 00:53:38 - [MESSAGE][INFO] - Unable to find the element located by 'By.xpath: (.//*[normalize-space(text()) and normalize-space(.)='Introduction to Computer Science'])[3]/following::button[1]'. Please recheck the objects properties to make sure the desired element is located. 

2022-01-17 00:53:38 - [MESSAGE][WARNING] - [SELF-HEALING] The current locator of test object 'Object Repository/Page_Mood Calendar Detailed month view Janu_18fc56/button_Delete' was broken. Propose an alternative one: '(.//*[normalize-space(text()) and normalize-space(.)='User event'])[1]/following::button[1]'.

2022-01-17 00:53:38 - [MESSAGE][PASSED] - Object: 'Object Repository/Page_Mood Calendar Detailed month view Janu_18fc56/button_Delete' is clicked on

2022-01-17 00:53:38 - [TEST_STEP][PASSED] - click(findTestObject("Object Repository/Page_Mood Calendar Detailed month view Janu_18fc56/button_Delete event")): Object: 'Object Repository/Page_Mood Calendar Detailed month view Janu_18fc56/button_Delete event' is clicked on

2022-01-17 00:54:09 - [MESSAGE][INFO] - Unable to find the element located by 'By.xpath: //button[@id='yui_3_17_2_1_1642337585482_2083']'. Please recheck the objects properties to make sure the desired element is located. 

2022-01-17 00:54:09 - [MESSAGE][WARNING] - [SELF-HEALING] Failed to find element with id 'Object Repository/Page_Mood Calendar Detailed month view Janu_18fc56/button_Delete event'. Try using Self-healing.

2022-01-17 00:54:09 - [MESSAGE][WARNING] - [SELF-HEALING] The current locator of test object 'Object Repository/Page_Mood Calendar Detailed month view Janu_18fc56/button_Delete event' was broken. Propose an alternative one: '(.//*[normalize-space(text()) and normalize-space(.)='Delete event'])[1]/following::button[2]'.

2022-01-17 00:54:09 - [MESSAGE][PASSED] - Object: 'Object Repository/Page_Mood Calendar Detailed month view Janu_18fc56/button_Delete event' is clicked on

2022-01-17 00:54:09 - [TEST_STEP][PASSED] - closeBrowser(): Browser is closed

2022-01-17 00:54:10 - [MESSAGE][PASSED] - Browser is closed]]></system-out>
         <system-err><![CDATA[]]></system-err>
      </testcase>
      <testcase name="Test Cases/test case 31" time="295.425" classname="Test Cases/test case 31" status="PASSED">
         <system-out><![CDATA[2022-01-17 00:54:10 - [TEST_CASE][PASSED] - Test Cases/test case 31: Test Cases/test case 31

2022-01-17 00:54:10 - [TEST_STEP][PASSED] - openBrowser(""): Browser is opened with url: ''

2022-01-17 00:54:10 - [MESSAGE][INFO] - Starting 'Chrome' driver

2022-01-17 00:54:10 - [MESSAGE][INFO] - Action delay is set to 0 milliseconds

2022-01-17 00:54:11 - [MESSAGE][PASSED] - Browser is opened with url: ''

2022-01-17 00:54:11 - [TEST_STEP][PASSED] - navigateToUrl("http://localhost/"): Navigate to 'http://localhost/' successfully

2022-01-17 00:54:13 - [MESSAGE][PASSED] - Navigate to 'http://localhost/' successfully

2022-01-17 00:54:13 - [TEST_STEP][PASSED] - click(findTestObject("Object Repository/Page_Moodle/a_Log in")): Object: 'Object Repository/Page_Moodle/a_Log in' is clicked on

2022-01-17 00:54:13 - [MESSAGE][PASSED] - Object: 'Object Repository/Page_Moodle/a_Log in' is clicked on

2022-01-17 00:54:13 - [TEST_STEP][PASSED] - setText(findTestObject("Object Repository/Page_Moodle Log in to the site/input_Username_username"), "nmthu"): Text 'nmthu' is set on object 'Object Repository/Page_Moodle Log in to the site/input_Username_username'

2022-01-17 00:54:14 - [MESSAGE][PASSED] - Text 'nmthu' is set on object 'Object Repository/Page_Moodle Log in to the site/input_Username_username'

2022-01-17 00:54:14 - [TEST_STEP][PASSED] - setEncryptedText(findTestObject("Object Repository/Page_Moodle Log in to the site/input_Password_password"), "zm/yZ1suVYniggK+4Jo9ew=="): Text ****** has been set on object 'Object Repository/Page_Moodle Log in to the site/input_Password_password'

2022-01-17 00:54:15 - [MESSAGE][PASSED] - Text ****** has been set on object 'Object Repository/Page_Moodle Log in to the site/input_Password_password'

2022-01-17 00:54:15 - [TEST_STEP][PASSED] - click(findTestObject("Object Repository/Page_Moodle Log in to the site/button_Log in")): Object: 'Object Repository/Page_Moodle Log in to the site/button_Log in' is clicked on

2022-01-17 00:54:16 - [MESSAGE][PASSED] - Object: 'Object Repository/Page_Moodle Log in to the site/button_Log in' is clicked on

2022-01-17 00:54:16 - [TEST_STEP][PASSED] - verifyElementVisible(findTestObject("Object Repository/Page_Dashboard/div_Calendar                               _78b00d")): Object 'Object Repository/Page_Dashboard/div_Calendar                               _78b00d' is visible

2022-01-17 00:54:47 - [MESSAGE][INFO] - Unable to find the element located by 'By.xpath: //section[@id='inst200']/div'. Please recheck the objects properties to make sure the desired element is located. 

2022-01-17 00:54:47 - [MESSAGE][WARNING] - [SELF-HEALING] Failed to find element with id 'Object Repository/Page_Dashboard/div_Calendar                               _78b00d'. Try using Self-healing.

2022-01-17 00:54:47 - [MESSAGE][WARNING] - [SELF-HEALING] The current locator of test object 'Object Repository/Page_Dashboard/div_Calendar                               _78b00d' was broken. Propose an alternative one: '(.//*[normalize-space(text()) and normalize-space(.)='Skip Calendar'])[1]/following::div[1]'.

2022-01-17 00:54:47 - [MESSAGE][PASSED] - Object 'Object Repository/Page_Dashboard/div_Calendar                               _78b00d' is visible

2022-01-17 00:54:47 - [TEST_STEP][PASSED] - click(findTestObject("Object Repository/Page_Dashboard/a_January 2022")): Object: 'Object Repository/Page_Dashboard/a_January 2022' is clicked on

2022-01-17 00:55:18 - [MESSAGE][INFO] - Unable to find the element located by 'By.xpath: //div[@id='month-mini-2022-1-5']/table/caption/span[2]/a'. Please recheck the objects properties to make sure the desired element is located. 

2022-01-17 00:55:18 - [MESSAGE][WARNING] - [SELF-HEALING] Failed to find element with id 'Object Repository/Page_Dashboard/a_January 2022'. Try using Self-healing.

2022-01-17 00:55:19 - [MESSAGE][WARNING] - [SELF-HEALING] The current locator of test object 'Object Repository/Page_Dashboard/a_January 2022' was broken. Propose an alternative one: '//a[contains(text(),'January 2022')]'.

2022-01-17 00:55:19 - [MESSAGE][PASSED] - Object: 'Object Repository/Page_Dashboard/a_January 2022' is clicked on

2022-01-17 00:55:19 - [TEST_STEP][PASSED] - click(findTestObject("Object Repository/Page_Mood Calendar Detailed month view Janu_18fc56/button_New event")): Object: 'Object Repository/Page_Mood Calendar Detailed month view Janu_18fc56/button_New event' is clicked on

2022-01-17 00:55:50 - [MESSAGE][INFO] - Unable to find the element located by 'By.xpath: //div[@id='calendar-month-61e41531799f761e4153150b4a16']/div/button'. Please recheck the objects properties to make sure the desired element is located. 

2022-01-17 00:55:50 - [MESSAGE][WARNING] - [SELF-HEALING] Failed to find element with id 'Object Repository/Page_Mood Calendar Detailed month view Janu_18fc56/button_New event'. Try using Self-healing.

2022-01-17 00:55:51 - [MESSAGE][WARNING] - [SELF-HEALING] The current locator of test object 'Object Repository/Page_Mood Calendar Detailed month view Janu_18fc56/button_New event' was broken. Propose an alternative one: '(.//*[normalize-space(text()) and normalize-space(.)='List of courses'])[1]/following::button[1]'.

2022-01-17 00:55:51 - [MESSAGE][PASSED] - Object: 'Object Repository/Page_Mood Calendar Detailed month view Janu_18fc56/button_New event' is clicked on

2022-01-17 00:55:51 - [TEST_STEP][PASSED] - setText(findTestObject("Object Repository/Page_Mood Calendar Detailed month view Janu_18fc56/input_Event title_name"), "Festival at uni"): Text 'Festival at uni' is set on object 'Object Repository/Page_Mood Calendar Detailed month view Janu_18fc56/input_Event title_name'

2022-01-17 00:55:52 - [MESSAGE][PASSED] - Text 'Festival at uni' is set on object 'Object Repository/Page_Mood Calendar Detailed month view Janu_18fc56/input_Event title_name'

2022-01-17 00:55:52 - [TEST_STEP][PASSED] - selectOptionByValue(findTestObject("Object Repository/Page_Mood Calendar Detailed month view Janu_18fc56/select_1        2        3        4        _45ea30"), "26", true): All options with value '26' are selected in object 'Object Repository/Page_Mood Calendar Detailed month view Janu_18fc56/select_1        2        3        4        _45ea30'  using regular expression

2022-01-17 00:55:54 - [MESSAGE][PASSED] - All options with value '26' are selected in object 'Object Repository/Page_Mood Calendar Detailed month view Janu_18fc56/select_1        2        3        4        _45ea30'  using regular expression

2022-01-17 00:55:54 - [TEST_STEP][PASSED] - click(findTestObject("Object Repository/Page_Mood Calendar Detailed month view Janu_18fc56/button_Save")): Object: 'Object Repository/Page_Mood Calendar Detailed month view Janu_18fc56/button_Save' is clicked on

2022-01-17 00:56:25 - [MESSAGE][INFO] - Unable to find the element located by 'By.xpath: //button[@id='yui_3_17_2_1_1642337585482_1306']'. Please recheck the objects properties to make sure the desired element is located. 

2022-01-17 00:56:25 - [MESSAGE][WARNING] - [SELF-HEALING] Failed to find element with id 'Object Repository/Page_Mood Calendar Detailed month view Janu_18fc56/button_Save'. Try using Self-healing.

2022-01-17 00:56:25 - [MESSAGE][WARNING] - [SELF-HEALING] The current locator of test object 'Object Repository/Page_Mood Calendar Detailed month view Janu_18fc56/button_Save' was broken. Propose an alternative one: '(.//*[normalize-space(text()) and normalize-space(.)='Repeat weekly, creating altogether'])[1]/following::button[1]'.

2022-01-17 00:56:25 - [MESSAGE][PASSED] - Object: 'Object Repository/Page_Mood Calendar Detailed month view Janu_18fc56/button_Save' is clicked on

2022-01-17 00:56:25 - [TEST_STEP][PASSED] - verifyElementVisible(findTestObject("Object Repository/Page_Mood Calendar Detailed month view Janu_18fc56/a_Festival at uni")): Object 'Object Repository/Page_Mood Calendar Detailed month view Janu_18fc56/a_Festival at uni' is visible

2022-01-17 00:56:56 - [MESSAGE][INFO] - Unable to find the element located by 'By.xpath: //a[@id='yui_3_17_2_1_1642219203535_1975']'. Please recheck the objects properties to make sure the desired element is located. 

2022-01-17 00:56:56 - [MESSAGE][WARNING] - [SELF-HEALING] Failed to find element with id 'Object Repository/Page_Mood Calendar Detailed month view Janu_18fc56/a_Festival at uni'. Try using Self-healing.

2022-01-17 00:56:57 - [MESSAGE][WARNING] - [SELF-HEALING] The current locator of test object 'Object Repository/Page_Mood Calendar Detailed month view Janu_18fc56/a_Festival at uni' was broken. Propose an alternative one: '(.//*[normalize-space(text()) and normalize-space(.)='No events, Tuesday, 25 January'])[2]/following::a[2]'.

2022-01-17 00:56:57 - [MESSAGE][PASSED] - Object 'Object Repository/Page_Mood Calendar Detailed month view Janu_18fc56/a_Festival at uni' is visible

2022-01-17 00:56:57 - [TEST_STEP][PASSED] - click(findTestObject("Object Repository/Page_Mood Calendar Detailed month view Janu_18fc56/a_Festival at uni")): Object: 'Object Repository/Page_Mood Calendar Detailed month view Janu_18fc56/a_Festival at uni' is clicked on

2022-01-17 00:57:28 - [MESSAGE][INFO] - Unable to find the element located by 'By.xpath: //a[@id='yui_3_17_2_1_1642219203535_1975']'. Please recheck the objects properties to make sure the desired element is located. 

2022-01-17 00:57:28 - [MESSAGE][WARNING] - [SELF-HEALING] Failed to find element with id 'Object Repository/Page_Mood Calendar Detailed month view Janu_18fc56/a_Festival at uni'. Try using Self-healing.

2022-01-17 00:57:28 - [MESSAGE][WARNING] - [SELF-HEALING] The current locator of test object 'Object Repository/Page_Mood Calendar Detailed month view Janu_18fc56/a_Festival at uni' was broken. Propose an alternative one: '(.//*[normalize-space(text()) and normalize-space(.)='No events, Tuesday, 25 January'])[2]/following::a[2]'.

2022-01-17 00:57:28 - [MESSAGE][PASSED] - Object: 'Object Repository/Page_Mood Calendar Detailed month view Janu_18fc56/a_Festival at uni' is clicked on

2022-01-17 00:57:28 - [TEST_STEP][PASSED] - verifyElementClickable(findTestObject("Object Repository/Page_Mood Calendar Detailed month view Janu_18fc56/button_Delete")): Object 'Object Repository/Page_Mood Calendar Detailed month view Janu_18fc56/button_Delete' is clickable

2022-01-17 00:57:59 - [MESSAGE][INFO] - Unable to find the element located by 'By.xpath: //button[@id='yui_3_17_2_1_1642337585482_2067']'. Please recheck the objects properties to make sure the desired element is located. 

2022-01-17 00:57:59 - [MESSAGE][WARNING] - [SELF-HEALING] Failed to find element with id 'Object Repository/Page_Mood Calendar Detailed month view Janu_18fc56/button_Delete'. Try using Self-healing.

2022-01-17 00:58:00 - [MESSAGE][INFO] - Unable to find the element located by 'By.xpath: (.//*[normalize-space(text()) and normalize-space(.)='Introduction to Computer Science'])[3]/following::button[1]'. Please recheck the objects properties to make sure the desired element is located. 

2022-01-17 00:58:01 - [MESSAGE][WARNING] - [SELF-HEALING] The current locator of test object 'Object Repository/Page_Mood Calendar Detailed month view Janu_18fc56/button_Delete' was broken. Propose an alternative one: '(.//*[normalize-space(text()) and normalize-space(.)='User event'])[1]/following::button[1]'.

2022-01-17 00:58:01 - [MESSAGE][PASSED] - Object 'Object Repository/Page_Mood Calendar Detailed month view Janu_18fc56/button_Delete' is clickable

2022-01-17 00:58:01 - [TEST_STEP][PASSED] - click(findTestObject("Object Repository/Page_Mood Calendar Detailed month view Janu_18fc56/button_Delete")): Object: 'Object Repository/Page_Mood Calendar Detailed month view Janu_18fc56/button_Delete' is clicked on

2022-01-17 00:58:32 - [MESSAGE][INFO] - Unable to find the element located by 'By.xpath: //button[@id='yui_3_17_2_1_1642337585482_2067']'. Please recheck the objects properties to make sure the desired element is located. 

2022-01-17 00:58:32 - [MESSAGE][WARNING] - [SELF-HEALING] Failed to find element with id 'Object Repository/Page_Mood Calendar Detailed month view Janu_18fc56/button_Delete'. Try using Self-healing.

2022-01-17 00:58:33 - [MESSAGE][INFO] - Unable to find the element located by 'By.xpath: (.//*[normalize-space(text()) and normalize-space(.)='Introduction to Computer Science'])[3]/following::button[1]'. Please recheck the objects properties to make sure the desired element is located. 

2022-01-17 00:58:33 - [MESSAGE][WARNING] - [SELF-HEALING] The current locator of test object 'Object Repository/Page_Mood Calendar Detailed month view Janu_18fc56/button_Delete' was broken. Propose an alternative one: '(.//*[normalize-space(text()) and normalize-space(.)='User event'])[1]/following::button[1]'.

2022-01-17 00:58:33 - [MESSAGE][PASSED] - Object: 'Object Repository/Page_Mood Calendar Detailed month view Janu_18fc56/button_Delete' is clicked on

2022-01-17 00:58:33 - [TEST_STEP][PASSED] - click(findTestObject("Object Repository/Page_Mood Calendar Detailed month view Janu_18fc56/button_Delete event")): Object: 'Object Repository/Page_Mood Calendar Detailed month view Janu_18fc56/button_Delete event' is clicked on

2022-01-17 00:59:04 - [MESSAGE][INFO] - Unable to find the element located by 'By.xpath: //button[@id='yui_3_17_2_1_1642337585482_2083']'. Please recheck the objects properties to make sure the desired element is located. 

2022-01-17 00:59:04 - [MESSAGE][WARNING] - [SELF-HEALING] Failed to find element with id 'Object Repository/Page_Mood Calendar Detailed month view Janu_18fc56/button_Delete event'. Try using Self-healing.

2022-01-17 00:59:05 - [MESSAGE][WARNING] - [SELF-HEALING] The current locator of test object 'Object Repository/Page_Mood Calendar Detailed month view Janu_18fc56/button_Delete event' was broken. Propose an alternative one: '(.//*[normalize-space(text()) and normalize-space(.)='Delete event'])[1]/following::button[2]'.

2022-01-17 00:59:05 - [MESSAGE][PASSED] - Object: 'Object Repository/Page_Mood Calendar Detailed month view Janu_18fc56/button_Delete event' is clicked on

2022-01-17 00:59:05 - [TEST_STEP][PASSED] - closeBrowser(): Browser is closed

2022-01-17 00:59:05 - [MESSAGE][PASSED] - Browser is closed]]></system-out>
         <system-err><![CDATA[]]></system-err>
      </testcase>
      <testcase name="Test Cases/test case 32" time="164.321" classname="Test Cases/test case 32" status="PASSED">
         <system-out><![CDATA[2022-01-17 00:59:05 - [TEST_CASE][PASSED] - Test Cases/test case 32: Test Cases/test case 32

2022-01-17 00:59:06 - [TEST_STEP][PASSED] - openBrowser(""): Browser is opened with url: ''

2022-01-17 00:59:06 - [MESSAGE][INFO] - Starting 'Chrome' driver

2022-01-17 00:59:06 - [MESSAGE][INFO] - Action delay is set to 0 milliseconds

2022-01-17 00:59:07 - [MESSAGE][PASSED] - Browser is opened with url: ''

2022-01-17 00:59:07 - [TEST_STEP][PASSED] - navigateToUrl("http://localhost/"): Navigate to 'http://localhost/' successfully

2022-01-17 00:59:08 - [MESSAGE][PASSED] - Navigate to 'http://localhost/' successfully

2022-01-17 00:59:08 - [TEST_STEP][PASSED] - click(findTestObject("Object Repository/Page_Moodle/a_Log in")): Object: 'Object Repository/Page_Moodle/a_Log in' is clicked on

2022-01-17 00:59:09 - [MESSAGE][PASSED] - Object: 'Object Repository/Page_Moodle/a_Log in' is clicked on

2022-01-17 00:59:09 - [TEST_STEP][PASSED] - setText(findTestObject("Object Repository/Page_Moodle Log in to the site/input_Username_username"), "nmthu"): Text 'nmthu' is set on object 'Object Repository/Page_Moodle Log in to the site/input_Username_username'

2022-01-17 00:59:10 - [MESSAGE][PASSED] - Text 'nmthu' is set on object 'Object Repository/Page_Moodle Log in to the site/input_Username_username'

2022-01-17 00:59:10 - [TEST_STEP][PASSED] - setEncryptedText(findTestObject("Object Repository/Page_Moodle Log in to the site/input_Password_password"), "zm/yZ1suVYniggK+4Jo9ew=="): Text ****** has been set on object 'Object Repository/Page_Moodle Log in to the site/input_Password_password'

2022-01-17 00:59:10 - [MESSAGE][PASSED] - Text ****** has been set on object 'Object Repository/Page_Moodle Log in to the site/input_Password_password'

2022-01-17 00:59:10 - [TEST_STEP][PASSED] - click(findTestObject("Object Repository/Page_Moodle Log in to the site/button_Log in")): Object: 'Object Repository/Page_Moodle Log in to the site/button_Log in' is clicked on

2022-01-17 00:59:11 - [MESSAGE][PASSED] - Object: 'Object Repository/Page_Moodle Log in to the site/button_Log in' is clicked on

2022-01-17 00:59:11 - [TEST_STEP][PASSED] - verifyElementVisible(findTestObject("Object Repository/Page_Dashboard/div_Calendar                               _78b00d")): Object 'Object Repository/Page_Dashboard/div_Calendar                               _78b00d' is visible

2022-01-17 00:59:42 - [MESSAGE][INFO] - Unable to find the element located by 'By.xpath: //section[@id='inst200']/div'. Please recheck the objects properties to make sure the desired element is located. 

2022-01-17 00:59:42 - [MESSAGE][WARNING] - [SELF-HEALING] Failed to find element with id 'Object Repository/Page_Dashboard/div_Calendar                               _78b00d'. Try using Self-healing.

2022-01-17 00:59:43 - [MESSAGE][WARNING] - [SELF-HEALING] The current locator of test object 'Object Repository/Page_Dashboard/div_Calendar                               _78b00d' was broken. Propose an alternative one: '(.//*[normalize-space(text()) and normalize-space(.)='Skip Calendar'])[1]/following::div[1]'.

2022-01-17 00:59:43 - [MESSAGE][PASSED] - Object 'Object Repository/Page_Dashboard/div_Calendar                               _78b00d' is visible

2022-01-17 00:59:43 - [TEST_STEP][PASSED] - click(findTestObject("Object Repository/Page_Dashboard/a_January 2022")): Object: 'Object Repository/Page_Dashboard/a_January 2022' is clicked on

2022-01-17 01:00:14 - [MESSAGE][INFO] - Unable to find the element located by 'By.xpath: //div[@id='month-mini-2022-1-5']/table/caption/span[2]/a'. Please recheck the objects properties to make sure the desired element is located. 

2022-01-17 01:00:14 - [MESSAGE][WARNING] - [SELF-HEALING] Failed to find element with id 'Object Repository/Page_Dashboard/a_January 2022'. Try using Self-healing.

2022-01-17 01:00:14 - [MESSAGE][WARNING] - [SELF-HEALING] The current locator of test object 'Object Repository/Page_Dashboard/a_January 2022' was broken. Propose an alternative one: '//a[contains(text(),'January 2022')]'.

2022-01-17 01:00:15 - [MESSAGE][PASSED] - Object: 'Object Repository/Page_Dashboard/a_January 2022' is clicked on

2022-01-17 01:00:15 - [TEST_STEP][PASSED] - click(findTestObject("Object Repository/Page_Mood Calendar Detailed month view Janu_18fc56/button_New event")): Object: 'Object Repository/Page_Mood Calendar Detailed month view Janu_18fc56/button_New event' is clicked on

2022-01-17 01:00:46 - [MESSAGE][INFO] - Unable to find the element located by 'By.xpath: //div[@id='calendar-month-61e41531799f761e4153150b4a16']/div/button'. Please recheck the objects properties to make sure the desired element is located. 

2022-01-17 01:00:46 - [MESSAGE][WARNING] - [SELF-HEALING] Failed to find element with id 'Object Repository/Page_Mood Calendar Detailed month view Janu_18fc56/button_New event'. Try using Self-healing.

2022-01-17 01:00:46 - [MESSAGE][WARNING] - [SELF-HEALING] The current locator of test object 'Object Repository/Page_Mood Calendar Detailed month view Janu_18fc56/button_New event' was broken. Propose an alternative one: '(.//*[normalize-space(text()) and normalize-space(.)='List of courses'])[1]/following::button[1]'.

2022-01-17 01:00:46 - [MESSAGE][PASSED] - Object: 'Object Repository/Page_Mood Calendar Detailed month view Janu_18fc56/button_New event' is clicked on

2022-01-17 01:00:46 - [TEST_STEP][PASSED] - verifyElementText(findTestObject("Object Repository/Page_Mood Calendar Detailed month view Janu_18fc56/button_Save"), "Save"): Actual text and expected text of test object 'Object Repository/Page_Mood Calendar Detailed month view Janu_18fc56/button_Save' are matched.

2022-01-17 01:01:17 - [MESSAGE][INFO] - Unable to find the element located by 'By.xpath: //button[@id='yui_3_17_2_1_1642337585482_1306']'. Please recheck the objects properties to make sure the desired element is located. 

2022-01-17 01:01:17 - [MESSAGE][WARNING] - [SELF-HEALING] Failed to find element with id 'Object Repository/Page_Mood Calendar Detailed month view Janu_18fc56/button_Save'. Try using Self-healing.

2022-01-17 01:01:18 - [MESSAGE][WARNING] - [SELF-HEALING] The current locator of test object 'Object Repository/Page_Mood Calendar Detailed month view Janu_18fc56/button_Save' was broken. Propose an alternative one: '(.//*[normalize-space(text()) and normalize-space(.)='Repeat weekly, creating altogether'])[1]/following::button[1]'.

2022-01-17 01:01:18 - [MESSAGE][PASSED] - Actual text and expected text of test object 'Object Repository/Page_Mood Calendar Detailed month view Janu_18fc56/button_Save' are matched.

2022-01-17 01:01:18 - [TEST_STEP][PASSED] - click(findTestObject("Object Repository/Page_Mood Calendar Detailed month view Janu_18fc56/button_Save")): Object: 'Object Repository/Page_Mood Calendar Detailed month view Janu_18fc56/button_Save' is clicked on

2022-01-17 01:01:49 - [MESSAGE][INFO] - Unable to find the element located by 'By.xpath: //button[@id='yui_3_17_2_1_1642337585482_1306']'. Please recheck the objects properties to make sure the desired element is located. 

2022-01-17 01:01:49 - [MESSAGE][WARNING] - [SELF-HEALING] Failed to find element with id 'Object Repository/Page_Mood Calendar Detailed month view Janu_18fc56/button_Save'. Try using Self-healing.

2022-01-17 01:01:49 - [MESSAGE][WARNING] - [SELF-HEALING] The current locator of test object 'Object Repository/Page_Mood Calendar Detailed month view Janu_18fc56/button_Save' was broken. Propose an alternative one: '(.//*[normalize-space(text()) and normalize-space(.)='Repeat weekly, creating altogether'])[1]/following::button[1]'.

2022-01-17 01:01:49 - [MESSAGE][PASSED] - Object: 'Object Repository/Page_Mood Calendar Detailed month view Janu_18fc56/button_Save' is clicked on

2022-01-17 01:01:49 - [TEST_STEP][PASSED] - closeBrowser(): Browser is closed

2022-01-17 01:01:50 - [MESSAGE][PASSED] - Browser is closed]]></system-out>
         <system-err><![CDATA[]]></system-err>
      </testcase>
      <testcase name="Test Cases/test case 33" time="228.016" classname="Test Cases/test case 33" status="PASSED">
         <system-out><![CDATA[2022-01-17 01:01:50 - [TEST_CASE][PASSED] - Test Cases/test case 33: Test Cases/test case 33

2022-01-17 01:01:50 - [TEST_STEP][PASSED] - openBrowser(""): Browser is opened with url: ''

2022-01-17 01:01:50 - [MESSAGE][INFO] - Starting 'Chrome' driver

2022-01-17 01:01:50 - [MESSAGE][INFO] - Action delay is set to 0 milliseconds

2022-01-17 01:01:51 - [MESSAGE][PASSED] - Browser is opened with url: ''

2022-01-17 01:01:51 - [TEST_STEP][PASSED] - navigateToUrl("http://localhost/"): Navigate to 'http://localhost/' successfully

2022-01-17 01:01:52 - [MESSAGE][PASSED] - Navigate to 'http://localhost/' successfully

2022-01-17 01:01:52 - [TEST_STEP][PASSED] - click(findTestObject("Object Repository/Page_Moodle/a_Log in")): Object: 'Object Repository/Page_Moodle/a_Log in' is clicked on

2022-01-17 01:01:53 - [MESSAGE][PASSED] - Object: 'Object Repository/Page_Moodle/a_Log in' is clicked on

2022-01-17 01:01:53 - [TEST_STEP][PASSED] - setText(findTestObject("Object Repository/Page_Moodle Log in to the site/input_Username_username"), "nmthu"): Text 'nmthu' is set on object 'Object Repository/Page_Moodle Log in to the site/input_Username_username'

2022-01-17 01:01:54 - [MESSAGE][PASSED] - Text 'nmthu' is set on object 'Object Repository/Page_Moodle Log in to the site/input_Username_username'

2022-01-17 01:01:54 - [TEST_STEP][PASSED] - setEncryptedText(findTestObject("Object Repository/Page_Moodle Log in to the site/input_Password_password"), "zm/yZ1suVYniggK+4Jo9ew=="): Text ****** has been set on object 'Object Repository/Page_Moodle Log in to the site/input_Password_password'

2022-01-17 01:01:54 - [MESSAGE][PASSED] - Text ****** has been set on object 'Object Repository/Page_Moodle Log in to the site/input_Password_password'

2022-01-17 01:01:54 - [TEST_STEP][PASSED] - click(findTestObject("Object Repository/Page_Moodle Log in to the site/button_Log in")): Object: 'Object Repository/Page_Moodle Log in to the site/button_Log in' is clicked on

2022-01-17 01:01:55 - [MESSAGE][PASSED] - Object: 'Object Repository/Page_Moodle Log in to the site/button_Log in' is clicked on

2022-01-17 01:01:55 - [TEST_STEP][PASSED] - verifyElementVisible(findTestObject("Object Repository/Page_Dashboard/i_See all_icon fa fa-comment fa-fw")): Object 'Object Repository/Page_Dashboard/i_See all_icon fa fa-comment fa-fw' is visible

2022-01-17 01:02:26 - [MESSAGE][INFO] - Unable to find the element located by 'By.xpath: //a[@id='message-drawer-toggle-61e170f2da1f961e170f0da18a9']/i'. Please recheck the objects properties to make sure the desired element is located. 

2022-01-17 01:02:26 - [MESSAGE][WARNING] - [SELF-HEALING] Failed to find element with id 'Object Repository/Page_Dashboard/i_See all_icon fa fa-comment fa-fw'. Try using Self-healing.

2022-01-17 01:02:27 - [MESSAGE][WARNING] - [SELF-HEALING] The current locator of test object 'Object Repository/Page_Dashboard/i_See all_icon fa fa-comment fa-fw' was broken. Propose an alternative one: '//div[2]/a/i'.

2022-01-17 01:02:27 - [MESSAGE][PASSED] - Object 'Object Repository/Page_Dashboard/i_See all_icon fa fa-comment fa-fw' is visible

2022-01-17 01:02:27 - [TEST_STEP][PASSED] - click(findTestObject("Object Repository/Page_Dashboard/i_See all_icon fa fa-comment fa-fw")): Object: 'Object Repository/Page_Dashboard/i_See all_icon fa fa-comment fa-fw' is clicked on

2022-01-17 01:02:58 - [MESSAGE][INFO] - Unable to find the element located by 'By.xpath: //a[@id='message-drawer-toggle-61e170f2da1f961e170f0da18a9']/i'. Please recheck the objects properties to make sure the desired element is located. 

2022-01-17 01:02:58 - [MESSAGE][WARNING] - [SELF-HEALING] Failed to find element with id 'Object Repository/Page_Dashboard/i_See all_icon fa fa-comment fa-fw'. Try using Self-healing.

2022-01-17 01:02:58 - [MESSAGE][WARNING] - [SELF-HEALING] The current locator of test object 'Object Repository/Page_Dashboard/i_See all_icon fa fa-comment fa-fw' was broken. Propose an alternative one: '//div[2]/a/i'.

2022-01-17 01:02:58 - [MESSAGE][PASSED] - Object: 'Object Repository/Page_Dashboard/i_See all_icon fa fa-comment fa-fw' is clicked on

2022-01-17 01:02:58 - [TEST_STEP][PASSED] - setText(findTestObject("Object Repository/Page_Dashboard/input_Messages selected_form-control"), "Nguyen Minh Thu"): Text 'Nguyen Minh Thu' is set on object 'Object Repository/Page_Dashboard/input_Messages selected_form-control'

2022-01-17 01:02:59 - [MESSAGE][PASSED] - Text 'Nguyen Minh Thu' is set on object 'Object Repository/Page_Dashboard/input_Messages selected_form-control'

2022-01-17 01:02:59 - [TEST_STEP][PASSED] - click(findTestObject("Object Repository/Page_Dashboard/i_Messages selected_icon fa fa-search fa-fw")): Object: 'Object Repository/Page_Dashboard/i_Messages selected_icon fa fa-search fa-fw' is clicked on

2022-01-17 01:03:31 - [MESSAGE][INFO] - Unable to find the element located by 'By.xpath: //div[@id='yui_3_17_2_1_1642164467055_202']/div[4]/div/div/div/button/span/i'. Please recheck the objects properties to make sure the desired element is located. 

2022-01-17 01:03:31 - [MESSAGE][WARNING] - [SELF-HEALING] Failed to find element with id 'Object Repository/Page_Dashboard/i_Messages selected_icon fa fa-search fa-fw'. Try using Self-healing.

2022-01-17 01:03:31 - [MESSAGE][WARNING] - [SELF-HEALING] The current locator of test object 'Object Repository/Page_Dashboard/i_Messages selected_icon fa fa-search fa-fw' was broken. Propose an alternative one: '//button/span/i'.

2022-01-17 01:03:31 - [MESSAGE][PASSED] - Object: 'Object Repository/Page_Dashboard/i_Messages selected_icon fa fa-search fa-fw' is clicked on

2022-01-17 01:03:31 - [TEST_STEP][PASSED] - click(findTestObject("Object Repository/Page_Dashboard/span_Nguyen Minh Thu")): Object: 'Object Repository/Page_Dashboard/span_Nguyen Minh Thu' is clicked on

2022-01-17 01:04:02 - [MESSAGE][INFO] - Unable to find the element located by 'By.xpath: //div[@id='yui_3_17_2_1_1642164467055_197']/div[6]/div/div/div/div[2]/div/a/h6/span'. Please recheck the objects properties to make sure the desired element is located. 

2022-01-17 01:04:02 - [MESSAGE][WARNING] - [SELF-HEALING] Failed to find element with id 'Object Repository/Page_Dashboard/span_Nguyen Minh Thu'. Try using Self-healing.

2022-01-17 01:04:02 - [MESSAGE][WARNING] - [SELF-HEALING] The current locator of test object 'Object Repository/Page_Dashboard/span_Nguyen Minh Thu' was broken. Propose an alternative one: '(.//*[normalize-space(text()) and normalize-space(.)='Non-contacts'])[1]/following::span[1]'.

2022-01-17 01:04:03 - [MESSAGE][PASSED] - Object: 'Object Repository/Page_Dashboard/span_Nguyen Minh Thu' is clicked on

2022-01-17 01:04:03 - [TEST_STEP][PASSED] - setText(findTestObject("Object Repository/Page_Dashboard/textarea_Use enter to send_yui_3_17_2_1_164_3ccbd5"), "Hello"): Text 'Hello' is set on object 'Object Repository/Page_Dashboard/textarea_Use enter to send_yui_3_17_2_1_164_3ccbd5'

2022-01-17 01:04:34 - [MESSAGE][INFO] - Unable to find the element located by 'By.xpath: //textarea[@id='yui_3_17_2_1_1642164467055_223']'. Please recheck the objects properties to make sure the desired element is located. 

2022-01-17 01:04:34 - [MESSAGE][WARNING] - [SELF-HEALING] Failed to find element with id 'Object Repository/Page_Dashboard/textarea_Use enter to send_yui_3_17_2_1_164_3ccbd5'. Try using Self-healing.

2022-01-17 01:04:34 - [MESSAGE][WARNING] - [SELF-HEALING] The current locator of test object 'Object Repository/Page_Dashboard/textarea_Use enter to send_yui_3_17_2_1_164_3ccbd5' was broken. Propose an alternative one: '//textarea'.

2022-01-17 01:05:05 - [MESSAGE][INFO] - Unable to find the element located by 'By.xpath: //textarea[@id='yui_3_17_2_1_1642164467055_223']'. Please recheck the objects properties to make sure the desired element is located. 

2022-01-17 01:05:05 - [MESSAGE][WARNING] - [SELF-HEALING] Failed to find element with id 'Object Repository/Page_Dashboard/textarea_Use enter to send_yui_3_17_2_1_164_3ccbd5'. Try using Self-healing.

2022-01-17 01:05:06 - [MESSAGE][WARNING] - [SELF-HEALING] The current locator of test object 'Object Repository/Page_Dashboard/textarea_Use enter to send_yui_3_17_2_1_164_3ccbd5' was broken. Propose an alternative one: '//textarea'.

2022-01-17 01:05:06 - [MESSAGE][PASSED] - Text 'Hello' is set on object 'Object Repository/Page_Dashboard/textarea_Use enter to send_yui_3_17_2_1_164_3ccbd5'

2022-01-17 01:05:06 - [TEST_STEP][PASSED] - click(findTestObject("Object Repository/Page_Dashboard/button__btn btn-link btn-icon icon-size-3 m_754a09")): Object: 'Object Repository/Page_Dashboard/button__btn btn-link btn-icon icon-size-3 m_754a09' is clicked on

2022-01-17 01:05:37 - [MESSAGE][INFO] - Unable to find the element located by 'By.xpath: //div[@id='yui_3_17_2_1_1642164467055_224']/div/button[2]'. Please recheck the objects properties to make sure the desired element is located. 

2022-01-17 01:05:37 - [MESSAGE][WARNING] - [SELF-HEALING] Failed to find element with id 'Object Repository/Page_Dashboard/button__btn btn-link btn-icon icon-size-3 m_754a09'. Try using Self-healing.

2022-01-17 01:05:37 - [MESSAGE][WARNING] - [SELF-HEALING] The current locator of test object 'Object Repository/Page_Dashboard/button__btn btn-link btn-icon icon-size-3 m_754a09' was broken. Propose an alternative one: '(.//*[normalize-space(text()) and normalize-space(.)='😠'])[1]/following::button[2]'.

2022-01-17 01:05:37 - [MESSAGE][PASSED] - Object: 'Object Repository/Page_Dashboard/button__btn btn-link btn-icon icon-size-3 m_754a09' is clicked on

2022-01-17 01:05:37 - [TEST_STEP][PASSED] - closeBrowser(): Browser is closed

2022-01-17 01:05:38 - [MESSAGE][PASSED] - Browser is closed]]></system-out>
         <system-err><![CDATA[]]></system-err>
      </testcase>
      <testcase name="Test Cases/test case 34" time="229.197" classname="Test Cases/test case 34" status="PASSED">
         <system-out><![CDATA[2022-01-17 01:05:38 - [TEST_CASE][PASSED] - Test Cases/test case 34: Test Cases/test case 34

2022-01-17 01:05:38 - [TEST_STEP][PASSED] - openBrowser(""): Browser is opened with url: ''

2022-01-17 01:05:38 - [MESSAGE][INFO] - Starting 'Chrome' driver

2022-01-17 01:05:38 - [MESSAGE][INFO] - Action delay is set to 0 milliseconds

2022-01-17 01:05:39 - [MESSAGE][PASSED] - Browser is opened with url: ''

2022-01-17 01:05:39 - [TEST_STEP][PASSED] - navigateToUrl("http://localhost/"): Navigate to 'http://localhost/' successfully

2022-01-17 01:05:40 - [MESSAGE][PASSED] - Navigate to 'http://localhost/' successfully

2022-01-17 01:05:40 - [TEST_STEP][PASSED] - click(findTestObject("Object Repository/Page_Moodle/a_Log in")): Object: 'Object Repository/Page_Moodle/a_Log in' is clicked on

2022-01-17 01:05:41 - [MESSAGE][PASSED] - Object: 'Object Repository/Page_Moodle/a_Log in' is clicked on

2022-01-17 01:05:41 - [TEST_STEP][PASSED] - setText(findTestObject("Object Repository/Page_Moodle Log in to the site/input_Username_username"), "nmthu"): Text 'nmthu' is set on object 'Object Repository/Page_Moodle Log in to the site/input_Username_username'

2022-01-17 01:05:42 - [MESSAGE][PASSED] - Text 'nmthu' is set on object 'Object Repository/Page_Moodle Log in to the site/input_Username_username'

2022-01-17 01:05:42 - [TEST_STEP][PASSED] - setEncryptedText(findTestObject("Object Repository/Page_Moodle Log in to the site/input_Password_password"), "zm/yZ1suVYniggK+4Jo9ew=="): Text ****** has been set on object 'Object Repository/Page_Moodle Log in to the site/input_Password_password'

2022-01-17 01:05:42 - [MESSAGE][PASSED] - Text ****** has been set on object 'Object Repository/Page_Moodle Log in to the site/input_Password_password'

2022-01-17 01:05:42 - [TEST_STEP][PASSED] - click(findTestObject("Object Repository/Page_Moodle Log in to the site/form_document.getElementById(anchor).value _70e5d4")): Object: 'Object Repository/Page_Moodle Log in to the site/form_document.getElementById(anchor).value _70e5d4' is clicked on

2022-01-17 01:05:43 - [MESSAGE][PASSED] - Object: 'Object Repository/Page_Moodle Log in to the site/form_document.getElementById(anchor).value _70e5d4' is clicked on

2022-01-17 01:05:43 - [TEST_STEP][PASSED] - click(findTestObject("Object Repository/Page_Moodle Log in to the site/button_Log in")): Object: 'Object Repository/Page_Moodle Log in to the site/button_Log in' is clicked on

2022-01-17 01:05:44 - [MESSAGE][PASSED] - Object: 'Object Repository/Page_Moodle Log in to the site/button_Log in' is clicked on

2022-01-17 01:05:44 - [TEST_STEP][PASSED] - verifyElementText(findTestObject("Object Repository/Page_Dashboard/h5_Online users"), "Online users"): Actual text and expected text of test object 'Object Repository/Page_Dashboard/h5_Online users' are matched.

2022-01-17 01:06:15 - [MESSAGE][INFO] - Unable to find the element located by 'By.xpath: //h5[@id='instance-169-header']'. Please recheck the objects properties to make sure the desired element is located. 

2022-01-17 01:06:15 - [MESSAGE][WARNING] - [SELF-HEALING] Failed to find element with id 'Object Repository/Page_Dashboard/h5_Online users'. Try using Self-healing.

2022-01-17 01:06:15 - [MESSAGE][WARNING] - [SELF-HEALING] The current locator of test object 'Object Repository/Page_Dashboard/h5_Online users' was broken. Propose an alternative one: '(.//*[normalize-space(text()) and normalize-space(.)='Manage private files...'])[1]/following::h5[1]'.

2022-01-17 01:06:15 - [MESSAGE][PASSED] - Actual text and expected text of test object 'Object Repository/Page_Dashboard/h5_Online users' are matched.

2022-01-17 01:06:15 - [TEST_STEP][PASSED] - verifyElementVisible(findTestObject("Object Repository/Page_Dashboard/div_Online users                    1 onlin_84bdab")): Object 'Object Repository/Page_Dashboard/div_Online users                    1 onlin_84bdab' is visible

2022-01-17 01:06:47 - [MESSAGE][INFO] - Unable to find the element located by 'By.xpath: //section[@id='inst169']/div'. Please recheck the objects properties to make sure the desired element is located. 

2022-01-17 01:06:47 - [MESSAGE][WARNING] - [SELF-HEALING] Failed to find element with id 'Object Repository/Page_Dashboard/div_Online users                    1 onlin_84bdab'. Try using Self-healing.

2022-01-17 01:06:47 - [MESSAGE][WARNING] - [SELF-HEALING] The current locator of test object 'Object Repository/Page_Dashboard/div_Online users                    1 onlin_84bdab' was broken. Propose an alternative one: '(.//*[normalize-space(text()) and normalize-space(.)='Skip Online users'])[1]/following::div[1]'.

2022-01-17 01:06:47 - [MESSAGE][PASSED] - Object 'Object Repository/Page_Dashboard/div_Online users                    1 onlin_84bdab' is visible

2022-01-17 01:06:47 - [TEST_STEP][PASSED] - verifyElementText(findTestObject("Object Repository/Page_Dashboard/a_Nguyen Minh Thu"), "Nguyen Minh Thu"): Actual text and expected text of test object 'Object Repository/Page_Dashboard/a_Nguyen Minh Thu' are matched.

2022-01-17 01:07:18 - [MESSAGE][INFO] - Unable to find the element located by 'By.xpath: //section[@id='inst169']/div/div/ul/li/div/a'. Please recheck the objects properties to make sure the desired element is located. 

2022-01-17 01:07:18 - [MESSAGE][WARNING] - [SELF-HEALING] Failed to find element with id 'Object Repository/Page_Dashboard/a_Nguyen Minh Thu'. Try using Self-healing.

2022-01-17 01:07:18 - [MESSAGE][WARNING] - [SELF-HEALING] The current locator of test object 'Object Repository/Page_Dashboard/a_Nguyen Minh Thu' was broken. Propose an alternative one: '//a[contains(text(),'Nguyen Minh Thu')]'.

2022-01-17 01:07:18 - [MESSAGE][PASSED] - Actual text and expected text of test object 'Object Repository/Page_Dashboard/a_Nguyen Minh Thu' are matched.

2022-01-17 01:07:18 - [TEST_STEP][PASSED] - click(findTestObject("Object Repository/Page_Dashboard/a_Nguyen Minh Thu")): Object: 'Object Repository/Page_Dashboard/a_Nguyen Minh Thu' is clicked on

2022-01-17 01:07:50 - [MESSAGE][INFO] - Unable to find the element located by 'By.xpath: //section[@id='inst169']/div/div/ul/li/div/a'. Please recheck the objects properties to make sure the desired element is located. 

2022-01-17 01:07:50 - [MESSAGE][WARNING] - [SELF-HEALING] Failed to find element with id 'Object Repository/Page_Dashboard/a_Nguyen Minh Thu'. Try using Self-healing.

2022-01-17 01:07:50 - [MESSAGE][WARNING] - [SELF-HEALING] The current locator of test object 'Object Repository/Page_Dashboard/a_Nguyen Minh Thu' was broken. Propose an alternative one: '//a[contains(text(),'Nguyen Minh Thu')]'.

2022-01-17 01:07:50 - [MESSAGE][PASSED] - Object: 'Object Repository/Page_Dashboard/a_Nguyen Minh Thu' is clicked on

2022-01-17 01:07:50 - [TEST_STEP][PASSED] - waitForElementVisible(findTestObject("Object Repository/Page_Nguyen Minh Thu Public profile/span_Message"), 0): Object 'Object Repository/Page_Nguyen Minh Thu Public profile/span_Message' is visible

2022-01-17 01:07:50 - [MESSAGE][WARNING] - Timeout '0' is invalid. Using default page load timeout: '30'

2022-01-17 01:07:51 - [MESSAGE][PASSED] - Object 'Object Repository/Page_Nguyen Minh Thu Public profile/span_Message' is visible

2022-01-17 01:07:51 - [TEST_STEP][PASSED] - click(findTestObject("Object Repository/Page_Nguyen Minh Thu Public profile/span_Message")): Object: 'Object Repository/Page_Nguyen Minh Thu Public profile/span_Message' is clicked on

2022-01-17 01:07:51 - [MESSAGE][PASSED] - Object: 'Object Repository/Page_Nguyen Minh Thu Public profile/span_Message' is clicked on

2022-01-17 01:07:51 - [TEST_STEP][PASSED] - setText(findTestObject("Object Repository/Page_Nguyen Minh Thu Public profile/textarea_Use enter to send_yui_3_17_2_1_164_0af767"), "Hello"): Text 'Hello' is set on object 'Object Repository/Page_Nguyen Minh Thu Public profile/textarea_Use enter to send_yui_3_17_2_1_164_0af767'

2022-01-17 01:08:23 - [MESSAGE][INFO] - Unable to find the element located by 'By.xpath: //textarea[@id='yui_3_17_2_1_1642286579398_38']'. Please recheck the objects properties to make sure the desired element is located. 

2022-01-17 01:08:23 - [MESSAGE][WARNING] - [SELF-HEALING] Failed to find element with id 'Object Repository/Page_Nguyen Minh Thu Public profile/textarea_Use enter to send_yui_3_17_2_1_164_0af767'. Try using Self-healing.

2022-01-17 01:08:23 - [MESSAGE][WARNING] - [SELF-HEALING] The current locator of test object 'Object Repository/Page_Nguyen Minh Thu Public profile/textarea_Use enter to send_yui_3_17_2_1_164_0af767' was broken. Propose an alternative one: '//textarea'.

2022-01-17 01:08:54 - [MESSAGE][INFO] - Unable to find the element located by 'By.xpath: //textarea[@id='yui_3_17_2_1_1642286579398_38']'. Please recheck the objects properties to make sure the desired element is located. 

2022-01-17 01:08:54 - [MESSAGE][WARNING] - [SELF-HEALING] Failed to find element with id 'Object Repository/Page_Nguyen Minh Thu Public profile/textarea_Use enter to send_yui_3_17_2_1_164_0af767'. Try using Self-healing.

2022-01-17 01:08:55 - [MESSAGE][WARNING] - [SELF-HEALING] The current locator of test object 'Object Repository/Page_Nguyen Minh Thu Public profile/textarea_Use enter to send_yui_3_17_2_1_164_0af767' was broken. Propose an alternative one: '//textarea'.

2022-01-17 01:08:55 - [MESSAGE][PASSED] - Text 'Hello' is set on object 'Object Repository/Page_Nguyen Minh Thu Public profile/textarea_Use enter to send_yui_3_17_2_1_164_0af767'

2022-01-17 01:08:55 - [TEST_STEP][PASSED] - click(findTestObject("Object Repository/Page_Nguyen Minh Thu Public profile/i__icon fa fa-paper-plane fa-fw")): Object: 'Object Repository/Page_Nguyen Minh Thu Public profile/i__icon fa fa-paper-plane fa-fw' is clicked on

2022-01-17 01:09:26 - [MESSAGE][INFO] - Unable to find the element located by 'By.xpath: //div[@id='yui_3_17_2_1_1642286579398_39']/div/button[2]/span/i'. Please recheck the objects properties to make sure the desired element is located. 

2022-01-17 01:09:26 - [MESSAGE][WARNING] - [SELF-HEALING] Failed to find element with id 'Object Repository/Page_Nguyen Minh Thu Public profile/i__icon fa fa-paper-plane fa-fw'. Try using Self-healing.

2022-01-17 01:09:26 - [MESSAGE][WARNING] - [SELF-HEALING] The current locator of test object 'Object Repository/Page_Nguyen Minh Thu Public profile/i__icon fa fa-paper-plane fa-fw' was broken. Propose an alternative one: '//button[2]/span/i'.

2022-01-17 01:09:26 - [MESSAGE][PASSED] - Object: 'Object Repository/Page_Nguyen Minh Thu Public profile/i__icon fa fa-paper-plane fa-fw' is clicked on

2022-01-17 01:09:26 - [TEST_STEP][PASSED] - closeBrowser(): Browser is closed

2022-01-17 01:09:27 - [MESSAGE][PASSED] - Browser is closed]]></system-out>
         <system-err><![CDATA[]]></system-err>
      </testcase>
      <testcase name="Test Cases/test case 35" time="268.045" classname="Test Cases/test case 35" status="PASSED">
         <system-out><![CDATA[2022-01-17 01:09:27 - [TEST_CASE][PASSED] - Test Cases/test case 35: Test Cases/test case 35

2022-01-17 01:09:27 - [TEST_STEP][PASSED] - openBrowser(""): Browser is opened with url: ''

2022-01-17 01:09:27 - [MESSAGE][INFO] - Starting 'Chrome' driver

2022-01-17 01:09:27 - [MESSAGE][INFO] - Action delay is set to 0 milliseconds

2022-01-17 01:09:28 - [MESSAGE][PASSED] - Browser is opened with url: ''

2022-01-17 01:09:28 - [TEST_STEP][PASSED] - navigateToUrl("http://localhost/"): Navigate to 'http://localhost/' successfully

2022-01-17 01:09:30 - [MESSAGE][PASSED] - Navigate to 'http://localhost/' successfully

2022-01-17 01:09:30 - [TEST_STEP][PASSED] - click(findTestObject("Object Repository/Page_Moodle/a_Log in")): Object: 'Object Repository/Page_Moodle/a_Log in' is clicked on

2022-01-17 01:09:30 - [MESSAGE][PASSED] - Object: 'Object Repository/Page_Moodle/a_Log in' is clicked on

2022-01-17 01:09:30 - [TEST_STEP][PASSED] - doubleClick(findTestObject("Object Repository/Page_Moodle Log in to the site/input_Username_username")): Object: 'Object Repository/Page_Moodle Log in to the site/input_Username_username' is double clicked on

2022-01-17 01:09:31 - [MESSAGE][PASSED] - Object: 'Object Repository/Page_Moodle Log in to the site/input_Username_username' is double clicked on

2022-01-17 01:09:31 - [TEST_STEP][PASSED] - setText(findTestObject("Object Repository/Page_Moodle Log in to the site/input_Username_username"), "nmthu"): Text 'nmthu' is set on object 'Object Repository/Page_Moodle Log in to the site/input_Username_username'

2022-01-17 01:09:32 - [MESSAGE][PASSED] - Text 'nmthu' is set on object 'Object Repository/Page_Moodle Log in to the site/input_Username_username'

2022-01-17 01:09:32 - [TEST_STEP][PASSED] - setEncryptedText(findTestObject("Object Repository/Page_Moodle Log in to the site/input_Password_password"), "zm/yZ1suVYniggK+4Jo9ew=="): Text ****** has been set on object 'Object Repository/Page_Moodle Log in to the site/input_Password_password'

2022-01-17 01:09:32 - [MESSAGE][PASSED] - Text ****** has been set on object 'Object Repository/Page_Moodle Log in to the site/input_Password_password'

2022-01-17 01:09:32 - [TEST_STEP][PASSED] - click(findTestObject("Object Repository/Page_Moodle Log in to the site/button_Log in")): Object: 'Object Repository/Page_Moodle Log in to the site/button_Log in' is clicked on

2022-01-17 01:09:33 - [MESSAGE][PASSED] - Object: 'Object Repository/Page_Moodle Log in to the site/button_Log in' is clicked on

2022-01-17 01:09:33 - [TEST_STEP][PASSED] - verifyElementText(findTestObject("Object Repository/Page_Dashboard/span_IntroCS"), "IntroCS"): Actual text and expected text of test object 'Object Repository/Page_Dashboard/span_IntroCS' are matched.

2022-01-17 01:09:35 - [MESSAGE][PASSED] - Actual text and expected text of test object 'Object Repository/Page_Dashboard/span_IntroCS' are matched.

2022-01-17 01:09:35 - [TEST_STEP][PASSED] - click(findTestObject("Object Repository/Page_Dashboard/span_IntroCS")): Object: 'Object Repository/Page_Dashboard/span_IntroCS' is clicked on

2022-01-17 01:09:35 - [MESSAGE][PASSED] - Object: 'Object Repository/Page_Dashboard/span_IntroCS' is clicked on

2022-01-17 01:09:35 - [TEST_STEP][PASSED] - verifyElementText(findTestObject("Object Repository/Page_Course Introduction to Computer Science/span_Participants"), "Participants"): Actual text and expected text of test object 'Object Repository/Page_Course Introduction to Computer Science/span_Participants' are matched.

2022-01-17 01:09:36 - [MESSAGE][PASSED] - Actual text and expected text of test object 'Object Repository/Page_Course Introduction to Computer Science/span_Participants' are matched.

2022-01-17 01:09:36 - [TEST_STEP][PASSED] - click(findTestObject("Object Repository/Page_Course Introduction to Computer Science/span_Participants")): Object: 'Object Repository/Page_Course Introduction to Computer Science/span_Participants' is clicked on

2022-01-17 01:09:36 - [MESSAGE][PASSED] - Object: 'Object Repository/Page_Course Introduction to Computer Science/span_Participants' is clicked on

2022-01-17 01:09:36 - [TEST_STEP][PASSED] - waitForElementVisible(findTestObject("Object Repository/Page_IntroCS Participants/select_Select                        Keywor_5ec06e"), 0): Object 'Object Repository/Page_IntroCS Participants/select_Select                        Keywor_5ec06e' is visible

2022-01-17 01:09:36 - [MESSAGE][WARNING] - Timeout '0' is invalid. Using default page load timeout: '30'

2022-01-17 01:10:08 - [MESSAGE][INFO] - Unable to find the element located by 'By.xpath: //select[@id='core_user-local-participantsfilter-filterrow-filtertype-61e2d22d9e97461e2d22d8e5d113']'. Please recheck the objects properties to make sure the desired element is located. 

2022-01-17 01:10:08 - [MESSAGE][WARNING] - [SELF-HEALING] Failed to find element with id 'Object Repository/Page_IntroCS Participants/select_Select                        Keywor_5ec06e'. Try using Self-healing.

2022-01-17 01:10:08 - [MESSAGE][WARNING] - [SELF-HEALING] The current locator of test object 'Object Repository/Page_IntroCS Participants/select_Select                        Keywor_5ec06e' was broken. Propose an alternative one: '(.//*[normalize-space(text()) and normalize-space(.)='Filter type'])[1]/following::select[1]'.

2022-01-17 01:10:08 - [MESSAGE][PASSED] - Object 'Object Repository/Page_IntroCS Participants/select_Select                        Keywor_5ec06e' is visible

2022-01-17 01:10:08 - [TEST_STEP][PASSED] - selectOptionByValue(findTestObject("Object Repository/Page_IntroCS Participants/select_Select                        Keywor_5ec06e"), "keywords", true): All options with value 'keywords' are selected in object 'Object Repository/Page_IntroCS Participants/select_Select                        Keywor_5ec06e'  using regular expression

2022-01-17 01:10:39 - [MESSAGE][INFO] - Unable to find the element located by 'By.xpath: //select[@id='core_user-local-participantsfilter-filterrow-filtertype-61e2d22d9e97461e2d22d8e5d113']'. Please recheck the objects properties to make sure the desired element is located. 

2022-01-17 01:10:39 - [MESSAGE][WARNING] - [SELF-HEALING] Failed to find element with id 'Object Repository/Page_IntroCS Participants/select_Select                        Keywor_5ec06e'. Try using Self-healing.

2022-01-17 01:10:40 - [MESSAGE][WARNING] - [SELF-HEALING] The current locator of test object 'Object Repository/Page_IntroCS Participants/select_Select                        Keywor_5ec06e' was broken. Propose an alternative one: '(.//*[normalize-space(text()) and normalize-space(.)='Filter type'])[1]/following::select[1]'.

2022-01-17 01:10:40 - [MESSAGE][PASSED] - All options with value 'keywords' are selected in object 'Object Repository/Page_IntroCS Participants/select_Select                        Keywor_5ec06e'  using regular expression

2022-01-17 01:10:40 - [TEST_STEP][PASSED] - setText(findTestObject("Object Repository/Page_IntroCS Participants/input_Keyword_form_autocomplete_input-16422_b4d395"), "Quach Minh Khoi"): Text 'Quach Minh Khoi' is set on object 'Object Repository/Page_IntroCS Participants/input_Keyword_form_autocomplete_input-16422_b4d395'

2022-01-17 01:11:11 - [MESSAGE][INFO] - Unable to find the element located by 'By.xpath: //input[@id='form_autocomplete_input-1642254329788']'. Please recheck the objects properties to make sure the desired element is located. 

2022-01-17 01:11:11 - [MESSAGE][WARNING] - [SELF-HEALING] Failed to find element with id 'Object Repository/Page_IntroCS Participants/input_Keyword_form_autocomplete_input-16422_b4d395'. Try using Self-healing.

2022-01-17 01:11:12 - [MESSAGE][WARNING] - [SELF-HEALING] The current locator of test object 'Object Repository/Page_IntroCS Participants/input_Keyword_form_autocomplete_input-16422_b4d395' was broken. Propose an alternative one: '//input'.

2022-01-17 01:11:43 - [MESSAGE][INFO] - Unable to find the element located by 'By.xpath: //input[@id='form_autocomplete_input-1642254329788']'. Please recheck the objects properties to make sure the desired element is located. 

2022-01-17 01:11:43 - [MESSAGE][WARNING] - [SELF-HEALING] Failed to find element with id 'Object Repository/Page_IntroCS Participants/input_Keyword_form_autocomplete_input-16422_b4d395'. Try using Self-healing.

2022-01-17 01:11:43 - [MESSAGE][WARNING] - [SELF-HEALING] The current locator of test object 'Object Repository/Page_IntroCS Participants/input_Keyword_form_autocomplete_input-16422_b4d395' was broken. Propose an alternative one: '//input'.

2022-01-17 01:11:43 - [MESSAGE][PASSED] - Text 'Quach Minh Khoi' is set on object 'Object Repository/Page_IntroCS Participants/input_Keyword_form_autocomplete_input-16422_b4d395'

2022-01-17 01:11:43 - [TEST_STEP][PASSED] - click(findTestObject("Object Repository/Page_IntroCS Participants/button_Apply filters")): Object: 'Object Repository/Page_IntroCS Participants/button_Apply filters' is clicked on

2022-01-17 01:11:44 - [MESSAGE][PASSED] - Object: 'Object Repository/Page_IntroCS Participants/button_Apply filters' is clicked on

2022-01-17 01:11:44 - [TEST_STEP][PASSED] - selectOptionByValue(findTestObject("Object Repository/Page_IntroCS Participants/select_Quach Minh Khoi"), "Quach Minh Khoi", true): All options with value 'Quach Minh Khoi' are selected in object 'Object Repository/Page_IntroCS Participants/select_Quach Minh Khoi'  using regular expression

2022-01-17 01:11:46 - [MESSAGE][PASSED] - All options with value 'Quach Minh Khoi' are selected in object 'Object Repository/Page_IntroCS Participants/select_Quach Minh Khoi'  using regular expression

2022-01-17 01:11:46 - [TEST_STEP][PASSED] - click(findTestObject("Object Repository/Page_IntroCS Participants/button_Apply filters_1")): Object: 'Object Repository/Page_IntroCS Participants/button_Apply filters_1' is clicked on

2022-01-17 01:12:17 - [MESSAGE][INFO] - Unable to find the element located by 'By.xpath: //button[@id='yui_3_17_2_1_1642254329585_27']'. Please recheck the objects properties to make sure the desired element is located. 

2022-01-17 01:12:17 - [MESSAGE][WARNING] - [SELF-HEALING] Failed to find element with id 'Object Repository/Page_IntroCS Participants/button_Apply filters_1'. Try using Self-healing.

2022-01-17 01:12:17 - [MESSAGE][WARNING] - [SELF-HEALING] The current locator of test object 'Object Repository/Page_IntroCS Participants/button_Apply filters_1' was broken. Propose an alternative one: '(.//*[normalize-space(text()) and normalize-space(.)='Clear filters'])[1]/following::button[1]'.

2022-01-17 01:12:17 - [MESSAGE][PASSED] - Object: 'Object Repository/Page_IntroCS Participants/button_Apply filters_1' is clicked on

2022-01-17 01:12:17 - [TEST_STEP][PASSED] - verifyElementText(findTestObject("Object Repository/Page_IntroCS Participants/a_Quach Minh Khoi"), "Quach Minh Khoi"): Actual text and expected text of test object 'Object Repository/Page_IntroCS Participants/a_Quach Minh Khoi' are matched.

2022-01-17 01:12:18 - [MESSAGE][PASSED] - Actual text and expected text of test object 'Object Repository/Page_IntroCS Participants/a_Quach Minh Khoi' are matched.

2022-01-17 01:12:18 - [TEST_STEP][PASSED] - click(findTestObject("Object Repository/Page_IntroCS Participants/a_Quach Minh Khoi")): Object: 'Object Repository/Page_IntroCS Participants/a_Quach Minh Khoi' is clicked on

2022-01-17 01:12:18 - [MESSAGE][PASSED] - Object: 'Object Repository/Page_IntroCS Participants/a_Quach Minh Khoi' is clicked on

2022-01-17 01:12:18 - [TEST_STEP][PASSED] - waitForElementVisible(findTestObject("Object Repository/Page_Introduction to Computer Science Perso_363e4d/span_Message"), 0): Object 'Object Repository/Page_Introduction to Computer Science Perso_363e4d/span_Message' is visible

2022-01-17 01:12:19 - [MESSAGE][WARNING] - Timeout '0' is invalid. Using default page load timeout: '30'

2022-01-17 01:12:19 - [MESSAGE][PASSED] - Object 'Object Repository/Page_Introduction to Computer Science Perso_363e4d/span_Message' is visible

2022-01-17 01:12:19 - [TEST_STEP][PASSED] - click(findTestObject("Object Repository/Page_Introduction to Computer Science Perso_363e4d/span_Message")): Object: 'Object Repository/Page_Introduction to Computer Science Perso_363e4d/span_Message' is clicked on

2022-01-17 01:12:19 - [MESSAGE][PASSED] - Object: 'Object Repository/Page_Introduction to Computer Science Perso_363e4d/span_Message' is clicked on

2022-01-17 01:12:19 - [TEST_STEP][PASSED] - setText(findTestObject("Object Repository/Page_Introduction to Computer Science Perso_363e4d/textarea_Use enter to send_yui_3_17_2_1_164_27b639"), "Hello"): Text 'Hello' is set on object 'Object Repository/Page_Introduction to Computer Science Perso_363e4d/textarea_Use enter to send_yui_3_17_2_1_164_27b639'

2022-01-17 01:12:51 - [MESSAGE][INFO] - Unable to find the element located by 'By.xpath: //textarea[@id='yui_3_17_2_1_1642254375574_35']'. Please recheck the objects properties to make sure the desired element is located. 

2022-01-17 01:12:51 - [MESSAGE][WARNING] - [SELF-HEALING] Failed to find element with id 'Object Repository/Page_Introduction to Computer Science Perso_363e4d/textarea_Use enter to send_yui_3_17_2_1_164_27b639'. Try using Self-healing.

2022-01-17 01:12:51 - [MESSAGE][WARNING] - [SELF-HEALING] The current locator of test object 'Object Repository/Page_Introduction to Computer Science Perso_363e4d/textarea_Use enter to send_yui_3_17_2_1_164_27b639' was broken. Propose an alternative one: '//textarea'.

2022-01-17 01:13:22 - [MESSAGE][INFO] - Unable to find the element located by 'By.xpath: //textarea[@id='yui_3_17_2_1_1642254375574_35']'. Please recheck the objects properties to make sure the desired element is located. 

2022-01-17 01:13:22 - [MESSAGE][WARNING] - [SELF-HEALING] Failed to find element with id 'Object Repository/Page_Introduction to Computer Science Perso_363e4d/textarea_Use enter to send_yui_3_17_2_1_164_27b639'. Try using Self-healing.

2022-01-17 01:13:23 - [MESSAGE][WARNING] - [SELF-HEALING] The current locator of test object 'Object Repository/Page_Introduction to Computer Science Perso_363e4d/textarea_Use enter to send_yui_3_17_2_1_164_27b639' was broken. Propose an alternative one: '//textarea'.

2022-01-17 01:13:23 - [MESSAGE][PASSED] - Text 'Hello' is set on object 'Object Repository/Page_Introduction to Computer Science Perso_363e4d/textarea_Use enter to send_yui_3_17_2_1_164_27b639'

2022-01-17 01:13:23 - [TEST_STEP][PASSED] - click(findTestObject("Object Repository/Page_Introduction to Computer Science Perso_363e4d/i__icon fa fa-paper-plane fa-fw")): Object: 'Object Repository/Page_Introduction to Computer Science Perso_363e4d/i__icon fa fa-paper-plane fa-fw' is clicked on

2022-01-17 01:13:54 - [MESSAGE][INFO] - Unable to find the element located by 'By.xpath: //div[@id='yui_3_17_2_1_1642254375574_36']/div/button[2]/span/i'. Please recheck the objects properties to make sure the desired element is located. 

2022-01-17 01:13:54 - [MESSAGE][WARNING] - [SELF-HEALING] Failed to find element with id 'Object Repository/Page_Introduction to Computer Science Perso_363e4d/i__icon fa fa-paper-plane fa-fw'. Try using Self-healing.

2022-01-17 01:13:54 - [MESSAGE][WARNING] - [SELF-HEALING] The current locator of test object 'Object Repository/Page_Introduction to Computer Science Perso_363e4d/i__icon fa fa-paper-plane fa-fw' was broken. Propose an alternative one: '//button[2]/span/i'.

2022-01-17 01:13:54 - [MESSAGE][PASSED] - Object: 'Object Repository/Page_Introduction to Computer Science Perso_363e4d/i__icon fa fa-paper-plane fa-fw' is clicked on

2022-01-17 01:13:54 - [TEST_STEP][PASSED] - closeBrowser(): Browser is closed

2022-01-17 01:13:55 - [MESSAGE][PASSED] - Browser is closed]]></system-out>
         <system-err><![CDATA[]]></system-err>
      </testcase>
      <testcase name="Test Cases/test case 36" time="104.755" classname="Test Cases/test case 36" status="PASSED">
         <system-out><![CDATA[2022-01-17 01:13:55 - [TEST_CASE][PASSED] - Test Cases/test case 36: Test Cases/test case 36

2022-01-17 01:13:55 - [TEST_STEP][PASSED] - openBrowser(""): Browser is opened with url: ''

2022-01-17 01:13:55 - [MESSAGE][INFO] - Starting 'Chrome' driver

2022-01-17 01:13:55 - [MESSAGE][INFO] - Action delay is set to 0 milliseconds

2022-01-17 01:13:56 - [MESSAGE][PASSED] - Browser is opened with url: ''

2022-01-17 01:13:56 - [TEST_STEP][PASSED] - navigateToUrl("http://localhost/"): Navigate to 'http://localhost/' successfully

2022-01-17 01:13:58 - [MESSAGE][PASSED] - Navigate to 'http://localhost/' successfully

2022-01-17 01:13:58 - [TEST_STEP][PASSED] - click(findTestObject("Object Repository/Page_Moodle/a_Log in")): Object: 'Object Repository/Page_Moodle/a_Log in' is clicked on

2022-01-17 01:13:58 - [MESSAGE][PASSED] - Object: 'Object Repository/Page_Moodle/a_Log in' is clicked on

2022-01-17 01:13:58 - [TEST_STEP][PASSED] - setText(findTestObject("Object Repository/Page_Moodle Log in to the site/input_Username_username"), "nmthu"): Text 'nmthu' is set on object 'Object Repository/Page_Moodle Log in to the site/input_Username_username'

2022-01-17 01:13:59 - [MESSAGE][PASSED] - Text 'nmthu' is set on object 'Object Repository/Page_Moodle Log in to the site/input_Username_username'

2022-01-17 01:13:59 - [TEST_STEP][PASSED] - setEncryptedText(findTestObject("Object Repository/Page_Moodle Log in to the site/input_Password_password"), "zm/yZ1suVYniggK+4Jo9ew=="): Text ****** has been set on object 'Object Repository/Page_Moodle Log in to the site/input_Password_password'

2022-01-17 01:14:00 - [MESSAGE][PASSED] - Text ****** has been set on object 'Object Repository/Page_Moodle Log in to the site/input_Password_password'

2022-01-17 01:14:00 - [TEST_STEP][PASSED] - click(findTestObject("Object Repository/Page_Moodle Log in to the site/button_Log in")): Object: 'Object Repository/Page_Moodle Log in to the site/button_Log in' is clicked on

2022-01-17 01:14:01 - [MESSAGE][PASSED] - Object: 'Object Repository/Page_Moodle Log in to the site/button_Log in' is clicked on

2022-01-17 01:14:01 - [TEST_STEP][PASSED] - verifyElementText(findTestObject("Object Repository/Page_Dashboard/span_Site home"), "Site home"): Actual text and expected text of test object 'Object Repository/Page_Dashboard/span_Site home' are matched.

2022-01-17 01:14:02 - [MESSAGE][PASSED] - Actual text and expected text of test object 'Object Repository/Page_Dashboard/span_Site home' are matched.

2022-01-17 01:14:02 - [TEST_STEP][PASSED] - click(findTestObject("Object Repository/Page_Dashboard/span_Site home")): Object: 'Object Repository/Page_Dashboard/span_Site home' is clicked on

2022-01-17 01:14:03 - [MESSAGE][PASSED] - Object: 'Object Repository/Page_Dashboard/span_Site home' is clicked on

2022-01-17 01:14:03 - [TEST_STEP][PASSED] - click(findTestObject("Object Repository/Page_Moodle/a_Tran Minh Triet")): Object: 'Object Repository/Page_Moodle/a_Tran Minh Triet' is clicked on

2022-01-17 01:14:03 - [MESSAGE][PASSED] - Object: 'Object Repository/Page_Moodle/a_Tran Minh Triet' is clicked on

2022-01-17 01:14:03 - [TEST_STEP][PASSED] - click(findTestObject("Object Repository/Page_Tran Minh Triet Public profile/span_Message")): Object: 'Object Repository/Page_Tran Minh Triet Public profile/span_Message' is clicked on

2022-01-17 01:14:04 - [MESSAGE][PASSED] - Object: 'Object Repository/Page_Tran Minh Triet Public profile/span_Message' is clicked on

2022-01-17 01:14:04 - [TEST_STEP][PASSED] - setText(findTestObject("Object Repository/Page_Tran Minh Triet Public profile/textarea_Use enter to send_yui_3_17_2_1_164_393869"), "Hello"): Text 'Hello' is set on object 'Object Repository/Page_Tran Minh Triet Public profile/textarea_Use enter to send_yui_3_17_2_1_164_393869'

2022-01-17 01:14:36 - [MESSAGE][INFO] - Unable to find the element located by 'By.xpath: //textarea[@id='yui_3_17_2_1_1642165102142_38']'. Please recheck the objects properties to make sure the desired element is located. 

2022-01-17 01:14:36 - [MESSAGE][WARNING] - [SELF-HEALING] Failed to find element with id 'Object Repository/Page_Tran Minh Triet Public profile/textarea_Use enter to send_yui_3_17_2_1_164_393869'. Try using Self-healing.

2022-01-17 01:14:36 - [MESSAGE][WARNING] - [SELF-HEALING] The current locator of test object 'Object Repository/Page_Tran Minh Triet Public profile/textarea_Use enter to send_yui_3_17_2_1_164_393869' was broken. Propose an alternative one: '//textarea'.

2022-01-17 01:15:07 - [MESSAGE][INFO] - Unable to find the element located by 'By.xpath: //textarea[@id='yui_3_17_2_1_1642165102142_38']'. Please recheck the objects properties to make sure the desired element is located. 

2022-01-17 01:15:07 - [MESSAGE][WARNING] - [SELF-HEALING] Failed to find element with id 'Object Repository/Page_Tran Minh Triet Public profile/textarea_Use enter to send_yui_3_17_2_1_164_393869'. Try using Self-healing.

2022-01-17 01:15:07 - [MESSAGE][WARNING] - [SELF-HEALING] The current locator of test object 'Object Repository/Page_Tran Minh Triet Public profile/textarea_Use enter to send_yui_3_17_2_1_164_393869' was broken. Propose an alternative one: '//textarea'.

2022-01-17 01:15:07 - [MESSAGE][PASSED] - Text 'Hello' is set on object 'Object Repository/Page_Tran Minh Triet Public profile/textarea_Use enter to send_yui_3_17_2_1_164_393869'

2022-01-17 01:15:07 - [TEST_STEP][PASSED] - click(findTestObject("Object Repository/Page_Tran Minh Triet Public profile/button__btn btn-link btn-icon icon-size-3 m_754a09")): Object: 'Object Repository/Page_Tran Minh Triet Public profile/button__btn btn-link btn-icon icon-size-3 m_754a09' is clicked on

2022-01-17 01:15:39 - [MESSAGE][INFO] - Unable to find the element located by 'By.xpath: //div[@id='yui_3_17_2_1_1642165102142_39']/div/button[2]'. Please recheck the objects properties to make sure the desired element is located. 

2022-01-17 01:15:39 - [MESSAGE][WARNING] - [SELF-HEALING] Failed to find element with id 'Object Repository/Page_Tran Minh Triet Public profile/button__btn btn-link btn-icon icon-size-3 m_754a09'. Try using Self-healing.

2022-01-17 01:15:39 - [MESSAGE][WARNING] - [SELF-HEALING] The current locator of test object 'Object Repository/Page_Tran Minh Triet Public profile/button__btn btn-link btn-icon icon-size-3 m_754a09' was broken. Propose an alternative one: '(.//*[normalize-space(text()) and normalize-space(.)='😠'])[1]/following::button[2]'.

2022-01-17 01:15:39 - [MESSAGE][PASSED] - Object: 'Object Repository/Page_Tran Minh Triet Public profile/button__btn btn-link btn-icon icon-size-3 m_754a09' is clicked on

2022-01-17 01:15:39 - [TEST_STEP][PASSED] - closeBrowser(): Browser is closed

2022-01-17 01:15:40 - [MESSAGE][PASSED] - Browser is closed]]></system-out>
         <system-err><![CDATA[]]></system-err>
      </testcase>
      <testcase name="Test Cases/test case 37" time="208.916" classname="Test Cases/test case 37" status="PASSED">
         <system-out><![CDATA[2022-01-17 01:15:40 - [TEST_CASE][PASSED] - Test Cases/test case 37: Test Cases/test case 37

2022-01-17 01:15:40 - [TEST_STEP][PASSED] - openBrowser(""): Browser is opened with url: ''

2022-01-17 01:15:40 - [MESSAGE][INFO] - Starting 'Chrome' driver

2022-01-17 01:15:40 - [MESSAGE][INFO] - Action delay is set to 0 milliseconds

2022-01-17 01:15:41 - [MESSAGE][PASSED] - Browser is opened with url: ''

2022-01-17 01:15:41 - [TEST_STEP][PASSED] - navigateToUrl("http://localhost/"): Navigate to 'http://localhost/' successfully

2022-01-17 01:15:42 - [MESSAGE][PASSED] - Navigate to 'http://localhost/' successfully

2022-01-17 01:15:42 - [TEST_STEP][PASSED] - click(findTestObject("Object Repository/Page_Moodle/a_Log in")): Object: 'Object Repository/Page_Moodle/a_Log in' is clicked on

2022-01-17 01:15:43 - [MESSAGE][PASSED] - Object: 'Object Repository/Page_Moodle/a_Log in' is clicked on

2022-01-17 01:15:43 - [TEST_STEP][PASSED] - setText(findTestObject("Object Repository/Page_Moodle Log in to the site/input_Username_username"), "nmthu"): Text 'nmthu' is set on object 'Object Repository/Page_Moodle Log in to the site/input_Username_username'

2022-01-17 01:15:44 - [MESSAGE][PASSED] - Text 'nmthu' is set on object 'Object Repository/Page_Moodle Log in to the site/input_Username_username'

2022-01-17 01:15:44 - [TEST_STEP][PASSED] - setEncryptedText(findTestObject("Object Repository/Page_Moodle Log in to the site/input_Password_password"), "zm/yZ1suVYniggK+4Jo9ew=="): Text ****** has been set on object 'Object Repository/Page_Moodle Log in to the site/input_Password_password'

2022-01-17 01:15:44 - [MESSAGE][PASSED] - Text ****** has been set on object 'Object Repository/Page_Moodle Log in to the site/input_Password_password'

2022-01-17 01:15:44 - [TEST_STEP][PASSED] - click(findTestObject("Object Repository/Page_Moodle Log in to the site/button_Log in")): Object: 'Object Repository/Page_Moodle Log in to the site/button_Log in' is clicked on

2022-01-17 01:15:45 - [MESSAGE][PASSED] - Object: 'Object Repository/Page_Moodle Log in to the site/button_Log in' is clicked on

2022-01-17 01:15:45 - [TEST_STEP][PASSED] - verifyElementText(findTestObject("Object Repository/Page_Dashboard/span_IntroCS"), "IntroCS"): Actual text and expected text of test object 'Object Repository/Page_Dashboard/span_IntroCS' are matched.

2022-01-17 01:15:46 - [MESSAGE][PASSED] - Actual text and expected text of test object 'Object Repository/Page_Dashboard/span_IntroCS' are matched.

2022-01-17 01:15:46 - [TEST_STEP][PASSED] - click(findTestObject("Object Repository/Page_Dashboard/span_IntroCS")): Object: 'Object Repository/Page_Dashboard/span_IntroCS' is clicked on

2022-01-17 01:15:47 - [MESSAGE][PASSED] - Object: 'Object Repository/Page_Dashboard/span_IntroCS' is clicked on

2022-01-17 01:15:47 - [TEST_STEP][PASSED] - click(findTestObject("Object Repository/Page_Course Introduction to Computer Science/span_Participants")): Object: 'Object Repository/Page_Course Introduction to Computer Science/span_Participants' is clicked on

2022-01-17 01:15:48 - [MESSAGE][PASSED] - Object: 'Object Repository/Page_Course Introduction to Computer Science/span_Participants' is clicked on

2022-01-17 01:15:48 - [TEST_STEP][PASSED] - waitForElementVisible(findTestObject("Object Repository/Page_IntroCS Participants/select_Select                        Keywor_5ec06e"), 0): Object 'Object Repository/Page_IntroCS Participants/select_Select                        Keywor_5ec06e' is visible

2022-01-17 01:15:48 - [MESSAGE][WARNING] - Timeout '0' is invalid. Using default page load timeout: '30'

2022-01-17 01:16:19 - [MESSAGE][INFO] - Unable to find the element located by 'By.xpath: //select[@id='core_user-local-participantsfilter-filterrow-filtertype-61e2d22d9e97461e2d22d8e5d113']'. Please recheck the objects properties to make sure the desired element is located. 

2022-01-17 01:16:19 - [MESSAGE][WARNING] - [SELF-HEALING] Failed to find element with id 'Object Repository/Page_IntroCS Participants/select_Select                        Keywor_5ec06e'. Try using Self-healing.

2022-01-17 01:16:20 - [MESSAGE][WARNING] - [SELF-HEALING] The current locator of test object 'Object Repository/Page_IntroCS Participants/select_Select                        Keywor_5ec06e' was broken. Propose an alternative one: '(.//*[normalize-space(text()) and normalize-space(.)='Filter type'])[1]/following::select[1]'.

2022-01-17 01:16:20 - [MESSAGE][PASSED] - Object 'Object Repository/Page_IntroCS Participants/select_Select                        Keywor_5ec06e' is visible

2022-01-17 01:16:20 - [TEST_STEP][PASSED] - selectOptionByValue(findTestObject("Object Repository/Page_IntroCS Participants/select_Select                        Keywor_5ec06e"), "roles", true): All options with value 'roles' are selected in object 'Object Repository/Page_IntroCS Participants/select_Select                        Keywor_5ec06e'  using regular expression

2022-01-17 01:16:51 - [MESSAGE][INFO] - Unable to find the element located by 'By.xpath: //select[@id='core_user-local-participantsfilter-filterrow-filtertype-61e2d22d9e97461e2d22d8e5d113']'. Please recheck the objects properties to make sure the desired element is located. 

2022-01-17 01:16:51 - [MESSAGE][WARNING] - [SELF-HEALING] Failed to find element with id 'Object Repository/Page_IntroCS Participants/select_Select                        Keywor_5ec06e'. Try using Self-healing.

2022-01-17 01:16:51 - [MESSAGE][WARNING] - [SELF-HEALING] The current locator of test object 'Object Repository/Page_IntroCS Participants/select_Select                        Keywor_5ec06e' was broken. Propose an alternative one: '(.//*[normalize-space(text()) and normalize-space(.)='Filter type'])[1]/following::select[1]'.

2022-01-17 01:16:52 - [MESSAGE][PASSED] - All options with value 'roles' are selected in object 'Object Repository/Page_IntroCS Participants/select_Select                        Keywor_5ec06e'  using regular expression

2022-01-17 01:16:52 - [TEST_STEP][PASSED] - click(findTestObject("Object Repository/Page_IntroCS Participants/span_")): Object: 'Object Repository/Page_IntroCS Participants/span_' is clicked on

2022-01-17 01:17:23 - [MESSAGE][INFO] - Unable to find the element located by 'By.xpath: //span[@id='form_autocomplete_downarrow-1642254893905']'. Please recheck the objects properties to make sure the desired element is located. 

2022-01-17 01:17:23 - [MESSAGE][WARNING] - [SELF-HEALING] Failed to find element with id 'Object Repository/Page_IntroCS Participants/span_'. Try using Self-healing.

2022-01-17 01:17:23 - [MESSAGE][WARNING] - [SELF-HEALING] The current locator of test object 'Object Repository/Page_IntroCS Participants/span_' was broken. Propose an alternative one: '(.//*[normalize-space(text()) and normalize-space(.)='Roles'])[2]/following::span[1]'.

2022-01-17 01:17:23 - [MESSAGE][PASSED] - Object: 'Object Repository/Page_IntroCS Participants/span_' is clicked on

2022-01-17 01:17:23 - [TEST_STEP][PASSED] - verifyElementText(findTestObject("Object Repository/Page_IntroCS Participants/li_Teacher"), "Teacher"): Actual text and expected text of test object 'Object Repository/Page_IntroCS Participants/li_Teacher' are matched.

2022-01-17 01:17:24 - [MESSAGE][PASSED] - Actual text and expected text of test object 'Object Repository/Page_IntroCS Participants/li_Teacher' are matched.

2022-01-17 01:17:24 - [TEST_STEP][PASSED] - click(findTestObject("Object Repository/Page_IntroCS Participants/li_Teacher")): Object: 'Object Repository/Page_IntroCS Participants/li_Teacher' is clicked on

2022-01-17 01:17:24 - [MESSAGE][PASSED] - Object: 'Object Repository/Page_IntroCS Participants/li_Teacher' is clicked on

2022-01-17 01:17:24 - [TEST_STEP][PASSED] - selectOptionByValue(findTestObject("Object Repository/Page_IntroCS Participants/select_No roles                    Course c_9336fa"), "3", true): All options with value '3' are selected in object 'Object Repository/Page_IntroCS Participants/select_No roles                    Course c_9336fa'  using regular expression

2022-01-17 01:17:26 - [MESSAGE][PASSED] - All options with value '3' are selected in object 'Object Repository/Page_IntroCS Participants/select_No roles                    Course c_9336fa'  using regular expression

2022-01-17 01:17:26 - [TEST_STEP][PASSED] - selectOptionByValue(findTestObject("Object Repository/Page_IntroCS Participants/select_No roles                    Course c_9336fa"), "3", true): All options with value '3' are selected in object 'Object Repository/Page_IntroCS Participants/select_No roles                    Course c_9336fa'  using regular expression

2022-01-17 01:17:27 - [MESSAGE][PASSED] - All options with value '3' are selected in object 'Object Repository/Page_IntroCS Participants/select_No roles                    Course c_9336fa'  using regular expression

2022-01-17 01:17:27 - [TEST_STEP][PASSED] - selectOptionByValue(findTestObject("Object Repository/Page_IntroCS Participants/select_No roles                    Course c_9336fa"), "3", true): All options with value '3' are selected in object 'Object Repository/Page_IntroCS Participants/select_No roles                    Course c_9336fa'  using regular expression

2022-01-17 01:17:28 - [MESSAGE][PASSED] - All options with value '3' are selected in object 'Object Repository/Page_IntroCS Participants/select_No roles                    Course c_9336fa'  using regular expression

2022-01-17 01:17:28 - [TEST_STEP][PASSED] - selectOptionByValue(findTestObject("Object Repository/Page_IntroCS Participants/select_No roles                    Course c_9336fa"), "3", true): All options with value '3' are selected in object 'Object Repository/Page_IntroCS Participants/select_No roles                    Course c_9336fa'  using regular expression

2022-01-17 01:17:29 - [MESSAGE][PASSED] - All options with value '3' are selected in object 'Object Repository/Page_IntroCS Participants/select_No roles                    Course c_9336fa'  using regular expression

2022-01-17 01:17:29 - [TEST_STEP][PASSED] - selectOptionByValue(findTestObject("Object Repository/Page_IntroCS Participants/select_No roles                    Course c_9336fa"), "3", true): All options with value '3' are selected in object 'Object Repository/Page_IntroCS Participants/select_No roles                    Course c_9336fa'  using regular expression

2022-01-17 01:17:30 - [MESSAGE][PASSED] - All options with value '3' are selected in object 'Object Repository/Page_IntroCS Participants/select_No roles                    Course c_9336fa'  using regular expression

2022-01-17 01:17:30 - [TEST_STEP][PASSED] - click(findTestObject("Object Repository/Page_IntroCS Participants/button_Apply filters")): Object: 'Object Repository/Page_IntroCS Participants/button_Apply filters' is clicked on

2022-01-17 01:17:30 - [MESSAGE][PASSED] - Object: 'Object Repository/Page_IntroCS Participants/button_Apply filters' is clicked on

2022-01-17 01:17:30 - [TEST_STEP][PASSED] - click(findTestObject("Object Repository/Page_IntroCS Participants/section_Participants                       _399b9a")): Object: 'Object Repository/Page_IntroCS Participants/section_Participants                       _399b9a' is clicked on

2022-01-17 01:17:31 - [MESSAGE][PASSED] - Object: 'Object Repository/Page_IntroCS Participants/section_Participants                       _399b9a' is clicked on

2022-01-17 01:17:31 - [TEST_STEP][PASSED] - verifyElementText(findTestObject("Object Repository/Page_IntroCS Participants/a_Tran Minh Triet"), "Tran Minh Triet"): Actual text and expected text of test object 'Object Repository/Page_IntroCS Participants/a_Tran Minh Triet' are matched.

2022-01-17 01:17:31 - [MESSAGE][PASSED] - Actual text and expected text of test object 'Object Repository/Page_IntroCS Participants/a_Tran Minh Triet' are matched.

2022-01-17 01:17:31 - [TEST_STEP][PASSED] - click(findTestObject("Object Repository/Page_IntroCS Participants/a_Tran Minh Triet")): Object: 'Object Repository/Page_IntroCS Participants/a_Tran Minh Triet' is clicked on

2022-01-17 01:17:32 - [MESSAGE][PASSED] - Object: 'Object Repository/Page_IntroCS Participants/a_Tran Minh Triet' is clicked on

2022-01-17 01:17:32 - [TEST_STEP][PASSED] - waitForElementVisible(findTestObject("Object Repository/Page_Introduction to Computer Science Perso_abbbf2/span_Message"), 0): Object 'Object Repository/Page_Introduction to Computer Science Perso_abbbf2/span_Message' is visible

2022-01-17 01:17:32 - [MESSAGE][WARNING] - Timeout '0' is invalid. Using default page load timeout: '30'

2022-01-17 01:17:33 - [MESSAGE][PASSED] - Object 'Object Repository/Page_Introduction to Computer Science Perso_abbbf2/span_Message' is visible

2022-01-17 01:17:33 - [TEST_STEP][PASSED] - click(findTestObject("Object Repository/Page_Introduction to Computer Science Perso_abbbf2/span_Message")): Object: 'Object Repository/Page_Introduction to Computer Science Perso_abbbf2/span_Message' is clicked on

2022-01-17 01:17:33 - [MESSAGE][PASSED] - Object: 'Object Repository/Page_Introduction to Computer Science Perso_abbbf2/span_Message' is clicked on

2022-01-17 01:17:33 - [TEST_STEP][PASSED] - setText(findTestObject("Object Repository/Page_Introduction to Computer Science Perso_abbbf2/textarea_Use enter to send_yui_3_17_2_1_164_06a8dd"), "Hello"): Text 'Hello' is set on object 'Object Repository/Page_Introduction to Computer Science Perso_abbbf2/textarea_Use enter to send_yui_3_17_2_1_164_06a8dd'

2022-01-17 01:18:05 - [MESSAGE][INFO] - Unable to find the element located by 'By.xpath: //textarea[@id='yui_3_17_2_1_1642254941870_35']'. Please recheck the objects properties to make sure the desired element is located. 

2022-01-17 01:18:05 - [MESSAGE][WARNING] - [SELF-HEALING] Failed to find element with id 'Object Repository/Page_Introduction to Computer Science Perso_abbbf2/textarea_Use enter to send_yui_3_17_2_1_164_06a8dd'. Try using Self-healing.

2022-01-17 01:18:05 - [MESSAGE][WARNING] - [SELF-HEALING] The current locator of test object 'Object Repository/Page_Introduction to Computer Science Perso_abbbf2/textarea_Use enter to send_yui_3_17_2_1_164_06a8dd' was broken. Propose an alternative one: '//textarea'.

2022-01-17 01:18:36 - [MESSAGE][INFO] - Unable to find the element located by 'By.xpath: //textarea[@id='yui_3_17_2_1_1642254941870_35']'. Please recheck the objects properties to make sure the desired element is located. 

2022-01-17 01:18:36 - [MESSAGE][WARNING] - [SELF-HEALING] Failed to find element with id 'Object Repository/Page_Introduction to Computer Science Perso_abbbf2/textarea_Use enter to send_yui_3_17_2_1_164_06a8dd'. Try using Self-healing.

2022-01-17 01:18:36 - [MESSAGE][WARNING] - [SELF-HEALING] The current locator of test object 'Object Repository/Page_Introduction to Computer Science Perso_abbbf2/textarea_Use enter to send_yui_3_17_2_1_164_06a8dd' was broken. Propose an alternative one: '//textarea'.

2022-01-17 01:18:36 - [MESSAGE][PASSED] - Text 'Hello' is set on object 'Object Repository/Page_Introduction to Computer Science Perso_abbbf2/textarea_Use enter to send_yui_3_17_2_1_164_06a8dd'

2022-01-17 01:18:36 - [TEST_STEP][PASSED] - click(findTestObject("Object Repository/Page_Introduction to Computer Science Perso_abbbf2/i__icon fa fa-paper-plane fa-fw")): Object: 'Object Repository/Page_Introduction to Computer Science Perso_abbbf2/i__icon fa fa-paper-plane fa-fw' is clicked on

2022-01-17 01:19:08 - [MESSAGE][INFO] - Unable to find the element located by 'By.xpath: //div[@id='yui_3_17_2_1_1642254941870_36']/div/button[2]/span/i'. Please recheck the objects properties to make sure the desired element is located. 

2022-01-17 01:19:08 - [MESSAGE][WARNING] - [SELF-HEALING] Failed to find element with id 'Object Repository/Page_Introduction to Computer Science Perso_abbbf2/i__icon fa fa-paper-plane fa-fw'. Try using Self-healing.

2022-01-17 01:19:08 - [MESSAGE][WARNING] - [SELF-HEALING] The current locator of test object 'Object Repository/Page_Introduction to Computer Science Perso_abbbf2/i__icon fa fa-paper-plane fa-fw' was broken. Propose an alternative one: '//button[2]/span/i'.

2022-01-17 01:19:08 - [MESSAGE][PASSED] - Object: 'Object Repository/Page_Introduction to Computer Science Perso_abbbf2/i__icon fa fa-paper-plane fa-fw' is clicked on

2022-01-17 01:19:08 - [TEST_STEP][PASSED] - closeBrowser(): Browser is closed

2022-01-17 01:19:09 - [MESSAGE][PASSED] - Browser is closed]]></system-out>
         <system-err><![CDATA[]]></system-err>
      </testcase>
      <testcase name="Test Cases/test case 38" time="103.119" classname="Test Cases/test case 38" status="PASSED">
         <system-out><![CDATA[2022-01-17 01:19:09 - [TEST_CASE][PASSED] - Test Cases/test case 38: Test Cases/test case 38

2022-01-17 01:19:09 - [TEST_STEP][PASSED] - openBrowser(""): Browser is opened with url: ''

2022-01-17 01:19:09 - [MESSAGE][INFO] - Starting 'Chrome' driver

2022-01-17 01:19:09 - [MESSAGE][INFO] - Action delay is set to 0 milliseconds

2022-01-17 01:19:10 - [MESSAGE][PASSED] - Browser is opened with url: ''

2022-01-17 01:19:10 - [TEST_STEP][PASSED] - navigateToUrl("http://localhost/"): Navigate to 'http://localhost/' successfully

2022-01-17 01:19:11 - [MESSAGE][PASSED] - Navigate to 'http://localhost/' successfully

2022-01-17 01:19:11 - [TEST_STEP][PASSED] - click(findTestObject("Object Repository/Page_Moodle/a_Log in")): Object: 'Object Repository/Page_Moodle/a_Log in' is clicked on

2022-01-17 01:19:12 - [MESSAGE][PASSED] - Object: 'Object Repository/Page_Moodle/a_Log in' is clicked on

2022-01-17 01:19:12 - [TEST_STEP][PASSED] - setText(findTestObject("Object Repository/Page_Moodle Log in to the site/input_Username_username"), "qmkhoi"): Text 'qmkhoi' is set on object 'Object Repository/Page_Moodle Log in to the site/input_Username_username'

2022-01-17 01:19:13 - [MESSAGE][PASSED] - Text 'qmkhoi' is set on object 'Object Repository/Page_Moodle Log in to the site/input_Username_username'

2022-01-17 01:19:13 - [TEST_STEP][PASSED] - setEncryptedText(findTestObject("Object Repository/Page_Moodle Log in to the site/input_Password_password"), "eiP2h/EMT1hJlGmKEGA7sg=="): Text ****** has been set on object 'Object Repository/Page_Moodle Log in to the site/input_Password_password'

2022-01-17 01:19:13 - [MESSAGE][PASSED] - Text ****** has been set on object 'Object Repository/Page_Moodle Log in to the site/input_Password_password'

2022-01-17 01:19:13 - [TEST_STEP][PASSED] - click(findTestObject("Object Repository/Page_Moodle Log in to the site/button_Log in")): Object: 'Object Repository/Page_Moodle Log in to the site/button_Log in' is clicked on

2022-01-17 01:19:14 - [MESSAGE][PASSED] - Object: 'Object Repository/Page_Moodle Log in to the site/button_Log in' is clicked on

2022-01-17 01:19:14 - [TEST_STEP][PASSED] - click(findTestObject("Object Repository/Page_Dashboard/a_Quach Minh Khoi")): Object: 'Object Repository/Page_Dashboard/a_Quach Minh Khoi' is clicked on

2022-01-17 01:19:16 - [MESSAGE][PASSED] - Object: 'Object Repository/Page_Dashboard/a_Quach Minh Khoi' is clicked on

2022-01-17 01:19:16 - [TEST_STEP][PASSED] - click(findTestObject("Object Repository/Page_Dashboard/span_Grades")): Object: 'Object Repository/Page_Dashboard/span_Grades' is clicked on

2022-01-17 01:19:16 - [MESSAGE][PASSED] - Object: 'Object Repository/Page_Dashboard/span_Grades' is clicked on

2022-01-17 01:19:16 - [TEST_STEP][PASSED] - verifyElementText(findTestObject("Page_Grades - Quach Minh Khoi/a_Introduction to Computer Science"), "Introduction to Computer Science"): Actual text and expected text of test object 'Object Repository/Page_Grades - Quach Minh Khoi/a_Introduction to Computer Science' are matched.

2022-01-17 01:19:48 - [MESSAGE][INFO] - Unable to find the element located by 'By.xpath: //td[@id='grade-report-overview-3_r0_c0']/a'. Please recheck the objects properties to make sure the desired element is located. 

2022-01-17 01:19:48 - [MESSAGE][WARNING] - [SELF-HEALING] Failed to find element with id 'Object Repository/Page_Grades - Quach Minh Khoi/a_Introduction to Computer Science'. Try using Self-healing.

2022-01-17 01:19:48 - [MESSAGE][WARNING] - [SELF-HEALING] The current locator of test object 'Object Repository/Page_Grades - Quach Minh Khoi/a_Introduction to Computer Science' was broken. Propose an alternative one: '//a[contains(text(),'Introduction to Computer Science')]'.

2022-01-17 01:19:48 - [MESSAGE][PASSED] - Actual text and expected text of test object 'Object Repository/Page_Grades - Quach Minh Khoi/a_Introduction to Computer Science' are matched.

2022-01-17 01:19:48 - [TEST_STEP][PASSED] - click(findTestObject("Object Repository/Page_Grades - Quach Minh Khoi/a_Introduction to Computer Science")): Object: 'Object Repository/Page_Grades - Quach Minh Khoi/a_Introduction to Computer Science' is clicked on

2022-01-17 01:20:19 - [MESSAGE][INFO] - Unable to find the element located by 'By.xpath: //td[@id='grade-report-overview-3_r0_c0']/a'. Please recheck the objects properties to make sure the desired element is located. 

2022-01-17 01:20:19 - [MESSAGE][WARNING] - [SELF-HEALING] Failed to find element with id 'Object Repository/Page_Grades - Quach Minh Khoi/a_Introduction to Computer Science'. Try using Self-healing.

2022-01-17 01:20:19 - [MESSAGE][WARNING] - [SELF-HEALING] The current locator of test object 'Object Repository/Page_Grades - Quach Minh Khoi/a_Introduction to Computer Science' was broken. Propose an alternative one: '//a[contains(text(),'Introduction to Computer Science')]'.

2022-01-17 01:20:20 - [MESSAGE][PASSED] - Object: 'Object Repository/Page_Grades - Quach Minh Khoi/a_Introduction to Computer Science' is clicked on

2022-01-17 01:20:20 - [TEST_STEP][PASSED] - verifyElementText(findTestObject("Object Repository/Page_IntroCS Activity report (grade)/span_Course total"), "Course total"): Actual text and expected text of test object 'Object Repository/Page_IntroCS Activity report (grade)/span_Course total' are matched.

2022-01-17 01:20:51 - [MESSAGE][INFO] - Unable to find the element located by 'By.xpath: //th[@id='row_9_3']/span'. Please recheck the objects properties to make sure the desired element is located. 

2022-01-17 01:20:51 - [MESSAGE][WARNING] - [SELF-HEALING] Failed to find element with id 'Object Repository/Page_IntroCS Activity report (grade)/span_Course total'. Try using Self-healing.

2022-01-17 01:20:51 - [MESSAGE][WARNING] - [SELF-HEALING] The current locator of test object 'Object Repository/Page_IntroCS Activity report (grade)/span_Course total' was broken. Propose an alternative one: '(.//*[normalize-space(text()) and normalize-space(.)='Introduction to Computer Science'])[1]/following::span[1]'.

2022-01-17 01:20:51 - [MESSAGE][PASSED] - Actual text and expected text of test object 'Object Repository/Page_IntroCS Activity report (grade)/span_Course total' are matched.

2022-01-17 01:20:51 - [TEST_STEP][PASSED] - closeBrowser(): Browser is closed

2022-01-17 01:20:52 - [MESSAGE][PASSED] - Browser is closed]]></system-out>
         <system-err><![CDATA[]]></system-err>
      </testcase>
      <testcase name="Test Cases/test case 39" time="41.85" classname="Test Cases/test case 39" status="PASSED">
         <system-out><![CDATA[2022-01-17 01:20:52 - [TEST_CASE][PASSED] - Test Cases/test case 39: Test Cases/test case 39

2022-01-17 01:20:52 - [TEST_STEP][PASSED] - openBrowser(""): Browser is opened with url: ''

2022-01-17 01:20:52 - [MESSAGE][INFO] - Starting 'Chrome' driver

2022-01-17 01:20:52 - [MESSAGE][INFO] - Action delay is set to 0 milliseconds

2022-01-17 01:20:53 - [MESSAGE][PASSED] - Browser is opened with url: ''

2022-01-17 01:20:53 - [TEST_STEP][PASSED] - navigateToUrl("http://localhost/"): Navigate to 'http://localhost/' successfully

2022-01-17 01:20:54 - [MESSAGE][PASSED] - Navigate to 'http://localhost/' successfully

2022-01-17 01:20:54 - [TEST_STEP][PASSED] - click(findTestObject("Object Repository/Page_Moodle/a_Log in")): Object: 'Object Repository/Page_Moodle/a_Log in' is clicked on

2022-01-17 01:20:55 - [MESSAGE][PASSED] - Object: 'Object Repository/Page_Moodle/a_Log in' is clicked on

2022-01-17 01:20:55 - [TEST_STEP][PASSED] - setText(findTestObject("Object Repository/Page_Moodle Log in to the site/input_Username_username"), "qmkhoi"): Text 'qmkhoi' is set on object 'Object Repository/Page_Moodle Log in to the site/input_Username_username'

2022-01-17 01:20:56 - [MESSAGE][PASSED] - Text 'qmkhoi' is set on object 'Object Repository/Page_Moodle Log in to the site/input_Username_username'

2022-01-17 01:20:56 - [TEST_STEP][PASSED] - setEncryptedText(findTestObject("Object Repository/Page_Moodle Log in to the site/input_Password_password"), "eiP2h/EMT1hJlGmKEGA7sg=="): Text ****** has been set on object 'Object Repository/Page_Moodle Log in to the site/input_Password_password'

2022-01-17 01:20:56 - [MESSAGE][PASSED] - Text ****** has been set on object 'Object Repository/Page_Moodle Log in to the site/input_Password_password'

2022-01-17 01:20:56 - [TEST_STEP][PASSED] - click(findTestObject("Object Repository/Page_Moodle Log in to the site/button_Log in")): Object: 'Object Repository/Page_Moodle Log in to the site/button_Log in' is clicked on

2022-01-17 01:20:57 - [MESSAGE][PASSED] - Object: 'Object Repository/Page_Moodle Log in to the site/button_Log in' is clicked on

2022-01-17 01:20:57 - [TEST_STEP][PASSED] - click(findTestObject("Object Repository/Page_Dashboard/a_Quach Minh Khoi")): Object: 'Object Repository/Page_Dashboard/a_Quach Minh Khoi' is clicked on

2022-01-17 01:20:59 - [MESSAGE][PASSED] - Object: 'Object Repository/Page_Dashboard/a_Quach Minh Khoi' is clicked on

2022-01-17 01:20:59 - [TEST_STEP][PASSED] - click(findTestObject("Object Repository/Page_Dashboard/a_Profile")): Object: 'Object Repository/Page_Dashboard/a_Profile' is clicked on

2022-01-17 01:21:00 - [MESSAGE][PASSED] - Object: 'Object Repository/Page_Dashboard/a_Profile' is clicked on

2022-01-17 01:21:00 - [TEST_STEP][PASSED] - verifyElementText(findTestObject("Page_Quach Minh Khoi Public profile/a_Introduction to Computer Science"), "Introduction to Computer Science"): Actual text and expected text of test object 'Object Repository/Page_Quach Minh Khoi Public profile/a_Introduction to Computer Science' are matched.

2022-01-17 01:21:00 - [MESSAGE][PASSED] - Actual text and expected text of test object 'Object Repository/Page_Quach Minh Khoi Public profile/a_Introduction to Computer Science' are matched.

2022-01-17 01:21:00 - [TEST_STEP][PASSED] - click(findTestObject("Object Repository/Page_Quach Minh Khoi Public profile/a_Introduction to Computer Science")): Object: 'Object Repository/Page_Quach Minh Khoi Public profile/a_Introduction to Computer Science' is clicked on

2022-01-17 01:21:01 - [MESSAGE][PASSED] - Object: 'Object Repository/Page_Quach Minh Khoi Public profile/a_Introduction to Computer Science' is clicked on

2022-01-17 01:21:01 - [TEST_STEP][PASSED] - click(findTestObject("Object Repository/Page_Introduction to Computer Science Perso_363e4d/a_Grades")): Object: 'Object Repository/Page_Introduction to Computer Science Perso_363e4d/a_Grades' is clicked on

2022-01-17 01:21:02 - [MESSAGE][PASSED] - Object: 'Object Repository/Page_Introduction to Computer Science Perso_363e4d/a_Grades' is clicked on

2022-01-17 01:21:02 - [TEST_STEP][PASSED] - verifyElementText(findTestObject("Object Repository/Page_IntroCS Activity report (grade)/span_Course total"), "Course total"): Actual text and expected text of test object 'Object Repository/Page_IntroCS Activity report (grade)/span_Course total' are matched.

2022-01-17 01:21:33 - [MESSAGE][INFO] - Unable to find the element located by 'By.xpath: //th[@id='row_9_3']/span'. Please recheck the objects properties to make sure the desired element is located. 

2022-01-17 01:21:33 - [MESSAGE][WARNING] - [SELF-HEALING] Failed to find element with id 'Object Repository/Page_IntroCS Activity report (grade)/span_Course total'. Try using Self-healing.

2022-01-17 01:21:33 - [MESSAGE][WARNING] - [SELF-HEALING] The current locator of test object 'Object Repository/Page_IntroCS Activity report (grade)/span_Course total' was broken. Propose an alternative one: '(.//*[normalize-space(text()) and normalize-space(.)='Introduction to Computer Science'])[1]/following::span[1]'.

2022-01-17 01:21:33 - [MESSAGE][PASSED] - Actual text and expected text of test object 'Object Repository/Page_IntroCS Activity report (grade)/span_Course total' are matched.

2022-01-17 01:21:33 - [TEST_STEP][PASSED] - closeBrowser(): Browser is closed

2022-01-17 01:21:34 - [MESSAGE][PASSED] - Browser is closed]]></system-out>
         <system-err><![CDATA[]]></system-err>
      </testcase>
      <testcase name="Test Cases/test case 40" time="9.655" classname="Test Cases/test case 40" status="PASSED">
         <system-out><![CDATA[2022-01-17 01:21:34 - [TEST_CASE][PASSED] - Test Cases/test case 40: Test Cases/test case 40

2022-01-17 01:21:34 - [TEST_STEP][PASSED] - openBrowser(""): Browser is opened with url: ''

2022-01-17 01:21:34 - [MESSAGE][INFO] - Starting 'Chrome' driver

2022-01-17 01:21:34 - [MESSAGE][INFO] - Action delay is set to 0 milliseconds

2022-01-17 01:21:35 - [MESSAGE][PASSED] - Browser is opened with url: ''

2022-01-17 01:21:35 - [TEST_STEP][PASSED] - navigateToUrl("http://localhost/"): Navigate to 'http://localhost/' successfully

2022-01-17 01:21:36 - [MESSAGE][PASSED] - Navigate to 'http://localhost/' successfully

2022-01-17 01:21:36 - [TEST_STEP][PASSED] - click(findTestObject("Object Repository/Page_Moodle/a_Log in")): Object: 'Object Repository/Page_Moodle/a_Log in' is clicked on

2022-01-17 01:21:37 - [MESSAGE][PASSED] - Object: 'Object Repository/Page_Moodle/a_Log in' is clicked on

2022-01-17 01:21:37 - [TEST_STEP][PASSED] - setText(findTestObject("Object Repository/Page_Moodle Log in to the site/input_Username_username"), "qmkhoi"): Text 'qmkhoi' is set on object 'Object Repository/Page_Moodle Log in to the site/input_Username_username'

2022-01-17 01:21:38 - [MESSAGE][PASSED] - Text 'qmkhoi' is set on object 'Object Repository/Page_Moodle Log in to the site/input_Username_username'

2022-01-17 01:21:38 - [TEST_STEP][PASSED] - setEncryptedText(findTestObject("Object Repository/Page_Moodle Log in to the site/input_Password_password"), "eiP2h/EMT1hJlGmKEGA7sg=="): Text ****** has been set on object 'Object Repository/Page_Moodle Log in to the site/input_Password_password'

2022-01-17 01:21:38 - [MESSAGE][PASSED] - Text ****** has been set on object 'Object Repository/Page_Moodle Log in to the site/input_Password_password'

2022-01-17 01:21:38 - [TEST_STEP][PASSED] - click(findTestObject("Object Repository/Page_Moodle Log in to the site/button_Log in")): Object: 'Object Repository/Page_Moodle Log in to the site/button_Log in' is clicked on

2022-01-17 01:21:39 - [MESSAGE][PASSED] - Object: 'Object Repository/Page_Moodle Log in to the site/button_Log in' is clicked on

2022-01-17 01:21:39 - [TEST_STEP][PASSED] - verifyElementText(findTestObject("Object Repository/Page_Dashboard/span_IntroCS"), "IntroCS"): Actual text and expected text of test object 'Object Repository/Page_Dashboard/span_IntroCS' are matched.

2022-01-17 01:21:40 - [MESSAGE][PASSED] - Actual text and expected text of test object 'Object Repository/Page_Dashboard/span_IntroCS' are matched.

2022-01-17 01:21:40 - [TEST_STEP][PASSED] - click(findTestObject("Object Repository/Page_Dashboard/span_IntroCS")): Object: 'Object Repository/Page_Dashboard/span_IntroCS' is clicked on

2022-01-17 01:21:41 - [MESSAGE][PASSED] - Object: 'Object Repository/Page_Dashboard/span_IntroCS' is clicked on

2022-01-17 01:21:41 - [TEST_STEP][PASSED] - click(findTestObject("Object Repository/Page_Course Introduction to Computer Science/span_Grades")): Object: 'Object Repository/Page_Course Introduction to Computer Science/span_Grades' is clicked on

2022-01-17 01:21:42 - [MESSAGE][PASSED] - Object: 'Object Repository/Page_Course Introduction to Computer Science/span_Grades' is clicked on

2022-01-17 01:21:42 - [TEST_STEP][PASSED] - verifyElementText(findTestObject("Object Repository/Page_Grades View/h2_User report - Quach Minh Khoi"), "User report - Quach Minh Khoi"): Actual text and expected text of test object 'Object Repository/Page_Grades View/h2_User report - Quach Minh Khoi' are matched.

2022-01-17 01:21:43 - [MESSAGE][PASSED] - Actual text and expected text of test object 'Object Repository/Page_Grades View/h2_User report - Quach Minh Khoi' are matched.

2022-01-17 01:21:43 - [TEST_STEP][PASSED] - closeBrowser(): Browser is closed

2022-01-17 01:21:43 - [MESSAGE][PASSED] - Browser is closed]]></system-out>
         <system-err><![CDATA[]]></system-err>
      </testcase>
      <testcase name="Test Cases/test case 41" time="143.536" classname="Test Cases/test case 41" status="PASSED">
         <system-out><![CDATA[2022-01-17 01:21:43 - [TEST_CASE][PASSED] - Test Cases/test case 41: Test Cases/test case 41

2022-01-17 01:21:44 - [TEST_STEP][PASSED] - openBrowser(""): Browser is opened with url: ''

2022-01-17 01:21:44 - [MESSAGE][INFO] - Starting 'Chrome' driver

2022-01-17 01:21:44 - [MESSAGE][INFO] - Action delay is set to 0 milliseconds

2022-01-17 01:21:45 - [MESSAGE][PASSED] - Browser is opened with url: ''

2022-01-17 01:21:45 - [TEST_STEP][PASSED] - navigateToUrl("http://localhost/"): Navigate to 'http://localhost/' successfully

2022-01-17 01:21:46 - [MESSAGE][PASSED] - Navigate to 'http://localhost/' successfully

2022-01-17 01:21:46 - [TEST_STEP][PASSED] - click(findTestObject("Object Repository/Page_Moodle/a_Log in")): Object: 'Object Repository/Page_Moodle/a_Log in' is clicked on

2022-01-17 01:21:47 - [MESSAGE][PASSED] - Object: 'Object Repository/Page_Moodle/a_Log in' is clicked on

2022-01-17 01:21:47 - [TEST_STEP][PASSED] - setText(findTestObject("Object Repository/Page_Moodle Log in to the site/input_Username_username"), "tmtriet"): Text 'tmtriet' is set on object 'Object Repository/Page_Moodle Log in to the site/input_Username_username'

2022-01-17 01:21:47 - [MESSAGE][PASSED] - Text 'tmtriet' is set on object 'Object Repository/Page_Moodle Log in to the site/input_Username_username'

2022-01-17 01:21:47 - [TEST_STEP][PASSED] - setEncryptedText(findTestObject("Object Repository/Page_Moodle Log in to the site/input_Password_password"), "NMz1A57fMJEpXGm/T4cXeQ=="): Text ****** has been set on object 'Object Repository/Page_Moodle Log in to the site/input_Password_password'

2022-01-17 01:21:48 - [MESSAGE][PASSED] - Text ****** has been set on object 'Object Repository/Page_Moodle Log in to the site/input_Password_password'

2022-01-17 01:21:48 - [TEST_STEP][PASSED] - click(findTestObject("Object Repository/Page_Moodle Log in to the site/button_Log in")): Object: 'Object Repository/Page_Moodle Log in to the site/button_Log in' is clicked on

2022-01-17 01:21:49 - [MESSAGE][PASSED] - Object: 'Object Repository/Page_Moodle Log in to the site/button_Log in' is clicked on

2022-01-17 01:21:49 - [TEST_STEP][PASSED] - verifyElementText(findTestObject("Page_Dashboard/span_IntroCS"), "IntroCS"): Actual text and expected text of test object 'Object Repository/Page_Dashboard/span_IntroCS' are matched.

2022-01-17 01:21:50 - [MESSAGE][PASSED] - Actual text and expected text of test object 'Object Repository/Page_Dashboard/span_IntroCS' are matched.

2022-01-17 01:21:50 - [TEST_STEP][PASSED] - click(findTestObject("Object Repository/Page_Dashboard/span_IntroCS")): Object: 'Object Repository/Page_Dashboard/span_IntroCS' is clicked on

2022-01-17 01:21:51 - [MESSAGE][PASSED] - Object: 'Object Repository/Page_Dashboard/span_IntroCS' is clicked on

2022-01-17 01:21:51 - [TEST_STEP][PASSED] - waitForElementPresent(findTestObject("Object Repository/Page_Course Introduction to Computer Science/span_Announcements Forum"), 0): Object 'Object Repository/Page_Course Introduction to Computer Science/span_Announcements Forum' is present

2022-01-17 01:21:51 - [MESSAGE][WARNING] - Timeout '0' is invalid. Using default page load timeout: '30'

2022-01-17 01:21:51 - [MESSAGE][PASSED] - Object 'Object Repository/Page_Course Introduction to Computer Science/span_Announcements Forum' is present

2022-01-17 01:21:51 - [TEST_STEP][PASSED] - click(findTestObject("Object Repository/Page_Course Introduction to Computer Science/span_Announcements Forum")): Object: 'Object Repository/Page_Course Introduction to Computer Science/span_Announcements Forum' is clicked on

2022-01-17 01:21:52 - [MESSAGE][PASSED] - Object: 'Object Repository/Page_Course Introduction to Computer Science/span_Announcements Forum' is clicked on

2022-01-17 01:21:52 - [TEST_STEP][PASSED] - verifyElementText(findTestObject("Page_Announcements/h2_Announcements"), "Announcements"): Actual text and expected text of test object 'Object Repository/Page_Announcements/h2_Announcements' are matched.

2022-01-17 01:21:53 - [MESSAGE][PASSED] - Actual text and expected text of test object 'Object Repository/Page_Announcements/h2_Announcements' are matched.

2022-01-17 01:21:53 - [TEST_STEP][PASSED] - click(findTestObject("Object Repository/Page_Announcements/a_Add a new topic")): Object: 'Object Repository/Page_Announcements/a_Add a new topic' is clicked on

2022-01-17 01:22:24 - [MESSAGE][INFO] - Unable to find the element located by 'By.xpath: //a[@id='yui_3_17_2_1_1642339776301_492']'. Please recheck the objects properties to make sure the desired element is located. 

2022-01-17 01:22:24 - [MESSAGE][WARNING] - [SELF-HEALING] Failed to find element with id 'Object Repository/Page_Announcements/a_Add a new topic'. Try using Self-healing.

2022-01-17 01:22:24 - [MESSAGE][WARNING] - [SELF-HEALING] The current locator of test object 'Object Repository/Page_Announcements/a_Add a new topic' was broken. Propose an alternative one: '//a[contains(text(),'Add a new topic')]'.

2022-01-17 01:22:25 - [MESSAGE][PASSED] - Object: 'Object Repository/Page_Announcements/a_Add a new topic' is clicked on

2022-01-17 01:22:25 - [TEST_STEP][PASSED] - setText(findTestObject("Object Repository/Page_Announcements/input_Subject_subject"), "Announcement for Tet holiday"): Text 'Announcement for Tet holiday' is set on object 'Object Repository/Page_Announcements/input_Subject_subject'

2022-01-17 01:22:25 - [MESSAGE][PASSED] - Text 'Announcement for Tet holiday' is set on object 'Object Repository/Page_Announcements/input_Subject_subject'

2022-01-17 01:22:25 - [TEST_STEP][PASSED] - click(findTestObject("Object Repository/Page_Announcements/p")): Object: 'Object Repository/Page_Announcements/p' is clicked on

2022-01-17 01:22:26 - [MESSAGE][PASSED] - Object: 'Object Repository/Page_Announcements/p' is clicked on

2022-01-17 01:22:26 - [TEST_STEP][PASSED] - setText(findTestObject("Object Repository/Page_Announcements/div_Wish you have a nice break"), "Wish you have a nice break"): Text 'Wish you have a nice break' is set on object 'Object Repository/Page_Announcements/div_Wish you have a nice break'

2022-01-17 01:22:27 - [MESSAGE][PASSED] - Text 'Wish you have a nice break' is set on object 'Object Repository/Page_Announcements/div_Wish you have a nice break'

2022-01-17 01:22:27 - [TEST_STEP][PASSED] - waitForElementPresent(findTestObject("Object Repository/Page_Announcements/input_Message_submitbutton"), 0): Object 'Object Repository/Page_Announcements/input_Message_submitbutton' is present

2022-01-17 01:22:27 - [MESSAGE][WARNING] - Timeout '0' is invalid. Using default page load timeout: '30'

2022-01-17 01:22:27 - [MESSAGE][PASSED] - Object 'Object Repository/Page_Announcements/input_Message_submitbutton' is present

2022-01-17 01:22:27 - [TEST_STEP][PASSED] - click(findTestObject("Object Repository/Page_Announcements/input_Message_submitbutton")): Object: 'Object Repository/Page_Announcements/input_Message_submitbutton' is clicked on

2022-01-17 01:22:29 - [MESSAGE][PASSED] - Object: 'Object Repository/Page_Announcements/input_Message_submitbutton' is clicked on

2022-01-17 01:22:29 - [TEST_STEP][PASSED] - verifyElementText(findTestObject("Object Repository/Page_Announcements/p_Your post was successfully added"), "Your post was successfully added."): Actual text and expected text of test object 'Object Repository/Page_Announcements/p_Your post was successfully added' are matched.

2022-01-17 01:22:29 - [MESSAGE][PASSED] - Actual text and expected text of test object 'Object Repository/Page_Announcements/p_Your post was successfully added' are matched.

2022-01-17 01:22:29 - [TEST_STEP][PASSED] - verifyElementText(findTestObject("Object Repository/Page_Announcements/p_You have 30 mins to edit it if you want t_c2beca"), "You have 30 mins to edit it if you want to make any changes."): Actual text and expected text of test object 'Object Repository/Page_Announcements/p_You have 30 mins to edit it if you want t_c2beca' are matched.

2022-01-17 01:22:30 - [MESSAGE][PASSED] - Actual text and expected text of test object 'Object Repository/Page_Announcements/p_You have 30 mins to edit it if you want t_c2beca' are matched.

2022-01-17 01:22:30 - [TEST_STEP][PASSED] - click(findTestObject("Object Repository/Page_Announcements/a_Announcement for Tet holiday")): Object: 'Object Repository/Page_Announcements/a_Announcement for Tet holiday' is clicked on

2022-01-17 01:23:01 - [MESSAGE][INFO] - Unable to find the element located by 'By.xpath: //a[@id='yui_3_17_2_1_1642339826879_497']'. Please recheck the objects properties to make sure the desired element is located. 

2022-01-17 01:23:01 - [MESSAGE][WARNING] - [SELF-HEALING] Failed to find element with id 'Object Repository/Page_Announcements/a_Announcement for Tet holiday'. Try using Self-healing.

2022-01-17 01:23:01 - [MESSAGE][WARNING] - [SELF-HEALING] The current locator of test object 'Object Repository/Page_Announcements/a_Announcement for Tet holiday' was broken. Propose an alternative one: '//a[contains(text(),'Announcement for Tet holiday')]'.

2022-01-17 01:23:01 - [MESSAGE][PASSED] - Object: 'Object Repository/Page_Announcements/a_Announcement for Tet holiday' is clicked on

2022-01-17 01:23:01 - [TEST_STEP][PASSED] - click(findTestObject("Object Repository/Page_IntroCS Announcement for Tet holiday/a_Delete")): Object: 'Object Repository/Page_IntroCS Announcement for Tet holiday/a_Delete' is clicked on

2022-01-17 01:23:33 - [MESSAGE][INFO] - Unable to find the element located by 'By.xpath: //article[@id='p22']/div/div/div/div[2]/div[2]/div/a[3]'. Please recheck the objects properties to make sure the desired element is located. 

2022-01-17 01:23:33 - [MESSAGE][WARNING] - [SELF-HEALING] Failed to find element with id 'Object Repository/Page_IntroCS Announcement for Tet holiday/a_Delete'. Try using Self-healing.

2022-01-17 01:23:33 - [MESSAGE][WARNING] - [SELF-HEALING] The current locator of test object 'Object Repository/Page_IntroCS Announcement for Tet holiday/a_Delete' was broken. Propose an alternative one: '//a[contains(text(),'Delete')]'.

2022-01-17 01:23:33 - [MESSAGE][PASSED] - Object: 'Object Repository/Page_IntroCS Announcement for Tet holiday/a_Delete' is clicked on

2022-01-17 01:23:33 - [TEST_STEP][PASSED] - click(findTestObject("Object Repository/Page_IntroCS/button_Continue")): Object: 'Object Repository/Page_IntroCS/button_Continue' is clicked on

2022-01-17 01:24:05 - [MESSAGE][INFO] - Unable to find the element located by 'By.xpath: //button[@id='single_button61e41e39a55b714']'. Please recheck the objects properties to make sure the desired element is located. 

2022-01-17 01:24:05 - [MESSAGE][WARNING] - [SELF-HEALING] Failed to find element with id 'Object Repository/Page_IntroCS/button_Continue'. Try using Self-healing.

2022-01-17 01:24:05 - [MESSAGE][WARNING] - [SELF-HEALING] The current locator of test object 'Object Repository/Page_IntroCS/button_Continue' was broken. Propose an alternative one: '//div[@id='modal-footer']/div/div/form/button'.

2022-01-17 01:24:06 - [MESSAGE][PASSED] - Object: 'Object Repository/Page_IntroCS/button_Continue' is clicked on

2022-01-17 01:24:06 - [TEST_STEP][PASSED] - verifyElementPresent(findTestObject("Object Repository/Page_Announcements/div_Discussion deleted"), 0): Object 'Object Repository/Page_Announcements/div_Discussion deleted' is present

2022-01-17 01:24:06 - [MESSAGE][WARNING] - Timeout '0' is invalid. Using default page load timeout: '30'

2022-01-17 01:24:06 - [MESSAGE][PASSED] - Object 'Object Repository/Page_Announcements/div_Discussion deleted' is present

2022-01-17 01:24:06 - [TEST_STEP][PASSED] - closeBrowser(): Browser is closed

2022-01-17 01:24:07 - [MESSAGE][PASSED] - Browser is closed]]></system-out>
         <system-err><![CDATA[]]></system-err>
      </testcase>
      <testcase name="Test Cases/test case 42" time="282.725" classname="Test Cases/test case 42" status="PASSED">
         <system-out><![CDATA[2022-01-17 01:24:07 - [TEST_CASE][PASSED] - Test Cases/test case 42: Test Cases/test case 42

2022-01-17 01:24:07 - [TEST_STEP][PASSED] - openBrowser(""): Browser is opened with url: ''

2022-01-17 01:24:07 - [MESSAGE][INFO] - Starting 'Chrome' driver

2022-01-17 01:24:07 - [MESSAGE][INFO] - Action delay is set to 0 milliseconds

2022-01-17 01:24:08 - [MESSAGE][PASSED] - Browser is opened with url: ''

2022-01-17 01:24:08 - [TEST_STEP][PASSED] - navigateToUrl("http://localhost/"): Navigate to 'http://localhost/' successfully

2022-01-17 01:24:09 - [MESSAGE][PASSED] - Navigate to 'http://localhost/' successfully

2022-01-17 01:24:09 - [TEST_STEP][PASSED] - click(findTestObject("Object Repository/Page_Moodle/a_Log in")): Object: 'Object Repository/Page_Moodle/a_Log in' is clicked on

2022-01-17 01:24:10 - [MESSAGE][PASSED] - Object: 'Object Repository/Page_Moodle/a_Log in' is clicked on

2022-01-17 01:24:10 - [TEST_STEP][PASSED] - setText(findTestObject("Object Repository/Page_Moodle Log in to the site/input_Username_username"), "tmtriet"): Text 'tmtriet' is set on object 'Object Repository/Page_Moodle Log in to the site/input_Username_username'

2022-01-17 01:24:11 - [MESSAGE][PASSED] - Text 'tmtriet' is set on object 'Object Repository/Page_Moodle Log in to the site/input_Username_username'

2022-01-17 01:24:11 - [TEST_STEP][PASSED] - setEncryptedText(findTestObject("Object Repository/Page_Moodle Log in to the site/input_Password_password"), "NMz1A57fMJEpXGm/T4cXeQ=="): Text ****** has been set on object 'Object Repository/Page_Moodle Log in to the site/input_Password_password'

2022-01-17 01:24:11 - [MESSAGE][PASSED] - Text ****** has been set on object 'Object Repository/Page_Moodle Log in to the site/input_Password_password'

2022-01-17 01:24:11 - [TEST_STEP][PASSED] - click(findTestObject("Object Repository/Page_Moodle Log in to the site/button_Log in")): Object: 'Object Repository/Page_Moodle Log in to the site/button_Log in' is clicked on

2022-01-17 01:24:13 - [MESSAGE][PASSED] - Object: 'Object Repository/Page_Moodle Log in to the site/button_Log in' is clicked on

2022-01-17 01:24:13 - [TEST_STEP][PASSED] - verifyElementText(findTestObject("Page_Dashboard/span_IntroCS"), "IntroCS"): Actual text and expected text of test object 'Object Repository/Page_Dashboard/span_IntroCS' are matched.

2022-01-17 01:24:14 - [MESSAGE][PASSED] - Actual text and expected text of test object 'Object Repository/Page_Dashboard/span_IntroCS' are matched.

2022-01-17 01:24:14 - [TEST_STEP][PASSED] - click(findTestObject("Object Repository/Page_Dashboard/span_IntroCS")): Object: 'Object Repository/Page_Dashboard/span_IntroCS' is clicked on

2022-01-17 01:24:15 - [MESSAGE][PASSED] - Object: 'Object Repository/Page_Dashboard/span_IntroCS' is clicked on

2022-01-17 01:24:15 - [TEST_STEP][PASSED] - verifyElementPresent(findTestObject("Object Repository/Page_Course Introduction to Computer Science/span_Announcements Forum"), 0): Object 'Object Repository/Page_Course Introduction to Computer Science/span_Announcements Forum' is present

2022-01-17 01:24:15 - [MESSAGE][WARNING] - Timeout '0' is invalid. Using default page load timeout: '30'

2022-01-17 01:24:15 - [MESSAGE][PASSED] - Object 'Object Repository/Page_Course Introduction to Computer Science/span_Announcements Forum' is present

2022-01-17 01:24:15 - [TEST_STEP][PASSED] - click(findTestObject("Object Repository/Page_Course Introduction to Computer Science/span_Announcements Forum")): Object: 'Object Repository/Page_Course Introduction to Computer Science/span_Announcements Forum' is clicked on

2022-01-17 01:24:16 - [MESSAGE][PASSED] - Object: 'Object Repository/Page_Course Introduction to Computer Science/span_Announcements Forum' is clicked on

2022-01-17 01:24:16 - [TEST_STEP][PASSED] - verifyElementText(findTestObject("Page_Announcements/h2_Announcements"), "Announcements"): Actual text and expected text of test object 'Object Repository/Page_Announcements/h2_Announcements' are matched.

2022-01-17 01:24:17 - [MESSAGE][PASSED] - Actual text and expected text of test object 'Object Repository/Page_Announcements/h2_Announcements' are matched.

2022-01-17 01:24:17 - [TEST_STEP][PASSED] - click(findTestObject("Object Repository/Page_Announcements/a_Add a new topic")): Object: 'Object Repository/Page_Announcements/a_Add a new topic' is clicked on

2022-01-17 01:24:48 - [MESSAGE][INFO] - Unable to find the element located by 'By.xpath: //a[@id='yui_3_17_2_1_1642339776301_492']'. Please recheck the objects properties to make sure the desired element is located. 

2022-01-17 01:24:48 - [MESSAGE][WARNING] - [SELF-HEALING] Failed to find element with id 'Object Repository/Page_Announcements/a_Add a new topic'. Try using Self-healing.

2022-01-17 01:24:48 - [MESSAGE][WARNING] - [SELF-HEALING] The current locator of test object 'Object Repository/Page_Announcements/a_Add a new topic' was broken. Propose an alternative one: '//a[contains(text(),'Add a new topic')]'.

2022-01-17 01:24:48 - [MESSAGE][PASSED] - Object: 'Object Repository/Page_Announcements/a_Add a new topic' is clicked on

2022-01-17 01:24:48 - [TEST_STEP][PASSED] - setText(findTestObject("Object Repository/Page_Announcements/input_Subject_subject"), "Announcement for Tet holiday"): Text 'Announcement for Tet holiday' is set on object 'Object Repository/Page_Announcements/input_Subject_subject'

2022-01-17 01:24:49 - [MESSAGE][PASSED] - Text 'Announcement for Tet holiday' is set on object 'Object Repository/Page_Announcements/input_Subject_subject'

2022-01-17 01:24:49 - [TEST_STEP][PASSED] - setText(findTestObject("Object Repository/Page_Announcements/div_Wish you have a nice break"), "Wish you have a nice break"): Text 'Wish you have a nice break' is set on object 'Object Repository/Page_Announcements/div_Wish you have a nice break'

2022-01-17 01:24:50 - [MESSAGE][PASSED] - Text 'Wish you have a nice break' is set on object 'Object Repository/Page_Announcements/div_Wish you have a nice break'

2022-01-17 01:24:50 - [TEST_STEP][PASSED] - click(findTestObject("Object Repository/Page_Announcements/div_Message")): Object: 'Object Repository/Page_Announcements/div_Message' is clicked on

2022-01-17 01:24:50 - [MESSAGE][PASSED] - Object: 'Object Repository/Page_Announcements/div_Message' is clicked on

2022-01-17 01:24:50 - [TEST_STEP][PASSED] - waitForElementPresent(findTestObject("Object Repository/Page_Announcements/input_Cancel_advancedadddiscussion"), 0): Object 'Object Repository/Page_Announcements/input_Cancel_advancedadddiscussion' is present

2022-01-17 01:24:50 - [MESSAGE][WARNING] - Timeout '0' is invalid. Using default page load timeout: '30'

2022-01-17 01:24:51 - [MESSAGE][PASSED] - Object 'Object Repository/Page_Announcements/input_Cancel_advancedadddiscussion' is present

2022-01-17 01:24:51 - [TEST_STEP][PASSED] - click(findTestObject("Object Repository/Page_Announcements/input_Cancel_advancedadddiscussion")): Object: 'Object Repository/Page_Announcements/input_Cancel_advancedadddiscussion' is clicked on

2022-01-17 01:24:52 - [MESSAGE][PASSED] - Object: 'Object Repository/Page_Announcements/input_Cancel_advancedadddiscussion' is clicked on

2022-01-17 01:24:52 - [TEST_STEP][PASSED] - waitForElementPresent(findTestObject("Object Repository/Page_IntroCS Add a new topic/a_Display period"), 0): Object 'Object Repository/Page_IntroCS Add a new topic/a_Display period' is present

2022-01-17 01:24:52 - [MESSAGE][WARNING] - Timeout '0' is invalid. Using default page load timeout: '30'

2022-01-17 01:25:23 - [MESSAGE][INFO] - Unable to find the element located by 'By.xpath: //a[@id='yui_3_17_2_1_1642208154690_58']'. Please recheck the objects properties to make sure the desired element is located. 

2022-01-17 01:25:23 - [MESSAGE][WARNING] - [SELF-HEALING] Failed to find element with id 'Object Repository/Page_IntroCS Add a new topic/a_Display period'. Try using Self-healing.

2022-01-17 01:25:23 - [MESSAGE][WARNING] - [SELF-HEALING] The current locator of test object 'Object Repository/Page_IntroCS Add a new topic/a_Display period' was broken. Propose an alternative one: '//a[contains(text(),'Display period')]'.

2022-01-17 01:25:23 - [MESSAGE][PASSED] - Object 'Object Repository/Page_IntroCS Add a new topic/a_Display period' is present

2022-01-17 01:25:23 - [TEST_STEP][PASSED] - click(findTestObject("Object Repository/Page_IntroCS Add a new topic/a_Display period")): Object: 'Object Repository/Page_IntroCS Add a new topic/a_Display period' is clicked on

2022-01-17 01:25:54 - [MESSAGE][INFO] - Unable to find the element located by 'By.xpath: //a[@id='yui_3_17_2_1_1642208154690_58']'. Please recheck the objects properties to make sure the desired element is located. 

2022-01-17 01:25:54 - [MESSAGE][WARNING] - [SELF-HEALING] Failed to find element with id 'Object Repository/Page_IntroCS Add a new topic/a_Display period'. Try using Self-healing.

2022-01-17 01:25:55 - [MESSAGE][WARNING] - [SELF-HEALING] The current locator of test object 'Object Repository/Page_IntroCS Add a new topic/a_Display period' was broken. Propose an alternative one: '//a[contains(text(),'Display period')]'.

2022-01-17 01:25:55 - [MESSAGE][PASSED] - Object: 'Object Repository/Page_IntroCS Add a new topic/a_Display period' is clicked on

2022-01-17 01:25:55 - [TEST_STEP][PASSED] - click(findTestObject("Object Repository/Page_IntroCS Add a new topic/input_Enable_timestartenabled")): Object: 'Object Repository/Page_IntroCS Add a new topic/input_Enable_timestartenabled' is clicked on

2022-01-17 01:25:55 - [MESSAGE][PASSED] - Object: 'Object Repository/Page_IntroCS Add a new topic/input_Enable_timestartenabled' is clicked on

2022-01-17 01:25:55 - [TEST_STEP][PASSED] - click(findTestObject("Object Repository/Page_IntroCS Add a new topic/input_Enable_timeendenabled")): Object: 'Object Repository/Page_IntroCS Add a new topic/input_Enable_timeendenabled' is clicked on

2022-01-17 01:25:56 - [MESSAGE][PASSED] - Object: 'Object Repository/Page_IntroCS Add a new topic/input_Enable_timeendenabled' is clicked on

2022-01-17 01:25:56 - [TEST_STEP][PASSED] - selectOptionByValue(findTestObject("Object Repository/Page_IntroCS Add a new topic/select_1        2        3        4        _45ea30"), "24", true): All options with value '24' are selected in object 'Object Repository/Page_IntroCS Add a new topic/select_1        2        3        4        _45ea30'  using regular expression

2022-01-17 01:25:57 - [MESSAGE][PASSED] - All options with value '24' are selected in object 'Object Repository/Page_IntroCS Add a new topic/select_1        2        3        4        _45ea30'  using regular expression

2022-01-17 01:25:57 - [TEST_STEP][PASSED] - selectOptionByValue(findTestObject("Object Repository/Page_IntroCS Add a new topic/select_00        01        02        03    _f6e37b"), "0", true): All options with value '0' are selected in object 'Object Repository/Page_IntroCS Add a new topic/select_00        01        02        03    _f6e37b'  using regular expression

2022-01-17 01:25:59 - [MESSAGE][PASSED] - All options with value '0' are selected in object 'Object Repository/Page_IntroCS Add a new topic/select_00        01        02        03    _f6e37b'  using regular expression

2022-01-17 01:25:59 - [TEST_STEP][PASSED] - selectOptionByValue(findTestObject("Object Repository/Page_IntroCS Add a new topic/select_00        01        02        03    _f6e37b_1"), "1", true): All options with value '1' are selected in object 'Object Repository/Page_IntroCS Add a new topic/select_00        01        02        03    _f6e37b_1'  using regular expression

2022-01-17 01:26:00 - [MESSAGE][PASSED] - All options with value '1' are selected in object 'Object Repository/Page_IntroCS Add a new topic/select_00        01        02        03    _f6e37b_1'  using regular expression

2022-01-17 01:26:00 - [TEST_STEP][PASSED] - selectOptionByValue(findTestObject("Object Repository/Page_IntroCS Add a new topic/select_00        01        02        03    _f6e37b_1"), "0", true): All options with value '0' are selected in object 'Object Repository/Page_IntroCS Add a new topic/select_00        01        02        03    _f6e37b_1'  using regular expression

2022-01-17 01:26:01 - [MESSAGE][PASSED] - All options with value '0' are selected in object 'Object Repository/Page_IntroCS Add a new topic/select_00        01        02        03    _f6e37b_1'  using regular expression

2022-01-17 01:26:01 - [TEST_STEP][PASSED] - selectOptionByValue(findTestObject("Object Repository/Page_IntroCS Add a new topic/select_1        2        3        4        _45ea30_1"), "14", true): All options with value '14' are selected in object 'Object Repository/Page_IntroCS Add a new topic/select_1        2        3        4        _45ea30_1'  using regular expression

2022-01-17 01:26:02 - [MESSAGE][PASSED] - All options with value '14' are selected in object 'Object Repository/Page_IntroCS Add a new topic/select_1        2        3        4        _45ea30_1'  using regular expression

2022-01-17 01:26:02 - [TEST_STEP][PASSED] - selectOptionByValue(findTestObject("Object Repository/Page_IntroCS Add a new topic/select_January        February        March_78ea2e"), "2", true): All options with value '2' are selected in object 'Object Repository/Page_IntroCS Add a new topic/select_January        February        March_78ea2e'  using regular expression

2022-01-17 01:26:03 - [MESSAGE][PASSED] - All options with value '2' are selected in object 'Object Repository/Page_IntroCS Add a new topic/select_January        February        March_78ea2e'  using regular expression

2022-01-17 01:26:03 - [TEST_STEP][PASSED] - selectOptionByValue(findTestObject("Object Repository/Page_IntroCS Add a new topic/select_00        01        02        03    _f6e37b_1_2"), "0", true): All options with value '0' are selected in object 'Object Repository/Page_IntroCS Add a new topic/select_00        01        02        03    _f6e37b_1_2'  using regular expression

2022-01-17 01:26:04 - [MESSAGE][PASSED] - All options with value '0' are selected in object 'Object Repository/Page_IntroCS Add a new topic/select_00        01        02        03    _f6e37b_1_2'  using regular expression

2022-01-17 01:26:04 - [TEST_STEP][PASSED] - selectOptionByValue(findTestObject("Object Repository/Page_IntroCS Add a new topic/select_00        01        02        03    _f6e37b_1_2_3"), "0", true): All options with value '0' are selected in object 'Object Repository/Page_IntroCS Add a new topic/select_00        01        02        03    _f6e37b_1_2_3'  using regular expression

2022-01-17 01:26:06 - [MESSAGE][PASSED] - All options with value '0' are selected in object 'Object Repository/Page_IntroCS Add a new topic/select_00        01        02        03    _f6e37b_1_2_3'  using regular expression

2022-01-17 01:26:06 - [TEST_STEP][PASSED] - click(findTestObject("Object Repository/Page_IntroCS Add a new topic/input__submitbutton")): Object: 'Object Repository/Page_IntroCS Add a new topic/input__submitbutton' is clicked on

2022-01-17 01:26:07 - [MESSAGE][PASSED] - Object: 'Object Repository/Page_IntroCS Add a new topic/input__submitbutton' is clicked on

2022-01-17 01:26:07 - [TEST_STEP][PASSED] - click(findTestObject("Object Repository/Page_Announcements/p_Your post was successfully added")): Object: 'Object Repository/Page_Announcements/p_Your post was successfully added' is clicked on

2022-01-17 01:26:07 - [MESSAGE][PASSED] - Object: 'Object Repository/Page_Announcements/p_Your post was successfully added' is clicked on

2022-01-17 01:26:07 - [TEST_STEP][PASSED] - verifyElementText(findTestObject("Object Repository/Page_Announcements/p_Your post was successfully added_1"), "Your post was successfully added."): Actual text and expected text of test object 'Object Repository/Page_Announcements/p_Your post was successfully added_1' are matched.

2022-01-17 01:26:39 - [MESSAGE][INFO] - Unable to find the element located by 'By.xpath: //p[@id='yui_3_17_2_1_1642208221973_480']'. Please recheck the objects properties to make sure the desired element is located. 

2022-01-17 01:26:39 - [MESSAGE][WARNING] - [SELF-HEALING] Failed to find element with id 'Object Repository/Page_Announcements/p_Your post was successfully added_1'. Try using Self-healing.

2022-01-17 01:26:39 - [MESSAGE][WARNING] - [SELF-HEALING] The current locator of test object 'Object Repository/Page_Announcements/p_Your post was successfully added_1' was broken. Propose an alternative one: '(.//*[normalize-space(text()) and normalize-space(.)='×'])[1]/following::p[1]'.

2022-01-17 01:26:39 - [MESSAGE][PASSED] - Actual text and expected text of test object 'Object Repository/Page_Announcements/p_Your post was successfully added_1' are matched.

2022-01-17 01:26:39 - [TEST_STEP][PASSED] - verifyElementText(findTestObject("Object Repository/Page_Announcements/p_You have 30 mins to edit it if you want t_c2beca"), "You have 30 mins to edit it if you want to make any changes."): Actual text and expected text of test object 'Object Repository/Page_Announcements/p_You have 30 mins to edit it if you want t_c2beca' are matched.

2022-01-17 01:26:39 - [MESSAGE][PASSED] - Actual text and expected text of test object 'Object Repository/Page_Announcements/p_You have 30 mins to edit it if you want t_c2beca' are matched.

2022-01-17 01:26:39 - [TEST_STEP][PASSED] - verifyElementVisible(findTestObject("Object Repository/Page_Announcements/button_Timed"), STOP_ON_FAILURE): Object 'Object Repository/Page_Announcements/button_Timed' is visible

2022-01-17 01:27:11 - [MESSAGE][INFO] - Unable to find the element located by 'By.xpath: //button[@id='yui_3_17_2_1_1642208221973_501']'. Please recheck the objects properties to make sure the desired element is located. 

2022-01-17 01:27:11 - [MESSAGE][WARNING] - [SELF-HEALING] Failed to find element with id 'Object Repository/Page_Announcements/button_Timed'. Try using Self-healing.

2022-01-17 01:27:11 - [MESSAGE][WARNING] - [SELF-HEALING] The current locator of test object 'Object Repository/Page_Announcements/button_Timed' was broken. Propose an alternative one: '(.//*[normalize-space(text()) and normalize-space(.)='Locked'])[1]/following::button[1]'.

2022-01-17 01:27:11 - [MESSAGE][PASSED] - Object 'Object Repository/Page_Announcements/button_Timed' is visible

2022-01-17 01:27:11 - [TEST_STEP][PASSED] - click(findTestObject("Object Repository/Page_Announcements/a_Announcement for Tet holiday")): Object: 'Object Repository/Page_Announcements/a_Announcement for Tet holiday' is clicked on

2022-01-17 01:27:42 - [MESSAGE][INFO] - Unable to find the element located by 'By.xpath: //a[@id='yui_3_17_2_1_1642339826879_497']'. Please recheck the objects properties to make sure the desired element is located. 

2022-01-17 01:27:42 - [MESSAGE][WARNING] - [SELF-HEALING] Failed to find element with id 'Object Repository/Page_Announcements/a_Announcement for Tet holiday'. Try using Self-healing.

2022-01-17 01:27:42 - [MESSAGE][WARNING] - [SELF-HEALING] The current locator of test object 'Object Repository/Page_Announcements/a_Announcement for Tet holiday' was broken. Propose an alternative one: '//a[contains(text(),'Announcement for Tet holiday')]'.

2022-01-17 01:27:43 - [MESSAGE][PASSED] - Object: 'Object Repository/Page_Announcements/a_Announcement for Tet holiday' is clicked on

2022-01-17 01:27:43 - [TEST_STEP][PASSED] - click(findTestObject("Object Repository/Page_IntroCS Announcement for Tet holiday/a_Delete")): Object: 'Object Repository/Page_IntroCS Announcement for Tet holiday/a_Delete' is clicked on

2022-01-17 01:28:14 - [MESSAGE][INFO] - Unable to find the element located by 'By.xpath: //article[@id='p22']/div/div/div/div[2]/div[2]/div/a[3]'. Please recheck the objects properties to make sure the desired element is located. 

2022-01-17 01:28:14 - [MESSAGE][WARNING] - [SELF-HEALING] Failed to find element with id 'Object Repository/Page_IntroCS Announcement for Tet holiday/a_Delete'. Try using Self-healing.

2022-01-17 01:28:15 - [MESSAGE][WARNING] - [SELF-HEALING] The current locator of test object 'Object Repository/Page_IntroCS Announcement for Tet holiday/a_Delete' was broken. Propose an alternative one: '//a[contains(text(),'Delete')]'.

2022-01-17 01:28:16 - [MESSAGE][PASSED] - Object: 'Object Repository/Page_IntroCS Announcement for Tet holiday/a_Delete' is clicked on

2022-01-17 01:28:16 - [TEST_STEP][PASSED] - click(findTestObject("Object Repository/Page_IntroCS/button_Continue")): Object: 'Object Repository/Page_IntroCS/button_Continue' is clicked on

2022-01-17 01:28:47 - [MESSAGE][INFO] - Unable to find the element located by 'By.xpath: //button[@id='single_button61e41e39a55b714']'. Please recheck the objects properties to make sure the desired element is located. 

2022-01-17 01:28:47 - [MESSAGE][WARNING] - [SELF-HEALING] Failed to find element with id 'Object Repository/Page_IntroCS/button_Continue'. Try using Self-healing.

2022-01-17 01:28:47 - [MESSAGE][WARNING] - [SELF-HEALING] The current locator of test object 'Object Repository/Page_IntroCS/button_Continue' was broken. Propose an alternative one: '//div[@id='modal-footer']/div/div/form/button'.

2022-01-17 01:28:48 - [MESSAGE][PASSED] - Object: 'Object Repository/Page_IntroCS/button_Continue' is clicked on

2022-01-17 01:28:48 - [TEST_STEP][PASSED] - verifyElementVisible(findTestObject("Object Repository/Page_Announcements/div_Discussion deleted"), STOP_ON_FAILURE): Object 'Object Repository/Page_Announcements/div_Discussion deleted' is visible

2022-01-17 01:28:49 - [MESSAGE][PASSED] - Object 'Object Repository/Page_Announcements/div_Discussion deleted' is visible

2022-01-17 01:28:49 - [TEST_STEP][PASSED] - closeBrowser(): Browser is closed

2022-01-17 01:28:50 - [MESSAGE][PASSED] - Browser is closed]]></system-out>
         <system-err><![CDATA[]]></system-err>
      </testcase>
      <testcase name="Test Cases/test case 43" time="46.51" classname="Test Cases/test case 43" status="PASSED">
         <system-out><![CDATA[2022-01-17 01:28:50 - [TEST_CASE][PASSED] - Test Cases/test case 43: Test Cases/test case 43

2022-01-17 01:28:50 - [TEST_STEP][PASSED] - openBrowser(""): Browser is opened with url: ''

2022-01-17 01:28:50 - [MESSAGE][INFO] - Starting 'Chrome' driver

2022-01-17 01:28:50 - [MESSAGE][INFO] - Action delay is set to 0 milliseconds

2022-01-17 01:28:52 - [MESSAGE][PASSED] - Browser is opened with url: ''

2022-01-17 01:28:52 - [TEST_STEP][PASSED] - navigateToUrl("http://localhost/"): Navigate to 'http://localhost/' successfully

2022-01-17 01:28:54 - [MESSAGE][PASSED] - Navigate to 'http://localhost/' successfully

2022-01-17 01:28:54 - [TEST_STEP][PASSED] - click(findTestObject("Object Repository/Page_Moodle/a_Log in")): Object: 'Object Repository/Page_Moodle/a_Log in' is clicked on

2022-01-17 01:28:55 - [MESSAGE][PASSED] - Object: 'Object Repository/Page_Moodle/a_Log in' is clicked on

2022-01-17 01:28:55 - [TEST_STEP][PASSED] - setText(findTestObject("Object Repository/Page_Moodle Log in to the site/input_Username_username"), "tmtriet"): Text 'tmtriet' is set on object 'Object Repository/Page_Moodle Log in to the site/input_Username_username'

2022-01-17 01:28:56 - [MESSAGE][PASSED] - Text 'tmtriet' is set on object 'Object Repository/Page_Moodle Log in to the site/input_Username_username'

2022-01-17 01:28:56 - [TEST_STEP][PASSED] - setEncryptedText(findTestObject("Object Repository/Page_Moodle Log in to the site/input_Password_password"), "NMz1A57fMJEpXGm/T4cXeQ=="): Text ****** has been set on object 'Object Repository/Page_Moodle Log in to the site/input_Password_password'

2022-01-17 01:28:56 - [MESSAGE][PASSED] - Text ****** has been set on object 'Object Repository/Page_Moodle Log in to the site/input_Password_password'

2022-01-17 01:28:56 - [TEST_STEP][PASSED] - click(findTestObject("Object Repository/Page_Moodle Log in to the site/button_Log in")): Object: 'Object Repository/Page_Moodle Log in to the site/button_Log in' is clicked on

2022-01-17 01:28:58 - [MESSAGE][PASSED] - Object: 'Object Repository/Page_Moodle Log in to the site/button_Log in' is clicked on

2022-01-17 01:28:58 - [TEST_STEP][PASSED] - verifyElementText(findTestObject("Page_Dashboard/span_IntroCS"), "IntroCS"): Actual text and expected text of test object 'Object Repository/Page_Dashboard/span_IntroCS' are matched.

2022-01-17 01:28:59 - [MESSAGE][PASSED] - Actual text and expected text of test object 'Object Repository/Page_Dashboard/span_IntroCS' are matched.

2022-01-17 01:28:59 - [TEST_STEP][PASSED] - click(findTestObject("Object Repository/Page_Dashboard/span_IntroCS")): Object: 'Object Repository/Page_Dashboard/span_IntroCS' is clicked on

2022-01-17 01:29:00 - [MESSAGE][PASSED] - Object: 'Object Repository/Page_Dashboard/span_IntroCS' is clicked on

2022-01-17 01:29:00 - [TEST_STEP][PASSED] - verifyElementPresent(findTestObject("Object Repository/Page_Course Introduction to Computer Science/span_Announcements Forum"), 0): Object 'Object Repository/Page_Course Introduction to Computer Science/span_Announcements Forum' is present

2022-01-17 01:29:00 - [MESSAGE][WARNING] - Timeout '0' is invalid. Using default page load timeout: '30'

2022-01-17 01:29:00 - [MESSAGE][PASSED] - Object 'Object Repository/Page_Course Introduction to Computer Science/span_Announcements Forum' is present

2022-01-17 01:29:00 - [TEST_STEP][PASSED] - click(findTestObject("Object Repository/Page_Course Introduction to Computer Science/span_Announcements Forum")): Object: 'Object Repository/Page_Course Introduction to Computer Science/span_Announcements Forum' is clicked on

2022-01-17 01:29:01 - [MESSAGE][PASSED] - Object: 'Object Repository/Page_Course Introduction to Computer Science/span_Announcements Forum' is clicked on

2022-01-17 01:29:01 - [TEST_STEP][PASSED] - verifyElementText(findTestObject("Page_Announcements/h2_Announcements"), "Announcements"): Actual text and expected text of test object 'Object Repository/Page_Announcements/h2_Announcements' are matched.

2022-01-17 01:29:02 - [MESSAGE][PASSED] - Actual text and expected text of test object 'Object Repository/Page_Announcements/h2_Announcements' are matched.

2022-01-17 01:29:02 - [TEST_STEP][PASSED] - click(findTestObject("Object Repository/Page_Announcements/a_Add a new topic")): Object: 'Object Repository/Page_Announcements/a_Add a new topic' is clicked on

2022-01-17 01:29:33 - [MESSAGE][INFO] - Unable to find the element located by 'By.xpath: //a[@id='yui_3_17_2_1_1642339776301_492']'. Please recheck the objects properties to make sure the desired element is located. 

2022-01-17 01:29:33 - [MESSAGE][WARNING] - [SELF-HEALING] Failed to find element with id 'Object Repository/Page_Announcements/a_Add a new topic'. Try using Self-healing.

2022-01-17 01:29:34 - [MESSAGE][WARNING] - [SELF-HEALING] The current locator of test object 'Object Repository/Page_Announcements/a_Add a new topic' was broken. Propose an alternative one: '//a[contains(text(),'Add a new topic')]'.

2022-01-17 01:29:34 - [MESSAGE][PASSED] - Object: 'Object Repository/Page_Announcements/a_Add a new topic' is clicked on

2022-01-17 01:29:34 - [TEST_STEP][PASSED] - waitForElementVisible(findTestObject("Object Repository/Page_Announcements/input_Message_submitbutton"), 0): Object 'Object Repository/Page_Announcements/input_Message_submitbutton' is visible

2022-01-17 01:29:34 - [MESSAGE][WARNING] - Timeout '0' is invalid. Using default page load timeout: '30'

2022-01-17 01:29:34 - [MESSAGE][PASSED] - Object 'Object Repository/Page_Announcements/input_Message_submitbutton' is visible

2022-01-17 01:29:34 - [TEST_STEP][PASSED] - click(findTestObject("Object Repository/Page_Announcements/input_Message_submitbutton")): Object: 'Object Repository/Page_Announcements/input_Message_submitbutton' is clicked on

2022-01-17 01:29:35 - [MESSAGE][PASSED] - Object: 'Object Repository/Page_Announcements/input_Message_submitbutton' is clicked on

2022-01-17 01:29:35 - [TEST_STEP][PASSED] - verifyElementText(findTestObject("Object Repository/Page_Announcements/div_- Required"), "- Required"): Actual text and expected text of test object 'Object Repository/Page_Announcements/div_- Required' are matched.

2022-01-17 01:29:35 - [MESSAGE][PASSED] - Actual text and expected text of test object 'Object Repository/Page_Announcements/div_- Required' are matched.

2022-01-17 01:29:35 - [TEST_STEP][PASSED] - verifyElementText(findTestObject("Object Repository/Page_Announcements/div_- Required_1"), "- Required"): Actual text and expected text of test object 'Object Repository/Page_Announcements/div_- Required_1' are matched.

2022-01-17 01:29:35 - [MESSAGE][PASSED] - Actual text and expected text of test object 'Object Repository/Page_Announcements/div_- Required_1' are matched.

2022-01-17 01:29:35 - [TEST_STEP][PASSED] - closeBrowser(): Browser is closed

2022-01-17 01:29:36 - [MESSAGE][PASSED] - Browser is closed]]></system-out>
         <system-err><![CDATA[]]></system-err>
      </testcase>
      <testcase name="Test Cases/test case 44" time="244.94" classname="Test Cases/test case 44" status="PASSED">
         <system-out><![CDATA[2022-01-17 01:29:36 - [TEST_CASE][PASSED] - Test Cases/test case 44: Test Cases/test case 44

2022-01-17 01:29:36 - [TEST_STEP][PASSED] - openBrowser(""): Browser is opened with url: ''

2022-01-17 01:29:36 - [MESSAGE][INFO] - Starting 'Chrome' driver

2022-01-17 01:29:36 - [MESSAGE][INFO] - Action delay is set to 0 milliseconds

2022-01-17 01:29:38 - [MESSAGE][PASSED] - Browser is opened with url: ''

2022-01-17 01:29:38 - [TEST_STEP][PASSED] - navigateToUrl("http://localhost/"): Navigate to 'http://localhost/' successfully

2022-01-17 01:29:39 - [MESSAGE][PASSED] - Navigate to 'http://localhost/' successfully

2022-01-17 01:29:39 - [TEST_STEP][PASSED] - click(findTestObject("Object Repository/Page_Moodle/a_Log in")): Object: 'Object Repository/Page_Moodle/a_Log in' is clicked on

2022-01-17 01:29:39 - [MESSAGE][PASSED] - Object: 'Object Repository/Page_Moodle/a_Log in' is clicked on

2022-01-17 01:29:39 - [TEST_STEP][PASSED] - setText(findTestObject("Object Repository/Page_Moodle Log in to the site/input_Username_username"), "tmtriet"): Text 'tmtriet' is set on object 'Object Repository/Page_Moodle Log in to the site/input_Username_username'

2022-01-17 01:29:40 - [MESSAGE][PASSED] - Text 'tmtriet' is set on object 'Object Repository/Page_Moodle Log in to the site/input_Username_username'

2022-01-17 01:29:40 - [TEST_STEP][PASSED] - setEncryptedText(findTestObject("Object Repository/Page_Moodle Log in to the site/input_Password_password"), "NMz1A57fMJEpXGm/T4cXeQ=="): Text ****** has been set on object 'Object Repository/Page_Moodle Log in to the site/input_Password_password'

2022-01-17 01:29:41 - [MESSAGE][PASSED] - Text ****** has been set on object 'Object Repository/Page_Moodle Log in to the site/input_Password_password'

2022-01-17 01:29:41 - [TEST_STEP][PASSED] - click(findTestObject("Object Repository/Page_Moodle Log in to the site/button_Log in")): Object: 'Object Repository/Page_Moodle Log in to the site/button_Log in' is clicked on

2022-01-17 01:29:42 - [MESSAGE][PASSED] - Object: 'Object Repository/Page_Moodle Log in to the site/button_Log in' is clicked on

2022-01-17 01:29:42 - [TEST_STEP][PASSED] - verifyElementText(findTestObject("Page_Dashboard/span_IntroCS"), "IntroCS"): Actual text and expected text of test object 'Object Repository/Page_Dashboard/span_IntroCS' are matched.

2022-01-17 01:29:43 - [MESSAGE][PASSED] - Actual text and expected text of test object 'Object Repository/Page_Dashboard/span_IntroCS' are matched.

2022-01-17 01:29:43 - [TEST_STEP][PASSED] - click(findTestObject("Object Repository/Page_Dashboard/span_IntroCS")): Object: 'Object Repository/Page_Dashboard/span_IntroCS' is clicked on

2022-01-17 01:29:44 - [MESSAGE][PASSED] - Object: 'Object Repository/Page_Dashboard/span_IntroCS' is clicked on

2022-01-17 01:29:44 - [TEST_STEP][PASSED] - waitForElementVisible(findTestObject("Object Repository/Page_Course Introduction to Computer Science/button_Turn editing on"), 0): Object 'Object Repository/Page_Course Introduction to Computer Science/button_Turn editing on' is visible

2022-01-17 01:29:44 - [MESSAGE][WARNING] - Timeout '0' is invalid. Using default page load timeout: '30'

2022-01-17 01:30:15 - [MESSAGE][INFO] - Unable to find the element located by 'By.xpath: //button[@id='single_button61e328e173a791']'. Please recheck the objects properties to make sure the desired element is located. 

2022-01-17 01:30:15 - [MESSAGE][WARNING] - [SELF-HEALING] Failed to find element with id 'Object Repository/Page_Course Introduction to Computer Science/button_Turn editing on'. Try using Self-healing.

2022-01-17 01:30:15 - [MESSAGE][WARNING] - [SELF-HEALING] The current locator of test object 'Object Repository/Page_Course Introduction to Computer Science/button_Turn editing on' was broken. Propose an alternative one: '//header[@id='page-header']/div/div/div/div[2]/div[2]/div/form/button'.

2022-01-17 01:30:15 - [MESSAGE][PASSED] - Object 'Object Repository/Page_Course Introduction to Computer Science/button_Turn editing on' is visible

2022-01-17 01:30:15 - [TEST_STEP][PASSED] - click(findTestObject("Object Repository/Page_Course Introduction to Computer Science/button_Turn editing on")): Object: 'Object Repository/Page_Course Introduction to Computer Science/button_Turn editing on' is clicked on

2022-01-17 01:30:46 - [MESSAGE][INFO] - Unable to find the element located by 'By.xpath: //button[@id='single_button61e328e173a791']'. Please recheck the objects properties to make sure the desired element is located. 

2022-01-17 01:30:46 - [MESSAGE][WARNING] - [SELF-HEALING] Failed to find element with id 'Object Repository/Page_Course Introduction to Computer Science/button_Turn editing on'. Try using Self-healing.

2022-01-17 01:30:47 - [MESSAGE][WARNING] - [SELF-HEALING] The current locator of test object 'Object Repository/Page_Course Introduction to Computer Science/button_Turn editing on' was broken. Propose an alternative one: '//header[@id='page-header']/div/div/div/div[2]/div[2]/div/form/button'.

2022-01-17 01:30:47 - [MESSAGE][PASSED] - Object: 'Object Repository/Page_Course Introduction to Computer Science/button_Turn editing on' is clicked on

2022-01-17 01:30:47 - [TEST_STEP][PASSED] - verifyElementText(findTestObject("Object Repository/Page_Course Introduction to Computer Science/a_Topic 1"), "Topic 1"): Actual text and expected text of test object 'Object Repository/Page_Course Introduction to Computer Science/a_Topic 1' are matched.

2022-01-17 01:31:18 - [MESSAGE][INFO] - Unable to find the element located by 'By.xpath: //a[@id='yui_3_17_2_1_1642277100868_624']'. Please recheck the objects properties to make sure the desired element is located. 

2022-01-17 01:31:18 - [MESSAGE][WARNING] - [SELF-HEALING] Failed to find element with id 'Object Repository/Page_Course Introduction to Computer Science/a_Topic 1'. Try using Self-healing.

2022-01-17 01:31:19 - [MESSAGE][WARNING] - [SELF-HEALING] The current locator of test object 'Object Repository/Page_Course Introduction to Computer Science/a_Topic 1' was broken. Propose an alternative one: '(.//*[normalize-space(text()) and normalize-space(.)='Delete topic'])[1]/following::a[1]'.

2022-01-17 01:31:19 - [MESSAGE][PASSED] - Actual text and expected text of test object 'Object Repository/Page_Course Introduction to Computer Science/a_Topic 1' are matched.

2022-01-17 01:31:19 - [TEST_STEP][PASSED] - click(findTestObject("Object Repository/Page_Course Introduction to Computer Science/span_Add an activity or resource")): Object: 'Object Repository/Page_Course Introduction to Computer Science/span_Add an activity or resource' is clicked on

2022-01-17 01:31:50 - [MESSAGE][INFO] - Unable to find the element located by 'By.xpath: //span[@id='yui_3_17_2_1_1642277100868_640']'. Please recheck the objects properties to make sure the desired element is located. 

2022-01-17 01:31:50 - [MESSAGE][WARNING] - [SELF-HEALING] Failed to find element with id 'Object Repository/Page_Course Introduction to Computer Science/span_Add an activity or resource'. Try using Self-healing.

2022-01-17 01:31:50 - [MESSAGE][WARNING] - [SELF-HEALING] The current locator of test object 'Object Repository/Page_Course Introduction to Computer Science/span_Add an activity or resource' was broken. Propose an alternative one: '(.//*[normalize-space(text()) and normalize-space(.)='Add file(s) here'])[2]/following::span[1]'.

2022-01-17 01:31:50 - [MESSAGE][PASSED] - Object: 'Object Repository/Page_Course Introduction to Computer Science/span_Add an activity or resource' is clicked on

2022-01-17 01:31:50 - [TEST_STEP][PASSED] - waitForElementVisible(findTestObject("Object Repository/Page_Course Introduction to Computer Science/img_Recommended_icon icon"), 0): Object 'Object Repository/Page_Course Introduction to Computer Science/img_Recommended_icon icon' is visible

2022-01-17 01:31:50 - [MESSAGE][WARNING] - Timeout '0' is invalid. Using default page load timeout: '30'

2022-01-17 01:31:53 - [MESSAGE][PASSED] - Object 'Object Repository/Page_Course Introduction to Computer Science/img_Recommended_icon icon' is visible

2022-01-17 01:31:53 - [TEST_STEP][PASSED] - click(findTestObject("Object Repository/Page_Course Introduction to Computer Science/img_Recommended_icon icon")): Object: 'Object Repository/Page_Course Introduction to Computer Science/img_Recommended_icon icon' is clicked on

2022-01-17 01:31:56 - [MESSAGE][PASSED] - Object: 'Object Repository/Page_Course Introduction to Computer Science/img_Recommended_icon icon' is clicked on

2022-01-17 01:31:56 - [TEST_STEP][PASSED] - waitForElementVisible(findTestObject("Object Repository/Page_Editing Assignment/input_Assignment name_name"), 0): Object 'Object Repository/Page_Editing Assignment/input_Assignment name_name' is visible

2022-01-17 01:31:56 - [MESSAGE][WARNING] - Timeout '0' is invalid. Using default page load timeout: '30'

2022-01-17 01:31:57 - [MESSAGE][PASSED] - Object 'Object Repository/Page_Editing Assignment/input_Assignment name_name' is visible

2022-01-17 01:31:57 - [TEST_STEP][PASSED] - setText(findTestObject("Object Repository/Page_Editing Assignment/input_Assignment name_name"), "Midterm"): Text 'Midterm' is set on object 'Object Repository/Page_Editing Assignment/input_Assignment name_name'

2022-01-17 01:31:57 - [MESSAGE][PASSED] - Text 'Midterm' is set on object 'Object Repository/Page_Editing Assignment/input_Assignment name_name'

2022-01-17 01:31:57 - [TEST_STEP][PASSED] - waitForElementVisible(findTestObject("Object Repository/Page_Editing Assignment/p_Allow submissions from"), 0): Object 'Object Repository/Page_Editing Assignment/p_Allow submissions from' is visible

2022-01-17 01:31:57 - [MESSAGE][WARNING] - Timeout '0' is invalid. Using default page load timeout: '30'

2022-01-17 01:31:58 - [MESSAGE][PASSED] - Object 'Object Repository/Page_Editing Assignment/p_Allow submissions from' is visible

2022-01-17 01:31:58 - [TEST_STEP][PASSED] - selectOptionByValue(findTestObject("Object Repository/Page_Editing Assignment/select_1        2        3        4        _45ea30"), "14", true): All options with value '14' are selected in object 'Object Repository/Page_Editing Assignment/select_1        2        3        4        _45ea30'  using regular expression

2022-01-17 01:31:59 - [MESSAGE][PASSED] - All options with value '14' are selected in object 'Object Repository/Page_Editing Assignment/select_1        2        3        4        _45ea30'  using regular expression

2022-01-17 01:31:59 - [TEST_STEP][PASSED] - selectOptionByValue(findTestObject("Object Repository/Page_Editing Assignment/select_1        2        3        4        _45ea30_1"), "20", true): All options with value '20' are selected in object 'Object Repository/Page_Editing Assignment/select_1        2        3        4        _45ea30_1'  using regular expression

2022-01-17 01:32:00 - [MESSAGE][PASSED] - All options with value '20' are selected in object 'Object Repository/Page_Editing Assignment/select_1        2        3        4        _45ea30_1'  using regular expression

2022-01-17 01:32:00 - [TEST_STEP][PASSED] - selectOptionByValue(findTestObject("Object Repository/Page_Editing Assignment/select_1        2        3        4        _45ea30_1_2"), "23", true): All options with value '23' are selected in object 'Object Repository/Page_Editing Assignment/select_1        2        3        4        _45ea30_1_2'  using regular expression

2022-01-17 01:32:02 - [MESSAGE][PASSED] - All options with value '23' are selected in object 'Object Repository/Page_Editing Assignment/select_1        2        3        4        _45ea30_1_2'  using regular expression

2022-01-17 01:32:02 - [TEST_STEP][PASSED] - waitForElementVisible(findTestObject("Object Repository/Page_Editing Assignment/input_Upon activity completion_submitbutton2"), 0): Object 'Object Repository/Page_Editing Assignment/input_Upon activity completion_submitbutton2' is visible

2022-01-17 01:32:02 - [MESSAGE][WARNING] - Timeout '0' is invalid. Using default page load timeout: '30'

2022-01-17 01:32:02 - [MESSAGE][PASSED] - Object 'Object Repository/Page_Editing Assignment/input_Upon activity completion_submitbutton2' is visible

2022-01-17 01:32:02 - [TEST_STEP][PASSED] - click(findTestObject("Object Repository/Page_Editing Assignment/input_Upon activity completion_submitbutton2")): Object: 'Object Repository/Page_Editing Assignment/input_Upon activity completion_submitbutton2' is clicked on

2022-01-17 01:32:04 - [MESSAGE][PASSED] - Object: 'Object Repository/Page_Editing Assignment/input_Upon activity completion_submitbutton2' is clicked on

2022-01-17 01:32:04 - [TEST_STEP][PASSED] - verifyElementVisible(findTestObject("Object Repository/Page_Course Introduction to Computer Science/li_Midterm Assignment                      _cd70c9")): Object 'Object Repository/Page_Course Introduction to Computer Science/li_Midterm Assignment                      _cd70c9' is visible

2022-01-17 01:32:35 - [MESSAGE][INFO] - Unable to find the element located by 'By.xpath: //li[@id='module-14']'. Please recheck the objects properties to make sure the desired element is located. 

2022-01-17 01:32:35 - [MESSAGE][WARNING] - [SELF-HEALING] Failed to find element with id 'Object Repository/Page_Course Introduction to Computer Science/li_Midterm Assignment                      _cd70c9'. Try using Self-healing.

2022-01-17 01:32:35 - [MESSAGE][WARNING] - [SELF-HEALING] The current locator of test object 'Object Repository/Page_Course Introduction to Computer Science/li_Midterm Assignment                      _cd70c9' was broken. Propose an alternative one: '(.//*[normalize-space(text()) and normalize-space(.)='Topic 1'])[2]/following::li[1]'.

2022-01-17 01:32:35 - [MESSAGE][PASSED] - Object 'Object Repository/Page_Course Introduction to Computer Science/li_Midterm Assignment                      _cd70c9' is visible

2022-01-17 01:32:35 - [TEST_STEP][PASSED] - click(findTestObject("Object Repository/Page_Course Introduction to Computer Science/a_Edit")): Object: 'Object Repository/Page_Course Introduction to Computer Science/a_Edit' is clicked on

2022-01-17 01:32:35 - [MESSAGE][PASSED] - Object: 'Object Repository/Page_Course Introduction to Computer Science/a_Edit' is clicked on

2022-01-17 01:32:35 - [TEST_STEP][PASSED] - click(findTestObject("Object Repository/Page_Course Introduction to Computer Science/span_Delete")): Object: 'Object Repository/Page_Course Introduction to Computer Science/span_Delete' is clicked on

2022-01-17 01:32:36 - [MESSAGE][PASSED] - Object: 'Object Repository/Page_Course Introduction to Computer Science/span_Delete' is clicked on

2022-01-17 01:32:36 - [TEST_STEP][PASSED] - verifyElementClickable(findTestObject("Object Repository/Page_Course Introduction to Computer Science/button_Yes")): Object 'Object Repository/Page_Course Introduction to Computer Science/button_Yes' is clickable

2022-01-17 01:32:37 - [MESSAGE][PASSED] - Object 'Object Repository/Page_Course Introduction to Computer Science/button_Yes' is clickable

2022-01-17 01:32:37 - [TEST_STEP][PASSED] - click(findTestObject("Object Repository/Page_Course Introduction to Computer Science/button_Yes")): Object: 'Object Repository/Page_Course Introduction to Computer Science/button_Yes' is clicked on

2022-01-17 01:32:37 - [MESSAGE][PASSED] - Object: 'Object Repository/Page_Course Introduction to Computer Science/button_Yes' is clicked on

2022-01-17 01:32:37 - [TEST_STEP][PASSED] - mouseOver(findTestObject("Object Repository/Page_Course Introduction to Computer Science/button_Turn editing off")): Object: 'Object Repository/Page_Course Introduction to Computer Science/button_Turn editing off' is hovered

2022-01-17 01:33:08 - [MESSAGE][INFO] - Unable to find the element located by 'By.xpath: //button[@id='single_button61e329966b4c91']'. Please recheck the objects properties to make sure the desired element is located. 

2022-01-17 01:33:08 - [MESSAGE][WARNING] - [SELF-HEALING] Failed to find element with id 'Object Repository/Page_Course Introduction to Computer Science/button_Turn editing off'. Try using Self-healing.

2022-01-17 01:33:08 - [MESSAGE][WARNING] - [SELF-HEALING] The current locator of test object 'Object Repository/Page_Course Introduction to Computer Science/button_Turn editing off' was broken. Propose an alternative one: '//header[@id='page-header']/div/div/div/div[2]/div[2]/div/form/button'.

2022-01-17 01:33:09 - [MESSAGE][PASSED] - Object: 'Object Repository/Page_Course Introduction to Computer Science/button_Turn editing off' is hovered

2022-01-17 01:33:09 - [TEST_STEP][PASSED] - click(findTestObject("Object Repository/Page_Course Introduction to Computer Science/button_Turn editing off")): Object: 'Object Repository/Page_Course Introduction to Computer Science/button_Turn editing off' is clicked on

2022-01-17 01:33:40 - [MESSAGE][INFO] - Unable to find the element located by 'By.xpath: //button[@id='single_button61e329966b4c91']'. Please recheck the objects properties to make sure the desired element is located. 

2022-01-17 01:33:40 - [MESSAGE][WARNING] - [SELF-HEALING] Failed to find element with id 'Object Repository/Page_Course Introduction to Computer Science/button_Turn editing off'. Try using Self-healing.

2022-01-17 01:33:40 - [MESSAGE][WARNING] - [SELF-HEALING] The current locator of test object 'Object Repository/Page_Course Introduction to Computer Science/button_Turn editing off' was broken. Propose an alternative one: '//header[@id='page-header']/div/div/div/div[2]/div[2]/div/form/button'.

2022-01-17 01:33:40 - [MESSAGE][PASSED] - Object: 'Object Repository/Page_Course Introduction to Computer Science/button_Turn editing off' is clicked on

2022-01-17 01:33:40 - [TEST_STEP][PASSED] - closeBrowser(): Browser is closed

2022-01-17 01:33:41 - [MESSAGE][PASSED] - Browser is closed]]></system-out>
         <system-err><![CDATA[]]></system-err>
      </testcase>
      <testcase name="Test Cases/test case 45" time="139.432" classname="Test Cases/test case 45" status="PASSED">
         <system-out><![CDATA[2022-01-17 01:33:41 - [TEST_CASE][PASSED] - Test Cases/test case 45: Test Cases/test case 45

2022-01-17 01:33:41 - [TEST_STEP][PASSED] - openBrowser(""): Browser is opened with url: ''

2022-01-17 01:33:41 - [MESSAGE][INFO] - Starting 'Chrome' driver

2022-01-17 01:33:41 - [MESSAGE][INFO] - Action delay is set to 0 milliseconds

2022-01-17 01:33:42 - [MESSAGE][PASSED] - Browser is opened with url: ''

2022-01-17 01:33:42 - [TEST_STEP][PASSED] - navigateToUrl("http://localhost/"): Navigate to 'http://localhost/' successfully

2022-01-17 01:33:44 - [MESSAGE][PASSED] - Navigate to 'http://localhost/' successfully

2022-01-17 01:33:44 - [TEST_STEP][PASSED] - click(findTestObject("Object Repository/Page_Moodle/a_Log in")): Object: 'Object Repository/Page_Moodle/a_Log in' is clicked on

2022-01-17 01:33:44 - [MESSAGE][PASSED] - Object: 'Object Repository/Page_Moodle/a_Log in' is clicked on

2022-01-17 01:33:44 - [TEST_STEP][PASSED] - setText(findTestObject("Object Repository/Page_Moodle Log in to the site/input_Username_username"), "tmtriet"): Text 'tmtriet' is set on object 'Object Repository/Page_Moodle Log in to the site/input_Username_username'

2022-01-17 01:33:45 - [MESSAGE][PASSED] - Text 'tmtriet' is set on object 'Object Repository/Page_Moodle Log in to the site/input_Username_username'

2022-01-17 01:33:45 - [TEST_STEP][PASSED] - setEncryptedText(findTestObject("Object Repository/Page_Moodle Log in to the site/input_Password_password"), "NMz1A57fMJEpXGm/T4cXeQ=="): Text ****** has been set on object 'Object Repository/Page_Moodle Log in to the site/input_Password_password'

2022-01-17 01:33:46 - [MESSAGE][PASSED] - Text ****** has been set on object 'Object Repository/Page_Moodle Log in to the site/input_Password_password'

2022-01-17 01:33:46 - [TEST_STEP][PASSED] - click(findTestObject("Object Repository/Page_Moodle Log in to the site/button_Log in")): Object: 'Object Repository/Page_Moodle Log in to the site/button_Log in' is clicked on

2022-01-17 01:33:47 - [MESSAGE][PASSED] - Object: 'Object Repository/Page_Moodle Log in to the site/button_Log in' is clicked on

2022-01-17 01:33:47 - [TEST_STEP][PASSED] - verifyElementText(findTestObject("Page_Dashboard/span_IntroCS"), "IntroCS"): Actual text and expected text of test object 'Object Repository/Page_Dashboard/span_IntroCS' are matched.

2022-01-17 01:33:48 - [MESSAGE][PASSED] - Actual text and expected text of test object 'Object Repository/Page_Dashboard/span_IntroCS' are matched.

2022-01-17 01:33:48 - [TEST_STEP][PASSED] - click(findTestObject("Object Repository/Page_Dashboard/span_IntroCS")): Object: 'Object Repository/Page_Dashboard/span_IntroCS' is clicked on

2022-01-17 01:33:49 - [MESSAGE][PASSED] - Object: 'Object Repository/Page_Dashboard/span_IntroCS' is clicked on

2022-01-17 01:33:49 - [TEST_STEP][PASSED] - waitForElementVisible(findTestObject("Object Repository/Page_Course Introduction to Computer Science/button_Turn editing on"), 0): Object 'Object Repository/Page_Course Introduction to Computer Science/button_Turn editing on' is visible

2022-01-17 01:33:49 - [MESSAGE][WARNING] - Timeout '0' is invalid. Using default page load timeout: '30'

2022-01-17 01:34:20 - [MESSAGE][INFO] - Unable to find the element located by 'By.xpath: //button[@id='single_button61e328e173a791']'. Please recheck the objects properties to make sure the desired element is located. 

2022-01-17 01:34:20 - [MESSAGE][WARNING] - [SELF-HEALING] Failed to find element with id 'Object Repository/Page_Course Introduction to Computer Science/button_Turn editing on'. Try using Self-healing.

2022-01-17 01:34:20 - [MESSAGE][WARNING] - [SELF-HEALING] The current locator of test object 'Object Repository/Page_Course Introduction to Computer Science/button_Turn editing on' was broken. Propose an alternative one: '//header[@id='page-header']/div/div/div/div[2]/div[2]/div/form/button'.

2022-01-17 01:34:20 - [MESSAGE][PASSED] - Object 'Object Repository/Page_Course Introduction to Computer Science/button_Turn editing on' is visible

2022-01-17 01:34:20 - [TEST_STEP][PASSED] - click(findTestObject("Object Repository/Page_Course Introduction to Computer Science/button_Turn editing on")): Object: 'Object Repository/Page_Course Introduction to Computer Science/button_Turn editing on' is clicked on

2022-01-17 01:34:52 - [MESSAGE][INFO] - Unable to find the element located by 'By.xpath: //button[@id='single_button61e328e173a791']'. Please recheck the objects properties to make sure the desired element is located. 

2022-01-17 01:34:52 - [MESSAGE][WARNING] - [SELF-HEALING] Failed to find element with id 'Object Repository/Page_Course Introduction to Computer Science/button_Turn editing on'. Try using Self-healing.

2022-01-17 01:34:52 - [MESSAGE][WARNING] - [SELF-HEALING] The current locator of test object 'Object Repository/Page_Course Introduction to Computer Science/button_Turn editing on' was broken. Propose an alternative one: '//header[@id='page-header']/div/div/div/div[2]/div[2]/div/form/button'.

2022-01-17 01:34:52 - [MESSAGE][PASSED] - Object: 'Object Repository/Page_Course Introduction to Computer Science/button_Turn editing on' is clicked on

2022-01-17 01:34:52 - [TEST_STEP][PASSED] - verifyElementText(findTestObject("Object Repository/Page_Course Introduction to Computer Science/a_Topic 1"), "Topic 1"): Actual text and expected text of test object 'Object Repository/Page_Course Introduction to Computer Science/a_Topic 1' are matched.

2022-01-17 01:35:24 - [MESSAGE][INFO] - Unable to find the element located by 'By.xpath: //a[@id='yui_3_17_2_1_1642277100868_624']'. Please recheck the objects properties to make sure the desired element is located. 

2022-01-17 01:35:24 - [MESSAGE][WARNING] - [SELF-HEALING] Failed to find element with id 'Object Repository/Page_Course Introduction to Computer Science/a_Topic 1'. Try using Self-healing.

2022-01-17 01:35:24 - [MESSAGE][WARNING] - [SELF-HEALING] The current locator of test object 'Object Repository/Page_Course Introduction to Computer Science/a_Topic 1' was broken. Propose an alternative one: '(.//*[normalize-space(text()) and normalize-space(.)='Delete topic'])[1]/following::a[1]'.

2022-01-17 01:35:24 - [MESSAGE][PASSED] - Actual text and expected text of test object 'Object Repository/Page_Course Introduction to Computer Science/a_Topic 1' are matched.

2022-01-17 01:35:24 - [TEST_STEP][PASSED] - click(findTestObject("Object Repository/Page_Course Introduction to Computer Science/span_Add an activity or resource")): Object: 'Object Repository/Page_Course Introduction to Computer Science/span_Add an activity or resource' is clicked on

2022-01-17 01:35:55 - [MESSAGE][INFO] - Unable to find the element located by 'By.xpath: //span[@id='yui_3_17_2_1_1642277100868_640']'. Please recheck the objects properties to make sure the desired element is located. 

2022-01-17 01:35:55 - [MESSAGE][WARNING] - [SELF-HEALING] Failed to find element with id 'Object Repository/Page_Course Introduction to Computer Science/span_Add an activity or resource'. Try using Self-healing.

2022-01-17 01:35:55 - [MESSAGE][WARNING] - [SELF-HEALING] The current locator of test object 'Object Repository/Page_Course Introduction to Computer Science/span_Add an activity or resource' was broken. Propose an alternative one: '(.//*[normalize-space(text()) and normalize-space(.)='Add file(s) here'])[2]/following::span[1]'.

2022-01-17 01:35:56 - [MESSAGE][PASSED] - Object: 'Object Repository/Page_Course Introduction to Computer Science/span_Add an activity or resource' is clicked on

2022-01-17 01:35:56 - [TEST_STEP][PASSED] - waitForElementVisible(findTestObject("Object Repository/Page_Course Introduction to Computer Science/img_Recommended_icon icon"), 0): Object 'Object Repository/Page_Course Introduction to Computer Science/img_Recommended_icon icon' is visible

2022-01-17 01:35:56 - [MESSAGE][WARNING] - Timeout '0' is invalid. Using default page load timeout: '30'

2022-01-17 01:35:57 - [MESSAGE][PASSED] - Object 'Object Repository/Page_Course Introduction to Computer Science/img_Recommended_icon icon' is visible

2022-01-17 01:35:57 - [TEST_STEP][PASSED] - click(findTestObject("Object Repository/Page_Course Introduction to Computer Science/img_Recommended_icon icon")): Object: 'Object Repository/Page_Course Introduction to Computer Science/img_Recommended_icon icon' is clicked on

2022-01-17 01:35:58 - [MESSAGE][PASSED] - Object: 'Object Repository/Page_Course Introduction to Computer Science/img_Recommended_icon icon' is clicked on

2022-01-17 01:35:58 - [TEST_STEP][PASSED] - waitForElementVisible(findTestObject("Object Repository/Page_Editing Assignment/input_Upon activity completion_submitbutton2"), 0): Object 'Object Repository/Page_Editing Assignment/input_Upon activity completion_submitbutton2' is visible

2022-01-17 01:35:58 - [MESSAGE][WARNING] - Timeout '0' is invalid. Using default page load timeout: '30'

2022-01-17 01:35:59 - [MESSAGE][PASSED] - Object 'Object Repository/Page_Editing Assignment/input_Upon activity completion_submitbutton2' is visible

2022-01-17 01:35:59 - [TEST_STEP][PASSED] - click(findTestObject("Object Repository/Page_Editing Assignment/input_Upon activity completion_submitbutton2")): Object: 'Object Repository/Page_Editing Assignment/input_Upon activity completion_submitbutton2' is clicked on

2022-01-17 01:35:59 - [MESSAGE][PASSED] - Object: 'Object Repository/Page_Editing Assignment/input_Upon activity completion_submitbutton2' is clicked on

2022-01-17 01:35:59 - [TEST_STEP][PASSED] - verifyElementText(findTestObject("Object Repository/Page_Editing Assignment/div_- You must supply a value here"), "- You must supply a value here."): Actual text and expected text of test object 'Object Repository/Page_Editing Assignment/div_- You must supply a value here' are matched.

2022-01-17 01:36:00 - [MESSAGE][PASSED] - Actual text and expected text of test object 'Object Repository/Page_Editing Assignment/div_- You must supply a value here' are matched.

2022-01-17 01:36:00 - [TEST_STEP][PASSED] - closeBrowser(): Browser is closed

2022-01-17 01:36:00 - [MESSAGE][PASSED] - Browser is closed]]></system-out>
         <system-err><![CDATA[]]></system-err>
      </testcase>
      <testcase name="Test Cases/test case 46" time="339.341" classname="Test Cases/test case 46" status="PASSED">
         <system-out><![CDATA[2022-01-17 01:36:01 - [TEST_CASE][PASSED] - Test Cases/test case 46: Test Cases/test case 46

2022-01-17 01:36:01 - [TEST_STEP][PASSED] - openBrowser(""): Browser is opened with url: ''

2022-01-17 01:36:01 - [MESSAGE][INFO] - Starting 'Chrome' driver

2022-01-17 01:36:01 - [MESSAGE][INFO] - Action delay is set to 0 milliseconds

2022-01-17 01:36:02 - [MESSAGE][PASSED] - Browser is opened with url: ''

2022-01-17 01:36:02 - [TEST_STEP][PASSED] - navigateToUrl("http://localhost/"): Navigate to 'http://localhost/' successfully

2022-01-17 01:36:03 - [MESSAGE][PASSED] - Navigate to 'http://localhost/' successfully

2022-01-17 01:36:03 - [TEST_STEP][PASSED] - click(findTestObject("Object Repository/Page_Moodle/a_Log in")): Object: 'Object Repository/Page_Moodle/a_Log in' is clicked on

2022-01-17 01:36:04 - [MESSAGE][PASSED] - Object: 'Object Repository/Page_Moodle/a_Log in' is clicked on

2022-01-17 01:36:04 - [TEST_STEP][PASSED] - setText(findTestObject("Object Repository/Page_Moodle Log in to the site/input_Username_username"), "tmtriet"): Text 'tmtriet' is set on object 'Object Repository/Page_Moodle Log in to the site/input_Username_username'

2022-01-17 01:36:05 - [MESSAGE][PASSED] - Text 'tmtriet' is set on object 'Object Repository/Page_Moodle Log in to the site/input_Username_username'

2022-01-17 01:36:05 - [TEST_STEP][PASSED] - setEncryptedText(findTestObject("Object Repository/Page_Moodle Log in to the site/input_Password_password"), "NMz1A57fMJEpXGm/T4cXeQ=="): Text ****** has been set on object 'Object Repository/Page_Moodle Log in to the site/input_Password_password'

2022-01-17 01:36:05 - [MESSAGE][PASSED] - Text ****** has been set on object 'Object Repository/Page_Moodle Log in to the site/input_Password_password'

2022-01-17 01:36:05 - [TEST_STEP][PASSED] - click(findTestObject("Object Repository/Page_Moodle Log in to the site/button_Log in")): Object: 'Object Repository/Page_Moodle Log in to the site/button_Log in' is clicked on

2022-01-17 01:36:06 - [MESSAGE][PASSED] - Object: 'Object Repository/Page_Moodle Log in to the site/button_Log in' is clicked on

2022-01-17 01:36:06 - [TEST_STEP][PASSED] - verifyElementText(findTestObject("Object Repository/Page_Dashboard/span_IntroCS"), "IntroCS"): Actual text and expected text of test object 'Object Repository/Page_Dashboard/span_IntroCS' are matched.

2022-01-17 01:36:07 - [MESSAGE][PASSED] - Actual text and expected text of test object 'Object Repository/Page_Dashboard/span_IntroCS' are matched.

2022-01-17 01:36:07 - [TEST_STEP][PASSED] - click(findTestObject("Object Repository/Page_Dashboard/span_IntroCS")): Object: 'Object Repository/Page_Dashboard/span_IntroCS' is clicked on

2022-01-17 01:36:08 - [MESSAGE][PASSED] - Object: 'Object Repository/Page_Dashboard/span_IntroCS' is clicked on

2022-01-17 01:36:08 - [TEST_STEP][PASSED] - verifyElementText(findTestObject("Object Repository/Page_Course Introduction to Computer Science/h1_Introduction to Computer Science"), "Introduction to Computer Science"): Actual text and expected text of test object 'Object Repository/Page_Course Introduction to Computer Science/h1_Introduction to Computer Science' are matched.

2022-01-17 01:36:09 - [MESSAGE][PASSED] - Actual text and expected text of test object 'Object Repository/Page_Course Introduction to Computer Science/h1_Introduction to Computer Science' are matched.

2022-01-17 01:36:09 - [TEST_STEP][PASSED] - click(findTestObject("Object Repository/Page_Course Introduction to Computer Science/button_Turn editing on")): Object: 'Object Repository/Page_Course Introduction to Computer Science/button_Turn editing on' is clicked on

2022-01-17 01:36:40 - [MESSAGE][INFO] - Unable to find the element located by 'By.xpath: //button[@id='single_button61e328e173a791']'. Please recheck the objects properties to make sure the desired element is located. 

2022-01-17 01:36:40 - [MESSAGE][WARNING] - [SELF-HEALING] Failed to find element with id 'Object Repository/Page_Course Introduction to Computer Science/button_Turn editing on'. Try using Self-healing.

2022-01-17 01:36:40 - [MESSAGE][WARNING] - [SELF-HEALING] The current locator of test object 'Object Repository/Page_Course Introduction to Computer Science/button_Turn editing on' was broken. Propose an alternative one: '//header[@id='page-header']/div/div/div/div[2]/div[2]/div/form/button'.

2022-01-17 01:36:41 - [MESSAGE][PASSED] - Object: 'Object Repository/Page_Course Introduction to Computer Science/button_Turn editing on' is clicked on

2022-01-17 01:36:41 - [TEST_STEP][PASSED] - verifyElementText(findTestObject("Object Repository/Page_Course Introduction to Computer Science/a_Topic 1"), "Topic 1"): Actual text and expected text of test object 'Object Repository/Page_Course Introduction to Computer Science/a_Topic 1' are matched.

2022-01-17 01:37:12 - [MESSAGE][INFO] - Unable to find the element located by 'By.xpath: //a[@id='yui_3_17_2_1_1642277100868_624']'. Please recheck the objects properties to make sure the desired element is located. 

2022-01-17 01:37:12 - [MESSAGE][WARNING] - [SELF-HEALING] Failed to find element with id 'Object Repository/Page_Course Introduction to Computer Science/a_Topic 1'. Try using Self-healing.

2022-01-17 01:37:12 - [MESSAGE][WARNING] - [SELF-HEALING] The current locator of test object 'Object Repository/Page_Course Introduction to Computer Science/a_Topic 1' was broken. Propose an alternative one: '(.//*[normalize-space(text()) and normalize-space(.)='Delete topic'])[1]/following::a[1]'.

2022-01-17 01:37:12 - [MESSAGE][PASSED] - Actual text and expected text of test object 'Object Repository/Page_Course Introduction to Computer Science/a_Topic 1' are matched.

2022-01-17 01:37:12 - [TEST_STEP][PASSED] - click(findTestObject("Object Repository/Page_Course Introduction to Computer Science/span_Add an activity or resource")): Object: 'Object Repository/Page_Course Introduction to Computer Science/span_Add an activity or resource' is clicked on

2022-01-17 01:37:43 - [MESSAGE][INFO] - Unable to find the element located by 'By.xpath: //span[@id='yui_3_17_2_1_1642277100868_640']'. Please recheck the objects properties to make sure the desired element is located. 

2022-01-17 01:37:43 - [MESSAGE][WARNING] - [SELF-HEALING] Failed to find element with id 'Object Repository/Page_Course Introduction to Computer Science/span_Add an activity or resource'. Try using Self-healing.

2022-01-17 01:37:44 - [MESSAGE][WARNING] - [SELF-HEALING] The current locator of test object 'Object Repository/Page_Course Introduction to Computer Science/span_Add an activity or resource' was broken. Propose an alternative one: '(.//*[normalize-space(text()) and normalize-space(.)='Add file(s) here'])[2]/following::span[1]'.

2022-01-17 01:37:44 - [MESSAGE][PASSED] - Object: 'Object Repository/Page_Course Introduction to Computer Science/span_Add an activity or resource' is clicked on

2022-01-17 01:37:44 - [TEST_STEP][PASSED] - waitForElementVisible(findTestObject("Object Repository/Page_Course Introduction to Computer Science/a_Quiz"), 0): Object 'Object Repository/Page_Course Introduction to Computer Science/a_Quiz' is visible

2022-01-17 01:37:44 - [MESSAGE][WARNING] - Timeout '0' is invalid. Using default page load timeout: '30'

2022-01-17 01:37:45 - [MESSAGE][PASSED] - Object 'Object Repository/Page_Course Introduction to Computer Science/a_Quiz' is visible

2022-01-17 01:37:45 - [TEST_STEP][PASSED] - click(findTestObject("Object Repository/Page_Course Introduction to Computer Science/a_Quiz")): Object: 'Object Repository/Page_Course Introduction to Computer Science/a_Quiz' is clicked on

2022-01-17 01:37:47 - [MESSAGE][PASSED] - Object: 'Object Repository/Page_Course Introduction to Computer Science/a_Quiz' is clicked on

2022-01-17 01:37:47 - [TEST_STEP][PASSED] - verifyElementText(findTestObject("Object Repository/Page_Editing Quiz/label_Name_1"), "Name"): Actual text and expected text of test object 'Object Repository/Page_Editing Quiz/label_Name_1' are matched.

2022-01-17 01:38:18 - [MESSAGE][INFO] - Unable to find the element located by 'By.xpath: //label[@id='yui_3_17_2_1_1642277140089_2441']'. Please recheck the objects properties to make sure the desired element is located. 

2022-01-17 01:38:18 - [MESSAGE][WARNING] - [SELF-HEALING] Failed to find element with id 'Object Repository/Page_Editing Quiz/label_Name_1'. Try using Self-healing.

2022-01-17 01:38:19 - [MESSAGE][WARNING] - [SELF-HEALING] The current locator of test object 'Object Repository/Page_Editing Quiz/label_Name_1' was broken. Propose an alternative one: '(.//*[normalize-space(text()) and normalize-space(.)='Adding a new Quiz to Topic 1'])[2]/following::label[1]'.

2022-01-17 01:38:19 - [MESSAGE][PASSED] - Actual text and expected text of test object 'Object Repository/Page_Editing Quiz/label_Name_1' are matched.

2022-01-17 01:38:19 - [TEST_STEP][PASSED] - setText(findTestObject("Object Repository/Page_Editing Quiz/input_Name_name"), "Quiz 1"): Text 'Quiz 1' is set on object 'Object Repository/Page_Editing Quiz/input_Name_name'

2022-01-17 01:38:19 - [MESSAGE][PASSED] - Text 'Quiz 1' is set on object 'Object Repository/Page_Editing Quiz/input_Name_name'

2022-01-17 01:38:19 - [TEST_STEP][PASSED] - verifyElementClickable(findTestObject("Object Repository/Page_Editing Quiz/a_Timing")): Object 'Object Repository/Page_Editing Quiz/a_Timing' is clickable

2022-01-17 01:38:51 - [MESSAGE][INFO] - Unable to find the element located by 'By.xpath: //a[@id='yui_3_17_2_1_1642277140089_67']'. Please recheck the objects properties to make sure the desired element is located. 

2022-01-17 01:38:51 - [MESSAGE][WARNING] - [SELF-HEALING] Failed to find element with id 'Object Repository/Page_Editing Quiz/a_Timing'. Try using Self-healing.

2022-01-17 01:38:51 - [MESSAGE][WARNING] - [SELF-HEALING] The current locator of test object 'Object Repository/Page_Editing Quiz/a_Timing' was broken. Propose an alternative one: '//a[contains(text(),'Timing')]'.

2022-01-17 01:38:51 - [MESSAGE][PASSED] - Object 'Object Repository/Page_Editing Quiz/a_Timing' is clickable

2022-01-17 01:38:51 - [TEST_STEP][PASSED] - click(findTestObject("Object Repository/Page_Editing Quiz/a_Timing")): Object: 'Object Repository/Page_Editing Quiz/a_Timing' is clicked on

2022-01-17 01:39:22 - [MESSAGE][INFO] - Unable to find the element located by 'By.xpath: //a[@id='yui_3_17_2_1_1642277140089_67']'. Please recheck the objects properties to make sure the desired element is located. 

2022-01-17 01:39:22 - [MESSAGE][WARNING] - [SELF-HEALING] Failed to find element with id 'Object Repository/Page_Editing Quiz/a_Timing'. Try using Self-healing.

2022-01-17 01:39:22 - [MESSAGE][WARNING] - [SELF-HEALING] The current locator of test object 'Object Repository/Page_Editing Quiz/a_Timing' was broken. Propose an alternative one: '//a[contains(text(),'Timing')]'.

2022-01-17 01:39:23 - [MESSAGE][PASSED] - Object: 'Object Repository/Page_Editing Quiz/a_Timing' is clicked on

2022-01-17 01:39:23 - [TEST_STEP][PASSED] - click(findTestObject("Object Repository/Page_Editing Quiz/input_Enable_timeopenenabled")): Object: 'Object Repository/Page_Editing Quiz/input_Enable_timeopenenabled' is clicked on

2022-01-17 01:39:23 - [MESSAGE][PASSED] - Object: 'Object Repository/Page_Editing Quiz/input_Enable_timeopenenabled' is clicked on

2022-01-17 01:39:23 - [TEST_STEP][PASSED] - click(findTestObject("Object Repository/Page_Editing Quiz/input_Enable_timecloseenabled")): Object: 'Object Repository/Page_Editing Quiz/input_Enable_timecloseenabled' is clicked on

2022-01-17 01:39:24 - [MESSAGE][PASSED] - Object: 'Object Repository/Page_Editing Quiz/input_Enable_timecloseenabled' is clicked on

2022-01-17 01:39:24 - [TEST_STEP][PASSED] - click(findTestObject("Object Repository/Page_Editing Quiz/input_Enable_timelimitenabled")): Object: 'Object Repository/Page_Editing Quiz/input_Enable_timelimitenabled' is clicked on

2022-01-17 01:39:24 - [MESSAGE][PASSED] - Object: 'Object Repository/Page_Editing Quiz/input_Enable_timelimitenabled' is clicked on

2022-01-17 01:39:24 - [TEST_STEP][PASSED] - selectOptionByValue(findTestObject("Object Repository/Page_Editing Quiz/select_1        2        3        4        _45ea30"), "14", true): All options with value '14' are selected in object 'Object Repository/Page_Editing Quiz/select_1        2        3        4        _45ea30'  using regular expression

2022-01-17 01:39:26 - [MESSAGE][PASSED] - All options with value '14' are selected in object 'Object Repository/Page_Editing Quiz/select_1        2        3        4        _45ea30'  using regular expression

2022-01-17 01:39:26 - [TEST_STEP][PASSED] - selectOptionByValue(findTestObject("Object Repository/Page_Editing Quiz/select_1        2        3        4        _45ea30_1"), "20", true): All options with value '20' are selected in object 'Object Repository/Page_Editing Quiz/select_1        2        3        4        _45ea30_1'  using regular expression

2022-01-17 01:39:27 - [MESSAGE][PASSED] - All options with value '20' are selected in object 'Object Repository/Page_Editing Quiz/select_1        2        3        4        _45ea30_1'  using regular expression

2022-01-17 01:39:27 - [TEST_STEP][PASSED] - setText(findTestObject("Object Repository/Page_Editing Quiz/input_Time_timelimitnumber"), "20"): Text '20' is set on object 'Object Repository/Page_Editing Quiz/input_Time_timelimitnumber'

2022-01-17 01:39:28 - [MESSAGE][PASSED] - Text '20' is set on object 'Object Repository/Page_Editing Quiz/input_Time_timelimitnumber'

2022-01-17 01:39:28 - [TEST_STEP][PASSED] - selectOptionByValue(findTestObject("Object Repository/Page_Editing Quiz/select_weeks        days        hours      _586059"), "1", true): All options with value '1' are selected in object 'Object Repository/Page_Editing Quiz/select_weeks        days        hours      _586059'  using regular expression

2022-01-17 01:39:29 - [MESSAGE][PASSED] - All options with value '1' are selected in object 'Object Repository/Page_Editing Quiz/select_weeks        days        hours      _586059'  using regular expression

2022-01-17 01:39:29 - [TEST_STEP][PASSED] - waitForElementVisible(findTestObject("Object Repository/Page_Editing Quiz/input_Upon activity completion_submitbutton"), 0): Object 'Object Repository/Page_Editing Quiz/input_Upon activity completion_submitbutton' is visible

2022-01-17 01:39:29 - [MESSAGE][WARNING] - Timeout '0' is invalid. Using default page load timeout: '30'

2022-01-17 01:39:29 - [MESSAGE][PASSED] - Object 'Object Repository/Page_Editing Quiz/input_Upon activity completion_submitbutton' is visible

2022-01-17 01:39:29 - [TEST_STEP][PASSED] - click(findTestObject("Object Repository/Page_Editing Quiz/input_Upon activity completion_submitbutton")): Object: 'Object Repository/Page_Editing Quiz/input_Upon activity completion_submitbutton' is clicked on

2022-01-17 01:39:31 - [MESSAGE][PASSED] - Object: 'Object Repository/Page_Editing Quiz/input_Upon activity completion_submitbutton' is clicked on

2022-01-17 01:39:31 - [TEST_STEP][PASSED] - waitForElementVisible(findTestObject("Object Repository/Page_IntroCS Quiz 1/button_Back to the course"), 0): Object 'Object Repository/Page_IntroCS Quiz 1/button_Back to the course' is visible

2022-01-17 01:39:31 - [MESSAGE][WARNING] - Timeout '0' is invalid. Using default page load timeout: '30'

2022-01-17 01:40:02 - [MESSAGE][INFO] - Unable to find the element located by 'By.xpath: //button[@id='single_button61e32989936d262']'. Please recheck the objects properties to make sure the desired element is located. 

2022-01-17 01:40:02 - [MESSAGE][WARNING] - [SELF-HEALING] Failed to find element with id 'Object Repository/Page_IntroCS Quiz 1/button_Back to the course'. Try using Self-healing.

2022-01-17 01:40:02 - [MESSAGE][WARNING] - [SELF-HEALING] The current locator of test object 'Object Repository/Page_IntroCS Quiz 1/button_Back to the course' was broken. Propose an alternative one: '//section[@id='region-main']/div[2]/div[3]/div[2]/form/button'.

2022-01-17 01:40:02 - [MESSAGE][PASSED] - Object 'Object Repository/Page_IntroCS Quiz 1/button_Back to the course' is visible

2022-01-17 01:40:02 - [TEST_STEP][PASSED] - click(findTestObject("Object Repository/Page_IntroCS Quiz 1/button_Back to the course")): Object: 'Object Repository/Page_IntroCS Quiz 1/button_Back to the course' is clicked on

2022-01-17 01:40:33 - [MESSAGE][INFO] - Unable to find the element located by 'By.xpath: //button[@id='single_button61e32989936d262']'. Please recheck the objects properties to make sure the desired element is located. 

2022-01-17 01:40:33 - [MESSAGE][WARNING] - [SELF-HEALING] Failed to find element with id 'Object Repository/Page_IntroCS Quiz 1/button_Back to the course'. Try using Self-healing.

2022-01-17 01:40:33 - [MESSAGE][WARNING] - [SELF-HEALING] The current locator of test object 'Object Repository/Page_IntroCS Quiz 1/button_Back to the course' was broken. Propose an alternative one: '//section[@id='region-main']/div[2]/div[3]/div[2]/form/button'.

2022-01-17 01:40:34 - [MESSAGE][PASSED] - Object: 'Object Repository/Page_IntroCS Quiz 1/button_Back to the course' is clicked on

2022-01-17 01:40:34 - [TEST_STEP][PASSED] - verifyElementVisible(findTestObject("Object Repository/Page_Course Introduction to Computer Science/li_Quiz 1                                  _38519f")): Object 'Object Repository/Page_Course Introduction to Computer Science/li_Quiz 1                                  _38519f' is visible

2022-01-17 01:41:05 - [MESSAGE][INFO] - Unable to find the element located by 'By.xpath: //li[@id='module-31']'. Please recheck the objects properties to make sure the desired element is located. 

2022-01-17 01:41:05 - [MESSAGE][WARNING] - [SELF-HEALING] Failed to find element with id 'Object Repository/Page_Course Introduction to Computer Science/li_Quiz 1                                  _38519f'. Try using Self-healing.

2022-01-17 01:41:05 - [MESSAGE][WARNING] - [SELF-HEALING] The current locator of test object 'Object Repository/Page_Course Introduction to Computer Science/li_Quiz 1                                  _38519f' was broken. Propose an alternative one: '(.//*[normalize-space(text()) and normalize-space(.)='Topic 1'])[2]/following::li[1]'.

2022-01-17 01:41:05 - [MESSAGE][PASSED] - Object 'Object Repository/Page_Course Introduction to Computer Science/li_Quiz 1                                  _38519f' is visible

2022-01-17 01:41:05 - [TEST_STEP][PASSED] - click(findTestObject("Object Repository/Page_Course Introduction to Computer Science/a_Edit")): Object: 'Object Repository/Page_Course Introduction to Computer Science/a_Edit' is clicked on

2022-01-17 01:41:06 - [MESSAGE][PASSED] - Object: 'Object Repository/Page_Course Introduction to Computer Science/a_Edit' is clicked on

2022-01-17 01:41:06 - [TEST_STEP][PASSED] - click(findTestObject("Object Repository/Page_Course Introduction to Computer Science/span_Delete")): Object: 'Object Repository/Page_Course Introduction to Computer Science/span_Delete' is clicked on

2022-01-17 01:41:06 - [MESSAGE][PASSED] - Object: 'Object Repository/Page_Course Introduction to Computer Science/span_Delete' is clicked on

2022-01-17 01:41:06 - [TEST_STEP][PASSED] - waitForElementVisible(findTestObject("Object Repository/Page_Course Introduction to Computer Science/button_Yes"), 0): Object 'Object Repository/Page_Course Introduction to Computer Science/button_Yes' is visible

2022-01-17 01:41:06 - [MESSAGE][WARNING] - Timeout '0' is invalid. Using default page load timeout: '30'

2022-01-17 01:41:07 - [MESSAGE][PASSED] - Object 'Object Repository/Page_Course Introduction to Computer Science/button_Yes' is visible

2022-01-17 01:41:07 - [TEST_STEP][PASSED] - click(findTestObject("Object Repository/Page_Course Introduction to Computer Science/button_Yes")): Object: 'Object Repository/Page_Course Introduction to Computer Science/button_Yes' is clicked on

2022-01-17 01:41:07 - [MESSAGE][PASSED] - Object: 'Object Repository/Page_Course Introduction to Computer Science/button_Yes' is clicked on

2022-01-17 01:41:07 - [TEST_STEP][PASSED] - click(findTestObject("Object Repository/Page_Course Introduction to Computer Science/button_Turn editing off")): Object: 'Object Repository/Page_Course Introduction to Computer Science/button_Turn editing off' is clicked on

2022-01-17 01:41:38 - [MESSAGE][INFO] - Unable to find the element located by 'By.xpath: //button[@id='single_button61e329966b4c91']'. Please recheck the objects properties to make sure the desired element is located. 

2022-01-17 01:41:38 - [MESSAGE][WARNING] - [SELF-HEALING] Failed to find element with id 'Object Repository/Page_Course Introduction to Computer Science/button_Turn editing off'. Try using Self-healing.

2022-01-17 01:41:39 - [MESSAGE][WARNING] - [SELF-HEALING] The current locator of test object 'Object Repository/Page_Course Introduction to Computer Science/button_Turn editing off' was broken. Propose an alternative one: '//header[@id='page-header']/div/div/div/div[2]/div[2]/div/form/button'.

2022-01-17 01:41:39 - [MESSAGE][PASSED] - Object: 'Object Repository/Page_Course Introduction to Computer Science/button_Turn editing off' is clicked on

2022-01-17 01:41:39 - [TEST_STEP][PASSED] - closeBrowser(): Browser is closed

2022-01-17 01:41:40 - [MESSAGE][PASSED] - Browser is closed]]></system-out>
         <system-err><![CDATA[]]></system-err>
      </testcase>
      <testcase name="Test Cases/test case 47" time="10.346" classname="Test Cases/test case 47" status="PASSED">
         <system-out><![CDATA[2022-01-17 01:41:40 - [TEST_CASE][PASSED] - Test Cases/test case 47: Test Cases/test case 47

2022-01-17 01:41:40 - [TEST_STEP][PASSED] - openBrowser(""): Browser is opened with url: ''

2022-01-17 01:41:40 - [MESSAGE][INFO] - Starting 'Chrome' driver

2022-01-17 01:41:40 - [MESSAGE][INFO] - Action delay is set to 0 milliseconds

2022-01-17 01:41:41 - [MESSAGE][PASSED] - Browser is opened with url: ''

2022-01-17 01:41:41 - [TEST_STEP][PASSED] - navigateToUrl("http://localhost/"): Navigate to 'http://localhost/' successfully

2022-01-17 01:41:42 - [MESSAGE][PASSED] - Navigate to 'http://localhost/' successfully

2022-01-17 01:41:42 - [TEST_STEP][PASSED] - click(findTestObject("Object Repository/Page_Moodle/a_Log in")): Object: 'Object Repository/Page_Moodle/a_Log in' is clicked on

2022-01-17 01:41:43 - [MESSAGE][PASSED] - Object: 'Object Repository/Page_Moodle/a_Log in' is clicked on

2022-01-17 01:41:43 - [TEST_STEP][PASSED] - setText(findTestObject("Object Repository/Page_Moodle Log in to the site/input_Username_username"), "tmtriet"): Text 'tmtriet' is set on object 'Object Repository/Page_Moodle Log in to the site/input_Username_username'

2022-01-17 01:41:44 - [MESSAGE][PASSED] - Text 'tmtriet' is set on object 'Object Repository/Page_Moodle Log in to the site/input_Username_username'

2022-01-17 01:41:44 - [TEST_STEP][PASSED] - setEncryptedText(findTestObject("Object Repository/Page_Moodle Log in to the site/input_Password_password"), "NMz1A57fMJEpXGm/T4cXeQ=="): Text ****** has been set on object 'Object Repository/Page_Moodle Log in to the site/input_Password_password'

2022-01-17 01:41:44 - [MESSAGE][PASSED] - Text ****** has been set on object 'Object Repository/Page_Moodle Log in to the site/input_Password_password'

2022-01-17 01:41:44 - [TEST_STEP][PASSED] - click(findTestObject("Object Repository/Page_Moodle Log in to the site/button_Log in")): Object: 'Object Repository/Page_Moodle Log in to the site/button_Log in' is clicked on

2022-01-17 01:41:46 - [MESSAGE][PASSED] - Object: 'Object Repository/Page_Moodle Log in to the site/button_Log in' is clicked on

2022-01-17 01:41:46 - [TEST_STEP][PASSED] - click(findTestObject("Object Repository/Page_Dashboard/a_Tran Minh Triet")): Object: 'Object Repository/Page_Dashboard/a_Tran Minh Triet' is clicked on

2022-01-17 01:41:47 - [MESSAGE][PASSED] - Object: 'Object Repository/Page_Dashboard/a_Tran Minh Triet' is clicked on

2022-01-17 01:41:47 - [TEST_STEP][PASSED] - click(findTestObject("Object Repository/Page_Dashboard/span_Grades")): Object: 'Object Repository/Page_Dashboard/span_Grades' is clicked on

2022-01-17 01:41:48 - [MESSAGE][PASSED] - Object: 'Object Repository/Page_Dashboard/span_Grades' is clicked on

2022-01-17 01:41:48 - [TEST_STEP][PASSED] - verifyElementText(findTestObject("Page_Grades - Tran Minh Triet/a_Introduction to Computer Science"), "Introduction to Computer Science"): Actual text and expected text of test object 'Object Repository/Page_Grades - Tran Minh Triet/a_Introduction to Computer Science' are matched.

2022-01-17 01:41:48 - [MESSAGE][PASSED] - Actual text and expected text of test object 'Object Repository/Page_Grades - Tran Minh Triet/a_Introduction to Computer Science' are matched.

2022-01-17 01:41:48 - [TEST_STEP][PASSED] - click(findTestObject("Object Repository/Page_Grades - Tran Minh Triet/a_Introduction to Computer Science")): Object: 'Object Repository/Page_Grades - Tran Minh Triet/a_Introduction to Computer Science' is clicked on

2022-01-17 01:41:49 - [MESSAGE][PASSED] - Object: 'Object Repository/Page_Grades - Tran Minh Triet/a_Introduction to Computer Science' is clicked on

2022-01-17 01:41:49 - [TEST_STEP][PASSED] - verifyElementText(findTestObject("Object Repository/Page_Grades View/h2_Grader report"), "Grader report"): Actual text and expected text of test object 'Object Repository/Page_Grades View/h2_Grader report' are matched.

2022-01-17 01:41:50 - [MESSAGE][PASSED] - Actual text and expected text of test object 'Object Repository/Page_Grades View/h2_Grader report' are matched.

2022-01-17 01:41:50 - [TEST_STEP][PASSED] - closeBrowser(): Browser is closed

2022-01-17 01:41:50 - [MESSAGE][PASSED] - Browser is closed]]></system-out>
         <system-err><![CDATA[]]></system-err>
      </testcase>
      <testcase name="Test Cases/test case 48" time="11.135" classname="Test Cases/test case 48" status="PASSED">
         <system-out><![CDATA[2022-01-17 01:41:50 - [TEST_CASE][PASSED] - Test Cases/test case 48: Test Cases/test case 48

2022-01-17 01:41:50 - [TEST_STEP][PASSED] - openBrowser(""): Browser is opened with url: ''

2022-01-17 01:41:50 - [MESSAGE][INFO] - Starting 'Chrome' driver

2022-01-17 01:41:50 - [MESSAGE][INFO] - Action delay is set to 0 milliseconds

2022-01-17 01:41:52 - [MESSAGE][PASSED] - Browser is opened with url: ''

2022-01-17 01:41:52 - [TEST_STEP][PASSED] - navigateToUrl("http://localhost/"): Navigate to 'http://localhost/' successfully

2022-01-17 01:41:53 - [MESSAGE][PASSED] - Navigate to 'http://localhost/' successfully

2022-01-17 01:41:53 - [TEST_STEP][PASSED] - click(findTestObject("Object Repository/Page_Moodle/a_Log in")): Object: 'Object Repository/Page_Moodle/a_Log in' is clicked on

2022-01-17 01:41:53 - [MESSAGE][PASSED] - Object: 'Object Repository/Page_Moodle/a_Log in' is clicked on

2022-01-17 01:41:53 - [TEST_STEP][PASSED] - setText(findTestObject("Object Repository/Page_Moodle Log in to the site/input_Username_username"), "tmtriet"): Text 'tmtriet' is set on object 'Object Repository/Page_Moodle Log in to the site/input_Username_username'

2022-01-17 01:41:54 - [MESSAGE][PASSED] - Text 'tmtriet' is set on object 'Object Repository/Page_Moodle Log in to the site/input_Username_username'

2022-01-17 01:41:54 - [TEST_STEP][PASSED] - setEncryptedText(findTestObject("Object Repository/Page_Moodle Log in to the site/input_Password_password"), "NMz1A57fMJEpXGm/T4cXeQ=="): Text ****** has been set on object 'Object Repository/Page_Moodle Log in to the site/input_Password_password'

2022-01-17 01:41:55 - [MESSAGE][PASSED] - Text ****** has been set on object 'Object Repository/Page_Moodle Log in to the site/input_Password_password'

2022-01-17 01:41:55 - [TEST_STEP][PASSED] - click(findTestObject("Object Repository/Page_Moodle Log in to the site/button_Log in")): Object: 'Object Repository/Page_Moodle Log in to the site/button_Log in' is clicked on

2022-01-17 01:41:56 - [MESSAGE][PASSED] - Object: 'Object Repository/Page_Moodle Log in to the site/button_Log in' is clicked on

2022-01-17 01:41:56 - [TEST_STEP][PASSED] - click(findTestObject("Object Repository/Page_Dashboard/a_Tran Minh Triet")): Object: 'Object Repository/Page_Dashboard/a_Tran Minh Triet' is clicked on

2022-01-17 01:41:57 - [MESSAGE][PASSED] - Object: 'Object Repository/Page_Dashboard/a_Tran Minh Triet' is clicked on

2022-01-17 01:41:57 - [TEST_STEP][PASSED] - click(findTestObject("Object Repository/Page_Dashboard/span_Profile")): Object: 'Object Repository/Page_Dashboard/span_Profile' is clicked on

2022-01-17 01:41:58 - [MESSAGE][PASSED] - Object: 'Object Repository/Page_Dashboard/span_Profile' is clicked on

2022-01-17 01:41:58 - [TEST_STEP][PASSED] - verifyElementText(findTestObject("Page_Tran Minh Triet Public profile/a_Introduction to Computer Science"), "Introduction to Computer Science"): Actual text and expected text of test object 'Object Repository/Page_Tran Minh Triet Public profile/a_Introduction to Computer Science' are matched.

2022-01-17 01:41:59 - [MESSAGE][PASSED] - Actual text and expected text of test object 'Object Repository/Page_Tran Minh Triet Public profile/a_Introduction to Computer Science' are matched.

2022-01-17 01:41:59 - [TEST_STEP][PASSED] - click(findTestObject("Object Repository/Page_Tran Minh Triet Public profile/a_Introduction to Computer Science")): Object: 'Object Repository/Page_Tran Minh Triet Public profile/a_Introduction to Computer Science' is clicked on

2022-01-17 01:41:59 - [MESSAGE][PASSED] - Object: 'Object Repository/Page_Tran Minh Triet Public profile/a_Introduction to Computer Science' is clicked on

2022-01-17 01:41:59 - [TEST_STEP][PASSED] - click(findTestObject("Object Repository/Page_Introduction to Computer Science Perso_abbbf2/span_Grades")): Object: 'Object Repository/Page_Introduction to Computer Science Perso_abbbf2/span_Grades' is clicked on

2022-01-17 01:42:00 - [MESSAGE][PASSED] - Object: 'Object Repository/Page_Introduction to Computer Science Perso_abbbf2/span_Grades' is clicked on

2022-01-17 01:42:00 - [TEST_STEP][PASSED] - verifyElementText(findTestObject("Object Repository/Page_Grades View/h2_Grader report"), "Grader report"): Actual text and expected text of test object 'Object Repository/Page_Grades View/h2_Grader report' are matched.

2022-01-17 01:42:01 - [MESSAGE][PASSED] - Actual text and expected text of test object 'Object Repository/Page_Grades View/h2_Grader report' are matched.

2022-01-17 01:42:01 - [TEST_STEP][PASSED] - closeBrowser(): Browser is closed

2022-01-17 01:42:01 - [MESSAGE][PASSED] - Browser is closed]]></system-out>
         <system-err><![CDATA[]]></system-err>
      </testcase>
      <testcase name="Test Cases/test case 49" time="9.736" classname="Test Cases/test case 49" status="PASSED">
         <system-out><![CDATA[2022-01-17 01:42:01 - [TEST_CASE][PASSED] - Test Cases/test case 49: Test Cases/test case 49

2022-01-17 01:42:02 - [TEST_STEP][PASSED] - openBrowser(""): Browser is opened with url: ''

2022-01-17 01:42:02 - [MESSAGE][INFO] - Starting 'Chrome' driver

2022-01-17 01:42:02 - [MESSAGE][INFO] - Action delay is set to 0 milliseconds

2022-01-17 01:42:03 - [MESSAGE][PASSED] - Browser is opened with url: ''

2022-01-17 01:42:03 - [TEST_STEP][PASSED] - navigateToUrl("http://localhost/"): Navigate to 'http://localhost/' successfully

2022-01-17 01:42:04 - [MESSAGE][PASSED] - Navigate to 'http://localhost/' successfully

2022-01-17 01:42:04 - [TEST_STEP][PASSED] - click(findTestObject("Object Repository/Page_Moodle/a_Log in")): Object: 'Object Repository/Page_Moodle/a_Log in' is clicked on

2022-01-17 01:42:05 - [MESSAGE][PASSED] - Object: 'Object Repository/Page_Moodle/a_Log in' is clicked on

2022-01-17 01:42:05 - [TEST_STEP][PASSED] - setText(findTestObject("Object Repository/Page_Moodle Log in to the site/input_Username_username"), "tmtriet"): Text 'tmtriet' is set on object 'Object Repository/Page_Moodle Log in to the site/input_Username_username'

2022-01-17 01:42:05 - [MESSAGE][PASSED] - Text 'tmtriet' is set on object 'Object Repository/Page_Moodle Log in to the site/input_Username_username'

2022-01-17 01:42:05 - [TEST_STEP][PASSED] - setEncryptedText(findTestObject("Object Repository/Page_Moodle Log in to the site/input_Password_password"), "NMz1A57fMJEpXGm/T4cXeQ=="): Text ****** has been set on object 'Object Repository/Page_Moodle Log in to the site/input_Password_password'

2022-01-17 01:42:06 - [MESSAGE][PASSED] - Text ****** has been set on object 'Object Repository/Page_Moodle Log in to the site/input_Password_password'

2022-01-17 01:42:06 - [TEST_STEP][PASSED] - click(findTestObject("Object Repository/Page_Moodle Log in to the site/button_Log in")): Object: 'Object Repository/Page_Moodle Log in to the site/button_Log in' is clicked on

2022-01-17 01:42:07 - [MESSAGE][PASSED] - Object: 'Object Repository/Page_Moodle Log in to the site/button_Log in' is clicked on

2022-01-17 01:42:07 - [TEST_STEP][PASSED] - verifyElementText(findTestObject("Page_Dashboard/span_IntroCS"), "IntroCS"): Actual text and expected text of test object 'Object Repository/Page_Dashboard/span_IntroCS' are matched.

2022-01-17 01:42:08 - [MESSAGE][PASSED] - Actual text and expected text of test object 'Object Repository/Page_Dashboard/span_IntroCS' are matched.

2022-01-17 01:42:08 - [TEST_STEP][PASSED] - click(findTestObject("Object Repository/Page_Dashboard/span_IntroCS")): Object: 'Object Repository/Page_Dashboard/span_IntroCS' is clicked on

2022-01-17 01:42:09 - [MESSAGE][PASSED] - Object: 'Object Repository/Page_Dashboard/span_IntroCS' is clicked on

2022-01-17 01:42:09 - [TEST_STEP][PASSED] - click(findTestObject("Object Repository/Page_Course Introduction to Computer Science/span_Grades")): Object: 'Object Repository/Page_Course Introduction to Computer Science/span_Grades' is clicked on

2022-01-17 01:42:10 - [MESSAGE][PASSED] - Object: 'Object Repository/Page_Course Introduction to Computer Science/span_Grades' is clicked on

2022-01-17 01:42:10 - [TEST_STEP][PASSED] - verifyElementText(findTestObject("Object Repository/Page_Grades View/h2_Grader report"), "Grader report"): Actual text and expected text of test object 'Object Repository/Page_Grades View/h2_Grader report' are matched.

2022-01-17 01:42:10 - [MESSAGE][PASSED] - Actual text and expected text of test object 'Object Repository/Page_Grades View/h2_Grader report' are matched.

2022-01-17 01:42:10 - [TEST_STEP][PASSED] - closeBrowser(): Browser is closed

2022-01-17 01:42:11 - [MESSAGE][PASSED] - Browser is closed]]></system-out>
         <system-err><![CDATA[]]></system-err>
      </testcase>
      <testcase name="Test Cases/test case 50" time="456.522" classname="Test Cases/test case 50" status="PASSED">
         <system-out><![CDATA[2022-01-17 01:42:11 - [TEST_CASE][PASSED] - Test Cases/test case 50: Test Cases/test case 50

2022-01-17 01:42:11 - [TEST_STEP][PASSED] - openBrowser(""): Browser is opened with url: ''

2022-01-17 01:42:11 - [MESSAGE][INFO] - Starting 'Chrome' driver

2022-01-17 01:42:11 - [MESSAGE][INFO] - Action delay is set to 0 milliseconds

2022-01-17 01:42:12 - [MESSAGE][PASSED] - Browser is opened with url: ''

2022-01-17 01:42:12 - [TEST_STEP][PASSED] - navigateToUrl("http://localhost/"): Navigate to 'http://localhost/' successfully

2022-01-17 01:42:14 - [MESSAGE][PASSED] - Navigate to 'http://localhost/' successfully

2022-01-17 01:42:14 - [TEST_STEP][PASSED] - click(findTestObject("Object Repository/Page_Moodle/a_Log in")): Object: 'Object Repository/Page_Moodle/a_Log in' is clicked on

2022-01-17 01:42:14 - [MESSAGE][PASSED] - Object: 'Object Repository/Page_Moodle/a_Log in' is clicked on

2022-01-17 01:42:14 - [TEST_STEP][PASSED] - setText(findTestObject("Object Repository/Page_Moodle Log in to the site/input_Username_username"), "tmtriet"): Text 'tmtriet' is set on object 'Object Repository/Page_Moodle Log in to the site/input_Username_username'

2022-01-17 01:42:15 - [MESSAGE][PASSED] - Text 'tmtriet' is set on object 'Object Repository/Page_Moodle Log in to the site/input_Username_username'

2022-01-17 01:42:15 - [TEST_STEP][PASSED] - setEncryptedText(findTestObject("Object Repository/Page_Moodle Log in to the site/input_Password_password"), "NMz1A57fMJEpXGm/T4cXeQ=="): Text ****** has been set on object 'Object Repository/Page_Moodle Log in to the site/input_Password_password'

2022-01-17 01:42:16 - [MESSAGE][PASSED] - Text ****** has been set on object 'Object Repository/Page_Moodle Log in to the site/input_Password_password'

2022-01-17 01:42:16 - [TEST_STEP][PASSED] - click(findTestObject("Object Repository/Page_Moodle Log in to the site/button_Log in")): Object: 'Object Repository/Page_Moodle Log in to the site/button_Log in' is clicked on

2022-01-17 01:42:17 - [MESSAGE][PASSED] - Object: 'Object Repository/Page_Moodle Log in to the site/button_Log in' is clicked on

2022-01-17 01:42:17 - [TEST_STEP][PASSED] - verifyElementVisible(findTestObject("Object Repository/Page_Dashboard/div_Calendar                               _78b00d")): Object 'Object Repository/Page_Dashboard/div_Calendar                               _78b00d' is visible

2022-01-17 01:42:18 - [MESSAGE][PASSED] - Object 'Object Repository/Page_Dashboard/div_Calendar                               _78b00d' is visible

2022-01-17 01:42:18 - [TEST_STEP][PASSED] - verifyElementClickable(findTestObject("Object Repository/Page_Dashboard/a_January 2022")): Object 'Object Repository/Page_Dashboard/a_January 2022' is clickable

2022-01-17 01:42:49 - [MESSAGE][INFO] - Unable to find the element located by 'By.xpath: //div[@id='month-mini-2022-1-5']/table/caption/span[2]/a'. Please recheck the objects properties to make sure the desired element is located. 

2022-01-17 01:42:49 - [MESSAGE][WARNING] - [SELF-HEALING] Failed to find element with id 'Object Repository/Page_Dashboard/a_January 2022'. Try using Self-healing.

2022-01-17 01:42:49 - [MESSAGE][WARNING] - [SELF-HEALING] The current locator of test object 'Object Repository/Page_Dashboard/a_January 2022' was broken. Propose an alternative one: '//a[contains(text(),'January 2022')]'.

2022-01-17 01:42:49 - [MESSAGE][PASSED] - Object 'Object Repository/Page_Dashboard/a_January 2022' is clickable

2022-01-17 01:42:49 - [TEST_STEP][PASSED] - click(findTestObject("Object Repository/Page_Dashboard/a_January 2022")): Object: 'Object Repository/Page_Dashboard/a_January 2022' is clicked on

2022-01-17 01:43:21 - [MESSAGE][INFO] - Unable to find the element located by 'By.xpath: //div[@id='month-mini-2022-1-5']/table/caption/span[2]/a'. Please recheck the objects properties to make sure the desired element is located. 

2022-01-17 01:43:21 - [MESSAGE][WARNING] - [SELF-HEALING] Failed to find element with id 'Object Repository/Page_Dashboard/a_January 2022'. Try using Self-healing.

2022-01-17 01:43:21 - [MESSAGE][WARNING] - [SELF-HEALING] The current locator of test object 'Object Repository/Page_Dashboard/a_January 2022' was broken. Propose an alternative one: '//a[contains(text(),'January 2022')]'.

2022-01-17 01:43:21 - [MESSAGE][PASSED] - Object: 'Object Repository/Page_Dashboard/a_January 2022' is clicked on

2022-01-17 01:43:21 - [TEST_STEP][PASSED] - waitForElementVisible(findTestObject("Object Repository/Page_Mood Calendar Detailed month view Janu_18fc56/button_New event"), 0): Object 'Object Repository/Page_Mood Calendar Detailed month view Janu_18fc56/button_New event' is visible

2022-01-17 01:43:21 - [MESSAGE][WARNING] - Timeout '0' is invalid. Using default page load timeout: '30'

2022-01-17 01:43:52 - [MESSAGE][INFO] - Unable to find the element located by 'By.xpath: //div[@id='calendar-month-61e41531799f761e4153150b4a16']/div/button'. Please recheck the objects properties to make sure the desired element is located. 

2022-01-17 01:43:52 - [MESSAGE][WARNING] - [SELF-HEALING] Failed to find element with id 'Object Repository/Page_Mood Calendar Detailed month view Janu_18fc56/button_New event'. Try using Self-healing.

2022-01-17 01:43:53 - [MESSAGE][WARNING] - [SELF-HEALING] The current locator of test object 'Object Repository/Page_Mood Calendar Detailed month view Janu_18fc56/button_New event' was broken. Propose an alternative one: '(.//*[normalize-space(text()) and normalize-space(.)='List of courses'])[1]/following::button[1]'.

2022-01-17 01:43:53 - [MESSAGE][PASSED] - Object 'Object Repository/Page_Mood Calendar Detailed month view Janu_18fc56/button_New event' is visible

2022-01-17 01:43:53 - [TEST_STEP][PASSED] - click(findTestObject("Object Repository/Page_Mood Calendar Detailed month view Janu_18fc56/button_New event")): Object: 'Object Repository/Page_Mood Calendar Detailed month view Janu_18fc56/button_New event' is clicked on

2022-01-17 01:44:24 - [MESSAGE][INFO] - Unable to find the element located by 'By.xpath: //div[@id='calendar-month-61e41531799f761e4153150b4a16']/div/button'. Please recheck the objects properties to make sure the desired element is located. 

2022-01-17 01:44:24 - [MESSAGE][WARNING] - [SELF-HEALING] Failed to find element with id 'Object Repository/Page_Mood Calendar Detailed month view Janu_18fc56/button_New event'. Try using Self-healing.

2022-01-17 01:44:24 - [MESSAGE][WARNING] - [SELF-HEALING] The current locator of test object 'Object Repository/Page_Mood Calendar Detailed month view Janu_18fc56/button_New event' was broken. Propose an alternative one: '(.//*[normalize-space(text()) and normalize-space(.)='List of courses'])[1]/following::button[1]'.

2022-01-17 01:44:24 - [MESSAGE][PASSED] - Object: 'Object Repository/Page_Mood Calendar Detailed month view Janu_18fc56/button_New event' is clicked on

2022-01-17 01:44:24 - [TEST_STEP][PASSED] - setText(findTestObject("Object Repository/Page_Mood Calendar Detailed month view Janu_18fc56/input_Event title_name"), "Tet Quiz"): Text 'Tet Quiz' is set on object 'Object Repository/Page_Mood Calendar Detailed month view Janu_18fc56/input_Event title_name'

2022-01-17 01:44:26 - [MESSAGE][PASSED] - Text 'Tet Quiz' is set on object 'Object Repository/Page_Mood Calendar Detailed month view Janu_18fc56/input_Event title_name'

2022-01-17 01:44:26 - [TEST_STEP][PASSED] - selectOptionByValue(findTestObject("Object Repository/Page_Mood Calendar Detailed month view Janu_18fc56/select_1        2        3        4        _45ea30"), "22", true): All options with value '22' are selected in object 'Object Repository/Page_Mood Calendar Detailed month view Janu_18fc56/select_1        2        3        4        _45ea30'  using regular expression

2022-01-17 01:44:27 - [MESSAGE][PASSED] - All options with value '22' are selected in object 'Object Repository/Page_Mood Calendar Detailed month view Janu_18fc56/select_1        2        3        4        _45ea30'  using regular expression

2022-01-17 01:44:27 - [TEST_STEP][PASSED] - selectOptionByValue(findTestObject("Object Repository/Page_Mood Calendar Detailed month view Janu_18fc56/select_00        01        02        03    _f6e37b"), "0", true): All options with value '0' are selected in object 'Object Repository/Page_Mood Calendar Detailed month view Janu_18fc56/select_00        01        02        03    _f6e37b'  using regular expression

2022-01-17 01:44:28 - [MESSAGE][PASSED] - All options with value '0' are selected in object 'Object Repository/Page_Mood Calendar Detailed month view Janu_18fc56/select_00        01        02        03    _f6e37b'  using regular expression

2022-01-17 01:44:28 - [TEST_STEP][PASSED] - selectOptionByValue(findTestObject("Object Repository/Page_Mood Calendar Detailed month view Janu_18fc56/select_00        01        02        03    _f6e37b_1"), "0", true): All options with value '0' are selected in object 'Object Repository/Page_Mood Calendar Detailed month view Janu_18fc56/select_00        01        02        03    _f6e37b_1'  using regular expression

2022-01-17 01:44:30 - [MESSAGE][PASSED] - All options with value '0' are selected in object 'Object Repository/Page_Mood Calendar Detailed month view Janu_18fc56/select_00        01        02        03    _f6e37b_1'  using regular expression

2022-01-17 01:44:30 - [TEST_STEP][PASSED] - selectOptionByValue(findTestObject("Object Repository/Page_Mood Calendar Detailed month view Janu_18fc56/select_User            Course            Site"), "course", true): All options with value 'course' are selected in object 'Object Repository/Page_Mood Calendar Detailed month view Janu_18fc56/select_User            Course            Site'  using regular expression

2022-01-17 01:44:31 - [MESSAGE][PASSED] - All options with value 'course' are selected in object 'Object Repository/Page_Mood Calendar Detailed month view Janu_18fc56/select_User            Course            Site'  using regular expression

2022-01-17 01:44:31 - [TEST_STEP][PASSED] - click(findTestObject("Object Repository/Page_Mood Calendar Detailed month view Janu_18fc56/span_")): Object: 'Object Repository/Page_Mood Calendar Detailed month view Janu_18fc56/span_' is clicked on

2022-01-17 01:45:02 - [MESSAGE][INFO] - Unable to find the element located by 'By.xpath: //span[@id='form_autocomplete_downarrow-1642337592468']'. Please recheck the objects properties to make sure the desired element is located. 

2022-01-17 01:45:02 - [MESSAGE][WARNING] - [SELF-HEALING] Failed to find element with id 'Object Repository/Page_Mood Calendar Detailed month view Janu_18fc56/span_'. Try using Self-healing.

2022-01-17 01:45:02 - [MESSAGE][WARNING] - [SELF-HEALING] The current locator of test object 'Object Repository/Page_Mood Calendar Detailed month view Janu_18fc56/span_' was broken. Propose an alternative one: '(.//*[normalize-space(text()) and normalize-space(.)='No selection'])[1]/following::span[1]'.

2022-01-17 01:45:02 - [MESSAGE][PASSED] - Object: 'Object Repository/Page_Mood Calendar Detailed month view Janu_18fc56/span_' is clicked on

2022-01-17 01:45:02 - [TEST_STEP][PASSED] - click(findTestObject("Object Repository/Page_Mood Calendar Detailed month view Janu_18fc56/li_Introduction to Computer Science")): Object: 'Object Repository/Page_Mood Calendar Detailed month view Janu_18fc56/li_Introduction to Computer Science' is clicked on

2022-01-17 01:45:33 - [MESSAGE][INFO] - Unable to find the element located by 'By.xpath: //li[@id='form_autocomplete_suggestions-1642337592468-0']'. Please recheck the objects properties to make sure the desired element is located. 

2022-01-17 01:45:33 - [MESSAGE][WARNING] - [SELF-HEALING] Failed to find element with id 'Object Repository/Page_Mood Calendar Detailed month view Janu_18fc56/li_Introduction to Computer Science'. Try using Self-healing.

2022-01-17 01:45:34 - [MESSAGE][WARNING] - [SELF-HEALING] The current locator of test object 'Object Repository/Page_Mood Calendar Detailed month view Janu_18fc56/li_Introduction to Computer Science' was broken. Propose an alternative one: '(.//*[normalize-space(text()) and normalize-space(.)='▼'])[1]/following::li[1]'.

2022-01-17 01:45:34 - [MESSAGE][PASSED] - Object: 'Object Repository/Page_Mood Calendar Detailed month view Janu_18fc56/li_Introduction to Computer Science' is clicked on

2022-01-17 01:45:34 - [TEST_STEP][PASSED] - selectOptionByValue(findTestObject("Object Repository/Page_Mood Calendar Detailed month view Janu_18fc56/select_Introduction to Computer ScienceMathemetics"), "4", true): All options with value '4' are selected in object 'Object Repository/Page_Mood Calendar Detailed month view Janu_18fc56/select_Introduction to Computer ScienceMathemetics'  using regular expression

2022-01-17 01:45:35 - [MESSAGE][PASSED] - All options with value '4' are selected in object 'Object Repository/Page_Mood Calendar Detailed month view Janu_18fc56/select_Introduction to Computer ScienceMathemetics'  using regular expression

2022-01-17 01:45:35 - [TEST_STEP][PASSED] - click(findTestObject("Object Repository/Page_Mood Calendar Detailed month view Janu_18fc56/button_Save")): Object: 'Object Repository/Page_Mood Calendar Detailed month view Janu_18fc56/button_Save' is clicked on

2022-01-17 01:46:06 - [MESSAGE][INFO] - Unable to find the element located by 'By.xpath: //button[@id='yui_3_17_2_1_1642337585482_1306']'. Please recheck the objects properties to make sure the desired element is located. 

2022-01-17 01:46:06 - [MESSAGE][WARNING] - [SELF-HEALING] Failed to find element with id 'Object Repository/Page_Mood Calendar Detailed month view Janu_18fc56/button_Save'. Try using Self-healing.

2022-01-17 01:46:06 - [MESSAGE][WARNING] - [SELF-HEALING] The current locator of test object 'Object Repository/Page_Mood Calendar Detailed month view Janu_18fc56/button_Save' was broken. Propose an alternative one: '(.//*[normalize-space(text()) and normalize-space(.)='Repeat weekly, creating altogether'])[1]/following::button[1]'.

2022-01-17 01:46:07 - [MESSAGE][PASSED] - Object: 'Object Repository/Page_Mood Calendar Detailed month view Janu_18fc56/button_Save' is clicked on

2022-01-17 01:46:07 - [TEST_STEP][PASSED] - verifyElementText(findTestObject("Object Repository/Page_Mood Calendar Detailed month view Janu_18fc56/span_Tet Quiz"), "Tet Quiz"): Actual text and expected text of test object 'Object Repository/Page_Mood Calendar Detailed month view Janu_18fc56/span_Tet Quiz' are matched.

2022-01-17 01:46:38 - [MESSAGE][INFO] - Unable to find the element located by 'By.xpath: //a[@id='yui_3_17_2_1_1642337585482_2029']/span[2]'. Please recheck the objects properties to make sure the desired element is located. 

2022-01-17 01:46:38 - [MESSAGE][WARNING] - [SELF-HEALING] Failed to find element with id 'Object Repository/Page_Mood Calendar Detailed month view Janu_18fc56/span_Tet Quiz'. Try using Self-healing.

2022-01-17 01:46:38 - [MESSAGE][WARNING] - [SELF-HEALING] The current locator of test object 'Object Repository/Page_Mood Calendar Detailed month view Janu_18fc56/span_Tet Quiz' was broken. Propose an alternative one: '(.//*[normalize-space(text()) and normalize-space(.)='No events, Friday, 21 January'])[2]/following::span[4]'.

2022-01-17 01:46:38 - [MESSAGE][PASSED] - Actual text and expected text of test object 'Object Repository/Page_Mood Calendar Detailed month view Janu_18fc56/span_Tet Quiz' are matched.

2022-01-17 01:46:38 - [TEST_STEP][PASSED] - click(findTestObject("Object Repository/Page_Mood Calendar Detailed month view Janu_18fc56/span_Tet Quiz")): Object: 'Object Repository/Page_Mood Calendar Detailed month view Janu_18fc56/span_Tet Quiz' is clicked on

2022-01-17 01:47:09 - [MESSAGE][INFO] - Unable to find the element located by 'By.xpath: //a[@id='yui_3_17_2_1_1642337585482_2029']/span[2]'. Please recheck the objects properties to make sure the desired element is located. 

2022-01-17 01:47:09 - [MESSAGE][WARNING] - [SELF-HEALING] Failed to find element with id 'Object Repository/Page_Mood Calendar Detailed month view Janu_18fc56/span_Tet Quiz'. Try using Self-healing.

2022-01-17 01:47:09 - [MESSAGE][WARNING] - [SELF-HEALING] The current locator of test object 'Object Repository/Page_Mood Calendar Detailed month view Janu_18fc56/span_Tet Quiz' was broken. Propose an alternative one: '(.//*[normalize-space(text()) and normalize-space(.)='No events, Friday, 21 January'])[2]/following::span[4]'.

2022-01-17 01:47:09 - [MESSAGE][PASSED] - Object: 'Object Repository/Page_Mood Calendar Detailed month view Janu_18fc56/span_Tet Quiz' is clicked on

2022-01-17 01:47:09 - [TEST_STEP][PASSED] - verifyElementText(findTestObject("Object Repository/Page_Mood Calendar Detailed month view Janu_18fc56/a_Saturday, 22 January"), "Saturday, 22 January"): Actual text and expected text of test object 'Object Repository/Page_Mood Calendar Detailed month view Janu_18fc56/a_Saturday, 22 January' are matched.

2022-01-17 01:47:40 - [MESSAGE][INFO] - Unable to find the element located by 'By.xpath: //a[@id='yui_3_17_2_1_1642337585482_2054']'. Please recheck the objects properties to make sure the desired element is located. 

2022-01-17 01:47:40 - [MESSAGE][WARNING] - [SELF-HEALING] Failed to find element with id 'Object Repository/Page_Mood Calendar Detailed month view Janu_18fc56/a_Saturday, 22 January'. Try using Self-healing.

2022-01-17 01:47:41 - [MESSAGE][WARNING] - [SELF-HEALING] The current locator of test object 'Object Repository/Page_Mood Calendar Detailed month view Janu_18fc56/a_Saturday, 22 January' was broken. Propose an alternative one: '//a[contains(text(),'Saturday, 22 January')]'.

2022-01-17 01:47:41 - [MESSAGE][PASSED] - Actual text and expected text of test object 'Object Repository/Page_Mood Calendar Detailed month view Janu_18fc56/a_Saturday, 22 January' are matched.

2022-01-17 01:47:41 - [TEST_STEP][PASSED] - verifyElementClickable(findTestObject("Object Repository/Page_Mood Calendar Detailed month view Janu_18fc56/button_Delete")): Object 'Object Repository/Page_Mood Calendar Detailed month view Janu_18fc56/button_Delete' is clickable

2022-01-17 01:48:12 - [MESSAGE][INFO] - Unable to find the element located by 'By.xpath: //button[@id='yui_3_17_2_1_1642337585482_2067']'. Please recheck the objects properties to make sure the desired element is located. 

2022-01-17 01:48:12 - [MESSAGE][WARNING] - [SELF-HEALING] Failed to find element with id 'Object Repository/Page_Mood Calendar Detailed month view Janu_18fc56/button_Delete'. Try using Self-healing.

2022-01-17 01:48:12 - [MESSAGE][WARNING] - [SELF-HEALING] The current locator of test object 'Object Repository/Page_Mood Calendar Detailed month view Janu_18fc56/button_Delete' was broken. Propose an alternative one: '(.//*[normalize-space(text()) and normalize-space(.)='Introduction to Computer Science'])[3]/following::button[1]'.

2022-01-17 01:48:12 - [MESSAGE][PASSED] - Object 'Object Repository/Page_Mood Calendar Detailed month view Janu_18fc56/button_Delete' is clickable

2022-01-17 01:48:12 - [TEST_STEP][PASSED] - click(findTestObject("Object Repository/Page_Mood Calendar Detailed month view Janu_18fc56/button_Delete")): Object: 'Object Repository/Page_Mood Calendar Detailed month view Janu_18fc56/button_Delete' is clicked on

2022-01-17 01:48:44 - [MESSAGE][INFO] - Unable to find the element located by 'By.xpath: //button[@id='yui_3_17_2_1_1642337585482_2067']'. Please recheck the objects properties to make sure the desired element is located. 

2022-01-17 01:48:44 - [MESSAGE][WARNING] - [SELF-HEALING] Failed to find element with id 'Object Repository/Page_Mood Calendar Detailed month view Janu_18fc56/button_Delete'. Try using Self-healing.

2022-01-17 01:48:44 - [MESSAGE][WARNING] - [SELF-HEALING] The current locator of test object 'Object Repository/Page_Mood Calendar Detailed month view Janu_18fc56/button_Delete' was broken. Propose an alternative one: '(.//*[normalize-space(text()) and normalize-space(.)='Introduction to Computer Science'])[3]/following::button[1]'.

2022-01-17 01:48:44 - [MESSAGE][PASSED] - Object: 'Object Repository/Page_Mood Calendar Detailed month view Janu_18fc56/button_Delete' is clicked on

2022-01-17 01:48:44 - [TEST_STEP][PASSED] - waitForElementVisible(findTestObject("Object Repository/Page_Mood Calendar Detailed month view Janu_18fc56/button_Delete event"), 0): Object 'Object Repository/Page_Mood Calendar Detailed month view Janu_18fc56/button_Delete event' is visible

2022-01-17 01:48:44 - [MESSAGE][WARNING] - Timeout '0' is invalid. Using default page load timeout: '30'

2022-01-17 01:49:15 - [MESSAGE][INFO] - Unable to find the element located by 'By.xpath: //button[@id='yui_3_17_2_1_1642337585482_2083']'. Please recheck the objects properties to make sure the desired element is located. 

2022-01-17 01:49:15 - [MESSAGE][WARNING] - [SELF-HEALING] Failed to find element with id 'Object Repository/Page_Mood Calendar Detailed month view Janu_18fc56/button_Delete event'. Try using Self-healing.

2022-01-17 01:49:15 - [MESSAGE][WARNING] - [SELF-HEALING] The current locator of test object 'Object Repository/Page_Mood Calendar Detailed month view Janu_18fc56/button_Delete event' was broken. Propose an alternative one: '(.//*[normalize-space(text()) and normalize-space(.)='Delete event'])[1]/following::button[2]'.

2022-01-17 01:49:15 - [MESSAGE][PASSED] - Object 'Object Repository/Page_Mood Calendar Detailed month view Janu_18fc56/button_Delete event' is visible

2022-01-17 01:49:15 - [TEST_STEP][PASSED] - click(findTestObject("Object Repository/Page_Mood Calendar Detailed month view Janu_18fc56/button_Delete event")): Object: 'Object Repository/Page_Mood Calendar Detailed month view Janu_18fc56/button_Delete event' is clicked on

2022-01-17 01:49:47 - [MESSAGE][INFO] - Unable to find the element located by 'By.xpath: //button[@id='yui_3_17_2_1_1642337585482_2083']'. Please recheck the objects properties to make sure the desired element is located. 

2022-01-17 01:49:47 - [MESSAGE][WARNING] - [SELF-HEALING] Failed to find element with id 'Object Repository/Page_Mood Calendar Detailed month view Janu_18fc56/button_Delete event'. Try using Self-healing.

2022-01-17 01:49:47 - [MESSAGE][WARNING] - [SELF-HEALING] The current locator of test object 'Object Repository/Page_Mood Calendar Detailed month view Janu_18fc56/button_Delete event' was broken. Propose an alternative one: '(.//*[normalize-space(text()) and normalize-space(.)='Delete event'])[1]/following::button[2]'.

2022-01-17 01:49:47 - [MESSAGE][PASSED] - Object: 'Object Repository/Page_Mood Calendar Detailed month view Janu_18fc56/button_Delete event' is clicked on

2022-01-17 01:49:47 - [TEST_STEP][PASSED] - closeBrowser(): Browser is closed

2022-01-17 01:49:48 - [MESSAGE][PASSED] - Browser is closed]]></system-out>
         <system-err><![CDATA[]]></system-err>
      </testcase>
      <system-out><![CDATA[2022-01-16 23:53:36 - [TEST_SUITE][FAILED] - Run all test cases: Test Cases/test case 25 FAILED.
Reason:
com.kms.katalon.core.exception.StepFailedException: Unable to click on object 'Object Repository/Page_Math/input_No enrolment key required_submitbutton'
	at com.kms.katalon.core.webui.keyword.internal.WebUIKeywordMain.stepFailed(WebUIKeywordMain.groovy:64)
	at com.kms.katalon.core.webui.keyword.internal.WebUIKeywordMain.runKeyword(WebUIKeywordMain.groovy:26)
	at com.kms.katalon.core.webui.keyword.builtin.ClickKeyword.click(ClickKeyword.groovy:74)
	at com.kms.katalon.core.webui.keyword.builtin.ClickKeyword.execute(ClickKeyword.groovy:40)
	at com.kms.katalon.core.keyword.internal.KeywordExecutor.executeKeywordForPlatform(KeywordExecutor.groovy:74)
	at com.kms.katalon.core.webui.keyword.WebUiBuiltInKeywords.click(WebUiBuiltInKeywords.groovy:620)
	at com.kms.katalon.core.webui.keyword.WebUiBuiltInKeywords$click$1.call(Unknown Source)
	at test case 25.run(test case 25:45)
	at com.kms.katalon.core.main.ScriptEngine.run(ScriptEngine.java:194)
	at com.kms.katalon.core.main.ScriptEngine.runScriptAsRawText(ScriptEngine.java:119)
	at com.kms.katalon.core.main.TestCaseExecutor.runScript(TestCaseExecutor.java:442)
	at com.kms.katalon.core.main.TestCaseExecutor.doExecute(TestCaseExecutor.java:433)
	at com.kms.katalon.core.main.TestCaseExecutor.processExecutionPhase(TestCaseExecutor.java:412)
	at com.kms.katalon.core.main.TestCaseExecutor.accessMainPhase(TestCaseExecutor.java:404)
	at com.kms.katalon.core.main.TestCaseExecutor.execute(TestCaseExecutor.java:281)
	at com.kms.katalon.core.main.TestSuiteExecutor.accessTestCaseMainPhase(TestSuiteExecutor.java:202)
	at com.kms.katalon.core.main.TestSuiteExecutor.accessTestSuiteMainPhase(TestSuiteExecutor.java:164)
	at com.kms.katalon.core.main.TestSuiteExecutor.execute(TestSuiteExecutor.java:105)
	at com.kms.katalon.core.main.TestCaseMain.startTestSuite(TestCaseMain.java:181)
	at com.kms.katalon.core.main.TestCaseMain$startTestSuite$0.call(Unknown Source)
	at TempTestSuite1642352008938.run(TempTestSuite1642352008938.groovy:36)
Caused by: com.kms.katalon.core.webui.exception.WebElementNotFoundException: Web element with id: 'Object Repository/Page_Math/input_No enrolment key required_submitbutton' located by '//input[@id='id_submitbutton']' not found
	at com.kms.katalon.core.webui.common.WebUiCommonHelper.findWebElement(WebUiCommonHelper.java:1368)
	at com.kms.katalon.core.webui.keyword.internal.WebUIAbstractKeyword.findWebElement(WebUIAbstractKeyword.groovy:27)
	at com.kms.katalon.core.webui.keyword.builtin.ClickKeyword$_click_closure1.doCall(ClickKeyword.groovy:65)
	at com.kms.katalon.core.webui.keyword.builtin.ClickKeyword$_click_closure1.call(ClickKeyword.groovy)
	at com.kms.katalon.core.webui.keyword.internal.WebUIKeywordMain.runKeyword(WebUIKeywordMain.groovy:20)
	... 19 more]]></system-out>
      <system-err><![CDATA[2022-01-16 23:53:36 - [TEST_SUITE][FAILED] - Run all test cases: Test Cases/test case 25 FAILED.
Reason:
com.kms.katalon.core.exception.StepFailedException: Unable to click on object 'Object Repository/Page_Math/input_No enrolment key required_submitbutton'
	at com.kms.katalon.core.webui.keyword.internal.WebUIKeywordMain.stepFailed(WebUIKeywordMain.groovy:64)
	at com.kms.katalon.core.webui.keyword.internal.WebUIKeywordMain.runKeyword(WebUIKeywordMain.groovy:26)
	at com.kms.katalon.core.webui.keyword.builtin.ClickKeyword.click(ClickKeyword.groovy:74)
	at com.kms.katalon.core.webui.keyword.builtin.ClickKeyword.execute(ClickKeyword.groovy:40)
	at com.kms.katalon.core.keyword.internal.KeywordExecutor.executeKeywordForPlatform(KeywordExecutor.groovy:74)
	at com.kms.katalon.core.webui.keyword.WebUiBuiltInKeywords.click(WebUiBuiltInKeywords.groovy:620)
	at com.kms.katalon.core.webui.keyword.WebUiBuiltInKeywords$click$1.call(Unknown Source)
	at test case 25.run(test case 25:45)
	at com.kms.katalon.core.main.ScriptEngine.run(ScriptEngine.java:194)
	at com.kms.katalon.core.main.ScriptEngine.runScriptAsRawText(ScriptEngine.java:119)
	at com.kms.katalon.core.main.TestCaseExecutor.runScript(TestCaseExecutor.java:442)
	at com.kms.katalon.core.main.TestCaseExecutor.doExecute(TestCaseExecutor.java:433)
	at com.kms.katalon.core.main.TestCaseExecutor.processExecutionPhase(TestCaseExecutor.java:412)
	at com.kms.katalon.core.main.TestCaseExecutor.accessMainPhase(TestCaseExecutor.java:404)
	at com.kms.katalon.core.main.TestCaseExecutor.execute(TestCaseExecutor.java:281)
	at com.kms.katalon.core.main.TestSuiteExecutor.accessTestCaseMainPhase(TestSuiteExecutor.java:202)
	at com.kms.katalon.core.main.TestSuiteExecutor.accessTestSuiteMainPhase(TestSuiteExecutor.java:164)
	at com.kms.katalon.core.main.TestSuiteExecutor.execute(TestSuiteExecutor.java:105)
	at com.kms.katalon.core.main.TestCaseMain.startTestSuite(TestCaseMain.java:181)
	at com.kms.katalon.core.main.TestCaseMain$startTestSuite$0.call(Unknown Source)
	at TempTestSuite1642352008938.run(TempTestSuite1642352008938.groovy:36)
Caused by: com.kms.katalon.core.webui.exception.WebElementNotFoundException: Web element with id: 'Object Repository/Page_Math/input_No enrolment key required_submitbutton' located by '//input[@id='id_submitbutton']' not found
	at com.kms.katalon.core.webui.common.WebUiCommonHelper.findWebElement(WebUiCommonHelper.java:1368)
	at com.kms.katalon.core.webui.keyword.internal.WebUIAbstractKeyword.findWebElement(WebUIAbstractKeyword.groovy:27)
	at com.kms.katalon.core.webui.keyword.builtin.ClickKeyword$_click_closure1.doCall(ClickKeyword.groovy:65)
	at com.kms.katalon.core.webui.keyword.builtin.ClickKeyword$_click_closure1.call(ClickKeyword.groovy)
	at com.kms.katalon.core.webui.keyword.internal.WebUIKeywordMain.runKeyword(WebUIKeywordMain.groovy:20)
	... 19 more]]></system-err>
   </testsuite>
</testsuites>
